<?xml version="1.0" encoding="UTF-8" ?>
<testsuite tests="32" failures="0" name="be.unamur.info.b314.compiler.main.B314functionsSyntaxTest" time="0.868" errors="0" skipped="0">
  <properties>
    <property name="java.runtime.name" value="Java(TM) SE Runtime Environment"/>
    <property name="sun.boot.library.path" value="C:\Program Files\Java\jdk1.8.0_60\jre\bin"/>
    <property name="java.vm.version" value="25.60-b23"/>
    <property name="java.vm.vendor" value="Oracle Corporation"/>
    <property name="java.vendor.url" value="http://java.oracle.com/"/>
    <property name="path.separator" value=";"/>
    <property name="guice.disable.misplaced.annotation.check" value="true"/>
    <property name="java.vm.name" value="Java HotSpot(TM) 64-Bit Server VM"/>
    <property name="file.encoding.pkg" value="sun.io"/>
    <property name="user.script" value=""/>
    <property name="user.country" value="FR"/>
    <property name="sun.java.launcher" value="SUN_STANDARD"/>
    <property name="sun.os.patch.level" value=""/>
    <property name="java.vm.specification.name" value="Java Virtual Machine Specification"/>
    <property name="user.dir" value="C:\Users\Nathalie Masudi\Documents\b314-Jour-MonkeyIsland"/>
    <property name="java.runtime.version" value="1.8.0_60-b27"/>
    <property name="java.awt.graphicsenv" value="sun.awt.Win32GraphicsEnvironment"/>
    <property name="java.endorsed.dirs" value="C:\Program Files\Java\jdk1.8.0_60\jre\lib\endorsed"/>
    <property name="os.arch" value="amd64"/>
    <property name="java.io.tmpdir" value="C:\Users\NATHAL~1\AppData\Local\Temp\"/>
    <property name="line.separator" value="
"/>
    <property name="java.vm.specification.vendor" value="Oracle Corporation"/>
    <property name="user.variant" value=""/>
    <property name="os.name" value="Windows 7"/>
    <property name="maven.ext.class.path" value="C:\Program Files\NetBeans 8.1\java\maven-nblib\netbeans-eventspy.jar"/>
    <property name="classworlds.conf" value="C:\Program Files\NetBeans 8.1\java\maven\bin\m2.conf"/>
    <property name="sun.jnu.encoding" value="Cp1252"/>
    <property name="java.library.path" value="C:\Program Files\Java\jdk1.8.0_60\bin;C:\Windows\Sun\Java\bin;C:\Windows\system32;C:\Windows;C:\ProgramData\Oracle\Java\javapath;c:\Program Files (x86)\AMD APP\bin\x86_64;c:\Program Files (x86)\AMD APP\bin\x86;C:\Windows\system32;C:\Windows;C:\Windows\System32\Wbem;C:\Windows\System32\WindowsPowerShell\v1.0\;C:\Program Files\7-Zip;C:\Program Files\Java\jdk1.8.0_60\bin;C:\Program Files\PuTTY\;C:\Program Files\apache-maven-3.3.9\bin;C:\Program Files\Java\jdk1.8.0_60;."/>
    <property name="java.specification.name" value="Java Platform API Specification"/>
    <property name="java.class.version" value="52.0"/>
    <property name="sun.management.compiler" value="HotSpot 64-Bit Tiered Compilers"/>
    <property name="os.version" value="6.1"/>
    <property name="user.home" value="C:\Users\Nathalie Masudi"/>
    <property name="user.timezone" value="Europe/Paris"/>
    <property name="java.awt.printerjob" value="sun.awt.windows.WPrinterJob"/>
    <property name="java.specification.version" value="1.8"/>
    <property name="file.encoding" value="UTF-8"/>
    <property name="user.name" value="Nathalie Masudi"/>
    <property name="java.class.path" value="C:\Program Files\NetBeans 8.1\java\maven\boot\plexus-classworlds-2.4.jar"/>
    <property name="java.vm.specification.version" value="1.8"/>
    <property name="sun.arch.data.model" value="64"/>
    <property name="java.home" value="C:\Program Files\Java\jdk1.8.0_60\jre"/>
    <property name="sun.java.command" value="org.codehaus.plexus.classworlds.launcher.Launcher -Dmaven.ext.class.path=C:\Program Files\NetBeans 8.1\java\maven-nblib\netbeans-eventspy.jar -Dfile.encoding=UTF-8 clean install"/>
    <property name="java.specification.vendor" value="Oracle Corporation"/>
    <property name="user.language" value="fr"/>
    <property name="awt.toolkit" value="sun.awt.windows.WToolkit"/>
    <property name="java.vm.info" value="mixed mode"/>
    <property name="java.version" value="1.8.0_60"/>
    <property name="java.ext.dirs" value="C:\Program Files\Java\jdk1.8.0_60\jre\lib\ext;C:\Windows\Sun\Java\lib\ext"/>
    <property name="sun.boot.class.path" value="C:\Program Files\Java\jdk1.8.0_60\jre\lib\resources.jar;C:\Program Files\Java\jdk1.8.0_60\jre\lib\rt.jar;C:\Program Files\Java\jdk1.8.0_60\jre\lib\sunrsasign.jar;C:\Program Files\Java\jdk1.8.0_60\jre\lib\jsse.jar;C:\Program Files\Java\jdk1.8.0_60\jre\lib\jce.jar;C:\Program Files\Java\jdk1.8.0_60\jre\lib\charsets.jar;C:\Program Files\Java\jdk1.8.0_60\jre\lib\jfr.jar;C:\Program Files\Java\jdk1.8.0_60\jre\classes"/>
    <property name="java.vendor" value="Oracle Corporation"/>
    <property name="maven.home" value="C:\Program Files\NetBeans 8.1\java\maven"/>
    <property name="file.separator" value="\"/>
    <property name="java.vendor.url.bug" value="http://bugreport.sun.com/bugreport/"/>
    <property name="sun.cpu.endian" value="little"/>
    <property name="sun.io.unicode.encoding" value="UnicodeLittle"/>
    <property name="sun.desktop" value="windows"/>
    <property name="sun.cpu.isalist" value="amd64"/>
  </properties>
  <testcase classname="be.unamur.info.b314.compiler.main.B314functionsSyntaxTest" name="testfunctions_multiple_global_vars_and_functions_with_parameters_and_instructions_no_local_var_ok" time="0.008"/>
  <testcase classname="be.unamur.info.b314.compiler.main.B314functionsSyntaxTest" name="testfunctions_multiple_global_vars_and_functions_with_parameters_no_local_var_ok" time="0"/>
  <testcase classname="be.unamur.info.b314.compiler.main.B314functionsSyntaxTest" name="testfunctions_multiple_global_vars_and_functions_with_parameters_and_instructions_using_global_vars_no_local_var_ok" time="0.013"/>
  <testcase classname="be.unamur.info.b314.compiler.main.B314functionsSyntaxTest" name="testfunctions_one_void_function_no_body_no_local_var_ko" time="0.008"/>
  <testcase classname="be.unamur.info.b314.compiler.main.B314functionsSyntaxTest" name="testfunctions_multiple_global_vars_and_functions_with_parameters_and_wrongly_typed_instructions_no_local_var_ko" time="0.012"/>
  <testcase classname="be.unamur.info.b314.compiler.main.B314functionsSyntaxTest" name="testfunctions_multiple_global_vars_and_functions_with_parameters_with_same_name_as_function_ko" time="0.008"/>
  <testcase classname="be.unamur.info.b314.compiler.main.B314functionsSyntaxTest" name="testfunctions_multiple_global_vars_and_functions_with_parameters_calling_other_functions_ok" time="0.01"/>
  <testcase classname="be.unamur.info.b314.compiler.main.B314functionsSyntaxTest" name="testfunctions_one_square_function_no_local_var_ok" time="0.007"/>
  <testcase classname="be.unamur.info.b314.compiler.main.B314functionsSyntaxTest" name="testfunctions_multiple_global_vars_and_functions_no_local_var_ok" time="0.004"/>
  <testcase classname="be.unamur.info.b314.compiler.main.B314functionsSyntaxTest" name="testfunctions_multiple_global_vars_and_functions_with_parameters_call_from_when_ok" time="0.012"/>
  <testcase classname="be.unamur.info.b314.compiler.main.B314functionsSyntaxTest" name="testfunctions_wrong_type_in_parameters_when_calling_function_ko" time="0.009"/>
  <testcase classname="be.unamur.info.b314.compiler.main.B314functionsSyntaxTest" name="testfunctions_wrong_type_in_expression_with_function_call_ko" time="0.014"/>
  <testcase classname="be.unamur.info.b314.compiler.main.B314functionsSyntaxTest" name="testfunctions_multiple_global_vars_and_functions_with_parameters_array_in_parameters_ko" time="0.017"/>
  <testcase classname="be.unamur.info.b314.compiler.main.B314functionsSyntaxTest" name="testfunctions_wrong_type_is_return_3_ko" time="0.031"/>
  <testcase classname="be.unamur.info.b314.compiler.main.B314functionsSyntaxTest" name="testfunctions_multiple_global_vars_and_functions_with_parameters_with_parameter_list_ending_by_comma_ko" time="0.01"/>
  <testcase classname="be.unamur.info.b314.compiler.main.B314functionsSyntaxTest" name="testfunctions_calling_undeclared_function_ko" time="0.017"/>
  <testcase classname="be.unamur.info.b314.compiler.main.B314functionsSyntaxTest" name="testfunctions_multiple_global_vars_and_functions_with_same_name_no_local_var_ko" time="0.019"/>
  <testcase classname="be.unamur.info.b314.compiler.main.B314functionsSyntaxTest" name="testfunctions_multiple_functions_with_same_name_no_local_var_ko" time="0.017"/>
  <testcase classname="be.unamur.info.b314.compiler.main.B314functionsSyntaxTest" name="testfunctions_one_array_function_no_local_var_ko" time="0.013"/>
  <testcase classname="be.unamur.info.b314.compiler.main.B314functionsSyntaxTest" name="testfunctions_multiple_global_vars_and_functions_with_parameters_and_instructions_using_global_vars_wrong_type_expression_no_local_var_ko" time="0.01"/>
  <testcase classname="be.unamur.info.b314.compiler.main.B314functionsSyntaxTest" name="testfunctions_one_void_function_at_least_one_instruction_no_local_var_ko" time="0.013"/>
  <testcase classname="be.unamur.info.b314.compiler.main.B314functionsSyntaxTest" name="testfunctions_factorial_ok" time="0.001"/>
  <testcase classname="be.unamur.info.b314.compiler.main.B314functionsSyntaxTest" name="testfunctions_wrong_type_in_return_1_ko" time="0.522"/>
  <testcase classname="be.unamur.info.b314.compiler.main.B314functionsSyntaxTest" name="testfunctions_wrong_type_in_return_2_ko" time="0.008"/>
  <testcase classname="be.unamur.info.b314.compiler.main.B314functionsSyntaxTest" name="testfunctions_one_boolean_function_no_local_var_ok" time="0"/>
  <testcase classname="be.unamur.info.b314.compiler.main.B314functionsSyntaxTest" name="testfunctions_one_void_function_no_local_var_ok" time="0.038"/>
  <testcase classname="be.unamur.info.b314.compiler.main.B314functionsSyntaxTest" name="testfunctions_one_int_function_no_local_var_ok" time="0"/>
  <testcase classname="be.unamur.info.b314.compiler.main.B314functionsSyntaxTest" name="testfunctions_multiple_functions_no_local_var_ok" time="0.003"/>
  <testcase classname="be.unamur.info.b314.compiler.main.B314functionsSyntaxTest" name="testfunctions_multiple_global_vars_and_functions_with_parameters_with_same_name_ko" time="0.012"/>
  <testcase classname="be.unamur.info.b314.compiler.main.B314functionsSyntaxTest" name="testfunctions_wrong_number_of_parameters_when_calling_function_1_ko" time="0.012"/>
  <testcase classname="be.unamur.info.b314.compiler.main.B314functionsSyntaxTest" name="testfunctions_wrong_number_of_parameters_when_calling_function_2_ko" time="0.009"/>
  <testcase classname="be.unamur.info.b314.compiler.main.B314functionsSyntaxTest" name="testfunctions_multiple_global_vars_and_functions_with_parameters_same_name_different_signatures_ko" time="0.008"/>
</testsuite>