<?xml version="1.0" encoding="UTF-8" ?>
<testsuite tests="18" failures="12" name="be.unamur.info.b314.compiler.main.B314localvariabledeclSyntaxTest" time="0.151" errors="0" skipped="0">
  <properties>
    <property name="java.runtime.name" value="Java(TM) SE Runtime Environment"/>
    <property name="sun.boot.library.path" value="C:\Program Files\Java\jdk1.8.0_91\jre\bin"/>
    <property name="java.vm.version" value="25.91-b14"/>
    <property name="java.vm.vendor" value="Oracle Corporation"/>
    <property name="java.vendor.url" value="http://java.oracle.com/"/>
    <property name="path.separator" value=";"/>
    <property name="guice.disable.misplaced.annotation.check" value="true"/>
    <property name="java.vm.name" value="Java HotSpot(TM) 64-Bit Server VM"/>
    <property name="file.encoding.pkg" value="sun.io"/>
    <property name="user.script" value=""/>
    <property name="user.country" value="BE"/>
    <property name="sun.java.launcher" value="SUN_STANDARD"/>
    <property name="sun.os.patch.level" value=""/>
    <property name="java.vm.specification.name" value="Java Virtual Machine Specification"/>
    <property name="user.dir" value="C:\Users\jessi\Documents\b314-Jour-MonkeyIsland"/>
    <property name="java.runtime.version" value="1.8.0_91-b14"/>
    <property name="java.awt.graphicsenv" value="sun.awt.Win32GraphicsEnvironment"/>
    <property name="java.endorsed.dirs" value="C:\Program Files\Java\jdk1.8.0_91\jre\lib\endorsed"/>
    <property name="os.arch" value="amd64"/>
    <property name="java.io.tmpdir" value="C:\Users\jessi\AppData\Local\Temp\"/>
    <property name="line.separator" value="
"/>
    <property name="java.vm.specification.vendor" value="Oracle Corporation"/>
    <property name="user.variant" value=""/>
    <property name="os.name" value="Windows 10"/>
    <property name="maven.ext.class.path" value="C:\Program Files\NetBeans 8.2\java\maven-nblib\netbeans-eventspy.jar"/>
    <property name="classworlds.conf" value="C:\Program Files\NetBeans 8.2\java\maven\bin\m2.conf"/>
    <property name="sun.jnu.encoding" value="Cp1252"/>
    <property name="java.library.path" value="C:\Program Files\Java\jdk1.8.0_91\bin;C:\WINDOWS\Sun\Java\bin;C:\WINDOWS\system32;C:\WINDOWS;C:\ProgramData\Oracle\Java\javapath;C:\Program Files (x86)\Haskell\bin;C:\Program Files (x86)\Haskell Platform\8.0.1\lib\extralibs\bin;C:\Program Files (x86)\Haskell Platform\8.0.1\bin;C:\Program Files (x86)\Intel\iCLS Client\;C:\Program Files\Intel\iCLS Client\;C:\Windows\system32;C:\Windows;C:\Windows\System32\Wbem;C:\Windows\System32\WindowsPowerShell\v1.0\;C:\Program Files (x86)\NVIDIA Corporation\PhysX\Common;C:\Program Files (x86)\Intel\Intel(R) Management Engine Components\DAL;C:\Program Files\Intel\Intel(R) Management Engine Components\DAL;C:\Program Files (x86)\Intel\Intel(R) Management Engine Components\IPT;C:\Program Files\Intel\Intel(R) Management Engine Components\IPT;C:\WINDOWS\system32;C:\WINDOWS;C:\WINDOWS\System32\Wbem;C:\WINDOWS\System32\WindowsPowerShell\v1.0\;C:\Program Files (x86)\Haskell Platform\8.0.1\mingw\bin;C:\Program Files\Java\jdk1.8.0_91\bin;C:\Program Files\Java\jre1.8.0_91\bin;C:\Program Files (x86)\GtkSharp\2.12\bin;C:\Program Files\OpenVPN\bin;C:\Program Files\Git\cmd;C:\Program Files (x86)\scala\bin;C:\Program Files (x86)\Skype\Phone\;C:\Program Files\Intel\WiFi\bin\;C:\Program Files\Common Files\Intel\WirelessCommon\;C:\Users\jessi\AppData\Roaming\cabal\bin;C:\Users\jessi\AppData\Local\Microsoft\WindowsApps;;C:\Program Files (x86)\SSH Communications Security\SSH Secure Shell;."/>
    <property name="java.specification.name" value="Java Platform API Specification"/>
    <property name="java.class.version" value="52.0"/>
    <property name="sun.management.compiler" value="HotSpot 64-Bit Tiered Compilers"/>
    <property name="os.version" value="10.0"/>
    <property name="user.home" value="C:\Users\jessi"/>
    <property name="user.timezone" value="Europe/Paris"/>
    <property name="java.awt.printerjob" value="sun.awt.windows.WPrinterJob"/>
    <property name="java.specification.version" value="1.8"/>
    <property name="file.encoding" value="UTF-8"/>
    <property name="user.name" value="jessi"/>
    <property name="java.class.path" value="C:\Program Files\NetBeans 8.2\java\maven\boot\plexus-classworlds-2.4.jar"/>
    <property name="java.vm.specification.version" value="1.8"/>
    <property name="sun.arch.data.model" value="64"/>
    <property name="java.home" value="C:\Program Files\Java\jdk1.8.0_91\jre"/>
    <property name="sun.java.command" value="org.codehaus.plexus.classworlds.launcher.Launcher -Dmaven.ext.class.path=C:\Program Files\NetBeans 8.2\java\maven-nblib\netbeans-eventspy.jar -Dfile.encoding=UTF-8 clean install"/>
    <property name="java.specification.vendor" value="Oracle Corporation"/>
    <property name="user.language" value="fr"/>
    <property name="awt.toolkit" value="sun.awt.windows.WToolkit"/>
    <property name="java.vm.info" value="mixed mode"/>
    <property name="java.version" value="1.8.0_91"/>
    <property name="java.ext.dirs" value="C:\Program Files\Java\jdk1.8.0_91\jre\lib\ext;C:\WINDOWS\Sun\Java\lib\ext"/>
    <property name="sun.boot.class.path" value="C:\Program Files\Java\jdk1.8.0_91\jre\lib\resources.jar;C:\Program Files\Java\jdk1.8.0_91\jre\lib\rt.jar;C:\Program Files\Java\jdk1.8.0_91\jre\lib\sunrsasign.jar;C:\Program Files\Java\jdk1.8.0_91\jre\lib\jsse.jar;C:\Program Files\Java\jdk1.8.0_91\jre\lib\jce.jar;C:\Program Files\Java\jdk1.8.0_91\jre\lib\charsets.jar;C:\Program Files\Java\jdk1.8.0_91\jre\lib\jfr.jar;C:\Program Files\Java\jdk1.8.0_91\jre\classes"/>
    <property name="java.vendor" value="Oracle Corporation"/>
    <property name="maven.home" value="C:\Program Files\NetBeans 8.2\java\maven"/>
    <property name="file.separator" value="\"/>
    <property name="java.vendor.url.bug" value="http://bugreport.sun.com/bugreport/"/>
    <property name="sun.cpu.endian" value="little"/>
    <property name="sun.io.unicode.encoding" value="UnicodeLittle"/>
    <property name="sun.desktop" value="windows"/>
    <property name="sun.cpu.isalist" value="amd64"/>
  </properties>
  <testcase classname="be.unamur.info.b314.compiler.main.B314localvariabledeclSyntaxTest" name="testlocalvariabledecl_mixing_ok" time="0.021">
    <failure message="localvariabledecl: mixing
Expected: a string ending with &quot;OK\r\n&quot;
     but: was &quot;KO
&quot;" type="java.lang.AssertionError">java.lang.AssertionError: localvariabledecl: mixing
Expected: a string ending with &quot;OK\r\n&quot;
     but: was &quot;KO
&quot;
	at org.hamcrest.MatcherAssert.assertThat(MatcherAssert.java:20)
	at org.junit.Assert.assertThat(Assert.java:956)
	at be.unamur.info.b314.compiler.main.CompilerTestHelper.launchCompilation(CompilerTestHelper.java:42)
	at be.unamur.info.b314.compiler.main.B314localvariabledeclSyntaxTest.testlocalvariabledecl_mixing_ok(B314localvariabledeclSyntaxTest.java:59)
	at sun.reflect.NativeMethodAccessorImpl.invoke0(Native Method)
	at sun.reflect.NativeMethodAccessorImpl.invoke(NativeMethodAccessorImpl.java:62)
	at sun.reflect.DelegatingMethodAccessorImpl.invoke(DelegatingMethodAccessorImpl.java:43)
	at java.lang.reflect.Method.invoke(Method.java:498)
	at org.junit.runners.model.FrameworkMethod$1.runReflectiveCall(FrameworkMethod.java:50)
	at org.junit.internal.runners.model.ReflectiveCallable.run(ReflectiveCallable.java:12)
	at org.junit.runners.model.FrameworkMethod.invokeExplosively(FrameworkMethod.java:47)
	at org.junit.internal.runners.statements.InvokeMethod.evaluate(InvokeMethod.java:17)
	at org.junit.rules.ExternalResource$1.evaluate(ExternalResource.java:48)
	at org.junit.rules.TestWatcher$1.evaluate(TestWatcher.java:55)
	at org.junit.rules.RunRules.evaluate(RunRules.java:20)
	at org.junit.runners.ParentRunner.runLeaf(ParentRunner.java:325)
	at org.junit.runners.BlockJUnit4ClassRunner.runChild(BlockJUnit4ClassRunner.java:78)
	at org.junit.runners.BlockJUnit4ClassRunner.runChild(BlockJUnit4ClassRunner.java:57)
	at org.junit.runners.ParentRunner$3.run(ParentRunner.java:290)
	at org.junit.runners.ParentRunner$1.schedule(ParentRunner.java:71)
	at org.junit.runners.ParentRunner.runChildren(ParentRunner.java:288)
	at org.junit.runners.ParentRunner.access$000(ParentRunner.java:58)
	at org.junit.runners.ParentRunner$2.evaluate(ParentRunner.java:268)
	at org.junit.runners.ParentRunner.run(ParentRunner.java:363)
	at org.apache.maven.surefire.junit4.JUnit4TestSet.execute(JUnit4TestSet.java:53)
	at org.apache.maven.surefire.junit4.JUnit4Provider.executeTestSet(JUnit4Provider.java:123)
	at org.apache.maven.surefire.junit4.JUnit4Provider.invoke(JUnit4Provider.java:104)
	at sun.reflect.NativeMethodAccessorImpl.invoke0(Native Method)
	at sun.reflect.NativeMethodAccessorImpl.invoke(NativeMethodAccessorImpl.java:62)
	at sun.reflect.DelegatingMethodAccessorImpl.invoke(DelegatingMethodAccessorImpl.java:43)
	at java.lang.reflect.Method.invoke(Method.java:498)
	at org.apache.maven.surefire.util.ReflectionUtils.invokeMethodWithArray(ReflectionUtils.java:164)
	at org.apache.maven.surefire.booter.ProviderFactory$ProviderProxy.invoke(ProviderFactory.java:110)
	at org.apache.maven.surefire.booter.SurefireStarter.invokeProvider(SurefireStarter.java:175)
	at org.apache.maven.surefire.booter.SurefireStarter.runSuitesInProcessWhenForked(SurefireStarter.java:107)
	at org.apache.maven.surefire.booter.ForkedBooter.main(ForkedBooter.java:68)
</failure>
    <system-out>14:06:37.995 [main] INFO  - Starting test: testlocalvariabledecl_mixing_ok()...
org.apache.commons.cli.CommandLine@62b3df3a
14:06:37.997 [main] DEBUG - Initialisation
14:06:37.997 [main] DEBUG - Input file set to C:\Users\jessi\Documents\b314-Jour-MonkeyIsland\target\test-classes\syntax\localvariabledecl\ok\mixing.b314
14:06:37.997 [main] DEBUG - Output file set to C:\Users\jessi\AppData\Local\Temp\junit4159936111529165113\junit4520606930512422943.tmp
14:06:37.997 [main] DEBUG - Initialisation: done
jessica1
14:06:37.998 [main] DEBUG - Parsing input
/* My comments */ 
declare and retain 
	b1 as boolean;
	b2 as boolean;
    i1 as integer; 
    i2 as integer;
    i3 as integer;
    s1 as square;
    s2 as square;
    v1 as boolean[5, 7];
    v2 as integer[42];

    fct1 as function():square
    	do
    		skip
    	done 

    fct2 as function(x as integer, y as boolean):integer
    	declare local
    		loc1 as integer;
    		loc2 as boolean;
    		loc3 as square;
    		loc4 as integer[5];
    		b1 as integer;
    		s1 as boolean;
    	do
    		compute s1 and b1 = 42 or loc2
    	done 

    fct3 as function():boolean
    	declare local
    		loc1 as integer;
    		loc2 as boolean;
    		loc3 as square;
    		loc4 as integer[5];
    	do
    		skip
    	done 

    fct4 as function():square
    	declare local
    		loc1 as integer;
    		loc2 as boolean;
    		loc3 as square;
    		loc4 as integer[5];
    	do
    		compute loc1 + 2 - loc4[0 + 1 - i1] = 5 and not loc2 or loc3 = dirt
    	done 

    fct5 as function(x as integer, y as boolean, z as square):integer
    	declare local
    		loc1 as integer;
    		loc2 as boolean;
    		loc3 as square;
    		loc4 as integer[5];
    		v1 as integer[42];
    	do
    		set v1[0] to 42
    	done 
    	
when your turn 

	when true and b1 or v1[0, i1 + 2 * 5] do
		if b1 and i1 = 2 then
			while i1 &lt; i3 do
				set i2 to i1 + 1
			done
		else
			if s1 = ammo then
				next do nothing
			done
		done
	done 

	when v1[0, i2 + 2] 
	declare local
		loc1 as integer;
		loc2 as boolean;
		loc3 as square;
		loc4 as integer[5];
		v1 as integer[42];
	do
		set v1[0] to 42
	done

	when not graal is north and i2 &gt; 5 and v2[4] &lt; 42 or s1 = dirt 
	declare local
		loc1 as integer;
		loc2 as boolean;
		loc3 as square;
		loc4 as integer[5];
	do
    	compute fct1()
    	set s1 to fct1()
    	if fct5(i1 + 2, s2 = ammo, ennemi) &gt; 2 then
    		skip
    	done
    	while fct3() do
    		skip
    	done
    	next move west
	done
	
	when true and false and not b1 and s1 = dirt
	declare local
		loc1 as integer;
		loc2 as boolean;
		loc3 as square;
		loc4 as integer[5];
		b1 as integer;
		s1 as boolean;
    do
	    compute loc1 + 2 - loc4[0 + 1 - i1] = 5 and not loc2 or loc3 = dirt
    done
    
    by default 
	declare local
		loc1 as integer;
		loc2 as boolean;
		loc3 as square;
		loc4 as integer[5];
		b1 as integer;
		s1 as boolean;
	do 
		compute s1 and b1 = 42 or loc2 
	done&amp;#0;&amp;#0;&amp;#0;&amp;#0;&amp;#0;&amp;#0;&amp;#0;&amp;#0;&amp;#0;&amp;#0;&amp;#0;&amp;#0;&amp;#0;&amp;#0;&amp;#0;&amp;#0;&amp;#0;&amp;#0;&amp;#0;&amp;#0;&amp;#0;&amp;#0;&amp;#0;&amp;#0;&amp;#0;&amp;#0;&amp;#0;&amp;#0;&amp;#0;&amp;#0;&amp;#0;&amp;#0;&amp;#0;&amp;#0;&amp;#0;&amp;#0;&amp;#0;&amp;#0;&amp;#0;&amp;#0;&amp;#0;&amp;#0;&amp;#0;&amp;#0;&amp;#0;&amp;#0;&amp;#0;&amp;#0;&amp;#0;&amp;#0;&amp;#0;&amp;#0;&amp;#0;&amp;#0;&amp;#0;&amp;#0;&amp;#0;&amp;#0;&amp;#0;&amp;#0;&amp;#0;&amp;#0;&amp;#0;&amp;#0;&amp;#0;&amp;#0;&amp;#0;&amp;#0;&amp;#0;&amp;#0;&amp;#0;&amp;#0;&amp;#0;&amp;#0;&amp;#0;&amp;#0;&amp;#0;&amp;#0;&amp;#0;&amp;#0;&amp;#0;&amp;#0;&amp;#0;&amp;#0;&amp;#0;&amp;#0;&amp;#0;&amp;#0;&amp;#0;&amp;#0;&amp;#0;&amp;#0;&amp;#0;&amp;#0;&amp;#0;&amp;#0;&amp;#0;&amp;#0;&amp;#0;&amp;#0;&amp;#0;&amp;#0;&amp;#0;&amp;#0;&amp;#0;&amp;#0;&amp;#0;&amp;#0;&amp;#0;&amp;#0;&amp;#0;&amp;#0;&amp;#0;&amp;#0;&amp;#0;&amp;#0;&amp;#0;&amp;#0;&amp;#0;&amp;#0;&amp;#0;&amp;#0;&amp;#0;&amp;#0;&amp;#0;&amp;#0;&amp;#0;&amp;#0;&amp;#0;&amp;#0;&amp;#0;&amp;#0;&amp;#0;&amp;#0;&amp;#0;&amp;#0;&amp;#0;&amp;#0;&amp;#0;&amp;#0;&amp;#0;&amp;#0;&amp;#0;&amp;#0;&amp;#0;&amp;#0;&amp;#0;&amp;#0;&amp;#0;&amp;#0;&amp;#0;&amp;#0;&amp;#0;&amp;#0;&amp;#0;&amp;#0;&amp;#0;&amp;#0;&amp;#0;&amp;#0;&amp;#0;&amp;#0;&amp;#0;&amp;#0;&amp;#0;&amp;#0;&amp;#0;&amp;#0;&amp;#0;&amp;#0;&amp;#0;&amp;#0;&amp;#0;&amp;#0;&amp;#0;&amp;#0;&amp;#0;&amp;#0;&amp;#0;&amp;#0;&amp;#0;&amp;#0;&amp;#0;&amp;#0;&amp;#0;&amp;#0;&amp;#0;&amp;#0;&amp;#0;&amp;#0;&amp;#0;&amp;#0;&amp;#0;&amp;#0;&amp;#0;&amp;#0;&amp;#0;&amp;#0;&amp;#0;&amp;#0;&amp;#0;&amp;#0;&amp;#0;&amp;#0;&amp;#0;&amp;#0;&amp;#0;&amp;#0;&amp;#0;&amp;#0;&amp;#0;&amp;#0;&amp;#0;&amp;#0;&amp;#0;&amp;#0;&amp;#0;&amp;#0;&amp;#0;&amp;#0;&amp;#0;&amp;#0;&amp;#0;&amp;#0;&amp;#0;&amp;#0;&amp;#0;&amp;#0;&amp;#0;&amp;#0;&amp;#0;&amp;#0;&amp;#0;&amp;#0;&amp;#0;&amp;#0;&amp;#0;&amp;#0;&amp;#0;&amp;#0;&amp;#0;&amp;#0;&amp;#0;&amp;#0;&amp;#0;&amp;#0;&amp;#0;&amp;#0;&amp;#0;&amp;#0;&amp;#0;&amp;#0;&amp;#0;&amp;#0;&amp;#0;&amp;#0;&amp;#0;&amp;#0;&amp;#0;&amp;#0;&amp;#0;&amp;#0;&amp;#0;&amp;#0;&amp;#0;&amp;#0;&amp;#0;&amp;#0;&amp;#0;&amp;#0;&amp;#0;&amp;#0;&amp;#0;&amp;#0;&amp;#0;&amp;#0;&amp;#0;&amp;#0;&amp;#0;&amp;#0;&amp;#0;&amp;#0;&amp;#0;&amp;#0;&amp;#0;&amp;#0;&amp;#0;&amp;#0;&amp;#0;&amp;#0;&amp;#0;&amp;#0;&amp;#0;&amp;#0;&amp;#0;&amp;#0;&amp;#0;&amp;#0;&amp;#0;&amp;#0;&amp;#0;&amp;#0;&amp;#0;&amp;#0;&amp;#0;&amp;#0;&amp;#0;&amp;#0;&amp;#0;&amp;#0;&amp;#0;&amp;#0;&amp;#0;&amp;#0;&amp;#0;&amp;#0;&amp;#0;&amp;#0;&amp;#0;&amp;#0;&amp;#0;&amp;#0;&amp;#0;&amp;#0;&amp;#0;&amp;#0;&amp;#0;&amp;#0;&amp;#0;&amp;#0;&amp;#0;&amp;#0;&amp;#0;&amp;#0;&amp;#0;&amp;#0;&amp;#0;&amp;#0;&amp;#0;&amp;#0;&amp;#0;&amp;#0;&amp;#0;&amp;#0;&amp;#0;&amp;#0;&amp;#0;&amp;#0;&amp;#0;&amp;#0;&amp;#0;&amp;#0;&amp;#0;&amp;#0;&amp;#0;&amp;#0;&amp;#0;&amp;#0;&amp;#0;&amp;#0;&amp;#0;&amp;#0;&amp;#0;&amp;#0;&amp;#0;&amp;#0;&amp;#0;&amp;#0;&amp;#0;&amp;#0;&amp;#0;&amp;#0;&amp;#0;&amp;#0;&amp;#0;&amp;#0;&amp;#0;&amp;#0;&amp;#0;&amp;#0;&amp;#0;&amp;#0;&amp;#0;&amp;#0;&amp;#0;&amp;#0;&amp;#0;&amp;#0;&amp;#0;&amp;#0;&amp;#0;&amp;#0;&amp;#0;&amp;#0;&amp;#0;&amp;#0;&amp;#0;&amp;#0;&amp;#0;&amp;#0;&amp;#0;&amp;#0;&amp;#0;&amp;#0;&amp;#0;&amp;#0;&amp;#0;&amp;#0;&amp;#0;&amp;#0;&amp;#0;&amp;#0;&amp;#0;&amp;#0;&amp;#0;&amp;#0;&amp;#0;&amp;#0;&amp;#0;&amp;#0;&amp;#0;&amp;#0;&amp;#0;&amp;#0;&amp;#0;&amp;#0;&amp;#0;&amp;#0;&amp;#0;&amp;#0;&amp;#0;&amp;#0;&amp;#0;&amp;#0;&amp;#0;&amp;#0;&amp;#0;&amp;#0;&amp;#0;&amp;#0;&amp;#0;&amp;#0;&amp;#0;&amp;#0;&amp;#0;&amp;#0;&amp;#0;&amp;#0;&amp;#0;&amp;#0;&amp;#0;&amp;#0;&amp;#0;&amp;#0;&amp;#0;&amp;#0;&amp;#0;&amp;#0;&amp;#0;&amp;#0;&amp;#0;&amp;#0;&amp;#0;&amp;#0;&amp;#0;&amp;#0;&amp;#0;&amp;#0;&amp;#0;&amp;#0;&amp;#0;&amp;#0;&amp;#0;&amp;#0;&amp;#0;&amp;#0;&amp;#0;&amp;#0;&amp;#0;&amp;#0;&amp;#0;&amp;#0;&amp;#0;&amp;#0;&amp;#0;&amp;#0;&amp;#0;&amp;#0;&amp;#0;&amp;#0;&amp;#0;&amp;#0;&amp;#0;&amp;#0;&amp;#0;&amp;#0;&amp;#0;&amp;#0;&amp;#0;&amp;#0;&amp;#0;&amp;#0;&amp;#0;&amp;#0;&amp;#0;&amp;#0;&amp;#0;&amp;#0;&amp;#0;&amp;#0;&amp;#0;&amp;#0;&amp;#0;&amp;#0;&amp;#0;&amp;#0;&amp;#0;&amp;#0;&amp;#0;&amp;#0;&amp;#0;&amp;#0;&amp;#0;&amp;#0;&amp;#0;&amp;#0;&amp;#0;&amp;#0;&amp;#0;&amp;#0;&amp;#0;&amp;#0;&amp;#0;&amp;#0;&amp;#0;&amp;#0;&amp;#0;&amp;#0;&amp;#0;&amp;#0;&amp;#0;&amp;#0;&amp;#0;&amp;#0;&amp;#0;&amp;#0;&amp;#0;&amp;#0;&amp;#0;&amp;#0;&amp;#0;&amp;#0;&amp;#0;&amp;#0;&amp;#0;&amp;#0;&amp;#0;&amp;#0;&amp;#0;&amp;#0;&amp;#0;&amp;#0;&amp;#0;&amp;#0;&amp;#0;&amp;#0;&amp;#0;&amp;#0;&amp;#0;&amp;#0;&amp;#0;&amp;#0;&amp;#0;&amp;#0;&amp;#0;&amp;#0;&amp;#0;&amp;#0;&amp;#0;&amp;#0;&amp;#0;&amp;#0;&amp;#0;&amp;#0;&amp;#0;&amp;#0;&amp;#0;&amp;#0;&amp;#0;&amp;#0;&amp;#0;&amp;#0;&amp;#0;&amp;#0;&amp;#0;&amp;#0;&amp;#0;&amp;#0;&amp;#0;&amp;#0;&amp;#0;&amp;#0;&amp;#0;&amp;#0;&amp;#0;&amp;#0;&amp;#0;&amp;#0;&amp;#0;&amp;#0;&amp;#0;&amp;#0;&amp;#0;&amp;#0;&amp;#0;&amp;#0;&amp;#0;&amp;#0;&amp;#0;&amp;#0;&amp;#0;&amp;#0;&amp;#0;&amp;#0;&amp;#0;&amp;#0;&amp;#0;&amp;#0;&amp;#0;&amp;#0;&amp;#0;&amp;#0;&amp;#0;&amp;#0;&amp;#0;&amp;#0;&amp;#0;&amp;#0;&amp;#0;&amp;#0;&amp;#0;&amp;#0;&amp;#0;&amp;#0;&amp;#0;&amp;#0;&amp;#0;&amp;#0;&amp;#0;&amp;#0;&amp;#0;&amp;#0;&amp;#0;&amp;#0;&amp;#0;&amp;#0;&amp;#0;&amp;#0;&amp;#0;&amp;#0;&amp;#0;&amp;#0;&amp;#0;&amp;#0;&amp;#0;&amp;#0;&amp;#0;&amp;#0;&amp;#0;&amp;#0;&amp;#0;&amp;#0;&amp;#0;&amp;#0;&amp;#0;&amp;#0;&amp;#0;&amp;#0;&amp;#0;&amp;#0;&amp;#0;&amp;#0;&amp;#0;&amp;#0;&amp;#0;&amp;#0;&amp;#0;&amp;#0;&amp;#0;&amp;#0;&amp;#0;&amp;#0;&amp;#0;&amp;#0;&amp;#0;&amp;#0;&amp;#0;&amp;#0;&amp;#0;&amp;#0;&amp;#0;&amp;#0;&amp;#0;&amp;#0;&amp;#0;&amp;#0;&amp;#0;&amp;#0;&amp;#0;&amp;#0;&amp;#0;&amp;#0;&amp;#0;&amp;#0;&amp;#0;&amp;#0;&amp;#0;&amp;#0;&amp;#0;&amp;#0;&amp;#0;&amp;#0;&amp;#0;&amp;#0;&amp;#0;&amp;#0;&amp;#0;&amp;#0;&amp;#0;&amp;#0;&amp;#0;&amp;#0;&amp;#0;&amp;#0;&amp;#0;&amp;#0;&amp;#0;&amp;#0;&amp;#0;&amp;#0;&amp;#0;&amp;#0;&amp;#0;&amp;#0;&amp;#0;&amp;#0;&amp;#0;&amp;#0;&amp;#0;&amp;#0;&amp;#0;&amp;#0;&amp;#0;&amp;#0;&amp;#0;&amp;#0;&amp;#0;&amp;#0;&amp;#0;&amp;#0;&amp;#0;&amp;#0;&amp;#0;&amp;#0;&amp;#0;&amp;#0;&amp;#0;&amp;#0;&amp;#0;&amp;#0;&amp;#0;&amp;#0;&amp;#0;&amp;#0;&amp;#0;&amp;#0;&amp;#0;&amp;#0;&amp;#0;&amp;#0;&amp;#0;&amp;#0;&amp;#0;&amp;#0;&amp;#0;&amp;#0;&amp;#0;&amp;#0;&amp;#0;&amp;#0;&amp;#0;&amp;#0;&amp;#0;&amp;#0;&amp;#0;&amp;#0;&amp;#0;&amp;#0;&amp;#0;&amp;#0;&amp;#0;&amp;#0;&amp;#0;&amp;#0;&amp;#0;&amp;#0;&amp;#0;&amp;#0;&amp;#0;&amp;#0;&amp;#0;&amp;#0;&amp;#0;&amp;#0;&amp;#0;&amp;#0;&amp;#0;&amp;#0;&amp;#0;&amp;#0;&amp;#0;&amp;#0;&amp;#0;&amp;#0;&amp;#0;&amp;#0;&amp;#0;&amp;#0;&amp;#0;&amp;#0;&amp;#0;&amp;#0;&amp;#0;&amp;#0;&amp;#0;&amp;#0;&amp;#0;&amp;#0;&amp;#0;&amp;#0;&amp;#0;&amp;#0;&amp;#0;&amp;#0;&amp;#0;&amp;#0;&amp;#0;&amp;#0;&amp;#0;&amp;#0;&amp;#0;&amp;#0;&amp;#0;&amp;#0;&amp;#0;&amp;#0;&amp;#0;&amp;#0;&amp;#0;&amp;#0;&amp;#0;&amp;#0;&amp;#0;&amp;#0;&amp;#0;&amp;#0;&amp;#0;&amp;#0;&amp;#0;&amp;#0;&amp;#0;&amp;#0;&amp;#0;&amp;#0;&amp;#0;&amp;#0;&amp;#0;&amp;#0;&amp;#0;&amp;#0;&amp;#0;&amp;#0;&amp;#0;&amp;#0;&amp;#0;&amp;#0;&amp;#0;&amp;#0;&amp;#0;&amp;#0;&amp;#0;&amp;#0;&amp;#0;&amp;#0;&amp;#0;&amp;#0;&amp;#0;&amp;#0;&amp;#0;&amp;#0;&amp;#0;&amp;#0;&amp;#0;&amp;#0;&amp;#0;&amp;#0;&amp;#0;&amp;#0;&amp;#0;&amp;#0;&amp;#0;&amp;#0;&amp;#0;&amp;#0;&amp;#0;&amp;#0;&amp;#0;&amp;#0;&amp;#0;&amp;#0;&amp;#0;&amp;#0;&amp;#0;&amp;#0;&amp;#0;&amp;#0;&amp;#0;&amp;#0;&amp;#0;&amp;#0;&amp;#0;&amp;#0;&amp;#0;&amp;#0;&amp;#0;&amp;#0;&amp;#0;&amp;#0;&amp;#0;&amp;#0;&amp;#0;&amp;#0;&amp;#0;&amp;#0;&amp;#0;&amp;#0;&amp;#0;&amp;#0;&amp;#0;&amp;#0;&amp;#0;&amp;#0;&amp;#0;&amp;#0;&amp;#0;&amp;#0;&amp;#0;&amp;#0;&amp;#0;&amp;#0;&amp;#0;&amp;#0;&amp;#0;&amp;#0;&amp;#0;&amp;#0;&amp;#0;&amp;#0;&amp;#0;&amp;#0;&amp;#0;&amp;#0;&amp;#0;&amp;#0;&amp;#0;&amp;#0;&amp;#0;&amp;#0;&amp;#0;&amp;#0;&amp;#0;&amp;#0;&amp;#0;&amp;#0;&amp;#0;&amp;#0;&amp;#0;&amp;#0;&amp;#0;&amp;#0;&amp;#0;&amp;#0;&amp;#0;&amp;#0;&amp;#0;&amp;#0;&amp;#0;&amp;#0;&amp;#0;&amp;#0;&amp;#0;&amp;#0;&amp;#0;&amp;#0;&amp;#0;&amp;#0;&amp;#0;&amp;#0;&amp;#0;&amp;#0;&amp;#0;&amp;#0;&amp;#0;&amp;#0;&amp;#0;&amp;#0;&amp;#0;&amp;#0;&amp;#0;&amp;#0;&amp;#0;&amp;#0;&amp;#0;&amp;#0;&amp;#0;&amp;#0;&amp;#0;&amp;#0;&amp;#0;&amp;#0;&amp;#0;&amp;#0;&amp;#0;&amp;#0;&amp;#0;&amp;#0;&amp;#0;&amp;#0;&amp;#0;&amp;#0;&amp;#0;&amp;#0;&amp;#0;&amp;#0;&amp;#0;&amp;#0;&amp;#0;&amp;#0;&amp;#0;&amp;#0;&amp;#0;&amp;#0;&amp;#0;&amp;#0;&amp;#0;&amp;#0;&amp;#0;&amp;#0;&amp;#0;&amp;#0;&amp;#0;&amp;#0;&amp;#0;&amp;#0;&amp;#0;&amp;#0;&amp;#0;&amp;#0;&amp;#0;&amp;#0;&amp;#0;&amp;#0;&amp;#0;&amp;#0;&amp;#0;&amp;#0;&amp;#0;&amp;#0;&amp;#0;&amp;#0;&amp;#0;&amp;#0;&amp;#0;&amp;#0;&amp;#0;&amp;#0;&amp;#0;&amp;#0;&amp;#0;&amp;#0;&amp;#0;&amp;#0;&amp;#0;&amp;#0;&amp;#0;&amp;#0;&amp;#0;&amp;#0;&amp;#0;&amp;#0;&amp;#0;&amp;#0;&amp;#0;&amp;#0;&amp;#0;&amp;#0;&amp;#0;&amp;#0;&amp;#0;&amp;#0;&amp;#0;&amp;#0;&amp;#0;&amp;#0;&amp;#0;&amp;#0;&amp;#0;&amp;#0;&amp;#0;&amp;#0;&amp;#0;&amp;#0;&amp;#0;&amp;#0;&amp;#0;&amp;#0;&amp;#0;&amp;#0;&amp;#0;&amp;#0;&amp;#0;&amp;#0;&amp;#0;&amp;#0;&amp;#0;&amp;#0;&amp;#0;&amp;#0;&amp;#0;&amp;#0;&amp;#0;&amp;#0;&amp;#0;&amp;#0;&amp;#0;&amp;#0;&amp;#0;&amp;#0;&amp;#0;&amp;#0;&amp;#0;&amp;#0;&amp;#0;&amp;#0;&amp;#0;&amp;#0;&amp;#0;&amp;#0;&amp;#0;&amp;#0;&amp;#0;&amp;#0;&amp;#0;&amp;#0;&amp;#0;&amp;#0;&amp;#0;&amp;#0;&amp;#0;&amp;#0;&amp;#0;&amp;#0;&amp;#0;&amp;#0;&amp;#0;&amp;#0;&amp;#0;&amp;#0;&amp;#0;&amp;#0;&amp;#0;&amp;#0;&amp;#0;&amp;#0;&amp;#0;&amp;#0;&amp;#0;&amp;#0;&amp;#0;&amp;#0;&amp;#0;&amp;#0;&amp;#0;&amp;#0;&amp;#0;&amp;#0;&amp;#0;&amp;#0;&amp;#0;&amp;#0;&amp;#0;&amp;#0;&amp;#0;&amp;#0;&amp;#0;&amp;#0;&amp;#0;&amp;#0;&amp;#0;&amp;#0;&amp;#0;&amp;#0;&amp;#0;&amp;#0;&amp;#0;&amp;#0;&amp;#0;&amp;#0;&amp;#0;&amp;#0;&amp;#0;&amp;#0;&amp;#0;&amp;#0;&amp;#0;&amp;#0;&amp;#0;&amp;#0;&amp;#0;&amp;#0;&amp;#0;&amp;#0;&amp;#0;&amp;#0;&amp;#0;&amp;#0;&amp;#0;&amp;#0;&amp;#0;&amp;#0;&amp;#0;&amp;#0;&amp;#0;&amp;#0;&amp;#0;&amp;#0;&amp;#0;&amp;#0;&amp;#0;&amp;#0;&amp;#0;&amp;#0;&amp;#0;&amp;#0;&amp;#0;&amp;#0;&amp;#0;&amp;#0;&amp;#0;&amp;#0;&amp;#0;&amp;#0;&amp;#0;&amp;#0;&amp;#0;&amp;#0;&amp;#0;&amp;#0;&amp;#0;&amp;#0;&amp;#0;&amp;#0;&amp;#0;&amp;#0;&amp;#0;&amp;#0;&amp;#0;&amp;#0;&amp;#0;&amp;#0;&amp;#0;&amp;#0;&amp;#0;&amp;#0;&amp;#0;&amp;#0;&amp;#0;&amp;#0;&amp;#0;&amp;#0;&amp;#0;&amp;#0;&amp;#0;&amp;#0;&amp;#0;&amp;#0;&amp;#0;&amp;#0;&amp;#0;&amp;#0;&amp;#0;&amp;#0;&amp;#0;&amp;#0;&amp;#0;&amp;#0;&amp;#0;&amp;#0;&amp;#0;&amp;#0;&amp;#0;&amp;#0;&amp;#0;&amp;#0;&amp;#0;&amp;#0;&amp;#0;&amp;#0;&amp;#0;&amp;#0;&amp;#0;&amp;#0;&amp;#0;&amp;#0;&amp;#0;&amp;#0;&amp;#0;&amp;#0;&amp;#0;&amp;#0;&amp;#0;&amp;#0;&amp;#0;&amp;#0;&amp;#0;&amp;#0;&amp;#0;&amp;#0;&amp;#0;&amp;#0;&amp;#0;&amp;#0;&amp;#0;&amp;#0;&amp;#0;&amp;#0;&amp;#0;&amp;#0;&amp;#0;&amp;#0;&amp;#0;&amp;#0;&amp;#0;&amp;#0;&amp;#0;&amp;#0;&amp;#0;&amp;#0;&amp;#0;&amp;#0;&amp;#0;&amp;#0;&amp;#0;&amp;#0;&amp;#0;&amp;#0;&amp;#0;&amp;#0;&amp;#0;&amp;#0;&amp;#0;&amp;#0;&amp;#0;&amp;#0;&amp;#0;&amp;#0;&amp;#0;&amp;#0;&amp;#0;&amp;#0;&amp;#0;&amp;#0;&amp;#0;&amp;#0;&amp;#0;&amp;#0;&amp;#0;&amp;#0;&amp;#0;&amp;#0;&amp;#0;&amp;#0;&amp;#0;&amp;#0;&amp;#0;&amp;#0;&amp;#0;&amp;#0;&amp;#0;&amp;#0;&amp;#0;&amp;#0;&amp;#0;&amp;#0;&amp;#0;&amp;#0;&amp;#0;&amp;#0;&amp;#0;&amp;#0;&amp;#0;&amp;#0;&amp;#0;&amp;#0;&amp;#0;&amp;#0;&amp;#0;&amp;#0;&amp;#0;&amp;#0;&amp;#0;&amp;#0;&amp;#0;&amp;#0;&amp;#0;&amp;#0;&amp;#0;&amp;#0;&amp;#0;&amp;#0;&amp;#0;&amp;#0;&amp;#0;&amp;#0;&amp;#0;&amp;#0;&amp;#0;&amp;#0;&amp;#0;&amp;#0;&amp;#0;&amp;#0;&amp;#0;&amp;#0;&amp;#0;&amp;#0;&amp;#0;&amp;#0;&amp;#0;&amp;#0;&amp;#0;&amp;#0;&amp;#0;&amp;#0;&amp;#0;&amp;#0;&amp;#0;&amp;#0;&amp;#0;&amp;#0;&amp;#0;&amp;#0;&amp;#0;&amp;#0;&amp;#0;&amp;#0;&amp;#0;&amp;#0;&amp;#0;&amp;#0;&amp;#0;&amp;#0;&amp;#0;&amp;#0;&amp;#0;&amp;#0;&amp;#0;&amp;#0;&amp;#0;&amp;#0;&amp;#0;&amp;#0;&amp;#0;&amp;#0;&amp;#0;&amp;#0;&amp;#0;&amp;#0;&amp;#0;&amp;#0;&amp;#0;&amp;#0;&amp;#0;&amp;#0;&amp;#0;&amp;#0;&amp;#0;&amp;#0;&amp;#0;&amp;#0;&amp;#0;&amp;#0;&amp;#0;&amp;#0;&amp;#0;&amp;#0;&amp;#0;&amp;#0;&amp;#0;&amp;#0;&amp;#0;&amp;#0;&amp;#0;&amp;#0;&amp;#0;&amp;#0;&amp;#0;&amp;#0;&amp;#0;&amp;#0;&amp;#0;&amp;#0;&amp;#0;&amp;#0;&amp;#0;&amp;#0;&amp;#0;&amp;#0;&amp;#0;&amp;#0;&amp;#0;&amp;#0;&amp;#0;&amp;#0;&amp;#0;&amp;#0;&amp;#0;&amp;#0;&amp;#0;&amp;#0;&amp;#0;&amp;#0;&amp;#0;&amp;#0;&amp;#0;&amp;#0;&amp;#0;&amp;#0;&amp;#0;&amp;#0;&amp;#0;&amp;#0;&amp;#0;&amp;#0;&amp;#0;&amp;#0;&amp;#0;&amp;#0;&amp;#0;&amp;#0;&amp;#0;&amp;#0;&amp;#0;&amp;#0;&amp;#0;&amp;#0;&amp;#0;&amp;#0;&amp;#0;&amp;#0;&amp;#0;&amp;#0;&amp;#0;&amp;#0;&amp;#0;&amp;#0;&amp;#0;&amp;#0;&amp;#0;&amp;#0;&amp;#0;&amp;#0;&amp;#0;&amp;#0;&amp;#0;&amp;#0;&amp;#0;&amp;#0;&amp;#0;&amp;#0;&amp;#0;&amp;#0;&amp;#0;&amp;#0;&amp;#0;&amp;#0;&amp;#0;&amp;#0;&amp;#0;&amp;#0;&amp;#0;&amp;#0;&amp;#0;&amp;#0;&amp;#0;&amp;#0;&amp;#0;&amp;#0;&amp;#0;&amp;#0;&amp;#0;&amp;#0;&amp;#0;&amp;#0;&amp;#0;&amp;#0;&amp;#0;&amp;#0;&amp;#0;&amp;#0;&amp;#0;&amp;#0;&amp;#0;&amp;#0;&amp;#0;&amp;#0;&amp;#0;&amp;#0;&amp;#0;&amp;#0;&amp;#0;&amp;#0;&amp;#0;&amp;#0;&amp;#0;&amp;#0;&amp;#0;&amp;#0;&amp;#0;&amp;#0;&amp;#0;&amp;#0;&amp;#0;&amp;#0;&amp;#0;&amp;#0;&amp;#0;&amp;#0;&amp;#0;&amp;#0;&amp;#0;&amp;#0;&amp;#0;&amp;#0;&amp;#0;&amp;#0;&amp;#0;&amp;#0;&amp;#0;&amp;#0;&amp;#0;&amp;#0;&amp;#0;&amp;#0;&amp;#0;&amp;#0;&amp;#0;&amp;#0;&amp;#0;&amp;#0;&amp;#0;&amp;#0;&amp;#0;&amp;#0;&amp;#0;&amp;#0;&amp;#0;&amp;#0;&amp;#0;&amp;#0;&amp;#0;&amp;#0;&amp;#0;&amp;#0;&amp;#0;&amp;#0;&amp;#0;&amp;#0;&amp;#0;&amp;#0;&amp;#0;&amp;#0;&amp;#0;&amp;#0;&amp;#0;&amp;#0;&amp;#0;&amp;#0;&amp;#0;&amp;#0;&amp;#0;&amp;#0;&amp;#0;&amp;#0;&amp;#0;&amp;#0;&amp;#0;&amp;#0;&amp;#0;&amp;#0;&amp;#0;&amp;#0;&amp;#0;&amp;#0;&amp;#0;&amp;#0;&amp;#0;&amp;#0;&amp;#0;&amp;#0;
14:06:38.009 [main] ERROR - Je passe ici ------------------------------------------------------
14:06:38.009 [main] ERROR - Exception occured during compilation!
java.util.MissingFormatArgumentException: Format specifier &apos;%s&apos;
	at java.util.Formatter.format(Formatter.java:2519) ~[?:1.8.0_91]
	at java.io.PrintWriter.format(PrintWriter.java:905) ~[?:1.8.0_91]
	at java.io.PrintWriter.printf(PrintWriter.java:804) ~[?:1.8.0_91]
	at be.unamur.info.b314.compiler.Visitor.PCodePrinter.printSetTo(PCodePrinter.java:78) ~[classes/:?]
	at be.unamur.info.b314.compiler.Visitor.PCodeVisitor.visitVarDecl(PCodeVisitor.java:625) ~[classes/:?]
	at be.unamur.info.b314.compiler.B314Parser$VarDeclContext.accept(B314Parser.java:405) ~[classes/:?]
	at be.unamur.info.b314.compiler.Visitor.PCodeVisitor.visitProgramme(PCodeVisitor.java:64) ~[classes/:?]
	at be.unamur.info.b314.compiler.B314Parser$ProgrammeContext.accept(B314Parser.java:4028) ~[classes/:?]
	at be.unamur.info.b314.compiler.main.Main.printPCode(Main.java:236) ~[classes/:?]
	at be.unamur.info.b314.compiler.main.Main.compile(Main.java:199) ~[classes/:?]
	at be.unamur.info.b314.compiler.main.Main.main(Main.java:79) [classes/:?]
	at be.unamur.info.b314.compiler.main.CompilerTestHelper.launchCompilation(CompilerTestHelper.java:35) [test-classes/:?]
	at be.unamur.info.b314.compiler.main.B314localvariabledeclSyntaxTest.testlocalvariabledecl_mixing_ok(B314localvariabledeclSyntaxTest.java:59) [test-classes/:?]
	at sun.reflect.NativeMethodAccessorImpl.invoke0(Native Method) ~[?:1.8.0_91]
	at sun.reflect.NativeMethodAccessorImpl.invoke(NativeMethodAccessorImpl.java:62) ~[?:1.8.0_91]
	at sun.reflect.DelegatingMethodAccessorImpl.invoke(DelegatingMethodAccessorImpl.java:43) ~[?:1.8.0_91]
	at java.lang.reflect.Method.invoke(Method.java:498) ~[?:1.8.0_91]
	at org.junit.runners.model.FrameworkMethod$1.runReflectiveCall(FrameworkMethod.java:50) [junit-4.12.jar:4.12]
	at org.junit.internal.runners.model.ReflectiveCallable.run(ReflectiveCallable.java:12) [junit-4.12.jar:4.12]
	at org.junit.runners.model.FrameworkMethod.invokeExplosively(FrameworkMethod.java:47) [junit-4.12.jar:4.12]
	at org.junit.internal.runners.statements.InvokeMethod.evaluate(InvokeMethod.java:17) [junit-4.12.jar:4.12]
	at org.junit.rules.ExternalResource$1.evaluate(ExternalResource.java:48) [junit-4.12.jar:4.12]
	at org.junit.rules.TestWatcher$1.evaluate(TestWatcher.java:55) [junit-4.12.jar:4.12]
	at org.junit.rules.RunRules.evaluate(RunRules.java:20) [junit-4.12.jar:4.12]
	at org.junit.runners.ParentRunner.runLeaf(ParentRunner.java:325) [junit-4.12.jar:4.12]
	at org.junit.runners.BlockJUnit4ClassRunner.runChild(BlockJUnit4ClassRunner.java:78) [junit-4.12.jar:4.12]
	at org.junit.runners.BlockJUnit4ClassRunner.runChild(BlockJUnit4ClassRunner.java:57) [junit-4.12.jar:4.12]
	at org.junit.runners.ParentRunner$3.run(ParentRunner.java:290) [junit-4.12.jar:4.12]
	at org.junit.runners.ParentRunner$1.schedule(ParentRunner.java:71) [junit-4.12.jar:4.12]
	at org.junit.runners.ParentRunner.runChildren(ParentRunner.java:288) [junit-4.12.jar:4.12]
	at org.junit.runners.ParentRunner.access$000(ParentRunner.java:58) [junit-4.12.jar:4.12]
	at org.junit.runners.ParentRunner$2.evaluate(ParentRunner.java:268) [junit-4.12.jar:4.12]
	at org.junit.runners.ParentRunner.run(ParentRunner.java:363) [junit-4.12.jar:4.12]
	at org.apache.maven.surefire.junit4.JUnit4TestSet.execute(JUnit4TestSet.java:53) [surefire-junit4-2.10.jar:2.10]
	at org.apache.maven.surefire.junit4.JUnit4Provider.executeTestSet(JUnit4Provider.java:123) [surefire-junit4-2.10.jar:2.10]
	at org.apache.maven.surefire.junit4.JUnit4Provider.invoke(JUnit4Provider.java:104) [surefire-junit4-2.10.jar:2.10]
	at sun.reflect.NativeMethodAccessorImpl.invoke0(Native Method) ~[?:1.8.0_91]
	at sun.reflect.NativeMethodAccessorImpl.invoke(NativeMethodAccessorImpl.java:62) ~[?:1.8.0_91]
	at sun.reflect.DelegatingMethodAccessorImpl.invoke(DelegatingMethodAccessorImpl.java:43) ~[?:1.8.0_91]
	at java.lang.reflect.Method.invoke(Method.java:498) ~[?:1.8.0_91]
	at org.apache.maven.surefire.util.ReflectionUtils.invokeMethodWithArray(ReflectionUtils.java:164) [surefire-api-2.10.jar:2.10]
	at org.apache.maven.surefire.booter.ProviderFactory$ProviderProxy.invoke(ProviderFactory.java:110) [surefire-booter-2.10.jar:2.10]
	at org.apache.maven.surefire.booter.SurefireStarter.invokeProvider(SurefireStarter.java:175) [surefire-booter-2.10.jar:2.10]
	at org.apache.maven.surefire.booter.SurefireStarter.runSuitesInProcessWhenForked(SurefireStarter.java:107) [surefire-booter-2.10.jar:2.10]
	at org.apache.maven.surefire.booter.ForkedBooter.main(ForkedBooter.java:68) [surefire-booter-2.10.jar:2.10]
</system-out>
  </testcase>
  <testcase classname="be.unamur.info.b314.compiler.main.B314localvariabledeclSyntaxTest" name="testlocalvariabledecl_when_local_variable_same_names_as_global_ok" time="0.004">
    <failure message="localvariabledecl: when_local_variable_same_names_as_global
Expected: a string ending with &quot;OK\r\n&quot;
     but: was &quot;KO
&quot;" type="java.lang.AssertionError">java.lang.AssertionError: localvariabledecl: when_local_variable_same_names_as_global
Expected: a string ending with &quot;OK\r\n&quot;
     but: was &quot;KO
&quot;
	at org.hamcrest.MatcherAssert.assertThat(MatcherAssert.java:20)
	at org.junit.Assert.assertThat(Assert.java:956)
	at be.unamur.info.b314.compiler.main.CompilerTestHelper.launchCompilation(CompilerTestHelper.java:42)
	at be.unamur.info.b314.compiler.main.B314localvariabledeclSyntaxTest.testlocalvariabledecl_when_local_variable_same_names_as_global_ok(B314localvariabledeclSyntaxTest.java:89)
	at sun.reflect.NativeMethodAccessorImpl.invoke0(Native Method)
	at sun.reflect.NativeMethodAccessorImpl.invoke(NativeMethodAccessorImpl.java:62)
	at sun.reflect.DelegatingMethodAccessorImpl.invoke(DelegatingMethodAccessorImpl.java:43)
	at java.lang.reflect.Method.invoke(Method.java:498)
	at org.junit.runners.model.FrameworkMethod$1.runReflectiveCall(FrameworkMethod.java:50)
	at org.junit.internal.runners.model.ReflectiveCallable.run(ReflectiveCallable.java:12)
	at org.junit.runners.model.FrameworkMethod.invokeExplosively(FrameworkMethod.java:47)
	at org.junit.internal.runners.statements.InvokeMethod.evaluate(InvokeMethod.java:17)
	at org.junit.rules.ExternalResource$1.evaluate(ExternalResource.java:48)
	at org.junit.rules.TestWatcher$1.evaluate(TestWatcher.java:55)
	at org.junit.rules.RunRules.evaluate(RunRules.java:20)
	at org.junit.runners.ParentRunner.runLeaf(ParentRunner.java:325)
	at org.junit.runners.BlockJUnit4ClassRunner.runChild(BlockJUnit4ClassRunner.java:78)
	at org.junit.runners.BlockJUnit4ClassRunner.runChild(BlockJUnit4ClassRunner.java:57)
	at org.junit.runners.ParentRunner$3.run(ParentRunner.java:290)
	at org.junit.runners.ParentRunner$1.schedule(ParentRunner.java:71)
	at org.junit.runners.ParentRunner.runChildren(ParentRunner.java:288)
	at org.junit.runners.ParentRunner.access$000(ParentRunner.java:58)
	at org.junit.runners.ParentRunner$2.evaluate(ParentRunner.java:268)
	at org.junit.runners.ParentRunner.run(ParentRunner.java:363)
	at org.apache.maven.surefire.junit4.JUnit4TestSet.execute(JUnit4TestSet.java:53)
	at org.apache.maven.surefire.junit4.JUnit4Provider.executeTestSet(JUnit4Provider.java:123)
	at org.apache.maven.surefire.junit4.JUnit4Provider.invoke(JUnit4Provider.java:104)
	at sun.reflect.NativeMethodAccessorImpl.invoke0(Native Method)
	at sun.reflect.NativeMethodAccessorImpl.invoke(NativeMethodAccessorImpl.java:62)
	at sun.reflect.DelegatingMethodAccessorImpl.invoke(DelegatingMethodAccessorImpl.java:43)
	at java.lang.reflect.Method.invoke(Method.java:498)
	at org.apache.maven.surefire.util.ReflectionUtils.invokeMethodWithArray(ReflectionUtils.java:164)
	at org.apache.maven.surefire.booter.ProviderFactory$ProviderProxy.invoke(ProviderFactory.java:110)
	at org.apache.maven.surefire.booter.SurefireStarter.invokeProvider(SurefireStarter.java:175)
	at org.apache.maven.surefire.booter.SurefireStarter.runSuitesInProcessWhenForked(SurefireStarter.java:107)
	at org.apache.maven.surefire.booter.ForkedBooter.main(ForkedBooter.java:68)
</failure>
    <system-out>14:06:38.011 [main] INFO  - Starting test: testlocalvariabledecl_when_local_variable_same_names_as_global_ok()...
org.apache.commons.cli.CommandLine@3ecedf21
14:06:38.013 [main] DEBUG - Initialisation
14:06:38.014 [main] DEBUG - Input file set to C:\Users\jessi\Documents\b314-Jour-MonkeyIsland\target\test-classes\syntax\localvariabledecl\ok\when_local_variable_same_names_as_global.b314
14:06:38.014 [main] DEBUG - Output file set to C:\Users\jessi\AppData\Local\Temp\junit2839190732388276527\junit3529334463443900834.tmp
14:06:38.014 [main] DEBUG - Initialisation: done
jessica1
14:06:38.015 [main] DEBUG - Parsing input
/*

1

1,2,2

1,2,2,2,2
*/
declare and retain 
	b1 as boolean;
	b2 as boolean;
    i1 as integer; 
    i2 as integer; 
    v1 as boolean[5, 7];
    v2 as integer[42];
    
    fct1 as function():boolean
    	do
    		set fct1 to true 
    	done 
	
when your turn 

	when not b1 do
		set b1 to true
		next move north
	done

	when b1 
	declare local
		b1 as integer;
		i1 as boolean;
		loc3 as square;
		loc4 as integer[5];
	do
		set b1 to 34
		set i1 to false
		set i1 to b1 &lt; 42 and i1
		next move east
	done

	by default do 
		next do nothing
	done&amp;#0;&amp;#0;&amp;#0;&amp;#0;&amp;#0;&amp;#0;&amp;#0;&amp;#0;&amp;#0;&amp;#0;&amp;#0;&amp;#0;&amp;#0;&amp;#0;&amp;#0;&amp;#0;&amp;#0;&amp;#0;&amp;#0;&amp;#0;&amp;#0;&amp;#0;&amp;#0;&amp;#0;&amp;#0;&amp;#0;&amp;#0;&amp;#0;&amp;#0;&amp;#0;&amp;#0;&amp;#0;&amp;#0;&amp;#0;&amp;#0;&amp;#0;&amp;#0;&amp;#0;&amp;#0;&amp;#0;&amp;#0;&amp;#0;&amp;#0;&amp;#0;&amp;#0;&amp;#0;&amp;#0;&amp;#0;&amp;#0;&amp;#0;&amp;#0;&amp;#0;&amp;#0;&amp;#0;&amp;#0;&amp;#0;&amp;#0;&amp;#0;&amp;#0;&amp;#0;&amp;#0;&amp;#0;&amp;#0;&amp;#0;&amp;#0;&amp;#0;&amp;#0;&amp;#0;&amp;#0;&amp;#0;&amp;#0;&amp;#0;&amp;#0;&amp;#0;&amp;#0;&amp;#0;&amp;#0;&amp;#0;&amp;#0;&amp;#0;&amp;#0;&amp;#0;&amp;#0;&amp;#0;&amp;#0;&amp;#0;&amp;#0;&amp;#0;&amp;#0;&amp;#0;&amp;#0;&amp;#0;&amp;#0;&amp;#0;&amp;#0;&amp;#0;&amp;#0;&amp;#0;&amp;#0;&amp;#0;&amp;#0;&amp;#0;&amp;#0;&amp;#0;&amp;#0;&amp;#0;&amp;#0;&amp;#0;&amp;#0;&amp;#0;&amp;#0;&amp;#0;&amp;#0;&amp;#0;&amp;#0;&amp;#0;&amp;#0;&amp;#0;&amp;#0;&amp;#0;&amp;#0;&amp;#0;&amp;#0;&amp;#0;&amp;#0;&amp;#0;&amp;#0;&amp;#0;&amp;#0;&amp;#0;&amp;#0;&amp;#0;&amp;#0;&amp;#0;&amp;#0;&amp;#0;&amp;#0;&amp;#0;&amp;#0;&amp;#0;&amp;#0;&amp;#0;&amp;#0;&amp;#0;&amp;#0;&amp;#0;&amp;#0;&amp;#0;&amp;#0;&amp;#0;&amp;#0;&amp;#0;&amp;#0;&amp;#0;&amp;#0;&amp;#0;&amp;#0;&amp;#0;&amp;#0;&amp;#0;&amp;#0;&amp;#0;&amp;#0;&amp;#0;&amp;#0;&amp;#0;&amp;#0;&amp;#0;&amp;#0;&amp;#0;&amp;#0;&amp;#0;&amp;#0;&amp;#0;&amp;#0;&amp;#0;&amp;#0;&amp;#0;&amp;#0;&amp;#0;&amp;#0;&amp;#0;&amp;#0;&amp;#0;&amp;#0;&amp;#0;&amp;#0;&amp;#0;&amp;#0;&amp;#0;&amp;#0;&amp;#0;&amp;#0;&amp;#0;&amp;#0;&amp;#0;&amp;#0;&amp;#0;&amp;#0;&amp;#0;&amp;#0;&amp;#0;&amp;#0;&amp;#0;&amp;#0;&amp;#0;&amp;#0;&amp;#0;&amp;#0;&amp;#0;&amp;#0;&amp;#0;&amp;#0;&amp;#0;&amp;#0;&amp;#0;&amp;#0;&amp;#0;&amp;#0;&amp;#0;&amp;#0;&amp;#0;&amp;#0;&amp;#0;&amp;#0;&amp;#0;&amp;#0;&amp;#0;&amp;#0;&amp;#0;&amp;#0;&amp;#0;&amp;#0;&amp;#0;&amp;#0;&amp;#0;&amp;#0;&amp;#0;&amp;#0;&amp;#0;&amp;#0;&amp;#0;&amp;#0;&amp;#0;&amp;#0;&amp;#0;&amp;#0;&amp;#0;&amp;#0;&amp;#0;&amp;#0;&amp;#0;&amp;#0;&amp;#0;&amp;#0;&amp;#0;&amp;#0;&amp;#0;&amp;#0;&amp;#0;&amp;#0;&amp;#0;&amp;#0;&amp;#0;&amp;#0;&amp;#0;&amp;#0;&amp;#0;&amp;#0;&amp;#0;&amp;#0;&amp;#0;&amp;#0;&amp;#0;&amp;#0;&amp;#0;&amp;#0;&amp;#0;&amp;#0;&amp;#0;&amp;#0;&amp;#0;&amp;#0;&amp;#0;&amp;#0;&amp;#0;&amp;#0;&amp;#0;&amp;#0;&amp;#0;&amp;#0;&amp;#0;&amp;#0;&amp;#0;&amp;#0;&amp;#0;&amp;#0;&amp;#0;&amp;#0;&amp;#0;&amp;#0;&amp;#0;&amp;#0;&amp;#0;&amp;#0;&amp;#0;&amp;#0;&amp;#0;&amp;#0;&amp;#0;&amp;#0;&amp;#0;&amp;#0;&amp;#0;&amp;#0;&amp;#0;&amp;#0;&amp;#0;&amp;#0;&amp;#0;&amp;#0;&amp;#0;&amp;#0;&amp;#0;&amp;#0;&amp;#0;&amp;#0;&amp;#0;&amp;#0;&amp;#0;&amp;#0;&amp;#0;&amp;#0;&amp;#0;&amp;#0;&amp;#0;&amp;#0;&amp;#0;&amp;#0;&amp;#0;&amp;#0;&amp;#0;&amp;#0;&amp;#0;&amp;#0;&amp;#0;&amp;#0;&amp;#0;&amp;#0;&amp;#0;&amp;#0;&amp;#0;&amp;#0;&amp;#0;&amp;#0;&amp;#0;&amp;#0;&amp;#0;&amp;#0;&amp;#0;&amp;#0;&amp;#0;&amp;#0;&amp;#0;&amp;#0;&amp;#0;&amp;#0;&amp;#0;&amp;#0;&amp;#0;&amp;#0;&amp;#0;&amp;#0;&amp;#0;&amp;#0;&amp;#0;&amp;#0;&amp;#0;&amp;#0;&amp;#0;&amp;#0;&amp;#0;&amp;#0;&amp;#0;&amp;#0;&amp;#0;&amp;#0;&amp;#0;&amp;#0;&amp;#0;&amp;#0;&amp;#0;&amp;#0;&amp;#0;&amp;#0;&amp;#0;&amp;#0;&amp;#0;&amp;#0;&amp;#0;&amp;#0;&amp;#0;&amp;#0;&amp;#0;&amp;#0;&amp;#0;&amp;#0;&amp;#0;&amp;#0;&amp;#0;&amp;#0;&amp;#0;&amp;#0;&amp;#0;&amp;#0;&amp;#0;&amp;#0;&amp;#0;&amp;#0;&amp;#0;&amp;#0;&amp;#0;&amp;#0;&amp;#0;&amp;#0;&amp;#0;&amp;#0;&amp;#0;&amp;#0;&amp;#0;&amp;#0;&amp;#0;&amp;#0;&amp;#0;&amp;#0;&amp;#0;&amp;#0;&amp;#0;&amp;#0;&amp;#0;&amp;#0;&amp;#0;&amp;#0;&amp;#0;&amp;#0;&amp;#0;&amp;#0;&amp;#0;&amp;#0;&amp;#0;&amp;#0;&amp;#0;&amp;#0;&amp;#0;&amp;#0;&amp;#0;&amp;#0;&amp;#0;&amp;#0;&amp;#0;&amp;#0;&amp;#0;&amp;#0;&amp;#0;&amp;#0;&amp;#0;&amp;#0;&amp;#0;&amp;#0;&amp;#0;&amp;#0;&amp;#0;&amp;#0;&amp;#0;&amp;#0;&amp;#0;&amp;#0;&amp;#0;&amp;#0;&amp;#0;&amp;#0;&amp;#0;&amp;#0;&amp;#0;&amp;#0;&amp;#0;&amp;#0;&amp;#0;&amp;#0;&amp;#0;&amp;#0;&amp;#0;&amp;#0;&amp;#0;&amp;#0;&amp;#0;&amp;#0;&amp;#0;&amp;#0;&amp;#0;&amp;#0;&amp;#0;&amp;#0;&amp;#0;&amp;#0;&amp;#0;&amp;#0;&amp;#0;&amp;#0;&amp;#0;&amp;#0;&amp;#0;&amp;#0;&amp;#0;&amp;#0;&amp;#0;&amp;#0;&amp;#0;&amp;#0;&amp;#0;&amp;#0;&amp;#0;&amp;#0;&amp;#0;&amp;#0;&amp;#0;&amp;#0;&amp;#0;&amp;#0;&amp;#0;&amp;#0;&amp;#0;&amp;#0;&amp;#0;&amp;#0;&amp;#0;&amp;#0;&amp;#0;&amp;#0;&amp;#0;&amp;#0;&amp;#0;&amp;#0;&amp;#0;&amp;#0;&amp;#0;&amp;#0;&amp;#0;&amp;#0;&amp;#0;&amp;#0;&amp;#0;&amp;#0;&amp;#0;&amp;#0;&amp;#0;&amp;#0;&amp;#0;&amp;#0;&amp;#0;&amp;#0;&amp;#0;&amp;#0;&amp;#0;&amp;#0;&amp;#0;&amp;#0;&amp;#0;&amp;#0;&amp;#0;&amp;#0;&amp;#0;&amp;#0;&amp;#0;&amp;#0;&amp;#0;&amp;#0;&amp;#0;&amp;#0;&amp;#0;&amp;#0;&amp;#0;&amp;#0;&amp;#0;&amp;#0;&amp;#0;&amp;#0;&amp;#0;&amp;#0;&amp;#0;&amp;#0;&amp;#0;&amp;#0;&amp;#0;&amp;#0;&amp;#0;&amp;#0;&amp;#0;&amp;#0;&amp;#0;&amp;#0;&amp;#0;&amp;#0;&amp;#0;&amp;#0;&amp;#0;&amp;#0;&amp;#0;&amp;#0;&amp;#0;&amp;#0;&amp;#0;&amp;#0;&amp;#0;&amp;#0;&amp;#0;&amp;#0;&amp;#0;&amp;#0;&amp;#0;&amp;#0;&amp;#0;&amp;#0;&amp;#0;&amp;#0;&amp;#0;&amp;#0;&amp;#0;&amp;#0;&amp;#0;&amp;#0;&amp;#0;&amp;#0;&amp;#0;&amp;#0;&amp;#0;&amp;#0;&amp;#0;&amp;#0;&amp;#0;&amp;#0;&amp;#0;&amp;#0;&amp;#0;&amp;#0;&amp;#0;&amp;#0;&amp;#0;&amp;#0;&amp;#0;&amp;#0;&amp;#0;&amp;#0;&amp;#0;&amp;#0;&amp;#0;&amp;#0;&amp;#0;&amp;#0;&amp;#0;&amp;#0;&amp;#0;&amp;#0;&amp;#0;&amp;#0;&amp;#0;&amp;#0;&amp;#0;&amp;#0;&amp;#0;&amp;#0;&amp;#0;&amp;#0;&amp;#0;&amp;#0;&amp;#0;&amp;#0;&amp;#0;&amp;#0;&amp;#0;&amp;#0;&amp;#0;&amp;#0;&amp;#0;&amp;#0;&amp;#0;&amp;#0;&amp;#0;&amp;#0;&amp;#0;&amp;#0;&amp;#0;&amp;#0;&amp;#0;&amp;#0;&amp;#0;&amp;#0;&amp;#0;&amp;#0;&amp;#0;&amp;#0;&amp;#0;&amp;#0;&amp;#0;&amp;#0;&amp;#0;&amp;#0;&amp;#0;&amp;#0;&amp;#0;&amp;#0;&amp;#0;&amp;#0;&amp;#0;&amp;#0;&amp;#0;&amp;#0;&amp;#0;&amp;#0;&amp;#0;&amp;#0;&amp;#0;&amp;#0;&amp;#0;&amp;#0;&amp;#0;&amp;#0;&amp;#0;&amp;#0;&amp;#0;&amp;#0;&amp;#0;&amp;#0;&amp;#0;&amp;#0;&amp;#0;&amp;#0;&amp;#0;&amp;#0;&amp;#0;&amp;#0;&amp;#0;&amp;#0;&amp;#0;&amp;#0;&amp;#0;&amp;#0;&amp;#0;&amp;#0;&amp;#0;&amp;#0;&amp;#0;&amp;#0;&amp;#0;&amp;#0;&amp;#0;&amp;#0;&amp;#0;&amp;#0;&amp;#0;&amp;#0;&amp;#0;&amp;#0;&amp;#0;&amp;#0;&amp;#0;&amp;#0;&amp;#0;&amp;#0;&amp;#0;&amp;#0;&amp;#0;&amp;#0;&amp;#0;&amp;#0;&amp;#0;&amp;#0;&amp;#0;&amp;#0;&amp;#0;&amp;#0;&amp;#0;&amp;#0;&amp;#0;&amp;#0;&amp;#0;&amp;#0;&amp;#0;&amp;#0;&amp;#0;&amp;#0;&amp;#0;&amp;#0;&amp;#0;&amp;#0;&amp;#0;&amp;#0;&amp;#0;&amp;#0;&amp;#0;&amp;#0;&amp;#0;&amp;#0;&amp;#0;&amp;#0;&amp;#0;&amp;#0;&amp;#0;&amp;#0;&amp;#0;&amp;#0;&amp;#0;&amp;#0;&amp;#0;&amp;#0;&amp;#0;&amp;#0;&amp;#0;&amp;#0;&amp;#0;&amp;#0;&amp;#0;&amp;#0;&amp;#0;&amp;#0;&amp;#0;&amp;#0;&amp;#0;&amp;#0;&amp;#0;&amp;#0;&amp;#0;&amp;#0;&amp;#0;&amp;#0;&amp;#0;&amp;#0;&amp;#0;&amp;#0;&amp;#0;&amp;#0;&amp;#0;&amp;#0;&amp;#0;&amp;#0;&amp;#0;&amp;#0;&amp;#0;&amp;#0;&amp;#0;&amp;#0;&amp;#0;&amp;#0;&amp;#0;&amp;#0;&amp;#0;&amp;#0;&amp;#0;&amp;#0;&amp;#0;&amp;#0;&amp;#0;&amp;#0;&amp;#0;&amp;#0;&amp;#0;&amp;#0;&amp;#0;&amp;#0;&amp;#0;&amp;#0;&amp;#0;&amp;#0;&amp;#0;&amp;#0;&amp;#0;&amp;#0;&amp;#0;&amp;#0;&amp;#0;&amp;#0;&amp;#0;&amp;#0;&amp;#0;&amp;#0;&amp;#0;&amp;#0;&amp;#0;&amp;#0;&amp;#0;&amp;#0;&amp;#0;&amp;#0;&amp;#0;&amp;#0;&amp;#0;&amp;#0;&amp;#0;&amp;#0;&amp;#0;&amp;#0;&amp;#0;&amp;#0;&amp;#0;&amp;#0;&amp;#0;&amp;#0;&amp;#0;&amp;#0;&amp;#0;&amp;#0;&amp;#0;&amp;#0;&amp;#0;&amp;#0;&amp;#0;&amp;#0;&amp;#0;&amp;#0;&amp;#0;&amp;#0;&amp;#0;&amp;#0;&amp;#0;&amp;#0;&amp;#0;&amp;#0;&amp;#0;&amp;#0;&amp;#0;&amp;#0;&amp;#0;&amp;#0;&amp;#0;&amp;#0;&amp;#0;&amp;#0;&amp;#0;&amp;#0;&amp;#0;&amp;#0;&amp;#0;&amp;#0;&amp;#0;&amp;#0;&amp;#0;&amp;#0;&amp;#0;&amp;#0;&amp;#0;&amp;#0;&amp;#0;&amp;#0;&amp;#0;&amp;#0;&amp;#0;&amp;#0;&amp;#0;&amp;#0;&amp;#0;&amp;#0;&amp;#0;&amp;#0;&amp;#0;&amp;#0;&amp;#0;&amp;#0;&amp;#0;&amp;#0;&amp;#0;&amp;#0;&amp;#0;&amp;#0;&amp;#0;&amp;#0;&amp;#0;&amp;#0;&amp;#0;&amp;#0;&amp;#0;&amp;#0;&amp;#0;&amp;#0;&amp;#0;&amp;#0;&amp;#0;&amp;#0;&amp;#0;&amp;#0;&amp;#0;&amp;#0;&amp;#0;&amp;#0;&amp;#0;&amp;#0;&amp;#0;&amp;#0;&amp;#0;&amp;#0;&amp;#0;&amp;#0;&amp;#0;&amp;#0;&amp;#0;&amp;#0;&amp;#0;&amp;#0;&amp;#0;&amp;#0;&amp;#0;&amp;#0;&amp;#0;&amp;#0;&amp;#0;&amp;#0;&amp;#0;&amp;#0;&amp;#0;&amp;#0;&amp;#0;&amp;#0;&amp;#0;&amp;#0;&amp;#0;&amp;#0;&amp;#0;&amp;#0;&amp;#0;&amp;#0;&amp;#0;&amp;#0;&amp;#0;&amp;#0;&amp;#0;&amp;#0;&amp;#0;&amp;#0;&amp;#0;&amp;#0;&amp;#0;&amp;#0;&amp;#0;&amp;#0;&amp;#0;&amp;#0;&amp;#0;&amp;#0;&amp;#0;&amp;#0;&amp;#0;&amp;#0;&amp;#0;&amp;#0;&amp;#0;&amp;#0;&amp;#0;&amp;#0;&amp;#0;&amp;#0;&amp;#0;&amp;#0;&amp;#0;&amp;#0;&amp;#0;&amp;#0;&amp;#0;&amp;#0;&amp;#0;&amp;#0;&amp;#0;&amp;#0;&amp;#0;&amp;#0;&amp;#0;&amp;#0;&amp;#0;&amp;#0;&amp;#0;&amp;#0;&amp;#0;&amp;#0;&amp;#0;&amp;#0;&amp;#0;&amp;#0;&amp;#0;&amp;#0;&amp;#0;&amp;#0;&amp;#0;&amp;#0;&amp;#0;&amp;#0;&amp;#0;&amp;#0;&amp;#0;&amp;#0;&amp;#0;&amp;#0;&amp;#0;&amp;#0;&amp;#0;&amp;#0;&amp;#0;&amp;#0;&amp;#0;&amp;#0;&amp;#0;&amp;#0;&amp;#0;&amp;#0;&amp;#0;&amp;#0;&amp;#0;&amp;#0;&amp;#0;&amp;#0;&amp;#0;&amp;#0;&amp;#0;&amp;#0;&amp;#0;&amp;#0;&amp;#0;&amp;#0;&amp;#0;&amp;#0;&amp;#0;&amp;#0;&amp;#0;&amp;#0;&amp;#0;&amp;#0;&amp;#0;&amp;#0;&amp;#0;&amp;#0;&amp;#0;&amp;#0;&amp;#0;&amp;#0;&amp;#0;&amp;#0;&amp;#0;&amp;#0;&amp;#0;&amp;#0;&amp;#0;&amp;#0;&amp;#0;&amp;#0;&amp;#0;&amp;#0;&amp;#0;&amp;#0;&amp;#0;&amp;#0;&amp;#0;&amp;#0;&amp;#0;&amp;#0;&amp;#0;&amp;#0;&amp;#0;&amp;#0;&amp;#0;&amp;#0;&amp;#0;&amp;#0;&amp;#0;&amp;#0;&amp;#0;&amp;#0;&amp;#0;&amp;#0;&amp;#0;&amp;#0;&amp;#0;&amp;#0;&amp;#0;&amp;#0;&amp;#0;&amp;#0;&amp;#0;&amp;#0;&amp;#0;&amp;#0;&amp;#0;&amp;#0;&amp;#0;&amp;#0;&amp;#0;&amp;#0;&amp;#0;&amp;#0;&amp;#0;&amp;#0;&amp;#0;&amp;#0;&amp;#0;&amp;#0;&amp;#0;&amp;#0;&amp;#0;&amp;#0;&amp;#0;&amp;#0;&amp;#0;&amp;#0;&amp;#0;&amp;#0;&amp;#0;&amp;#0;&amp;#0;&amp;#0;&amp;#0;&amp;#0;&amp;#0;&amp;#0;&amp;#0;&amp;#0;&amp;#0;&amp;#0;&amp;#0;&amp;#0;&amp;#0;&amp;#0;&amp;#0;&amp;#0;&amp;#0;&amp;#0;&amp;#0;&amp;#0;&amp;#0;&amp;#0;&amp;#0;&amp;#0;&amp;#0;&amp;#0;&amp;#0;&amp;#0;&amp;#0;&amp;#0;&amp;#0;&amp;#0;&amp;#0;&amp;#0;&amp;#0;&amp;#0;&amp;#0;&amp;#0;&amp;#0;&amp;#0;&amp;#0;&amp;#0;&amp;#0;&amp;#0;&amp;#0;&amp;#0;&amp;#0;&amp;#0;&amp;#0;&amp;#0;&amp;#0;&amp;#0;&amp;#0;&amp;#0;&amp;#0;&amp;#0;&amp;#0;&amp;#0;&amp;#0;&amp;#0;&amp;#0;&amp;#0;&amp;#0;&amp;#0;&amp;#0;&amp;#0;&amp;#0;&amp;#0;&amp;#0;&amp;#0;&amp;#0;&amp;#0;&amp;#0;&amp;#0;&amp;#0;&amp;#0;&amp;#0;&amp;#0;&amp;#0;&amp;#0;&amp;#0;&amp;#0;&amp;#0;&amp;#0;&amp;#0;&amp;#0;&amp;#0;&amp;#0;&amp;#0;&amp;#0;&amp;#0;&amp;#0;&amp;#0;&amp;#0;&amp;#0;&amp;#0;&amp;#0;&amp;#0;&amp;#0;&amp;#0;&amp;#0;&amp;#0;&amp;#0;&amp;#0;&amp;#0;&amp;#0;&amp;#0;&amp;#0;&amp;#0;&amp;#0;&amp;#0;&amp;#0;&amp;#0;&amp;#0;&amp;#0;&amp;#0;&amp;#0;&amp;#0;&amp;#0;&amp;#0;&amp;#0;&amp;#0;&amp;#0;&amp;#0;&amp;#0;&amp;#0;&amp;#0;&amp;#0;&amp;#0;&amp;#0;&amp;#0;&amp;#0;&amp;#0;&amp;#0;&amp;#0;&amp;#0;&amp;#0;&amp;#0;&amp;#0;&amp;#0;&amp;#0;&amp;#0;&amp;#0;&amp;#0;&amp;#0;&amp;#0;&amp;#0;&amp;#0;&amp;#0;&amp;#0;&amp;#0;&amp;#0;&amp;#0;&amp;#0;&amp;#0;&amp;#0;&amp;#0;&amp;#0;&amp;#0;&amp;#0;&amp;#0;&amp;#0;&amp;#0;&amp;#0;&amp;#0;&amp;#0;&amp;#0;&amp;#0;&amp;#0;&amp;#0;&amp;#0;&amp;#0;&amp;#0;&amp;#0;&amp;#0;&amp;#0;&amp;#0;&amp;#0;&amp;#0;&amp;#0;&amp;#0;&amp;#0;&amp;#0;&amp;#0;&amp;#0;&amp;#0;&amp;#0;&amp;#0;&amp;#0;&amp;#0;&amp;#0;&amp;#0;&amp;#0;&amp;#0;&amp;#0;&amp;#0;&amp;#0;&amp;#0;&amp;#0;&amp;#0;&amp;#0;&amp;#0;&amp;#0;&amp;#0;&amp;#0;&amp;#0;&amp;#0;&amp;#0;&amp;#0;&amp;#0;&amp;#0;&amp;#0;&amp;#0;&amp;#0;&amp;#0;&amp;#0;&amp;#0;&amp;#0;&amp;#0;&amp;#0;&amp;#0;&amp;#0;&amp;#0;&amp;#0;&amp;#0;&amp;#0;&amp;#0;&amp;#0;&amp;#0;&amp;#0;&amp;#0;&amp;#0;&amp;#0;&amp;#0;&amp;#0;&amp;#0;&amp;#0;&amp;#0;&amp;#0;&amp;#0;&amp;#0;&amp;#0;&amp;#0;&amp;#0;&amp;#0;&amp;#0;&amp;#0;&amp;#0;&amp;#0;&amp;#0;&amp;#0;&amp;#0;&amp;#0;&amp;#0;&amp;#0;&amp;#0;&amp;#0;&amp;#0;&amp;#0;&amp;#0;&amp;#0;&amp;#0;&amp;#0;&amp;#0;&amp;#0;&amp;#0;&amp;#0;&amp;#0;&amp;#0;&amp;#0;&amp;#0;&amp;#0;&amp;#0;&amp;#0;&amp;#0;&amp;#0;&amp;#0;&amp;#0;&amp;#0;&amp;#0;&amp;#0;&amp;#0;&amp;#0;&amp;#0;&amp;#0;&amp;#0;
14:06:38.016 [main] ERROR - Je passe ici ------------------------------------------------------
14:06:38.017 [main] ERROR - Exception occured during compilation!
java.util.MissingFormatArgumentException: Format specifier &apos;%s&apos;
	at java.util.Formatter.format(Formatter.java:2519) ~[?:1.8.0_91]
	at java.io.PrintWriter.format(PrintWriter.java:905) ~[?:1.8.0_91]
	at java.io.PrintWriter.printf(PrintWriter.java:804) ~[?:1.8.0_91]
	at be.unamur.info.b314.compiler.Visitor.PCodePrinter.printSetTo(PCodePrinter.java:78) ~[classes/:?]
	at be.unamur.info.b314.compiler.Visitor.PCodeVisitor.visitVarDecl(PCodeVisitor.java:625) ~[classes/:?]
	at be.unamur.info.b314.compiler.B314Parser$VarDeclContext.accept(B314Parser.java:405) ~[classes/:?]
	at be.unamur.info.b314.compiler.Visitor.PCodeVisitor.visitProgramme(PCodeVisitor.java:64) ~[classes/:?]
	at be.unamur.info.b314.compiler.B314Parser$ProgrammeContext.accept(B314Parser.java:4028) ~[classes/:?]
	at be.unamur.info.b314.compiler.main.Main.printPCode(Main.java:236) ~[classes/:?]
	at be.unamur.info.b314.compiler.main.Main.compile(Main.java:199) ~[classes/:?]
	at be.unamur.info.b314.compiler.main.Main.main(Main.java:79) [classes/:?]
	at be.unamur.info.b314.compiler.main.CompilerTestHelper.launchCompilation(CompilerTestHelper.java:35) [test-classes/:?]
	at be.unamur.info.b314.compiler.main.B314localvariabledeclSyntaxTest.testlocalvariabledecl_when_local_variable_same_names_as_global_ok(B314localvariabledeclSyntaxTest.java:89) [test-classes/:?]
	at sun.reflect.NativeMethodAccessorImpl.invoke0(Native Method) ~[?:1.8.0_91]
	at sun.reflect.NativeMethodAccessorImpl.invoke(NativeMethodAccessorImpl.java:62) ~[?:1.8.0_91]
	at sun.reflect.DelegatingMethodAccessorImpl.invoke(DelegatingMethodAccessorImpl.java:43) ~[?:1.8.0_91]
	at java.lang.reflect.Method.invoke(Method.java:498) ~[?:1.8.0_91]
	at org.junit.runners.model.FrameworkMethod$1.runReflectiveCall(FrameworkMethod.java:50) [junit-4.12.jar:4.12]
	at org.junit.internal.runners.model.ReflectiveCallable.run(ReflectiveCallable.java:12) [junit-4.12.jar:4.12]
	at org.junit.runners.model.FrameworkMethod.invokeExplosively(FrameworkMethod.java:47) [junit-4.12.jar:4.12]
	at org.junit.internal.runners.statements.InvokeMethod.evaluate(InvokeMethod.java:17) [junit-4.12.jar:4.12]
	at org.junit.rules.ExternalResource$1.evaluate(ExternalResource.java:48) [junit-4.12.jar:4.12]
	at org.junit.rules.TestWatcher$1.evaluate(TestWatcher.java:55) [junit-4.12.jar:4.12]
	at org.junit.rules.RunRules.evaluate(RunRules.java:20) [junit-4.12.jar:4.12]
	at org.junit.runners.ParentRunner.runLeaf(ParentRunner.java:325) [junit-4.12.jar:4.12]
	at org.junit.runners.BlockJUnit4ClassRunner.runChild(BlockJUnit4ClassRunner.java:78) [junit-4.12.jar:4.12]
	at org.junit.runners.BlockJUnit4ClassRunner.runChild(BlockJUnit4ClassRunner.java:57) [junit-4.12.jar:4.12]
	at org.junit.runners.ParentRunner$3.run(ParentRunner.java:290) [junit-4.12.jar:4.12]
	at org.junit.runners.ParentRunner$1.schedule(ParentRunner.java:71) [junit-4.12.jar:4.12]
	at org.junit.runners.ParentRunner.runChildren(ParentRunner.java:288) [junit-4.12.jar:4.12]
	at org.junit.runners.ParentRunner.access$000(ParentRunner.java:58) [junit-4.12.jar:4.12]
	at org.junit.runners.ParentRunner$2.evaluate(ParentRunner.java:268) [junit-4.12.jar:4.12]
	at org.junit.runners.ParentRunner.run(ParentRunner.java:363) [junit-4.12.jar:4.12]
	at org.apache.maven.surefire.junit4.JUnit4TestSet.execute(JUnit4TestSet.java:53) [surefire-junit4-2.10.jar:2.10]
	at org.apache.maven.surefire.junit4.JUnit4Provider.executeTestSet(JUnit4Provider.java:123) [surefire-junit4-2.10.jar:2.10]
	at org.apache.maven.surefire.junit4.JUnit4Provider.invoke(JUnit4Provider.java:104) [surefire-junit4-2.10.jar:2.10]
	at sun.reflect.NativeMethodAccessorImpl.invoke0(Native Method) ~[?:1.8.0_91]
	at sun.reflect.NativeMethodAccessorImpl.invoke(NativeMethodAccessorImpl.java:62) ~[?:1.8.0_91]
	at sun.reflect.DelegatingMethodAccessorImpl.invoke(DelegatingMethodAccessorImpl.java:43) ~[?:1.8.0_91]
	at java.lang.reflect.Method.invoke(Method.java:498) ~[?:1.8.0_91]
	at org.apache.maven.surefire.util.ReflectionUtils.invokeMethodWithArray(ReflectionUtils.java:164) [surefire-api-2.10.jar:2.10]
	at org.apache.maven.surefire.booter.ProviderFactory$ProviderProxy.invoke(ProviderFactory.java:110) [surefire-booter-2.10.jar:2.10]
	at org.apache.maven.surefire.booter.SurefireStarter.invokeProvider(SurefireStarter.java:175) [surefire-booter-2.10.jar:2.10]
	at org.apache.maven.surefire.booter.SurefireStarter.runSuitesInProcessWhenForked(SurefireStarter.java:107) [surefire-booter-2.10.jar:2.10]
	at org.apache.maven.surefire.booter.ForkedBooter.main(ForkedBooter.java:68) [surefire-booter-2.10.jar:2.10]
</system-out>
  </testcase>
  <testcase classname="be.unamur.info.b314.compiler.main.B314localvariabledeclSyntaxTest" name="testlocalvariabledecl_fct_local_var_same_names_ko" time="0.011"/>
  <testcase classname="be.unamur.info.b314.compiler.main.B314localvariabledeclSyntaxTest" name="testlocalvariabledecl_when_local_var_diff_names_than_global_vars_ok" time="0.014">
    <failure message="localvariabledecl: when_local_var_diff_names_than_global_vars
Expected: a string ending with &quot;OK\r\n&quot;
     but: was &quot;KO
&quot;" type="java.lang.AssertionError">java.lang.AssertionError: localvariabledecl: when_local_var_diff_names_than_global_vars
Expected: a string ending with &quot;OK\r\n&quot;
     but: was &quot;KO
&quot;
	at org.hamcrest.MatcherAssert.assertThat(MatcherAssert.java:20)
	at org.junit.Assert.assertThat(Assert.java:956)
	at be.unamur.info.b314.compiler.main.CompilerTestHelper.launchCompilation(CompilerTestHelper.java:42)
	at be.unamur.info.b314.compiler.main.B314localvariabledeclSyntaxTest.testlocalvariabledecl_when_local_var_diff_names_than_global_vars_ok(B314localvariabledeclSyntaxTest.java:64)
	at sun.reflect.NativeMethodAccessorImpl.invoke0(Native Method)
	at sun.reflect.NativeMethodAccessorImpl.invoke(NativeMethodAccessorImpl.java:62)
	at sun.reflect.DelegatingMethodAccessorImpl.invoke(DelegatingMethodAccessorImpl.java:43)
	at java.lang.reflect.Method.invoke(Method.java:498)
	at org.junit.runners.model.FrameworkMethod$1.runReflectiveCall(FrameworkMethod.java:50)
	at org.junit.internal.runners.model.ReflectiveCallable.run(ReflectiveCallable.java:12)
	at org.junit.runners.model.FrameworkMethod.invokeExplosively(FrameworkMethod.java:47)
	at org.junit.internal.runners.statements.InvokeMethod.evaluate(InvokeMethod.java:17)
	at org.junit.rules.ExternalResource$1.evaluate(ExternalResource.java:48)
	at org.junit.rules.TestWatcher$1.evaluate(TestWatcher.java:55)
	at org.junit.rules.RunRules.evaluate(RunRules.java:20)
	at org.junit.runners.ParentRunner.runLeaf(ParentRunner.java:325)
	at org.junit.runners.BlockJUnit4ClassRunner.runChild(BlockJUnit4ClassRunner.java:78)
	at org.junit.runners.BlockJUnit4ClassRunner.runChild(BlockJUnit4ClassRunner.java:57)
	at org.junit.runners.ParentRunner$3.run(ParentRunner.java:290)
	at org.junit.runners.ParentRunner$1.schedule(ParentRunner.java:71)
	at org.junit.runners.ParentRunner.runChildren(ParentRunner.java:288)
	at org.junit.runners.ParentRunner.access$000(ParentRunner.java:58)
	at org.junit.runners.ParentRunner$2.evaluate(ParentRunner.java:268)
	at org.junit.runners.ParentRunner.run(ParentRunner.java:363)
	at org.apache.maven.surefire.junit4.JUnit4TestSet.execute(JUnit4TestSet.java:53)
	at org.apache.maven.surefire.junit4.JUnit4Provider.executeTestSet(JUnit4Provider.java:123)
	at org.apache.maven.surefire.junit4.JUnit4Provider.invoke(JUnit4Provider.java:104)
	at sun.reflect.NativeMethodAccessorImpl.invoke0(Native Method)
	at sun.reflect.NativeMethodAccessorImpl.invoke(NativeMethodAccessorImpl.java:62)
	at sun.reflect.DelegatingMethodAccessorImpl.invoke(DelegatingMethodAccessorImpl.java:43)
	at java.lang.reflect.Method.invoke(Method.java:498)
	at org.apache.maven.surefire.util.ReflectionUtils.invokeMethodWithArray(ReflectionUtils.java:164)
	at org.apache.maven.surefire.booter.ProviderFactory$ProviderProxy.invoke(ProviderFactory.java:110)
	at org.apache.maven.surefire.booter.SurefireStarter.invokeProvider(SurefireStarter.java:175)
	at org.apache.maven.surefire.booter.SurefireStarter.runSuitesInProcessWhenForked(SurefireStarter.java:107)
	at org.apache.maven.surefire.booter.ForkedBooter.main(ForkedBooter.java:68)
</failure>
    <system-out>14:06:38.027 [main] INFO  - Starting test: testlocalvariabledecl_when_local_var_diff_names_than_global_vars_ok()...
org.apache.commons.cli.CommandLine@3359c978
14:06:38.029 [main] DEBUG - Initialisation
14:06:38.029 [main] DEBUG - Input file set to C:\Users\jessi\Documents\b314-Jour-MonkeyIsland\target\test-classes\syntax\localvariabledecl\ok\when_local_var_diff_names_than_global_vars.b314
14:06:38.030 [main] DEBUG - Output file set to C:\Users\jessi\AppData\Local\Temp\junit5574758422831069367\junit2587592492437338520.tmp
14:06:38.030 [main] DEBUG - Initialisation: done
jessica1
14:06:38.030 [main] DEBUG - Parsing input
/* My comments */ 
declare and retain 
	b1 as boolean;
	b2 as boolean;
    i1 as integer; 
    i2 as integer;
    i3 as integer;
    s1 as square;
    s2 as square;
    v1 as boolean[5, 7];
    v2 as integer[42];

    fct1 as function():square
    	do
    		skip
    	done 

    fct2 as function(x as integer, y as boolean):integer
    	do
    		skip
    	done 

    fct3 as function():boolean
    	do
    		skip
    	done 

    fct4 as function():square
    	do
    		skip
    	done 

    fct5 as function(x as integer, y as boolean, z as square):integer
    	do
    		skip
    	done 
    	
when your turn 

	when true and b1 or v1[0, i1 + 2 * 5] do
		if b1 and i1 = 2 then
			while i1 &lt; i3 do
				set i2 to i1 + 1
			done
		else
			if s1 = ammo then
				next do nothing
			done
		done
	done 

	when false do
		skip
	done

	when not graal is north and i2 &gt; 5 and v2[4] &lt; 42 or s1 = dirt do
    	compute fct1()
    	set s1 to fct1()
    	if fct5(i1 + 2, s2 = ammo, ennemi) &gt; 2 then
    		skip
    	done
    	while fct3() do
    		skip
    	done
    	next move west
	done

	by default 
	declare local
		loc1 as integer;
		loc2 as boolean;
		loc3 as square;
		loc4 as integer[5];
	do 
		compute loc1 + 2 - loc4[0 + 1 - i1] = 5 and not loc2 or loc3 = dirt
	done&amp;#0;&amp;#0;&amp;#0;&amp;#0;&amp;#0;&amp;#0;&amp;#0;&amp;#0;&amp;#0;&amp;#0;&amp;#0;&amp;#0;&amp;#0;&amp;#0;&amp;#0;&amp;#0;&amp;#0;&amp;#0;&amp;#0;&amp;#0;&amp;#0;&amp;#0;&amp;#0;&amp;#0;&amp;#0;&amp;#0;&amp;#0;&amp;#0;&amp;#0;&amp;#0;&amp;#0;&amp;#0;&amp;#0;&amp;#0;&amp;#0;&amp;#0;&amp;#0;&amp;#0;&amp;#0;&amp;#0;&amp;#0;&amp;#0;&amp;#0;&amp;#0;&amp;#0;&amp;#0;&amp;#0;&amp;#0;&amp;#0;&amp;#0;&amp;#0;&amp;#0;&amp;#0;&amp;#0;&amp;#0;&amp;#0;&amp;#0;&amp;#0;&amp;#0;&amp;#0;&amp;#0;&amp;#0;&amp;#0;&amp;#0;&amp;#0;&amp;#0;&amp;#0;&amp;#0;&amp;#0;&amp;#0;&amp;#0;&amp;#0;&amp;#0;&amp;#0;&amp;#0;&amp;#0;&amp;#0;&amp;#0;&amp;#0;&amp;#0;&amp;#0;&amp;#0;&amp;#0;&amp;#0;&amp;#0;&amp;#0;&amp;#0;&amp;#0;&amp;#0;&amp;#0;&amp;#0;&amp;#0;&amp;#0;&amp;#0;&amp;#0;&amp;#0;&amp;#0;&amp;#0;&amp;#0;&amp;#0;&amp;#0;&amp;#0;&amp;#0;&amp;#0;&amp;#0;&amp;#0;&amp;#0;&amp;#0;&amp;#0;&amp;#0;&amp;#0;&amp;#0;&amp;#0;&amp;#0;&amp;#0;&amp;#0;&amp;#0;&amp;#0;&amp;#0;&amp;#0;&amp;#0;&amp;#0;&amp;#0;&amp;#0;&amp;#0;&amp;#0;&amp;#0;&amp;#0;&amp;#0;&amp;#0;&amp;#0;&amp;#0;&amp;#0;&amp;#0;&amp;#0;&amp;#0;&amp;#0;&amp;#0;&amp;#0;&amp;#0;&amp;#0;&amp;#0;&amp;#0;&amp;#0;&amp;#0;&amp;#0;&amp;#0;&amp;#0;&amp;#0;&amp;#0;&amp;#0;&amp;#0;&amp;#0;&amp;#0;&amp;#0;&amp;#0;&amp;#0;&amp;#0;&amp;#0;&amp;#0;&amp;#0;&amp;#0;&amp;#0;&amp;#0;&amp;#0;&amp;#0;&amp;#0;&amp;#0;&amp;#0;&amp;#0;&amp;#0;&amp;#0;&amp;#0;&amp;#0;&amp;#0;&amp;#0;&amp;#0;&amp;#0;&amp;#0;&amp;#0;&amp;#0;&amp;#0;&amp;#0;&amp;#0;&amp;#0;&amp;#0;&amp;#0;&amp;#0;&amp;#0;&amp;#0;&amp;#0;&amp;#0;&amp;#0;&amp;#0;&amp;#0;&amp;#0;&amp;#0;&amp;#0;&amp;#0;&amp;#0;&amp;#0;&amp;#0;&amp;#0;&amp;#0;&amp;#0;&amp;#0;&amp;#0;&amp;#0;&amp;#0;&amp;#0;&amp;#0;&amp;#0;&amp;#0;&amp;#0;&amp;#0;&amp;#0;&amp;#0;&amp;#0;&amp;#0;&amp;#0;&amp;#0;&amp;#0;&amp;#0;&amp;#0;&amp;#0;&amp;#0;&amp;#0;&amp;#0;&amp;#0;&amp;#0;&amp;#0;&amp;#0;&amp;#0;&amp;#0;&amp;#0;&amp;#0;&amp;#0;&amp;#0;&amp;#0;&amp;#0;&amp;#0;&amp;#0;&amp;#0;&amp;#0;&amp;#0;&amp;#0;&amp;#0;&amp;#0;&amp;#0;&amp;#0;&amp;#0;&amp;#0;&amp;#0;&amp;#0;&amp;#0;&amp;#0;&amp;#0;&amp;#0;&amp;#0;&amp;#0;&amp;#0;&amp;#0;&amp;#0;&amp;#0;&amp;#0;&amp;#0;&amp;#0;&amp;#0;&amp;#0;&amp;#0;&amp;#0;&amp;#0;&amp;#0;&amp;#0;&amp;#0;&amp;#0;&amp;#0;&amp;#0;&amp;#0;&amp;#0;&amp;#0;&amp;#0;&amp;#0;&amp;#0;&amp;#0;&amp;#0;&amp;#0;&amp;#0;&amp;#0;&amp;#0;&amp;#0;&amp;#0;&amp;#0;&amp;#0;&amp;#0;&amp;#0;&amp;#0;&amp;#0;&amp;#0;&amp;#0;&amp;#0;&amp;#0;&amp;#0;&amp;#0;&amp;#0;&amp;#0;&amp;#0;&amp;#0;&amp;#0;&amp;#0;&amp;#0;&amp;#0;&amp;#0;&amp;#0;&amp;#0;&amp;#0;&amp;#0;&amp;#0;&amp;#0;&amp;#0;&amp;#0;&amp;#0;&amp;#0;&amp;#0;&amp;#0;&amp;#0;&amp;#0;&amp;#0;&amp;#0;&amp;#0;&amp;#0;&amp;#0;&amp;#0;&amp;#0;&amp;#0;&amp;#0;&amp;#0;&amp;#0;&amp;#0;&amp;#0;&amp;#0;&amp;#0;&amp;#0;&amp;#0;&amp;#0;&amp;#0;&amp;#0;&amp;#0;&amp;#0;&amp;#0;&amp;#0;&amp;#0;&amp;#0;&amp;#0;&amp;#0;&amp;#0;&amp;#0;&amp;#0;&amp;#0;&amp;#0;&amp;#0;&amp;#0;&amp;#0;&amp;#0;&amp;#0;&amp;#0;&amp;#0;&amp;#0;&amp;#0;&amp;#0;&amp;#0;&amp;#0;&amp;#0;&amp;#0;&amp;#0;&amp;#0;&amp;#0;&amp;#0;&amp;#0;&amp;#0;&amp;#0;&amp;#0;&amp;#0;&amp;#0;&amp;#0;&amp;#0;&amp;#0;&amp;#0;&amp;#0;&amp;#0;&amp;#0;&amp;#0;&amp;#0;&amp;#0;&amp;#0;&amp;#0;&amp;#0;&amp;#0;&amp;#0;&amp;#0;&amp;#0;&amp;#0;&amp;#0;&amp;#0;&amp;#0;&amp;#0;&amp;#0;&amp;#0;&amp;#0;&amp;#0;&amp;#0;&amp;#0;&amp;#0;&amp;#0;&amp;#0;&amp;#0;&amp;#0;&amp;#0;&amp;#0;&amp;#0;&amp;#0;&amp;#0;&amp;#0;&amp;#0;&amp;#0;&amp;#0;&amp;#0;&amp;#0;&amp;#0;&amp;#0;&amp;#0;&amp;#0;&amp;#0;&amp;#0;&amp;#0;&amp;#0;&amp;#0;&amp;#0;&amp;#0;&amp;#0;&amp;#0;&amp;#0;&amp;#0;&amp;#0;&amp;#0;&amp;#0;&amp;#0;&amp;#0;&amp;#0;&amp;#0;&amp;#0;&amp;#0;&amp;#0;&amp;#0;&amp;#0;&amp;#0;&amp;#0;&amp;#0;&amp;#0;&amp;#0;&amp;#0;&amp;#0;&amp;#0;&amp;#0;&amp;#0;&amp;#0;&amp;#0;&amp;#0;&amp;#0;&amp;#0;&amp;#0;&amp;#0;&amp;#0;&amp;#0;&amp;#0;&amp;#0;&amp;#0;&amp;#0;&amp;#0;&amp;#0;&amp;#0;&amp;#0;&amp;#0;&amp;#0;&amp;#0;&amp;#0;&amp;#0;&amp;#0;&amp;#0;&amp;#0;&amp;#0;&amp;#0;&amp;#0;&amp;#0;&amp;#0;&amp;#0;&amp;#0;&amp;#0;&amp;#0;&amp;#0;&amp;#0;&amp;#0;&amp;#0;&amp;#0;&amp;#0;&amp;#0;&amp;#0;&amp;#0;&amp;#0;&amp;#0;&amp;#0;&amp;#0;&amp;#0;&amp;#0;&amp;#0;&amp;#0;&amp;#0;&amp;#0;&amp;#0;&amp;#0;&amp;#0;&amp;#0;&amp;#0;&amp;#0;&amp;#0;&amp;#0;&amp;#0;&amp;#0;&amp;#0;&amp;#0;&amp;#0;&amp;#0;&amp;#0;&amp;#0;&amp;#0;&amp;#0;&amp;#0;&amp;#0;&amp;#0;&amp;#0;&amp;#0;&amp;#0;&amp;#0;&amp;#0;&amp;#0;&amp;#0;&amp;#0;&amp;#0;&amp;#0;&amp;#0;&amp;#0;&amp;#0;&amp;#0;&amp;#0;&amp;#0;&amp;#0;&amp;#0;&amp;#0;&amp;#0;&amp;#0;&amp;#0;&amp;#0;&amp;#0;&amp;#0;&amp;#0;&amp;#0;&amp;#0;&amp;#0;&amp;#0;&amp;#0;&amp;#0;&amp;#0;&amp;#0;&amp;#0;&amp;#0;&amp;#0;&amp;#0;&amp;#0;&amp;#0;&amp;#0;&amp;#0;&amp;#0;&amp;#0;&amp;#0;&amp;#0;&amp;#0;&amp;#0;&amp;#0;&amp;#0;&amp;#0;&amp;#0;&amp;#0;&amp;#0;&amp;#0;&amp;#0;&amp;#0;&amp;#0;&amp;#0;&amp;#0;&amp;#0;&amp;#0;&amp;#0;&amp;#0;&amp;#0;&amp;#0;&amp;#0;&amp;#0;&amp;#0;&amp;#0;&amp;#0;&amp;#0;&amp;#0;&amp;#0;&amp;#0;&amp;#0;&amp;#0;&amp;#0;&amp;#0;&amp;#0;&amp;#0;&amp;#0;&amp;#0;&amp;#0;&amp;#0;&amp;#0;&amp;#0;&amp;#0;&amp;#0;&amp;#0;&amp;#0;&amp;#0;&amp;#0;&amp;#0;&amp;#0;&amp;#0;&amp;#0;&amp;#0;&amp;#0;&amp;#0;&amp;#0;&amp;#0;&amp;#0;&amp;#0;&amp;#0;&amp;#0;&amp;#0;&amp;#0;&amp;#0;&amp;#0;&amp;#0;&amp;#0;&amp;#0;&amp;#0;&amp;#0;&amp;#0;&amp;#0;&amp;#0;&amp;#0;&amp;#0;&amp;#0;&amp;#0;&amp;#0;&amp;#0;&amp;#0;&amp;#0;&amp;#0;&amp;#0;&amp;#0;&amp;#0;&amp;#0;&amp;#0;&amp;#0;&amp;#0;&amp;#0;&amp;#0;&amp;#0;&amp;#0;&amp;#0;&amp;#0;&amp;#0;&amp;#0;&amp;#0;&amp;#0;&amp;#0;&amp;#0;&amp;#0;&amp;#0;&amp;#0;&amp;#0;&amp;#0;&amp;#0;&amp;#0;&amp;#0;&amp;#0;&amp;#0;&amp;#0;&amp;#0;&amp;#0;&amp;#0;&amp;#0;&amp;#0;&amp;#0;&amp;#0;&amp;#0;&amp;#0;&amp;#0;&amp;#0;&amp;#0;&amp;#0;&amp;#0;&amp;#0;&amp;#0;&amp;#0;&amp;#0;&amp;#0;&amp;#0;&amp;#0;&amp;#0;&amp;#0;&amp;#0;&amp;#0;&amp;#0;&amp;#0;&amp;#0;&amp;#0;&amp;#0;&amp;#0;&amp;#0;&amp;#0;&amp;#0;&amp;#0;&amp;#0;&amp;#0;&amp;#0;&amp;#0;&amp;#0;&amp;#0;&amp;#0;&amp;#0;&amp;#0;&amp;#0;&amp;#0;&amp;#0;&amp;#0;&amp;#0;&amp;#0;&amp;#0;&amp;#0;&amp;#0;&amp;#0;&amp;#0;&amp;#0;&amp;#0;&amp;#0;&amp;#0;&amp;#0;&amp;#0;&amp;#0;&amp;#0;&amp;#0;&amp;#0;&amp;#0;&amp;#0;&amp;#0;&amp;#0;&amp;#0;&amp;#0;&amp;#0;&amp;#0;&amp;#0;&amp;#0;&amp;#0;&amp;#0;&amp;#0;&amp;#0;&amp;#0;&amp;#0;&amp;#0;&amp;#0;&amp;#0;&amp;#0;&amp;#0;&amp;#0;&amp;#0;&amp;#0;&amp;#0;&amp;#0;&amp;#0;&amp;#0;&amp;#0;&amp;#0;&amp;#0;&amp;#0;&amp;#0;&amp;#0;&amp;#0;&amp;#0;&amp;#0;&amp;#0;&amp;#0;&amp;#0;&amp;#0;&amp;#0;&amp;#0;&amp;#0;&amp;#0;&amp;#0;&amp;#0;&amp;#0;&amp;#0;&amp;#0;&amp;#0;&amp;#0;&amp;#0;&amp;#0;&amp;#0;&amp;#0;&amp;#0;&amp;#0;&amp;#0;&amp;#0;&amp;#0;&amp;#0;&amp;#0;&amp;#0;&amp;#0;&amp;#0;&amp;#0;&amp;#0;&amp;#0;&amp;#0;&amp;#0;&amp;#0;&amp;#0;&amp;#0;&amp;#0;&amp;#0;&amp;#0;&amp;#0;&amp;#0;&amp;#0;&amp;#0;&amp;#0;&amp;#0;&amp;#0;&amp;#0;&amp;#0;&amp;#0;&amp;#0;&amp;#0;&amp;#0;&amp;#0;&amp;#0;&amp;#0;&amp;#0;&amp;#0;&amp;#0;&amp;#0;&amp;#0;&amp;#0;&amp;#0;&amp;#0;&amp;#0;&amp;#0;&amp;#0;&amp;#0;&amp;#0;&amp;#0;&amp;#0;&amp;#0;&amp;#0;&amp;#0;&amp;#0;&amp;#0;&amp;#0;&amp;#0;&amp;#0;&amp;#0;&amp;#0;&amp;#0;&amp;#0;&amp;#0;&amp;#0;&amp;#0;&amp;#0;&amp;#0;&amp;#0;&amp;#0;&amp;#0;&amp;#0;&amp;#0;&amp;#0;&amp;#0;&amp;#0;&amp;#0;&amp;#0;&amp;#0;&amp;#0;&amp;#0;&amp;#0;&amp;#0;&amp;#0;&amp;#0;&amp;#0;&amp;#0;&amp;#0;&amp;#0;&amp;#0;&amp;#0;&amp;#0;&amp;#0;&amp;#0;&amp;#0;&amp;#0;&amp;#0;&amp;#0;&amp;#0;&amp;#0;&amp;#0;&amp;#0;&amp;#0;&amp;#0;&amp;#0;&amp;#0;&amp;#0;&amp;#0;&amp;#0;&amp;#0;&amp;#0;&amp;#0;&amp;#0;&amp;#0;&amp;#0;&amp;#0;&amp;#0;&amp;#0;&amp;#0;&amp;#0;&amp;#0;&amp;#0;&amp;#0;&amp;#0;&amp;#0;&amp;#0;&amp;#0;&amp;#0;&amp;#0;&amp;#0;&amp;#0;&amp;#0;&amp;#0;&amp;#0;&amp;#0;&amp;#0;&amp;#0;&amp;#0;&amp;#0;&amp;#0;&amp;#0;&amp;#0;&amp;#0;&amp;#0;&amp;#0;&amp;#0;&amp;#0;&amp;#0;&amp;#0;&amp;#0;&amp;#0;&amp;#0;&amp;#0;&amp;#0;&amp;#0;&amp;#0;&amp;#0;&amp;#0;&amp;#0;&amp;#0;&amp;#0;&amp;#0;&amp;#0;&amp;#0;&amp;#0;&amp;#0;&amp;#0;&amp;#0;&amp;#0;&amp;#0;&amp;#0;&amp;#0;&amp;#0;&amp;#0;&amp;#0;&amp;#0;&amp;#0;&amp;#0;&amp;#0;&amp;#0;&amp;#0;&amp;#0;&amp;#0;&amp;#0;&amp;#0;&amp;#0;&amp;#0;&amp;#0;&amp;#0;&amp;#0;&amp;#0;&amp;#0;&amp;#0;&amp;#0;&amp;#0;&amp;#0;&amp;#0;&amp;#0;&amp;#0;&amp;#0;&amp;#0;&amp;#0;&amp;#0;&amp;#0;&amp;#0;&amp;#0;&amp;#0;&amp;#0;&amp;#0;&amp;#0;&amp;#0;&amp;#0;&amp;#0;&amp;#0;&amp;#0;&amp;#0;&amp;#0;&amp;#0;&amp;#0;&amp;#0;&amp;#0;&amp;#0;&amp;#0;&amp;#0;&amp;#0;&amp;#0;&amp;#0;&amp;#0;&amp;#0;&amp;#0;&amp;#0;&amp;#0;&amp;#0;&amp;#0;&amp;#0;&amp;#0;&amp;#0;&amp;#0;&amp;#0;&amp;#0;&amp;#0;&amp;#0;&amp;#0;&amp;#0;&amp;#0;&amp;#0;&amp;#0;&amp;#0;&amp;#0;&amp;#0;&amp;#0;&amp;#0;&amp;#0;&amp;#0;&amp;#0;&amp;#0;&amp;#0;&amp;#0;&amp;#0;&amp;#0;&amp;#0;&amp;#0;&amp;#0;&amp;#0;&amp;#0;&amp;#0;&amp;#0;&amp;#0;&amp;#0;&amp;#0;&amp;#0;&amp;#0;&amp;#0;&amp;#0;&amp;#0;&amp;#0;&amp;#0;&amp;#0;&amp;#0;&amp;#0;&amp;#0;&amp;#0;&amp;#0;&amp;#0;&amp;#0;&amp;#0;&amp;#0;&amp;#0;&amp;#0;&amp;#0;&amp;#0;&amp;#0;&amp;#0;&amp;#0;&amp;#0;&amp;#0;&amp;#0;&amp;#0;&amp;#0;&amp;#0;&amp;#0;&amp;#0;&amp;#0;&amp;#0;&amp;#0;&amp;#0;&amp;#0;&amp;#0;&amp;#0;&amp;#0;&amp;#0;&amp;#0;&amp;#0;&amp;#0;&amp;#0;&amp;#0;&amp;#0;&amp;#0;&amp;#0;&amp;#0;&amp;#0;&amp;#0;&amp;#0;&amp;#0;&amp;#0;&amp;#0;&amp;#0;&amp;#0;&amp;#0;&amp;#0;&amp;#0;&amp;#0;&amp;#0;&amp;#0;&amp;#0;&amp;#0;&amp;#0;&amp;#0;&amp;#0;&amp;#0;&amp;#0;&amp;#0;&amp;#0;&amp;#0;&amp;#0;&amp;#0;&amp;#0;&amp;#0;&amp;#0;&amp;#0;&amp;#0;&amp;#0;&amp;#0;&amp;#0;&amp;#0;&amp;#0;&amp;#0;&amp;#0;&amp;#0;&amp;#0;&amp;#0;&amp;#0;&amp;#0;&amp;#0;&amp;#0;&amp;#0;&amp;#0;&amp;#0;&amp;#0;&amp;#0;&amp;#0;&amp;#0;&amp;#0;&amp;#0;&amp;#0;&amp;#0;&amp;#0;&amp;#0;&amp;#0;&amp;#0;&amp;#0;&amp;#0;&amp;#0;&amp;#0;&amp;#0;&amp;#0;&amp;#0;&amp;#0;&amp;#0;&amp;#0;&amp;#0;&amp;#0;&amp;#0;&amp;#0;&amp;#0;&amp;#0;&amp;#0;&amp;#0;&amp;#0;&amp;#0;&amp;#0;&amp;#0;&amp;#0;&amp;#0;&amp;#0;&amp;#0;&amp;#0;&amp;#0;&amp;#0;&amp;#0;&amp;#0;&amp;#0;&amp;#0;&amp;#0;&amp;#0;&amp;#0;&amp;#0;&amp;#0;&amp;#0;&amp;#0;&amp;#0;&amp;#0;&amp;#0;&amp;#0;&amp;#0;&amp;#0;&amp;#0;&amp;#0;&amp;#0;&amp;#0;&amp;#0;&amp;#0;&amp;#0;&amp;#0;&amp;#0;&amp;#0;&amp;#0;&amp;#0;&amp;#0;&amp;#0;&amp;#0;&amp;#0;&amp;#0;&amp;#0;&amp;#0;&amp;#0;&amp;#0;&amp;#0;&amp;#0;&amp;#0;&amp;#0;&amp;#0;&amp;#0;&amp;#0;&amp;#0;&amp;#0;&amp;#0;&amp;#0;&amp;#0;&amp;#0;&amp;#0;&amp;#0;&amp;#0;&amp;#0;&amp;#0;&amp;#0;&amp;#0;&amp;#0;&amp;#0;&amp;#0;&amp;#0;&amp;#0;&amp;#0;&amp;#0;&amp;#0;&amp;#0;&amp;#0;&amp;#0;&amp;#0;&amp;#0;&amp;#0;&amp;#0;&amp;#0;&amp;#0;&amp;#0;&amp;#0;&amp;#0;&amp;#0;&amp;#0;&amp;#0;&amp;#0;&amp;#0;&amp;#0;&amp;#0;&amp;#0;&amp;#0;&amp;#0;&amp;#0;&amp;#0;&amp;#0;&amp;#0;&amp;#0;&amp;#0;&amp;#0;&amp;#0;&amp;#0;&amp;#0;&amp;#0;&amp;#0;&amp;#0;&amp;#0;&amp;#0;&amp;#0;&amp;#0;&amp;#0;&amp;#0;&amp;#0;&amp;#0;&amp;#0;&amp;#0;&amp;#0;&amp;#0;&amp;#0;&amp;#0;&amp;#0;&amp;#0;&amp;#0;&amp;#0;&amp;#0;&amp;#0;&amp;#0;&amp;#0;&amp;#0;&amp;#0;&amp;#0;&amp;#0;&amp;#0;&amp;#0;&amp;#0;&amp;#0;&amp;#0;&amp;#0;&amp;#0;&amp;#0;&amp;#0;&amp;#0;&amp;#0;&amp;#0;&amp;#0;&amp;#0;&amp;#0;&amp;#0;&amp;#0;&amp;#0;&amp;#0;&amp;#0;&amp;#0;&amp;#0;&amp;#0;&amp;#0;&amp;#0;&amp;#0;&amp;#0;&amp;#0;&amp;#0;&amp;#0;&amp;#0;&amp;#0;&amp;#0;&amp;#0;&amp;#0;&amp;#0;&amp;#0;&amp;#0;&amp;#0;&amp;#0;&amp;#0;&amp;#0;&amp;#0;&amp;#0;&amp;#0;&amp;#0;&amp;#0;&amp;#0;&amp;#0;&amp;#0;&amp;#0;&amp;#0;&amp;#0;&amp;#0;&amp;#0;&amp;#0;&amp;#0;&amp;#0;&amp;#0;&amp;#0;&amp;#0;&amp;#0;&amp;#0;&amp;#0;&amp;#0;&amp;#0;&amp;#0;&amp;#0;&amp;#0;&amp;#0;&amp;#0;&amp;#0;&amp;#0;&amp;#0;&amp;#0;&amp;#0;&amp;#0;&amp;#0;&amp;#0;&amp;#0;&amp;#0;&amp;#0;&amp;#0;&amp;#0;&amp;#0;&amp;#0;&amp;#0;&amp;#0;&amp;#0;&amp;#0;&amp;#0;&amp;#0;&amp;#0;&amp;#0;&amp;#0;&amp;#0;&amp;#0;&amp;#0;&amp;#0;&amp;#0;&amp;#0;&amp;#0;&amp;#0;&amp;#0;&amp;#0;&amp;#0;&amp;#0;&amp;#0;&amp;#0;&amp;#0;&amp;#0;&amp;#0;&amp;#0;&amp;#0;&amp;#0;&amp;#0;&amp;#0;&amp;#0;&amp;#0;&amp;#0;&amp;#0;&amp;#0;&amp;#0;&amp;#0;&amp;#0;&amp;#0;&amp;#0;&amp;#0;&amp;#0;&amp;#0;&amp;#0;&amp;#0;&amp;#0;&amp;#0;&amp;#0;&amp;#0;&amp;#0;&amp;#0;&amp;#0;&amp;#0;&amp;#0;&amp;#0;&amp;#0;&amp;#0;&amp;#0;&amp;#0;&amp;#0;&amp;#0;&amp;#0;&amp;#0;&amp;#0;&amp;#0;&amp;#0;&amp;#0;&amp;#0;&amp;#0;&amp;#0;&amp;#0;&amp;#0;&amp;#0;&amp;#0;&amp;#0;&amp;#0;&amp;#0;&amp;#0;&amp;#0;&amp;#0;&amp;#0;&amp;#0;&amp;#0;&amp;#0;&amp;#0;&amp;#0;&amp;#0;&amp;#0;&amp;#0;&amp;#0;&amp;#0;&amp;#0;&amp;#0;&amp;#0;&amp;#0;&amp;#0;&amp;#0;&amp;#0;&amp;#0;&amp;#0;&amp;#0;&amp;#0;&amp;#0;&amp;#0;&amp;#0;&amp;#0;&amp;#0;&amp;#0;&amp;#0;&amp;#0;&amp;#0;&amp;#0;&amp;#0;&amp;#0;&amp;#0;&amp;#0;&amp;#0;&amp;#0;&amp;#0;&amp;#0;&amp;#0;&amp;#0;&amp;#0;&amp;#0;&amp;#0;&amp;#0;&amp;#0;&amp;#0;&amp;#0;&amp;#0;&amp;#0;&amp;#0;&amp;#0;&amp;#0;&amp;#0;&amp;#0;&amp;#0;&amp;#0;&amp;#0;&amp;#0;&amp;#0;&amp;#0;&amp;#0;&amp;#0;&amp;#0;&amp;#0;&amp;#0;&amp;#0;&amp;#0;&amp;#0;&amp;#0;&amp;#0;&amp;#0;&amp;#0;&amp;#0;&amp;#0;&amp;#0;&amp;#0;&amp;#0;&amp;#0;&amp;#0;&amp;#0;&amp;#0;&amp;#0;&amp;#0;&amp;#0;&amp;#0;&amp;#0;&amp;#0;&amp;#0;&amp;#0;&amp;#0;&amp;#0;&amp;#0;&amp;#0;&amp;#0;&amp;#0;&amp;#0;&amp;#0;&amp;#0;&amp;#0;&amp;#0;&amp;#0;&amp;#0;&amp;#0;&amp;#0;&amp;#0;&amp;#0;&amp;#0;&amp;#0;&amp;#0;&amp;#0;&amp;#0;&amp;#0;&amp;#0;&amp;#0;&amp;#0;&amp;#0;&amp;#0;&amp;#0;&amp;#0;&amp;#0;&amp;#0;&amp;#0;&amp;#0;&amp;#0;&amp;#0;&amp;#0;&amp;#0;&amp;#0;&amp;#0;&amp;#0;&amp;#0;&amp;#0;&amp;#0;&amp;#0;&amp;#0;&amp;#0;&amp;#0;&amp;#0;&amp;#0;&amp;#0;&amp;#0;&amp;#0;&amp;#0;&amp;#0;&amp;#0;&amp;#0;&amp;#0;&amp;#0;&amp;#0;&amp;#0;&amp;#0;&amp;#0;&amp;#0;&amp;#0;&amp;#0;&amp;#0;&amp;#0;&amp;#0;&amp;#0;&amp;#0;&amp;#0;&amp;#0;&amp;#0;&amp;#0;&amp;#0;&amp;#0;&amp;#0;&amp;#0;&amp;#0;&amp;#0;&amp;#0;&amp;#0;&amp;#0;&amp;#0;&amp;#0;&amp;#0;&amp;#0;&amp;#0;&amp;#0;&amp;#0;&amp;#0;&amp;#0;&amp;#0;&amp;#0;&amp;#0;&amp;#0;&amp;#0;&amp;#0;&amp;#0;&amp;#0;&amp;#0;&amp;#0;&amp;#0;&amp;#0;&amp;#0;&amp;#0;&amp;#0;&amp;#0;&amp;#0;&amp;#0;&amp;#0;&amp;#0;&amp;#0;&amp;#0;&amp;#0;&amp;#0;&amp;#0;&amp;#0;&amp;#0;&amp;#0;&amp;#0;&amp;#0;&amp;#0;&amp;#0;&amp;#0;&amp;#0;&amp;#0;&amp;#0;&amp;#0;&amp;#0;&amp;#0;&amp;#0;&amp;#0;&amp;#0;&amp;#0;&amp;#0;&amp;#0;&amp;#0;&amp;#0;&amp;#0;&amp;#0;&amp;#0;&amp;#0;&amp;#0;&amp;#0;&amp;#0;&amp;#0;&amp;#0;&amp;#0;&amp;#0;&amp;#0;&amp;#0;&amp;#0;&amp;#0;&amp;#0;&amp;#0;&amp;#0;&amp;#0;&amp;#0;&amp;#0;&amp;#0;&amp;#0;&amp;#0;&amp;#0;&amp;#0;&amp;#0;&amp;#0;&amp;#0;&amp;#0;&amp;#0;&amp;#0;&amp;#0;&amp;#0;&amp;#0;&amp;#0;&amp;#0;&amp;#0;&amp;#0;&amp;#0;&amp;#0;&amp;#0;&amp;#0;&amp;#0;&amp;#0;&amp;#0;&amp;#0;&amp;#0;&amp;#0;&amp;#0;&amp;#0;&amp;#0;&amp;#0;&amp;#0;&amp;#0;&amp;#0;&amp;#0;&amp;#0;&amp;#0;&amp;#0;&amp;#0;&amp;#0;&amp;#0;&amp;#0;&amp;#0;&amp;#0;&amp;#0;&amp;#0;&amp;#0;&amp;#0;&amp;#0;&amp;#0;&amp;#0;&amp;#0;&amp;#0;&amp;#0;&amp;#0;&amp;#0;&amp;#0;&amp;#0;&amp;#0;&amp;#0;&amp;#0;&amp;#0;&amp;#0;&amp;#0;&amp;#0;&amp;#0;&amp;#0;&amp;#0;&amp;#0;&amp;#0;&amp;#0;&amp;#0;&amp;#0;&amp;#0;&amp;#0;&amp;#0;&amp;#0;&amp;#0;&amp;#0;&amp;#0;&amp;#0;&amp;#0;&amp;#0;&amp;#0;&amp;#0;&amp;#0;&amp;#0;&amp;#0;&amp;#0;&amp;#0;&amp;#0;&amp;#0;&amp;#0;&amp;#0;&amp;#0;&amp;#0;&amp;#0;&amp;#0;&amp;#0;&amp;#0;&amp;#0;&amp;#0;&amp;#0;&amp;#0;&amp;#0;&amp;#0;&amp;#0;&amp;#0;&amp;#0;&amp;#0;&amp;#0;&amp;#0;&amp;#0;&amp;#0;&amp;#0;&amp;#0;&amp;#0;&amp;#0;&amp;#0;&amp;#0;&amp;#0;&amp;#0;&amp;#0;&amp;#0;&amp;#0;&amp;#0;&amp;#0;&amp;#0;&amp;#0;&amp;#0;&amp;#0;&amp;#0;&amp;#0;&amp;#0;&amp;#0;&amp;#0;&amp;#0;&amp;#0;&amp;#0;&amp;#0;&amp;#0;&amp;#0;&amp;#0;&amp;#0;&amp;#0;&amp;#0;&amp;#0;&amp;#0;&amp;#0;&amp;#0;&amp;#0;&amp;#0;&amp;#0;&amp;#0;&amp;#0;&amp;#0;&amp;#0;&amp;#0;&amp;#0;&amp;#0;&amp;#0;&amp;#0;&amp;#0;&amp;#0;&amp;#0;&amp;#0;&amp;#0;&amp;#0;&amp;#0;&amp;#0;&amp;#0;&amp;#0;&amp;#0;&amp;#0;&amp;#0;&amp;#0;&amp;#0;&amp;#0;&amp;#0;&amp;#0;&amp;#0;&amp;#0;&amp;#0;&amp;#0;&amp;#0;&amp;#0;&amp;#0;&amp;#0;&amp;#0;&amp;#0;&amp;#0;&amp;#0;&amp;#0;&amp;#0;&amp;#0;&amp;#0;&amp;#0;&amp;#0;&amp;#0;&amp;#0;&amp;#0;&amp;#0;&amp;#0;&amp;#0;&amp;#0;&amp;#0;&amp;#0;&amp;#0;&amp;#0;&amp;#0;&amp;#0;&amp;#0;&amp;#0;&amp;#0;&amp;#0;&amp;#0;&amp;#0;&amp;#0;&amp;#0;&amp;#0;&amp;#0;&amp;#0;&amp;#0;&amp;#0;&amp;#0;&amp;#0;&amp;#0;&amp;#0;&amp;#0;&amp;#0;&amp;#0;&amp;#0;&amp;#0;&amp;#0;&amp;#0;&amp;#0;&amp;#0;&amp;#0;&amp;#0;&amp;#0;&amp;#0;&amp;#0;&amp;#0;&amp;#0;&amp;#0;&amp;#0;&amp;#0;&amp;#0;&amp;#0;&amp;#0;&amp;#0;&amp;#0;&amp;#0;&amp;#0;&amp;#0;&amp;#0;&amp;#0;&amp;#0;&amp;#0;&amp;#0;&amp;#0;&amp;#0;&amp;#0;&amp;#0;&amp;#0;&amp;#0;&amp;#0;&amp;#0;&amp;#0;&amp;#0;&amp;#0;&amp;#0;&amp;#0;&amp;#0;&amp;#0;&amp;#0;&amp;#0;&amp;#0;&amp;#0;&amp;#0;&amp;#0;&amp;#0;&amp;#0;&amp;#0;&amp;#0;&amp;#0;&amp;#0;&amp;#0;&amp;#0;&amp;#0;&amp;#0;&amp;#0;&amp;#0;&amp;#0;&amp;#0;&amp;#0;&amp;#0;&amp;#0;&amp;#0;&amp;#0;&amp;#0;&amp;#0;&amp;#0;&amp;#0;&amp;#0;&amp;#0;&amp;#0;&amp;#0;&amp;#0;&amp;#0;&amp;#0;&amp;#0;&amp;#0;&amp;#0;&amp;#0;&amp;#0;&amp;#0;&amp;#0;&amp;#0;&amp;#0;&amp;#0;&amp;#0;&amp;#0;&amp;#0;&amp;#0;&amp;#0;&amp;#0;&amp;#0;&amp;#0;&amp;#0;&amp;#0;&amp;#0;&amp;#0;&amp;#0;&amp;#0;&amp;#0;&amp;#0;&amp;#0;&amp;#0;&amp;#0;&amp;#0;&amp;#0;&amp;#0;&amp;#0;&amp;#0;&amp;#0;&amp;#0;&amp;#0;&amp;#0;&amp;#0;&amp;#0;&amp;#0;&amp;#0;&amp;#0;&amp;#0;&amp;#0;&amp;#0;&amp;#0;&amp;#0;&amp;#0;&amp;#0;&amp;#0;&amp;#0;&amp;#0;&amp;#0;&amp;#0;&amp;#0;&amp;#0;&amp;#0;&amp;#0;&amp;#0;&amp;#0;&amp;#0;&amp;#0;&amp;#0;&amp;#0;&amp;#0;&amp;#0;&amp;#0;&amp;#0;&amp;#0;&amp;#0;&amp;#0;&amp;#0;&amp;#0;&amp;#0;&amp;#0;&amp;#0;&amp;#0;&amp;#0;&amp;#0;&amp;#0;&amp;#0;&amp;#0;&amp;#0;&amp;#0;&amp;#0;&amp;#0;&amp;#0;&amp;#0;&amp;#0;&amp;#0;&amp;#0;&amp;#0;&amp;#0;&amp;#0;&amp;#0;&amp;#0;&amp;#0;&amp;#0;&amp;#0;&amp;#0;&amp;#0;&amp;#0;&amp;#0;&amp;#0;&amp;#0;&amp;#0;&amp;#0;&amp;#0;&amp;#0;&amp;#0;&amp;#0;&amp;#0;&amp;#0;&amp;#0;&amp;#0;&amp;#0;&amp;#0;&amp;#0;&amp;#0;&amp;#0;&amp;#0;&amp;#0;&amp;#0;&amp;#0;&amp;#0;&amp;#0;&amp;#0;&amp;#0;&amp;#0;&amp;#0;&amp;#0;&amp;#0;&amp;#0;&amp;#0;&amp;#0;&amp;#0;&amp;#0;&amp;#0;&amp;#0;&amp;#0;&amp;#0;&amp;#0;&amp;#0;&amp;#0;&amp;#0;&amp;#0;&amp;#0;&amp;#0;&amp;#0;&amp;#0;&amp;#0;&amp;#0;&amp;#0;&amp;#0;&amp;#0;&amp;#0;&amp;#0;&amp;#0;&amp;#0;&amp;#0;&amp;#0;&amp;#0;&amp;#0;&amp;#0;&amp;#0;&amp;#0;&amp;#0;&amp;#0;&amp;#0;&amp;#0;&amp;#0;&amp;#0;&amp;#0;&amp;#0;&amp;#0;&amp;#0;&amp;#0;&amp;#0;&amp;#0;&amp;#0;&amp;#0;&amp;#0;&amp;#0;&amp;#0;&amp;#0;&amp;#0;&amp;#0;&amp;#0;&amp;#0;&amp;#0;&amp;#0;&amp;#0;&amp;#0;&amp;#0;&amp;#0;&amp;#0;&amp;#0;&amp;#0;&amp;#0;&amp;#0;&amp;#0;&amp;#0;&amp;#0;&amp;#0;&amp;#0;&amp;#0;&amp;#0;&amp;#0;&amp;#0;&amp;#0;&amp;#0;&amp;#0;&amp;#0;&amp;#0;&amp;#0;&amp;#0;&amp;#0;&amp;#0;&amp;#0;&amp;#0;&amp;#0;&amp;#0;&amp;#0;&amp;#0;&amp;#0;&amp;#0;&amp;#0;&amp;#0;&amp;#0;&amp;#0;&amp;#0;&amp;#0;&amp;#0;&amp;#0;&amp;#0;&amp;#0;&amp;#0;&amp;#0;&amp;#0;&amp;#0;&amp;#0;&amp;#0;&amp;#0;&amp;#0;&amp;#0;&amp;#0;&amp;#0;&amp;#0;&amp;#0;&amp;#0;&amp;#0;&amp;#0;&amp;#0;&amp;#0;&amp;#0;&amp;#0;&amp;#0;&amp;#0;&amp;#0;&amp;#0;&amp;#0;&amp;#0;&amp;#0;&amp;#0;&amp;#0;&amp;#0;&amp;#0;&amp;#0;&amp;#0;&amp;#0;&amp;#0;&amp;#0;&amp;#0;&amp;#0;&amp;#0;&amp;#0;&amp;#0;&amp;#0;&amp;#0;&amp;#0;&amp;#0;&amp;#0;&amp;#0;&amp;#0;&amp;#0;&amp;#0;&amp;#0;&amp;#0;&amp;#0;&amp;#0;&amp;#0;&amp;#0;&amp;#0;&amp;#0;&amp;#0;&amp;#0;&amp;#0;&amp;#0;&amp;#0;&amp;#0;&amp;#0;&amp;#0;&amp;#0;&amp;#0;&amp;#0;&amp;#0;&amp;#0;&amp;#0;&amp;#0;&amp;#0;&amp;#0;&amp;#0;&amp;#0;&amp;#0;&amp;#0;&amp;#0;&amp;#0;&amp;#0;&amp;#0;&amp;#0;&amp;#0;&amp;#0;&amp;#0;&amp;#0;&amp;#0;&amp;#0;&amp;#0;&amp;#0;&amp;#0;&amp;#0;&amp;#0;&amp;#0;&amp;#0;&amp;#0;&amp;#0;&amp;#0;&amp;#0;&amp;#0;&amp;#0;&amp;#0;&amp;#0;&amp;#0;&amp;#0;&amp;#0;&amp;#0;&amp;#0;&amp;#0;&amp;#0;&amp;#0;&amp;#0;&amp;#0;&amp;#0;&amp;#0;&amp;#0;&amp;#0;&amp;#0;&amp;#0;&amp;#0;&amp;#0;&amp;#0;&amp;#0;&amp;#0;&amp;#0;&amp;#0;&amp;#0;&amp;#0;&amp;#0;&amp;#0;&amp;#0;&amp;#0;&amp;#0;&amp;#0;&amp;#0;&amp;#0;&amp;#0;&amp;#0;&amp;#0;&amp;#0;&amp;#0;&amp;#0;&amp;#0;&amp;#0;&amp;#0;&amp;#0;&amp;#0;&amp;#0;&amp;#0;&amp;#0;&amp;#0;&amp;#0;&amp;#0;&amp;#0;&amp;#0;&amp;#0;&amp;#0;&amp;#0;&amp;#0;&amp;#0;&amp;#0;&amp;#0;&amp;#0;&amp;#0;&amp;#0;&amp;#0;&amp;#0;&amp;#0;&amp;#0;&amp;#0;&amp;#0;&amp;#0;&amp;#0;&amp;#0;&amp;#0;&amp;#0;&amp;#0;&amp;#0;&amp;#0;&amp;#0;&amp;#0;&amp;#0;&amp;#0;&amp;#0;&amp;#0;&amp;#0;&amp;#0;&amp;#0;&amp;#0;&amp;#0;&amp;#0;&amp;#0;&amp;#0;&amp;#0;&amp;#0;&amp;#0;&amp;#0;&amp;#0;&amp;#0;&amp;#0;&amp;#0;&amp;#0;&amp;#0;&amp;#0;&amp;#0;&amp;#0;&amp;#0;&amp;#0;&amp;#0;&amp;#0;&amp;#0;&amp;#0;&amp;#0;&amp;#0;&amp;#0;&amp;#0;&amp;#0;&amp;#0;&amp;#0;&amp;#0;&amp;#0;&amp;#0;&amp;#0;&amp;#0;&amp;#0;&amp;#0;&amp;#0;&amp;#0;&amp;#0;&amp;#0;&amp;#0;&amp;#0;&amp;#0;&amp;#0;&amp;#0;&amp;#0;&amp;#0;&amp;#0;&amp;#0;&amp;#0;&amp;#0;&amp;#0;&amp;#0;&amp;#0;&amp;#0;&amp;#0;&amp;#0;&amp;#0;&amp;#0;&amp;#0;&amp;#0;&amp;#0;&amp;#0;&amp;#0;&amp;#0;&amp;#0;&amp;#0;&amp;#0;&amp;#0;&amp;#0;&amp;#0;&amp;#0;&amp;#0;&amp;#0;&amp;#0;&amp;#0;&amp;#0;&amp;#0;&amp;#0;&amp;#0;&amp;#0;&amp;#0;&amp;#0;&amp;#0;&amp;#0;&amp;#0;&amp;#0;&amp;#0;&amp;#0;&amp;#0;&amp;#0;&amp;#0;&amp;#0;&amp;#0;&amp;#0;&amp;#0;&amp;#0;&amp;#0;&amp;#0;&amp;#0;&amp;#0;&amp;#0;&amp;#0;&amp;#0;&amp;#0;&amp;#0;&amp;#0;&amp;#0;&amp;#0;&amp;#0;&amp;#0;&amp;#0;&amp;#0;&amp;#0;&amp;#0;&amp;#0;&amp;#0;&amp;#0;&amp;#0;&amp;#0;&amp;#0;&amp;#0;&amp;#0;&amp;#0;&amp;#0;&amp;#0;&amp;#0;&amp;#0;&amp;#0;&amp;#0;&amp;#0;&amp;#0;&amp;#0;&amp;#0;&amp;#0;&amp;#0;&amp;#0;&amp;#0;&amp;#0;&amp;#0;&amp;#0;&amp;#0;&amp;#0;&amp;#0;&amp;#0;&amp;#0;&amp;#0;&amp;#0;&amp;#0;&amp;#0;&amp;#0;&amp;#0;&amp;#0;&amp;#0;&amp;#0;&amp;#0;&amp;#0;&amp;#0;&amp;#0;&amp;#0;&amp;#0;&amp;#0;&amp;#0;&amp;#0;&amp;#0;&amp;#0;&amp;#0;&amp;#0;&amp;#0;&amp;#0;&amp;#0;&amp;#0;&amp;#0;&amp;#0;&amp;#0;&amp;#0;&amp;#0;&amp;#0;&amp;#0;&amp;#0;&amp;#0;&amp;#0;&amp;#0;&amp;#0;&amp;#0;&amp;#0;&amp;#0;&amp;#0;&amp;#0;&amp;#0;&amp;#0;&amp;#0;&amp;#0;&amp;#0;&amp;#0;&amp;#0;&amp;#0;&amp;#0;&amp;#0;&amp;#0;&amp;#0;&amp;#0;&amp;#0;&amp;#0;&amp;#0;&amp;#0;&amp;#0;&amp;#0;&amp;#0;&amp;#0;&amp;#0;&amp;#0;&amp;#0;&amp;#0;&amp;#0;&amp;#0;&amp;#0;&amp;#0;&amp;#0;&amp;#0;&amp;#0;&amp;#0;&amp;#0;&amp;#0;&amp;#0;&amp;#0;&amp;#0;&amp;#0;&amp;#0;&amp;#0;&amp;#0;&amp;#0;&amp;#0;&amp;#0;&amp;#0;&amp;#0;&amp;#0;&amp;#0;&amp;#0;&amp;#0;&amp;#0;&amp;#0;&amp;#0;&amp;#0;&amp;#0;&amp;#0;&amp;#0;&amp;#0;&amp;#0;&amp;#0;&amp;#0;&amp;#0;&amp;#0;&amp;#0;&amp;#0;&amp;#0;&amp;#0;&amp;#0;&amp;#0;&amp;#0;&amp;#0;&amp;#0;&amp;#0;&amp;#0;&amp;#0;&amp;#0;&amp;#0;&amp;#0;&amp;#0;&amp;#0;&amp;#0;&amp;#0;&amp;#0;&amp;#0;&amp;#0;&amp;#0;&amp;#0;&amp;#0;&amp;#0;&amp;#0;&amp;#0;&amp;#0;&amp;#0;&amp;#0;&amp;#0;&amp;#0;&amp;#0;&amp;#0;&amp;#0;&amp;#0;&amp;#0;&amp;#0;&amp;#0;&amp;#0;&amp;#0;&amp;#0;&amp;#0;&amp;#0;&amp;#0;&amp;#0;&amp;#0;&amp;#0;&amp;#0;&amp;#0;&amp;#0;&amp;#0;&amp;#0;&amp;#0;&amp;#0;&amp;#0;&amp;#0;&amp;#0;&amp;#0;&amp;#0;&amp;#0;&amp;#0;&amp;#0;&amp;#0;&amp;#0;&amp;#0;&amp;#0;&amp;#0;&amp;#0;&amp;#0;
14:06:38.034 [main] ERROR - Je passe ici ------------------------------------------------------
14:06:38.035 [main] ERROR - Exception occured during compilation!
java.util.MissingFormatArgumentException: Format specifier &apos;%s&apos;
	at java.util.Formatter.format(Formatter.java:2519) ~[?:1.8.0_91]
	at java.io.PrintWriter.format(PrintWriter.java:905) ~[?:1.8.0_91]
	at java.io.PrintWriter.printf(PrintWriter.java:804) ~[?:1.8.0_91]
	at be.unamur.info.b314.compiler.Visitor.PCodePrinter.printSetTo(PCodePrinter.java:78) ~[classes/:?]
	at be.unamur.info.b314.compiler.Visitor.PCodeVisitor.visitVarDecl(PCodeVisitor.java:625) ~[classes/:?]
	at be.unamur.info.b314.compiler.B314Parser$VarDeclContext.accept(B314Parser.java:405) ~[classes/:?]
	at be.unamur.info.b314.compiler.Visitor.PCodeVisitor.visitProgramme(PCodeVisitor.java:64) ~[classes/:?]
	at be.unamur.info.b314.compiler.B314Parser$ProgrammeContext.accept(B314Parser.java:4028) ~[classes/:?]
	at be.unamur.info.b314.compiler.main.Main.printPCode(Main.java:236) ~[classes/:?]
	at be.unamur.info.b314.compiler.main.Main.compile(Main.java:199) ~[classes/:?]
	at be.unamur.info.b314.compiler.main.Main.main(Main.java:79) [classes/:?]
	at be.unamur.info.b314.compiler.main.CompilerTestHelper.launchCompilation(CompilerTestHelper.java:35) [test-classes/:?]
	at be.unamur.info.b314.compiler.main.B314localvariabledeclSyntaxTest.testlocalvariabledecl_when_local_var_diff_names_than_global_vars_ok(B314localvariabledeclSyntaxTest.java:64) [test-classes/:?]
	at sun.reflect.NativeMethodAccessorImpl.invoke0(Native Method) ~[?:1.8.0_91]
	at sun.reflect.NativeMethodAccessorImpl.invoke(NativeMethodAccessorImpl.java:62) ~[?:1.8.0_91]
	at sun.reflect.DelegatingMethodAccessorImpl.invoke(DelegatingMethodAccessorImpl.java:43) ~[?:1.8.0_91]
	at java.lang.reflect.Method.invoke(Method.java:498) ~[?:1.8.0_91]
	at org.junit.runners.model.FrameworkMethod$1.runReflectiveCall(FrameworkMethod.java:50) [junit-4.12.jar:4.12]
	at org.junit.internal.runners.model.ReflectiveCallable.run(ReflectiveCallable.java:12) [junit-4.12.jar:4.12]
	at org.junit.runners.model.FrameworkMethod.invokeExplosively(FrameworkMethod.java:47) [junit-4.12.jar:4.12]
	at org.junit.internal.runners.statements.InvokeMethod.evaluate(InvokeMethod.java:17) [junit-4.12.jar:4.12]
	at org.junit.rules.ExternalResource$1.evaluate(ExternalResource.java:48) [junit-4.12.jar:4.12]
	at org.junit.rules.TestWatcher$1.evaluate(TestWatcher.java:55) [junit-4.12.jar:4.12]
	at org.junit.rules.RunRules.evaluate(RunRules.java:20) [junit-4.12.jar:4.12]
	at org.junit.runners.ParentRunner.runLeaf(ParentRunner.java:325) [junit-4.12.jar:4.12]
	at org.junit.runners.BlockJUnit4ClassRunner.runChild(BlockJUnit4ClassRunner.java:78) [junit-4.12.jar:4.12]
	at org.junit.runners.BlockJUnit4ClassRunner.runChild(BlockJUnit4ClassRunner.java:57) [junit-4.12.jar:4.12]
	at org.junit.runners.ParentRunner$3.run(ParentRunner.java:290) [junit-4.12.jar:4.12]
	at org.junit.runners.ParentRunner$1.schedule(ParentRunner.java:71) [junit-4.12.jar:4.12]
	at org.junit.runners.ParentRunner.runChildren(ParentRunner.java:288) [junit-4.12.jar:4.12]
	at org.junit.runners.ParentRunner.access$000(ParentRunner.java:58) [junit-4.12.jar:4.12]
	at org.junit.runners.ParentRunner$2.evaluate(ParentRunner.java:268) [junit-4.12.jar:4.12]
	at org.junit.runners.ParentRunner.run(ParentRunner.java:363) [junit-4.12.jar:4.12]
	at org.apache.maven.surefire.junit4.JUnit4TestSet.execute(JUnit4TestSet.java:53) [surefire-junit4-2.10.jar:2.10]
	at org.apache.maven.surefire.junit4.JUnit4Provider.executeTestSet(JUnit4Provider.java:123) [surefire-junit4-2.10.jar:2.10]
	at org.apache.maven.surefire.junit4.JUnit4Provider.invoke(JUnit4Provider.java:104) [surefire-junit4-2.10.jar:2.10]
	at sun.reflect.NativeMethodAccessorImpl.invoke0(Native Method) ~[?:1.8.0_91]
	at sun.reflect.NativeMethodAccessorImpl.invoke(NativeMethodAccessorImpl.java:62) ~[?:1.8.0_91]
	at sun.reflect.DelegatingMethodAccessorImpl.invoke(DelegatingMethodAccessorImpl.java:43) ~[?:1.8.0_91]
	at java.lang.reflect.Method.invoke(Method.java:498) ~[?:1.8.0_91]
	at org.apache.maven.surefire.util.ReflectionUtils.invokeMethodWithArray(ReflectionUtils.java:164) [surefire-api-2.10.jar:2.10]
	at org.apache.maven.surefire.booter.ProviderFactory$ProviderProxy.invoke(ProviderFactory.java:110) [surefire-booter-2.10.jar:2.10]
	at org.apache.maven.surefire.booter.SurefireStarter.invokeProvider(SurefireStarter.java:175) [surefire-booter-2.10.jar:2.10]
	at org.apache.maven.surefire.booter.SurefireStarter.runSuitesInProcessWhenForked(SurefireStarter.java:107) [surefire-booter-2.10.jar:2.10]
	at org.apache.maven.surefire.booter.ForkedBooter.main(ForkedBooter.java:68) [surefire-booter-2.10.jar:2.10]
</system-out>
  </testcase>
  <testcase classname="be.unamur.info.b314.compiler.main.B314localvariabledeclSyntaxTest" name="testlocalvariabledecl_fct_local_var_same_name_as_fucntion_ko" time="0.005"/>
  <testcase classname="be.unamur.info.b314.compiler.main.B314localvariabledeclSyntaxTest" name="testlocalvariabledecl_fct_local_var_same_names_and_different_types_than_global_vars_ok" time="0.01">
    <failure message="localvariabledecl: fct_local_var_same_names_and_different_types_than_global_vars
Expected: a string ending with &quot;OK\r\n&quot;
     but: was &quot;KO
&quot;" type="java.lang.AssertionError">java.lang.AssertionError: localvariabledecl: fct_local_var_same_names_and_different_types_than_global_vars
Expected: a string ending with &quot;OK\r\n&quot;
     but: was &quot;KO
&quot;
	at org.hamcrest.MatcherAssert.assertThat(MatcherAssert.java:20)
	at org.junit.Assert.assertThat(Assert.java:956)
	at be.unamur.info.b314.compiler.main.CompilerTestHelper.launchCompilation(CompilerTestHelper.java:42)
	at be.unamur.info.b314.compiler.main.B314localvariabledeclSyntaxTest.testlocalvariabledecl_fct_local_var_same_names_and_different_types_than_global_vars_ok(B314localvariabledeclSyntaxTest.java:44)
	at sun.reflect.NativeMethodAccessorImpl.invoke0(Native Method)
	at sun.reflect.NativeMethodAccessorImpl.invoke(NativeMethodAccessorImpl.java:62)
	at sun.reflect.DelegatingMethodAccessorImpl.invoke(DelegatingMethodAccessorImpl.java:43)
	at java.lang.reflect.Method.invoke(Method.java:498)
	at org.junit.runners.model.FrameworkMethod$1.runReflectiveCall(FrameworkMethod.java:50)
	at org.junit.internal.runners.model.ReflectiveCallable.run(ReflectiveCallable.java:12)
	at org.junit.runners.model.FrameworkMethod.invokeExplosively(FrameworkMethod.java:47)
	at org.junit.internal.runners.statements.InvokeMethod.evaluate(InvokeMethod.java:17)
	at org.junit.rules.ExternalResource$1.evaluate(ExternalResource.java:48)
	at org.junit.rules.TestWatcher$1.evaluate(TestWatcher.java:55)
	at org.junit.rules.RunRules.evaluate(RunRules.java:20)
	at org.junit.runners.ParentRunner.runLeaf(ParentRunner.java:325)
	at org.junit.runners.BlockJUnit4ClassRunner.runChild(BlockJUnit4ClassRunner.java:78)
	at org.junit.runners.BlockJUnit4ClassRunner.runChild(BlockJUnit4ClassRunner.java:57)
	at org.junit.runners.ParentRunner$3.run(ParentRunner.java:290)
	at org.junit.runners.ParentRunner$1.schedule(ParentRunner.java:71)
	at org.junit.runners.ParentRunner.runChildren(ParentRunner.java:288)
	at org.junit.runners.ParentRunner.access$000(ParentRunner.java:58)
	at org.junit.runners.ParentRunner$2.evaluate(ParentRunner.java:268)
	at org.junit.runners.ParentRunner.run(ParentRunner.java:363)
	at org.apache.maven.surefire.junit4.JUnit4TestSet.execute(JUnit4TestSet.java:53)
	at org.apache.maven.surefire.junit4.JUnit4Provider.executeTestSet(JUnit4Provider.java:123)
	at org.apache.maven.surefire.junit4.JUnit4Provider.invoke(JUnit4Provider.java:104)
	at sun.reflect.NativeMethodAccessorImpl.invoke0(Native Method)
	at sun.reflect.NativeMethodAccessorImpl.invoke(NativeMethodAccessorImpl.java:62)
	at sun.reflect.DelegatingMethodAccessorImpl.invoke(DelegatingMethodAccessorImpl.java:43)
	at java.lang.reflect.Method.invoke(Method.java:498)
	at org.apache.maven.surefire.util.ReflectionUtils.invokeMethodWithArray(ReflectionUtils.java:164)
	at org.apache.maven.surefire.booter.ProviderFactory$ProviderProxy.invoke(ProviderFactory.java:110)
	at org.apache.maven.surefire.booter.SurefireStarter.invokeProvider(SurefireStarter.java:175)
	at org.apache.maven.surefire.booter.SurefireStarter.runSuitesInProcessWhenForked(SurefireStarter.java:107)
	at org.apache.maven.surefire.booter.ForkedBooter.main(ForkedBooter.java:68)
</failure>
    <system-out>14:06:38.045 [main] INFO  - Starting test: testlocalvariabledecl_fct_local_var_same_names_and_different_types_than_global_vars_ok()...
org.apache.commons.cli.CommandLine@6f330eb9
14:06:38.047 [main] DEBUG - Initialisation
14:06:38.047 [main] DEBUG - Input file set to C:\Users\jessi\Documents\b314-Jour-MonkeyIsland\target\test-classes\syntax\localvariabledecl\ok\fct_local_var_same_names_and_different_types_than_global_vars.b314
14:06:38.047 [main] DEBUG - Output file set to C:\Users\jessi\AppData\Local\Temp\junit7364717460306831448\junit5515587751352718992.tmp
14:06:38.047 [main] DEBUG - Initialisation: done
jessica1
14:06:38.048 [main] DEBUG - Parsing input
/* My comments */ 
declare and retain 
	b1 as boolean;
	b2 as boolean;
    i1 as integer; 
    i2 as integer;
    i3 as integer;
    s1 as square;
    s2 as square;
    v1 as boolean[5, 7];
    v2 as integer[42];

    fct1 as function():square
    	do
    		skip
    	done 

    fct2 as function(x as integer, y as boolean):integer
    	declare local
    		loc1 as integer;
    		loc2 as boolean;
    		loc3 as square;
    		loc4 as integer[5];
    		b1 as integer;
    		s1 as boolean;
    	do
    		compute s1 and b1 = 42 or loc2
    	done 

    fct3 as function():boolean
    	declare local
    		loc1 as integer;
    		loc2 as boolean;
    		loc3 as square;
    		loc4 as integer[5];
    	do
    		skip
    	done 

    fct4 as function():square
    	declare local
    		loc1 as integer;
    		loc2 as boolean;
    		loc3 as square;
    		loc4 as integer[5];
    	do
    		compute loc1 + 2 - loc4[0 + 1 - i1] = 5 and not loc2 or loc3 = dirt
    	done 

    fct5 as function(x as integer, y as boolean, z as square):integer
    	declare local
    		loc1 as integer;
    		loc2 as boolean;
    		loc3 as square;
    		loc4 as integer[5];
    		v1 as integer[42];
    	do
    		set v1[0] to 42
    	done 
    	
when your turn 

	when true and b1 or v1[0, i1 + 2 * 5] do
		if b1 and i1 = 2 then
			while i1 &lt; i3 do
				set i2 to i1 + 1
			done
		else
			if s1 = ammo then
				next do nothing
			done
		done
	done 

	when false do
		skip
	done

	when not graal is north and i2 &gt; 5 and v2[4] &lt; 42 or s1 = dirt do
    	compute fct1()
    	set s1 to fct1()
    	if fct5(i1 + 2, s2 = ammo, ennemi) &gt; 2 then
    		skip
    	done
    	while fct3() do
    		skip
    	done
    	next move west
	done

	by default do 
		skip 
	done&amp;#0;&amp;#0;&amp;#0;&amp;#0;&amp;#0;&amp;#0;&amp;#0;&amp;#0;&amp;#0;&amp;#0;&amp;#0;&amp;#0;&amp;#0;&amp;#0;&amp;#0;&amp;#0;&amp;#0;&amp;#0;&amp;#0;&amp;#0;&amp;#0;&amp;#0;&amp;#0;&amp;#0;&amp;#0;&amp;#0;&amp;#0;&amp;#0;&amp;#0;&amp;#0;&amp;#0;&amp;#0;&amp;#0;&amp;#0;&amp;#0;&amp;#0;&amp;#0;&amp;#0;&amp;#0;&amp;#0;&amp;#0;&amp;#0;&amp;#0;&amp;#0;&amp;#0;&amp;#0;&amp;#0;&amp;#0;&amp;#0;&amp;#0;&amp;#0;&amp;#0;&amp;#0;&amp;#0;&amp;#0;&amp;#0;&amp;#0;&amp;#0;&amp;#0;&amp;#0;&amp;#0;&amp;#0;&amp;#0;&amp;#0;&amp;#0;&amp;#0;&amp;#0;&amp;#0;&amp;#0;&amp;#0;&amp;#0;&amp;#0;&amp;#0;&amp;#0;&amp;#0;&amp;#0;&amp;#0;&amp;#0;&amp;#0;&amp;#0;&amp;#0;&amp;#0;&amp;#0;&amp;#0;&amp;#0;&amp;#0;&amp;#0;&amp;#0;&amp;#0;&amp;#0;&amp;#0;&amp;#0;&amp;#0;&amp;#0;&amp;#0;&amp;#0;&amp;#0;&amp;#0;&amp;#0;&amp;#0;&amp;#0;&amp;#0;&amp;#0;&amp;#0;&amp;#0;&amp;#0;&amp;#0;&amp;#0;&amp;#0;&amp;#0;&amp;#0;&amp;#0;&amp;#0;&amp;#0;&amp;#0;&amp;#0;&amp;#0;&amp;#0;&amp;#0;&amp;#0;&amp;#0;&amp;#0;&amp;#0;&amp;#0;&amp;#0;&amp;#0;&amp;#0;&amp;#0;&amp;#0;&amp;#0;&amp;#0;&amp;#0;&amp;#0;&amp;#0;&amp;#0;&amp;#0;&amp;#0;&amp;#0;&amp;#0;&amp;#0;&amp;#0;&amp;#0;&amp;#0;&amp;#0;&amp;#0;&amp;#0;&amp;#0;&amp;#0;&amp;#0;&amp;#0;&amp;#0;&amp;#0;&amp;#0;&amp;#0;&amp;#0;&amp;#0;&amp;#0;&amp;#0;&amp;#0;&amp;#0;&amp;#0;&amp;#0;&amp;#0;&amp;#0;&amp;#0;&amp;#0;&amp;#0;&amp;#0;&amp;#0;&amp;#0;&amp;#0;&amp;#0;&amp;#0;&amp;#0;&amp;#0;&amp;#0;&amp;#0;&amp;#0;&amp;#0;&amp;#0;&amp;#0;&amp;#0;&amp;#0;&amp;#0;&amp;#0;&amp;#0;&amp;#0;&amp;#0;&amp;#0;&amp;#0;&amp;#0;&amp;#0;&amp;#0;&amp;#0;&amp;#0;&amp;#0;&amp;#0;&amp;#0;&amp;#0;&amp;#0;&amp;#0;&amp;#0;&amp;#0;&amp;#0;&amp;#0;&amp;#0;&amp;#0;&amp;#0;&amp;#0;&amp;#0;&amp;#0;&amp;#0;&amp;#0;&amp;#0;&amp;#0;&amp;#0;&amp;#0;&amp;#0;&amp;#0;&amp;#0;&amp;#0;&amp;#0;&amp;#0;&amp;#0;&amp;#0;&amp;#0;&amp;#0;&amp;#0;&amp;#0;&amp;#0;&amp;#0;&amp;#0;&amp;#0;&amp;#0;&amp;#0;&amp;#0;&amp;#0;&amp;#0;&amp;#0;&amp;#0;&amp;#0;&amp;#0;&amp;#0;&amp;#0;&amp;#0;&amp;#0;&amp;#0;&amp;#0;&amp;#0;&amp;#0;&amp;#0;&amp;#0;&amp;#0;&amp;#0;&amp;#0;&amp;#0;&amp;#0;&amp;#0;&amp;#0;&amp;#0;&amp;#0;&amp;#0;&amp;#0;&amp;#0;&amp;#0;&amp;#0;&amp;#0;&amp;#0;&amp;#0;&amp;#0;&amp;#0;&amp;#0;&amp;#0;&amp;#0;&amp;#0;&amp;#0;&amp;#0;&amp;#0;&amp;#0;&amp;#0;&amp;#0;&amp;#0;&amp;#0;&amp;#0;&amp;#0;&amp;#0;&amp;#0;&amp;#0;&amp;#0;&amp;#0;&amp;#0;&amp;#0;&amp;#0;&amp;#0;&amp;#0;&amp;#0;&amp;#0;&amp;#0;&amp;#0;&amp;#0;&amp;#0;&amp;#0;&amp;#0;&amp;#0;&amp;#0;&amp;#0;&amp;#0;&amp;#0;&amp;#0;&amp;#0;&amp;#0;&amp;#0;&amp;#0;&amp;#0;&amp;#0;&amp;#0;&amp;#0;&amp;#0;&amp;#0;&amp;#0;&amp;#0;&amp;#0;&amp;#0;&amp;#0;&amp;#0;&amp;#0;&amp;#0;&amp;#0;&amp;#0;&amp;#0;&amp;#0;&amp;#0;&amp;#0;&amp;#0;&amp;#0;&amp;#0;&amp;#0;&amp;#0;&amp;#0;&amp;#0;&amp;#0;&amp;#0;&amp;#0;&amp;#0;&amp;#0;&amp;#0;&amp;#0;&amp;#0;&amp;#0;&amp;#0;&amp;#0;&amp;#0;&amp;#0;&amp;#0;&amp;#0;&amp;#0;&amp;#0;&amp;#0;&amp;#0;&amp;#0;&amp;#0;&amp;#0;&amp;#0;&amp;#0;&amp;#0;&amp;#0;&amp;#0;&amp;#0;&amp;#0;&amp;#0;&amp;#0;&amp;#0;&amp;#0;&amp;#0;&amp;#0;&amp;#0;&amp;#0;&amp;#0;&amp;#0;&amp;#0;&amp;#0;&amp;#0;&amp;#0;&amp;#0;&amp;#0;&amp;#0;&amp;#0;&amp;#0;&amp;#0;&amp;#0;&amp;#0;&amp;#0;&amp;#0;&amp;#0;&amp;#0;&amp;#0;&amp;#0;&amp;#0;&amp;#0;&amp;#0;&amp;#0;&amp;#0;&amp;#0;&amp;#0;&amp;#0;&amp;#0;&amp;#0;&amp;#0;&amp;#0;&amp;#0;&amp;#0;&amp;#0;&amp;#0;&amp;#0;&amp;#0;&amp;#0;&amp;#0;&amp;#0;&amp;#0;&amp;#0;&amp;#0;&amp;#0;&amp;#0;&amp;#0;&amp;#0;&amp;#0;&amp;#0;&amp;#0;&amp;#0;&amp;#0;&amp;#0;&amp;#0;&amp;#0;&amp;#0;&amp;#0;&amp;#0;&amp;#0;&amp;#0;&amp;#0;&amp;#0;&amp;#0;&amp;#0;&amp;#0;&amp;#0;&amp;#0;&amp;#0;&amp;#0;&amp;#0;&amp;#0;&amp;#0;&amp;#0;&amp;#0;&amp;#0;&amp;#0;&amp;#0;&amp;#0;&amp;#0;&amp;#0;&amp;#0;&amp;#0;&amp;#0;&amp;#0;&amp;#0;&amp;#0;&amp;#0;&amp;#0;&amp;#0;&amp;#0;&amp;#0;&amp;#0;&amp;#0;&amp;#0;&amp;#0;&amp;#0;&amp;#0;&amp;#0;&amp;#0;&amp;#0;&amp;#0;&amp;#0;&amp;#0;&amp;#0;&amp;#0;&amp;#0;&amp;#0;&amp;#0;&amp;#0;&amp;#0;&amp;#0;&amp;#0;&amp;#0;&amp;#0;&amp;#0;&amp;#0;&amp;#0;&amp;#0;&amp;#0;&amp;#0;&amp;#0;&amp;#0;&amp;#0;&amp;#0;&amp;#0;&amp;#0;&amp;#0;&amp;#0;&amp;#0;&amp;#0;&amp;#0;&amp;#0;&amp;#0;&amp;#0;&amp;#0;&amp;#0;&amp;#0;&amp;#0;&amp;#0;&amp;#0;&amp;#0;&amp;#0;&amp;#0;&amp;#0;&amp;#0;&amp;#0;&amp;#0;&amp;#0;&amp;#0;&amp;#0;&amp;#0;&amp;#0;&amp;#0;&amp;#0;&amp;#0;&amp;#0;&amp;#0;&amp;#0;&amp;#0;&amp;#0;&amp;#0;&amp;#0;&amp;#0;&amp;#0;&amp;#0;&amp;#0;&amp;#0;&amp;#0;&amp;#0;&amp;#0;&amp;#0;&amp;#0;&amp;#0;&amp;#0;&amp;#0;&amp;#0;&amp;#0;&amp;#0;&amp;#0;&amp;#0;&amp;#0;&amp;#0;&amp;#0;&amp;#0;&amp;#0;&amp;#0;&amp;#0;&amp;#0;&amp;#0;&amp;#0;&amp;#0;&amp;#0;&amp;#0;&amp;#0;&amp;#0;&amp;#0;&amp;#0;&amp;#0;&amp;#0;&amp;#0;&amp;#0;&amp;#0;&amp;#0;&amp;#0;&amp;#0;&amp;#0;&amp;#0;&amp;#0;&amp;#0;&amp;#0;&amp;#0;&amp;#0;&amp;#0;&amp;#0;&amp;#0;&amp;#0;&amp;#0;&amp;#0;&amp;#0;&amp;#0;&amp;#0;&amp;#0;&amp;#0;&amp;#0;&amp;#0;&amp;#0;&amp;#0;&amp;#0;&amp;#0;&amp;#0;&amp;#0;&amp;#0;&amp;#0;&amp;#0;&amp;#0;&amp;#0;&amp;#0;&amp;#0;&amp;#0;&amp;#0;&amp;#0;&amp;#0;&amp;#0;&amp;#0;&amp;#0;&amp;#0;&amp;#0;&amp;#0;&amp;#0;&amp;#0;&amp;#0;&amp;#0;&amp;#0;&amp;#0;&amp;#0;&amp;#0;&amp;#0;&amp;#0;&amp;#0;&amp;#0;&amp;#0;&amp;#0;&amp;#0;&amp;#0;&amp;#0;&amp;#0;&amp;#0;&amp;#0;&amp;#0;&amp;#0;&amp;#0;&amp;#0;&amp;#0;&amp;#0;&amp;#0;&amp;#0;&amp;#0;&amp;#0;&amp;#0;&amp;#0;&amp;#0;&amp;#0;&amp;#0;&amp;#0;&amp;#0;&amp;#0;&amp;#0;&amp;#0;&amp;#0;&amp;#0;&amp;#0;&amp;#0;&amp;#0;&amp;#0;&amp;#0;&amp;#0;&amp;#0;&amp;#0;&amp;#0;&amp;#0;&amp;#0;&amp;#0;&amp;#0;&amp;#0;&amp;#0;&amp;#0;&amp;#0;&amp;#0;&amp;#0;&amp;#0;&amp;#0;&amp;#0;&amp;#0;&amp;#0;&amp;#0;&amp;#0;&amp;#0;&amp;#0;&amp;#0;&amp;#0;&amp;#0;&amp;#0;&amp;#0;&amp;#0;&amp;#0;&amp;#0;&amp;#0;&amp;#0;&amp;#0;&amp;#0;&amp;#0;&amp;#0;&amp;#0;&amp;#0;&amp;#0;&amp;#0;&amp;#0;&amp;#0;&amp;#0;&amp;#0;&amp;#0;&amp;#0;&amp;#0;&amp;#0;&amp;#0;&amp;#0;&amp;#0;&amp;#0;&amp;#0;&amp;#0;&amp;#0;&amp;#0;&amp;#0;&amp;#0;&amp;#0;&amp;#0;&amp;#0;&amp;#0;&amp;#0;&amp;#0;&amp;#0;&amp;#0;&amp;#0;&amp;#0;&amp;#0;&amp;#0;&amp;#0;&amp;#0;&amp;#0;&amp;#0;&amp;#0;&amp;#0;&amp;#0;&amp;#0;&amp;#0;&amp;#0;&amp;#0;&amp;#0;&amp;#0;&amp;#0;&amp;#0;&amp;#0;&amp;#0;&amp;#0;&amp;#0;&amp;#0;&amp;#0;&amp;#0;&amp;#0;&amp;#0;&amp;#0;&amp;#0;&amp;#0;&amp;#0;&amp;#0;&amp;#0;&amp;#0;&amp;#0;&amp;#0;&amp;#0;&amp;#0;&amp;#0;&amp;#0;&amp;#0;&amp;#0;&amp;#0;&amp;#0;&amp;#0;&amp;#0;&amp;#0;&amp;#0;&amp;#0;&amp;#0;&amp;#0;&amp;#0;&amp;#0;&amp;#0;&amp;#0;&amp;#0;&amp;#0;&amp;#0;&amp;#0;&amp;#0;&amp;#0;&amp;#0;&amp;#0;&amp;#0;&amp;#0;&amp;#0;&amp;#0;&amp;#0;&amp;#0;&amp;#0;&amp;#0;&amp;#0;&amp;#0;&amp;#0;&amp;#0;&amp;#0;&amp;#0;&amp;#0;&amp;#0;&amp;#0;&amp;#0;&amp;#0;&amp;#0;&amp;#0;&amp;#0;&amp;#0;&amp;#0;&amp;#0;&amp;#0;&amp;#0;&amp;#0;&amp;#0;&amp;#0;&amp;#0;&amp;#0;&amp;#0;&amp;#0;&amp;#0;&amp;#0;&amp;#0;&amp;#0;&amp;#0;&amp;#0;&amp;#0;&amp;#0;&amp;#0;&amp;#0;&amp;#0;&amp;#0;&amp;#0;&amp;#0;&amp;#0;&amp;#0;&amp;#0;&amp;#0;&amp;#0;&amp;#0;&amp;#0;&amp;#0;&amp;#0;&amp;#0;&amp;#0;&amp;#0;&amp;#0;&amp;#0;&amp;#0;&amp;#0;&amp;#0;&amp;#0;&amp;#0;&amp;#0;&amp;#0;&amp;#0;&amp;#0;&amp;#0;&amp;#0;&amp;#0;&amp;#0;&amp;#0;&amp;#0;&amp;#0;&amp;#0;&amp;#0;&amp;#0;&amp;#0;&amp;#0;&amp;#0;&amp;#0;&amp;#0;&amp;#0;&amp;#0;&amp;#0;&amp;#0;&amp;#0;&amp;#0;&amp;#0;&amp;#0;&amp;#0;&amp;#0;&amp;#0;&amp;#0;&amp;#0;&amp;#0;&amp;#0;&amp;#0;&amp;#0;&amp;#0;&amp;#0;&amp;#0;&amp;#0;&amp;#0;&amp;#0;&amp;#0;&amp;#0;&amp;#0;&amp;#0;&amp;#0;&amp;#0;&amp;#0;&amp;#0;&amp;#0;&amp;#0;&amp;#0;&amp;#0;&amp;#0;&amp;#0;&amp;#0;&amp;#0;&amp;#0;&amp;#0;&amp;#0;&amp;#0;&amp;#0;&amp;#0;&amp;#0;&amp;#0;&amp;#0;&amp;#0;&amp;#0;&amp;#0;&amp;#0;&amp;#0;&amp;#0;&amp;#0;&amp;#0;&amp;#0;&amp;#0;&amp;#0;&amp;#0;&amp;#0;&amp;#0;&amp;#0;&amp;#0;&amp;#0;&amp;#0;&amp;#0;&amp;#0;&amp;#0;&amp;#0;&amp;#0;&amp;#0;&amp;#0;&amp;#0;&amp;#0;&amp;#0;&amp;#0;&amp;#0;&amp;#0;&amp;#0;&amp;#0;&amp;#0;&amp;#0;&amp;#0;&amp;#0;&amp;#0;&amp;#0;&amp;#0;&amp;#0;&amp;#0;&amp;#0;&amp;#0;&amp;#0;&amp;#0;&amp;#0;&amp;#0;&amp;#0;&amp;#0;&amp;#0;&amp;#0;&amp;#0;&amp;#0;&amp;#0;&amp;#0;&amp;#0;&amp;#0;&amp;#0;&amp;#0;&amp;#0;&amp;#0;&amp;#0;&amp;#0;&amp;#0;&amp;#0;&amp;#0;&amp;#0;&amp;#0;&amp;#0;&amp;#0;&amp;#0;&amp;#0;&amp;#0;&amp;#0;&amp;#0;&amp;#0;&amp;#0;&amp;#0;&amp;#0;&amp;#0;&amp;#0;&amp;#0;&amp;#0;&amp;#0;&amp;#0;&amp;#0;&amp;#0;&amp;#0;&amp;#0;&amp;#0;&amp;#0;&amp;#0;&amp;#0;&amp;#0;&amp;#0;&amp;#0;&amp;#0;&amp;#0;&amp;#0;&amp;#0;&amp;#0;&amp;#0;&amp;#0;&amp;#0;&amp;#0;&amp;#0;&amp;#0;&amp;#0;&amp;#0;&amp;#0;&amp;#0;&amp;#0;&amp;#0;&amp;#0;&amp;#0;&amp;#0;&amp;#0;&amp;#0;&amp;#0;&amp;#0;&amp;#0;&amp;#0;&amp;#0;&amp;#0;&amp;#0;&amp;#0;&amp;#0;&amp;#0;&amp;#0;&amp;#0;&amp;#0;&amp;#0;&amp;#0;&amp;#0;&amp;#0;&amp;#0;&amp;#0;&amp;#0;&amp;#0;&amp;#0;&amp;#0;&amp;#0;&amp;#0;&amp;#0;&amp;#0;&amp;#0;&amp;#0;&amp;#0;&amp;#0;&amp;#0;&amp;#0;&amp;#0;&amp;#0;&amp;#0;&amp;#0;&amp;#0;&amp;#0;&amp;#0;&amp;#0;&amp;#0;&amp;#0;&amp;#0;&amp;#0;&amp;#0;&amp;#0;&amp;#0;&amp;#0;&amp;#0;&amp;#0;&amp;#0;&amp;#0;&amp;#0;&amp;#0;&amp;#0;&amp;#0;&amp;#0;&amp;#0;&amp;#0;&amp;#0;&amp;#0;&amp;#0;&amp;#0;&amp;#0;&amp;#0;&amp;#0;&amp;#0;&amp;#0;&amp;#0;&amp;#0;&amp;#0;&amp;#0;&amp;#0;&amp;#0;&amp;#0;&amp;#0;&amp;#0;&amp;#0;&amp;#0;&amp;#0;&amp;#0;&amp;#0;&amp;#0;&amp;#0;&amp;#0;&amp;#0;&amp;#0;&amp;#0;&amp;#0;&amp;#0;&amp;#0;&amp;#0;&amp;#0;&amp;#0;&amp;#0;&amp;#0;&amp;#0;&amp;#0;&amp;#0;&amp;#0;&amp;#0;&amp;#0;&amp;#0;&amp;#0;&amp;#0;&amp;#0;&amp;#0;&amp;#0;&amp;#0;&amp;#0;&amp;#0;&amp;#0;&amp;#0;&amp;#0;&amp;#0;&amp;#0;&amp;#0;&amp;#0;&amp;#0;&amp;#0;&amp;#0;&amp;#0;&amp;#0;&amp;#0;&amp;#0;&amp;#0;&amp;#0;&amp;#0;&amp;#0;&amp;#0;&amp;#0;&amp;#0;&amp;#0;&amp;#0;&amp;#0;&amp;#0;&amp;#0;&amp;#0;&amp;#0;&amp;#0;&amp;#0;&amp;#0;&amp;#0;&amp;#0;&amp;#0;&amp;#0;&amp;#0;&amp;#0;&amp;#0;&amp;#0;&amp;#0;&amp;#0;&amp;#0;&amp;#0;&amp;#0;&amp;#0;&amp;#0;&amp;#0;&amp;#0;&amp;#0;&amp;#0;&amp;#0;&amp;#0;&amp;#0;&amp;#0;&amp;#0;&amp;#0;&amp;#0;&amp;#0;&amp;#0;&amp;#0;&amp;#0;&amp;#0;&amp;#0;&amp;#0;&amp;#0;&amp;#0;&amp;#0;&amp;#0;&amp;#0;&amp;#0;&amp;#0;&amp;#0;&amp;#0;&amp;#0;&amp;#0;&amp;#0;&amp;#0;&amp;#0;&amp;#0;&amp;#0;&amp;#0;&amp;#0;&amp;#0;&amp;#0;&amp;#0;&amp;#0;&amp;#0;&amp;#0;&amp;#0;&amp;#0;&amp;#0;&amp;#0;&amp;#0;&amp;#0;&amp;#0;&amp;#0;&amp;#0;&amp;#0;&amp;#0;&amp;#0;&amp;#0;&amp;#0;&amp;#0;&amp;#0;&amp;#0;&amp;#0;&amp;#0;&amp;#0;&amp;#0;&amp;#0;&amp;#0;&amp;#0;&amp;#0;&amp;#0;&amp;#0;&amp;#0;&amp;#0;&amp;#0;&amp;#0;&amp;#0;&amp;#0;&amp;#0;&amp;#0;&amp;#0;&amp;#0;&amp;#0;&amp;#0;&amp;#0;&amp;#0;&amp;#0;&amp;#0;&amp;#0;&amp;#0;&amp;#0;&amp;#0;&amp;#0;&amp;#0;&amp;#0;&amp;#0;&amp;#0;&amp;#0;&amp;#0;&amp;#0;&amp;#0;&amp;#0;&amp;#0;&amp;#0;&amp;#0;&amp;#0;&amp;#0;&amp;#0;&amp;#0;&amp;#0;&amp;#0;&amp;#0;&amp;#0;&amp;#0;&amp;#0;&amp;#0;&amp;#0;&amp;#0;&amp;#0;&amp;#0;&amp;#0;&amp;#0;&amp;#0;&amp;#0;&amp;#0;&amp;#0;&amp;#0;&amp;#0;&amp;#0;&amp;#0;&amp;#0;&amp;#0;&amp;#0;&amp;#0;&amp;#0;&amp;#0;&amp;#0;&amp;#0;&amp;#0;&amp;#0;&amp;#0;&amp;#0;&amp;#0;&amp;#0;&amp;#0;&amp;#0;&amp;#0;&amp;#0;&amp;#0;&amp;#0;&amp;#0;&amp;#0;&amp;#0;&amp;#0;&amp;#0;&amp;#0;&amp;#0;&amp;#0;&amp;#0;&amp;#0;&amp;#0;&amp;#0;&amp;#0;&amp;#0;&amp;#0;&amp;#0;&amp;#0;&amp;#0;&amp;#0;&amp;#0;&amp;#0;&amp;#0;&amp;#0;&amp;#0;&amp;#0;&amp;#0;&amp;#0;&amp;#0;&amp;#0;&amp;#0;&amp;#0;&amp;#0;&amp;#0;&amp;#0;&amp;#0;&amp;#0;&amp;#0;&amp;#0;&amp;#0;&amp;#0;&amp;#0;&amp;#0;&amp;#0;&amp;#0;&amp;#0;&amp;#0;&amp;#0;&amp;#0;&amp;#0;&amp;#0;&amp;#0;&amp;#0;&amp;#0;&amp;#0;&amp;#0;&amp;#0;&amp;#0;&amp;#0;&amp;#0;&amp;#0;&amp;#0;&amp;#0;&amp;#0;&amp;#0;&amp;#0;&amp;#0;&amp;#0;&amp;#0;&amp;#0;&amp;#0;&amp;#0;&amp;#0;&amp;#0;&amp;#0;&amp;#0;&amp;#0;&amp;#0;&amp;#0;&amp;#0;&amp;#0;&amp;#0;&amp;#0;&amp;#0;&amp;#0;&amp;#0;&amp;#0;&amp;#0;&amp;#0;&amp;#0;&amp;#0;&amp;#0;&amp;#0;&amp;#0;&amp;#0;&amp;#0;&amp;#0;&amp;#0;&amp;#0;&amp;#0;&amp;#0;&amp;#0;&amp;#0;&amp;#0;&amp;#0;&amp;#0;&amp;#0;&amp;#0;&amp;#0;&amp;#0;&amp;#0;&amp;#0;&amp;#0;&amp;#0;&amp;#0;&amp;#0;&amp;#0;&amp;#0;&amp;#0;&amp;#0;&amp;#0;&amp;#0;&amp;#0;&amp;#0;&amp;#0;&amp;#0;&amp;#0;&amp;#0;&amp;#0;&amp;#0;&amp;#0;&amp;#0;&amp;#0;&amp;#0;&amp;#0;&amp;#0;&amp;#0;&amp;#0;&amp;#0;&amp;#0;&amp;#0;&amp;#0;&amp;#0;&amp;#0;&amp;#0;&amp;#0;&amp;#0;&amp;#0;&amp;#0;&amp;#0;&amp;#0;&amp;#0;&amp;#0;&amp;#0;&amp;#0;&amp;#0;&amp;#0;&amp;#0;&amp;#0;&amp;#0;&amp;#0;&amp;#0;&amp;#0;&amp;#0;&amp;#0;&amp;#0;&amp;#0;&amp;#0;&amp;#0;&amp;#0;&amp;#0;&amp;#0;&amp;#0;&amp;#0;&amp;#0;&amp;#0;&amp;#0;&amp;#0;&amp;#0;&amp;#0;&amp;#0;&amp;#0;&amp;#0;&amp;#0;&amp;#0;&amp;#0;&amp;#0;&amp;#0;&amp;#0;&amp;#0;&amp;#0;&amp;#0;&amp;#0;&amp;#0;&amp;#0;&amp;#0;&amp;#0;&amp;#0;&amp;#0;&amp;#0;&amp;#0;&amp;#0;&amp;#0;&amp;#0;&amp;#0;&amp;#0;&amp;#0;&amp;#0;&amp;#0;&amp;#0;&amp;#0;&amp;#0;&amp;#0;&amp;#0;&amp;#0;&amp;#0;&amp;#0;&amp;#0;&amp;#0;&amp;#0;&amp;#0;&amp;#0;&amp;#0;&amp;#0;&amp;#0;&amp;#0;&amp;#0;&amp;#0;&amp;#0;&amp;#0;&amp;#0;&amp;#0;&amp;#0;&amp;#0;&amp;#0;&amp;#0;&amp;#0;&amp;#0;&amp;#0;&amp;#0;&amp;#0;&amp;#0;&amp;#0;&amp;#0;&amp;#0;&amp;#0;&amp;#0;&amp;#0;&amp;#0;&amp;#0;&amp;#0;&amp;#0;&amp;#0;&amp;#0;&amp;#0;&amp;#0;&amp;#0;&amp;#0;&amp;#0;&amp;#0;&amp;#0;&amp;#0;&amp;#0;&amp;#0;&amp;#0;&amp;#0;&amp;#0;&amp;#0;&amp;#0;&amp;#0;&amp;#0;&amp;#0;&amp;#0;&amp;#0;&amp;#0;&amp;#0;&amp;#0;&amp;#0;&amp;#0;&amp;#0;&amp;#0;&amp;#0;&amp;#0;&amp;#0;&amp;#0;&amp;#0;&amp;#0;&amp;#0;&amp;#0;&amp;#0;&amp;#0;&amp;#0;&amp;#0;&amp;#0;&amp;#0;&amp;#0;&amp;#0;&amp;#0;&amp;#0;&amp;#0;&amp;#0;&amp;#0;&amp;#0;&amp;#0;&amp;#0;&amp;#0;&amp;#0;&amp;#0;&amp;#0;&amp;#0;&amp;#0;&amp;#0;&amp;#0;&amp;#0;&amp;#0;&amp;#0;&amp;#0;&amp;#0;&amp;#0;&amp;#0;&amp;#0;&amp;#0;&amp;#0;&amp;#0;&amp;#0;&amp;#0;&amp;#0;&amp;#0;&amp;#0;&amp;#0;&amp;#0;&amp;#0;&amp;#0;&amp;#0;&amp;#0;&amp;#0;&amp;#0;&amp;#0;&amp;#0;&amp;#0;&amp;#0;&amp;#0;&amp;#0;&amp;#0;&amp;#0;&amp;#0;&amp;#0;&amp;#0;&amp;#0;&amp;#0;&amp;#0;&amp;#0;&amp;#0;&amp;#0;&amp;#0;&amp;#0;&amp;#0;&amp;#0;&amp;#0;&amp;#0;&amp;#0;&amp;#0;&amp;#0;&amp;#0;&amp;#0;&amp;#0;&amp;#0;&amp;#0;&amp;#0;&amp;#0;&amp;#0;&amp;#0;&amp;#0;&amp;#0;&amp;#0;&amp;#0;&amp;#0;&amp;#0;&amp;#0;&amp;#0;&amp;#0;&amp;#0;&amp;#0;&amp;#0;&amp;#0;&amp;#0;&amp;#0;&amp;#0;&amp;#0;&amp;#0;&amp;#0;&amp;#0;&amp;#0;&amp;#0;&amp;#0;&amp;#0;&amp;#0;&amp;#0;&amp;#0;&amp;#0;&amp;#0;&amp;#0;&amp;#0;&amp;#0;&amp;#0;&amp;#0;&amp;#0;&amp;#0;&amp;#0;&amp;#0;&amp;#0;&amp;#0;&amp;#0;&amp;#0;&amp;#0;&amp;#0;&amp;#0;&amp;#0;&amp;#0;&amp;#0;&amp;#0;&amp;#0;&amp;#0;&amp;#0;&amp;#0;&amp;#0;&amp;#0;&amp;#0;&amp;#0;&amp;#0;&amp;#0;&amp;#0;&amp;#0;&amp;#0;&amp;#0;&amp;#0;&amp;#0;&amp;#0;&amp;#0;&amp;#0;&amp;#0;&amp;#0;&amp;#0;&amp;#0;&amp;#0;&amp;#0;&amp;#0;&amp;#0;&amp;#0;&amp;#0;&amp;#0;&amp;#0;&amp;#0;&amp;#0;&amp;#0;&amp;#0;&amp;#0;&amp;#0;&amp;#0;&amp;#0;&amp;#0;&amp;#0;&amp;#0;&amp;#0;&amp;#0;&amp;#0;&amp;#0;&amp;#0;&amp;#0;&amp;#0;&amp;#0;&amp;#0;&amp;#0;&amp;#0;&amp;#0;&amp;#0;&amp;#0;&amp;#0;&amp;#0;&amp;#0;&amp;#0;&amp;#0;&amp;#0;&amp;#0;&amp;#0;&amp;#0;&amp;#0;&amp;#0;&amp;#0;&amp;#0;&amp;#0;&amp;#0;&amp;#0;&amp;#0;&amp;#0;&amp;#0;&amp;#0;&amp;#0;&amp;#0;&amp;#0;&amp;#0;&amp;#0;&amp;#0;&amp;#0;&amp;#0;&amp;#0;&amp;#0;&amp;#0;&amp;#0;&amp;#0;&amp;#0;&amp;#0;&amp;#0;&amp;#0;&amp;#0;&amp;#0;&amp;#0;&amp;#0;&amp;#0;&amp;#0;&amp;#0;&amp;#0;&amp;#0;&amp;#0;&amp;#0;&amp;#0;&amp;#0;&amp;#0;&amp;#0;&amp;#0;&amp;#0;&amp;#0;&amp;#0;&amp;#0;&amp;#0;&amp;#0;&amp;#0;&amp;#0;&amp;#0;&amp;#0;&amp;#0;&amp;#0;&amp;#0;&amp;#0;&amp;#0;&amp;#0;&amp;#0;&amp;#0;&amp;#0;&amp;#0;&amp;#0;&amp;#0;&amp;#0;&amp;#0;&amp;#0;&amp;#0;&amp;#0;&amp;#0;&amp;#0;&amp;#0;&amp;#0;&amp;#0;&amp;#0;&amp;#0;&amp;#0;&amp;#0;&amp;#0;&amp;#0;&amp;#0;&amp;#0;&amp;#0;&amp;#0;&amp;#0;&amp;#0;&amp;#0;&amp;#0;&amp;#0;&amp;#0;&amp;#0;&amp;#0;&amp;#0;&amp;#0;&amp;#0;&amp;#0;&amp;#0;&amp;#0;&amp;#0;&amp;#0;&amp;#0;&amp;#0;&amp;#0;&amp;#0;&amp;#0;&amp;#0;&amp;#0;&amp;#0;&amp;#0;&amp;#0;&amp;#0;&amp;#0;&amp;#0;&amp;#0;&amp;#0;&amp;#0;&amp;#0;&amp;#0;&amp;#0;&amp;#0;&amp;#0;&amp;#0;&amp;#0;&amp;#0;&amp;#0;&amp;#0;&amp;#0;&amp;#0;&amp;#0;&amp;#0;&amp;#0;&amp;#0;&amp;#0;&amp;#0;&amp;#0;&amp;#0;&amp;#0;&amp;#0;&amp;#0;&amp;#0;&amp;#0;&amp;#0;&amp;#0;&amp;#0;&amp;#0;&amp;#0;&amp;#0;&amp;#0;&amp;#0;&amp;#0;&amp;#0;&amp;#0;&amp;#0;&amp;#0;&amp;#0;&amp;#0;&amp;#0;&amp;#0;&amp;#0;&amp;#0;&amp;#0;&amp;#0;&amp;#0;&amp;#0;&amp;#0;&amp;#0;&amp;#0;&amp;#0;&amp;#0;&amp;#0;&amp;#0;&amp;#0;&amp;#0;&amp;#0;&amp;#0;&amp;#0;&amp;#0;&amp;#0;&amp;#0;&amp;#0;&amp;#0;&amp;#0;&amp;#0;&amp;#0;&amp;#0;&amp;#0;&amp;#0;&amp;#0;&amp;#0;&amp;#0;&amp;#0;&amp;#0;&amp;#0;&amp;#0;&amp;#0;&amp;#0;&amp;#0;&amp;#0;&amp;#0;&amp;#0;&amp;#0;&amp;#0;&amp;#0;&amp;#0;&amp;#0;&amp;#0;&amp;#0;&amp;#0;&amp;#0;&amp;#0;&amp;#0;&amp;#0;&amp;#0;&amp;#0;&amp;#0;&amp;#0;&amp;#0;&amp;#0;&amp;#0;&amp;#0;&amp;#0;&amp;#0;&amp;#0;&amp;#0;&amp;#0;&amp;#0;&amp;#0;&amp;#0;&amp;#0;&amp;#0;&amp;#0;&amp;#0;&amp;#0;&amp;#0;&amp;#0;&amp;#0;&amp;#0;&amp;#0;&amp;#0;&amp;#0;&amp;#0;&amp;#0;&amp;#0;&amp;#0;&amp;#0;&amp;#0;&amp;#0;&amp;#0;&amp;#0;&amp;#0;&amp;#0;&amp;#0;&amp;#0;&amp;#0;&amp;#0;&amp;#0;&amp;#0;&amp;#0;&amp;#0;&amp;#0;&amp;#0;&amp;#0;&amp;#0;&amp;#0;&amp;#0;&amp;#0;&amp;#0;&amp;#0;&amp;#0;&amp;#0;&amp;#0;&amp;#0;&amp;#0;&amp;#0;&amp;#0;&amp;#0;&amp;#0;&amp;#0;&amp;#0;&amp;#0;&amp;#0;&amp;#0;&amp;#0;&amp;#0;&amp;#0;&amp;#0;&amp;#0;&amp;#0;&amp;#0;&amp;#0;&amp;#0;&amp;#0;&amp;#0;&amp;#0;&amp;#0;&amp;#0;&amp;#0;&amp;#0;&amp;#0;&amp;#0;&amp;#0;&amp;#0;&amp;#0;&amp;#0;&amp;#0;&amp;#0;&amp;#0;&amp;#0;&amp;#0;&amp;#0;&amp;#0;&amp;#0;&amp;#0;&amp;#0;&amp;#0;&amp;#0;&amp;#0;&amp;#0;&amp;#0;&amp;#0;&amp;#0;&amp;#0;&amp;#0;&amp;#0;&amp;#0;&amp;#0;&amp;#0;&amp;#0;&amp;#0;&amp;#0;&amp;#0;&amp;#0;&amp;#0;&amp;#0;&amp;#0;&amp;#0;&amp;#0;&amp;#0;&amp;#0;&amp;#0;&amp;#0;&amp;#0;&amp;#0;&amp;#0;&amp;#0;&amp;#0;&amp;#0;&amp;#0;&amp;#0;&amp;#0;&amp;#0;&amp;#0;&amp;#0;&amp;#0;&amp;#0;&amp;#0;&amp;#0;&amp;#0;&amp;#0;&amp;#0;&amp;#0;&amp;#0;&amp;#0;&amp;#0;&amp;#0;&amp;#0;&amp;#0;&amp;#0;&amp;#0;&amp;#0;&amp;#0;&amp;#0;&amp;#0;&amp;#0;&amp;#0;&amp;#0;&amp;#0;&amp;#0;&amp;#0;&amp;#0;&amp;#0;&amp;#0;&amp;#0;&amp;#0;&amp;#0;&amp;#0;&amp;#0;&amp;#0;&amp;#0;&amp;#0;&amp;#0;&amp;#0;&amp;#0;&amp;#0;&amp;#0;&amp;#0;&amp;#0;&amp;#0;&amp;#0;&amp;#0;&amp;#0;&amp;#0;&amp;#0;&amp;#0;&amp;#0;&amp;#0;&amp;#0;&amp;#0;&amp;#0;&amp;#0;&amp;#0;&amp;#0;&amp;#0;&amp;#0;&amp;#0;&amp;#0;&amp;#0;&amp;#0;&amp;#0;&amp;#0;&amp;#0;&amp;#0;&amp;#0;&amp;#0;&amp;#0;&amp;#0;&amp;#0;&amp;#0;&amp;#0;&amp;#0;&amp;#0;&amp;#0;&amp;#0;&amp;#0;&amp;#0;&amp;#0;&amp;#0;&amp;#0;&amp;#0;&amp;#0;&amp;#0;&amp;#0;&amp;#0;&amp;#0;&amp;#0;&amp;#0;&amp;#0;&amp;#0;&amp;#0;&amp;#0;&amp;#0;&amp;#0;&amp;#0;&amp;#0;&amp;#0;&amp;#0;&amp;#0;&amp;#0;&amp;#0;&amp;#0;&amp;#0;&amp;#0;&amp;#0;&amp;#0;&amp;#0;&amp;#0;&amp;#0;&amp;#0;&amp;#0;&amp;#0;&amp;#0;&amp;#0;&amp;#0;&amp;#0;&amp;#0;&amp;#0;&amp;#0;&amp;#0;&amp;#0;&amp;#0;&amp;#0;&amp;#0;&amp;#0;&amp;#0;&amp;#0;&amp;#0;&amp;#0;&amp;#0;&amp;#0;&amp;#0;&amp;#0;&amp;#0;&amp;#0;&amp;#0;&amp;#0;&amp;#0;&amp;#0;&amp;#0;&amp;#0;&amp;#0;&amp;#0;&amp;#0;&amp;#0;&amp;#0;&amp;#0;&amp;#0;&amp;#0;&amp;#0;&amp;#0;&amp;#0;&amp;#0;&amp;#0;&amp;#0;&amp;#0;&amp;#0;&amp;#0;&amp;#0;&amp;#0;&amp;#0;&amp;#0;&amp;#0;&amp;#0;&amp;#0;&amp;#0;&amp;#0;&amp;#0;&amp;#0;
14:06:38.052 [main] ERROR - Je passe ici ------------------------------------------------------
14:06:38.053 [main] ERROR - Exception occured during compilation!
java.util.MissingFormatArgumentException: Format specifier &apos;%s&apos;
	at java.util.Formatter.format(Formatter.java:2519) ~[?:1.8.0_91]
	at java.io.PrintWriter.format(PrintWriter.java:905) ~[?:1.8.0_91]
	at java.io.PrintWriter.printf(PrintWriter.java:804) ~[?:1.8.0_91]
	at be.unamur.info.b314.compiler.Visitor.PCodePrinter.printSetTo(PCodePrinter.java:78) ~[classes/:?]
	at be.unamur.info.b314.compiler.Visitor.PCodeVisitor.visitVarDecl(PCodeVisitor.java:625) ~[classes/:?]
	at be.unamur.info.b314.compiler.B314Parser$VarDeclContext.accept(B314Parser.java:405) ~[classes/:?]
	at be.unamur.info.b314.compiler.Visitor.PCodeVisitor.visitProgramme(PCodeVisitor.java:64) ~[classes/:?]
	at be.unamur.info.b314.compiler.B314Parser$ProgrammeContext.accept(B314Parser.java:4028) ~[classes/:?]
	at be.unamur.info.b314.compiler.main.Main.printPCode(Main.java:236) ~[classes/:?]
	at be.unamur.info.b314.compiler.main.Main.compile(Main.java:199) ~[classes/:?]
	at be.unamur.info.b314.compiler.main.Main.main(Main.java:79) [classes/:?]
	at be.unamur.info.b314.compiler.main.CompilerTestHelper.launchCompilation(CompilerTestHelper.java:35) [test-classes/:?]
	at be.unamur.info.b314.compiler.main.B314localvariabledeclSyntaxTest.testlocalvariabledecl_fct_local_var_same_names_and_different_types_than_global_vars_ok(B314localvariabledeclSyntaxTest.java:44) [test-classes/:?]
	at sun.reflect.NativeMethodAccessorImpl.invoke0(Native Method) ~[?:1.8.0_91]
	at sun.reflect.NativeMethodAccessorImpl.invoke(NativeMethodAccessorImpl.java:62) ~[?:1.8.0_91]
	at sun.reflect.DelegatingMethodAccessorImpl.invoke(DelegatingMethodAccessorImpl.java:43) ~[?:1.8.0_91]
	at java.lang.reflect.Method.invoke(Method.java:498) ~[?:1.8.0_91]
	at org.junit.runners.model.FrameworkMethod$1.runReflectiveCall(FrameworkMethod.java:50) [junit-4.12.jar:4.12]
	at org.junit.internal.runners.model.ReflectiveCallable.run(ReflectiveCallable.java:12) [junit-4.12.jar:4.12]
	at org.junit.runners.model.FrameworkMethod.invokeExplosively(FrameworkMethod.java:47) [junit-4.12.jar:4.12]
	at org.junit.internal.runners.statements.InvokeMethod.evaluate(InvokeMethod.java:17) [junit-4.12.jar:4.12]
	at org.junit.rules.ExternalResource$1.evaluate(ExternalResource.java:48) [junit-4.12.jar:4.12]
	at org.junit.rules.TestWatcher$1.evaluate(TestWatcher.java:55) [junit-4.12.jar:4.12]
	at org.junit.rules.RunRules.evaluate(RunRules.java:20) [junit-4.12.jar:4.12]
	at org.junit.runners.ParentRunner.runLeaf(ParentRunner.java:325) [junit-4.12.jar:4.12]
	at org.junit.runners.BlockJUnit4ClassRunner.runChild(BlockJUnit4ClassRunner.java:78) [junit-4.12.jar:4.12]
	at org.junit.runners.BlockJUnit4ClassRunner.runChild(BlockJUnit4ClassRunner.java:57) [junit-4.12.jar:4.12]
	at org.junit.runners.ParentRunner$3.run(ParentRunner.java:290) [junit-4.12.jar:4.12]
	at org.junit.runners.ParentRunner$1.schedule(ParentRunner.java:71) [junit-4.12.jar:4.12]
	at org.junit.runners.ParentRunner.runChildren(ParentRunner.java:288) [junit-4.12.jar:4.12]
	at org.junit.runners.ParentRunner.access$000(ParentRunner.java:58) [junit-4.12.jar:4.12]
	at org.junit.runners.ParentRunner$2.evaluate(ParentRunner.java:268) [junit-4.12.jar:4.12]
	at org.junit.runners.ParentRunner.run(ParentRunner.java:363) [junit-4.12.jar:4.12]
	at org.apache.maven.surefire.junit4.JUnit4TestSet.execute(JUnit4TestSet.java:53) [surefire-junit4-2.10.jar:2.10]
	at org.apache.maven.surefire.junit4.JUnit4Provider.executeTestSet(JUnit4Provider.java:123) [surefire-junit4-2.10.jar:2.10]
	at org.apache.maven.surefire.junit4.JUnit4Provider.invoke(JUnit4Provider.java:104) [surefire-junit4-2.10.jar:2.10]
	at sun.reflect.NativeMethodAccessorImpl.invoke0(Native Method) ~[?:1.8.0_91]
	at sun.reflect.NativeMethodAccessorImpl.invoke(NativeMethodAccessorImpl.java:62) ~[?:1.8.0_91]
	at sun.reflect.DelegatingMethodAccessorImpl.invoke(DelegatingMethodAccessorImpl.java:43) ~[?:1.8.0_91]
	at java.lang.reflect.Method.invoke(Method.java:498) ~[?:1.8.0_91]
	at org.apache.maven.surefire.util.ReflectionUtils.invokeMethodWithArray(ReflectionUtils.java:164) [surefire-api-2.10.jar:2.10]
	at org.apache.maven.surefire.booter.ProviderFactory$ProviderProxy.invoke(ProviderFactory.java:110) [surefire-booter-2.10.jar:2.10]
	at org.apache.maven.surefire.booter.SurefireStarter.invokeProvider(SurefireStarter.java:175) [surefire-booter-2.10.jar:2.10]
	at org.apache.maven.surefire.booter.SurefireStarter.runSuitesInProcessWhenForked(SurefireStarter.java:107) [surefire-booter-2.10.jar:2.10]
	at org.apache.maven.surefire.booter.ForkedBooter.main(ForkedBooter.java:68) [surefire-booter-2.10.jar:2.10]
</system-out>
  </testcase>
  <testcase classname="be.unamur.info.b314.compiler.main.B314localvariabledeclSyntaxTest" name="testlocalvariabledecl_fct_local_var_diff_names_than_global_vars_but_same_name_in_different_functions_ok" time="0.008">
    <failure message="localvariabledecl: fct_local_var_diff_names_than_global_vars_but_same_name_in_different_functions
Expected: a string ending with &quot;OK\r\n&quot;
     but: was &quot;KO
&quot;" type="java.lang.AssertionError">java.lang.AssertionError: localvariabledecl: fct_local_var_diff_names_than_global_vars_but_same_name_in_different_functions
Expected: a string ending with &quot;OK\r\n&quot;
     but: was &quot;KO
&quot;
	at org.hamcrest.MatcherAssert.assertThat(MatcherAssert.java:20)
	at org.junit.Assert.assertThat(Assert.java:956)
	at be.unamur.info.b314.compiler.main.CompilerTestHelper.launchCompilation(CompilerTestHelper.java:42)
	at be.unamur.info.b314.compiler.main.B314localvariabledeclSyntaxTest.testlocalvariabledecl_fct_local_var_diff_names_than_global_vars_but_same_name_in_different_functions_ok(B314localvariabledeclSyntaxTest.java:39)
	at sun.reflect.NativeMethodAccessorImpl.invoke0(Native Method)
	at sun.reflect.NativeMethodAccessorImpl.invoke(NativeMethodAccessorImpl.java:62)
	at sun.reflect.DelegatingMethodAccessorImpl.invoke(DelegatingMethodAccessorImpl.java:43)
	at java.lang.reflect.Method.invoke(Method.java:498)
	at org.junit.runners.model.FrameworkMethod$1.runReflectiveCall(FrameworkMethod.java:50)
	at org.junit.internal.runners.model.ReflectiveCallable.run(ReflectiveCallable.java:12)
	at org.junit.runners.model.FrameworkMethod.invokeExplosively(FrameworkMethod.java:47)
	at org.junit.internal.runners.statements.InvokeMethod.evaluate(InvokeMethod.java:17)
	at org.junit.rules.ExternalResource$1.evaluate(ExternalResource.java:48)
	at org.junit.rules.TestWatcher$1.evaluate(TestWatcher.java:55)
	at org.junit.rules.RunRules.evaluate(RunRules.java:20)
	at org.junit.runners.ParentRunner.runLeaf(ParentRunner.java:325)
	at org.junit.runners.BlockJUnit4ClassRunner.runChild(BlockJUnit4ClassRunner.java:78)
	at org.junit.runners.BlockJUnit4ClassRunner.runChild(BlockJUnit4ClassRunner.java:57)
	at org.junit.runners.ParentRunner$3.run(ParentRunner.java:290)
	at org.junit.runners.ParentRunner$1.schedule(ParentRunner.java:71)
	at org.junit.runners.ParentRunner.runChildren(ParentRunner.java:288)
	at org.junit.runners.ParentRunner.access$000(ParentRunner.java:58)
	at org.junit.runners.ParentRunner$2.evaluate(ParentRunner.java:268)
	at org.junit.runners.ParentRunner.run(ParentRunner.java:363)
	at org.apache.maven.surefire.junit4.JUnit4TestSet.execute(JUnit4TestSet.java:53)
	at org.apache.maven.surefire.junit4.JUnit4Provider.executeTestSet(JUnit4Provider.java:123)
	at org.apache.maven.surefire.junit4.JUnit4Provider.invoke(JUnit4Provider.java:104)
	at sun.reflect.NativeMethodAccessorImpl.invoke0(Native Method)
	at sun.reflect.NativeMethodAccessorImpl.invoke(NativeMethodAccessorImpl.java:62)
	at sun.reflect.DelegatingMethodAccessorImpl.invoke(DelegatingMethodAccessorImpl.java:43)
	at java.lang.reflect.Method.invoke(Method.java:498)
	at org.apache.maven.surefire.util.ReflectionUtils.invokeMethodWithArray(ReflectionUtils.java:164)
	at org.apache.maven.surefire.booter.ProviderFactory$ProviderProxy.invoke(ProviderFactory.java:110)
	at org.apache.maven.surefire.booter.SurefireStarter.invokeProvider(SurefireStarter.java:175)
	at org.apache.maven.surefire.booter.SurefireStarter.runSuitesInProcessWhenForked(SurefireStarter.java:107)
	at org.apache.maven.surefire.booter.ForkedBooter.main(ForkedBooter.java:68)
</failure>
    <system-out>14:06:38.055 [main] INFO  - Starting test: testlocalvariabledecl_fct_local_var_diff_names_than_global_vars_but_same_name_in_different_functions_ok()...
org.apache.commons.cli.CommandLine@584f5497
14:06:38.057 [main] DEBUG - Initialisation
14:06:38.057 [main] DEBUG - Input file set to C:\Users\jessi\Documents\b314-Jour-MonkeyIsland\target\test-classes\syntax\localvariabledecl\ok\fct_local_var_diff_names_than_global_vars_but_same_name_in_different_functions.b314
14:06:38.057 [main] DEBUG - Output file set to C:\Users\jessi\AppData\Local\Temp\junit2892003290431225959\junit1531631731379494175.tmp
14:06:38.057 [main] DEBUG - Initialisation: done
jessica1
14:06:38.057 [main] DEBUG - Parsing input
/* My comments */ 
declare and retain 
	b1 as boolean;
	b2 as boolean;
    i1 as integer; 
    i2 as integer;
    i3 as integer;
    s1 as square;
    s2 as square;
    v1 as boolean[5, 7];
    v2 as integer[42];

    fct1 as function():square
    	do
    		skip
    	done 

    fct2 as function(x as integer, y as boolean):integer
    	declare local
    		loc1 as integer;
    		loc2 as boolean;
    		loc3 as square;
    		loc4 as integer[5];
    	do
    		compute loc1 + 2 - loc4[0 + 1 - i1] = 5 and not loc2 or loc3 = dirt
    	done 

    fct3 as function():boolean
    	declare local
    		loc1 as integer;
    		loc2 as boolean;
    		loc3 as square;
    		loc4 as integer[5];
    	do
    		compute loc1 + 2 - loc4[0 + 1 - i1] = 5 and not loc2 or loc3 = dirt
    	done 

    fct4 as function():square
    	declare local
    		loc1 as integer;
    		loc2 as boolean;
    		loc3 as square;
    		loc4 as integer[5];
    	do
    		compute loc1 + 2 - loc4[0 + 1 - i1] = 5 and not loc2 or loc3 = dirt
    	done 

    fct5 as function(x as integer, y as boolean, z as square):integer
    	declare local
    		loc1 as integer;
    		loc2 as boolean;
    		loc3 as square;
    		loc4 as integer[5];
    	do
    		compute loc1 + 2 - loc4[0 + 1 - i1] = 5 and not loc2 or loc3 = dirt
    	done 
    	
when your turn 

	when true and b1 or v1[0, i1 + 2 * 5] do
		if b1 and i1 = 2 then
			while i1 &lt; i3 do
				set i2 to i1 + 1
			done
		else
			if s1 = ammo then
				next do nothing
			done
		done
	done 

	when false do
		skip
	done

	when not graal is north and i2 &gt; 5 and v2[4] &lt; 42 or s1 = dirt do
    	compute fct1()
    	set s1 to fct1()
    	if fct5(i1 + 2, s2 = ammo, ennemi) &gt; 2 then
    		skip
    	done
    	while fct3() do
    		skip
    	done
    	next move west
	done

	by default do 
		skip 
	done&amp;#0;&amp;#0;&amp;#0;&amp;#0;&amp;#0;&amp;#0;&amp;#0;&amp;#0;&amp;#0;&amp;#0;&amp;#0;&amp;#0;&amp;#0;&amp;#0;&amp;#0;&amp;#0;&amp;#0;&amp;#0;&amp;#0;&amp;#0;&amp;#0;&amp;#0;&amp;#0;&amp;#0;&amp;#0;&amp;#0;&amp;#0;&amp;#0;&amp;#0;&amp;#0;&amp;#0;&amp;#0;&amp;#0;&amp;#0;&amp;#0;&amp;#0;&amp;#0;&amp;#0;&amp;#0;&amp;#0;&amp;#0;&amp;#0;&amp;#0;&amp;#0;&amp;#0;&amp;#0;&amp;#0;&amp;#0;&amp;#0;&amp;#0;&amp;#0;&amp;#0;&amp;#0;&amp;#0;&amp;#0;&amp;#0;&amp;#0;&amp;#0;&amp;#0;&amp;#0;&amp;#0;&amp;#0;&amp;#0;&amp;#0;&amp;#0;&amp;#0;&amp;#0;&amp;#0;&amp;#0;&amp;#0;&amp;#0;&amp;#0;&amp;#0;&amp;#0;&amp;#0;&amp;#0;&amp;#0;&amp;#0;&amp;#0;&amp;#0;&amp;#0;&amp;#0;&amp;#0;&amp;#0;&amp;#0;&amp;#0;&amp;#0;&amp;#0;&amp;#0;&amp;#0;&amp;#0;&amp;#0;&amp;#0;&amp;#0;&amp;#0;&amp;#0;&amp;#0;&amp;#0;&amp;#0;&amp;#0;&amp;#0;&amp;#0;&amp;#0;&amp;#0;&amp;#0;&amp;#0;&amp;#0;&amp;#0;&amp;#0;&amp;#0;&amp;#0;&amp;#0;&amp;#0;&amp;#0;&amp;#0;&amp;#0;&amp;#0;&amp;#0;&amp;#0;&amp;#0;&amp;#0;&amp;#0;&amp;#0;&amp;#0;&amp;#0;&amp;#0;&amp;#0;&amp;#0;&amp;#0;&amp;#0;&amp;#0;&amp;#0;&amp;#0;&amp;#0;&amp;#0;&amp;#0;&amp;#0;&amp;#0;&amp;#0;&amp;#0;&amp;#0;&amp;#0;&amp;#0;&amp;#0;&amp;#0;&amp;#0;&amp;#0;&amp;#0;&amp;#0;&amp;#0;&amp;#0;&amp;#0;&amp;#0;&amp;#0;&amp;#0;&amp;#0;&amp;#0;&amp;#0;&amp;#0;&amp;#0;&amp;#0;&amp;#0;&amp;#0;&amp;#0;&amp;#0;&amp;#0;&amp;#0;&amp;#0;&amp;#0;&amp;#0;&amp;#0;&amp;#0;&amp;#0;&amp;#0;&amp;#0;&amp;#0;&amp;#0;&amp;#0;&amp;#0;&amp;#0;&amp;#0;&amp;#0;&amp;#0;&amp;#0;&amp;#0;&amp;#0;&amp;#0;&amp;#0;&amp;#0;&amp;#0;&amp;#0;&amp;#0;&amp;#0;&amp;#0;&amp;#0;&amp;#0;&amp;#0;&amp;#0;&amp;#0;&amp;#0;&amp;#0;&amp;#0;&amp;#0;&amp;#0;&amp;#0;&amp;#0;&amp;#0;&amp;#0;&amp;#0;&amp;#0;&amp;#0;&amp;#0;&amp;#0;&amp;#0;&amp;#0;&amp;#0;&amp;#0;&amp;#0;&amp;#0;&amp;#0;&amp;#0;&amp;#0;&amp;#0;&amp;#0;&amp;#0;&amp;#0;&amp;#0;&amp;#0;&amp;#0;&amp;#0;&amp;#0;&amp;#0;&amp;#0;&amp;#0;&amp;#0;&amp;#0;&amp;#0;&amp;#0;&amp;#0;&amp;#0;&amp;#0;&amp;#0;&amp;#0;&amp;#0;&amp;#0;&amp;#0;&amp;#0;&amp;#0;&amp;#0;&amp;#0;&amp;#0;&amp;#0;&amp;#0;&amp;#0;&amp;#0;&amp;#0;&amp;#0;&amp;#0;&amp;#0;&amp;#0;&amp;#0;&amp;#0;&amp;#0;&amp;#0;&amp;#0;&amp;#0;&amp;#0;&amp;#0;&amp;#0;&amp;#0;&amp;#0;&amp;#0;&amp;#0;&amp;#0;&amp;#0;&amp;#0;&amp;#0;&amp;#0;&amp;#0;&amp;#0;&amp;#0;&amp;#0;&amp;#0;&amp;#0;&amp;#0;&amp;#0;&amp;#0;&amp;#0;&amp;#0;&amp;#0;&amp;#0;&amp;#0;&amp;#0;&amp;#0;&amp;#0;&amp;#0;&amp;#0;&amp;#0;&amp;#0;&amp;#0;&amp;#0;&amp;#0;&amp;#0;&amp;#0;&amp;#0;&amp;#0;&amp;#0;&amp;#0;&amp;#0;&amp;#0;&amp;#0;&amp;#0;&amp;#0;&amp;#0;&amp;#0;&amp;#0;&amp;#0;&amp;#0;&amp;#0;&amp;#0;&amp;#0;&amp;#0;&amp;#0;&amp;#0;&amp;#0;&amp;#0;&amp;#0;&amp;#0;&amp;#0;&amp;#0;&amp;#0;&amp;#0;&amp;#0;&amp;#0;&amp;#0;&amp;#0;&amp;#0;&amp;#0;&amp;#0;&amp;#0;&amp;#0;&amp;#0;&amp;#0;&amp;#0;&amp;#0;&amp;#0;&amp;#0;&amp;#0;&amp;#0;&amp;#0;&amp;#0;&amp;#0;&amp;#0;&amp;#0;&amp;#0;&amp;#0;&amp;#0;&amp;#0;&amp;#0;&amp;#0;&amp;#0;&amp;#0;&amp;#0;&amp;#0;&amp;#0;&amp;#0;&amp;#0;&amp;#0;&amp;#0;&amp;#0;&amp;#0;&amp;#0;&amp;#0;&amp;#0;&amp;#0;&amp;#0;&amp;#0;&amp;#0;&amp;#0;&amp;#0;&amp;#0;&amp;#0;&amp;#0;&amp;#0;&amp;#0;&amp;#0;&amp;#0;&amp;#0;&amp;#0;&amp;#0;&amp;#0;&amp;#0;&amp;#0;&amp;#0;&amp;#0;&amp;#0;&amp;#0;&amp;#0;&amp;#0;&amp;#0;&amp;#0;&amp;#0;&amp;#0;&amp;#0;&amp;#0;&amp;#0;&amp;#0;&amp;#0;&amp;#0;&amp;#0;&amp;#0;&amp;#0;&amp;#0;&amp;#0;&amp;#0;&amp;#0;&amp;#0;&amp;#0;&amp;#0;&amp;#0;&amp;#0;&amp;#0;&amp;#0;&amp;#0;&amp;#0;&amp;#0;&amp;#0;&amp;#0;&amp;#0;&amp;#0;&amp;#0;&amp;#0;&amp;#0;&amp;#0;&amp;#0;&amp;#0;&amp;#0;&amp;#0;&amp;#0;&amp;#0;&amp;#0;&amp;#0;&amp;#0;&amp;#0;&amp;#0;&amp;#0;&amp;#0;&amp;#0;&amp;#0;&amp;#0;&amp;#0;&amp;#0;&amp;#0;&amp;#0;&amp;#0;&amp;#0;&amp;#0;&amp;#0;&amp;#0;&amp;#0;&amp;#0;&amp;#0;&amp;#0;&amp;#0;&amp;#0;&amp;#0;&amp;#0;&amp;#0;&amp;#0;&amp;#0;&amp;#0;&amp;#0;&amp;#0;&amp;#0;&amp;#0;&amp;#0;&amp;#0;&amp;#0;&amp;#0;&amp;#0;&amp;#0;&amp;#0;&amp;#0;&amp;#0;&amp;#0;&amp;#0;&amp;#0;&amp;#0;&amp;#0;&amp;#0;&amp;#0;&amp;#0;&amp;#0;&amp;#0;&amp;#0;&amp;#0;&amp;#0;&amp;#0;&amp;#0;&amp;#0;&amp;#0;&amp;#0;&amp;#0;&amp;#0;&amp;#0;&amp;#0;&amp;#0;&amp;#0;&amp;#0;&amp;#0;&amp;#0;&amp;#0;&amp;#0;&amp;#0;&amp;#0;&amp;#0;&amp;#0;&amp;#0;&amp;#0;&amp;#0;&amp;#0;&amp;#0;&amp;#0;&amp;#0;&amp;#0;&amp;#0;&amp;#0;&amp;#0;&amp;#0;&amp;#0;&amp;#0;&amp;#0;&amp;#0;&amp;#0;&amp;#0;&amp;#0;&amp;#0;&amp;#0;&amp;#0;&amp;#0;&amp;#0;&amp;#0;&amp;#0;&amp;#0;&amp;#0;&amp;#0;&amp;#0;&amp;#0;&amp;#0;&amp;#0;&amp;#0;&amp;#0;&amp;#0;&amp;#0;&amp;#0;&amp;#0;&amp;#0;&amp;#0;&amp;#0;&amp;#0;&amp;#0;&amp;#0;&amp;#0;&amp;#0;&amp;#0;&amp;#0;&amp;#0;&amp;#0;&amp;#0;&amp;#0;&amp;#0;&amp;#0;&amp;#0;&amp;#0;&amp;#0;&amp;#0;&amp;#0;&amp;#0;&amp;#0;&amp;#0;&amp;#0;&amp;#0;&amp;#0;&amp;#0;&amp;#0;&amp;#0;&amp;#0;&amp;#0;&amp;#0;&amp;#0;&amp;#0;&amp;#0;&amp;#0;&amp;#0;&amp;#0;&amp;#0;&amp;#0;&amp;#0;&amp;#0;&amp;#0;&amp;#0;&amp;#0;&amp;#0;&amp;#0;&amp;#0;&amp;#0;&amp;#0;&amp;#0;&amp;#0;&amp;#0;&amp;#0;&amp;#0;&amp;#0;&amp;#0;&amp;#0;&amp;#0;&amp;#0;&amp;#0;&amp;#0;&amp;#0;&amp;#0;&amp;#0;&amp;#0;&amp;#0;&amp;#0;&amp;#0;&amp;#0;&amp;#0;&amp;#0;&amp;#0;&amp;#0;&amp;#0;&amp;#0;&amp;#0;&amp;#0;&amp;#0;&amp;#0;&amp;#0;&amp;#0;&amp;#0;&amp;#0;&amp;#0;&amp;#0;&amp;#0;&amp;#0;&amp;#0;&amp;#0;&amp;#0;&amp;#0;&amp;#0;&amp;#0;&amp;#0;&amp;#0;&amp;#0;&amp;#0;&amp;#0;&amp;#0;&amp;#0;&amp;#0;&amp;#0;&amp;#0;&amp;#0;&amp;#0;&amp;#0;&amp;#0;&amp;#0;&amp;#0;&amp;#0;&amp;#0;&amp;#0;&amp;#0;&amp;#0;&amp;#0;&amp;#0;&amp;#0;&amp;#0;&amp;#0;&amp;#0;&amp;#0;&amp;#0;&amp;#0;&amp;#0;&amp;#0;&amp;#0;&amp;#0;&amp;#0;&amp;#0;&amp;#0;&amp;#0;&amp;#0;&amp;#0;&amp;#0;&amp;#0;&amp;#0;&amp;#0;&amp;#0;&amp;#0;&amp;#0;&amp;#0;&amp;#0;&amp;#0;&amp;#0;&amp;#0;&amp;#0;&amp;#0;&amp;#0;&amp;#0;&amp;#0;&amp;#0;&amp;#0;&amp;#0;&amp;#0;&amp;#0;&amp;#0;&amp;#0;&amp;#0;&amp;#0;&amp;#0;&amp;#0;&amp;#0;&amp;#0;&amp;#0;&amp;#0;&amp;#0;&amp;#0;&amp;#0;&amp;#0;&amp;#0;&amp;#0;&amp;#0;&amp;#0;&amp;#0;&amp;#0;&amp;#0;&amp;#0;&amp;#0;&amp;#0;&amp;#0;&amp;#0;&amp;#0;&amp;#0;&amp;#0;&amp;#0;&amp;#0;&amp;#0;&amp;#0;&amp;#0;&amp;#0;&amp;#0;&amp;#0;&amp;#0;&amp;#0;&amp;#0;&amp;#0;&amp;#0;&amp;#0;&amp;#0;&amp;#0;&amp;#0;&amp;#0;&amp;#0;&amp;#0;&amp;#0;&amp;#0;&amp;#0;&amp;#0;&amp;#0;&amp;#0;&amp;#0;&amp;#0;&amp;#0;&amp;#0;&amp;#0;&amp;#0;&amp;#0;&amp;#0;&amp;#0;&amp;#0;&amp;#0;&amp;#0;&amp;#0;&amp;#0;&amp;#0;&amp;#0;&amp;#0;&amp;#0;&amp;#0;&amp;#0;&amp;#0;&amp;#0;&amp;#0;&amp;#0;&amp;#0;&amp;#0;&amp;#0;&amp;#0;&amp;#0;&amp;#0;&amp;#0;&amp;#0;&amp;#0;&amp;#0;&amp;#0;&amp;#0;&amp;#0;&amp;#0;&amp;#0;&amp;#0;&amp;#0;&amp;#0;&amp;#0;&amp;#0;&amp;#0;&amp;#0;&amp;#0;&amp;#0;&amp;#0;&amp;#0;&amp;#0;&amp;#0;&amp;#0;&amp;#0;&amp;#0;&amp;#0;&amp;#0;&amp;#0;&amp;#0;&amp;#0;&amp;#0;&amp;#0;&amp;#0;&amp;#0;&amp;#0;&amp;#0;&amp;#0;&amp;#0;&amp;#0;&amp;#0;&amp;#0;&amp;#0;&amp;#0;&amp;#0;&amp;#0;&amp;#0;&amp;#0;&amp;#0;&amp;#0;&amp;#0;&amp;#0;&amp;#0;&amp;#0;&amp;#0;&amp;#0;&amp;#0;&amp;#0;&amp;#0;&amp;#0;&amp;#0;&amp;#0;&amp;#0;&amp;#0;&amp;#0;&amp;#0;&amp;#0;&amp;#0;&amp;#0;&amp;#0;&amp;#0;&amp;#0;&amp;#0;&amp;#0;&amp;#0;&amp;#0;&amp;#0;&amp;#0;&amp;#0;&amp;#0;&amp;#0;&amp;#0;&amp;#0;&amp;#0;&amp;#0;&amp;#0;&amp;#0;&amp;#0;&amp;#0;&amp;#0;&amp;#0;&amp;#0;&amp;#0;&amp;#0;&amp;#0;&amp;#0;&amp;#0;&amp;#0;&amp;#0;&amp;#0;&amp;#0;&amp;#0;&amp;#0;&amp;#0;&amp;#0;&amp;#0;&amp;#0;&amp;#0;&amp;#0;&amp;#0;&amp;#0;&amp;#0;&amp;#0;&amp;#0;&amp;#0;&amp;#0;&amp;#0;&amp;#0;&amp;#0;&amp;#0;&amp;#0;&amp;#0;&amp;#0;&amp;#0;&amp;#0;&amp;#0;&amp;#0;&amp;#0;&amp;#0;&amp;#0;&amp;#0;&amp;#0;&amp;#0;&amp;#0;&amp;#0;&amp;#0;&amp;#0;&amp;#0;&amp;#0;&amp;#0;&amp;#0;&amp;#0;&amp;#0;&amp;#0;&amp;#0;&amp;#0;&amp;#0;&amp;#0;&amp;#0;&amp;#0;&amp;#0;&amp;#0;&amp;#0;&amp;#0;&amp;#0;&amp;#0;&amp;#0;&amp;#0;&amp;#0;&amp;#0;&amp;#0;&amp;#0;&amp;#0;&amp;#0;&amp;#0;&amp;#0;&amp;#0;&amp;#0;&amp;#0;&amp;#0;&amp;#0;&amp;#0;&amp;#0;&amp;#0;&amp;#0;&amp;#0;&amp;#0;&amp;#0;&amp;#0;&amp;#0;&amp;#0;&amp;#0;&amp;#0;&amp;#0;&amp;#0;&amp;#0;&amp;#0;&amp;#0;&amp;#0;&amp;#0;&amp;#0;&amp;#0;&amp;#0;&amp;#0;&amp;#0;&amp;#0;&amp;#0;&amp;#0;&amp;#0;&amp;#0;&amp;#0;&amp;#0;&amp;#0;&amp;#0;&amp;#0;&amp;#0;&amp;#0;&amp;#0;&amp;#0;&amp;#0;&amp;#0;&amp;#0;&amp;#0;&amp;#0;&amp;#0;&amp;#0;&amp;#0;&amp;#0;&amp;#0;&amp;#0;&amp;#0;&amp;#0;&amp;#0;&amp;#0;&amp;#0;&amp;#0;&amp;#0;&amp;#0;&amp;#0;&amp;#0;&amp;#0;&amp;#0;&amp;#0;&amp;#0;&amp;#0;&amp;#0;&amp;#0;&amp;#0;&amp;#0;&amp;#0;&amp;#0;&amp;#0;&amp;#0;&amp;#0;&amp;#0;&amp;#0;&amp;#0;&amp;#0;&amp;#0;&amp;#0;&amp;#0;&amp;#0;&amp;#0;&amp;#0;&amp;#0;&amp;#0;&amp;#0;&amp;#0;&amp;#0;&amp;#0;&amp;#0;&amp;#0;&amp;#0;&amp;#0;&amp;#0;&amp;#0;&amp;#0;&amp;#0;&amp;#0;&amp;#0;&amp;#0;&amp;#0;&amp;#0;&amp;#0;&amp;#0;&amp;#0;&amp;#0;&amp;#0;&amp;#0;&amp;#0;&amp;#0;&amp;#0;&amp;#0;&amp;#0;&amp;#0;&amp;#0;&amp;#0;&amp;#0;&amp;#0;&amp;#0;&amp;#0;&amp;#0;&amp;#0;&amp;#0;&amp;#0;&amp;#0;&amp;#0;&amp;#0;&amp;#0;&amp;#0;&amp;#0;&amp;#0;&amp;#0;&amp;#0;&amp;#0;&amp;#0;&amp;#0;&amp;#0;&amp;#0;&amp;#0;&amp;#0;&amp;#0;&amp;#0;&amp;#0;&amp;#0;&amp;#0;&amp;#0;&amp;#0;&amp;#0;&amp;#0;&amp;#0;&amp;#0;&amp;#0;&amp;#0;&amp;#0;&amp;#0;&amp;#0;&amp;#0;&amp;#0;&amp;#0;&amp;#0;&amp;#0;&amp;#0;&amp;#0;&amp;#0;&amp;#0;&amp;#0;&amp;#0;&amp;#0;&amp;#0;&amp;#0;&amp;#0;&amp;#0;&amp;#0;&amp;#0;&amp;#0;&amp;#0;&amp;#0;&amp;#0;&amp;#0;&amp;#0;&amp;#0;&amp;#0;&amp;#0;&amp;#0;&amp;#0;&amp;#0;&amp;#0;&amp;#0;&amp;#0;&amp;#0;&amp;#0;&amp;#0;&amp;#0;&amp;#0;&amp;#0;&amp;#0;&amp;#0;&amp;#0;&amp;#0;&amp;#0;&amp;#0;&amp;#0;&amp;#0;&amp;#0;&amp;#0;&amp;#0;&amp;#0;&amp;#0;&amp;#0;&amp;#0;&amp;#0;&amp;#0;&amp;#0;&amp;#0;&amp;#0;&amp;#0;&amp;#0;&amp;#0;&amp;#0;&amp;#0;&amp;#0;&amp;#0;&amp;#0;&amp;#0;&amp;#0;&amp;#0;&amp;#0;&amp;#0;&amp;#0;&amp;#0;&amp;#0;&amp;#0;&amp;#0;&amp;#0;&amp;#0;&amp;#0;&amp;#0;&amp;#0;&amp;#0;&amp;#0;&amp;#0;&amp;#0;&amp;#0;&amp;#0;&amp;#0;&amp;#0;&amp;#0;&amp;#0;&amp;#0;&amp;#0;&amp;#0;&amp;#0;&amp;#0;&amp;#0;&amp;#0;&amp;#0;&amp;#0;&amp;#0;&amp;#0;&amp;#0;&amp;#0;&amp;#0;&amp;#0;&amp;#0;&amp;#0;&amp;#0;&amp;#0;&amp;#0;&amp;#0;&amp;#0;&amp;#0;&amp;#0;&amp;#0;&amp;#0;&amp;#0;&amp;#0;&amp;#0;&amp;#0;&amp;#0;&amp;#0;&amp;#0;&amp;#0;&amp;#0;&amp;#0;&amp;#0;&amp;#0;&amp;#0;&amp;#0;&amp;#0;&amp;#0;&amp;#0;&amp;#0;&amp;#0;&amp;#0;&amp;#0;&amp;#0;&amp;#0;&amp;#0;&amp;#0;&amp;#0;&amp;#0;&amp;#0;&amp;#0;&amp;#0;&amp;#0;&amp;#0;&amp;#0;&amp;#0;&amp;#0;&amp;#0;&amp;#0;&amp;#0;&amp;#0;&amp;#0;&amp;#0;&amp;#0;&amp;#0;&amp;#0;&amp;#0;&amp;#0;&amp;#0;&amp;#0;&amp;#0;&amp;#0;&amp;#0;&amp;#0;&amp;#0;&amp;#0;&amp;#0;&amp;#0;&amp;#0;&amp;#0;&amp;#0;&amp;#0;&amp;#0;&amp;#0;&amp;#0;&amp;#0;&amp;#0;&amp;#0;&amp;#0;&amp;#0;&amp;#0;&amp;#0;&amp;#0;&amp;#0;&amp;#0;&amp;#0;&amp;#0;&amp;#0;&amp;#0;&amp;#0;&amp;#0;&amp;#0;&amp;#0;&amp;#0;&amp;#0;&amp;#0;&amp;#0;&amp;#0;&amp;#0;&amp;#0;&amp;#0;&amp;#0;&amp;#0;&amp;#0;&amp;#0;&amp;#0;&amp;#0;&amp;#0;&amp;#0;&amp;#0;&amp;#0;&amp;#0;&amp;#0;&amp;#0;&amp;#0;&amp;#0;&amp;#0;&amp;#0;&amp;#0;&amp;#0;&amp;#0;&amp;#0;&amp;#0;&amp;#0;&amp;#0;&amp;#0;&amp;#0;&amp;#0;&amp;#0;&amp;#0;&amp;#0;&amp;#0;&amp;#0;&amp;#0;&amp;#0;&amp;#0;&amp;#0;&amp;#0;&amp;#0;&amp;#0;&amp;#0;&amp;#0;&amp;#0;&amp;#0;&amp;#0;&amp;#0;&amp;#0;&amp;#0;&amp;#0;&amp;#0;&amp;#0;&amp;#0;&amp;#0;&amp;#0;&amp;#0;&amp;#0;&amp;#0;&amp;#0;&amp;#0;&amp;#0;&amp;#0;&amp;#0;&amp;#0;&amp;#0;&amp;#0;&amp;#0;&amp;#0;&amp;#0;&amp;#0;&amp;#0;&amp;#0;&amp;#0;&amp;#0;&amp;#0;&amp;#0;&amp;#0;&amp;#0;&amp;#0;&amp;#0;&amp;#0;&amp;#0;&amp;#0;&amp;#0;&amp;#0;&amp;#0;&amp;#0;&amp;#0;&amp;#0;&amp;#0;&amp;#0;&amp;#0;&amp;#0;&amp;#0;&amp;#0;&amp;#0;&amp;#0;&amp;#0;&amp;#0;&amp;#0;&amp;#0;&amp;#0;&amp;#0;&amp;#0;&amp;#0;&amp;#0;&amp;#0;&amp;#0;&amp;#0;&amp;#0;&amp;#0;&amp;#0;&amp;#0;&amp;#0;&amp;#0;&amp;#0;&amp;#0;&amp;#0;&amp;#0;&amp;#0;&amp;#0;&amp;#0;&amp;#0;&amp;#0;&amp;#0;&amp;#0;&amp;#0;&amp;#0;&amp;#0;&amp;#0;&amp;#0;&amp;#0;&amp;#0;&amp;#0;&amp;#0;&amp;#0;&amp;#0;&amp;#0;&amp;#0;&amp;#0;&amp;#0;&amp;#0;&amp;#0;&amp;#0;&amp;#0;&amp;#0;&amp;#0;&amp;#0;&amp;#0;&amp;#0;&amp;#0;&amp;#0;&amp;#0;&amp;#0;&amp;#0;&amp;#0;&amp;#0;&amp;#0;&amp;#0;&amp;#0;&amp;#0;&amp;#0;&amp;#0;&amp;#0;&amp;#0;&amp;#0;&amp;#0;&amp;#0;&amp;#0;&amp;#0;&amp;#0;&amp;#0;&amp;#0;&amp;#0;&amp;#0;&amp;#0;&amp;#0;&amp;#0;&amp;#0;&amp;#0;&amp;#0;&amp;#0;&amp;#0;&amp;#0;&amp;#0;&amp;#0;&amp;#0;&amp;#0;&amp;#0;&amp;#0;&amp;#0;&amp;#0;&amp;#0;&amp;#0;&amp;#0;&amp;#0;&amp;#0;&amp;#0;&amp;#0;&amp;#0;&amp;#0;&amp;#0;&amp;#0;&amp;#0;&amp;#0;&amp;#0;&amp;#0;&amp;#0;&amp;#0;&amp;#0;&amp;#0;&amp;#0;&amp;#0;&amp;#0;&amp;#0;&amp;#0;&amp;#0;&amp;#0;&amp;#0;&amp;#0;&amp;#0;&amp;#0;&amp;#0;&amp;#0;&amp;#0;&amp;#0;&amp;#0;&amp;#0;&amp;#0;&amp;#0;&amp;#0;&amp;#0;&amp;#0;&amp;#0;&amp;#0;&amp;#0;&amp;#0;&amp;#0;&amp;#0;&amp;#0;&amp;#0;&amp;#0;&amp;#0;&amp;#0;&amp;#0;&amp;#0;&amp;#0;&amp;#0;&amp;#0;&amp;#0;&amp;#0;&amp;#0;&amp;#0;&amp;#0;&amp;#0;&amp;#0;&amp;#0;&amp;#0;&amp;#0;&amp;#0;&amp;#0;&amp;#0;&amp;#0;&amp;#0;&amp;#0;&amp;#0;&amp;#0;&amp;#0;&amp;#0;&amp;#0;&amp;#0;&amp;#0;&amp;#0;&amp;#0;&amp;#0;&amp;#0;&amp;#0;&amp;#0;&amp;#0;&amp;#0;&amp;#0;&amp;#0;&amp;#0;&amp;#0;&amp;#0;&amp;#0;&amp;#0;&amp;#0;&amp;#0;&amp;#0;&amp;#0;&amp;#0;&amp;#0;&amp;#0;&amp;#0;&amp;#0;&amp;#0;&amp;#0;&amp;#0;&amp;#0;&amp;#0;&amp;#0;&amp;#0;&amp;#0;&amp;#0;&amp;#0;&amp;#0;&amp;#0;&amp;#0;&amp;#0;&amp;#0;&amp;#0;&amp;#0;&amp;#0;&amp;#0;&amp;#0;&amp;#0;&amp;#0;&amp;#0;&amp;#0;&amp;#0;&amp;#0;&amp;#0;&amp;#0;&amp;#0;&amp;#0;&amp;#0;&amp;#0;&amp;#0;&amp;#0;&amp;#0;&amp;#0;&amp;#0;&amp;#0;&amp;#0;&amp;#0;&amp;#0;&amp;#0;&amp;#0;&amp;#0;&amp;#0;&amp;#0;&amp;#0;&amp;#0;&amp;#0;&amp;#0;&amp;#0;&amp;#0;&amp;#0;&amp;#0;&amp;#0;&amp;#0;&amp;#0;&amp;#0;&amp;#0;&amp;#0;&amp;#0;&amp;#0;&amp;#0;&amp;#0;&amp;#0;&amp;#0;&amp;#0;&amp;#0;&amp;#0;&amp;#0;&amp;#0;&amp;#0;&amp;#0;&amp;#0;&amp;#0;&amp;#0;&amp;#0;&amp;#0;&amp;#0;&amp;#0;&amp;#0;&amp;#0;&amp;#0;&amp;#0;&amp;#0;&amp;#0;&amp;#0;&amp;#0;&amp;#0;&amp;#0;&amp;#0;&amp;#0;&amp;#0;&amp;#0;&amp;#0;&amp;#0;&amp;#0;&amp;#0;&amp;#0;&amp;#0;&amp;#0;&amp;#0;&amp;#0;&amp;#0;&amp;#0;&amp;#0;&amp;#0;&amp;#0;&amp;#0;&amp;#0;&amp;#0;&amp;#0;&amp;#0;&amp;#0;&amp;#0;&amp;#0;&amp;#0;&amp;#0;&amp;#0;&amp;#0;&amp;#0;&amp;#0;&amp;#0;&amp;#0;&amp;#0;&amp;#0;&amp;#0;&amp;#0;&amp;#0;&amp;#0;&amp;#0;&amp;#0;&amp;#0;&amp;#0;&amp;#0;&amp;#0;&amp;#0;&amp;#0;&amp;#0;&amp;#0;&amp;#0;&amp;#0;&amp;#0;&amp;#0;&amp;#0;&amp;#0;&amp;#0;&amp;#0;&amp;#0;&amp;#0;&amp;#0;&amp;#0;&amp;#0;&amp;#0;&amp;#0;&amp;#0;&amp;#0;&amp;#0;&amp;#0;&amp;#0;&amp;#0;&amp;#0;&amp;#0;&amp;#0;&amp;#0;&amp;#0;&amp;#0;&amp;#0;&amp;#0;&amp;#0;&amp;#0;&amp;#0;&amp;#0;&amp;#0;&amp;#0;&amp;#0;&amp;#0;&amp;#0;&amp;#0;&amp;#0;&amp;#0;&amp;#0;&amp;#0;&amp;#0;&amp;#0;&amp;#0;&amp;#0;&amp;#0;&amp;#0;&amp;#0;&amp;#0;&amp;#0;&amp;#0;&amp;#0;&amp;#0;&amp;#0;&amp;#0;&amp;#0;&amp;#0;&amp;#0;&amp;#0;&amp;#0;&amp;#0;&amp;#0;&amp;#0;&amp;#0;&amp;#0;&amp;#0;&amp;#0;&amp;#0;&amp;#0;&amp;#0;&amp;#0;&amp;#0;&amp;#0;&amp;#0;&amp;#0;&amp;#0;&amp;#0;&amp;#0;&amp;#0;&amp;#0;&amp;#0;&amp;#0;&amp;#0;&amp;#0;&amp;#0;&amp;#0;&amp;#0;&amp;#0;&amp;#0;&amp;#0;&amp;#0;&amp;#0;&amp;#0;&amp;#0;&amp;#0;&amp;#0;&amp;#0;&amp;#0;&amp;#0;&amp;#0;&amp;#0;&amp;#0;&amp;#0;&amp;#0;&amp;#0;&amp;#0;&amp;#0;&amp;#0;&amp;#0;&amp;#0;&amp;#0;&amp;#0;&amp;#0;&amp;#0;&amp;#0;&amp;#0;&amp;#0;&amp;#0;&amp;#0;&amp;#0;&amp;#0;&amp;#0;&amp;#0;&amp;#0;&amp;#0;&amp;#0;&amp;#0;&amp;#0;&amp;#0;&amp;#0;&amp;#0;&amp;#0;&amp;#0;&amp;#0;&amp;#0;&amp;#0;&amp;#0;&amp;#0;&amp;#0;&amp;#0;&amp;#0;&amp;#0;&amp;#0;&amp;#0;&amp;#0;&amp;#0;&amp;#0;&amp;#0;&amp;#0;&amp;#0;&amp;#0;&amp;#0;&amp;#0;&amp;#0;&amp;#0;&amp;#0;&amp;#0;&amp;#0;&amp;#0;&amp;#0;&amp;#0;&amp;#0;&amp;#0;&amp;#0;&amp;#0;&amp;#0;&amp;#0;&amp;#0;&amp;#0;&amp;#0;&amp;#0;&amp;#0;&amp;#0;&amp;#0;&amp;#0;&amp;#0;&amp;#0;&amp;#0;&amp;#0;&amp;#0;&amp;#0;&amp;#0;&amp;#0;&amp;#0;&amp;#0;&amp;#0;&amp;#0;&amp;#0;&amp;#0;&amp;#0;&amp;#0;&amp;#0;&amp;#0;&amp;#0;&amp;#0;&amp;#0;&amp;#0;&amp;#0;&amp;#0;&amp;#0;&amp;#0;&amp;#0;&amp;#0;&amp;#0;&amp;#0;&amp;#0;&amp;#0;&amp;#0;&amp;#0;&amp;#0;&amp;#0;&amp;#0;&amp;#0;&amp;#0;&amp;#0;&amp;#0;&amp;#0;&amp;#0;&amp;#0;&amp;#0;&amp;#0;&amp;#0;&amp;#0;&amp;#0;&amp;#0;&amp;#0;&amp;#0;&amp;#0;&amp;#0;&amp;#0;&amp;#0;&amp;#0;&amp;#0;&amp;#0;&amp;#0;&amp;#0;&amp;#0;&amp;#0;&amp;#0;&amp;#0;&amp;#0;&amp;#0;&amp;#0;&amp;#0;&amp;#0;&amp;#0;&amp;#0;&amp;#0;&amp;#0;&amp;#0;&amp;#0;&amp;#0;&amp;#0;&amp;#0;&amp;#0;&amp;#0;&amp;#0;&amp;#0;&amp;#0;&amp;#0;&amp;#0;&amp;#0;&amp;#0;&amp;#0;&amp;#0;&amp;#0;&amp;#0;&amp;#0;&amp;#0;&amp;#0;&amp;#0;&amp;#0;&amp;#0;&amp;#0;&amp;#0;&amp;#0;&amp;#0;&amp;#0;&amp;#0;&amp;#0;&amp;#0;&amp;#0;&amp;#0;&amp;#0;&amp;#0;&amp;#0;&amp;#0;&amp;#0;&amp;#0;&amp;#0;&amp;#0;&amp;#0;&amp;#0;&amp;#0;&amp;#0;&amp;#0;&amp;#0;&amp;#0;&amp;#0;&amp;#0;&amp;#0;&amp;#0;&amp;#0;&amp;#0;&amp;#0;&amp;#0;&amp;#0;&amp;#0;&amp;#0;&amp;#0;&amp;#0;&amp;#0;&amp;#0;&amp;#0;&amp;#0;&amp;#0;&amp;#0;&amp;#0;&amp;#0;&amp;#0;&amp;#0;&amp;#0;&amp;#0;&amp;#0;&amp;#0;&amp;#0;&amp;#0;&amp;#0;&amp;#0;&amp;#0;&amp;#0;&amp;#0;&amp;#0;&amp;#0;&amp;#0;&amp;#0;&amp;#0;&amp;#0;&amp;#0;&amp;#0;&amp;#0;&amp;#0;&amp;#0;&amp;#0;&amp;#0;&amp;#0;&amp;#0;&amp;#0;&amp;#0;&amp;#0;&amp;#0;&amp;#0;&amp;#0;&amp;#0;&amp;#0;&amp;#0;&amp;#0;&amp;#0;&amp;#0;&amp;#0;&amp;#0;&amp;#0;&amp;#0;&amp;#0;&amp;#0;&amp;#0;&amp;#0;&amp;#0;&amp;#0;&amp;#0;&amp;#0;&amp;#0;&amp;#0;&amp;#0;&amp;#0;&amp;#0;&amp;#0;&amp;#0;&amp;#0;&amp;#0;&amp;#0;&amp;#0;&amp;#0;&amp;#0;&amp;#0;&amp;#0;&amp;#0;&amp;#0;&amp;#0;&amp;#0;&amp;#0;&amp;#0;&amp;#0;&amp;#0;&amp;#0;&amp;#0;&amp;#0;&amp;#0;&amp;#0;&amp;#0;&amp;#0;&amp;#0;&amp;#0;&amp;#0;&amp;#0;&amp;#0;&amp;#0;&amp;#0;&amp;#0;&amp;#0;&amp;#0;&amp;#0;&amp;#0;&amp;#0;&amp;#0;&amp;#0;&amp;#0;&amp;#0;&amp;#0;&amp;#0;&amp;#0;&amp;#0;&amp;#0;&amp;#0;&amp;#0;&amp;#0;&amp;#0;&amp;#0;&amp;#0;&amp;#0;&amp;#0;&amp;#0;&amp;#0;&amp;#0;&amp;#0;&amp;#0;&amp;#0;&amp;#0;&amp;#0;&amp;#0;&amp;#0;&amp;#0;&amp;#0;&amp;#0;&amp;#0;&amp;#0;&amp;#0;&amp;#0;&amp;#0;&amp;#0;&amp;#0;&amp;#0;&amp;#0;&amp;#0;&amp;#0;&amp;#0;&amp;#0;&amp;#0;&amp;#0;&amp;#0;&amp;#0;&amp;#0;&amp;#0;&amp;#0;&amp;#0;&amp;#0;&amp;#0;&amp;#0;&amp;#0;&amp;#0;&amp;#0;&amp;#0;&amp;#0;&amp;#0;&amp;#0;&amp;#0;&amp;#0;&amp;#0;&amp;#0;&amp;#0;&amp;#0;&amp;#0;&amp;#0;&amp;#0;&amp;#0;&amp;#0;&amp;#0;&amp;#0;&amp;#0;&amp;#0;&amp;#0;&amp;#0;&amp;#0;&amp;#0;&amp;#0;&amp;#0;&amp;#0;&amp;#0;&amp;#0;&amp;#0;&amp;#0;&amp;#0;&amp;#0;&amp;#0;&amp;#0;&amp;#0;&amp;#0;&amp;#0;&amp;#0;&amp;#0;&amp;#0;&amp;#0;&amp;#0;&amp;#0;&amp;#0;&amp;#0;&amp;#0;&amp;#0;&amp;#0;&amp;#0;&amp;#0;&amp;#0;&amp;#0;&amp;#0;
14:06:38.065 [main] ERROR - Je passe ici ------------------------------------------------------
14:06:38.066 [main] ERROR - Exception occured during compilation!
java.util.MissingFormatArgumentException: Format specifier &apos;%s&apos;
	at java.util.Formatter.format(Formatter.java:2519) ~[?:1.8.0_91]
	at java.io.PrintWriter.format(PrintWriter.java:905) ~[?:1.8.0_91]
	at java.io.PrintWriter.printf(PrintWriter.java:804) ~[?:1.8.0_91]
	at be.unamur.info.b314.compiler.Visitor.PCodePrinter.printSetTo(PCodePrinter.java:78) ~[classes/:?]
	at be.unamur.info.b314.compiler.Visitor.PCodeVisitor.visitVarDecl(PCodeVisitor.java:625) ~[classes/:?]
	at be.unamur.info.b314.compiler.B314Parser$VarDeclContext.accept(B314Parser.java:405) ~[classes/:?]
	at be.unamur.info.b314.compiler.Visitor.PCodeVisitor.visitProgramme(PCodeVisitor.java:64) ~[classes/:?]
	at be.unamur.info.b314.compiler.B314Parser$ProgrammeContext.accept(B314Parser.java:4028) ~[classes/:?]
	at be.unamur.info.b314.compiler.main.Main.printPCode(Main.java:236) ~[classes/:?]
	at be.unamur.info.b314.compiler.main.Main.compile(Main.java:199) ~[classes/:?]
	at be.unamur.info.b314.compiler.main.Main.main(Main.java:79) [classes/:?]
	at be.unamur.info.b314.compiler.main.CompilerTestHelper.launchCompilation(CompilerTestHelper.java:35) [test-classes/:?]
	at be.unamur.info.b314.compiler.main.B314localvariabledeclSyntaxTest.testlocalvariabledecl_fct_local_var_diff_names_than_global_vars_but_same_name_in_different_functions_ok(B314localvariabledeclSyntaxTest.java:39) [test-classes/:?]
	at sun.reflect.NativeMethodAccessorImpl.invoke0(Native Method) ~[?:1.8.0_91]
	at sun.reflect.NativeMethodAccessorImpl.invoke(NativeMethodAccessorImpl.java:62) ~[?:1.8.0_91]
	at sun.reflect.DelegatingMethodAccessorImpl.invoke(DelegatingMethodAccessorImpl.java:43) ~[?:1.8.0_91]
	at java.lang.reflect.Method.invoke(Method.java:498) ~[?:1.8.0_91]
	at org.junit.runners.model.FrameworkMethod$1.runReflectiveCall(FrameworkMethod.java:50) [junit-4.12.jar:4.12]
	at org.junit.internal.runners.model.ReflectiveCallable.run(ReflectiveCallable.java:12) [junit-4.12.jar:4.12]
	at org.junit.runners.model.FrameworkMethod.invokeExplosively(FrameworkMethod.java:47) [junit-4.12.jar:4.12]
	at org.junit.internal.runners.statements.InvokeMethod.evaluate(InvokeMethod.java:17) [junit-4.12.jar:4.12]
	at org.junit.rules.ExternalResource$1.evaluate(ExternalResource.java:48) [junit-4.12.jar:4.12]
	at org.junit.rules.TestWatcher$1.evaluate(TestWatcher.java:55) [junit-4.12.jar:4.12]
	at org.junit.rules.RunRules.evaluate(RunRules.java:20) [junit-4.12.jar:4.12]
	at org.junit.runners.ParentRunner.runLeaf(ParentRunner.java:325) [junit-4.12.jar:4.12]
	at org.junit.runners.BlockJUnit4ClassRunner.runChild(BlockJUnit4ClassRunner.java:78) [junit-4.12.jar:4.12]
	at org.junit.runners.BlockJUnit4ClassRunner.runChild(BlockJUnit4ClassRunner.java:57) [junit-4.12.jar:4.12]
	at org.junit.runners.ParentRunner$3.run(ParentRunner.java:290) [junit-4.12.jar:4.12]
	at org.junit.runners.ParentRunner$1.schedule(ParentRunner.java:71) [junit-4.12.jar:4.12]
	at org.junit.runners.ParentRunner.runChildren(ParentRunner.java:288) [junit-4.12.jar:4.12]
	at org.junit.runners.ParentRunner.access$000(ParentRunner.java:58) [junit-4.12.jar:4.12]
	at org.junit.runners.ParentRunner$2.evaluate(ParentRunner.java:268) [junit-4.12.jar:4.12]
	at org.junit.runners.ParentRunner.run(ParentRunner.java:363) [junit-4.12.jar:4.12]
	at org.apache.maven.surefire.junit4.JUnit4TestSet.execute(JUnit4TestSet.java:53) [surefire-junit4-2.10.jar:2.10]
	at org.apache.maven.surefire.junit4.JUnit4Provider.executeTestSet(JUnit4Provider.java:123) [surefire-junit4-2.10.jar:2.10]
	at org.apache.maven.surefire.junit4.JUnit4Provider.invoke(JUnit4Provider.java:104) [surefire-junit4-2.10.jar:2.10]
	at sun.reflect.NativeMethodAccessorImpl.invoke0(Native Method) ~[?:1.8.0_91]
	at sun.reflect.NativeMethodAccessorImpl.invoke(NativeMethodAccessorImpl.java:62) ~[?:1.8.0_91]
	at sun.reflect.DelegatingMethodAccessorImpl.invoke(DelegatingMethodAccessorImpl.java:43) ~[?:1.8.0_91]
	at java.lang.reflect.Method.invoke(Method.java:498) ~[?:1.8.0_91]
	at org.apache.maven.surefire.util.ReflectionUtils.invokeMethodWithArray(ReflectionUtils.java:164) [surefire-api-2.10.jar:2.10]
	at org.apache.maven.surefire.booter.ProviderFactory$ProviderProxy.invoke(ProviderFactory.java:110) [surefire-booter-2.10.jar:2.10]
	at org.apache.maven.surefire.booter.SurefireStarter.invokeProvider(SurefireStarter.java:175) [surefire-booter-2.10.jar:2.10]
	at org.apache.maven.surefire.booter.SurefireStarter.runSuitesInProcessWhenForked(SurefireStarter.java:107) [surefire-booter-2.10.jar:2.10]
	at org.apache.maven.surefire.booter.ForkedBooter.main(ForkedBooter.java:68) [surefire-booter-2.10.jar:2.10]
</system-out>
  </testcase>
  <testcase classname="be.unamur.info.b314.compiler.main.B314localvariabledeclSyntaxTest" name="testlocalvariabledecl_fct_local_var_diff_names_than_global_vars_ok" time="0.008">
    <failure message="localvariabledecl: fct_local_var_diff_names_than_global_vars
Expected: a string ending with &quot;OK\r\n&quot;
     but: was &quot;KO
&quot;" type="java.lang.AssertionError">java.lang.AssertionError: localvariabledecl: fct_local_var_diff_names_than_global_vars
Expected: a string ending with &quot;OK\r\n&quot;
     but: was &quot;KO
&quot;
	at org.hamcrest.MatcherAssert.assertThat(MatcherAssert.java:20)
	at org.junit.Assert.assertThat(Assert.java:956)
	at be.unamur.info.b314.compiler.main.CompilerTestHelper.launchCompilation(CompilerTestHelper.java:42)
	at be.unamur.info.b314.compiler.main.B314localvariabledeclSyntaxTest.testlocalvariabledecl_fct_local_var_diff_names_than_global_vars_ok(B314localvariabledeclSyntaxTest.java:34)
	at sun.reflect.NativeMethodAccessorImpl.invoke0(Native Method)
	at sun.reflect.NativeMethodAccessorImpl.invoke(NativeMethodAccessorImpl.java:62)
	at sun.reflect.DelegatingMethodAccessorImpl.invoke(DelegatingMethodAccessorImpl.java:43)
	at java.lang.reflect.Method.invoke(Method.java:498)
	at org.junit.runners.model.FrameworkMethod$1.runReflectiveCall(FrameworkMethod.java:50)
	at org.junit.internal.runners.model.ReflectiveCallable.run(ReflectiveCallable.java:12)
	at org.junit.runners.model.FrameworkMethod.invokeExplosively(FrameworkMethod.java:47)
	at org.junit.internal.runners.statements.InvokeMethod.evaluate(InvokeMethod.java:17)
	at org.junit.rules.ExternalResource$1.evaluate(ExternalResource.java:48)
	at org.junit.rules.TestWatcher$1.evaluate(TestWatcher.java:55)
	at org.junit.rules.RunRules.evaluate(RunRules.java:20)
	at org.junit.runners.ParentRunner.runLeaf(ParentRunner.java:325)
	at org.junit.runners.BlockJUnit4ClassRunner.runChild(BlockJUnit4ClassRunner.java:78)
	at org.junit.runners.BlockJUnit4ClassRunner.runChild(BlockJUnit4ClassRunner.java:57)
	at org.junit.runners.ParentRunner$3.run(ParentRunner.java:290)
	at org.junit.runners.ParentRunner$1.schedule(ParentRunner.java:71)
	at org.junit.runners.ParentRunner.runChildren(ParentRunner.java:288)
	at org.junit.runners.ParentRunner.access$000(ParentRunner.java:58)
	at org.junit.runners.ParentRunner$2.evaluate(ParentRunner.java:268)
	at org.junit.runners.ParentRunner.run(ParentRunner.java:363)
	at org.apache.maven.surefire.junit4.JUnit4TestSet.execute(JUnit4TestSet.java:53)
	at org.apache.maven.surefire.junit4.JUnit4Provider.executeTestSet(JUnit4Provider.java:123)
	at org.apache.maven.surefire.junit4.JUnit4Provider.invoke(JUnit4Provider.java:104)
	at sun.reflect.NativeMethodAccessorImpl.invoke0(Native Method)
	at sun.reflect.NativeMethodAccessorImpl.invoke(NativeMethodAccessorImpl.java:62)
	at sun.reflect.DelegatingMethodAccessorImpl.invoke(DelegatingMethodAccessorImpl.java:43)
	at java.lang.reflect.Method.invoke(Method.java:498)
	at org.apache.maven.surefire.util.ReflectionUtils.invokeMethodWithArray(ReflectionUtils.java:164)
	at org.apache.maven.surefire.booter.ProviderFactory$ProviderProxy.invoke(ProviderFactory.java:110)
	at org.apache.maven.surefire.booter.SurefireStarter.invokeProvider(SurefireStarter.java:175)
	at org.apache.maven.surefire.booter.SurefireStarter.runSuitesInProcessWhenForked(SurefireStarter.java:107)
	at org.apache.maven.surefire.booter.ForkedBooter.main(ForkedBooter.java:68)
</failure>
    <system-out>14:06:38.068 [main] INFO  - Starting test: testlocalvariabledecl_fct_local_var_diff_names_than_global_vars_ok()...
org.apache.commons.cli.CommandLine@1f9d6c7b
14:06:38.070 [main] DEBUG - Initialisation
14:06:38.070 [main] DEBUG - Input file set to C:\Users\jessi\Documents\b314-Jour-MonkeyIsland\target\test-classes\syntax\localvariabledecl\ok\fct_local_var_diff_names_than_global_vars.b314
14:06:38.070 [main] DEBUG - Output file set to C:\Users\jessi\AppData\Local\Temp\junit5007002012659800757\junit5033064616028066940.tmp
14:06:38.070 [main] DEBUG - Initialisation: done
jessica1
14:06:38.070 [main] DEBUG - Parsing input
/* My comments */ 
declare and retain 
	b1 as boolean;
	b2 as boolean;
    i1 as integer; 
    i2 as integer;
    i3 as integer;
    s1 as square;
    s2 as square;
    v1 as boolean[5, 7];
    v2 as integer[42];

    fct1 as function():square
    	do
    		skip
    	done 

    fct2 as function(x as integer, y as boolean):integer
    	declare local
    		loc1 as integer;
    		loc2 as boolean;
    		loc3 as square;
    		loc4 as integer[5];
    	do
    		compute loc1 + 2 - loc4[0 + 1 - i1] = 5 and not loc2 or loc3 = dirt
    	done 

    fct3 as function():boolean
    	do
    		skip
    	done 

    fct4 as function():square
    	do
    		skip
    	done 

    fct5 as function(x as integer, y as boolean, z as square):integer
    	do
    		skip
    	done 
    	
when your turn 

	when true and b1 or v1[0, i1 + 2 * 5] do
		if b1 and i1 = 2 then
			while i1 &lt; i3 do
				set i2 to i1 + 1
			done
		else
			if s1 = ammo then
				next do nothing
			done
		done
	done 

	when false do
		skip
	done

	when not graal is north and i2 &gt; 5 and v2[4] &lt; 42 or s1 = dirt do
    	compute fct1()
    	set s1 to fct1()
    	if fct5(i1 + 2, s2 = ammo, ennemi) &gt; 2 then
    		skip
    	done
    	while fct3() do
    		skip
    	done
    	next move west
	done

	by default do 
		skip 
	done&amp;#0;&amp;#0;&amp;#0;&amp;#0;&amp;#0;&amp;#0;&amp;#0;&amp;#0;&amp;#0;&amp;#0;&amp;#0;&amp;#0;&amp;#0;&amp;#0;&amp;#0;&amp;#0;&amp;#0;&amp;#0;&amp;#0;&amp;#0;&amp;#0;&amp;#0;&amp;#0;&amp;#0;&amp;#0;&amp;#0;&amp;#0;&amp;#0;&amp;#0;&amp;#0;&amp;#0;&amp;#0;&amp;#0;&amp;#0;&amp;#0;&amp;#0;&amp;#0;&amp;#0;&amp;#0;&amp;#0;&amp;#0;&amp;#0;&amp;#0;&amp;#0;&amp;#0;&amp;#0;&amp;#0;&amp;#0;&amp;#0;&amp;#0;&amp;#0;&amp;#0;&amp;#0;&amp;#0;&amp;#0;&amp;#0;&amp;#0;&amp;#0;&amp;#0;&amp;#0;&amp;#0;&amp;#0;&amp;#0;&amp;#0;&amp;#0;&amp;#0;&amp;#0;&amp;#0;&amp;#0;&amp;#0;&amp;#0;&amp;#0;&amp;#0;&amp;#0;&amp;#0;&amp;#0;&amp;#0;&amp;#0;&amp;#0;&amp;#0;&amp;#0;&amp;#0;&amp;#0;&amp;#0;&amp;#0;&amp;#0;&amp;#0;&amp;#0;&amp;#0;&amp;#0;&amp;#0;&amp;#0;&amp;#0;&amp;#0;&amp;#0;&amp;#0;&amp;#0;&amp;#0;&amp;#0;&amp;#0;&amp;#0;&amp;#0;&amp;#0;&amp;#0;&amp;#0;&amp;#0;&amp;#0;&amp;#0;&amp;#0;&amp;#0;&amp;#0;&amp;#0;&amp;#0;&amp;#0;&amp;#0;&amp;#0;&amp;#0;&amp;#0;&amp;#0;&amp;#0;&amp;#0;&amp;#0;&amp;#0;&amp;#0;&amp;#0;&amp;#0;&amp;#0;&amp;#0;&amp;#0;&amp;#0;&amp;#0;&amp;#0;&amp;#0;&amp;#0;&amp;#0;&amp;#0;&amp;#0;&amp;#0;&amp;#0;&amp;#0;&amp;#0;&amp;#0;&amp;#0;&amp;#0;&amp;#0;&amp;#0;&amp;#0;&amp;#0;&amp;#0;&amp;#0;&amp;#0;&amp;#0;&amp;#0;&amp;#0;&amp;#0;&amp;#0;&amp;#0;&amp;#0;&amp;#0;&amp;#0;&amp;#0;&amp;#0;&amp;#0;&amp;#0;&amp;#0;&amp;#0;&amp;#0;&amp;#0;&amp;#0;&amp;#0;&amp;#0;&amp;#0;&amp;#0;&amp;#0;&amp;#0;&amp;#0;&amp;#0;&amp;#0;&amp;#0;&amp;#0;&amp;#0;&amp;#0;&amp;#0;&amp;#0;&amp;#0;&amp;#0;&amp;#0;&amp;#0;&amp;#0;&amp;#0;&amp;#0;&amp;#0;&amp;#0;&amp;#0;&amp;#0;&amp;#0;&amp;#0;&amp;#0;&amp;#0;&amp;#0;&amp;#0;&amp;#0;&amp;#0;&amp;#0;&amp;#0;&amp;#0;&amp;#0;&amp;#0;&amp;#0;&amp;#0;&amp;#0;&amp;#0;&amp;#0;&amp;#0;&amp;#0;&amp;#0;&amp;#0;&amp;#0;&amp;#0;&amp;#0;&amp;#0;&amp;#0;&amp;#0;&amp;#0;&amp;#0;&amp;#0;&amp;#0;&amp;#0;&amp;#0;&amp;#0;&amp;#0;&amp;#0;&amp;#0;&amp;#0;&amp;#0;&amp;#0;&amp;#0;&amp;#0;&amp;#0;&amp;#0;&amp;#0;&amp;#0;&amp;#0;&amp;#0;&amp;#0;&amp;#0;&amp;#0;&amp;#0;&amp;#0;&amp;#0;&amp;#0;&amp;#0;&amp;#0;&amp;#0;&amp;#0;&amp;#0;&amp;#0;&amp;#0;&amp;#0;&amp;#0;&amp;#0;&amp;#0;&amp;#0;&amp;#0;&amp;#0;&amp;#0;&amp;#0;&amp;#0;&amp;#0;&amp;#0;&amp;#0;&amp;#0;&amp;#0;&amp;#0;&amp;#0;&amp;#0;&amp;#0;&amp;#0;&amp;#0;&amp;#0;&amp;#0;&amp;#0;&amp;#0;&amp;#0;&amp;#0;&amp;#0;&amp;#0;&amp;#0;&amp;#0;&amp;#0;&amp;#0;&amp;#0;&amp;#0;&amp;#0;&amp;#0;&amp;#0;&amp;#0;&amp;#0;&amp;#0;&amp;#0;&amp;#0;&amp;#0;&amp;#0;&amp;#0;&amp;#0;&amp;#0;&amp;#0;&amp;#0;&amp;#0;&amp;#0;&amp;#0;&amp;#0;&amp;#0;&amp;#0;&amp;#0;&amp;#0;&amp;#0;&amp;#0;&amp;#0;&amp;#0;&amp;#0;&amp;#0;&amp;#0;&amp;#0;&amp;#0;&amp;#0;&amp;#0;&amp;#0;&amp;#0;&amp;#0;&amp;#0;&amp;#0;&amp;#0;&amp;#0;&amp;#0;&amp;#0;&amp;#0;&amp;#0;&amp;#0;&amp;#0;&amp;#0;&amp;#0;&amp;#0;&amp;#0;&amp;#0;&amp;#0;&amp;#0;&amp;#0;&amp;#0;&amp;#0;&amp;#0;&amp;#0;&amp;#0;&amp;#0;&amp;#0;&amp;#0;&amp;#0;&amp;#0;&amp;#0;&amp;#0;&amp;#0;&amp;#0;&amp;#0;&amp;#0;&amp;#0;&amp;#0;&amp;#0;&amp;#0;&amp;#0;&amp;#0;&amp;#0;&amp;#0;&amp;#0;&amp;#0;&amp;#0;&amp;#0;&amp;#0;&amp;#0;&amp;#0;&amp;#0;&amp;#0;&amp;#0;&amp;#0;&amp;#0;&amp;#0;&amp;#0;&amp;#0;&amp;#0;&amp;#0;&amp;#0;&amp;#0;&amp;#0;&amp;#0;&amp;#0;&amp;#0;&amp;#0;&amp;#0;&amp;#0;&amp;#0;&amp;#0;&amp;#0;&amp;#0;&amp;#0;&amp;#0;&amp;#0;&amp;#0;&amp;#0;&amp;#0;&amp;#0;&amp;#0;&amp;#0;&amp;#0;&amp;#0;&amp;#0;&amp;#0;&amp;#0;&amp;#0;&amp;#0;&amp;#0;&amp;#0;&amp;#0;&amp;#0;&amp;#0;&amp;#0;&amp;#0;&amp;#0;&amp;#0;&amp;#0;&amp;#0;&amp;#0;&amp;#0;&amp;#0;&amp;#0;&amp;#0;&amp;#0;&amp;#0;&amp;#0;&amp;#0;&amp;#0;&amp;#0;&amp;#0;&amp;#0;&amp;#0;&amp;#0;&amp;#0;&amp;#0;&amp;#0;&amp;#0;&amp;#0;&amp;#0;&amp;#0;&amp;#0;&amp;#0;&amp;#0;&amp;#0;&amp;#0;&amp;#0;&amp;#0;&amp;#0;&amp;#0;&amp;#0;&amp;#0;&amp;#0;&amp;#0;&amp;#0;&amp;#0;&amp;#0;&amp;#0;&amp;#0;&amp;#0;&amp;#0;&amp;#0;&amp;#0;&amp;#0;&amp;#0;&amp;#0;&amp;#0;&amp;#0;&amp;#0;&amp;#0;&amp;#0;&amp;#0;&amp;#0;&amp;#0;&amp;#0;&amp;#0;&amp;#0;&amp;#0;&amp;#0;&amp;#0;&amp;#0;&amp;#0;&amp;#0;&amp;#0;&amp;#0;&amp;#0;&amp;#0;&amp;#0;&amp;#0;&amp;#0;&amp;#0;&amp;#0;&amp;#0;&amp;#0;&amp;#0;&amp;#0;&amp;#0;&amp;#0;&amp;#0;&amp;#0;&amp;#0;&amp;#0;&amp;#0;&amp;#0;&amp;#0;&amp;#0;&amp;#0;&amp;#0;&amp;#0;&amp;#0;&amp;#0;&amp;#0;&amp;#0;&amp;#0;&amp;#0;&amp;#0;&amp;#0;&amp;#0;&amp;#0;&amp;#0;&amp;#0;&amp;#0;&amp;#0;&amp;#0;&amp;#0;&amp;#0;&amp;#0;&amp;#0;&amp;#0;&amp;#0;&amp;#0;&amp;#0;&amp;#0;&amp;#0;&amp;#0;&amp;#0;&amp;#0;&amp;#0;&amp;#0;&amp;#0;&amp;#0;&amp;#0;&amp;#0;&amp;#0;&amp;#0;&amp;#0;&amp;#0;&amp;#0;&amp;#0;&amp;#0;&amp;#0;&amp;#0;&amp;#0;&amp;#0;&amp;#0;&amp;#0;&amp;#0;&amp;#0;&amp;#0;&amp;#0;&amp;#0;&amp;#0;&amp;#0;&amp;#0;&amp;#0;&amp;#0;&amp;#0;&amp;#0;&amp;#0;&amp;#0;&amp;#0;&amp;#0;&amp;#0;&amp;#0;&amp;#0;&amp;#0;&amp;#0;&amp;#0;&amp;#0;&amp;#0;&amp;#0;&amp;#0;&amp;#0;&amp;#0;&amp;#0;&amp;#0;&amp;#0;&amp;#0;&amp;#0;&amp;#0;&amp;#0;&amp;#0;&amp;#0;&amp;#0;&amp;#0;&amp;#0;&amp;#0;&amp;#0;&amp;#0;&amp;#0;&amp;#0;&amp;#0;&amp;#0;&amp;#0;&amp;#0;&amp;#0;&amp;#0;&amp;#0;&amp;#0;&amp;#0;&amp;#0;&amp;#0;&amp;#0;&amp;#0;&amp;#0;&amp;#0;&amp;#0;&amp;#0;&amp;#0;&amp;#0;&amp;#0;&amp;#0;&amp;#0;&amp;#0;&amp;#0;&amp;#0;&amp;#0;&amp;#0;&amp;#0;&amp;#0;&amp;#0;&amp;#0;&amp;#0;&amp;#0;&amp;#0;&amp;#0;&amp;#0;&amp;#0;&amp;#0;&amp;#0;&amp;#0;&amp;#0;&amp;#0;&amp;#0;&amp;#0;&amp;#0;&amp;#0;&amp;#0;&amp;#0;&amp;#0;&amp;#0;&amp;#0;&amp;#0;&amp;#0;&amp;#0;&amp;#0;&amp;#0;&amp;#0;&amp;#0;&amp;#0;&amp;#0;&amp;#0;&amp;#0;&amp;#0;&amp;#0;&amp;#0;&amp;#0;&amp;#0;&amp;#0;&amp;#0;&amp;#0;&amp;#0;&amp;#0;&amp;#0;&amp;#0;&amp;#0;&amp;#0;&amp;#0;&amp;#0;&amp;#0;&amp;#0;&amp;#0;&amp;#0;&amp;#0;&amp;#0;&amp;#0;&amp;#0;&amp;#0;&amp;#0;&amp;#0;&amp;#0;&amp;#0;&amp;#0;&amp;#0;&amp;#0;&amp;#0;&amp;#0;&amp;#0;&amp;#0;&amp;#0;&amp;#0;&amp;#0;&amp;#0;&amp;#0;&amp;#0;&amp;#0;&amp;#0;&amp;#0;&amp;#0;&amp;#0;&amp;#0;&amp;#0;&amp;#0;&amp;#0;&amp;#0;&amp;#0;&amp;#0;&amp;#0;&amp;#0;&amp;#0;&amp;#0;&amp;#0;&amp;#0;&amp;#0;&amp;#0;&amp;#0;&amp;#0;&amp;#0;&amp;#0;&amp;#0;&amp;#0;&amp;#0;&amp;#0;&amp;#0;&amp;#0;&amp;#0;&amp;#0;&amp;#0;&amp;#0;&amp;#0;&amp;#0;&amp;#0;&amp;#0;&amp;#0;&amp;#0;&amp;#0;&amp;#0;&amp;#0;&amp;#0;&amp;#0;&amp;#0;&amp;#0;&amp;#0;&amp;#0;&amp;#0;&amp;#0;&amp;#0;&amp;#0;&amp;#0;&amp;#0;&amp;#0;&amp;#0;&amp;#0;&amp;#0;&amp;#0;&amp;#0;&amp;#0;&amp;#0;&amp;#0;&amp;#0;&amp;#0;&amp;#0;&amp;#0;&amp;#0;&amp;#0;&amp;#0;&amp;#0;&amp;#0;&amp;#0;&amp;#0;&amp;#0;&amp;#0;&amp;#0;&amp;#0;&amp;#0;&amp;#0;&amp;#0;&amp;#0;&amp;#0;&amp;#0;&amp;#0;&amp;#0;&amp;#0;&amp;#0;&amp;#0;&amp;#0;&amp;#0;&amp;#0;&amp;#0;&amp;#0;&amp;#0;&amp;#0;&amp;#0;&amp;#0;&amp;#0;&amp;#0;&amp;#0;&amp;#0;&amp;#0;&amp;#0;&amp;#0;&amp;#0;&amp;#0;&amp;#0;&amp;#0;&amp;#0;&amp;#0;&amp;#0;&amp;#0;&amp;#0;&amp;#0;&amp;#0;&amp;#0;&amp;#0;&amp;#0;&amp;#0;&amp;#0;&amp;#0;&amp;#0;&amp;#0;&amp;#0;&amp;#0;&amp;#0;&amp;#0;&amp;#0;&amp;#0;&amp;#0;&amp;#0;&amp;#0;&amp;#0;&amp;#0;&amp;#0;&amp;#0;&amp;#0;&amp;#0;&amp;#0;&amp;#0;&amp;#0;&amp;#0;&amp;#0;&amp;#0;&amp;#0;&amp;#0;&amp;#0;&amp;#0;&amp;#0;&amp;#0;&amp;#0;&amp;#0;&amp;#0;&amp;#0;&amp;#0;&amp;#0;&amp;#0;&amp;#0;&amp;#0;&amp;#0;&amp;#0;&amp;#0;&amp;#0;&amp;#0;&amp;#0;&amp;#0;&amp;#0;&amp;#0;&amp;#0;&amp;#0;&amp;#0;&amp;#0;&amp;#0;&amp;#0;&amp;#0;&amp;#0;&amp;#0;&amp;#0;&amp;#0;&amp;#0;&amp;#0;&amp;#0;&amp;#0;&amp;#0;&amp;#0;&amp;#0;&amp;#0;&amp;#0;&amp;#0;&amp;#0;&amp;#0;&amp;#0;&amp;#0;&amp;#0;&amp;#0;&amp;#0;&amp;#0;&amp;#0;&amp;#0;&amp;#0;&amp;#0;&amp;#0;&amp;#0;&amp;#0;&amp;#0;&amp;#0;&amp;#0;&amp;#0;&amp;#0;&amp;#0;&amp;#0;&amp;#0;&amp;#0;&amp;#0;&amp;#0;&amp;#0;&amp;#0;&amp;#0;&amp;#0;&amp;#0;&amp;#0;&amp;#0;&amp;#0;&amp;#0;&amp;#0;&amp;#0;&amp;#0;&amp;#0;&amp;#0;&amp;#0;&amp;#0;&amp;#0;&amp;#0;&amp;#0;&amp;#0;&amp;#0;&amp;#0;&amp;#0;&amp;#0;&amp;#0;&amp;#0;&amp;#0;&amp;#0;&amp;#0;&amp;#0;&amp;#0;&amp;#0;&amp;#0;&amp;#0;&amp;#0;&amp;#0;&amp;#0;&amp;#0;&amp;#0;&amp;#0;&amp;#0;&amp;#0;&amp;#0;&amp;#0;&amp;#0;&amp;#0;&amp;#0;&amp;#0;&amp;#0;&amp;#0;&amp;#0;&amp;#0;&amp;#0;&amp;#0;&amp;#0;&amp;#0;&amp;#0;&amp;#0;&amp;#0;&amp;#0;&amp;#0;&amp;#0;&amp;#0;&amp;#0;&amp;#0;&amp;#0;&amp;#0;&amp;#0;&amp;#0;&amp;#0;&amp;#0;&amp;#0;&amp;#0;&amp;#0;&amp;#0;&amp;#0;&amp;#0;&amp;#0;&amp;#0;&amp;#0;&amp;#0;&amp;#0;&amp;#0;&amp;#0;&amp;#0;&amp;#0;&amp;#0;&amp;#0;&amp;#0;&amp;#0;&amp;#0;&amp;#0;&amp;#0;&amp;#0;&amp;#0;&amp;#0;&amp;#0;&amp;#0;&amp;#0;&amp;#0;&amp;#0;&amp;#0;&amp;#0;&amp;#0;&amp;#0;&amp;#0;&amp;#0;&amp;#0;&amp;#0;&amp;#0;&amp;#0;&amp;#0;&amp;#0;&amp;#0;&amp;#0;&amp;#0;&amp;#0;&amp;#0;&amp;#0;&amp;#0;&amp;#0;&amp;#0;&amp;#0;&amp;#0;&amp;#0;&amp;#0;&amp;#0;&amp;#0;&amp;#0;&amp;#0;&amp;#0;&amp;#0;&amp;#0;&amp;#0;&amp;#0;&amp;#0;&amp;#0;&amp;#0;&amp;#0;&amp;#0;&amp;#0;&amp;#0;&amp;#0;&amp;#0;&amp;#0;&amp;#0;&amp;#0;&amp;#0;&amp;#0;&amp;#0;&amp;#0;&amp;#0;&amp;#0;&amp;#0;&amp;#0;&amp;#0;&amp;#0;&amp;#0;&amp;#0;&amp;#0;&amp;#0;&amp;#0;&amp;#0;&amp;#0;&amp;#0;&amp;#0;&amp;#0;&amp;#0;&amp;#0;&amp;#0;&amp;#0;&amp;#0;&amp;#0;&amp;#0;&amp;#0;&amp;#0;&amp;#0;&amp;#0;&amp;#0;&amp;#0;&amp;#0;&amp;#0;&amp;#0;&amp;#0;&amp;#0;&amp;#0;&amp;#0;&amp;#0;&amp;#0;&amp;#0;&amp;#0;&amp;#0;&amp;#0;&amp;#0;&amp;#0;&amp;#0;&amp;#0;&amp;#0;&amp;#0;&amp;#0;&amp;#0;&amp;#0;&amp;#0;&amp;#0;&amp;#0;&amp;#0;&amp;#0;&amp;#0;&amp;#0;&amp;#0;&amp;#0;&amp;#0;&amp;#0;&amp;#0;&amp;#0;&amp;#0;&amp;#0;&amp;#0;&amp;#0;&amp;#0;&amp;#0;&amp;#0;&amp;#0;&amp;#0;&amp;#0;&amp;#0;&amp;#0;&amp;#0;&amp;#0;&amp;#0;&amp;#0;&amp;#0;&amp;#0;&amp;#0;&amp;#0;&amp;#0;&amp;#0;&amp;#0;&amp;#0;&amp;#0;&amp;#0;&amp;#0;&amp;#0;&amp;#0;&amp;#0;&amp;#0;&amp;#0;&amp;#0;&amp;#0;&amp;#0;&amp;#0;&amp;#0;&amp;#0;&amp;#0;&amp;#0;&amp;#0;&amp;#0;&amp;#0;&amp;#0;&amp;#0;&amp;#0;&amp;#0;&amp;#0;&amp;#0;&amp;#0;&amp;#0;&amp;#0;&amp;#0;&amp;#0;&amp;#0;&amp;#0;&amp;#0;&amp;#0;&amp;#0;&amp;#0;&amp;#0;&amp;#0;&amp;#0;&amp;#0;&amp;#0;&amp;#0;&amp;#0;&amp;#0;&amp;#0;&amp;#0;&amp;#0;&amp;#0;&amp;#0;&amp;#0;&amp;#0;&amp;#0;&amp;#0;&amp;#0;&amp;#0;&amp;#0;&amp;#0;&amp;#0;&amp;#0;&amp;#0;&amp;#0;&amp;#0;&amp;#0;&amp;#0;&amp;#0;&amp;#0;&amp;#0;&amp;#0;&amp;#0;&amp;#0;&amp;#0;&amp;#0;&amp;#0;&amp;#0;&amp;#0;&amp;#0;&amp;#0;&amp;#0;&amp;#0;&amp;#0;&amp;#0;&amp;#0;&amp;#0;&amp;#0;&amp;#0;&amp;#0;&amp;#0;&amp;#0;&amp;#0;&amp;#0;&amp;#0;&amp;#0;&amp;#0;&amp;#0;&amp;#0;&amp;#0;&amp;#0;&amp;#0;&amp;#0;&amp;#0;&amp;#0;&amp;#0;&amp;#0;&amp;#0;&amp;#0;&amp;#0;&amp;#0;&amp;#0;&amp;#0;&amp;#0;&amp;#0;&amp;#0;&amp;#0;&amp;#0;&amp;#0;&amp;#0;&amp;#0;&amp;#0;&amp;#0;&amp;#0;&amp;#0;&amp;#0;&amp;#0;&amp;#0;&amp;#0;&amp;#0;&amp;#0;&amp;#0;&amp;#0;&amp;#0;&amp;#0;&amp;#0;&amp;#0;&amp;#0;&amp;#0;&amp;#0;&amp;#0;&amp;#0;&amp;#0;&amp;#0;&amp;#0;&amp;#0;&amp;#0;&amp;#0;&amp;#0;&amp;#0;&amp;#0;&amp;#0;&amp;#0;&amp;#0;&amp;#0;&amp;#0;&amp;#0;&amp;#0;&amp;#0;&amp;#0;&amp;#0;&amp;#0;&amp;#0;&amp;#0;&amp;#0;&amp;#0;&amp;#0;&amp;#0;&amp;#0;&amp;#0;&amp;#0;&amp;#0;&amp;#0;&amp;#0;&amp;#0;&amp;#0;&amp;#0;&amp;#0;&amp;#0;&amp;#0;&amp;#0;&amp;#0;&amp;#0;&amp;#0;&amp;#0;&amp;#0;&amp;#0;&amp;#0;&amp;#0;&amp;#0;&amp;#0;&amp;#0;&amp;#0;&amp;#0;&amp;#0;&amp;#0;&amp;#0;&amp;#0;&amp;#0;&amp;#0;&amp;#0;&amp;#0;&amp;#0;&amp;#0;&amp;#0;&amp;#0;&amp;#0;&amp;#0;&amp;#0;&amp;#0;&amp;#0;&amp;#0;&amp;#0;&amp;#0;&amp;#0;&amp;#0;&amp;#0;&amp;#0;&amp;#0;&amp;#0;&amp;#0;&amp;#0;&amp;#0;&amp;#0;&amp;#0;&amp;#0;&amp;#0;&amp;#0;&amp;#0;&amp;#0;&amp;#0;&amp;#0;&amp;#0;&amp;#0;&amp;#0;&amp;#0;&amp;#0;&amp;#0;&amp;#0;&amp;#0;&amp;#0;&amp;#0;&amp;#0;&amp;#0;&amp;#0;&amp;#0;&amp;#0;&amp;#0;&amp;#0;&amp;#0;&amp;#0;&amp;#0;&amp;#0;&amp;#0;&amp;#0;&amp;#0;&amp;#0;&amp;#0;&amp;#0;&amp;#0;&amp;#0;&amp;#0;&amp;#0;&amp;#0;&amp;#0;&amp;#0;&amp;#0;&amp;#0;&amp;#0;&amp;#0;&amp;#0;&amp;#0;&amp;#0;&amp;#0;&amp;#0;&amp;#0;&amp;#0;&amp;#0;&amp;#0;&amp;#0;&amp;#0;&amp;#0;&amp;#0;&amp;#0;&amp;#0;&amp;#0;&amp;#0;&amp;#0;&amp;#0;&amp;#0;&amp;#0;&amp;#0;&amp;#0;&amp;#0;&amp;#0;&amp;#0;&amp;#0;&amp;#0;&amp;#0;&amp;#0;&amp;#0;&amp;#0;&amp;#0;&amp;#0;&amp;#0;&amp;#0;&amp;#0;&amp;#0;&amp;#0;&amp;#0;&amp;#0;&amp;#0;&amp;#0;&amp;#0;&amp;#0;&amp;#0;&amp;#0;&amp;#0;&amp;#0;&amp;#0;&amp;#0;&amp;#0;&amp;#0;&amp;#0;&amp;#0;&amp;#0;&amp;#0;&amp;#0;&amp;#0;&amp;#0;&amp;#0;&amp;#0;&amp;#0;&amp;#0;&amp;#0;&amp;#0;&amp;#0;&amp;#0;&amp;#0;&amp;#0;&amp;#0;&amp;#0;&amp;#0;&amp;#0;&amp;#0;&amp;#0;&amp;#0;&amp;#0;&amp;#0;&amp;#0;&amp;#0;&amp;#0;&amp;#0;&amp;#0;&amp;#0;&amp;#0;&amp;#0;&amp;#0;&amp;#0;&amp;#0;&amp;#0;&amp;#0;&amp;#0;&amp;#0;&amp;#0;&amp;#0;&amp;#0;&amp;#0;&amp;#0;&amp;#0;&amp;#0;&amp;#0;&amp;#0;&amp;#0;&amp;#0;&amp;#0;&amp;#0;&amp;#0;&amp;#0;&amp;#0;&amp;#0;&amp;#0;&amp;#0;&amp;#0;&amp;#0;&amp;#0;&amp;#0;&amp;#0;&amp;#0;&amp;#0;&amp;#0;&amp;#0;&amp;#0;&amp;#0;&amp;#0;&amp;#0;&amp;#0;&amp;#0;&amp;#0;&amp;#0;&amp;#0;&amp;#0;&amp;#0;&amp;#0;&amp;#0;&amp;#0;&amp;#0;&amp;#0;&amp;#0;&amp;#0;&amp;#0;&amp;#0;&amp;#0;&amp;#0;&amp;#0;&amp;#0;&amp;#0;&amp;#0;&amp;#0;&amp;#0;&amp;#0;&amp;#0;&amp;#0;&amp;#0;&amp;#0;&amp;#0;&amp;#0;&amp;#0;&amp;#0;&amp;#0;&amp;#0;&amp;#0;&amp;#0;&amp;#0;&amp;#0;&amp;#0;&amp;#0;&amp;#0;&amp;#0;&amp;#0;&amp;#0;&amp;#0;&amp;#0;&amp;#0;&amp;#0;&amp;#0;&amp;#0;&amp;#0;&amp;#0;&amp;#0;&amp;#0;&amp;#0;&amp;#0;&amp;#0;&amp;#0;&amp;#0;&amp;#0;&amp;#0;&amp;#0;&amp;#0;&amp;#0;&amp;#0;&amp;#0;&amp;#0;&amp;#0;&amp;#0;&amp;#0;&amp;#0;&amp;#0;&amp;#0;&amp;#0;&amp;#0;&amp;#0;&amp;#0;&amp;#0;&amp;#0;&amp;#0;&amp;#0;&amp;#0;&amp;#0;&amp;#0;&amp;#0;&amp;#0;&amp;#0;&amp;#0;&amp;#0;&amp;#0;&amp;#0;&amp;#0;&amp;#0;&amp;#0;&amp;#0;&amp;#0;&amp;#0;&amp;#0;&amp;#0;&amp;#0;&amp;#0;&amp;#0;&amp;#0;&amp;#0;&amp;#0;&amp;#0;&amp;#0;&amp;#0;&amp;#0;&amp;#0;&amp;#0;&amp;#0;&amp;#0;&amp;#0;&amp;#0;&amp;#0;&amp;#0;&amp;#0;&amp;#0;&amp;#0;&amp;#0;&amp;#0;&amp;#0;&amp;#0;&amp;#0;&amp;#0;&amp;#0;&amp;#0;&amp;#0;&amp;#0;&amp;#0;&amp;#0;&amp;#0;&amp;#0;&amp;#0;&amp;#0;&amp;#0;&amp;#0;&amp;#0;&amp;#0;&amp;#0;&amp;#0;&amp;#0;&amp;#0;&amp;#0;&amp;#0;&amp;#0;&amp;#0;&amp;#0;&amp;#0;&amp;#0;&amp;#0;&amp;#0;&amp;#0;&amp;#0;&amp;#0;&amp;#0;&amp;#0;&amp;#0;&amp;#0;&amp;#0;&amp;#0;&amp;#0;&amp;#0;&amp;#0;&amp;#0;&amp;#0;&amp;#0;&amp;#0;&amp;#0;&amp;#0;&amp;#0;&amp;#0;&amp;#0;&amp;#0;&amp;#0;&amp;#0;&amp;#0;&amp;#0;&amp;#0;&amp;#0;&amp;#0;&amp;#0;&amp;#0;&amp;#0;&amp;#0;&amp;#0;&amp;#0;&amp;#0;&amp;#0;&amp;#0;&amp;#0;&amp;#0;&amp;#0;&amp;#0;&amp;#0;&amp;#0;&amp;#0;&amp;#0;&amp;#0;&amp;#0;&amp;#0;&amp;#0;&amp;#0;&amp;#0;&amp;#0;&amp;#0;&amp;#0;&amp;#0;&amp;#0;&amp;#0;&amp;#0;&amp;#0;&amp;#0;&amp;#0;&amp;#0;&amp;#0;&amp;#0;&amp;#0;&amp;#0;&amp;#0;&amp;#0;&amp;#0;&amp;#0;&amp;#0;&amp;#0;&amp;#0;&amp;#0;&amp;#0;&amp;#0;&amp;#0;&amp;#0;&amp;#0;&amp;#0;&amp;#0;&amp;#0;&amp;#0;&amp;#0;&amp;#0;&amp;#0;&amp;#0;&amp;#0;&amp;#0;&amp;#0;&amp;#0;&amp;#0;&amp;#0;&amp;#0;&amp;#0;&amp;#0;&amp;#0;&amp;#0;&amp;#0;&amp;#0;&amp;#0;&amp;#0;&amp;#0;&amp;#0;&amp;#0;&amp;#0;&amp;#0;&amp;#0;&amp;#0;&amp;#0;&amp;#0;&amp;#0;&amp;#0;&amp;#0;&amp;#0;&amp;#0;&amp;#0;&amp;#0;&amp;#0;&amp;#0;&amp;#0;&amp;#0;&amp;#0;&amp;#0;&amp;#0;&amp;#0;&amp;#0;&amp;#0;&amp;#0;&amp;#0;&amp;#0;&amp;#0;&amp;#0;&amp;#0;&amp;#0;&amp;#0;&amp;#0;&amp;#0;&amp;#0;&amp;#0;&amp;#0;&amp;#0;&amp;#0;&amp;#0;&amp;#0;&amp;#0;&amp;#0;&amp;#0;&amp;#0;&amp;#0;&amp;#0;&amp;#0;&amp;#0;&amp;#0;&amp;#0;&amp;#0;&amp;#0;&amp;#0;&amp;#0;&amp;#0;&amp;#0;&amp;#0;&amp;#0;&amp;#0;&amp;#0;&amp;#0;&amp;#0;&amp;#0;&amp;#0;&amp;#0;&amp;#0;&amp;#0;&amp;#0;&amp;#0;&amp;#0;&amp;#0;&amp;#0;&amp;#0;&amp;#0;&amp;#0;&amp;#0;&amp;#0;&amp;#0;&amp;#0;&amp;#0;&amp;#0;&amp;#0;&amp;#0;&amp;#0;&amp;#0;&amp;#0;&amp;#0;&amp;#0;&amp;#0;&amp;#0;&amp;#0;&amp;#0;&amp;#0;&amp;#0;&amp;#0;&amp;#0;&amp;#0;&amp;#0;&amp;#0;&amp;#0;&amp;#0;&amp;#0;&amp;#0;&amp;#0;&amp;#0;&amp;#0;&amp;#0;&amp;#0;&amp;#0;&amp;#0;&amp;#0;&amp;#0;&amp;#0;&amp;#0;&amp;#0;&amp;#0;&amp;#0;&amp;#0;&amp;#0;&amp;#0;&amp;#0;&amp;#0;&amp;#0;&amp;#0;&amp;#0;&amp;#0;&amp;#0;&amp;#0;&amp;#0;&amp;#0;&amp;#0;&amp;#0;&amp;#0;&amp;#0;&amp;#0;&amp;#0;&amp;#0;&amp;#0;&amp;#0;&amp;#0;&amp;#0;&amp;#0;&amp;#0;&amp;#0;&amp;#0;&amp;#0;&amp;#0;&amp;#0;&amp;#0;&amp;#0;&amp;#0;&amp;#0;&amp;#0;&amp;#0;&amp;#0;&amp;#0;&amp;#0;&amp;#0;&amp;#0;&amp;#0;&amp;#0;&amp;#0;&amp;#0;&amp;#0;&amp;#0;&amp;#0;&amp;#0;&amp;#0;&amp;#0;&amp;#0;&amp;#0;&amp;#0;&amp;#0;&amp;#0;&amp;#0;&amp;#0;&amp;#0;&amp;#0;&amp;#0;&amp;#0;&amp;#0;&amp;#0;&amp;#0;&amp;#0;&amp;#0;&amp;#0;&amp;#0;&amp;#0;&amp;#0;&amp;#0;&amp;#0;&amp;#0;&amp;#0;&amp;#0;&amp;#0;&amp;#0;&amp;#0;&amp;#0;&amp;#0;&amp;#0;&amp;#0;&amp;#0;&amp;#0;&amp;#0;&amp;#0;&amp;#0;&amp;#0;&amp;#0;&amp;#0;&amp;#0;&amp;#0;&amp;#0;&amp;#0;&amp;#0;&amp;#0;&amp;#0;&amp;#0;&amp;#0;&amp;#0;&amp;#0;&amp;#0;&amp;#0;&amp;#0;&amp;#0;&amp;#0;&amp;#0;&amp;#0;&amp;#0;&amp;#0;&amp;#0;&amp;#0;&amp;#0;&amp;#0;&amp;#0;&amp;#0;&amp;#0;&amp;#0;&amp;#0;&amp;#0;&amp;#0;&amp;#0;&amp;#0;&amp;#0;&amp;#0;&amp;#0;&amp;#0;&amp;#0;&amp;#0;&amp;#0;&amp;#0;&amp;#0;&amp;#0;&amp;#0;&amp;#0;&amp;#0;&amp;#0;&amp;#0;&amp;#0;&amp;#0;&amp;#0;&amp;#0;&amp;#0;&amp;#0;&amp;#0;&amp;#0;&amp;#0;&amp;#0;&amp;#0;&amp;#0;&amp;#0;&amp;#0;&amp;#0;&amp;#0;&amp;#0;&amp;#0;&amp;#0;&amp;#0;&amp;#0;&amp;#0;&amp;#0;&amp;#0;&amp;#0;&amp;#0;&amp;#0;&amp;#0;&amp;#0;&amp;#0;&amp;#0;&amp;#0;&amp;#0;&amp;#0;&amp;#0;&amp;#0;&amp;#0;&amp;#0;&amp;#0;&amp;#0;&amp;#0;&amp;#0;&amp;#0;&amp;#0;&amp;#0;&amp;#0;&amp;#0;&amp;#0;&amp;#0;&amp;#0;&amp;#0;&amp;#0;&amp;#0;&amp;#0;&amp;#0;&amp;#0;&amp;#0;&amp;#0;&amp;#0;&amp;#0;&amp;#0;&amp;#0;&amp;#0;&amp;#0;&amp;#0;&amp;#0;&amp;#0;&amp;#0;&amp;#0;&amp;#0;&amp;#0;&amp;#0;&amp;#0;&amp;#0;&amp;#0;&amp;#0;&amp;#0;&amp;#0;&amp;#0;&amp;#0;&amp;#0;&amp;#0;&amp;#0;&amp;#0;&amp;#0;&amp;#0;&amp;#0;&amp;#0;&amp;#0;&amp;#0;&amp;#0;&amp;#0;&amp;#0;&amp;#0;&amp;#0;&amp;#0;&amp;#0;&amp;#0;&amp;#0;&amp;#0;&amp;#0;&amp;#0;&amp;#0;&amp;#0;&amp;#0;&amp;#0;&amp;#0;&amp;#0;&amp;#0;&amp;#0;&amp;#0;&amp;#0;&amp;#0;&amp;#0;&amp;#0;&amp;#0;&amp;#0;&amp;#0;&amp;#0;&amp;#0;&amp;#0;&amp;#0;&amp;#0;&amp;#0;&amp;#0;&amp;#0;&amp;#0;&amp;#0;&amp;#0;&amp;#0;&amp;#0;&amp;#0;&amp;#0;&amp;#0;&amp;#0;&amp;#0;&amp;#0;&amp;#0;&amp;#0;&amp;#0;&amp;#0;&amp;#0;&amp;#0;&amp;#0;&amp;#0;&amp;#0;&amp;#0;&amp;#0;&amp;#0;&amp;#0;&amp;#0;&amp;#0;&amp;#0;&amp;#0;&amp;#0;&amp;#0;&amp;#0;&amp;#0;&amp;#0;&amp;#0;&amp;#0;&amp;#0;&amp;#0;&amp;#0;&amp;#0;&amp;#0;&amp;#0;&amp;#0;&amp;#0;&amp;#0;&amp;#0;&amp;#0;&amp;#0;&amp;#0;&amp;#0;&amp;#0;&amp;#0;&amp;#0;&amp;#0;&amp;#0;&amp;#0;&amp;#0;&amp;#0;&amp;#0;&amp;#0;&amp;#0;&amp;#0;&amp;#0;&amp;#0;&amp;#0;&amp;#0;&amp;#0;&amp;#0;&amp;#0;&amp;#0;&amp;#0;&amp;#0;&amp;#0;&amp;#0;&amp;#0;&amp;#0;&amp;#0;&amp;#0;&amp;#0;&amp;#0;&amp;#0;&amp;#0;&amp;#0;&amp;#0;&amp;#0;&amp;#0;&amp;#0;&amp;#0;&amp;#0;&amp;#0;&amp;#0;&amp;#0;&amp;#0;&amp;#0;&amp;#0;&amp;#0;&amp;#0;&amp;#0;&amp;#0;&amp;#0;&amp;#0;&amp;#0;&amp;#0;&amp;#0;&amp;#0;&amp;#0;&amp;#0;&amp;#0;&amp;#0;&amp;#0;&amp;#0;&amp;#0;&amp;#0;&amp;#0;&amp;#0;&amp;#0;&amp;#0;&amp;#0;&amp;#0;&amp;#0;&amp;#0;&amp;#0;&amp;#0;&amp;#0;&amp;#0;&amp;#0;&amp;#0;&amp;#0;&amp;#0;&amp;#0;&amp;#0;&amp;#0;&amp;#0;&amp;#0;&amp;#0;&amp;#0;&amp;#0;&amp;#0;&amp;#0;&amp;#0;&amp;#0;&amp;#0;&amp;#0;&amp;#0;&amp;#0;&amp;#0;&amp;#0;&amp;#0;&amp;#0;&amp;#0;&amp;#0;&amp;#0;&amp;#0;&amp;#0;&amp;#0;&amp;#0;&amp;#0;&amp;#0;&amp;#0;&amp;#0;&amp;#0;&amp;#0;&amp;#0;&amp;#0;&amp;#0;&amp;#0;&amp;#0;&amp;#0;&amp;#0;&amp;#0;&amp;#0;&amp;#0;&amp;#0;&amp;#0;&amp;#0;&amp;#0;&amp;#0;&amp;#0;&amp;#0;&amp;#0;&amp;#0;&amp;#0;&amp;#0;&amp;#0;&amp;#0;&amp;#0;&amp;#0;&amp;#0;&amp;#0;&amp;#0;&amp;#0;&amp;#0;&amp;#0;&amp;#0;&amp;#0;&amp;#0;&amp;#0;&amp;#0;&amp;#0;&amp;#0;&amp;#0;&amp;#0;&amp;#0;&amp;#0;&amp;#0;&amp;#0;&amp;#0;&amp;#0;&amp;#0;&amp;#0;&amp;#0;&amp;#0;&amp;#0;&amp;#0;&amp;#0;&amp;#0;&amp;#0;&amp;#0;&amp;#0;&amp;#0;&amp;#0;&amp;#0;&amp;#0;&amp;#0;&amp;#0;&amp;#0;&amp;#0;&amp;#0;&amp;#0;&amp;#0;&amp;#0;&amp;#0;&amp;#0;&amp;#0;&amp;#0;&amp;#0;&amp;#0;&amp;#0;&amp;#0;&amp;#0;&amp;#0;&amp;#0;&amp;#0;&amp;#0;&amp;#0;&amp;#0;&amp;#0;&amp;#0;&amp;#0;&amp;#0;&amp;#0;&amp;#0;&amp;#0;&amp;#0;&amp;#0;&amp;#0;&amp;#0;&amp;#0;&amp;#0;&amp;#0;&amp;#0;&amp;#0;&amp;#0;&amp;#0;&amp;#0;&amp;#0;&amp;#0;&amp;#0;&amp;#0;&amp;#0;&amp;#0;&amp;#0;&amp;#0;&amp;#0;&amp;#0;&amp;#0;&amp;#0;&amp;#0;&amp;#0;&amp;#0;&amp;#0;&amp;#0;&amp;#0;&amp;#0;&amp;#0;&amp;#0;&amp;#0;&amp;#0;&amp;#0;&amp;#0;&amp;#0;&amp;#0;&amp;#0;&amp;#0;&amp;#0;&amp;#0;&amp;#0;&amp;#0;&amp;#0;&amp;#0;&amp;#0;&amp;#0;&amp;#0;&amp;#0;&amp;#0;&amp;#0;&amp;#0;&amp;#0;&amp;#0;&amp;#0;&amp;#0;&amp;#0;&amp;#0;&amp;#0;&amp;#0;&amp;#0;&amp;#0;&amp;#0;&amp;#0;&amp;#0;&amp;#0;&amp;#0;&amp;#0;&amp;#0;&amp;#0;&amp;#0;&amp;#0;&amp;#0;&amp;#0;&amp;#0;&amp;#0;&amp;#0;&amp;#0;&amp;#0;&amp;#0;&amp;#0;&amp;#0;&amp;#0;&amp;#0;&amp;#0;&amp;#0;&amp;#0;&amp;#0;&amp;#0;&amp;#0;&amp;#0;&amp;#0;&amp;#0;&amp;#0;&amp;#0;&amp;#0;&amp;#0;&amp;#0;&amp;#0;&amp;#0;&amp;#0;&amp;#0;&amp;#0;&amp;#0;&amp;#0;&amp;#0;&amp;#0;&amp;#0;&amp;#0;&amp;#0;&amp;#0;&amp;#0;&amp;#0;&amp;#0;&amp;#0;&amp;#0;&amp;#0;&amp;#0;&amp;#0;&amp;#0;&amp;#0;&amp;#0;&amp;#0;&amp;#0;&amp;#0;&amp;#0;&amp;#0;&amp;#0;&amp;#0;&amp;#0;&amp;#0;&amp;#0;&amp;#0;&amp;#0;&amp;#0;&amp;#0;&amp;#0;&amp;#0;&amp;#0;&amp;#0;&amp;#0;&amp;#0;&amp;#0;&amp;#0;&amp;#0;&amp;#0;&amp;#0;&amp;#0;&amp;#0;&amp;#0;&amp;#0;&amp;#0;&amp;#0;&amp;#0;&amp;#0;&amp;#0;&amp;#0;&amp;#0;&amp;#0;&amp;#0;&amp;#0;&amp;#0;&amp;#0;&amp;#0;&amp;#0;&amp;#0;&amp;#0;&amp;#0;&amp;#0;&amp;#0;&amp;#0;&amp;#0;&amp;#0;&amp;#0;&amp;#0;&amp;#0;&amp;#0;&amp;#0;&amp;#0;&amp;#0;&amp;#0;&amp;#0;&amp;#0;&amp;#0;&amp;#0;&amp;#0;&amp;#0;&amp;#0;&amp;#0;&amp;#0;&amp;#0;&amp;#0;&amp;#0;&amp;#0;&amp;#0;&amp;#0;&amp;#0;&amp;#0;&amp;#0;&amp;#0;&amp;#0;&amp;#0;&amp;#0;&amp;#0;&amp;#0;&amp;#0;&amp;#0;&amp;#0;&amp;#0;&amp;#0;&amp;#0;&amp;#0;&amp;#0;&amp;#0;&amp;#0;&amp;#0;&amp;#0;&amp;#0;&amp;#0;&amp;#0;&amp;#0;&amp;#0;&amp;#0;&amp;#0;&amp;#0;&amp;#0;&amp;#0;&amp;#0;&amp;#0;&amp;#0;&amp;#0;&amp;#0;&amp;#0;&amp;#0;&amp;#0;&amp;#0;&amp;#0;&amp;#0;&amp;#0;&amp;#0;&amp;#0;&amp;#0;&amp;#0;&amp;#0;&amp;#0;&amp;#0;&amp;#0;&amp;#0;&amp;#0;&amp;#0;&amp;#0;&amp;#0;&amp;#0;&amp;#0;&amp;#0;&amp;#0;&amp;#0;&amp;#0;&amp;#0;&amp;#0;&amp;#0;&amp;#0;&amp;#0;&amp;#0;&amp;#0;&amp;#0;&amp;#0;&amp;#0;&amp;#0;&amp;#0;&amp;#0;&amp;#0;&amp;#0;&amp;#0;&amp;#0;&amp;#0;&amp;#0;&amp;#0;&amp;#0;&amp;#0;&amp;#0;&amp;#0;&amp;#0;&amp;#0;&amp;#0;&amp;#0;&amp;#0;&amp;#0;&amp;#0;&amp;#0;&amp;#0;&amp;#0;&amp;#0;&amp;#0;&amp;#0;&amp;#0;&amp;#0;&amp;#0;&amp;#0;&amp;#0;&amp;#0;&amp;#0;&amp;#0;&amp;#0;&amp;#0;&amp;#0;&amp;#0;&amp;#0;&amp;#0;&amp;#0;&amp;#0;&amp;#0;&amp;#0;&amp;#0;&amp;#0;&amp;#0;&amp;#0;&amp;#0;&amp;#0;&amp;#0;&amp;#0;&amp;#0;&amp;#0;&amp;#0;&amp;#0;&amp;#0;&amp;#0;&amp;#0;&amp;#0;&amp;#0;&amp;#0;&amp;#0;&amp;#0;&amp;#0;&amp;#0;&amp;#0;&amp;#0;&amp;#0;&amp;#0;&amp;#0;&amp;#0;&amp;#0;&amp;#0;&amp;#0;&amp;#0;&amp;#0;&amp;#0;&amp;#0;&amp;#0;&amp;#0;&amp;#0;&amp;#0;&amp;#0;&amp;#0;&amp;#0;&amp;#0;&amp;#0;&amp;#0;&amp;#0;
14:06:38.075 [main] ERROR - Je passe ici ------------------------------------------------------
14:06:38.075 [main] ERROR - Exception occured during compilation!
java.util.MissingFormatArgumentException: Format specifier &apos;%s&apos;
	at java.util.Formatter.format(Formatter.java:2519) ~[?:1.8.0_91]
	at java.io.PrintWriter.format(PrintWriter.java:905) ~[?:1.8.0_91]
	at java.io.PrintWriter.printf(PrintWriter.java:804) ~[?:1.8.0_91]
	at be.unamur.info.b314.compiler.Visitor.PCodePrinter.printSetTo(PCodePrinter.java:78) ~[classes/:?]
	at be.unamur.info.b314.compiler.Visitor.PCodeVisitor.visitVarDecl(PCodeVisitor.java:625) ~[classes/:?]
	at be.unamur.info.b314.compiler.B314Parser$VarDeclContext.accept(B314Parser.java:405) ~[classes/:?]
	at be.unamur.info.b314.compiler.Visitor.PCodeVisitor.visitProgramme(PCodeVisitor.java:64) ~[classes/:?]
	at be.unamur.info.b314.compiler.B314Parser$ProgrammeContext.accept(B314Parser.java:4028) ~[classes/:?]
	at be.unamur.info.b314.compiler.main.Main.printPCode(Main.java:236) ~[classes/:?]
	at be.unamur.info.b314.compiler.main.Main.compile(Main.java:199) ~[classes/:?]
	at be.unamur.info.b314.compiler.main.Main.main(Main.java:79) [classes/:?]
	at be.unamur.info.b314.compiler.main.CompilerTestHelper.launchCompilation(CompilerTestHelper.java:35) [test-classes/:?]
	at be.unamur.info.b314.compiler.main.B314localvariabledeclSyntaxTest.testlocalvariabledecl_fct_local_var_diff_names_than_global_vars_ok(B314localvariabledeclSyntaxTest.java:34) [test-classes/:?]
	at sun.reflect.NativeMethodAccessorImpl.invoke0(Native Method) ~[?:1.8.0_91]
	at sun.reflect.NativeMethodAccessorImpl.invoke(NativeMethodAccessorImpl.java:62) ~[?:1.8.0_91]
	at sun.reflect.DelegatingMethodAccessorImpl.invoke(DelegatingMethodAccessorImpl.java:43) ~[?:1.8.0_91]
	at java.lang.reflect.Method.invoke(Method.java:498) ~[?:1.8.0_91]
	at org.junit.runners.model.FrameworkMethod$1.runReflectiveCall(FrameworkMethod.java:50) [junit-4.12.jar:4.12]
	at org.junit.internal.runners.model.ReflectiveCallable.run(ReflectiveCallable.java:12) [junit-4.12.jar:4.12]
	at org.junit.runners.model.FrameworkMethod.invokeExplosively(FrameworkMethod.java:47) [junit-4.12.jar:4.12]
	at org.junit.internal.runners.statements.InvokeMethod.evaluate(InvokeMethod.java:17) [junit-4.12.jar:4.12]
	at org.junit.rules.ExternalResource$1.evaluate(ExternalResource.java:48) [junit-4.12.jar:4.12]
	at org.junit.rules.TestWatcher$1.evaluate(TestWatcher.java:55) [junit-4.12.jar:4.12]
	at org.junit.rules.RunRules.evaluate(RunRules.java:20) [junit-4.12.jar:4.12]
	at org.junit.runners.ParentRunner.runLeaf(ParentRunner.java:325) [junit-4.12.jar:4.12]
	at org.junit.runners.BlockJUnit4ClassRunner.runChild(BlockJUnit4ClassRunner.java:78) [junit-4.12.jar:4.12]
	at org.junit.runners.BlockJUnit4ClassRunner.runChild(BlockJUnit4ClassRunner.java:57) [junit-4.12.jar:4.12]
	at org.junit.runners.ParentRunner$3.run(ParentRunner.java:290) [junit-4.12.jar:4.12]
	at org.junit.runners.ParentRunner$1.schedule(ParentRunner.java:71) [junit-4.12.jar:4.12]
	at org.junit.runners.ParentRunner.runChildren(ParentRunner.java:288) [junit-4.12.jar:4.12]
	at org.junit.runners.ParentRunner.access$000(ParentRunner.java:58) [junit-4.12.jar:4.12]
	at org.junit.runners.ParentRunner$2.evaluate(ParentRunner.java:268) [junit-4.12.jar:4.12]
	at org.junit.runners.ParentRunner.run(ParentRunner.java:363) [junit-4.12.jar:4.12]
	at org.apache.maven.surefire.junit4.JUnit4TestSet.execute(JUnit4TestSet.java:53) [surefire-junit4-2.10.jar:2.10]
	at org.apache.maven.surefire.junit4.JUnit4Provider.executeTestSet(JUnit4Provider.java:123) [surefire-junit4-2.10.jar:2.10]
	at org.apache.maven.surefire.junit4.JUnit4Provider.invoke(JUnit4Provider.java:104) [surefire-junit4-2.10.jar:2.10]
	at sun.reflect.NativeMethodAccessorImpl.invoke0(Native Method) ~[?:1.8.0_91]
	at sun.reflect.NativeMethodAccessorImpl.invoke(NativeMethodAccessorImpl.java:62) ~[?:1.8.0_91]
	at sun.reflect.DelegatingMethodAccessorImpl.invoke(DelegatingMethodAccessorImpl.java:43) ~[?:1.8.0_91]
	at java.lang.reflect.Method.invoke(Method.java:498) ~[?:1.8.0_91]
	at org.apache.maven.surefire.util.ReflectionUtils.invokeMethodWithArray(ReflectionUtils.java:164) [surefire-api-2.10.jar:2.10]
	at org.apache.maven.surefire.booter.ProviderFactory$ProviderProxy.invoke(ProviderFactory.java:110) [surefire-booter-2.10.jar:2.10]
	at org.apache.maven.surefire.booter.SurefireStarter.invokeProvider(SurefireStarter.java:175) [surefire-booter-2.10.jar:2.10]
	at org.apache.maven.surefire.booter.SurefireStarter.runSuitesInProcessWhenForked(SurefireStarter.java:107) [surefire-booter-2.10.jar:2.10]
	at org.apache.maven.surefire.booter.ForkedBooter.main(ForkedBooter.java:68) [surefire-booter-2.10.jar:2.10]
</system-out>
  </testcase>
  <testcase classname="be.unamur.info.b314.compiler.main.B314localvariabledeclSyntaxTest" name="testlocalvariabledecl_when_local_var_same_names_and_different_types_than_global_vars_condition_on_global_vars_in_when_ok" time="0.008">
    <failure message="localvariabledecl: when_local_var_same_names_and_different_types_than_global_vars_condition_on_global_vars_in_when
Expected: a string ending with &quot;OK\r\n&quot;
     but: was &quot;KO
&quot;" type="java.lang.AssertionError">java.lang.AssertionError: localvariabledecl: when_local_var_same_names_and_different_types_than_global_vars_condition_on_global_vars_in_when
Expected: a string ending with &quot;OK\r\n&quot;
     but: was &quot;KO
&quot;
	at org.hamcrest.MatcherAssert.assertThat(MatcherAssert.java:20)
	at org.junit.Assert.assertThat(Assert.java:956)
	at be.unamur.info.b314.compiler.main.CompilerTestHelper.launchCompilation(CompilerTestHelper.java:42)
	at be.unamur.info.b314.compiler.main.B314localvariabledeclSyntaxTest.testlocalvariabledecl_when_local_var_same_names_and_different_types_than_global_vars_condition_on_global_vars_in_when_ok(B314localvariabledeclSyntaxTest.java:79)
	at sun.reflect.NativeMethodAccessorImpl.invoke0(Native Method)
	at sun.reflect.NativeMethodAccessorImpl.invoke(NativeMethodAccessorImpl.java:62)
	at sun.reflect.DelegatingMethodAccessorImpl.invoke(DelegatingMethodAccessorImpl.java:43)
	at java.lang.reflect.Method.invoke(Method.java:498)
	at org.junit.runners.model.FrameworkMethod$1.runReflectiveCall(FrameworkMethod.java:50)
	at org.junit.internal.runners.model.ReflectiveCallable.run(ReflectiveCallable.java:12)
	at org.junit.runners.model.FrameworkMethod.invokeExplosively(FrameworkMethod.java:47)
	at org.junit.internal.runners.statements.InvokeMethod.evaluate(InvokeMethod.java:17)
	at org.junit.rules.ExternalResource$1.evaluate(ExternalResource.java:48)
	at org.junit.rules.TestWatcher$1.evaluate(TestWatcher.java:55)
	at org.junit.rules.RunRules.evaluate(RunRules.java:20)
	at org.junit.runners.ParentRunner.runLeaf(ParentRunner.java:325)
	at org.junit.runners.BlockJUnit4ClassRunner.runChild(BlockJUnit4ClassRunner.java:78)
	at org.junit.runners.BlockJUnit4ClassRunner.runChild(BlockJUnit4ClassRunner.java:57)
	at org.junit.runners.ParentRunner$3.run(ParentRunner.java:290)
	at org.junit.runners.ParentRunner$1.schedule(ParentRunner.java:71)
	at org.junit.runners.ParentRunner.runChildren(ParentRunner.java:288)
	at org.junit.runners.ParentRunner.access$000(ParentRunner.java:58)
	at org.junit.runners.ParentRunner$2.evaluate(ParentRunner.java:268)
	at org.junit.runners.ParentRunner.run(ParentRunner.java:363)
	at org.apache.maven.surefire.junit4.JUnit4TestSet.execute(JUnit4TestSet.java:53)
	at org.apache.maven.surefire.junit4.JUnit4Provider.executeTestSet(JUnit4Provider.java:123)
	at org.apache.maven.surefire.junit4.JUnit4Provider.invoke(JUnit4Provider.java:104)
	at sun.reflect.NativeMethodAccessorImpl.invoke0(Native Method)
	at sun.reflect.NativeMethodAccessorImpl.invoke(NativeMethodAccessorImpl.java:62)
	at sun.reflect.DelegatingMethodAccessorImpl.invoke(DelegatingMethodAccessorImpl.java:43)
	at java.lang.reflect.Method.invoke(Method.java:498)
	at org.apache.maven.surefire.util.ReflectionUtils.invokeMethodWithArray(ReflectionUtils.java:164)
	at org.apache.maven.surefire.booter.ProviderFactory$ProviderProxy.invoke(ProviderFactory.java:110)
	at org.apache.maven.surefire.booter.SurefireStarter.invokeProvider(SurefireStarter.java:175)
	at org.apache.maven.surefire.booter.SurefireStarter.runSuitesInProcessWhenForked(SurefireStarter.java:107)
	at org.apache.maven.surefire.booter.ForkedBooter.main(ForkedBooter.java:68)
</failure>
    <system-out>14:06:38.078 [main] INFO  - Starting test: testlocalvariabledecl_when_local_var_same_names_and_different_types_than_global_vars_condition_on_global_vars_in_when_ok()...
org.apache.commons.cli.CommandLine@4fbb001b
14:06:38.080 [main] DEBUG - Initialisation
14:06:38.080 [main] DEBUG - Input file set to C:\Users\jessi\Documents\b314-Jour-MonkeyIsland\target\test-classes\syntax\localvariabledecl\ok\when_local_var_same_names_and_different_types_than_global_vars_condition_on_global_vars_in_when.b314
14:06:38.080 [main] DEBUG - Output file set to C:\Users\jessi\AppData\Local\Temp\junit1115666821611030944\junit7138064399636876509.tmp
14:06:38.081 [main] DEBUG - Initialisation: done
jessica1
14:06:38.081 [main] DEBUG - Parsing input
/* My comments */ 
declare and retain 
	b1 as boolean;
	b2 as boolean;
    i1 as integer; 
    i2 as integer;
    i3 as integer;
    s1 as square;
    s2 as square;
    v1 as boolean[5, 7];
    v2 as integer[42];

    fct1 as function():square
    	do
    		skip
    	done 

    fct2 as function(x as integer, y as boolean):integer
    	do
    		skip
    	done 

    fct3 as function():boolean
    	do
    		skip
    	done 

    fct4 as function():square
    	do
    		skip
    	done 

    fct5 as function(x as integer, y as boolean, z as square):integer
    	do
    		skip
    	done 
    	
when your turn 

	when true and b1 or v1[0, i1 + 2 * 5] do
		if b1 and i1 = 2 then
			while i1 &lt; i3 do
				set i2 to i1 + 1
			done
		else
			if s1 = ammo then
				next do nothing
			done
		done
	done 

	when v1[0, i2 + 2] 
	declare local
		loc1 as integer;
		loc2 as boolean;
		loc3 as square;
		loc4 as integer[5];
		v1 as integer[42];
	do
		set v1[0] to 42
	done

	when not graal is north and i2 &gt; 5 and v2[4] &lt; 42 or s1 = dirt 
	declare local
		loc1 as integer;
		loc2 as boolean;
		loc3 as square;
		loc4 as integer[5];
	do
    	compute fct1()
    	set s1 to fct1()
    	if fct5(i1 + 2, s2 = ammo, ennemi) &gt; 2 then
    		skip
    	done
    	while fct3() do
    		skip
    	done
    	next move west
	done
	
	when true and false and not b1 and s1 = dirt
	declare local
		loc1 as integer;
		loc2 as boolean;
		loc3 as square;
		loc4 as integer[5];
		b1 as integer;
		s1 as boolean;
    do
	    compute loc1 + 2 - loc4[0 + 1 - i1] = 5 and not loc2 or loc3 = dirt
    done
    
    by default 
	declare local
		loc1 as integer;
		loc2 as boolean;
		loc3 as square;
		loc4 as integer[5];
		b1 as integer;
		s1 as boolean;
	do 
		compute s1 and b1 = 42 or loc2 
	done&amp;#0;&amp;#0;&amp;#0;&amp;#0;&amp;#0;&amp;#0;&amp;#0;&amp;#0;&amp;#0;&amp;#0;&amp;#0;&amp;#0;&amp;#0;&amp;#0;&amp;#0;&amp;#0;&amp;#0;&amp;#0;&amp;#0;&amp;#0;&amp;#0;&amp;#0;&amp;#0;&amp;#0;&amp;#0;&amp;#0;&amp;#0;&amp;#0;&amp;#0;&amp;#0;&amp;#0;&amp;#0;&amp;#0;&amp;#0;&amp;#0;&amp;#0;&amp;#0;&amp;#0;&amp;#0;&amp;#0;&amp;#0;&amp;#0;&amp;#0;&amp;#0;&amp;#0;&amp;#0;&amp;#0;&amp;#0;&amp;#0;&amp;#0;&amp;#0;&amp;#0;&amp;#0;&amp;#0;&amp;#0;&amp;#0;&amp;#0;&amp;#0;&amp;#0;&amp;#0;&amp;#0;&amp;#0;&amp;#0;&amp;#0;&amp;#0;&amp;#0;&amp;#0;&amp;#0;&amp;#0;&amp;#0;&amp;#0;&amp;#0;&amp;#0;&amp;#0;&amp;#0;&amp;#0;&amp;#0;&amp;#0;&amp;#0;&amp;#0;&amp;#0;&amp;#0;&amp;#0;&amp;#0;&amp;#0;&amp;#0;&amp;#0;&amp;#0;&amp;#0;&amp;#0;&amp;#0;&amp;#0;&amp;#0;&amp;#0;&amp;#0;&amp;#0;&amp;#0;&amp;#0;&amp;#0;&amp;#0;&amp;#0;&amp;#0;&amp;#0;&amp;#0;&amp;#0;&amp;#0;&amp;#0;&amp;#0;&amp;#0;&amp;#0;&amp;#0;&amp;#0;&amp;#0;&amp;#0;&amp;#0;&amp;#0;&amp;#0;&amp;#0;&amp;#0;&amp;#0;&amp;#0;&amp;#0;&amp;#0;&amp;#0;&amp;#0;&amp;#0;&amp;#0;&amp;#0;&amp;#0;&amp;#0;&amp;#0;&amp;#0;&amp;#0;&amp;#0;&amp;#0;&amp;#0;&amp;#0;&amp;#0;&amp;#0;&amp;#0;&amp;#0;&amp;#0;&amp;#0;&amp;#0;&amp;#0;&amp;#0;&amp;#0;&amp;#0;&amp;#0;&amp;#0;&amp;#0;&amp;#0;&amp;#0;&amp;#0;&amp;#0;&amp;#0;&amp;#0;&amp;#0;&amp;#0;&amp;#0;&amp;#0;&amp;#0;&amp;#0;&amp;#0;&amp;#0;&amp;#0;&amp;#0;&amp;#0;&amp;#0;&amp;#0;&amp;#0;&amp;#0;&amp;#0;&amp;#0;&amp;#0;&amp;#0;&amp;#0;&amp;#0;&amp;#0;&amp;#0;&amp;#0;&amp;#0;&amp;#0;&amp;#0;&amp;#0;&amp;#0;&amp;#0;&amp;#0;&amp;#0;&amp;#0;&amp;#0;&amp;#0;&amp;#0;&amp;#0;&amp;#0;&amp;#0;&amp;#0;&amp;#0;&amp;#0;&amp;#0;&amp;#0;&amp;#0;&amp;#0;&amp;#0;&amp;#0;&amp;#0;&amp;#0;&amp;#0;&amp;#0;&amp;#0;&amp;#0;&amp;#0;&amp;#0;&amp;#0;&amp;#0;&amp;#0;&amp;#0;&amp;#0;&amp;#0;&amp;#0;&amp;#0;&amp;#0;&amp;#0;&amp;#0;&amp;#0;&amp;#0;&amp;#0;&amp;#0;&amp;#0;&amp;#0;&amp;#0;&amp;#0;&amp;#0;&amp;#0;&amp;#0;&amp;#0;&amp;#0;&amp;#0;&amp;#0;&amp;#0;&amp;#0;&amp;#0;&amp;#0;&amp;#0;&amp;#0;&amp;#0;&amp;#0;&amp;#0;&amp;#0;&amp;#0;&amp;#0;&amp;#0;&amp;#0;&amp;#0;&amp;#0;&amp;#0;&amp;#0;&amp;#0;&amp;#0;&amp;#0;&amp;#0;&amp;#0;&amp;#0;&amp;#0;&amp;#0;&amp;#0;&amp;#0;&amp;#0;&amp;#0;&amp;#0;&amp;#0;&amp;#0;&amp;#0;&amp;#0;&amp;#0;&amp;#0;&amp;#0;&amp;#0;&amp;#0;&amp;#0;&amp;#0;&amp;#0;&amp;#0;&amp;#0;&amp;#0;&amp;#0;&amp;#0;&amp;#0;&amp;#0;&amp;#0;&amp;#0;&amp;#0;&amp;#0;&amp;#0;&amp;#0;&amp;#0;&amp;#0;&amp;#0;&amp;#0;&amp;#0;&amp;#0;&amp;#0;&amp;#0;&amp;#0;&amp;#0;&amp;#0;&amp;#0;&amp;#0;&amp;#0;&amp;#0;&amp;#0;&amp;#0;&amp;#0;&amp;#0;&amp;#0;&amp;#0;&amp;#0;&amp;#0;&amp;#0;&amp;#0;&amp;#0;&amp;#0;&amp;#0;&amp;#0;&amp;#0;&amp;#0;&amp;#0;&amp;#0;&amp;#0;&amp;#0;&amp;#0;&amp;#0;&amp;#0;&amp;#0;&amp;#0;&amp;#0;&amp;#0;&amp;#0;&amp;#0;&amp;#0;&amp;#0;&amp;#0;&amp;#0;&amp;#0;&amp;#0;&amp;#0;&amp;#0;&amp;#0;&amp;#0;&amp;#0;&amp;#0;&amp;#0;&amp;#0;&amp;#0;&amp;#0;&amp;#0;&amp;#0;&amp;#0;&amp;#0;&amp;#0;&amp;#0;&amp;#0;&amp;#0;&amp;#0;&amp;#0;&amp;#0;&amp;#0;&amp;#0;&amp;#0;&amp;#0;&amp;#0;&amp;#0;&amp;#0;&amp;#0;&amp;#0;&amp;#0;&amp;#0;&amp;#0;&amp;#0;&amp;#0;&amp;#0;&amp;#0;&amp;#0;&amp;#0;&amp;#0;&amp;#0;&amp;#0;&amp;#0;&amp;#0;&amp;#0;&amp;#0;&amp;#0;&amp;#0;&amp;#0;&amp;#0;&amp;#0;&amp;#0;&amp;#0;&amp;#0;&amp;#0;&amp;#0;&amp;#0;&amp;#0;&amp;#0;&amp;#0;&amp;#0;&amp;#0;&amp;#0;&amp;#0;&amp;#0;&amp;#0;&amp;#0;&amp;#0;&amp;#0;&amp;#0;&amp;#0;&amp;#0;&amp;#0;&amp;#0;&amp;#0;&amp;#0;&amp;#0;&amp;#0;&amp;#0;&amp;#0;&amp;#0;&amp;#0;&amp;#0;&amp;#0;&amp;#0;&amp;#0;&amp;#0;&amp;#0;&amp;#0;&amp;#0;&amp;#0;&amp;#0;&amp;#0;&amp;#0;&amp;#0;&amp;#0;&amp;#0;&amp;#0;&amp;#0;&amp;#0;&amp;#0;&amp;#0;&amp;#0;&amp;#0;&amp;#0;&amp;#0;&amp;#0;&amp;#0;&amp;#0;&amp;#0;&amp;#0;&amp;#0;&amp;#0;&amp;#0;&amp;#0;&amp;#0;&amp;#0;&amp;#0;&amp;#0;&amp;#0;&amp;#0;&amp;#0;&amp;#0;&amp;#0;&amp;#0;&amp;#0;&amp;#0;&amp;#0;&amp;#0;&amp;#0;&amp;#0;&amp;#0;&amp;#0;&amp;#0;&amp;#0;&amp;#0;&amp;#0;&amp;#0;&amp;#0;&amp;#0;&amp;#0;&amp;#0;&amp;#0;&amp;#0;&amp;#0;&amp;#0;&amp;#0;&amp;#0;&amp;#0;&amp;#0;&amp;#0;&amp;#0;&amp;#0;&amp;#0;&amp;#0;&amp;#0;&amp;#0;&amp;#0;&amp;#0;&amp;#0;&amp;#0;&amp;#0;&amp;#0;&amp;#0;&amp;#0;&amp;#0;&amp;#0;&amp;#0;&amp;#0;&amp;#0;&amp;#0;&amp;#0;&amp;#0;&amp;#0;&amp;#0;&amp;#0;&amp;#0;&amp;#0;&amp;#0;&amp;#0;&amp;#0;&amp;#0;&amp;#0;&amp;#0;&amp;#0;&amp;#0;&amp;#0;&amp;#0;&amp;#0;&amp;#0;&amp;#0;&amp;#0;&amp;#0;&amp;#0;&amp;#0;&amp;#0;&amp;#0;&amp;#0;&amp;#0;&amp;#0;&amp;#0;&amp;#0;&amp;#0;&amp;#0;&amp;#0;&amp;#0;&amp;#0;&amp;#0;&amp;#0;&amp;#0;&amp;#0;&amp;#0;&amp;#0;&amp;#0;&amp;#0;&amp;#0;&amp;#0;&amp;#0;&amp;#0;&amp;#0;&amp;#0;&amp;#0;&amp;#0;&amp;#0;&amp;#0;&amp;#0;&amp;#0;&amp;#0;&amp;#0;&amp;#0;&amp;#0;&amp;#0;&amp;#0;&amp;#0;&amp;#0;&amp;#0;&amp;#0;&amp;#0;&amp;#0;&amp;#0;&amp;#0;&amp;#0;&amp;#0;&amp;#0;&amp;#0;&amp;#0;&amp;#0;&amp;#0;&amp;#0;&amp;#0;&amp;#0;&amp;#0;&amp;#0;&amp;#0;&amp;#0;&amp;#0;&amp;#0;&amp;#0;&amp;#0;&amp;#0;&amp;#0;&amp;#0;&amp;#0;&amp;#0;&amp;#0;&amp;#0;&amp;#0;&amp;#0;&amp;#0;&amp;#0;&amp;#0;&amp;#0;&amp;#0;&amp;#0;&amp;#0;&amp;#0;&amp;#0;&amp;#0;&amp;#0;&amp;#0;&amp;#0;&amp;#0;&amp;#0;&amp;#0;&amp;#0;&amp;#0;&amp;#0;&amp;#0;&amp;#0;&amp;#0;&amp;#0;&amp;#0;&amp;#0;&amp;#0;&amp;#0;&amp;#0;&amp;#0;&amp;#0;&amp;#0;&amp;#0;&amp;#0;&amp;#0;&amp;#0;&amp;#0;&amp;#0;&amp;#0;&amp;#0;&amp;#0;&amp;#0;&amp;#0;&amp;#0;&amp;#0;&amp;#0;&amp;#0;&amp;#0;&amp;#0;&amp;#0;&amp;#0;&amp;#0;&amp;#0;&amp;#0;&amp;#0;&amp;#0;&amp;#0;&amp;#0;&amp;#0;&amp;#0;&amp;#0;&amp;#0;&amp;#0;&amp;#0;&amp;#0;&amp;#0;&amp;#0;&amp;#0;&amp;#0;&amp;#0;&amp;#0;&amp;#0;&amp;#0;&amp;#0;&amp;#0;&amp;#0;&amp;#0;&amp;#0;&amp;#0;&amp;#0;&amp;#0;&amp;#0;&amp;#0;&amp;#0;&amp;#0;&amp;#0;&amp;#0;&amp;#0;&amp;#0;&amp;#0;&amp;#0;&amp;#0;&amp;#0;&amp;#0;&amp;#0;&amp;#0;&amp;#0;&amp;#0;&amp;#0;&amp;#0;&amp;#0;&amp;#0;&amp;#0;&amp;#0;&amp;#0;&amp;#0;&amp;#0;&amp;#0;&amp;#0;&amp;#0;&amp;#0;&amp;#0;&amp;#0;&amp;#0;&amp;#0;&amp;#0;&amp;#0;&amp;#0;&amp;#0;&amp;#0;&amp;#0;&amp;#0;&amp;#0;&amp;#0;&amp;#0;&amp;#0;&amp;#0;&amp;#0;&amp;#0;&amp;#0;&amp;#0;&amp;#0;&amp;#0;&amp;#0;&amp;#0;&amp;#0;&amp;#0;&amp;#0;&amp;#0;&amp;#0;&amp;#0;&amp;#0;&amp;#0;&amp;#0;&amp;#0;&amp;#0;&amp;#0;&amp;#0;&amp;#0;&amp;#0;&amp;#0;&amp;#0;&amp;#0;&amp;#0;&amp;#0;&amp;#0;&amp;#0;&amp;#0;&amp;#0;&amp;#0;&amp;#0;&amp;#0;&amp;#0;&amp;#0;&amp;#0;&amp;#0;&amp;#0;&amp;#0;&amp;#0;&amp;#0;&amp;#0;&amp;#0;&amp;#0;&amp;#0;&amp;#0;&amp;#0;&amp;#0;&amp;#0;&amp;#0;&amp;#0;&amp;#0;&amp;#0;&amp;#0;&amp;#0;&amp;#0;&amp;#0;&amp;#0;&amp;#0;&amp;#0;&amp;#0;&amp;#0;&amp;#0;&amp;#0;&amp;#0;&amp;#0;&amp;#0;&amp;#0;&amp;#0;&amp;#0;&amp;#0;&amp;#0;&amp;#0;&amp;#0;&amp;#0;&amp;#0;&amp;#0;&amp;#0;&amp;#0;&amp;#0;&amp;#0;&amp;#0;&amp;#0;&amp;#0;&amp;#0;&amp;#0;&amp;#0;&amp;#0;&amp;#0;&amp;#0;&amp;#0;&amp;#0;&amp;#0;&amp;#0;&amp;#0;&amp;#0;&amp;#0;&amp;#0;&amp;#0;&amp;#0;&amp;#0;&amp;#0;&amp;#0;&amp;#0;&amp;#0;&amp;#0;&amp;#0;&amp;#0;&amp;#0;&amp;#0;&amp;#0;&amp;#0;&amp;#0;&amp;#0;&amp;#0;&amp;#0;&amp;#0;&amp;#0;&amp;#0;&amp;#0;&amp;#0;&amp;#0;&amp;#0;&amp;#0;&amp;#0;&amp;#0;&amp;#0;&amp;#0;&amp;#0;&amp;#0;&amp;#0;&amp;#0;&amp;#0;&amp;#0;&amp;#0;&amp;#0;&amp;#0;&amp;#0;&amp;#0;&amp;#0;&amp;#0;&amp;#0;&amp;#0;&amp;#0;&amp;#0;&amp;#0;&amp;#0;&amp;#0;&amp;#0;&amp;#0;&amp;#0;&amp;#0;&amp;#0;&amp;#0;&amp;#0;&amp;#0;&amp;#0;&amp;#0;&amp;#0;&amp;#0;&amp;#0;&amp;#0;&amp;#0;&amp;#0;&amp;#0;&amp;#0;&amp;#0;&amp;#0;&amp;#0;&amp;#0;&amp;#0;&amp;#0;&amp;#0;&amp;#0;&amp;#0;&amp;#0;&amp;#0;&amp;#0;&amp;#0;&amp;#0;&amp;#0;&amp;#0;&amp;#0;&amp;#0;&amp;#0;&amp;#0;&amp;#0;&amp;#0;&amp;#0;&amp;#0;&amp;#0;&amp;#0;&amp;#0;&amp;#0;&amp;#0;&amp;#0;&amp;#0;&amp;#0;&amp;#0;&amp;#0;&amp;#0;&amp;#0;&amp;#0;&amp;#0;&amp;#0;&amp;#0;&amp;#0;&amp;#0;&amp;#0;&amp;#0;&amp;#0;&amp;#0;&amp;#0;&amp;#0;&amp;#0;&amp;#0;&amp;#0;&amp;#0;&amp;#0;&amp;#0;&amp;#0;&amp;#0;&amp;#0;&amp;#0;&amp;#0;&amp;#0;&amp;#0;&amp;#0;&amp;#0;&amp;#0;&amp;#0;&amp;#0;&amp;#0;&amp;#0;&amp;#0;&amp;#0;&amp;#0;&amp;#0;&amp;#0;&amp;#0;&amp;#0;&amp;#0;&amp;#0;&amp;#0;&amp;#0;&amp;#0;&amp;#0;&amp;#0;&amp;#0;&amp;#0;&amp;#0;&amp;#0;&amp;#0;&amp;#0;&amp;#0;&amp;#0;&amp;#0;&amp;#0;&amp;#0;&amp;#0;&amp;#0;&amp;#0;&amp;#0;&amp;#0;&amp;#0;&amp;#0;&amp;#0;&amp;#0;&amp;#0;&amp;#0;&amp;#0;&amp;#0;&amp;#0;&amp;#0;&amp;#0;&amp;#0;&amp;#0;&amp;#0;&amp;#0;&amp;#0;&amp;#0;&amp;#0;&amp;#0;&amp;#0;&amp;#0;&amp;#0;&amp;#0;&amp;#0;&amp;#0;&amp;#0;&amp;#0;&amp;#0;&amp;#0;&amp;#0;&amp;#0;&amp;#0;&amp;#0;&amp;#0;&amp;#0;&amp;#0;&amp;#0;&amp;#0;&amp;#0;&amp;#0;&amp;#0;&amp;#0;&amp;#0;&amp;#0;&amp;#0;&amp;#0;&amp;#0;&amp;#0;&amp;#0;&amp;#0;&amp;#0;&amp;#0;&amp;#0;&amp;#0;&amp;#0;&amp;#0;&amp;#0;&amp;#0;&amp;#0;&amp;#0;&amp;#0;&amp;#0;&amp;#0;&amp;#0;&amp;#0;&amp;#0;&amp;#0;&amp;#0;&amp;#0;&amp;#0;&amp;#0;&amp;#0;&amp;#0;&amp;#0;&amp;#0;&amp;#0;&amp;#0;&amp;#0;&amp;#0;&amp;#0;&amp;#0;&amp;#0;&amp;#0;&amp;#0;&amp;#0;&amp;#0;&amp;#0;&amp;#0;&amp;#0;&amp;#0;&amp;#0;&amp;#0;&amp;#0;&amp;#0;&amp;#0;&amp;#0;&amp;#0;&amp;#0;&amp;#0;&amp;#0;&amp;#0;&amp;#0;&amp;#0;&amp;#0;&amp;#0;&amp;#0;&amp;#0;&amp;#0;&amp;#0;&amp;#0;&amp;#0;&amp;#0;&amp;#0;&amp;#0;&amp;#0;&amp;#0;&amp;#0;&amp;#0;&amp;#0;&amp;#0;&amp;#0;&amp;#0;&amp;#0;&amp;#0;&amp;#0;&amp;#0;&amp;#0;&amp;#0;&amp;#0;&amp;#0;&amp;#0;&amp;#0;&amp;#0;&amp;#0;&amp;#0;&amp;#0;&amp;#0;&amp;#0;&amp;#0;&amp;#0;&amp;#0;&amp;#0;&amp;#0;&amp;#0;&amp;#0;&amp;#0;&amp;#0;&amp;#0;&amp;#0;&amp;#0;&amp;#0;&amp;#0;&amp;#0;&amp;#0;&amp;#0;&amp;#0;&amp;#0;&amp;#0;&amp;#0;&amp;#0;&amp;#0;&amp;#0;&amp;#0;&amp;#0;&amp;#0;&amp;#0;&amp;#0;&amp;#0;&amp;#0;&amp;#0;&amp;#0;&amp;#0;&amp;#0;&amp;#0;&amp;#0;&amp;#0;&amp;#0;&amp;#0;&amp;#0;&amp;#0;&amp;#0;&amp;#0;&amp;#0;&amp;#0;&amp;#0;&amp;#0;&amp;#0;&amp;#0;&amp;#0;&amp;#0;&amp;#0;&amp;#0;&amp;#0;&amp;#0;&amp;#0;&amp;#0;&amp;#0;&amp;#0;&amp;#0;&amp;#0;&amp;#0;&amp;#0;&amp;#0;&amp;#0;&amp;#0;&amp;#0;&amp;#0;&amp;#0;&amp;#0;&amp;#0;&amp;#0;&amp;#0;&amp;#0;&amp;#0;&amp;#0;&amp;#0;&amp;#0;&amp;#0;&amp;#0;&amp;#0;&amp;#0;&amp;#0;&amp;#0;&amp;#0;&amp;#0;&amp;#0;&amp;#0;&amp;#0;&amp;#0;&amp;#0;&amp;#0;&amp;#0;&amp;#0;&amp;#0;&amp;#0;&amp;#0;&amp;#0;&amp;#0;&amp;#0;&amp;#0;&amp;#0;&amp;#0;&amp;#0;&amp;#0;&amp;#0;&amp;#0;&amp;#0;&amp;#0;&amp;#0;&amp;#0;&amp;#0;&amp;#0;&amp;#0;&amp;#0;&amp;#0;&amp;#0;&amp;#0;&amp;#0;&amp;#0;&amp;#0;&amp;#0;&amp;#0;&amp;#0;&amp;#0;&amp;#0;&amp;#0;&amp;#0;&amp;#0;&amp;#0;&amp;#0;&amp;#0;&amp;#0;&amp;#0;&amp;#0;&amp;#0;&amp;#0;&amp;#0;&amp;#0;&amp;#0;&amp;#0;&amp;#0;&amp;#0;&amp;#0;&amp;#0;&amp;#0;&amp;#0;&amp;#0;&amp;#0;&amp;#0;&amp;#0;&amp;#0;&amp;#0;&amp;#0;&amp;#0;&amp;#0;&amp;#0;&amp;#0;&amp;#0;&amp;#0;&amp;#0;&amp;#0;&amp;#0;&amp;#0;&amp;#0;&amp;#0;&amp;#0;&amp;#0;&amp;#0;&amp;#0;&amp;#0;&amp;#0;&amp;#0;&amp;#0;&amp;#0;&amp;#0;&amp;#0;&amp;#0;&amp;#0;&amp;#0;&amp;#0;&amp;#0;&amp;#0;&amp;#0;&amp;#0;&amp;#0;&amp;#0;&amp;#0;&amp;#0;&amp;#0;&amp;#0;&amp;#0;&amp;#0;&amp;#0;&amp;#0;&amp;#0;&amp;#0;&amp;#0;&amp;#0;&amp;#0;&amp;#0;&amp;#0;&amp;#0;&amp;#0;&amp;#0;&amp;#0;&amp;#0;&amp;#0;&amp;#0;&amp;#0;&amp;#0;&amp;#0;&amp;#0;&amp;#0;&amp;#0;&amp;#0;&amp;#0;&amp;#0;&amp;#0;&amp;#0;&amp;#0;&amp;#0;&amp;#0;&amp;#0;&amp;#0;&amp;#0;&amp;#0;&amp;#0;&amp;#0;&amp;#0;&amp;#0;&amp;#0;&amp;#0;&amp;#0;&amp;#0;&amp;#0;&amp;#0;&amp;#0;&amp;#0;&amp;#0;&amp;#0;&amp;#0;&amp;#0;&amp;#0;&amp;#0;&amp;#0;&amp;#0;&amp;#0;&amp;#0;&amp;#0;&amp;#0;&amp;#0;&amp;#0;&amp;#0;&amp;#0;&amp;#0;&amp;#0;&amp;#0;&amp;#0;&amp;#0;&amp;#0;&amp;#0;&amp;#0;&amp;#0;&amp;#0;&amp;#0;&amp;#0;&amp;#0;&amp;#0;&amp;#0;&amp;#0;&amp;#0;&amp;#0;&amp;#0;&amp;#0;&amp;#0;&amp;#0;&amp;#0;&amp;#0;&amp;#0;&amp;#0;&amp;#0;&amp;#0;&amp;#0;&amp;#0;&amp;#0;&amp;#0;&amp;#0;&amp;#0;&amp;#0;&amp;#0;&amp;#0;&amp;#0;&amp;#0;&amp;#0;&amp;#0;&amp;#0;&amp;#0;&amp;#0;&amp;#0;&amp;#0;&amp;#0;&amp;#0;&amp;#0;&amp;#0;&amp;#0;&amp;#0;&amp;#0;&amp;#0;&amp;#0;&amp;#0;&amp;#0;&amp;#0;&amp;#0;&amp;#0;&amp;#0;&amp;#0;&amp;#0;&amp;#0;&amp;#0;&amp;#0;&amp;#0;&amp;#0;&amp;#0;&amp;#0;&amp;#0;&amp;#0;&amp;#0;&amp;#0;&amp;#0;&amp;#0;&amp;#0;&amp;#0;&amp;#0;&amp;#0;&amp;#0;&amp;#0;&amp;#0;&amp;#0;&amp;#0;&amp;#0;&amp;#0;&amp;#0;&amp;#0;&amp;#0;&amp;#0;&amp;#0;&amp;#0;&amp;#0;&amp;#0;&amp;#0;&amp;#0;&amp;#0;&amp;#0;&amp;#0;&amp;#0;&amp;#0;&amp;#0;&amp;#0;&amp;#0;&amp;#0;&amp;#0;&amp;#0;&amp;#0;&amp;#0;&amp;#0;&amp;#0;&amp;#0;&amp;#0;&amp;#0;&amp;#0;&amp;#0;&amp;#0;&amp;#0;&amp;#0;&amp;#0;&amp;#0;&amp;#0;&amp;#0;&amp;#0;&amp;#0;&amp;#0;&amp;#0;&amp;#0;&amp;#0;&amp;#0;&amp;#0;&amp;#0;&amp;#0;&amp;#0;&amp;#0;&amp;#0;&amp;#0;&amp;#0;&amp;#0;&amp;#0;&amp;#0;&amp;#0;&amp;#0;&amp;#0;&amp;#0;&amp;#0;&amp;#0;&amp;#0;&amp;#0;&amp;#0;&amp;#0;&amp;#0;&amp;#0;&amp;#0;&amp;#0;&amp;#0;&amp;#0;&amp;#0;&amp;#0;&amp;#0;&amp;#0;&amp;#0;&amp;#0;&amp;#0;&amp;#0;&amp;#0;&amp;#0;&amp;#0;&amp;#0;&amp;#0;&amp;#0;&amp;#0;&amp;#0;&amp;#0;&amp;#0;&amp;#0;&amp;#0;&amp;#0;&amp;#0;&amp;#0;&amp;#0;&amp;#0;&amp;#0;&amp;#0;&amp;#0;&amp;#0;&amp;#0;&amp;#0;&amp;#0;&amp;#0;&amp;#0;&amp;#0;&amp;#0;&amp;#0;&amp;#0;&amp;#0;&amp;#0;&amp;#0;&amp;#0;&amp;#0;&amp;#0;&amp;#0;&amp;#0;&amp;#0;&amp;#0;&amp;#0;&amp;#0;&amp;#0;&amp;#0;&amp;#0;&amp;#0;&amp;#0;&amp;#0;&amp;#0;&amp;#0;&amp;#0;&amp;#0;&amp;#0;&amp;#0;&amp;#0;&amp;#0;&amp;#0;&amp;#0;&amp;#0;&amp;#0;&amp;#0;&amp;#0;&amp;#0;&amp;#0;&amp;#0;&amp;#0;&amp;#0;&amp;#0;&amp;#0;&amp;#0;&amp;#0;&amp;#0;&amp;#0;&amp;#0;&amp;#0;&amp;#0;&amp;#0;&amp;#0;&amp;#0;&amp;#0;&amp;#0;&amp;#0;&amp;#0;&amp;#0;&amp;#0;&amp;#0;&amp;#0;&amp;#0;&amp;#0;&amp;#0;&amp;#0;&amp;#0;&amp;#0;&amp;#0;&amp;#0;&amp;#0;&amp;#0;&amp;#0;&amp;#0;&amp;#0;&amp;#0;&amp;#0;&amp;#0;&amp;#0;&amp;#0;&amp;#0;&amp;#0;&amp;#0;&amp;#0;&amp;#0;&amp;#0;&amp;#0;&amp;#0;&amp;#0;&amp;#0;&amp;#0;&amp;#0;&amp;#0;&amp;#0;&amp;#0;&amp;#0;&amp;#0;&amp;#0;&amp;#0;&amp;#0;&amp;#0;&amp;#0;&amp;#0;&amp;#0;&amp;#0;&amp;#0;&amp;#0;&amp;#0;&amp;#0;&amp;#0;&amp;#0;&amp;#0;&amp;#0;&amp;#0;&amp;#0;&amp;#0;&amp;#0;&amp;#0;&amp;#0;&amp;#0;&amp;#0;&amp;#0;&amp;#0;&amp;#0;&amp;#0;&amp;#0;&amp;#0;&amp;#0;&amp;#0;&amp;#0;&amp;#0;&amp;#0;&amp;#0;&amp;#0;&amp;#0;&amp;#0;&amp;#0;&amp;#0;&amp;#0;&amp;#0;&amp;#0;&amp;#0;&amp;#0;&amp;#0;&amp;#0;&amp;#0;&amp;#0;&amp;#0;&amp;#0;&amp;#0;&amp;#0;&amp;#0;&amp;#0;&amp;#0;&amp;#0;&amp;#0;&amp;#0;&amp;#0;&amp;#0;&amp;#0;&amp;#0;&amp;#0;&amp;#0;&amp;#0;&amp;#0;&amp;#0;&amp;#0;&amp;#0;&amp;#0;&amp;#0;&amp;#0;&amp;#0;&amp;#0;&amp;#0;&amp;#0;&amp;#0;&amp;#0;&amp;#0;&amp;#0;&amp;#0;&amp;#0;&amp;#0;&amp;#0;&amp;#0;&amp;#0;&amp;#0;&amp;#0;&amp;#0;&amp;#0;&amp;#0;&amp;#0;&amp;#0;&amp;#0;&amp;#0;&amp;#0;&amp;#0;&amp;#0;&amp;#0;&amp;#0;&amp;#0;&amp;#0;&amp;#0;&amp;#0;&amp;#0;&amp;#0;&amp;#0;&amp;#0;&amp;#0;&amp;#0;&amp;#0;&amp;#0;&amp;#0;&amp;#0;&amp;#0;&amp;#0;&amp;#0;&amp;#0;&amp;#0;&amp;#0;&amp;#0;&amp;#0;&amp;#0;&amp;#0;&amp;#0;&amp;#0;&amp;#0;&amp;#0;&amp;#0;&amp;#0;&amp;#0;&amp;#0;&amp;#0;&amp;#0;&amp;#0;&amp;#0;&amp;#0;&amp;#0;&amp;#0;&amp;#0;&amp;#0;&amp;#0;&amp;#0;&amp;#0;&amp;#0;&amp;#0;&amp;#0;&amp;#0;&amp;#0;&amp;#0;&amp;#0;&amp;#0;&amp;#0;&amp;#0;&amp;#0;&amp;#0;&amp;#0;&amp;#0;&amp;#0;&amp;#0;&amp;#0;&amp;#0;&amp;#0;&amp;#0;&amp;#0;&amp;#0;&amp;#0;&amp;#0;&amp;#0;&amp;#0;&amp;#0;&amp;#0;&amp;#0;&amp;#0;&amp;#0;&amp;#0;&amp;#0;&amp;#0;&amp;#0;&amp;#0;&amp;#0;&amp;#0;&amp;#0;&amp;#0;&amp;#0;&amp;#0;&amp;#0;&amp;#0;&amp;#0;&amp;#0;&amp;#0;&amp;#0;&amp;#0;&amp;#0;&amp;#0;&amp;#0;&amp;#0;&amp;#0;&amp;#0;&amp;#0;&amp;#0;&amp;#0;&amp;#0;&amp;#0;&amp;#0;&amp;#0;&amp;#0;&amp;#0;&amp;#0;&amp;#0;&amp;#0;&amp;#0;&amp;#0;&amp;#0;&amp;#0;&amp;#0;&amp;#0;&amp;#0;&amp;#0;&amp;#0;&amp;#0;&amp;#0;&amp;#0;&amp;#0;&amp;#0;&amp;#0;&amp;#0;&amp;#0;&amp;#0;&amp;#0;&amp;#0;&amp;#0;&amp;#0;&amp;#0;&amp;#0;&amp;#0;&amp;#0;&amp;#0;&amp;#0;&amp;#0;&amp;#0;&amp;#0;&amp;#0;&amp;#0;&amp;#0;&amp;#0;&amp;#0;&amp;#0;&amp;#0;&amp;#0;&amp;#0;&amp;#0;&amp;#0;&amp;#0;&amp;#0;&amp;#0;&amp;#0;&amp;#0;&amp;#0;&amp;#0;&amp;#0;&amp;#0;&amp;#0;&amp;#0;&amp;#0;&amp;#0;&amp;#0;&amp;#0;&amp;#0;&amp;#0;&amp;#0;&amp;#0;&amp;#0;&amp;#0;&amp;#0;&amp;#0;&amp;#0;&amp;#0;&amp;#0;&amp;#0;&amp;#0;&amp;#0;&amp;#0;&amp;#0;&amp;#0;&amp;#0;&amp;#0;&amp;#0;&amp;#0;&amp;#0;&amp;#0;&amp;#0;&amp;#0;&amp;#0;&amp;#0;&amp;#0;&amp;#0;&amp;#0;&amp;#0;&amp;#0;&amp;#0;&amp;#0;&amp;#0;&amp;#0;&amp;#0;&amp;#0;&amp;#0;&amp;#0;&amp;#0;&amp;#0;&amp;#0;&amp;#0;&amp;#0;&amp;#0;&amp;#0;&amp;#0;&amp;#0;&amp;#0;&amp;#0;&amp;#0;&amp;#0;&amp;#0;&amp;#0;&amp;#0;&amp;#0;&amp;#0;&amp;#0;&amp;#0;&amp;#0;&amp;#0;&amp;#0;&amp;#0;&amp;#0;&amp;#0;&amp;#0;&amp;#0;&amp;#0;&amp;#0;&amp;#0;&amp;#0;&amp;#0;&amp;#0;&amp;#0;&amp;#0;&amp;#0;&amp;#0;&amp;#0;&amp;#0;&amp;#0;&amp;#0;&amp;#0;&amp;#0;&amp;#0;&amp;#0;&amp;#0;&amp;#0;&amp;#0;&amp;#0;&amp;#0;&amp;#0;&amp;#0;&amp;#0;&amp;#0;&amp;#0;&amp;#0;&amp;#0;&amp;#0;&amp;#0;&amp;#0;&amp;#0;&amp;#0;&amp;#0;&amp;#0;&amp;#0;&amp;#0;&amp;#0;&amp;#0;&amp;#0;&amp;#0;&amp;#0;&amp;#0;&amp;#0;&amp;#0;&amp;#0;&amp;#0;&amp;#0;&amp;#0;&amp;#0;&amp;#0;&amp;#0;&amp;#0;&amp;#0;&amp;#0;&amp;#0;&amp;#0;&amp;#0;&amp;#0;&amp;#0;&amp;#0;&amp;#0;&amp;#0;&amp;#0;&amp;#0;&amp;#0;&amp;#0;&amp;#0;&amp;#0;&amp;#0;&amp;#0;&amp;#0;&amp;#0;&amp;#0;&amp;#0;&amp;#0;&amp;#0;&amp;#0;&amp;#0;&amp;#0;&amp;#0;&amp;#0;&amp;#0;&amp;#0;&amp;#0;&amp;#0;&amp;#0;&amp;#0;&amp;#0;&amp;#0;&amp;#0;&amp;#0;&amp;#0;&amp;#0;&amp;#0;&amp;#0;&amp;#0;&amp;#0;&amp;#0;&amp;#0;&amp;#0;&amp;#0;&amp;#0;&amp;#0;&amp;#0;&amp;#0;&amp;#0;&amp;#0;&amp;#0;&amp;#0;&amp;#0;&amp;#0;&amp;#0;&amp;#0;&amp;#0;&amp;#0;&amp;#0;&amp;#0;&amp;#0;&amp;#0;&amp;#0;&amp;#0;&amp;#0;&amp;#0;&amp;#0;&amp;#0;&amp;#0;&amp;#0;&amp;#0;&amp;#0;&amp;#0;&amp;#0;&amp;#0;&amp;#0;&amp;#0;&amp;#0;&amp;#0;&amp;#0;&amp;#0;&amp;#0;&amp;#0;&amp;#0;&amp;#0;&amp;#0;&amp;#0;&amp;#0;&amp;#0;&amp;#0;&amp;#0;&amp;#0;&amp;#0;&amp;#0;&amp;#0;&amp;#0;&amp;#0;&amp;#0;&amp;#0;&amp;#0;&amp;#0;&amp;#0;&amp;#0;&amp;#0;&amp;#0;&amp;#0;&amp;#0;&amp;#0;&amp;#0;&amp;#0;&amp;#0;&amp;#0;&amp;#0;&amp;#0;&amp;#0;&amp;#0;&amp;#0;&amp;#0;&amp;#0;&amp;#0;&amp;#0;&amp;#0;&amp;#0;&amp;#0;&amp;#0;&amp;#0;&amp;#0;&amp;#0;&amp;#0;&amp;#0;&amp;#0;&amp;#0;&amp;#0;&amp;#0;&amp;#0;&amp;#0;&amp;#0;&amp;#0;&amp;#0;&amp;#0;&amp;#0;&amp;#0;&amp;#0;&amp;#0;&amp;#0;&amp;#0;&amp;#0;&amp;#0;&amp;#0;&amp;#0;&amp;#0;&amp;#0;&amp;#0;&amp;#0;&amp;#0;&amp;#0;&amp;#0;&amp;#0;&amp;#0;&amp;#0;&amp;#0;&amp;#0;&amp;#0;&amp;#0;&amp;#0;&amp;#0;&amp;#0;&amp;#0;&amp;#0;&amp;#0;&amp;#0;&amp;#0;&amp;#0;&amp;#0;&amp;#0;&amp;#0;&amp;#0;&amp;#0;&amp;#0;&amp;#0;&amp;#0;&amp;#0;&amp;#0;&amp;#0;&amp;#0;&amp;#0;&amp;#0;&amp;#0;&amp;#0;&amp;#0;&amp;#0;&amp;#0;&amp;#0;&amp;#0;&amp;#0;&amp;#0;&amp;#0;&amp;#0;&amp;#0;&amp;#0;&amp;#0;&amp;#0;&amp;#0;&amp;#0;&amp;#0;&amp;#0;&amp;#0;&amp;#0;&amp;#0;&amp;#0;&amp;#0;&amp;#0;&amp;#0;&amp;#0;&amp;#0;&amp;#0;&amp;#0;&amp;#0;&amp;#0;&amp;#0;&amp;#0;&amp;#0;&amp;#0;&amp;#0;&amp;#0;&amp;#0;&amp;#0;&amp;#0;&amp;#0;&amp;#0;&amp;#0;&amp;#0;&amp;#0;&amp;#0;&amp;#0;&amp;#0;&amp;#0;&amp;#0;&amp;#0;&amp;#0;&amp;#0;&amp;#0;&amp;#0;&amp;#0;&amp;#0;&amp;#0;&amp;#0;&amp;#0;&amp;#0;&amp;#0;&amp;#0;&amp;#0;&amp;#0;&amp;#0;
14:06:38.087 [main] ERROR - Je passe ici ------------------------------------------------------
14:06:38.087 [main] ERROR - Exception occured during compilation!
java.util.MissingFormatArgumentException: Format specifier &apos;%s&apos;
	at java.util.Formatter.format(Formatter.java:2519) ~[?:1.8.0_91]
	at java.io.PrintWriter.format(PrintWriter.java:905) ~[?:1.8.0_91]
	at java.io.PrintWriter.printf(PrintWriter.java:804) ~[?:1.8.0_91]
	at be.unamur.info.b314.compiler.Visitor.PCodePrinter.printSetTo(PCodePrinter.java:78) ~[classes/:?]
	at be.unamur.info.b314.compiler.Visitor.PCodeVisitor.visitVarDecl(PCodeVisitor.java:625) ~[classes/:?]
	at be.unamur.info.b314.compiler.B314Parser$VarDeclContext.accept(B314Parser.java:405) ~[classes/:?]
	at be.unamur.info.b314.compiler.Visitor.PCodeVisitor.visitProgramme(PCodeVisitor.java:64) ~[classes/:?]
	at be.unamur.info.b314.compiler.B314Parser$ProgrammeContext.accept(B314Parser.java:4028) ~[classes/:?]
	at be.unamur.info.b314.compiler.main.Main.printPCode(Main.java:236) ~[classes/:?]
	at be.unamur.info.b314.compiler.main.Main.compile(Main.java:199) ~[classes/:?]
	at be.unamur.info.b314.compiler.main.Main.main(Main.java:79) [classes/:?]
	at be.unamur.info.b314.compiler.main.CompilerTestHelper.launchCompilation(CompilerTestHelper.java:35) [test-classes/:?]
	at be.unamur.info.b314.compiler.main.B314localvariabledeclSyntaxTest.testlocalvariabledecl_when_local_var_same_names_and_different_types_than_global_vars_condition_on_global_vars_in_when_ok(B314localvariabledeclSyntaxTest.java:79) [test-classes/:?]
	at sun.reflect.NativeMethodAccessorImpl.invoke0(Native Method) ~[?:1.8.0_91]
	at sun.reflect.NativeMethodAccessorImpl.invoke(NativeMethodAccessorImpl.java:62) ~[?:1.8.0_91]
	at sun.reflect.DelegatingMethodAccessorImpl.invoke(DelegatingMethodAccessorImpl.java:43) ~[?:1.8.0_91]
	at java.lang.reflect.Method.invoke(Method.java:498) ~[?:1.8.0_91]
	at org.junit.runners.model.FrameworkMethod$1.runReflectiveCall(FrameworkMethod.java:50) [junit-4.12.jar:4.12]
	at org.junit.internal.runners.model.ReflectiveCallable.run(ReflectiveCallable.java:12) [junit-4.12.jar:4.12]
	at org.junit.runners.model.FrameworkMethod.invokeExplosively(FrameworkMethod.java:47) [junit-4.12.jar:4.12]
	at org.junit.internal.runners.statements.InvokeMethod.evaluate(InvokeMethod.java:17) [junit-4.12.jar:4.12]
	at org.junit.rules.ExternalResource$1.evaluate(ExternalResource.java:48) [junit-4.12.jar:4.12]
	at org.junit.rules.TestWatcher$1.evaluate(TestWatcher.java:55) [junit-4.12.jar:4.12]
	at org.junit.rules.RunRules.evaluate(RunRules.java:20) [junit-4.12.jar:4.12]
	at org.junit.runners.ParentRunner.runLeaf(ParentRunner.java:325) [junit-4.12.jar:4.12]
	at org.junit.runners.BlockJUnit4ClassRunner.runChild(BlockJUnit4ClassRunner.java:78) [junit-4.12.jar:4.12]
	at org.junit.runners.BlockJUnit4ClassRunner.runChild(BlockJUnit4ClassRunner.java:57) [junit-4.12.jar:4.12]
	at org.junit.runners.ParentRunner$3.run(ParentRunner.java:290) [junit-4.12.jar:4.12]
	at org.junit.runners.ParentRunner$1.schedule(ParentRunner.java:71) [junit-4.12.jar:4.12]
	at org.junit.runners.ParentRunner.runChildren(ParentRunner.java:288) [junit-4.12.jar:4.12]
	at org.junit.runners.ParentRunner.access$000(ParentRunner.java:58) [junit-4.12.jar:4.12]
	at org.junit.runners.ParentRunner$2.evaluate(ParentRunner.java:268) [junit-4.12.jar:4.12]
	at org.junit.runners.ParentRunner.run(ParentRunner.java:363) [junit-4.12.jar:4.12]
	at org.apache.maven.surefire.junit4.JUnit4TestSet.execute(JUnit4TestSet.java:53) [surefire-junit4-2.10.jar:2.10]
	at org.apache.maven.surefire.junit4.JUnit4Provider.executeTestSet(JUnit4Provider.java:123) [surefire-junit4-2.10.jar:2.10]
	at org.apache.maven.surefire.junit4.JUnit4Provider.invoke(JUnit4Provider.java:104) [surefire-junit4-2.10.jar:2.10]
	at sun.reflect.NativeMethodAccessorImpl.invoke0(Native Method) ~[?:1.8.0_91]
	at sun.reflect.NativeMethodAccessorImpl.invoke(NativeMethodAccessorImpl.java:62) ~[?:1.8.0_91]
	at sun.reflect.DelegatingMethodAccessorImpl.invoke(DelegatingMethodAccessorImpl.java:43) ~[?:1.8.0_91]
	at java.lang.reflect.Method.invoke(Method.java:498) ~[?:1.8.0_91]
	at org.apache.maven.surefire.util.ReflectionUtils.invokeMethodWithArray(ReflectionUtils.java:164) [surefire-api-2.10.jar:2.10]
	at org.apache.maven.surefire.booter.ProviderFactory$ProviderProxy.invoke(ProviderFactory.java:110) [surefire-booter-2.10.jar:2.10]
	at org.apache.maven.surefire.booter.SurefireStarter.invokeProvider(SurefireStarter.java:175) [surefire-booter-2.10.jar:2.10]
	at org.apache.maven.surefire.booter.SurefireStarter.runSuitesInProcessWhenForked(SurefireStarter.java:107) [surefire-booter-2.10.jar:2.10]
	at org.apache.maven.surefire.booter.ForkedBooter.main(ForkedBooter.java:68) [surefire-booter-2.10.jar:2.10]
</system-out>
  </testcase>
  <testcase classname="be.unamur.info.b314.compiler.main.B314localvariabledeclSyntaxTest" name="testlocalvariabledecl_fct_local_variable_diff_names_ok" time="0.003">
    <failure message="localvariabledecl: fct_local_variable_diff_names
Expected: a string ending with &quot;OK\r\n&quot;
     but: was &quot;KO
&quot;" type="java.lang.AssertionError">java.lang.AssertionError: localvariabledecl: fct_local_variable_diff_names
Expected: a string ending with &quot;OK\r\n&quot;
     but: was &quot;KO
&quot;
	at org.hamcrest.MatcherAssert.assertThat(MatcherAssert.java:20)
	at org.junit.Assert.assertThat(Assert.java:956)
	at be.unamur.info.b314.compiler.main.CompilerTestHelper.launchCompilation(CompilerTestHelper.java:42)
	at be.unamur.info.b314.compiler.main.B314localvariabledeclSyntaxTest.testlocalvariabledecl_fct_local_variable_diff_names_ok(B314localvariabledeclSyntaxTest.java:49)
	at sun.reflect.NativeMethodAccessorImpl.invoke0(Native Method)
	at sun.reflect.NativeMethodAccessorImpl.invoke(NativeMethodAccessorImpl.java:62)
	at sun.reflect.DelegatingMethodAccessorImpl.invoke(DelegatingMethodAccessorImpl.java:43)
	at java.lang.reflect.Method.invoke(Method.java:498)
	at org.junit.runners.model.FrameworkMethod$1.runReflectiveCall(FrameworkMethod.java:50)
	at org.junit.internal.runners.model.ReflectiveCallable.run(ReflectiveCallable.java:12)
	at org.junit.runners.model.FrameworkMethod.invokeExplosively(FrameworkMethod.java:47)
	at org.junit.internal.runners.statements.InvokeMethod.evaluate(InvokeMethod.java:17)
	at org.junit.rules.ExternalResource$1.evaluate(ExternalResource.java:48)
	at org.junit.rules.TestWatcher$1.evaluate(TestWatcher.java:55)
	at org.junit.rules.RunRules.evaluate(RunRules.java:20)
	at org.junit.runners.ParentRunner.runLeaf(ParentRunner.java:325)
	at org.junit.runners.BlockJUnit4ClassRunner.runChild(BlockJUnit4ClassRunner.java:78)
	at org.junit.runners.BlockJUnit4ClassRunner.runChild(BlockJUnit4ClassRunner.java:57)
	at org.junit.runners.ParentRunner$3.run(ParentRunner.java:290)
	at org.junit.runners.ParentRunner$1.schedule(ParentRunner.java:71)
	at org.junit.runners.ParentRunner.runChildren(ParentRunner.java:288)
	at org.junit.runners.ParentRunner.access$000(ParentRunner.java:58)
	at org.junit.runners.ParentRunner$2.evaluate(ParentRunner.java:268)
	at org.junit.runners.ParentRunner.run(ParentRunner.java:363)
	at org.apache.maven.surefire.junit4.JUnit4TestSet.execute(JUnit4TestSet.java:53)
	at org.apache.maven.surefire.junit4.JUnit4Provider.executeTestSet(JUnit4Provider.java:123)
	at org.apache.maven.surefire.junit4.JUnit4Provider.invoke(JUnit4Provider.java:104)
	at sun.reflect.NativeMethodAccessorImpl.invoke0(Native Method)
	at sun.reflect.NativeMethodAccessorImpl.invoke(NativeMethodAccessorImpl.java:62)
	at sun.reflect.DelegatingMethodAccessorImpl.invoke(DelegatingMethodAccessorImpl.java:43)
	at java.lang.reflect.Method.invoke(Method.java:498)
	at org.apache.maven.surefire.util.ReflectionUtils.invokeMethodWithArray(ReflectionUtils.java:164)
	at org.apache.maven.surefire.booter.ProviderFactory$ProviderProxy.invoke(ProviderFactory.java:110)
	at org.apache.maven.surefire.booter.SurefireStarter.invokeProvider(SurefireStarter.java:175)
	at org.apache.maven.surefire.booter.SurefireStarter.runSuitesInProcessWhenForked(SurefireStarter.java:107)
	at org.apache.maven.surefire.booter.ForkedBooter.main(ForkedBooter.java:68)
</failure>
    <system-out>14:06:38.089 [main] INFO  - Starting test: testlocalvariabledecl_fct_local_variable_diff_names_ok()...
org.apache.commons.cli.CommandLine@341a8659
14:06:38.091 [main] DEBUG - Initialisation
14:06:38.091 [main] DEBUG - Input file set to C:\Users\jessi\Documents\b314-Jour-MonkeyIsland\target\test-classes\syntax\localvariabledecl\ok\fct_local_variable_diff_names.b314
14:06:38.092 [main] DEBUG - Output file set to C:\Users\jessi\AppData\Local\Temp\junit9020403693484753764\junit7088972670953246335.tmp
14:06:38.092 [main] DEBUG - Initialisation: done
jessica1
14:06:38.092 [main] DEBUG - Parsing input
/*

1

1,1,1

1,1,1,1,1
*/
declare and retain 
	b1 as boolean;
	b2 as boolean;
    i1 as integer; 
    i2 as integer; 
    v1 as boolean[5, 7];
    v2 as integer[42];
    
    fct1 as function():boolean
		declare local
			loc1 as integer;
			loc2 as boolean;
			loc3 as square;
			loc4 as integer[5];
    	do
    		set loc2 to true
    		set loc1 to 34
    		set fct1 to loc2 and loc1 &lt; 42
    	done 
	
when your turn 

	when false do
		next move west
	done

	when fct1() do
		next move north
	done

	by default do 
		next do nothing
	done&amp;#0;&amp;#0;&amp;#0;&amp;#0;&amp;#0;&amp;#0;&amp;#0;&amp;#0;&amp;#0;&amp;#0;&amp;#0;&amp;#0;&amp;#0;&amp;#0;&amp;#0;&amp;#0;&amp;#0;&amp;#0;&amp;#0;&amp;#0;&amp;#0;&amp;#0;&amp;#0;&amp;#0;&amp;#0;&amp;#0;&amp;#0;&amp;#0;&amp;#0;&amp;#0;&amp;#0;&amp;#0;&amp;#0;&amp;#0;&amp;#0;&amp;#0;&amp;#0;&amp;#0;&amp;#0;&amp;#0;&amp;#0;&amp;#0;&amp;#0;&amp;#0;&amp;#0;&amp;#0;&amp;#0;&amp;#0;&amp;#0;&amp;#0;&amp;#0;&amp;#0;&amp;#0;&amp;#0;&amp;#0;&amp;#0;&amp;#0;&amp;#0;&amp;#0;&amp;#0;&amp;#0;&amp;#0;&amp;#0;&amp;#0;&amp;#0;&amp;#0;&amp;#0;&amp;#0;&amp;#0;&amp;#0;&amp;#0;&amp;#0;&amp;#0;&amp;#0;&amp;#0;&amp;#0;&amp;#0;&amp;#0;&amp;#0;&amp;#0;&amp;#0;&amp;#0;&amp;#0;&amp;#0;&amp;#0;&amp;#0;&amp;#0;&amp;#0;&amp;#0;&amp;#0;&amp;#0;&amp;#0;&amp;#0;&amp;#0;&amp;#0;&amp;#0;&amp;#0;&amp;#0;&amp;#0;&amp;#0;&amp;#0;&amp;#0;&amp;#0;&amp;#0;&amp;#0;&amp;#0;&amp;#0;&amp;#0;&amp;#0;&amp;#0;&amp;#0;&amp;#0;&amp;#0;&amp;#0;&amp;#0;&amp;#0;&amp;#0;&amp;#0;&amp;#0;&amp;#0;&amp;#0;&amp;#0;&amp;#0;&amp;#0;&amp;#0;&amp;#0;&amp;#0;&amp;#0;&amp;#0;&amp;#0;&amp;#0;&amp;#0;&amp;#0;&amp;#0;&amp;#0;&amp;#0;&amp;#0;&amp;#0;&amp;#0;&amp;#0;&amp;#0;&amp;#0;&amp;#0;&amp;#0;&amp;#0;&amp;#0;&amp;#0;&amp;#0;&amp;#0;&amp;#0;&amp;#0;&amp;#0;&amp;#0;&amp;#0;&amp;#0;&amp;#0;&amp;#0;&amp;#0;&amp;#0;&amp;#0;&amp;#0;&amp;#0;&amp;#0;&amp;#0;&amp;#0;&amp;#0;&amp;#0;&amp;#0;&amp;#0;&amp;#0;&amp;#0;&amp;#0;&amp;#0;&amp;#0;&amp;#0;&amp;#0;&amp;#0;&amp;#0;&amp;#0;&amp;#0;&amp;#0;&amp;#0;&amp;#0;&amp;#0;&amp;#0;&amp;#0;&amp;#0;&amp;#0;&amp;#0;&amp;#0;&amp;#0;&amp;#0;&amp;#0;&amp;#0;&amp;#0;&amp;#0;&amp;#0;&amp;#0;&amp;#0;&amp;#0;&amp;#0;&amp;#0;&amp;#0;&amp;#0;&amp;#0;&amp;#0;&amp;#0;&amp;#0;&amp;#0;&amp;#0;&amp;#0;&amp;#0;&amp;#0;&amp;#0;&amp;#0;&amp;#0;&amp;#0;&amp;#0;&amp;#0;&amp;#0;&amp;#0;&amp;#0;&amp;#0;&amp;#0;&amp;#0;&amp;#0;&amp;#0;&amp;#0;&amp;#0;&amp;#0;&amp;#0;&amp;#0;&amp;#0;&amp;#0;&amp;#0;&amp;#0;&amp;#0;&amp;#0;&amp;#0;&amp;#0;&amp;#0;&amp;#0;&amp;#0;&amp;#0;&amp;#0;&amp;#0;&amp;#0;&amp;#0;&amp;#0;&amp;#0;&amp;#0;&amp;#0;&amp;#0;&amp;#0;&amp;#0;&amp;#0;&amp;#0;&amp;#0;&amp;#0;&amp;#0;&amp;#0;&amp;#0;&amp;#0;&amp;#0;&amp;#0;&amp;#0;&amp;#0;&amp;#0;&amp;#0;&amp;#0;&amp;#0;&amp;#0;&amp;#0;&amp;#0;&amp;#0;&amp;#0;&amp;#0;&amp;#0;&amp;#0;&amp;#0;&amp;#0;&amp;#0;&amp;#0;&amp;#0;&amp;#0;&amp;#0;&amp;#0;&amp;#0;&amp;#0;&amp;#0;&amp;#0;&amp;#0;&amp;#0;&amp;#0;&amp;#0;&amp;#0;&amp;#0;&amp;#0;&amp;#0;&amp;#0;&amp;#0;&amp;#0;&amp;#0;&amp;#0;&amp;#0;&amp;#0;&amp;#0;&amp;#0;&amp;#0;&amp;#0;&amp;#0;&amp;#0;&amp;#0;&amp;#0;&amp;#0;&amp;#0;&amp;#0;&amp;#0;&amp;#0;&amp;#0;&amp;#0;&amp;#0;&amp;#0;&amp;#0;&amp;#0;&amp;#0;&amp;#0;&amp;#0;&amp;#0;&amp;#0;&amp;#0;&amp;#0;&amp;#0;&amp;#0;&amp;#0;&amp;#0;&amp;#0;&amp;#0;&amp;#0;&amp;#0;&amp;#0;&amp;#0;&amp;#0;&amp;#0;&amp;#0;&amp;#0;&amp;#0;&amp;#0;&amp;#0;&amp;#0;&amp;#0;&amp;#0;&amp;#0;&amp;#0;&amp;#0;&amp;#0;&amp;#0;&amp;#0;&amp;#0;&amp;#0;&amp;#0;&amp;#0;&amp;#0;&amp;#0;&amp;#0;&amp;#0;&amp;#0;&amp;#0;&amp;#0;&amp;#0;&amp;#0;&amp;#0;&amp;#0;&amp;#0;&amp;#0;&amp;#0;&amp;#0;&amp;#0;&amp;#0;&amp;#0;&amp;#0;&amp;#0;&amp;#0;&amp;#0;&amp;#0;&amp;#0;&amp;#0;&amp;#0;&amp;#0;&amp;#0;&amp;#0;&amp;#0;&amp;#0;&amp;#0;&amp;#0;&amp;#0;&amp;#0;&amp;#0;&amp;#0;&amp;#0;&amp;#0;&amp;#0;&amp;#0;&amp;#0;&amp;#0;&amp;#0;&amp;#0;&amp;#0;&amp;#0;&amp;#0;&amp;#0;&amp;#0;&amp;#0;&amp;#0;&amp;#0;&amp;#0;&amp;#0;&amp;#0;&amp;#0;&amp;#0;&amp;#0;&amp;#0;&amp;#0;&amp;#0;&amp;#0;&amp;#0;&amp;#0;&amp;#0;&amp;#0;&amp;#0;&amp;#0;&amp;#0;&amp;#0;&amp;#0;&amp;#0;&amp;#0;&amp;#0;&amp;#0;&amp;#0;&amp;#0;&amp;#0;&amp;#0;&amp;#0;&amp;#0;&amp;#0;&amp;#0;&amp;#0;&amp;#0;&amp;#0;&amp;#0;&amp;#0;&amp;#0;&amp;#0;&amp;#0;&amp;#0;&amp;#0;&amp;#0;&amp;#0;&amp;#0;&amp;#0;&amp;#0;&amp;#0;&amp;#0;&amp;#0;&amp;#0;&amp;#0;&amp;#0;&amp;#0;&amp;#0;&amp;#0;&amp;#0;&amp;#0;&amp;#0;&amp;#0;&amp;#0;&amp;#0;&amp;#0;&amp;#0;&amp;#0;&amp;#0;&amp;#0;&amp;#0;&amp;#0;&amp;#0;&amp;#0;&amp;#0;&amp;#0;&amp;#0;&amp;#0;&amp;#0;&amp;#0;&amp;#0;&amp;#0;&amp;#0;&amp;#0;&amp;#0;&amp;#0;&amp;#0;&amp;#0;&amp;#0;&amp;#0;&amp;#0;&amp;#0;&amp;#0;&amp;#0;&amp;#0;&amp;#0;&amp;#0;&amp;#0;&amp;#0;&amp;#0;&amp;#0;&amp;#0;&amp;#0;&amp;#0;&amp;#0;&amp;#0;&amp;#0;&amp;#0;&amp;#0;&amp;#0;&amp;#0;&amp;#0;&amp;#0;&amp;#0;&amp;#0;&amp;#0;&amp;#0;&amp;#0;&amp;#0;&amp;#0;&amp;#0;&amp;#0;&amp;#0;&amp;#0;&amp;#0;&amp;#0;&amp;#0;&amp;#0;&amp;#0;&amp;#0;&amp;#0;&amp;#0;&amp;#0;&amp;#0;&amp;#0;&amp;#0;&amp;#0;&amp;#0;&amp;#0;&amp;#0;&amp;#0;&amp;#0;&amp;#0;&amp;#0;&amp;#0;&amp;#0;&amp;#0;&amp;#0;&amp;#0;&amp;#0;&amp;#0;&amp;#0;&amp;#0;&amp;#0;&amp;#0;&amp;#0;&amp;#0;&amp;#0;&amp;#0;&amp;#0;&amp;#0;&amp;#0;&amp;#0;&amp;#0;&amp;#0;&amp;#0;&amp;#0;&amp;#0;&amp;#0;&amp;#0;&amp;#0;&amp;#0;&amp;#0;&amp;#0;&amp;#0;&amp;#0;&amp;#0;&amp;#0;&amp;#0;&amp;#0;&amp;#0;&amp;#0;&amp;#0;&amp;#0;&amp;#0;&amp;#0;&amp;#0;&amp;#0;&amp;#0;&amp;#0;&amp;#0;&amp;#0;&amp;#0;&amp;#0;&amp;#0;&amp;#0;&amp;#0;&amp;#0;&amp;#0;&amp;#0;&amp;#0;&amp;#0;&amp;#0;&amp;#0;&amp;#0;&amp;#0;&amp;#0;&amp;#0;&amp;#0;&amp;#0;&amp;#0;&amp;#0;&amp;#0;&amp;#0;&amp;#0;&amp;#0;&amp;#0;&amp;#0;&amp;#0;&amp;#0;&amp;#0;&amp;#0;&amp;#0;&amp;#0;&amp;#0;&amp;#0;&amp;#0;&amp;#0;&amp;#0;&amp;#0;&amp;#0;&amp;#0;&amp;#0;&amp;#0;&amp;#0;&amp;#0;&amp;#0;&amp;#0;&amp;#0;&amp;#0;&amp;#0;&amp;#0;&amp;#0;&amp;#0;&amp;#0;&amp;#0;&amp;#0;&amp;#0;&amp;#0;&amp;#0;&amp;#0;&amp;#0;&amp;#0;&amp;#0;&amp;#0;&amp;#0;&amp;#0;&amp;#0;&amp;#0;&amp;#0;&amp;#0;&amp;#0;&amp;#0;&amp;#0;&amp;#0;&amp;#0;&amp;#0;&amp;#0;&amp;#0;&amp;#0;&amp;#0;&amp;#0;&amp;#0;&amp;#0;&amp;#0;&amp;#0;&amp;#0;&amp;#0;&amp;#0;&amp;#0;&amp;#0;&amp;#0;&amp;#0;&amp;#0;&amp;#0;&amp;#0;&amp;#0;&amp;#0;&amp;#0;&amp;#0;&amp;#0;&amp;#0;&amp;#0;&amp;#0;&amp;#0;&amp;#0;&amp;#0;&amp;#0;&amp;#0;&amp;#0;&amp;#0;&amp;#0;&amp;#0;&amp;#0;&amp;#0;&amp;#0;&amp;#0;&amp;#0;&amp;#0;&amp;#0;&amp;#0;&amp;#0;&amp;#0;&amp;#0;&amp;#0;&amp;#0;&amp;#0;&amp;#0;&amp;#0;&amp;#0;&amp;#0;&amp;#0;&amp;#0;&amp;#0;&amp;#0;&amp;#0;&amp;#0;&amp;#0;&amp;#0;&amp;#0;&amp;#0;&amp;#0;&amp;#0;&amp;#0;&amp;#0;&amp;#0;&amp;#0;&amp;#0;&amp;#0;&amp;#0;&amp;#0;&amp;#0;&amp;#0;&amp;#0;&amp;#0;&amp;#0;&amp;#0;&amp;#0;&amp;#0;&amp;#0;&amp;#0;&amp;#0;&amp;#0;&amp;#0;&amp;#0;&amp;#0;&amp;#0;&amp;#0;&amp;#0;&amp;#0;&amp;#0;&amp;#0;&amp;#0;&amp;#0;&amp;#0;&amp;#0;&amp;#0;&amp;#0;&amp;#0;&amp;#0;&amp;#0;&amp;#0;&amp;#0;&amp;#0;&amp;#0;&amp;#0;&amp;#0;&amp;#0;&amp;#0;&amp;#0;&amp;#0;&amp;#0;&amp;#0;&amp;#0;&amp;#0;&amp;#0;&amp;#0;&amp;#0;&amp;#0;&amp;#0;&amp;#0;&amp;#0;&amp;#0;&amp;#0;&amp;#0;&amp;#0;&amp;#0;&amp;#0;&amp;#0;&amp;#0;&amp;#0;&amp;#0;&amp;#0;&amp;#0;&amp;#0;&amp;#0;&amp;#0;&amp;#0;&amp;#0;&amp;#0;&amp;#0;&amp;#0;&amp;#0;&amp;#0;&amp;#0;&amp;#0;&amp;#0;&amp;#0;&amp;#0;&amp;#0;&amp;#0;&amp;#0;&amp;#0;&amp;#0;&amp;#0;&amp;#0;&amp;#0;&amp;#0;&amp;#0;&amp;#0;&amp;#0;&amp;#0;&amp;#0;&amp;#0;&amp;#0;&amp;#0;&amp;#0;&amp;#0;&amp;#0;&amp;#0;&amp;#0;&amp;#0;&amp;#0;&amp;#0;&amp;#0;&amp;#0;&amp;#0;&amp;#0;&amp;#0;&amp;#0;&amp;#0;&amp;#0;&amp;#0;&amp;#0;&amp;#0;&amp;#0;&amp;#0;&amp;#0;&amp;#0;&amp;#0;&amp;#0;&amp;#0;&amp;#0;&amp;#0;&amp;#0;&amp;#0;&amp;#0;&amp;#0;&amp;#0;&amp;#0;&amp;#0;&amp;#0;&amp;#0;&amp;#0;&amp;#0;&amp;#0;&amp;#0;&amp;#0;&amp;#0;&amp;#0;&amp;#0;&amp;#0;&amp;#0;&amp;#0;&amp;#0;&amp;#0;&amp;#0;&amp;#0;&amp;#0;&amp;#0;&amp;#0;&amp;#0;&amp;#0;&amp;#0;&amp;#0;&amp;#0;&amp;#0;&amp;#0;&amp;#0;&amp;#0;&amp;#0;&amp;#0;&amp;#0;&amp;#0;&amp;#0;&amp;#0;&amp;#0;&amp;#0;&amp;#0;&amp;#0;&amp;#0;&amp;#0;&amp;#0;&amp;#0;&amp;#0;&amp;#0;&amp;#0;&amp;#0;&amp;#0;&amp;#0;&amp;#0;&amp;#0;&amp;#0;&amp;#0;&amp;#0;&amp;#0;&amp;#0;&amp;#0;&amp;#0;&amp;#0;&amp;#0;&amp;#0;&amp;#0;&amp;#0;&amp;#0;&amp;#0;&amp;#0;&amp;#0;&amp;#0;&amp;#0;&amp;#0;&amp;#0;&amp;#0;&amp;#0;&amp;#0;&amp;#0;&amp;#0;&amp;#0;&amp;#0;&amp;#0;&amp;#0;&amp;#0;&amp;#0;&amp;#0;&amp;#0;&amp;#0;&amp;#0;&amp;#0;&amp;#0;&amp;#0;&amp;#0;&amp;#0;&amp;#0;&amp;#0;&amp;#0;&amp;#0;&amp;#0;&amp;#0;&amp;#0;&amp;#0;&amp;#0;&amp;#0;&amp;#0;&amp;#0;&amp;#0;&amp;#0;&amp;#0;&amp;#0;&amp;#0;&amp;#0;&amp;#0;&amp;#0;&amp;#0;&amp;#0;&amp;#0;&amp;#0;&amp;#0;&amp;#0;&amp;#0;&amp;#0;&amp;#0;&amp;#0;&amp;#0;&amp;#0;&amp;#0;&amp;#0;&amp;#0;&amp;#0;&amp;#0;&amp;#0;&amp;#0;&amp;#0;&amp;#0;&amp;#0;&amp;#0;&amp;#0;&amp;#0;&amp;#0;&amp;#0;&amp;#0;&amp;#0;&amp;#0;&amp;#0;&amp;#0;&amp;#0;&amp;#0;&amp;#0;&amp;#0;&amp;#0;&amp;#0;&amp;#0;&amp;#0;&amp;#0;&amp;#0;&amp;#0;&amp;#0;&amp;#0;&amp;#0;&amp;#0;&amp;#0;&amp;#0;&amp;#0;&amp;#0;&amp;#0;&amp;#0;&amp;#0;&amp;#0;&amp;#0;&amp;#0;&amp;#0;&amp;#0;&amp;#0;&amp;#0;&amp;#0;&amp;#0;&amp;#0;&amp;#0;&amp;#0;&amp;#0;&amp;#0;&amp;#0;&amp;#0;&amp;#0;&amp;#0;&amp;#0;&amp;#0;&amp;#0;&amp;#0;&amp;#0;&amp;#0;&amp;#0;&amp;#0;&amp;#0;&amp;#0;&amp;#0;&amp;#0;&amp;#0;&amp;#0;&amp;#0;&amp;#0;&amp;#0;&amp;#0;&amp;#0;&amp;#0;&amp;#0;&amp;#0;&amp;#0;&amp;#0;&amp;#0;&amp;#0;&amp;#0;&amp;#0;&amp;#0;&amp;#0;&amp;#0;&amp;#0;&amp;#0;&amp;#0;&amp;#0;&amp;#0;&amp;#0;&amp;#0;&amp;#0;&amp;#0;&amp;#0;&amp;#0;&amp;#0;&amp;#0;&amp;#0;&amp;#0;&amp;#0;&amp;#0;&amp;#0;&amp;#0;&amp;#0;&amp;#0;&amp;#0;&amp;#0;&amp;#0;&amp;#0;&amp;#0;&amp;#0;&amp;#0;&amp;#0;&amp;#0;&amp;#0;&amp;#0;&amp;#0;&amp;#0;&amp;#0;&amp;#0;&amp;#0;&amp;#0;&amp;#0;&amp;#0;&amp;#0;&amp;#0;&amp;#0;&amp;#0;&amp;#0;&amp;#0;&amp;#0;&amp;#0;&amp;#0;&amp;#0;&amp;#0;&amp;#0;&amp;#0;&amp;#0;&amp;#0;&amp;#0;&amp;#0;&amp;#0;&amp;#0;&amp;#0;&amp;#0;&amp;#0;&amp;#0;&amp;#0;&amp;#0;&amp;#0;&amp;#0;&amp;#0;&amp;#0;&amp;#0;&amp;#0;&amp;#0;&amp;#0;&amp;#0;&amp;#0;&amp;#0;&amp;#0;&amp;#0;&amp;#0;&amp;#0;&amp;#0;&amp;#0;&amp;#0;&amp;#0;&amp;#0;&amp;#0;&amp;#0;&amp;#0;&amp;#0;&amp;#0;&amp;#0;&amp;#0;&amp;#0;&amp;#0;&amp;#0;&amp;#0;&amp;#0;&amp;#0;&amp;#0;&amp;#0;&amp;#0;&amp;#0;&amp;#0;&amp;#0;&amp;#0;&amp;#0;&amp;#0;&amp;#0;&amp;#0;&amp;#0;&amp;#0;&amp;#0;&amp;#0;&amp;#0;&amp;#0;&amp;#0;&amp;#0;&amp;#0;&amp;#0;&amp;#0;&amp;#0;&amp;#0;&amp;#0;&amp;#0;&amp;#0;&amp;#0;&amp;#0;&amp;#0;&amp;#0;&amp;#0;&amp;#0;&amp;#0;&amp;#0;&amp;#0;&amp;#0;&amp;#0;&amp;#0;&amp;#0;&amp;#0;&amp;#0;&amp;#0;&amp;#0;&amp;#0;&amp;#0;&amp;#0;&amp;#0;&amp;#0;&amp;#0;&amp;#0;&amp;#0;&amp;#0;&amp;#0;&amp;#0;&amp;#0;&amp;#0;&amp;#0;&amp;#0;&amp;#0;&amp;#0;&amp;#0;&amp;#0;&amp;#0;&amp;#0;&amp;#0;&amp;#0;&amp;#0;&amp;#0;&amp;#0;&amp;#0;&amp;#0;&amp;#0;&amp;#0;&amp;#0;&amp;#0;&amp;#0;&amp;#0;&amp;#0;&amp;#0;&amp;#0;&amp;#0;&amp;#0;&amp;#0;&amp;#0;&amp;#0;&amp;#0;&amp;#0;&amp;#0;&amp;#0;&amp;#0;&amp;#0;&amp;#0;&amp;#0;&amp;#0;&amp;#0;&amp;#0;&amp;#0;&amp;#0;&amp;#0;&amp;#0;&amp;#0;&amp;#0;&amp;#0;&amp;#0;&amp;#0;&amp;#0;&amp;#0;&amp;#0;&amp;#0;&amp;#0;&amp;#0;&amp;#0;&amp;#0;&amp;#0;&amp;#0;&amp;#0;&amp;#0;&amp;#0;&amp;#0;&amp;#0;&amp;#0;&amp;#0;&amp;#0;&amp;#0;&amp;#0;&amp;#0;&amp;#0;&amp;#0;&amp;#0;&amp;#0;&amp;#0;&amp;#0;&amp;#0;&amp;#0;&amp;#0;&amp;#0;&amp;#0;&amp;#0;&amp;#0;&amp;#0;&amp;#0;&amp;#0;&amp;#0;&amp;#0;&amp;#0;&amp;#0;&amp;#0;&amp;#0;&amp;#0;&amp;#0;&amp;#0;&amp;#0;&amp;#0;&amp;#0;&amp;#0;&amp;#0;&amp;#0;&amp;#0;&amp;#0;&amp;#0;&amp;#0;&amp;#0;&amp;#0;&amp;#0;&amp;#0;&amp;#0;&amp;#0;&amp;#0;&amp;#0;&amp;#0;&amp;#0;&amp;#0;&amp;#0;&amp;#0;&amp;#0;&amp;#0;&amp;#0;&amp;#0;&amp;#0;&amp;#0;&amp;#0;&amp;#0;&amp;#0;&amp;#0;&amp;#0;&amp;#0;&amp;#0;&amp;#0;&amp;#0;&amp;#0;&amp;#0;&amp;#0;&amp;#0;&amp;#0;&amp;#0;&amp;#0;&amp;#0;&amp;#0;&amp;#0;&amp;#0;&amp;#0;&amp;#0;&amp;#0;&amp;#0;&amp;#0;&amp;#0;&amp;#0;&amp;#0;&amp;#0;&amp;#0;&amp;#0;&amp;#0;&amp;#0;&amp;#0;&amp;#0;&amp;#0;&amp;#0;&amp;#0;&amp;#0;&amp;#0;&amp;#0;&amp;#0;&amp;#0;&amp;#0;&amp;#0;&amp;#0;&amp;#0;&amp;#0;&amp;#0;&amp;#0;&amp;#0;&amp;#0;&amp;#0;&amp;#0;&amp;#0;&amp;#0;&amp;#0;&amp;#0;&amp;#0;&amp;#0;&amp;#0;&amp;#0;&amp;#0;&amp;#0;&amp;#0;&amp;#0;&amp;#0;&amp;#0;&amp;#0;&amp;#0;&amp;#0;&amp;#0;&amp;#0;&amp;#0;&amp;#0;&amp;#0;&amp;#0;&amp;#0;&amp;#0;&amp;#0;&amp;#0;&amp;#0;&amp;#0;&amp;#0;&amp;#0;&amp;#0;&amp;#0;&amp;#0;&amp;#0;&amp;#0;&amp;#0;&amp;#0;&amp;#0;&amp;#0;&amp;#0;&amp;#0;&amp;#0;&amp;#0;&amp;#0;&amp;#0;&amp;#0;&amp;#0;&amp;#0;&amp;#0;&amp;#0;&amp;#0;&amp;#0;&amp;#0;&amp;#0;&amp;#0;&amp;#0;&amp;#0;&amp;#0;&amp;#0;&amp;#0;&amp;#0;&amp;#0;&amp;#0;&amp;#0;&amp;#0;&amp;#0;&amp;#0;&amp;#0;&amp;#0;&amp;#0;&amp;#0;&amp;#0;&amp;#0;&amp;#0;&amp;#0;&amp;#0;&amp;#0;&amp;#0;&amp;#0;
14:06:38.093 [main] ERROR - Je passe ici ------------------------------------------------------
14:06:38.094 [main] ERROR - Exception occured during compilation!
java.util.MissingFormatArgumentException: Format specifier &apos;%s&apos;
	at java.util.Formatter.format(Formatter.java:2519) ~[?:1.8.0_91]
	at java.io.PrintWriter.format(PrintWriter.java:905) ~[?:1.8.0_91]
	at java.io.PrintWriter.printf(PrintWriter.java:804) ~[?:1.8.0_91]
	at be.unamur.info.b314.compiler.Visitor.PCodePrinter.printSetTo(PCodePrinter.java:78) ~[classes/:?]
	at be.unamur.info.b314.compiler.Visitor.PCodeVisitor.visitVarDecl(PCodeVisitor.java:625) ~[classes/:?]
	at be.unamur.info.b314.compiler.B314Parser$VarDeclContext.accept(B314Parser.java:405) ~[classes/:?]
	at be.unamur.info.b314.compiler.Visitor.PCodeVisitor.visitProgramme(PCodeVisitor.java:64) ~[classes/:?]
	at be.unamur.info.b314.compiler.B314Parser$ProgrammeContext.accept(B314Parser.java:4028) ~[classes/:?]
	at be.unamur.info.b314.compiler.main.Main.printPCode(Main.java:236) ~[classes/:?]
	at be.unamur.info.b314.compiler.main.Main.compile(Main.java:199) ~[classes/:?]
	at be.unamur.info.b314.compiler.main.Main.main(Main.java:79) [classes/:?]
	at be.unamur.info.b314.compiler.main.CompilerTestHelper.launchCompilation(CompilerTestHelper.java:35) [test-classes/:?]
	at be.unamur.info.b314.compiler.main.B314localvariabledeclSyntaxTest.testlocalvariabledecl_fct_local_variable_diff_names_ok(B314localvariabledeclSyntaxTest.java:49) [test-classes/:?]
	at sun.reflect.NativeMethodAccessorImpl.invoke0(Native Method) ~[?:1.8.0_91]
	at sun.reflect.NativeMethodAccessorImpl.invoke(NativeMethodAccessorImpl.java:62) ~[?:1.8.0_91]
	at sun.reflect.DelegatingMethodAccessorImpl.invoke(DelegatingMethodAccessorImpl.java:43) ~[?:1.8.0_91]
	at java.lang.reflect.Method.invoke(Method.java:498) ~[?:1.8.0_91]
	at org.junit.runners.model.FrameworkMethod$1.runReflectiveCall(FrameworkMethod.java:50) [junit-4.12.jar:4.12]
	at org.junit.internal.runners.model.ReflectiveCallable.run(ReflectiveCallable.java:12) [junit-4.12.jar:4.12]
	at org.junit.runners.model.FrameworkMethod.invokeExplosively(FrameworkMethod.java:47) [junit-4.12.jar:4.12]
	at org.junit.internal.runners.statements.InvokeMethod.evaluate(InvokeMethod.java:17) [junit-4.12.jar:4.12]
	at org.junit.rules.ExternalResource$1.evaluate(ExternalResource.java:48) [junit-4.12.jar:4.12]
	at org.junit.rules.TestWatcher$1.evaluate(TestWatcher.java:55) [junit-4.12.jar:4.12]
	at org.junit.rules.RunRules.evaluate(RunRules.java:20) [junit-4.12.jar:4.12]
	at org.junit.runners.ParentRunner.runLeaf(ParentRunner.java:325) [junit-4.12.jar:4.12]
	at org.junit.runners.BlockJUnit4ClassRunner.runChild(BlockJUnit4ClassRunner.java:78) [junit-4.12.jar:4.12]
	at org.junit.runners.BlockJUnit4ClassRunner.runChild(BlockJUnit4ClassRunner.java:57) [junit-4.12.jar:4.12]
	at org.junit.runners.ParentRunner$3.run(ParentRunner.java:290) [junit-4.12.jar:4.12]
	at org.junit.runners.ParentRunner$1.schedule(ParentRunner.java:71) [junit-4.12.jar:4.12]
	at org.junit.runners.ParentRunner.runChildren(ParentRunner.java:288) [junit-4.12.jar:4.12]
	at org.junit.runners.ParentRunner.access$000(ParentRunner.java:58) [junit-4.12.jar:4.12]
	at org.junit.runners.ParentRunner$2.evaluate(ParentRunner.java:268) [junit-4.12.jar:4.12]
	at org.junit.runners.ParentRunner.run(ParentRunner.java:363) [junit-4.12.jar:4.12]
	at org.apache.maven.surefire.junit4.JUnit4TestSet.execute(JUnit4TestSet.java:53) [surefire-junit4-2.10.jar:2.10]
	at org.apache.maven.surefire.junit4.JUnit4Provider.executeTestSet(JUnit4Provider.java:123) [surefire-junit4-2.10.jar:2.10]
	at org.apache.maven.surefire.junit4.JUnit4Provider.invoke(JUnit4Provider.java:104) [surefire-junit4-2.10.jar:2.10]
	at sun.reflect.NativeMethodAccessorImpl.invoke0(Native Method) ~[?:1.8.0_91]
	at sun.reflect.NativeMethodAccessorImpl.invoke(NativeMethodAccessorImpl.java:62) ~[?:1.8.0_91]
	at sun.reflect.DelegatingMethodAccessorImpl.invoke(DelegatingMethodAccessorImpl.java:43) ~[?:1.8.0_91]
	at java.lang.reflect.Method.invoke(Method.java:498) ~[?:1.8.0_91]
	at org.apache.maven.surefire.util.ReflectionUtils.invokeMethodWithArray(ReflectionUtils.java:164) [surefire-api-2.10.jar:2.10]
	at org.apache.maven.surefire.booter.ProviderFactory$ProviderProxy.invoke(ProviderFactory.java:110) [surefire-booter-2.10.jar:2.10]
	at org.apache.maven.surefire.booter.SurefireStarter.invokeProvider(SurefireStarter.java:175) [surefire-booter-2.10.jar:2.10]
	at org.apache.maven.surefire.booter.SurefireStarter.runSuitesInProcessWhenForked(SurefireStarter.java:107) [surefire-booter-2.10.jar:2.10]
	at org.apache.maven.surefire.booter.ForkedBooter.main(ForkedBooter.java:68) [surefire-booter-2.10.jar:2.10]
</system-out>
  </testcase>
  <testcase classname="be.unamur.info.b314.compiler.main.B314localvariabledeclSyntaxTest" name="testlocalvariabledecl_when_local_var_same_names_and_different_types_than_global_vars_ok" time="0.01">
    <failure message="localvariabledecl: when_local_var_same_names_and_different_types_than_global_vars
Expected: a string ending with &quot;OK\r\n&quot;
     but: was &quot;KO
&quot;" type="java.lang.AssertionError">java.lang.AssertionError: localvariabledecl: when_local_var_same_names_and_different_types_than_global_vars
Expected: a string ending with &quot;OK\r\n&quot;
     but: was &quot;KO
&quot;
	at org.hamcrest.MatcherAssert.assertThat(MatcherAssert.java:20)
	at org.junit.Assert.assertThat(Assert.java:956)
	at be.unamur.info.b314.compiler.main.CompilerTestHelper.launchCompilation(CompilerTestHelper.java:42)
	at be.unamur.info.b314.compiler.main.B314localvariabledeclSyntaxTest.testlocalvariabledecl_when_local_var_same_names_and_different_types_than_global_vars_ok(B314localvariabledeclSyntaxTest.java:74)
	at sun.reflect.NativeMethodAccessorImpl.invoke0(Native Method)
	at sun.reflect.NativeMethodAccessorImpl.invoke(NativeMethodAccessorImpl.java:62)
	at sun.reflect.DelegatingMethodAccessorImpl.invoke(DelegatingMethodAccessorImpl.java:43)
	at java.lang.reflect.Method.invoke(Method.java:498)
	at org.junit.runners.model.FrameworkMethod$1.runReflectiveCall(FrameworkMethod.java:50)
	at org.junit.internal.runners.model.ReflectiveCallable.run(ReflectiveCallable.java:12)
	at org.junit.runners.model.FrameworkMethod.invokeExplosively(FrameworkMethod.java:47)
	at org.junit.internal.runners.statements.InvokeMethod.evaluate(InvokeMethod.java:17)
	at org.junit.rules.ExternalResource$1.evaluate(ExternalResource.java:48)
	at org.junit.rules.TestWatcher$1.evaluate(TestWatcher.java:55)
	at org.junit.rules.RunRules.evaluate(RunRules.java:20)
	at org.junit.runners.ParentRunner.runLeaf(ParentRunner.java:325)
	at org.junit.runners.BlockJUnit4ClassRunner.runChild(BlockJUnit4ClassRunner.java:78)
	at org.junit.runners.BlockJUnit4ClassRunner.runChild(BlockJUnit4ClassRunner.java:57)
	at org.junit.runners.ParentRunner$3.run(ParentRunner.java:290)
	at org.junit.runners.ParentRunner$1.schedule(ParentRunner.java:71)
	at org.junit.runners.ParentRunner.runChildren(ParentRunner.java:288)
	at org.junit.runners.ParentRunner.access$000(ParentRunner.java:58)
	at org.junit.runners.ParentRunner$2.evaluate(ParentRunner.java:268)
	at org.junit.runners.ParentRunner.run(ParentRunner.java:363)
	at org.apache.maven.surefire.junit4.JUnit4TestSet.execute(JUnit4TestSet.java:53)
	at org.apache.maven.surefire.junit4.JUnit4Provider.executeTestSet(JUnit4Provider.java:123)
	at org.apache.maven.surefire.junit4.JUnit4Provider.invoke(JUnit4Provider.java:104)
	at sun.reflect.NativeMethodAccessorImpl.invoke0(Native Method)
	at sun.reflect.NativeMethodAccessorImpl.invoke(NativeMethodAccessorImpl.java:62)
	at sun.reflect.DelegatingMethodAccessorImpl.invoke(DelegatingMethodAccessorImpl.java:43)
	at java.lang.reflect.Method.invoke(Method.java:498)
	at org.apache.maven.surefire.util.ReflectionUtils.invokeMethodWithArray(ReflectionUtils.java:164)
	at org.apache.maven.surefire.booter.ProviderFactory$ProviderProxy.invoke(ProviderFactory.java:110)
	at org.apache.maven.surefire.booter.SurefireStarter.invokeProvider(SurefireStarter.java:175)
	at org.apache.maven.surefire.booter.SurefireStarter.runSuitesInProcessWhenForked(SurefireStarter.java:107)
	at org.apache.maven.surefire.booter.ForkedBooter.main(ForkedBooter.java:68)
</failure>
    <system-out>14:06:38.096 [main] INFO  - Starting test: testlocalvariabledecl_when_local_var_same_names_and_different_types_than_global_vars_ok()...
org.apache.commons.cli.CommandLine@5eefa415
14:06:38.098 [main] DEBUG - Initialisation
14:06:38.098 [main] DEBUG - Input file set to C:\Users\jessi\Documents\b314-Jour-MonkeyIsland\target\test-classes\syntax\localvariabledecl\ok\when_local_var_same_names_and_different_types_than_global_vars.b314
14:06:38.099 [main] DEBUG - Output file set to C:\Users\jessi\AppData\Local\Temp\junit1089419114444763408\junit5086999473116192578.tmp
14:06:38.099 [main] DEBUG - Initialisation: done
jessica1
14:06:38.099 [main] DEBUG - Parsing input
/* My comments */ 
declare and retain 
	b1 as boolean;
	b2 as boolean;
    i1 as integer; 
    i2 as integer;
    i3 as integer;
    s1 as square;
    s2 as square;
    v1 as boolean[5, 7];
    v2 as integer[42];

    fct1 as function():square
    	do
    		skip
    	done 

    fct2 as function(x as integer, y as boolean):integer
    	do
    		skip
    	done 

    fct3 as function():boolean
    	do
    		skip
    	done 

    fct4 as function():square
    	do
    		skip
    	done 

    fct5 as function(x as integer, y as boolean, z as square):integer
    	do
    		skip
    	done 
    	
when your turn 

	when true and b1 or v1[0, i1 + 2 * 5] do
		if b1 and i1 = 2 then
			while i1 &lt; i3 do
				set i2 to i1 + 1
			done
		else
			if s1 = ammo then
				next do nothing
			done
		done
	done 

	when false 
	declare local
		loc1 as integer;
		loc2 as boolean;
		loc3 as square;
		loc4 as integer[5];
		v1 as integer[42];
	do
		set v1[0] to 42
	done

	when not graal is north and i2 &gt; 5 and v2[4] &lt; 42 or s1 = dirt 
	declare local
		loc1 as integer;
		loc2 as boolean;
		loc3 as square;
		loc4 as integer[5];
	do
    	compute fct1()
    	set s1 to fct1()
    	if fct5(i1 + 2, s2 = ammo, ennemi) &gt; 2 then
    		skip
    	done
    	while fct3() do
    		skip
    	done
    	next move west
	done
	
	when true and false 
	    	declare local
    		loc1 as integer;
    		loc2 as boolean;
    		loc3 as square;
    		loc4 as integer[5];
    do
	    compute loc1 + 2 - loc4[0 + 1 - i1] = 5 and not loc2 or loc3 = dirt
    done
    
    by default 
	declare local
		loc1 as integer;
		loc2 as boolean;
		loc3 as square;
		loc4 as integer[5];
		b1 as integer;
		s1 as boolean;
	do 
		compute s1 and b1 = 42 or loc2 
	done&amp;#0;&amp;#0;&amp;#0;&amp;#0;&amp;#0;&amp;#0;&amp;#0;&amp;#0;&amp;#0;&amp;#0;&amp;#0;&amp;#0;&amp;#0;&amp;#0;&amp;#0;&amp;#0;&amp;#0;&amp;#0;&amp;#0;&amp;#0;&amp;#0;&amp;#0;&amp;#0;&amp;#0;&amp;#0;&amp;#0;&amp;#0;&amp;#0;&amp;#0;&amp;#0;&amp;#0;&amp;#0;&amp;#0;&amp;#0;&amp;#0;&amp;#0;&amp;#0;&amp;#0;&amp;#0;&amp;#0;&amp;#0;&amp;#0;&amp;#0;&amp;#0;&amp;#0;&amp;#0;&amp;#0;&amp;#0;&amp;#0;&amp;#0;&amp;#0;&amp;#0;&amp;#0;&amp;#0;&amp;#0;&amp;#0;&amp;#0;&amp;#0;&amp;#0;&amp;#0;&amp;#0;&amp;#0;&amp;#0;&amp;#0;&amp;#0;&amp;#0;&amp;#0;&amp;#0;&amp;#0;&amp;#0;&amp;#0;&amp;#0;&amp;#0;&amp;#0;&amp;#0;&amp;#0;&amp;#0;&amp;#0;&amp;#0;&amp;#0;&amp;#0;&amp;#0;&amp;#0;&amp;#0;&amp;#0;&amp;#0;&amp;#0;&amp;#0;&amp;#0;&amp;#0;&amp;#0;&amp;#0;&amp;#0;&amp;#0;&amp;#0;&amp;#0;&amp;#0;&amp;#0;&amp;#0;&amp;#0;&amp;#0;&amp;#0;&amp;#0;&amp;#0;&amp;#0;&amp;#0;&amp;#0;&amp;#0;&amp;#0;&amp;#0;&amp;#0;&amp;#0;&amp;#0;&amp;#0;&amp;#0;&amp;#0;&amp;#0;&amp;#0;&amp;#0;&amp;#0;&amp;#0;&amp;#0;&amp;#0;&amp;#0;&amp;#0;&amp;#0;&amp;#0;&amp;#0;&amp;#0;&amp;#0;&amp;#0;&amp;#0;&amp;#0;&amp;#0;&amp;#0;&amp;#0;&amp;#0;&amp;#0;&amp;#0;&amp;#0;&amp;#0;&amp;#0;&amp;#0;&amp;#0;&amp;#0;&amp;#0;&amp;#0;&amp;#0;&amp;#0;&amp;#0;&amp;#0;&amp;#0;&amp;#0;&amp;#0;&amp;#0;&amp;#0;&amp;#0;&amp;#0;&amp;#0;&amp;#0;&amp;#0;&amp;#0;&amp;#0;&amp;#0;&amp;#0;&amp;#0;&amp;#0;&amp;#0;&amp;#0;&amp;#0;&amp;#0;&amp;#0;&amp;#0;&amp;#0;&amp;#0;&amp;#0;&amp;#0;&amp;#0;&amp;#0;&amp;#0;&amp;#0;&amp;#0;&amp;#0;&amp;#0;&amp;#0;&amp;#0;&amp;#0;&amp;#0;&amp;#0;&amp;#0;&amp;#0;&amp;#0;&amp;#0;&amp;#0;&amp;#0;&amp;#0;&amp;#0;&amp;#0;&amp;#0;&amp;#0;&amp;#0;&amp;#0;&amp;#0;&amp;#0;&amp;#0;&amp;#0;&amp;#0;&amp;#0;&amp;#0;&amp;#0;&amp;#0;&amp;#0;&amp;#0;&amp;#0;&amp;#0;&amp;#0;&amp;#0;&amp;#0;&amp;#0;&amp;#0;&amp;#0;&amp;#0;&amp;#0;&amp;#0;&amp;#0;&amp;#0;&amp;#0;&amp;#0;&amp;#0;&amp;#0;&amp;#0;&amp;#0;&amp;#0;&amp;#0;&amp;#0;&amp;#0;&amp;#0;&amp;#0;&amp;#0;&amp;#0;&amp;#0;&amp;#0;&amp;#0;&amp;#0;&amp;#0;&amp;#0;&amp;#0;&amp;#0;&amp;#0;&amp;#0;&amp;#0;&amp;#0;&amp;#0;&amp;#0;&amp;#0;&amp;#0;&amp;#0;&amp;#0;&amp;#0;&amp;#0;&amp;#0;&amp;#0;&amp;#0;&amp;#0;&amp;#0;&amp;#0;&amp;#0;&amp;#0;&amp;#0;&amp;#0;&amp;#0;&amp;#0;&amp;#0;&amp;#0;&amp;#0;&amp;#0;&amp;#0;&amp;#0;&amp;#0;&amp;#0;&amp;#0;&amp;#0;&amp;#0;&amp;#0;&amp;#0;&amp;#0;&amp;#0;&amp;#0;&amp;#0;&amp;#0;&amp;#0;&amp;#0;&amp;#0;&amp;#0;&amp;#0;&amp;#0;&amp;#0;&amp;#0;&amp;#0;&amp;#0;&amp;#0;&amp;#0;&amp;#0;&amp;#0;&amp;#0;&amp;#0;&amp;#0;&amp;#0;&amp;#0;&amp;#0;&amp;#0;&amp;#0;&amp;#0;&amp;#0;&amp;#0;&amp;#0;&amp;#0;&amp;#0;&amp;#0;&amp;#0;&amp;#0;&amp;#0;&amp;#0;&amp;#0;&amp;#0;&amp;#0;&amp;#0;&amp;#0;&amp;#0;&amp;#0;&amp;#0;&amp;#0;&amp;#0;&amp;#0;&amp;#0;&amp;#0;&amp;#0;&amp;#0;&amp;#0;&amp;#0;&amp;#0;&amp;#0;&amp;#0;&amp;#0;&amp;#0;&amp;#0;&amp;#0;&amp;#0;&amp;#0;&amp;#0;&amp;#0;&amp;#0;&amp;#0;&amp;#0;&amp;#0;&amp;#0;&amp;#0;&amp;#0;&amp;#0;&amp;#0;&amp;#0;&amp;#0;&amp;#0;&amp;#0;&amp;#0;&amp;#0;&amp;#0;&amp;#0;&amp;#0;&amp;#0;&amp;#0;&amp;#0;&amp;#0;&amp;#0;&amp;#0;&amp;#0;&amp;#0;&amp;#0;&amp;#0;&amp;#0;&amp;#0;&amp;#0;&amp;#0;&amp;#0;&amp;#0;&amp;#0;&amp;#0;&amp;#0;&amp;#0;&amp;#0;&amp;#0;&amp;#0;&amp;#0;&amp;#0;&amp;#0;&amp;#0;&amp;#0;&amp;#0;&amp;#0;&amp;#0;&amp;#0;&amp;#0;&amp;#0;&amp;#0;&amp;#0;&amp;#0;&amp;#0;&amp;#0;&amp;#0;&amp;#0;&amp;#0;&amp;#0;&amp;#0;&amp;#0;&amp;#0;&amp;#0;&amp;#0;&amp;#0;&amp;#0;&amp;#0;&amp;#0;&amp;#0;&amp;#0;&amp;#0;&amp;#0;&amp;#0;&amp;#0;&amp;#0;&amp;#0;&amp;#0;&amp;#0;&amp;#0;&amp;#0;&amp;#0;&amp;#0;&amp;#0;&amp;#0;&amp;#0;&amp;#0;&amp;#0;&amp;#0;&amp;#0;&amp;#0;&amp;#0;&amp;#0;&amp;#0;&amp;#0;&amp;#0;&amp;#0;&amp;#0;&amp;#0;&amp;#0;&amp;#0;&amp;#0;&amp;#0;&amp;#0;&amp;#0;&amp;#0;&amp;#0;&amp;#0;&amp;#0;&amp;#0;&amp;#0;&amp;#0;&amp;#0;&amp;#0;&amp;#0;&amp;#0;&amp;#0;&amp;#0;&amp;#0;&amp;#0;&amp;#0;&amp;#0;&amp;#0;&amp;#0;&amp;#0;&amp;#0;&amp;#0;&amp;#0;&amp;#0;&amp;#0;&amp;#0;&amp;#0;&amp;#0;&amp;#0;&amp;#0;&amp;#0;&amp;#0;&amp;#0;&amp;#0;&amp;#0;&amp;#0;&amp;#0;&amp;#0;&amp;#0;&amp;#0;&amp;#0;&amp;#0;&amp;#0;&amp;#0;&amp;#0;&amp;#0;&amp;#0;&amp;#0;&amp;#0;&amp;#0;&amp;#0;&amp;#0;&amp;#0;&amp;#0;&amp;#0;&amp;#0;&amp;#0;&amp;#0;&amp;#0;&amp;#0;&amp;#0;&amp;#0;&amp;#0;&amp;#0;&amp;#0;&amp;#0;&amp;#0;&amp;#0;&amp;#0;&amp;#0;&amp;#0;&amp;#0;&amp;#0;&amp;#0;&amp;#0;&amp;#0;&amp;#0;&amp;#0;&amp;#0;&amp;#0;&amp;#0;&amp;#0;&amp;#0;&amp;#0;&amp;#0;&amp;#0;&amp;#0;&amp;#0;&amp;#0;&amp;#0;&amp;#0;&amp;#0;&amp;#0;&amp;#0;&amp;#0;&amp;#0;&amp;#0;&amp;#0;&amp;#0;&amp;#0;&amp;#0;&amp;#0;&amp;#0;&amp;#0;&amp;#0;&amp;#0;&amp;#0;&amp;#0;&amp;#0;&amp;#0;&amp;#0;&amp;#0;&amp;#0;&amp;#0;&amp;#0;&amp;#0;&amp;#0;&amp;#0;&amp;#0;&amp;#0;&amp;#0;&amp;#0;&amp;#0;&amp;#0;&amp;#0;&amp;#0;&amp;#0;&amp;#0;&amp;#0;&amp;#0;&amp;#0;&amp;#0;&amp;#0;&amp;#0;&amp;#0;&amp;#0;&amp;#0;&amp;#0;&amp;#0;&amp;#0;&amp;#0;&amp;#0;&amp;#0;&amp;#0;&amp;#0;&amp;#0;&amp;#0;&amp;#0;&amp;#0;&amp;#0;&amp;#0;&amp;#0;&amp;#0;&amp;#0;&amp;#0;&amp;#0;&amp;#0;&amp;#0;&amp;#0;&amp;#0;&amp;#0;&amp;#0;&amp;#0;&amp;#0;&amp;#0;&amp;#0;&amp;#0;&amp;#0;&amp;#0;&amp;#0;&amp;#0;&amp;#0;&amp;#0;&amp;#0;&amp;#0;&amp;#0;&amp;#0;&amp;#0;&amp;#0;&amp;#0;&amp;#0;&amp;#0;&amp;#0;&amp;#0;&amp;#0;&amp;#0;&amp;#0;&amp;#0;&amp;#0;&amp;#0;&amp;#0;&amp;#0;&amp;#0;&amp;#0;&amp;#0;&amp;#0;&amp;#0;&amp;#0;&amp;#0;&amp;#0;&amp;#0;&amp;#0;&amp;#0;&amp;#0;&amp;#0;&amp;#0;&amp;#0;&amp;#0;&amp;#0;&amp;#0;&amp;#0;&amp;#0;&amp;#0;&amp;#0;&amp;#0;&amp;#0;&amp;#0;&amp;#0;&amp;#0;&amp;#0;&amp;#0;&amp;#0;&amp;#0;&amp;#0;&amp;#0;&amp;#0;&amp;#0;&amp;#0;&amp;#0;&amp;#0;&amp;#0;&amp;#0;&amp;#0;&amp;#0;&amp;#0;&amp;#0;&amp;#0;&amp;#0;&amp;#0;&amp;#0;&amp;#0;&amp;#0;&amp;#0;&amp;#0;&amp;#0;&amp;#0;&amp;#0;&amp;#0;&amp;#0;&amp;#0;&amp;#0;&amp;#0;&amp;#0;&amp;#0;&amp;#0;&amp;#0;&amp;#0;&amp;#0;&amp;#0;&amp;#0;&amp;#0;&amp;#0;&amp;#0;&amp;#0;&amp;#0;&amp;#0;&amp;#0;&amp;#0;&amp;#0;&amp;#0;&amp;#0;&amp;#0;&amp;#0;&amp;#0;&amp;#0;&amp;#0;&amp;#0;&amp;#0;&amp;#0;&amp;#0;&amp;#0;&amp;#0;&amp;#0;&amp;#0;&amp;#0;&amp;#0;&amp;#0;&amp;#0;&amp;#0;&amp;#0;&amp;#0;&amp;#0;&amp;#0;&amp;#0;&amp;#0;&amp;#0;&amp;#0;&amp;#0;&amp;#0;&amp;#0;&amp;#0;&amp;#0;&amp;#0;&amp;#0;&amp;#0;&amp;#0;&amp;#0;&amp;#0;&amp;#0;&amp;#0;&amp;#0;&amp;#0;&amp;#0;&amp;#0;&amp;#0;&amp;#0;&amp;#0;&amp;#0;&amp;#0;&amp;#0;&amp;#0;&amp;#0;&amp;#0;&amp;#0;&amp;#0;&amp;#0;&amp;#0;&amp;#0;&amp;#0;&amp;#0;&amp;#0;&amp;#0;&amp;#0;&amp;#0;&amp;#0;&amp;#0;&amp;#0;&amp;#0;&amp;#0;&amp;#0;&amp;#0;&amp;#0;&amp;#0;&amp;#0;&amp;#0;&amp;#0;&amp;#0;&amp;#0;&amp;#0;&amp;#0;&amp;#0;&amp;#0;&amp;#0;&amp;#0;&amp;#0;&amp;#0;&amp;#0;&amp;#0;&amp;#0;&amp;#0;&amp;#0;&amp;#0;&amp;#0;&amp;#0;&amp;#0;&amp;#0;&amp;#0;&amp;#0;&amp;#0;&amp;#0;&amp;#0;&amp;#0;&amp;#0;&amp;#0;&amp;#0;&amp;#0;&amp;#0;&amp;#0;&amp;#0;&amp;#0;&amp;#0;&amp;#0;&amp;#0;&amp;#0;&amp;#0;&amp;#0;&amp;#0;&amp;#0;&amp;#0;&amp;#0;&amp;#0;&amp;#0;&amp;#0;&amp;#0;&amp;#0;&amp;#0;&amp;#0;&amp;#0;&amp;#0;&amp;#0;&amp;#0;&amp;#0;&amp;#0;&amp;#0;&amp;#0;&amp;#0;&amp;#0;&amp;#0;&amp;#0;&amp;#0;&amp;#0;&amp;#0;&amp;#0;&amp;#0;&amp;#0;&amp;#0;&amp;#0;&amp;#0;&amp;#0;&amp;#0;&amp;#0;&amp;#0;&amp;#0;&amp;#0;&amp;#0;&amp;#0;&amp;#0;&amp;#0;&amp;#0;&amp;#0;&amp;#0;&amp;#0;&amp;#0;&amp;#0;&amp;#0;&amp;#0;&amp;#0;&amp;#0;&amp;#0;&amp;#0;&amp;#0;&amp;#0;&amp;#0;&amp;#0;&amp;#0;&amp;#0;&amp;#0;&amp;#0;&amp;#0;&amp;#0;&amp;#0;&amp;#0;&amp;#0;&amp;#0;&amp;#0;&amp;#0;&amp;#0;&amp;#0;&amp;#0;&amp;#0;&amp;#0;&amp;#0;&amp;#0;&amp;#0;&amp;#0;&amp;#0;&amp;#0;&amp;#0;&amp;#0;&amp;#0;&amp;#0;&amp;#0;&amp;#0;&amp;#0;&amp;#0;&amp;#0;&amp;#0;&amp;#0;&amp;#0;&amp;#0;&amp;#0;&amp;#0;&amp;#0;&amp;#0;&amp;#0;&amp;#0;&amp;#0;&amp;#0;&amp;#0;&amp;#0;&amp;#0;&amp;#0;&amp;#0;&amp;#0;&amp;#0;&amp;#0;&amp;#0;&amp;#0;&amp;#0;&amp;#0;&amp;#0;&amp;#0;&amp;#0;&amp;#0;&amp;#0;&amp;#0;&amp;#0;&amp;#0;&amp;#0;&amp;#0;&amp;#0;&amp;#0;&amp;#0;&amp;#0;&amp;#0;&amp;#0;&amp;#0;&amp;#0;&amp;#0;&amp;#0;&amp;#0;&amp;#0;&amp;#0;&amp;#0;&amp;#0;&amp;#0;&amp;#0;&amp;#0;&amp;#0;&amp;#0;&amp;#0;&amp;#0;&amp;#0;&amp;#0;&amp;#0;&amp;#0;&amp;#0;&amp;#0;&amp;#0;&amp;#0;&amp;#0;&amp;#0;&amp;#0;&amp;#0;&amp;#0;&amp;#0;&amp;#0;&amp;#0;&amp;#0;&amp;#0;&amp;#0;&amp;#0;&amp;#0;&amp;#0;&amp;#0;&amp;#0;&amp;#0;&amp;#0;&amp;#0;&amp;#0;&amp;#0;&amp;#0;&amp;#0;&amp;#0;&amp;#0;&amp;#0;&amp;#0;&amp;#0;&amp;#0;&amp;#0;&amp;#0;&amp;#0;&amp;#0;&amp;#0;&amp;#0;&amp;#0;&amp;#0;&amp;#0;&amp;#0;&amp;#0;&amp;#0;&amp;#0;&amp;#0;&amp;#0;&amp;#0;&amp;#0;&amp;#0;&amp;#0;&amp;#0;&amp;#0;&amp;#0;&amp;#0;&amp;#0;&amp;#0;&amp;#0;&amp;#0;&amp;#0;&amp;#0;&amp;#0;&amp;#0;&amp;#0;&amp;#0;&amp;#0;&amp;#0;&amp;#0;&amp;#0;&amp;#0;&amp;#0;&amp;#0;&amp;#0;&amp;#0;&amp;#0;&amp;#0;&amp;#0;&amp;#0;&amp;#0;&amp;#0;&amp;#0;&amp;#0;&amp;#0;&amp;#0;&amp;#0;&amp;#0;&amp;#0;&amp;#0;&amp;#0;&amp;#0;&amp;#0;&amp;#0;&amp;#0;&amp;#0;&amp;#0;&amp;#0;&amp;#0;&amp;#0;&amp;#0;&amp;#0;&amp;#0;&amp;#0;&amp;#0;&amp;#0;&amp;#0;&amp;#0;&amp;#0;&amp;#0;&amp;#0;&amp;#0;&amp;#0;&amp;#0;&amp;#0;&amp;#0;&amp;#0;&amp;#0;&amp;#0;&amp;#0;&amp;#0;&amp;#0;&amp;#0;&amp;#0;&amp;#0;&amp;#0;&amp;#0;&amp;#0;&amp;#0;&amp;#0;&amp;#0;&amp;#0;&amp;#0;&amp;#0;&amp;#0;&amp;#0;&amp;#0;&amp;#0;&amp;#0;&amp;#0;&amp;#0;&amp;#0;&amp;#0;&amp;#0;&amp;#0;&amp;#0;&amp;#0;&amp;#0;&amp;#0;&amp;#0;&amp;#0;&amp;#0;&amp;#0;&amp;#0;&amp;#0;&amp;#0;&amp;#0;&amp;#0;&amp;#0;&amp;#0;&amp;#0;&amp;#0;&amp;#0;&amp;#0;&amp;#0;&amp;#0;&amp;#0;&amp;#0;&amp;#0;&amp;#0;&amp;#0;&amp;#0;&amp;#0;&amp;#0;&amp;#0;&amp;#0;&amp;#0;&amp;#0;&amp;#0;&amp;#0;&amp;#0;&amp;#0;&amp;#0;&amp;#0;&amp;#0;&amp;#0;&amp;#0;&amp;#0;&amp;#0;&amp;#0;&amp;#0;&amp;#0;&amp;#0;&amp;#0;&amp;#0;&amp;#0;&amp;#0;&amp;#0;&amp;#0;&amp;#0;&amp;#0;&amp;#0;&amp;#0;&amp;#0;&amp;#0;&amp;#0;&amp;#0;&amp;#0;&amp;#0;&amp;#0;&amp;#0;&amp;#0;&amp;#0;&amp;#0;&amp;#0;&amp;#0;&amp;#0;&amp;#0;&amp;#0;&amp;#0;&amp;#0;&amp;#0;&amp;#0;&amp;#0;&amp;#0;&amp;#0;&amp;#0;&amp;#0;&amp;#0;&amp;#0;&amp;#0;&amp;#0;&amp;#0;&amp;#0;&amp;#0;&amp;#0;&amp;#0;&amp;#0;&amp;#0;&amp;#0;&amp;#0;&amp;#0;&amp;#0;&amp;#0;&amp;#0;&amp;#0;&amp;#0;&amp;#0;&amp;#0;&amp;#0;&amp;#0;&amp;#0;&amp;#0;&amp;#0;&amp;#0;&amp;#0;&amp;#0;&amp;#0;&amp;#0;&amp;#0;&amp;#0;&amp;#0;&amp;#0;&amp;#0;&amp;#0;&amp;#0;&amp;#0;&amp;#0;&amp;#0;&amp;#0;&amp;#0;&amp;#0;&amp;#0;&amp;#0;&amp;#0;&amp;#0;&amp;#0;&amp;#0;&amp;#0;&amp;#0;&amp;#0;&amp;#0;&amp;#0;&amp;#0;&amp;#0;&amp;#0;&amp;#0;&amp;#0;&amp;#0;&amp;#0;&amp;#0;&amp;#0;&amp;#0;&amp;#0;&amp;#0;&amp;#0;&amp;#0;&amp;#0;&amp;#0;&amp;#0;&amp;#0;&amp;#0;&amp;#0;&amp;#0;&amp;#0;&amp;#0;&amp;#0;&amp;#0;&amp;#0;&amp;#0;&amp;#0;&amp;#0;&amp;#0;&amp;#0;&amp;#0;&amp;#0;&amp;#0;&amp;#0;&amp;#0;&amp;#0;&amp;#0;&amp;#0;&amp;#0;&amp;#0;&amp;#0;&amp;#0;&amp;#0;&amp;#0;&amp;#0;&amp;#0;&amp;#0;&amp;#0;&amp;#0;&amp;#0;&amp;#0;&amp;#0;&amp;#0;&amp;#0;&amp;#0;&amp;#0;&amp;#0;&amp;#0;&amp;#0;&amp;#0;&amp;#0;&amp;#0;&amp;#0;&amp;#0;&amp;#0;&amp;#0;&amp;#0;&amp;#0;&amp;#0;&amp;#0;&amp;#0;&amp;#0;&amp;#0;&amp;#0;&amp;#0;&amp;#0;&amp;#0;&amp;#0;&amp;#0;&amp;#0;&amp;#0;&amp;#0;&amp;#0;&amp;#0;&amp;#0;&amp;#0;&amp;#0;&amp;#0;&amp;#0;&amp;#0;&amp;#0;&amp;#0;&amp;#0;&amp;#0;&amp;#0;&amp;#0;&amp;#0;&amp;#0;&amp;#0;&amp;#0;&amp;#0;&amp;#0;&amp;#0;&amp;#0;&amp;#0;&amp;#0;&amp;#0;&amp;#0;&amp;#0;&amp;#0;&amp;#0;&amp;#0;&amp;#0;&amp;#0;&amp;#0;&amp;#0;&amp;#0;&amp;#0;&amp;#0;&amp;#0;&amp;#0;&amp;#0;&amp;#0;&amp;#0;&amp;#0;&amp;#0;&amp;#0;&amp;#0;&amp;#0;&amp;#0;&amp;#0;&amp;#0;&amp;#0;&amp;#0;&amp;#0;&amp;#0;&amp;#0;&amp;#0;&amp;#0;&amp;#0;&amp;#0;&amp;#0;&amp;#0;&amp;#0;&amp;#0;&amp;#0;&amp;#0;&amp;#0;&amp;#0;&amp;#0;&amp;#0;&amp;#0;&amp;#0;&amp;#0;&amp;#0;&amp;#0;&amp;#0;&amp;#0;&amp;#0;&amp;#0;&amp;#0;&amp;#0;&amp;#0;&amp;#0;&amp;#0;&amp;#0;&amp;#0;&amp;#0;&amp;#0;&amp;#0;&amp;#0;&amp;#0;&amp;#0;&amp;#0;&amp;#0;&amp;#0;&amp;#0;&amp;#0;&amp;#0;&amp;#0;&amp;#0;&amp;#0;&amp;#0;&amp;#0;&amp;#0;&amp;#0;&amp;#0;&amp;#0;&amp;#0;&amp;#0;&amp;#0;&amp;#0;&amp;#0;&amp;#0;&amp;#0;&amp;#0;&amp;#0;&amp;#0;&amp;#0;&amp;#0;&amp;#0;&amp;#0;&amp;#0;&amp;#0;&amp;#0;&amp;#0;&amp;#0;&amp;#0;&amp;#0;&amp;#0;&amp;#0;&amp;#0;&amp;#0;&amp;#0;&amp;#0;&amp;#0;&amp;#0;&amp;#0;&amp;#0;&amp;#0;&amp;#0;&amp;#0;&amp;#0;&amp;#0;&amp;#0;&amp;#0;&amp;#0;&amp;#0;&amp;#0;&amp;#0;&amp;#0;&amp;#0;&amp;#0;&amp;#0;&amp;#0;&amp;#0;&amp;#0;&amp;#0;&amp;#0;&amp;#0;&amp;#0;&amp;#0;&amp;#0;&amp;#0;&amp;#0;&amp;#0;&amp;#0;&amp;#0;&amp;#0;&amp;#0;&amp;#0;&amp;#0;&amp;#0;&amp;#0;&amp;#0;&amp;#0;&amp;#0;&amp;#0;&amp;#0;&amp;#0;&amp;#0;&amp;#0;&amp;#0;&amp;#0;&amp;#0;&amp;#0;&amp;#0;&amp;#0;&amp;#0;&amp;#0;&amp;#0;&amp;#0;&amp;#0;&amp;#0;&amp;#0;&amp;#0;&amp;#0;&amp;#0;&amp;#0;&amp;#0;&amp;#0;&amp;#0;&amp;#0;&amp;#0;&amp;#0;&amp;#0;&amp;#0;&amp;#0;&amp;#0;&amp;#0;&amp;#0;&amp;#0;&amp;#0;&amp;#0;&amp;#0;&amp;#0;&amp;#0;&amp;#0;&amp;#0;&amp;#0;&amp;#0;&amp;#0;&amp;#0;&amp;#0;&amp;#0;&amp;#0;&amp;#0;&amp;#0;&amp;#0;&amp;#0;&amp;#0;&amp;#0;&amp;#0;&amp;#0;&amp;#0;&amp;#0;&amp;#0;&amp;#0;&amp;#0;&amp;#0;&amp;#0;&amp;#0;&amp;#0;&amp;#0;&amp;#0;&amp;#0;&amp;#0;&amp;#0;&amp;#0;&amp;#0;&amp;#0;&amp;#0;&amp;#0;&amp;#0;&amp;#0;&amp;#0;&amp;#0;&amp;#0;&amp;#0;&amp;#0;&amp;#0;&amp;#0;&amp;#0;&amp;#0;&amp;#0;&amp;#0;&amp;#0;&amp;#0;&amp;#0;&amp;#0;&amp;#0;&amp;#0;&amp;#0;&amp;#0;&amp;#0;&amp;#0;&amp;#0;&amp;#0;&amp;#0;&amp;#0;&amp;#0;&amp;#0;&amp;#0;&amp;#0;&amp;#0;&amp;#0;&amp;#0;&amp;#0;&amp;#0;&amp;#0;&amp;#0;&amp;#0;&amp;#0;&amp;#0;&amp;#0;&amp;#0;&amp;#0;&amp;#0;&amp;#0;&amp;#0;&amp;#0;&amp;#0;&amp;#0;&amp;#0;&amp;#0;&amp;#0;&amp;#0;&amp;#0;&amp;#0;&amp;#0;&amp;#0;&amp;#0;&amp;#0;&amp;#0;&amp;#0;&amp;#0;&amp;#0;&amp;#0;&amp;#0;&amp;#0;&amp;#0;&amp;#0;&amp;#0;&amp;#0;&amp;#0;&amp;#0;&amp;#0;&amp;#0;&amp;#0;&amp;#0;&amp;#0;&amp;#0;&amp;#0;&amp;#0;&amp;#0;&amp;#0;&amp;#0;&amp;#0;&amp;#0;&amp;#0;&amp;#0;&amp;#0;&amp;#0;&amp;#0;&amp;#0;&amp;#0;&amp;#0;&amp;#0;&amp;#0;&amp;#0;&amp;#0;&amp;#0;&amp;#0;&amp;#0;&amp;#0;&amp;#0;&amp;#0;&amp;#0;&amp;#0;&amp;#0;&amp;#0;&amp;#0;&amp;#0;&amp;#0;&amp;#0;&amp;#0;&amp;#0;&amp;#0;&amp;#0;&amp;#0;&amp;#0;&amp;#0;&amp;#0;&amp;#0;&amp;#0;&amp;#0;&amp;#0;&amp;#0;&amp;#0;&amp;#0;&amp;#0;&amp;#0;&amp;#0;&amp;#0;&amp;#0;&amp;#0;&amp;#0;&amp;#0;&amp;#0;&amp;#0;&amp;#0;&amp;#0;&amp;#0;&amp;#0;&amp;#0;&amp;#0;&amp;#0;&amp;#0;&amp;#0;&amp;#0;&amp;#0;&amp;#0;&amp;#0;&amp;#0;&amp;#0;&amp;#0;&amp;#0;&amp;#0;&amp;#0;&amp;#0;&amp;#0;&amp;#0;&amp;#0;&amp;#0;&amp;#0;&amp;#0;&amp;#0;&amp;#0;&amp;#0;&amp;#0;&amp;#0;&amp;#0;&amp;#0;&amp;#0;&amp;#0;&amp;#0;&amp;#0;&amp;#0;&amp;#0;&amp;#0;&amp;#0;&amp;#0;&amp;#0;&amp;#0;&amp;#0;&amp;#0;&amp;#0;&amp;#0;&amp;#0;&amp;#0;&amp;#0;&amp;#0;&amp;#0;&amp;#0;&amp;#0;&amp;#0;&amp;#0;&amp;#0;&amp;#0;&amp;#0;&amp;#0;&amp;#0;&amp;#0;&amp;#0;&amp;#0;&amp;#0;&amp;#0;&amp;#0;&amp;#0;&amp;#0;&amp;#0;&amp;#0;&amp;#0;&amp;#0;&amp;#0;&amp;#0;&amp;#0;&amp;#0;&amp;#0;&amp;#0;&amp;#0;&amp;#0;&amp;#0;&amp;#0;&amp;#0;&amp;#0;&amp;#0;&amp;#0;&amp;#0;&amp;#0;&amp;#0;&amp;#0;&amp;#0;&amp;#0;&amp;#0;&amp;#0;&amp;#0;&amp;#0;&amp;#0;&amp;#0;&amp;#0;&amp;#0;&amp;#0;&amp;#0;&amp;#0;&amp;#0;&amp;#0;&amp;#0;&amp;#0;&amp;#0;&amp;#0;&amp;#0;&amp;#0;&amp;#0;&amp;#0;&amp;#0;&amp;#0;&amp;#0;&amp;#0;&amp;#0;&amp;#0;&amp;#0;&amp;#0;&amp;#0;&amp;#0;&amp;#0;&amp;#0;&amp;#0;&amp;#0;&amp;#0;&amp;#0;&amp;#0;&amp;#0;&amp;#0;&amp;#0;&amp;#0;&amp;#0;&amp;#0;&amp;#0;&amp;#0;&amp;#0;&amp;#0;&amp;#0;&amp;#0;&amp;#0;&amp;#0;&amp;#0;&amp;#0;&amp;#0;&amp;#0;&amp;#0;&amp;#0;&amp;#0;&amp;#0;&amp;#0;&amp;#0;&amp;#0;&amp;#0;&amp;#0;&amp;#0;&amp;#0;&amp;#0;&amp;#0;&amp;#0;&amp;#0;&amp;#0;&amp;#0;&amp;#0;&amp;#0;&amp;#0;&amp;#0;&amp;#0;&amp;#0;&amp;#0;&amp;#0;&amp;#0;&amp;#0;&amp;#0;&amp;#0;&amp;#0;&amp;#0;&amp;#0;&amp;#0;&amp;#0;&amp;#0;&amp;#0;&amp;#0;&amp;#0;&amp;#0;&amp;#0;&amp;#0;&amp;#0;&amp;#0;&amp;#0;&amp;#0;&amp;#0;&amp;#0;&amp;#0;&amp;#0;&amp;#0;&amp;#0;&amp;#0;&amp;#0;&amp;#0;&amp;#0;&amp;#0;&amp;#0;&amp;#0;&amp;#0;&amp;#0;&amp;#0;&amp;#0;&amp;#0;&amp;#0;&amp;#0;&amp;#0;&amp;#0;&amp;#0;&amp;#0;&amp;#0;&amp;#0;&amp;#0;&amp;#0;&amp;#0;&amp;#0;&amp;#0;&amp;#0;&amp;#0;&amp;#0;&amp;#0;&amp;#0;&amp;#0;&amp;#0;&amp;#0;&amp;#0;&amp;#0;&amp;#0;&amp;#0;&amp;#0;&amp;#0;&amp;#0;&amp;#0;&amp;#0;&amp;#0;&amp;#0;&amp;#0;&amp;#0;&amp;#0;&amp;#0;&amp;#0;&amp;#0;&amp;#0;&amp;#0;&amp;#0;&amp;#0;&amp;#0;&amp;#0;&amp;#0;&amp;#0;&amp;#0;&amp;#0;&amp;#0;&amp;#0;&amp;#0;&amp;#0;&amp;#0;&amp;#0;&amp;#0;&amp;#0;&amp;#0;&amp;#0;&amp;#0;&amp;#0;&amp;#0;&amp;#0;&amp;#0;&amp;#0;&amp;#0;&amp;#0;&amp;#0;&amp;#0;&amp;#0;&amp;#0;&amp;#0;&amp;#0;&amp;#0;&amp;#0;&amp;#0;&amp;#0;&amp;#0;&amp;#0;&amp;#0;&amp;#0;&amp;#0;&amp;#0;&amp;#0;&amp;#0;&amp;#0;&amp;#0;&amp;#0;&amp;#0;&amp;#0;&amp;#0;&amp;#0;&amp;#0;&amp;#0;&amp;#0;&amp;#0;&amp;#0;&amp;#0;&amp;#0;&amp;#0;&amp;#0;&amp;#0;&amp;#0;&amp;#0;&amp;#0;&amp;#0;&amp;#0;&amp;#0;&amp;#0;&amp;#0;&amp;#0;&amp;#0;&amp;#0;&amp;#0;&amp;#0;&amp;#0;&amp;#0;&amp;#0;&amp;#0;&amp;#0;&amp;#0;&amp;#0;&amp;#0;&amp;#0;&amp;#0;&amp;#0;&amp;#0;&amp;#0;&amp;#0;&amp;#0;&amp;#0;&amp;#0;&amp;#0;&amp;#0;&amp;#0;&amp;#0;&amp;#0;&amp;#0;&amp;#0;&amp;#0;&amp;#0;&amp;#0;&amp;#0;&amp;#0;&amp;#0;&amp;#0;&amp;#0;&amp;#0;&amp;#0;&amp;#0;&amp;#0;&amp;#0;&amp;#0;&amp;#0;&amp;#0;&amp;#0;&amp;#0;&amp;#0;&amp;#0;&amp;#0;&amp;#0;&amp;#0;&amp;#0;&amp;#0;&amp;#0;&amp;#0;&amp;#0;&amp;#0;&amp;#0;&amp;#0;&amp;#0;&amp;#0;&amp;#0;&amp;#0;&amp;#0;&amp;#0;&amp;#0;&amp;#0;&amp;#0;&amp;#0;&amp;#0;&amp;#0;&amp;#0;&amp;#0;&amp;#0;&amp;#0;&amp;#0;&amp;#0;&amp;#0;&amp;#0;&amp;#0;&amp;#0;&amp;#0;&amp;#0;&amp;#0;&amp;#0;&amp;#0;&amp;#0;&amp;#0;&amp;#0;&amp;#0;&amp;#0;&amp;#0;&amp;#0;&amp;#0;&amp;#0;&amp;#0;&amp;#0;&amp;#0;&amp;#0;&amp;#0;&amp;#0;&amp;#0;&amp;#0;&amp;#0;&amp;#0;&amp;#0;&amp;#0;&amp;#0;&amp;#0;&amp;#0;&amp;#0;&amp;#0;&amp;#0;&amp;#0;&amp;#0;&amp;#0;&amp;#0;&amp;#0;&amp;#0;&amp;#0;&amp;#0;&amp;#0;&amp;#0;&amp;#0;&amp;#0;&amp;#0;&amp;#0;&amp;#0;&amp;#0;&amp;#0;&amp;#0;&amp;#0;&amp;#0;&amp;#0;&amp;#0;&amp;#0;&amp;#0;&amp;#0;&amp;#0;&amp;#0;&amp;#0;&amp;#0;&amp;#0;&amp;#0;&amp;#0;&amp;#0;&amp;#0;&amp;#0;&amp;#0;&amp;#0;&amp;#0;&amp;#0;&amp;#0;&amp;#0;&amp;#0;&amp;#0;&amp;#0;&amp;#0;&amp;#0;&amp;#0;&amp;#0;&amp;#0;&amp;#0;&amp;#0;&amp;#0;&amp;#0;&amp;#0;&amp;#0;&amp;#0;&amp;#0;&amp;#0;&amp;#0;&amp;#0;&amp;#0;&amp;#0;&amp;#0;&amp;#0;&amp;#0;&amp;#0;&amp;#0;&amp;#0;&amp;#0;&amp;#0;&amp;#0;&amp;#0;&amp;#0;&amp;#0;&amp;#0;&amp;#0;&amp;#0;&amp;#0;&amp;#0;&amp;#0;&amp;#0;&amp;#0;&amp;#0;&amp;#0;&amp;#0;&amp;#0;&amp;#0;&amp;#0;&amp;#0;&amp;#0;&amp;#0;&amp;#0;&amp;#0;&amp;#0;&amp;#0;&amp;#0;&amp;#0;&amp;#0;&amp;#0;&amp;#0;&amp;#0;&amp;#0;&amp;#0;&amp;#0;&amp;#0;&amp;#0;&amp;#0;&amp;#0;&amp;#0;&amp;#0;&amp;#0;&amp;#0;&amp;#0;&amp;#0;&amp;#0;&amp;#0;&amp;#0;&amp;#0;&amp;#0;&amp;#0;&amp;#0;&amp;#0;&amp;#0;&amp;#0;&amp;#0;&amp;#0;&amp;#0;&amp;#0;&amp;#0;&amp;#0;&amp;#0;&amp;#0;&amp;#0;&amp;#0;&amp;#0;&amp;#0;&amp;#0;&amp;#0;&amp;#0;&amp;#0;&amp;#0;&amp;#0;&amp;#0;&amp;#0;&amp;#0;&amp;#0;&amp;#0;&amp;#0;&amp;#0;&amp;#0;&amp;#0;&amp;#0;&amp;#0;&amp;#0;&amp;#0;&amp;#0;&amp;#0;&amp;#0;&amp;#0;&amp;#0;&amp;#0;&amp;#0;&amp;#0;&amp;#0;&amp;#0;&amp;#0;&amp;#0;&amp;#0;&amp;#0;&amp;#0;&amp;#0;&amp;#0;&amp;#0;&amp;#0;&amp;#0;&amp;#0;&amp;#0;&amp;#0;&amp;#0;&amp;#0;&amp;#0;&amp;#0;&amp;#0;&amp;#0;&amp;#0;&amp;#0;&amp;#0;&amp;#0;&amp;#0;&amp;#0;&amp;#0;&amp;#0;&amp;#0;&amp;#0;&amp;#0;&amp;#0;&amp;#0;&amp;#0;&amp;#0;&amp;#0;&amp;#0;&amp;#0;
14:06:38.104 [main] ERROR - Je passe ici ------------------------------------------------------
14:06:38.104 [main] ERROR - Exception occured during compilation!
java.util.MissingFormatArgumentException: Format specifier &apos;%s&apos;
	at java.util.Formatter.format(Formatter.java:2519) ~[?:1.8.0_91]
	at java.io.PrintWriter.format(PrintWriter.java:905) ~[?:1.8.0_91]
	at java.io.PrintWriter.printf(PrintWriter.java:804) ~[?:1.8.0_91]
	at be.unamur.info.b314.compiler.Visitor.PCodePrinter.printSetTo(PCodePrinter.java:78) ~[classes/:?]
	at be.unamur.info.b314.compiler.Visitor.PCodeVisitor.visitVarDecl(PCodeVisitor.java:625) ~[classes/:?]
	at be.unamur.info.b314.compiler.B314Parser$VarDeclContext.accept(B314Parser.java:405) ~[classes/:?]
	at be.unamur.info.b314.compiler.Visitor.PCodeVisitor.visitProgramme(PCodeVisitor.java:64) ~[classes/:?]
	at be.unamur.info.b314.compiler.B314Parser$ProgrammeContext.accept(B314Parser.java:4028) ~[classes/:?]
	at be.unamur.info.b314.compiler.main.Main.printPCode(Main.java:236) ~[classes/:?]
	at be.unamur.info.b314.compiler.main.Main.compile(Main.java:199) ~[classes/:?]
	at be.unamur.info.b314.compiler.main.Main.main(Main.java:79) [classes/:?]
	at be.unamur.info.b314.compiler.main.CompilerTestHelper.launchCompilation(CompilerTestHelper.java:35) [test-classes/:?]
	at be.unamur.info.b314.compiler.main.B314localvariabledeclSyntaxTest.testlocalvariabledecl_when_local_var_same_names_and_different_types_than_global_vars_ok(B314localvariabledeclSyntaxTest.java:74) [test-classes/:?]
	at sun.reflect.NativeMethodAccessorImpl.invoke0(Native Method) ~[?:1.8.0_91]
	at sun.reflect.NativeMethodAccessorImpl.invoke(NativeMethodAccessorImpl.java:62) ~[?:1.8.0_91]
	at sun.reflect.DelegatingMethodAccessorImpl.invoke(DelegatingMethodAccessorImpl.java:43) ~[?:1.8.0_91]
	at java.lang.reflect.Method.invoke(Method.java:498) ~[?:1.8.0_91]
	at org.junit.runners.model.FrameworkMethod$1.runReflectiveCall(FrameworkMethod.java:50) [junit-4.12.jar:4.12]
	at org.junit.internal.runners.model.ReflectiveCallable.run(ReflectiveCallable.java:12) [junit-4.12.jar:4.12]
	at org.junit.runners.model.FrameworkMethod.invokeExplosively(FrameworkMethod.java:47) [junit-4.12.jar:4.12]
	at org.junit.internal.runners.statements.InvokeMethod.evaluate(InvokeMethod.java:17) [junit-4.12.jar:4.12]
	at org.junit.rules.ExternalResource$1.evaluate(ExternalResource.java:48) [junit-4.12.jar:4.12]
	at org.junit.rules.TestWatcher$1.evaluate(TestWatcher.java:55) [junit-4.12.jar:4.12]
	at org.junit.rules.RunRules.evaluate(RunRules.java:20) [junit-4.12.jar:4.12]
	at org.junit.runners.ParentRunner.runLeaf(ParentRunner.java:325) [junit-4.12.jar:4.12]
	at org.junit.runners.BlockJUnit4ClassRunner.runChild(BlockJUnit4ClassRunner.java:78) [junit-4.12.jar:4.12]
	at org.junit.runners.BlockJUnit4ClassRunner.runChild(BlockJUnit4ClassRunner.java:57) [junit-4.12.jar:4.12]
	at org.junit.runners.ParentRunner$3.run(ParentRunner.java:290) [junit-4.12.jar:4.12]
	at org.junit.runners.ParentRunner$1.schedule(ParentRunner.java:71) [junit-4.12.jar:4.12]
	at org.junit.runners.ParentRunner.runChildren(ParentRunner.java:288) [junit-4.12.jar:4.12]
	at org.junit.runners.ParentRunner.access$000(ParentRunner.java:58) [junit-4.12.jar:4.12]
	at org.junit.runners.ParentRunner$2.evaluate(ParentRunner.java:268) [junit-4.12.jar:4.12]
	at org.junit.runners.ParentRunner.run(ParentRunner.java:363) [junit-4.12.jar:4.12]
	at org.apache.maven.surefire.junit4.JUnit4TestSet.execute(JUnit4TestSet.java:53) [surefire-junit4-2.10.jar:2.10]
	at org.apache.maven.surefire.junit4.JUnit4Provider.executeTestSet(JUnit4Provider.java:123) [surefire-junit4-2.10.jar:2.10]
	at org.apache.maven.surefire.junit4.JUnit4Provider.invoke(JUnit4Provider.java:104) [surefire-junit4-2.10.jar:2.10]
	at sun.reflect.NativeMethodAccessorImpl.invoke0(Native Method) ~[?:1.8.0_91]
	at sun.reflect.NativeMethodAccessorImpl.invoke(NativeMethodAccessorImpl.java:62) ~[?:1.8.0_91]
	at sun.reflect.DelegatingMethodAccessorImpl.invoke(DelegatingMethodAccessorImpl.java:43) ~[?:1.8.0_91]
	at java.lang.reflect.Method.invoke(Method.java:498) ~[?:1.8.0_91]
	at org.apache.maven.surefire.util.ReflectionUtils.invokeMethodWithArray(ReflectionUtils.java:164) [surefire-api-2.10.jar:2.10]
	at org.apache.maven.surefire.booter.ProviderFactory$ProviderProxy.invoke(ProviderFactory.java:110) [surefire-booter-2.10.jar:2.10]
	at org.apache.maven.surefire.booter.SurefireStarter.invokeProvider(SurefireStarter.java:175) [surefire-booter-2.10.jar:2.10]
	at org.apache.maven.surefire.booter.SurefireStarter.runSuitesInProcessWhenForked(SurefireStarter.java:107) [surefire-booter-2.10.jar:2.10]
	at org.apache.maven.surefire.booter.ForkedBooter.main(ForkedBooter.java:68) [surefire-booter-2.10.jar:2.10]
</system-out>
  </testcase>
  <testcase classname="be.unamur.info.b314.compiler.main.B314localvariabledeclSyntaxTest" name="testlocalvariabledecl_fct_local_variable_same_names_as_global_ok" time="0.004">
    <failure message="localvariabledecl: fct_local_variable_same_names_as_global
Expected: a string ending with &quot;OK\r\n&quot;
     but: was &quot;KO
&quot;" type="java.lang.AssertionError">java.lang.AssertionError: localvariabledecl: fct_local_variable_same_names_as_global
Expected: a string ending with &quot;OK\r\n&quot;
     but: was &quot;KO
&quot;
	at org.hamcrest.MatcherAssert.assertThat(MatcherAssert.java:20)
	at org.junit.Assert.assertThat(Assert.java:956)
	at be.unamur.info.b314.compiler.main.CompilerTestHelper.launchCompilation(CompilerTestHelper.java:42)
	at be.unamur.info.b314.compiler.main.B314localvariabledeclSyntaxTest.testlocalvariabledecl_fct_local_variable_same_names_as_global_ok(B314localvariabledeclSyntaxTest.java:54)
	at sun.reflect.NativeMethodAccessorImpl.invoke0(Native Method)
	at sun.reflect.NativeMethodAccessorImpl.invoke(NativeMethodAccessorImpl.java:62)
	at sun.reflect.DelegatingMethodAccessorImpl.invoke(DelegatingMethodAccessorImpl.java:43)
	at java.lang.reflect.Method.invoke(Method.java:498)
	at org.junit.runners.model.FrameworkMethod$1.runReflectiveCall(FrameworkMethod.java:50)
	at org.junit.internal.runners.model.ReflectiveCallable.run(ReflectiveCallable.java:12)
	at org.junit.runners.model.FrameworkMethod.invokeExplosively(FrameworkMethod.java:47)
	at org.junit.internal.runners.statements.InvokeMethod.evaluate(InvokeMethod.java:17)
	at org.junit.rules.ExternalResource$1.evaluate(ExternalResource.java:48)
	at org.junit.rules.TestWatcher$1.evaluate(TestWatcher.java:55)
	at org.junit.rules.RunRules.evaluate(RunRules.java:20)
	at org.junit.runners.ParentRunner.runLeaf(ParentRunner.java:325)
	at org.junit.runners.BlockJUnit4ClassRunner.runChild(BlockJUnit4ClassRunner.java:78)
	at org.junit.runners.BlockJUnit4ClassRunner.runChild(BlockJUnit4ClassRunner.java:57)
	at org.junit.runners.ParentRunner$3.run(ParentRunner.java:290)
	at org.junit.runners.ParentRunner$1.schedule(ParentRunner.java:71)
	at org.junit.runners.ParentRunner.runChildren(ParentRunner.java:288)
	at org.junit.runners.ParentRunner.access$000(ParentRunner.java:58)
	at org.junit.runners.ParentRunner$2.evaluate(ParentRunner.java:268)
	at org.junit.runners.ParentRunner.run(ParentRunner.java:363)
	at org.apache.maven.surefire.junit4.JUnit4TestSet.execute(JUnit4TestSet.java:53)
	at org.apache.maven.surefire.junit4.JUnit4Provider.executeTestSet(JUnit4Provider.java:123)
	at org.apache.maven.surefire.junit4.JUnit4Provider.invoke(JUnit4Provider.java:104)
	at sun.reflect.NativeMethodAccessorImpl.invoke0(Native Method)
	at sun.reflect.NativeMethodAccessorImpl.invoke(NativeMethodAccessorImpl.java:62)
	at sun.reflect.DelegatingMethodAccessorImpl.invoke(DelegatingMethodAccessorImpl.java:43)
	at java.lang.reflect.Method.invoke(Method.java:498)
	at org.apache.maven.surefire.util.ReflectionUtils.invokeMethodWithArray(ReflectionUtils.java:164)
	at org.apache.maven.surefire.booter.ProviderFactory$ProviderProxy.invoke(ProviderFactory.java:110)
	at org.apache.maven.surefire.booter.SurefireStarter.invokeProvider(SurefireStarter.java:175)
	at org.apache.maven.surefire.booter.SurefireStarter.runSuitesInProcessWhenForked(SurefireStarter.java:107)
	at org.apache.maven.surefire.booter.ForkedBooter.main(ForkedBooter.java:68)
</failure>
    <system-out>14:06:38.106 [main] INFO  - Starting test: testlocalvariabledecl_fct_local_variable_same_names_as_global_ok()...
org.apache.commons.cli.CommandLine@78d50a3c
14:06:38.108 [main] DEBUG - Initialisation
14:06:38.109 [main] DEBUG - Input file set to C:\Users\jessi\Documents\b314-Jour-MonkeyIsland\target\test-classes\syntax\localvariabledecl\ok\fct_local_variable_same_names_as_global.b314
14:06:38.109 [main] DEBUG - Output file set to C:\Users\jessi\AppData\Local\Temp\junit7586143111556091049\junit1049217739200892715.tmp
14:06:38.109 [main] DEBUG - Initialisation: done
jessica1
14:06:38.109 [main] DEBUG - Parsing input
/*

1

1,1,1

1,1,1,1,1
*/
declare and retain 
	b1 as boolean;
	b2 as boolean;
    i1 as integer; 
    i2 as integer; 
    v1 as boolean[5, 7];
    v2 as integer[42];
    
    fct1 as function():boolean
		declare local
			b1 as integer;
			i1 as boolean;
			loc3 as square;
			loc4 as integer[5];
    	do
    		set i1 to true
    		set b1 to 34
    		set fct1 to i1 and b1 &lt; 42
    	done 
	
when your turn 

	when false do
		next move west
	done

	when fct1() do
		next move north
	done

	by default do 
		next do nothing
	done&amp;#0;&amp;#0;&amp;#0;&amp;#0;&amp;#0;&amp;#0;&amp;#0;&amp;#0;&amp;#0;&amp;#0;&amp;#0;&amp;#0;&amp;#0;&amp;#0;&amp;#0;&amp;#0;&amp;#0;&amp;#0;&amp;#0;&amp;#0;&amp;#0;&amp;#0;&amp;#0;&amp;#0;&amp;#0;&amp;#0;&amp;#0;&amp;#0;&amp;#0;&amp;#0;&amp;#0;&amp;#0;&amp;#0;&amp;#0;&amp;#0;&amp;#0;&amp;#0;&amp;#0;&amp;#0;&amp;#0;&amp;#0;&amp;#0;&amp;#0;&amp;#0;&amp;#0;&amp;#0;&amp;#0;&amp;#0;&amp;#0;&amp;#0;&amp;#0;&amp;#0;&amp;#0;&amp;#0;&amp;#0;&amp;#0;&amp;#0;&amp;#0;&amp;#0;&amp;#0;&amp;#0;&amp;#0;&amp;#0;&amp;#0;&amp;#0;&amp;#0;&amp;#0;&amp;#0;&amp;#0;&amp;#0;&amp;#0;&amp;#0;&amp;#0;&amp;#0;&amp;#0;&amp;#0;&amp;#0;&amp;#0;&amp;#0;&amp;#0;&amp;#0;&amp;#0;&amp;#0;&amp;#0;&amp;#0;&amp;#0;&amp;#0;&amp;#0;&amp;#0;&amp;#0;&amp;#0;&amp;#0;&amp;#0;&amp;#0;&amp;#0;&amp;#0;&amp;#0;&amp;#0;&amp;#0;&amp;#0;&amp;#0;&amp;#0;&amp;#0;&amp;#0;&amp;#0;&amp;#0;&amp;#0;&amp;#0;&amp;#0;&amp;#0;&amp;#0;&amp;#0;&amp;#0;&amp;#0;&amp;#0;&amp;#0;&amp;#0;&amp;#0;&amp;#0;&amp;#0;&amp;#0;&amp;#0;&amp;#0;&amp;#0;&amp;#0;&amp;#0;&amp;#0;&amp;#0;&amp;#0;&amp;#0;&amp;#0;&amp;#0;&amp;#0;&amp;#0;&amp;#0;&amp;#0;&amp;#0;&amp;#0;&amp;#0;&amp;#0;&amp;#0;&amp;#0;&amp;#0;&amp;#0;&amp;#0;&amp;#0;&amp;#0;&amp;#0;&amp;#0;&amp;#0;&amp;#0;&amp;#0;&amp;#0;&amp;#0;&amp;#0;&amp;#0;&amp;#0;&amp;#0;&amp;#0;&amp;#0;&amp;#0;&amp;#0;&amp;#0;&amp;#0;&amp;#0;&amp;#0;&amp;#0;&amp;#0;&amp;#0;&amp;#0;&amp;#0;&amp;#0;&amp;#0;&amp;#0;&amp;#0;&amp;#0;&amp;#0;&amp;#0;&amp;#0;&amp;#0;&amp;#0;&amp;#0;&amp;#0;&amp;#0;&amp;#0;&amp;#0;&amp;#0;&amp;#0;&amp;#0;&amp;#0;&amp;#0;&amp;#0;&amp;#0;&amp;#0;&amp;#0;&amp;#0;&amp;#0;&amp;#0;&amp;#0;&amp;#0;&amp;#0;&amp;#0;&amp;#0;&amp;#0;&amp;#0;&amp;#0;&amp;#0;&amp;#0;&amp;#0;&amp;#0;&amp;#0;&amp;#0;&amp;#0;&amp;#0;&amp;#0;&amp;#0;&amp;#0;&amp;#0;&amp;#0;&amp;#0;&amp;#0;&amp;#0;&amp;#0;&amp;#0;&amp;#0;&amp;#0;&amp;#0;&amp;#0;&amp;#0;&amp;#0;&amp;#0;&amp;#0;&amp;#0;&amp;#0;&amp;#0;&amp;#0;&amp;#0;&amp;#0;&amp;#0;&amp;#0;&amp;#0;&amp;#0;&amp;#0;&amp;#0;&amp;#0;&amp;#0;&amp;#0;&amp;#0;&amp;#0;&amp;#0;&amp;#0;&amp;#0;&amp;#0;&amp;#0;&amp;#0;&amp;#0;&amp;#0;&amp;#0;&amp;#0;&amp;#0;&amp;#0;&amp;#0;&amp;#0;&amp;#0;&amp;#0;&amp;#0;&amp;#0;&amp;#0;&amp;#0;&amp;#0;&amp;#0;&amp;#0;&amp;#0;&amp;#0;&amp;#0;&amp;#0;&amp;#0;&amp;#0;&amp;#0;&amp;#0;&amp;#0;&amp;#0;&amp;#0;&amp;#0;&amp;#0;&amp;#0;&amp;#0;&amp;#0;&amp;#0;&amp;#0;&amp;#0;&amp;#0;&amp;#0;&amp;#0;&amp;#0;&amp;#0;&amp;#0;&amp;#0;&amp;#0;&amp;#0;&amp;#0;&amp;#0;&amp;#0;&amp;#0;&amp;#0;&amp;#0;&amp;#0;&amp;#0;&amp;#0;&amp;#0;&amp;#0;&amp;#0;&amp;#0;&amp;#0;&amp;#0;&amp;#0;&amp;#0;&amp;#0;&amp;#0;&amp;#0;&amp;#0;&amp;#0;&amp;#0;&amp;#0;&amp;#0;&amp;#0;&amp;#0;&amp;#0;&amp;#0;&amp;#0;&amp;#0;&amp;#0;&amp;#0;&amp;#0;&amp;#0;&amp;#0;&amp;#0;&amp;#0;&amp;#0;&amp;#0;&amp;#0;&amp;#0;&amp;#0;&amp;#0;&amp;#0;&amp;#0;&amp;#0;&amp;#0;&amp;#0;&amp;#0;&amp;#0;&amp;#0;&amp;#0;&amp;#0;&amp;#0;&amp;#0;&amp;#0;&amp;#0;&amp;#0;&amp;#0;&amp;#0;&amp;#0;&amp;#0;&amp;#0;&amp;#0;&amp;#0;&amp;#0;&amp;#0;&amp;#0;&amp;#0;&amp;#0;&amp;#0;&amp;#0;&amp;#0;&amp;#0;&amp;#0;&amp;#0;&amp;#0;&amp;#0;&amp;#0;&amp;#0;&amp;#0;&amp;#0;&amp;#0;&amp;#0;&amp;#0;&amp;#0;&amp;#0;&amp;#0;&amp;#0;&amp;#0;&amp;#0;&amp;#0;&amp;#0;&amp;#0;&amp;#0;&amp;#0;&amp;#0;&amp;#0;&amp;#0;&amp;#0;&amp;#0;&amp;#0;&amp;#0;&amp;#0;&amp;#0;&amp;#0;&amp;#0;&amp;#0;&amp;#0;&amp;#0;&amp;#0;&amp;#0;&amp;#0;&amp;#0;&amp;#0;&amp;#0;&amp;#0;&amp;#0;&amp;#0;&amp;#0;&amp;#0;&amp;#0;&amp;#0;&amp;#0;&amp;#0;&amp;#0;&amp;#0;&amp;#0;&amp;#0;&amp;#0;&amp;#0;&amp;#0;&amp;#0;&amp;#0;&amp;#0;&amp;#0;&amp;#0;&amp;#0;&amp;#0;&amp;#0;&amp;#0;&amp;#0;&amp;#0;&amp;#0;&amp;#0;&amp;#0;&amp;#0;&amp;#0;&amp;#0;&amp;#0;&amp;#0;&amp;#0;&amp;#0;&amp;#0;&amp;#0;&amp;#0;&amp;#0;&amp;#0;&amp;#0;&amp;#0;&amp;#0;&amp;#0;&amp;#0;&amp;#0;&amp;#0;&amp;#0;&amp;#0;&amp;#0;&amp;#0;&amp;#0;&amp;#0;&amp;#0;&amp;#0;&amp;#0;&amp;#0;&amp;#0;&amp;#0;&amp;#0;&amp;#0;&amp;#0;&amp;#0;&amp;#0;&amp;#0;&amp;#0;&amp;#0;&amp;#0;&amp;#0;&amp;#0;&amp;#0;&amp;#0;&amp;#0;&amp;#0;&amp;#0;&amp;#0;&amp;#0;&amp;#0;&amp;#0;&amp;#0;&amp;#0;&amp;#0;&amp;#0;&amp;#0;&amp;#0;&amp;#0;&amp;#0;&amp;#0;&amp;#0;&amp;#0;&amp;#0;&amp;#0;&amp;#0;&amp;#0;&amp;#0;&amp;#0;&amp;#0;&amp;#0;&amp;#0;&amp;#0;&amp;#0;&amp;#0;&amp;#0;&amp;#0;&amp;#0;&amp;#0;&amp;#0;&amp;#0;&amp;#0;&amp;#0;&amp;#0;&amp;#0;&amp;#0;&amp;#0;&amp;#0;&amp;#0;&amp;#0;&amp;#0;&amp;#0;&amp;#0;&amp;#0;&amp;#0;&amp;#0;&amp;#0;&amp;#0;&amp;#0;&amp;#0;&amp;#0;&amp;#0;&amp;#0;&amp;#0;&amp;#0;&amp;#0;&amp;#0;&amp;#0;&amp;#0;&amp;#0;&amp;#0;&amp;#0;&amp;#0;&amp;#0;&amp;#0;&amp;#0;&amp;#0;&amp;#0;&amp;#0;&amp;#0;&amp;#0;&amp;#0;&amp;#0;&amp;#0;&amp;#0;&amp;#0;&amp;#0;&amp;#0;&amp;#0;&amp;#0;&amp;#0;&amp;#0;&amp;#0;&amp;#0;&amp;#0;&amp;#0;&amp;#0;&amp;#0;&amp;#0;&amp;#0;&amp;#0;&amp;#0;&amp;#0;&amp;#0;&amp;#0;&amp;#0;&amp;#0;&amp;#0;&amp;#0;&amp;#0;&amp;#0;&amp;#0;&amp;#0;&amp;#0;&amp;#0;&amp;#0;&amp;#0;&amp;#0;&amp;#0;&amp;#0;&amp;#0;&amp;#0;&amp;#0;&amp;#0;&amp;#0;&amp;#0;&amp;#0;&amp;#0;&amp;#0;&amp;#0;&amp;#0;&amp;#0;&amp;#0;&amp;#0;&amp;#0;&amp;#0;&amp;#0;&amp;#0;&amp;#0;&amp;#0;&amp;#0;&amp;#0;&amp;#0;&amp;#0;&amp;#0;&amp;#0;&amp;#0;&amp;#0;&amp;#0;&amp;#0;&amp;#0;&amp;#0;&amp;#0;&amp;#0;&amp;#0;&amp;#0;&amp;#0;&amp;#0;&amp;#0;&amp;#0;&amp;#0;&amp;#0;&amp;#0;&amp;#0;&amp;#0;&amp;#0;&amp;#0;&amp;#0;&amp;#0;&amp;#0;&amp;#0;&amp;#0;&amp;#0;&amp;#0;&amp;#0;&amp;#0;&amp;#0;&amp;#0;&amp;#0;&amp;#0;&amp;#0;&amp;#0;&amp;#0;&amp;#0;&amp;#0;&amp;#0;&amp;#0;&amp;#0;&amp;#0;&amp;#0;&amp;#0;&amp;#0;&amp;#0;&amp;#0;&amp;#0;&amp;#0;&amp;#0;&amp;#0;&amp;#0;&amp;#0;&amp;#0;&amp;#0;&amp;#0;&amp;#0;&amp;#0;&amp;#0;&amp;#0;&amp;#0;&amp;#0;&amp;#0;&amp;#0;&amp;#0;&amp;#0;&amp;#0;&amp;#0;&amp;#0;&amp;#0;&amp;#0;&amp;#0;&amp;#0;&amp;#0;&amp;#0;&amp;#0;&amp;#0;&amp;#0;&amp;#0;&amp;#0;&amp;#0;&amp;#0;&amp;#0;&amp;#0;&amp;#0;&amp;#0;&amp;#0;&amp;#0;&amp;#0;&amp;#0;&amp;#0;&amp;#0;&amp;#0;&amp;#0;&amp;#0;&amp;#0;&amp;#0;&amp;#0;&amp;#0;&amp;#0;&amp;#0;&amp;#0;&amp;#0;&amp;#0;&amp;#0;&amp;#0;&amp;#0;&amp;#0;&amp;#0;&amp;#0;&amp;#0;&amp;#0;&amp;#0;&amp;#0;&amp;#0;&amp;#0;&amp;#0;&amp;#0;&amp;#0;&amp;#0;&amp;#0;&amp;#0;&amp;#0;&amp;#0;&amp;#0;&amp;#0;&amp;#0;&amp;#0;&amp;#0;&amp;#0;&amp;#0;&amp;#0;&amp;#0;&amp;#0;&amp;#0;&amp;#0;&amp;#0;&amp;#0;&amp;#0;&amp;#0;&amp;#0;&amp;#0;&amp;#0;&amp;#0;&amp;#0;&amp;#0;&amp;#0;&amp;#0;&amp;#0;&amp;#0;&amp;#0;&amp;#0;&amp;#0;&amp;#0;&amp;#0;&amp;#0;&amp;#0;&amp;#0;&amp;#0;&amp;#0;&amp;#0;&amp;#0;&amp;#0;&amp;#0;&amp;#0;&amp;#0;&amp;#0;&amp;#0;&amp;#0;&amp;#0;&amp;#0;&amp;#0;&amp;#0;&amp;#0;&amp;#0;&amp;#0;&amp;#0;&amp;#0;&amp;#0;&amp;#0;&amp;#0;&amp;#0;&amp;#0;&amp;#0;&amp;#0;&amp;#0;&amp;#0;&amp;#0;&amp;#0;&amp;#0;&amp;#0;&amp;#0;&amp;#0;&amp;#0;&amp;#0;&amp;#0;&amp;#0;&amp;#0;&amp;#0;&amp;#0;&amp;#0;&amp;#0;&amp;#0;&amp;#0;&amp;#0;&amp;#0;&amp;#0;&amp;#0;&amp;#0;&amp;#0;&amp;#0;&amp;#0;&amp;#0;&amp;#0;&amp;#0;&amp;#0;&amp;#0;&amp;#0;&amp;#0;&amp;#0;&amp;#0;&amp;#0;&amp;#0;&amp;#0;&amp;#0;&amp;#0;&amp;#0;&amp;#0;&amp;#0;&amp;#0;&amp;#0;&amp;#0;&amp;#0;&amp;#0;&amp;#0;&amp;#0;&amp;#0;&amp;#0;&amp;#0;&amp;#0;&amp;#0;&amp;#0;&amp;#0;&amp;#0;&amp;#0;&amp;#0;&amp;#0;&amp;#0;&amp;#0;&amp;#0;&amp;#0;&amp;#0;&amp;#0;&amp;#0;&amp;#0;&amp;#0;&amp;#0;&amp;#0;&amp;#0;&amp;#0;&amp;#0;&amp;#0;&amp;#0;&amp;#0;&amp;#0;&amp;#0;&amp;#0;&amp;#0;&amp;#0;&amp;#0;&amp;#0;&amp;#0;&amp;#0;&amp;#0;&amp;#0;&amp;#0;&amp;#0;&amp;#0;&amp;#0;&amp;#0;&amp;#0;&amp;#0;&amp;#0;&amp;#0;&amp;#0;&amp;#0;&amp;#0;&amp;#0;&amp;#0;&amp;#0;&amp;#0;&amp;#0;&amp;#0;&amp;#0;&amp;#0;&amp;#0;&amp;#0;&amp;#0;&amp;#0;&amp;#0;&amp;#0;&amp;#0;&amp;#0;&amp;#0;&amp;#0;&amp;#0;&amp;#0;&amp;#0;&amp;#0;&amp;#0;&amp;#0;&amp;#0;&amp;#0;&amp;#0;&amp;#0;&amp;#0;&amp;#0;&amp;#0;&amp;#0;&amp;#0;&amp;#0;&amp;#0;&amp;#0;&amp;#0;&amp;#0;&amp;#0;&amp;#0;&amp;#0;&amp;#0;&amp;#0;&amp;#0;&amp;#0;&amp;#0;&amp;#0;&amp;#0;&amp;#0;&amp;#0;&amp;#0;&amp;#0;&amp;#0;&amp;#0;&amp;#0;&amp;#0;&amp;#0;&amp;#0;&amp;#0;&amp;#0;&amp;#0;&amp;#0;&amp;#0;&amp;#0;&amp;#0;&amp;#0;&amp;#0;&amp;#0;&amp;#0;&amp;#0;&amp;#0;&amp;#0;&amp;#0;&amp;#0;&amp;#0;&amp;#0;&amp;#0;&amp;#0;&amp;#0;&amp;#0;&amp;#0;&amp;#0;&amp;#0;&amp;#0;&amp;#0;&amp;#0;&amp;#0;&amp;#0;&amp;#0;&amp;#0;&amp;#0;&amp;#0;&amp;#0;&amp;#0;&amp;#0;&amp;#0;&amp;#0;&amp;#0;&amp;#0;&amp;#0;&amp;#0;&amp;#0;&amp;#0;&amp;#0;&amp;#0;&amp;#0;&amp;#0;&amp;#0;&amp;#0;&amp;#0;&amp;#0;&amp;#0;&amp;#0;&amp;#0;&amp;#0;&amp;#0;&amp;#0;&amp;#0;&amp;#0;&amp;#0;&amp;#0;&amp;#0;&amp;#0;&amp;#0;&amp;#0;&amp;#0;&amp;#0;&amp;#0;&amp;#0;&amp;#0;&amp;#0;&amp;#0;&amp;#0;&amp;#0;&amp;#0;&amp;#0;&amp;#0;&amp;#0;&amp;#0;&amp;#0;&amp;#0;&amp;#0;&amp;#0;&amp;#0;&amp;#0;&amp;#0;&amp;#0;&amp;#0;&amp;#0;&amp;#0;&amp;#0;&amp;#0;&amp;#0;&amp;#0;&amp;#0;&amp;#0;&amp;#0;&amp;#0;&amp;#0;&amp;#0;&amp;#0;&amp;#0;&amp;#0;&amp;#0;&amp;#0;&amp;#0;&amp;#0;&amp;#0;&amp;#0;&amp;#0;&amp;#0;&amp;#0;&amp;#0;&amp;#0;&amp;#0;&amp;#0;&amp;#0;&amp;#0;&amp;#0;&amp;#0;&amp;#0;&amp;#0;&amp;#0;&amp;#0;&amp;#0;&amp;#0;&amp;#0;&amp;#0;&amp;#0;&amp;#0;&amp;#0;&amp;#0;&amp;#0;&amp;#0;&amp;#0;&amp;#0;&amp;#0;&amp;#0;&amp;#0;&amp;#0;&amp;#0;&amp;#0;&amp;#0;&amp;#0;&amp;#0;&amp;#0;&amp;#0;&amp;#0;&amp;#0;&amp;#0;&amp;#0;&amp;#0;&amp;#0;&amp;#0;&amp;#0;&amp;#0;&amp;#0;&amp;#0;&amp;#0;&amp;#0;&amp;#0;&amp;#0;&amp;#0;&amp;#0;&amp;#0;&amp;#0;&amp;#0;&amp;#0;&amp;#0;&amp;#0;&amp;#0;&amp;#0;&amp;#0;&amp;#0;&amp;#0;&amp;#0;&amp;#0;&amp;#0;&amp;#0;&amp;#0;&amp;#0;&amp;#0;&amp;#0;&amp;#0;&amp;#0;&amp;#0;&amp;#0;&amp;#0;&amp;#0;&amp;#0;&amp;#0;&amp;#0;&amp;#0;&amp;#0;&amp;#0;&amp;#0;&amp;#0;&amp;#0;&amp;#0;&amp;#0;&amp;#0;&amp;#0;&amp;#0;&amp;#0;&amp;#0;&amp;#0;&amp;#0;&amp;#0;&amp;#0;&amp;#0;&amp;#0;&amp;#0;&amp;#0;&amp;#0;&amp;#0;&amp;#0;&amp;#0;&amp;#0;&amp;#0;&amp;#0;&amp;#0;&amp;#0;&amp;#0;&amp;#0;&amp;#0;&amp;#0;&amp;#0;&amp;#0;&amp;#0;&amp;#0;&amp;#0;&amp;#0;&amp;#0;&amp;#0;&amp;#0;&amp;#0;&amp;#0;&amp;#0;&amp;#0;&amp;#0;&amp;#0;&amp;#0;&amp;#0;&amp;#0;&amp;#0;&amp;#0;&amp;#0;&amp;#0;&amp;#0;&amp;#0;&amp;#0;&amp;#0;&amp;#0;&amp;#0;&amp;#0;&amp;#0;&amp;#0;&amp;#0;&amp;#0;&amp;#0;&amp;#0;&amp;#0;&amp;#0;&amp;#0;&amp;#0;&amp;#0;&amp;#0;&amp;#0;&amp;#0;&amp;#0;&amp;#0;&amp;#0;&amp;#0;&amp;#0;&amp;#0;&amp;#0;&amp;#0;&amp;#0;&amp;#0;&amp;#0;&amp;#0;&amp;#0;&amp;#0;&amp;#0;&amp;#0;&amp;#0;&amp;#0;&amp;#0;&amp;#0;&amp;#0;&amp;#0;&amp;#0;&amp;#0;&amp;#0;&amp;#0;&amp;#0;&amp;#0;&amp;#0;&amp;#0;&amp;#0;&amp;#0;&amp;#0;&amp;#0;&amp;#0;&amp;#0;&amp;#0;&amp;#0;&amp;#0;&amp;#0;&amp;#0;&amp;#0;&amp;#0;&amp;#0;&amp;#0;&amp;#0;&amp;#0;&amp;#0;&amp;#0;&amp;#0;&amp;#0;&amp;#0;&amp;#0;&amp;#0;&amp;#0;&amp;#0;&amp;#0;&amp;#0;&amp;#0;&amp;#0;&amp;#0;&amp;#0;&amp;#0;&amp;#0;&amp;#0;&amp;#0;&amp;#0;&amp;#0;&amp;#0;&amp;#0;&amp;#0;&amp;#0;&amp;#0;&amp;#0;&amp;#0;&amp;#0;&amp;#0;&amp;#0;&amp;#0;&amp;#0;&amp;#0;&amp;#0;&amp;#0;&amp;#0;&amp;#0;&amp;#0;&amp;#0;&amp;#0;&amp;#0;&amp;#0;&amp;#0;&amp;#0;&amp;#0;&amp;#0;&amp;#0;&amp;#0;&amp;#0;&amp;#0;&amp;#0;&amp;#0;&amp;#0;&amp;#0;&amp;#0;&amp;#0;&amp;#0;&amp;#0;&amp;#0;&amp;#0;&amp;#0;&amp;#0;&amp;#0;&amp;#0;&amp;#0;&amp;#0;&amp;#0;&amp;#0;&amp;#0;&amp;#0;&amp;#0;&amp;#0;&amp;#0;&amp;#0;&amp;#0;&amp;#0;&amp;#0;&amp;#0;&amp;#0;&amp;#0;&amp;#0;&amp;#0;&amp;#0;&amp;#0;&amp;#0;&amp;#0;&amp;#0;&amp;#0;&amp;#0;&amp;#0;&amp;#0;&amp;#0;&amp;#0;&amp;#0;&amp;#0;&amp;#0;&amp;#0;&amp;#0;&amp;#0;&amp;#0;&amp;#0;&amp;#0;&amp;#0;&amp;#0;&amp;#0;&amp;#0;&amp;#0;&amp;#0;&amp;#0;&amp;#0;&amp;#0;&amp;#0;&amp;#0;&amp;#0;&amp;#0;&amp;#0;&amp;#0;&amp;#0;&amp;#0;&amp;#0;&amp;#0;&amp;#0;&amp;#0;&amp;#0;&amp;#0;&amp;#0;&amp;#0;&amp;#0;&amp;#0;&amp;#0;&amp;#0;&amp;#0;&amp;#0;&amp;#0;&amp;#0;&amp;#0;&amp;#0;&amp;#0;&amp;#0;&amp;#0;&amp;#0;&amp;#0;&amp;#0;&amp;#0;&amp;#0;&amp;#0;&amp;#0;&amp;#0;&amp;#0;&amp;#0;&amp;#0;&amp;#0;&amp;#0;&amp;#0;&amp;#0;&amp;#0;&amp;#0;&amp;#0;&amp;#0;&amp;#0;&amp;#0;&amp;#0;&amp;#0;&amp;#0;&amp;#0;&amp;#0;&amp;#0;&amp;#0;&amp;#0;&amp;#0;&amp;#0;&amp;#0;&amp;#0;&amp;#0;&amp;#0;&amp;#0;&amp;#0;&amp;#0;&amp;#0;&amp;#0;&amp;#0;&amp;#0;&amp;#0;&amp;#0;&amp;#0;&amp;#0;&amp;#0;&amp;#0;&amp;#0;&amp;#0;&amp;#0;&amp;#0;&amp;#0;&amp;#0;&amp;#0;&amp;#0;&amp;#0;&amp;#0;&amp;#0;&amp;#0;&amp;#0;&amp;#0;&amp;#0;&amp;#0;&amp;#0;&amp;#0;&amp;#0;&amp;#0;&amp;#0;&amp;#0;&amp;#0;&amp;#0;&amp;#0;&amp;#0;&amp;#0;&amp;#0;&amp;#0;&amp;#0;&amp;#0;&amp;#0;&amp;#0;&amp;#0;&amp;#0;&amp;#0;
14:06:38.111 [main] ERROR - Je passe ici ------------------------------------------------------
14:06:38.111 [main] ERROR - Exception occured during compilation!
java.util.MissingFormatArgumentException: Format specifier &apos;%s&apos;
	at java.util.Formatter.format(Formatter.java:2519) ~[?:1.8.0_91]
	at java.io.PrintWriter.format(PrintWriter.java:905) ~[?:1.8.0_91]
	at java.io.PrintWriter.printf(PrintWriter.java:804) ~[?:1.8.0_91]
	at be.unamur.info.b314.compiler.Visitor.PCodePrinter.printSetTo(PCodePrinter.java:78) ~[classes/:?]
	at be.unamur.info.b314.compiler.Visitor.PCodeVisitor.visitVarDecl(PCodeVisitor.java:625) ~[classes/:?]
	at be.unamur.info.b314.compiler.B314Parser$VarDeclContext.accept(B314Parser.java:405) ~[classes/:?]
	at be.unamur.info.b314.compiler.Visitor.PCodeVisitor.visitProgramme(PCodeVisitor.java:64) ~[classes/:?]
	at be.unamur.info.b314.compiler.B314Parser$ProgrammeContext.accept(B314Parser.java:4028) ~[classes/:?]
	at be.unamur.info.b314.compiler.main.Main.printPCode(Main.java:236) ~[classes/:?]
	at be.unamur.info.b314.compiler.main.Main.compile(Main.java:199) ~[classes/:?]
	at be.unamur.info.b314.compiler.main.Main.main(Main.java:79) [classes/:?]
	at be.unamur.info.b314.compiler.main.CompilerTestHelper.launchCompilation(CompilerTestHelper.java:35) [test-classes/:?]
	at be.unamur.info.b314.compiler.main.B314localvariabledeclSyntaxTest.testlocalvariabledecl_fct_local_variable_same_names_as_global_ok(B314localvariabledeclSyntaxTest.java:54) [test-classes/:?]
	at sun.reflect.NativeMethodAccessorImpl.invoke0(Native Method) ~[?:1.8.0_91]
	at sun.reflect.NativeMethodAccessorImpl.invoke(NativeMethodAccessorImpl.java:62) ~[?:1.8.0_91]
	at sun.reflect.DelegatingMethodAccessorImpl.invoke(DelegatingMethodAccessorImpl.java:43) ~[?:1.8.0_91]
	at java.lang.reflect.Method.invoke(Method.java:498) ~[?:1.8.0_91]
	at org.junit.runners.model.FrameworkMethod$1.runReflectiveCall(FrameworkMethod.java:50) [junit-4.12.jar:4.12]
	at org.junit.internal.runners.model.ReflectiveCallable.run(ReflectiveCallable.java:12) [junit-4.12.jar:4.12]
	at org.junit.runners.model.FrameworkMethod.invokeExplosively(FrameworkMethod.java:47) [junit-4.12.jar:4.12]
	at org.junit.internal.runners.statements.InvokeMethod.evaluate(InvokeMethod.java:17) [junit-4.12.jar:4.12]
	at org.junit.rules.ExternalResource$1.evaluate(ExternalResource.java:48) [junit-4.12.jar:4.12]
	at org.junit.rules.TestWatcher$1.evaluate(TestWatcher.java:55) [junit-4.12.jar:4.12]
	at org.junit.rules.RunRules.evaluate(RunRules.java:20) [junit-4.12.jar:4.12]
	at org.junit.runners.ParentRunner.runLeaf(ParentRunner.java:325) [junit-4.12.jar:4.12]
	at org.junit.runners.BlockJUnit4ClassRunner.runChild(BlockJUnit4ClassRunner.java:78) [junit-4.12.jar:4.12]
	at org.junit.runners.BlockJUnit4ClassRunner.runChild(BlockJUnit4ClassRunner.java:57) [junit-4.12.jar:4.12]
	at org.junit.runners.ParentRunner$3.run(ParentRunner.java:290) [junit-4.12.jar:4.12]
	at org.junit.runners.ParentRunner$1.schedule(ParentRunner.java:71) [junit-4.12.jar:4.12]
	at org.junit.runners.ParentRunner.runChildren(ParentRunner.java:288) [junit-4.12.jar:4.12]
	at org.junit.runners.ParentRunner.access$000(ParentRunner.java:58) [junit-4.12.jar:4.12]
	at org.junit.runners.ParentRunner$2.evaluate(ParentRunner.java:268) [junit-4.12.jar:4.12]
	at org.junit.runners.ParentRunner.run(ParentRunner.java:363) [junit-4.12.jar:4.12]
	at org.apache.maven.surefire.junit4.JUnit4TestSet.execute(JUnit4TestSet.java:53) [surefire-junit4-2.10.jar:2.10]
	at org.apache.maven.surefire.junit4.JUnit4Provider.executeTestSet(JUnit4Provider.java:123) [surefire-junit4-2.10.jar:2.10]
	at org.apache.maven.surefire.junit4.JUnit4Provider.invoke(JUnit4Provider.java:104) [surefire-junit4-2.10.jar:2.10]
	at sun.reflect.NativeMethodAccessorImpl.invoke0(Native Method) ~[?:1.8.0_91]
	at sun.reflect.NativeMethodAccessorImpl.invoke(NativeMethodAccessorImpl.java:62) ~[?:1.8.0_91]
	at sun.reflect.DelegatingMethodAccessorImpl.invoke(DelegatingMethodAccessorImpl.java:43) ~[?:1.8.0_91]
	at java.lang.reflect.Method.invoke(Method.java:498) ~[?:1.8.0_91]
	at org.apache.maven.surefire.util.ReflectionUtils.invokeMethodWithArray(ReflectionUtils.java:164) [surefire-api-2.10.jar:2.10]
	at org.apache.maven.surefire.booter.ProviderFactory$ProviderProxy.invoke(ProviderFactory.java:110) [surefire-booter-2.10.jar:2.10]
	at org.apache.maven.surefire.booter.SurefireStarter.invokeProvider(SurefireStarter.java:175) [surefire-booter-2.10.jar:2.10]
	at org.apache.maven.surefire.booter.SurefireStarter.runSuitesInProcessWhenForked(SurefireStarter.java:107) [surefire-booter-2.10.jar:2.10]
	at org.apache.maven.surefire.booter.ForkedBooter.main(ForkedBooter.java:68) [surefire-booter-2.10.jar:2.10]
</system-out>
  </testcase>
  <testcase classname="be.unamur.info.b314.compiler.main.B314localvariabledeclSyntaxTest" name="testlocalvariabledecl_when_local_var_diff_names_than_global_vars_but_same_name_in_different_whens_ok" time="0.005">
    <failure message="localvariabledecl: when_local_var_diff_names_than_global_vars_but_same_name_in_different_whens
Expected: a string ending with &quot;OK\r\n&quot;
     but: was &quot;KO
&quot;" type="java.lang.AssertionError">java.lang.AssertionError: localvariabledecl: when_local_var_diff_names_than_global_vars_but_same_name_in_different_whens
Expected: a string ending with &quot;OK\r\n&quot;
     but: was &quot;KO
&quot;
	at org.hamcrest.MatcherAssert.assertThat(MatcherAssert.java:20)
	at org.junit.Assert.assertThat(Assert.java:956)
	at be.unamur.info.b314.compiler.main.CompilerTestHelper.launchCompilation(CompilerTestHelper.java:42)
	at be.unamur.info.b314.compiler.main.B314localvariabledeclSyntaxTest.testlocalvariabledecl_when_local_var_diff_names_than_global_vars_but_same_name_in_different_whens_ok(B314localvariabledeclSyntaxTest.java:69)
	at sun.reflect.NativeMethodAccessorImpl.invoke0(Native Method)
	at sun.reflect.NativeMethodAccessorImpl.invoke(NativeMethodAccessorImpl.java:62)
	at sun.reflect.DelegatingMethodAccessorImpl.invoke(DelegatingMethodAccessorImpl.java:43)
	at java.lang.reflect.Method.invoke(Method.java:498)
	at org.junit.runners.model.FrameworkMethod$1.runReflectiveCall(FrameworkMethod.java:50)
	at org.junit.internal.runners.model.ReflectiveCallable.run(ReflectiveCallable.java:12)
	at org.junit.runners.model.FrameworkMethod.invokeExplosively(FrameworkMethod.java:47)
	at org.junit.internal.runners.statements.InvokeMethod.evaluate(InvokeMethod.java:17)
	at org.junit.rules.ExternalResource$1.evaluate(ExternalResource.java:48)
	at org.junit.rules.TestWatcher$1.evaluate(TestWatcher.java:55)
	at org.junit.rules.RunRules.evaluate(RunRules.java:20)
	at org.junit.runners.ParentRunner.runLeaf(ParentRunner.java:325)
	at org.junit.runners.BlockJUnit4ClassRunner.runChild(BlockJUnit4ClassRunner.java:78)
	at org.junit.runners.BlockJUnit4ClassRunner.runChild(BlockJUnit4ClassRunner.java:57)
	at org.junit.runners.ParentRunner$3.run(ParentRunner.java:290)
	at org.junit.runners.ParentRunner$1.schedule(ParentRunner.java:71)
	at org.junit.runners.ParentRunner.runChildren(ParentRunner.java:288)
	at org.junit.runners.ParentRunner.access$000(ParentRunner.java:58)
	at org.junit.runners.ParentRunner$2.evaluate(ParentRunner.java:268)
	at org.junit.runners.ParentRunner.run(ParentRunner.java:363)
	at org.apache.maven.surefire.junit4.JUnit4TestSet.execute(JUnit4TestSet.java:53)
	at org.apache.maven.surefire.junit4.JUnit4Provider.executeTestSet(JUnit4Provider.java:123)
	at org.apache.maven.surefire.junit4.JUnit4Provider.invoke(JUnit4Provider.java:104)
	at sun.reflect.NativeMethodAccessorImpl.invoke0(Native Method)
	at sun.reflect.NativeMethodAccessorImpl.invoke(NativeMethodAccessorImpl.java:62)
	at sun.reflect.DelegatingMethodAccessorImpl.invoke(DelegatingMethodAccessorImpl.java:43)
	at java.lang.reflect.Method.invoke(Method.java:498)
	at org.apache.maven.surefire.util.ReflectionUtils.invokeMethodWithArray(ReflectionUtils.java:164)
	at org.apache.maven.surefire.booter.ProviderFactory$ProviderProxy.invoke(ProviderFactory.java:110)
	at org.apache.maven.surefire.booter.SurefireStarter.invokeProvider(SurefireStarter.java:175)
	at org.apache.maven.surefire.booter.SurefireStarter.runSuitesInProcessWhenForked(SurefireStarter.java:107)
	at org.apache.maven.surefire.booter.ForkedBooter.main(ForkedBooter.java:68)
</failure>
    <system-out>14:06:38.187 [main] INFO  - Starting test: testlocalvariabledecl_when_local_var_diff_names_than_global_vars_but_same_name_in_different_whens_ok()...
org.apache.commons.cli.CommandLine@cda4919
14:06:38.189 [main] DEBUG - Initialisation
14:06:38.189 [main] DEBUG - Input file set to C:\Users\jessi\Documents\b314-Jour-MonkeyIsland\target\test-classes\syntax\localvariabledecl\ok\when_local_var_diff_names_than_global_vars_but_same_name_in_different_whens.b314
14:06:38.189 [main] DEBUG - Output file set to C:\Users\jessi\AppData\Local\Temp\junit5930118048766850307\junit6600970258953847959.tmp
14:06:38.189 [main] DEBUG - Initialisation: done
jessica1
14:06:38.190 [main] DEBUG - Parsing input
/* My comments */ 
declare and retain 
	b1 as boolean;
	b2 as boolean;
    i1 as integer; 
    i2 as integer;
    i3 as integer;
    s1 as square;
    s2 as square;
    v1 as boolean[5, 7];
    v2 as integer[42];

    fct1 as function():square
    	do
    		skip
    	done 

    fct2 as function(x as integer, y as boolean):integer
    	do
    		skip
    	done 

    fct3 as function():boolean
    	do
    		skip
    	done 

    fct4 as function():square
    	do
    		skip
    	done 

    fct5 as function(x as integer, y as boolean, z as square):integer
    	do
    		skip
    	done 
    	
when your turn 

	when true and b1 or v1[0, i1 + 2 * 5] do
		if b1 and i1 = 2 then
			while i1 &lt; i3 do
				set i2 to i1 + 1
			done
		else
			if s1 = ammo then
				next do nothing
			done
		done
	done 

	when false 
	declare local
		loc1 as integer;
		loc2 as boolean;
		loc3 as square;
		loc4 as integer[5];
	do
		compute loc1 + 2 - loc4[0 + 1 - i1] = 5 and not loc2 or loc3 = dirt
	done

	when not graal is north and i2 &gt; 5 and v2[4] &lt; 42 or s1 = dirt do
    	compute fct1()
    	set s1 to fct1()
    	if fct5(i1 + 2, s2 = ammo, ennemi) &gt; 2 then
    		skip
    	done
    	while fct3() do
    		skip
    	done
    	next move west
	done
	
	when true and false 
	declare local
		loc1 as integer;
		loc2 as boolean;
		loc3 as square;
		loc4 as integer[5];
	do
		compute loc1 + 2 - loc4[0 + 1 - i1] = 5 and not loc2 or loc3 = dirt
	done

	by default 
	declare local
		loc1 as integer;
		loc2 as boolean;
		loc3 as square;
		loc4 as integer[5];
	do 
		compute loc1 + 2 - loc4[0 + 1 - i1] = 5 and not loc2 or loc3 = dirt
	done&amp;#0;&amp;#0;&amp;#0;&amp;#0;&amp;#0;&amp;#0;&amp;#0;&amp;#0;&amp;#0;&amp;#0;&amp;#0;&amp;#0;&amp;#0;&amp;#0;&amp;#0;&amp;#0;&amp;#0;&amp;#0;&amp;#0;&amp;#0;&amp;#0;&amp;#0;&amp;#0;&amp;#0;&amp;#0;&amp;#0;&amp;#0;&amp;#0;&amp;#0;&amp;#0;&amp;#0;&amp;#0;&amp;#0;&amp;#0;&amp;#0;&amp;#0;&amp;#0;&amp;#0;&amp;#0;&amp;#0;&amp;#0;&amp;#0;&amp;#0;&amp;#0;&amp;#0;&amp;#0;&amp;#0;&amp;#0;&amp;#0;&amp;#0;&amp;#0;&amp;#0;&amp;#0;&amp;#0;&amp;#0;&amp;#0;&amp;#0;&amp;#0;&amp;#0;&amp;#0;&amp;#0;&amp;#0;&amp;#0;&amp;#0;&amp;#0;&amp;#0;&amp;#0;&amp;#0;&amp;#0;&amp;#0;&amp;#0;&amp;#0;&amp;#0;&amp;#0;&amp;#0;&amp;#0;&amp;#0;&amp;#0;&amp;#0;&amp;#0;&amp;#0;&amp;#0;&amp;#0;&amp;#0;&amp;#0;&amp;#0;&amp;#0;&amp;#0;&amp;#0;&amp;#0;&amp;#0;&amp;#0;&amp;#0;&amp;#0;&amp;#0;&amp;#0;&amp;#0;&amp;#0;&amp;#0;&amp;#0;&amp;#0;&amp;#0;&amp;#0;&amp;#0;&amp;#0;&amp;#0;&amp;#0;&amp;#0;&amp;#0;&amp;#0;&amp;#0;&amp;#0;&amp;#0;&amp;#0;&amp;#0;&amp;#0;&amp;#0;&amp;#0;&amp;#0;&amp;#0;&amp;#0;&amp;#0;&amp;#0;&amp;#0;&amp;#0;&amp;#0;&amp;#0;&amp;#0;&amp;#0;&amp;#0;&amp;#0;&amp;#0;&amp;#0;&amp;#0;&amp;#0;&amp;#0;&amp;#0;&amp;#0;&amp;#0;&amp;#0;&amp;#0;&amp;#0;&amp;#0;&amp;#0;&amp;#0;&amp;#0;&amp;#0;&amp;#0;&amp;#0;&amp;#0;&amp;#0;&amp;#0;&amp;#0;&amp;#0;&amp;#0;&amp;#0;&amp;#0;&amp;#0;&amp;#0;&amp;#0;&amp;#0;&amp;#0;&amp;#0;&amp;#0;&amp;#0;&amp;#0;&amp;#0;&amp;#0;&amp;#0;&amp;#0;&amp;#0;&amp;#0;&amp;#0;&amp;#0;&amp;#0;&amp;#0;&amp;#0;&amp;#0;&amp;#0;&amp;#0;&amp;#0;&amp;#0;&amp;#0;&amp;#0;&amp;#0;&amp;#0;&amp;#0;&amp;#0;&amp;#0;&amp;#0;&amp;#0;&amp;#0;&amp;#0;&amp;#0;&amp;#0;&amp;#0;&amp;#0;&amp;#0;&amp;#0;&amp;#0;&amp;#0;&amp;#0;&amp;#0;&amp;#0;&amp;#0;&amp;#0;&amp;#0;&amp;#0;&amp;#0;&amp;#0;&amp;#0;&amp;#0;&amp;#0;&amp;#0;&amp;#0;&amp;#0;&amp;#0;&amp;#0;&amp;#0;&amp;#0;&amp;#0;&amp;#0;&amp;#0;&amp;#0;&amp;#0;&amp;#0;&amp;#0;&amp;#0;&amp;#0;&amp;#0;&amp;#0;&amp;#0;&amp;#0;&amp;#0;&amp;#0;&amp;#0;&amp;#0;&amp;#0;&amp;#0;&amp;#0;&amp;#0;&amp;#0;&amp;#0;&amp;#0;&amp;#0;&amp;#0;&amp;#0;&amp;#0;&amp;#0;&amp;#0;&amp;#0;&amp;#0;&amp;#0;&amp;#0;&amp;#0;&amp;#0;&amp;#0;&amp;#0;&amp;#0;&amp;#0;&amp;#0;&amp;#0;&amp;#0;&amp;#0;&amp;#0;&amp;#0;&amp;#0;&amp;#0;&amp;#0;&amp;#0;&amp;#0;&amp;#0;&amp;#0;&amp;#0;&amp;#0;&amp;#0;&amp;#0;&amp;#0;&amp;#0;&amp;#0;&amp;#0;&amp;#0;&amp;#0;&amp;#0;&amp;#0;&amp;#0;&amp;#0;&amp;#0;&amp;#0;&amp;#0;&amp;#0;&amp;#0;&amp;#0;&amp;#0;&amp;#0;&amp;#0;&amp;#0;&amp;#0;&amp;#0;&amp;#0;&amp;#0;&amp;#0;&amp;#0;&amp;#0;&amp;#0;&amp;#0;&amp;#0;&amp;#0;&amp;#0;&amp;#0;&amp;#0;&amp;#0;&amp;#0;&amp;#0;&amp;#0;&amp;#0;&amp;#0;&amp;#0;&amp;#0;&amp;#0;&amp;#0;&amp;#0;&amp;#0;&amp;#0;&amp;#0;&amp;#0;&amp;#0;&amp;#0;&amp;#0;&amp;#0;&amp;#0;&amp;#0;&amp;#0;&amp;#0;&amp;#0;&amp;#0;&amp;#0;&amp;#0;&amp;#0;&amp;#0;&amp;#0;&amp;#0;&amp;#0;&amp;#0;&amp;#0;&amp;#0;&amp;#0;&amp;#0;&amp;#0;&amp;#0;&amp;#0;&amp;#0;&amp;#0;&amp;#0;&amp;#0;&amp;#0;&amp;#0;&amp;#0;&amp;#0;&amp;#0;&amp;#0;&amp;#0;&amp;#0;&amp;#0;&amp;#0;&amp;#0;&amp;#0;&amp;#0;&amp;#0;&amp;#0;&amp;#0;&amp;#0;&amp;#0;&amp;#0;&amp;#0;&amp;#0;&amp;#0;&amp;#0;&amp;#0;&amp;#0;&amp;#0;&amp;#0;&amp;#0;&amp;#0;&amp;#0;&amp;#0;&amp;#0;&amp;#0;&amp;#0;&amp;#0;&amp;#0;&amp;#0;&amp;#0;&amp;#0;&amp;#0;&amp;#0;&amp;#0;&amp;#0;&amp;#0;&amp;#0;&amp;#0;&amp;#0;&amp;#0;&amp;#0;&amp;#0;&amp;#0;&amp;#0;&amp;#0;&amp;#0;&amp;#0;&amp;#0;&amp;#0;&amp;#0;&amp;#0;&amp;#0;&amp;#0;&amp;#0;&amp;#0;&amp;#0;&amp;#0;&amp;#0;&amp;#0;&amp;#0;&amp;#0;&amp;#0;&amp;#0;&amp;#0;&amp;#0;&amp;#0;&amp;#0;&amp;#0;&amp;#0;&amp;#0;&amp;#0;&amp;#0;&amp;#0;&amp;#0;&amp;#0;&amp;#0;&amp;#0;&amp;#0;&amp;#0;&amp;#0;&amp;#0;&amp;#0;&amp;#0;&amp;#0;&amp;#0;&amp;#0;&amp;#0;&amp;#0;&amp;#0;&amp;#0;&amp;#0;&amp;#0;&amp;#0;&amp;#0;&amp;#0;&amp;#0;&amp;#0;&amp;#0;&amp;#0;&amp;#0;&amp;#0;&amp;#0;&amp;#0;&amp;#0;&amp;#0;&amp;#0;&amp;#0;&amp;#0;&amp;#0;&amp;#0;&amp;#0;&amp;#0;&amp;#0;&amp;#0;&amp;#0;&amp;#0;&amp;#0;&amp;#0;&amp;#0;&amp;#0;&amp;#0;&amp;#0;&amp;#0;&amp;#0;&amp;#0;&amp;#0;&amp;#0;&amp;#0;&amp;#0;&amp;#0;&amp;#0;&amp;#0;&amp;#0;&amp;#0;&amp;#0;&amp;#0;&amp;#0;&amp;#0;&amp;#0;&amp;#0;&amp;#0;&amp;#0;&amp;#0;&amp;#0;&amp;#0;&amp;#0;&amp;#0;&amp;#0;&amp;#0;&amp;#0;&amp;#0;&amp;#0;&amp;#0;&amp;#0;&amp;#0;&amp;#0;&amp;#0;&amp;#0;&amp;#0;&amp;#0;&amp;#0;&amp;#0;&amp;#0;&amp;#0;&amp;#0;&amp;#0;&amp;#0;&amp;#0;&amp;#0;&amp;#0;&amp;#0;&amp;#0;&amp;#0;&amp;#0;&amp;#0;&amp;#0;&amp;#0;&amp;#0;&amp;#0;&amp;#0;&amp;#0;&amp;#0;&amp;#0;&amp;#0;&amp;#0;&amp;#0;&amp;#0;&amp;#0;&amp;#0;&amp;#0;&amp;#0;&amp;#0;&amp;#0;&amp;#0;&amp;#0;&amp;#0;&amp;#0;&amp;#0;&amp;#0;&amp;#0;&amp;#0;&amp;#0;&amp;#0;&amp;#0;&amp;#0;&amp;#0;&amp;#0;&amp;#0;&amp;#0;&amp;#0;&amp;#0;&amp;#0;&amp;#0;&amp;#0;&amp;#0;&amp;#0;&amp;#0;&amp;#0;&amp;#0;&amp;#0;&amp;#0;&amp;#0;&amp;#0;&amp;#0;&amp;#0;&amp;#0;&amp;#0;&amp;#0;&amp;#0;&amp;#0;&amp;#0;&amp;#0;&amp;#0;&amp;#0;&amp;#0;&amp;#0;&amp;#0;&amp;#0;&amp;#0;&amp;#0;&amp;#0;&amp;#0;&amp;#0;&amp;#0;&amp;#0;&amp;#0;&amp;#0;&amp;#0;&amp;#0;&amp;#0;&amp;#0;&amp;#0;&amp;#0;&amp;#0;&amp;#0;&amp;#0;&amp;#0;&amp;#0;&amp;#0;&amp;#0;&amp;#0;&amp;#0;&amp;#0;&amp;#0;&amp;#0;&amp;#0;&amp;#0;&amp;#0;&amp;#0;&amp;#0;&amp;#0;&amp;#0;&amp;#0;&amp;#0;&amp;#0;&amp;#0;&amp;#0;&amp;#0;&amp;#0;&amp;#0;&amp;#0;&amp;#0;&amp;#0;&amp;#0;&amp;#0;&amp;#0;&amp;#0;&amp;#0;&amp;#0;&amp;#0;&amp;#0;&amp;#0;&amp;#0;&amp;#0;&amp;#0;&amp;#0;&amp;#0;&amp;#0;&amp;#0;&amp;#0;&amp;#0;&amp;#0;&amp;#0;&amp;#0;&amp;#0;&amp;#0;&amp;#0;&amp;#0;&amp;#0;&amp;#0;&amp;#0;&amp;#0;&amp;#0;&amp;#0;&amp;#0;&amp;#0;&amp;#0;&amp;#0;&amp;#0;&amp;#0;&amp;#0;&amp;#0;&amp;#0;&amp;#0;&amp;#0;&amp;#0;&amp;#0;&amp;#0;&amp;#0;&amp;#0;&amp;#0;&amp;#0;&amp;#0;&amp;#0;&amp;#0;&amp;#0;&amp;#0;&amp;#0;&amp;#0;&amp;#0;&amp;#0;&amp;#0;&amp;#0;&amp;#0;&amp;#0;&amp;#0;&amp;#0;&amp;#0;&amp;#0;&amp;#0;&amp;#0;&amp;#0;&amp;#0;&amp;#0;&amp;#0;&amp;#0;&amp;#0;&amp;#0;&amp;#0;&amp;#0;&amp;#0;&amp;#0;&amp;#0;&amp;#0;&amp;#0;&amp;#0;&amp;#0;&amp;#0;&amp;#0;&amp;#0;&amp;#0;&amp;#0;&amp;#0;&amp;#0;&amp;#0;&amp;#0;&amp;#0;&amp;#0;&amp;#0;&amp;#0;&amp;#0;&amp;#0;&amp;#0;&amp;#0;&amp;#0;&amp;#0;&amp;#0;&amp;#0;&amp;#0;&amp;#0;&amp;#0;&amp;#0;&amp;#0;&amp;#0;&amp;#0;&amp;#0;&amp;#0;&amp;#0;&amp;#0;&amp;#0;&amp;#0;&amp;#0;&amp;#0;&amp;#0;&amp;#0;&amp;#0;&amp;#0;&amp;#0;&amp;#0;&amp;#0;&amp;#0;&amp;#0;&amp;#0;&amp;#0;&amp;#0;&amp;#0;&amp;#0;&amp;#0;&amp;#0;&amp;#0;&amp;#0;&amp;#0;&amp;#0;&amp;#0;&amp;#0;&amp;#0;&amp;#0;&amp;#0;&amp;#0;&amp;#0;&amp;#0;&amp;#0;&amp;#0;&amp;#0;&amp;#0;&amp;#0;&amp;#0;&amp;#0;&amp;#0;&amp;#0;&amp;#0;&amp;#0;&amp;#0;&amp;#0;&amp;#0;&amp;#0;&amp;#0;&amp;#0;&amp;#0;&amp;#0;&amp;#0;&amp;#0;&amp;#0;&amp;#0;&amp;#0;&amp;#0;&amp;#0;&amp;#0;&amp;#0;&amp;#0;&amp;#0;&amp;#0;&amp;#0;&amp;#0;&amp;#0;&amp;#0;&amp;#0;&amp;#0;&amp;#0;&amp;#0;&amp;#0;&amp;#0;&amp;#0;&amp;#0;&amp;#0;&amp;#0;&amp;#0;&amp;#0;&amp;#0;&amp;#0;&amp;#0;&amp;#0;&amp;#0;&amp;#0;&amp;#0;&amp;#0;&amp;#0;&amp;#0;&amp;#0;&amp;#0;&amp;#0;&amp;#0;&amp;#0;&amp;#0;&amp;#0;&amp;#0;&amp;#0;&amp;#0;&amp;#0;&amp;#0;&amp;#0;&amp;#0;&amp;#0;&amp;#0;&amp;#0;&amp;#0;&amp;#0;&amp;#0;&amp;#0;&amp;#0;&amp;#0;&amp;#0;&amp;#0;&amp;#0;&amp;#0;&amp;#0;&amp;#0;&amp;#0;&amp;#0;&amp;#0;&amp;#0;&amp;#0;&amp;#0;&amp;#0;&amp;#0;&amp;#0;&amp;#0;&amp;#0;&amp;#0;&amp;#0;&amp;#0;&amp;#0;&amp;#0;&amp;#0;&amp;#0;&amp;#0;&amp;#0;&amp;#0;&amp;#0;&amp;#0;&amp;#0;&amp;#0;&amp;#0;&amp;#0;&amp;#0;&amp;#0;&amp;#0;&amp;#0;&amp;#0;&amp;#0;&amp;#0;&amp;#0;&amp;#0;&amp;#0;&amp;#0;&amp;#0;&amp;#0;&amp;#0;&amp;#0;&amp;#0;&amp;#0;&amp;#0;&amp;#0;&amp;#0;&amp;#0;&amp;#0;&amp;#0;&amp;#0;&amp;#0;&amp;#0;&amp;#0;&amp;#0;&amp;#0;&amp;#0;&amp;#0;&amp;#0;&amp;#0;&amp;#0;&amp;#0;&amp;#0;&amp;#0;&amp;#0;&amp;#0;&amp;#0;&amp;#0;&amp;#0;&amp;#0;&amp;#0;&amp;#0;&amp;#0;&amp;#0;&amp;#0;&amp;#0;&amp;#0;&amp;#0;&amp;#0;&amp;#0;&amp;#0;&amp;#0;&amp;#0;&amp;#0;&amp;#0;&amp;#0;&amp;#0;&amp;#0;&amp;#0;&amp;#0;&amp;#0;&amp;#0;&amp;#0;&amp;#0;&amp;#0;&amp;#0;&amp;#0;&amp;#0;&amp;#0;&amp;#0;&amp;#0;&amp;#0;&amp;#0;&amp;#0;&amp;#0;&amp;#0;&amp;#0;&amp;#0;&amp;#0;&amp;#0;&amp;#0;&amp;#0;&amp;#0;&amp;#0;&amp;#0;&amp;#0;&amp;#0;&amp;#0;&amp;#0;&amp;#0;&amp;#0;&amp;#0;&amp;#0;&amp;#0;&amp;#0;&amp;#0;&amp;#0;&amp;#0;&amp;#0;&amp;#0;&amp;#0;&amp;#0;&amp;#0;&amp;#0;&amp;#0;&amp;#0;&amp;#0;&amp;#0;&amp;#0;&amp;#0;&amp;#0;&amp;#0;&amp;#0;&amp;#0;&amp;#0;&amp;#0;&amp;#0;&amp;#0;&amp;#0;&amp;#0;&amp;#0;&amp;#0;&amp;#0;&amp;#0;&amp;#0;&amp;#0;&amp;#0;&amp;#0;&amp;#0;&amp;#0;&amp;#0;&amp;#0;&amp;#0;&amp;#0;&amp;#0;&amp;#0;&amp;#0;&amp;#0;&amp;#0;&amp;#0;&amp;#0;&amp;#0;&amp;#0;&amp;#0;&amp;#0;&amp;#0;&amp;#0;&amp;#0;&amp;#0;&amp;#0;&amp;#0;&amp;#0;&amp;#0;&amp;#0;&amp;#0;&amp;#0;&amp;#0;&amp;#0;&amp;#0;&amp;#0;&amp;#0;&amp;#0;&amp;#0;&amp;#0;&amp;#0;&amp;#0;&amp;#0;&amp;#0;&amp;#0;&amp;#0;&amp;#0;&amp;#0;&amp;#0;&amp;#0;&amp;#0;&amp;#0;&amp;#0;&amp;#0;&amp;#0;&amp;#0;&amp;#0;&amp;#0;&amp;#0;&amp;#0;&amp;#0;&amp;#0;&amp;#0;&amp;#0;&amp;#0;&amp;#0;&amp;#0;&amp;#0;&amp;#0;&amp;#0;&amp;#0;&amp;#0;&amp;#0;&amp;#0;&amp;#0;&amp;#0;&amp;#0;&amp;#0;&amp;#0;&amp;#0;&amp;#0;&amp;#0;&amp;#0;&amp;#0;&amp;#0;&amp;#0;&amp;#0;&amp;#0;&amp;#0;&amp;#0;&amp;#0;&amp;#0;&amp;#0;&amp;#0;&amp;#0;&amp;#0;&amp;#0;&amp;#0;&amp;#0;&amp;#0;&amp;#0;&amp;#0;&amp;#0;&amp;#0;&amp;#0;&amp;#0;&amp;#0;&amp;#0;&amp;#0;&amp;#0;&amp;#0;&amp;#0;&amp;#0;&amp;#0;&amp;#0;&amp;#0;&amp;#0;&amp;#0;&amp;#0;&amp;#0;&amp;#0;&amp;#0;&amp;#0;&amp;#0;&amp;#0;&amp;#0;&amp;#0;&amp;#0;&amp;#0;&amp;#0;&amp;#0;&amp;#0;&amp;#0;&amp;#0;&amp;#0;&amp;#0;&amp;#0;&amp;#0;&amp;#0;&amp;#0;&amp;#0;&amp;#0;&amp;#0;&amp;#0;&amp;#0;&amp;#0;&amp;#0;&amp;#0;&amp;#0;&amp;#0;&amp;#0;&amp;#0;&amp;#0;&amp;#0;&amp;#0;&amp;#0;&amp;#0;&amp;#0;&amp;#0;&amp;#0;&amp;#0;&amp;#0;&amp;#0;&amp;#0;&amp;#0;&amp;#0;&amp;#0;&amp;#0;&amp;#0;&amp;#0;&amp;#0;&amp;#0;&amp;#0;&amp;#0;&amp;#0;&amp;#0;&amp;#0;&amp;#0;&amp;#0;&amp;#0;&amp;#0;&amp;#0;&amp;#0;&amp;#0;&amp;#0;&amp;#0;&amp;#0;&amp;#0;&amp;#0;&amp;#0;&amp;#0;&amp;#0;&amp;#0;&amp;#0;&amp;#0;&amp;#0;&amp;#0;&amp;#0;&amp;#0;&amp;#0;&amp;#0;&amp;#0;&amp;#0;&amp;#0;&amp;#0;&amp;#0;&amp;#0;&amp;#0;&amp;#0;&amp;#0;&amp;#0;&amp;#0;&amp;#0;&amp;#0;&amp;#0;&amp;#0;&amp;#0;&amp;#0;&amp;#0;&amp;#0;&amp;#0;&amp;#0;&amp;#0;&amp;#0;&amp;#0;&amp;#0;&amp;#0;&amp;#0;&amp;#0;&amp;#0;&amp;#0;&amp;#0;&amp;#0;&amp;#0;&amp;#0;&amp;#0;&amp;#0;&amp;#0;&amp;#0;&amp;#0;&amp;#0;&amp;#0;&amp;#0;&amp;#0;&amp;#0;&amp;#0;&amp;#0;&amp;#0;&amp;#0;&amp;#0;&amp;#0;&amp;#0;&amp;#0;&amp;#0;&amp;#0;&amp;#0;&amp;#0;&amp;#0;&amp;#0;&amp;#0;&amp;#0;&amp;#0;&amp;#0;&amp;#0;&amp;#0;&amp;#0;&amp;#0;&amp;#0;&amp;#0;&amp;#0;&amp;#0;&amp;#0;&amp;#0;&amp;#0;&amp;#0;&amp;#0;&amp;#0;&amp;#0;&amp;#0;&amp;#0;&amp;#0;&amp;#0;&amp;#0;&amp;#0;&amp;#0;&amp;#0;&amp;#0;&amp;#0;&amp;#0;&amp;#0;&amp;#0;&amp;#0;&amp;#0;&amp;#0;&amp;#0;&amp;#0;&amp;#0;&amp;#0;&amp;#0;&amp;#0;&amp;#0;&amp;#0;&amp;#0;&amp;#0;&amp;#0;&amp;#0;&amp;#0;&amp;#0;&amp;#0;&amp;#0;&amp;#0;&amp;#0;&amp;#0;&amp;#0;&amp;#0;&amp;#0;&amp;#0;&amp;#0;&amp;#0;&amp;#0;&amp;#0;&amp;#0;&amp;#0;&amp;#0;&amp;#0;&amp;#0;&amp;#0;&amp;#0;&amp;#0;&amp;#0;&amp;#0;&amp;#0;&amp;#0;&amp;#0;&amp;#0;&amp;#0;&amp;#0;&amp;#0;&amp;#0;&amp;#0;&amp;#0;&amp;#0;&amp;#0;&amp;#0;&amp;#0;&amp;#0;&amp;#0;&amp;#0;&amp;#0;&amp;#0;&amp;#0;&amp;#0;&amp;#0;&amp;#0;&amp;#0;&amp;#0;&amp;#0;&amp;#0;&amp;#0;&amp;#0;&amp;#0;&amp;#0;&amp;#0;&amp;#0;&amp;#0;&amp;#0;&amp;#0;&amp;#0;&amp;#0;&amp;#0;&amp;#0;&amp;#0;&amp;#0;&amp;#0;&amp;#0;&amp;#0;&amp;#0;&amp;#0;&amp;#0;&amp;#0;&amp;#0;&amp;#0;&amp;#0;&amp;#0;&amp;#0;&amp;#0;&amp;#0;&amp;#0;&amp;#0;&amp;#0;&amp;#0;&amp;#0;&amp;#0;&amp;#0;&amp;#0;&amp;#0;&amp;#0;&amp;#0;&amp;#0;&amp;#0;&amp;#0;&amp;#0;&amp;#0;&amp;#0;&amp;#0;&amp;#0;&amp;#0;&amp;#0;&amp;#0;&amp;#0;&amp;#0;&amp;#0;&amp;#0;&amp;#0;&amp;#0;&amp;#0;&amp;#0;&amp;#0;&amp;#0;&amp;#0;&amp;#0;&amp;#0;&amp;#0;&amp;#0;&amp;#0;&amp;#0;&amp;#0;&amp;#0;&amp;#0;&amp;#0;&amp;#0;&amp;#0;&amp;#0;&amp;#0;&amp;#0;&amp;#0;&amp;#0;&amp;#0;&amp;#0;&amp;#0;&amp;#0;&amp;#0;&amp;#0;&amp;#0;&amp;#0;&amp;#0;&amp;#0;&amp;#0;&amp;#0;&amp;#0;&amp;#0;&amp;#0;&amp;#0;&amp;#0;&amp;#0;&amp;#0;&amp;#0;&amp;#0;&amp;#0;&amp;#0;&amp;#0;&amp;#0;&amp;#0;&amp;#0;&amp;#0;&amp;#0;&amp;#0;&amp;#0;&amp;#0;&amp;#0;&amp;#0;&amp;#0;&amp;#0;&amp;#0;&amp;#0;&amp;#0;&amp;#0;&amp;#0;&amp;#0;&amp;#0;&amp;#0;&amp;#0;&amp;#0;&amp;#0;&amp;#0;&amp;#0;&amp;#0;&amp;#0;&amp;#0;&amp;#0;&amp;#0;&amp;#0;&amp;#0;&amp;#0;&amp;#0;&amp;#0;&amp;#0;&amp;#0;&amp;#0;&amp;#0;&amp;#0;&amp;#0;&amp;#0;&amp;#0;&amp;#0;&amp;#0;&amp;#0;&amp;#0;&amp;#0;&amp;#0;&amp;#0;&amp;#0;&amp;#0;&amp;#0;&amp;#0;&amp;#0;&amp;#0;&amp;#0;&amp;#0;&amp;#0;&amp;#0;&amp;#0;&amp;#0;&amp;#0;&amp;#0;&amp;#0;&amp;#0;&amp;#0;&amp;#0;&amp;#0;&amp;#0;&amp;#0;&amp;#0;&amp;#0;&amp;#0;&amp;#0;&amp;#0;&amp;#0;&amp;#0;&amp;#0;&amp;#0;&amp;#0;&amp;#0;&amp;#0;&amp;#0;&amp;#0;&amp;#0;&amp;#0;&amp;#0;&amp;#0;&amp;#0;&amp;#0;&amp;#0;&amp;#0;&amp;#0;&amp;#0;&amp;#0;&amp;#0;&amp;#0;&amp;#0;&amp;#0;&amp;#0;&amp;#0;&amp;#0;&amp;#0;&amp;#0;&amp;#0;&amp;#0;&amp;#0;&amp;#0;&amp;#0;&amp;#0;&amp;#0;&amp;#0;&amp;#0;&amp;#0;&amp;#0;&amp;#0;&amp;#0;&amp;#0;&amp;#0;&amp;#0;&amp;#0;&amp;#0;&amp;#0;&amp;#0;&amp;#0;&amp;#0;&amp;#0;&amp;#0;&amp;#0;&amp;#0;&amp;#0;&amp;#0;&amp;#0;&amp;#0;&amp;#0;&amp;#0;&amp;#0;&amp;#0;&amp;#0;&amp;#0;&amp;#0;&amp;#0;&amp;#0;&amp;#0;&amp;#0;&amp;#0;&amp;#0;&amp;#0;&amp;#0;&amp;#0;&amp;#0;&amp;#0;&amp;#0;&amp;#0;&amp;#0;&amp;#0;&amp;#0;&amp;#0;&amp;#0;&amp;#0;&amp;#0;&amp;#0;&amp;#0;&amp;#0;&amp;#0;&amp;#0;&amp;#0;&amp;#0;&amp;#0;&amp;#0;&amp;#0;&amp;#0;&amp;#0;&amp;#0;&amp;#0;&amp;#0;&amp;#0;&amp;#0;&amp;#0;&amp;#0;&amp;#0;&amp;#0;&amp;#0;&amp;#0;&amp;#0;&amp;#0;&amp;#0;&amp;#0;&amp;#0;&amp;#0;&amp;#0;&amp;#0;&amp;#0;&amp;#0;&amp;#0;&amp;#0;&amp;#0;&amp;#0;&amp;#0;&amp;#0;&amp;#0;&amp;#0;&amp;#0;&amp;#0;&amp;#0;&amp;#0;&amp;#0;&amp;#0;&amp;#0;&amp;#0;&amp;#0;&amp;#0;&amp;#0;&amp;#0;&amp;#0;&amp;#0;&amp;#0;&amp;#0;&amp;#0;&amp;#0;&amp;#0;&amp;#0;&amp;#0;&amp;#0;&amp;#0;&amp;#0;&amp;#0;&amp;#0;&amp;#0;&amp;#0;&amp;#0;&amp;#0;&amp;#0;&amp;#0;&amp;#0;&amp;#0;&amp;#0;&amp;#0;&amp;#0;&amp;#0;&amp;#0;&amp;#0;&amp;#0;&amp;#0;&amp;#0;&amp;#0;&amp;#0;&amp;#0;&amp;#0;&amp;#0;&amp;#0;&amp;#0;&amp;#0;&amp;#0;&amp;#0;&amp;#0;&amp;#0;&amp;#0;&amp;#0;&amp;#0;&amp;#0;&amp;#0;&amp;#0;&amp;#0;&amp;#0;&amp;#0;&amp;#0;&amp;#0;&amp;#0;&amp;#0;&amp;#0;&amp;#0;&amp;#0;&amp;#0;&amp;#0;&amp;#0;&amp;#0;&amp;#0;&amp;#0;&amp;#0;&amp;#0;&amp;#0;&amp;#0;&amp;#0;&amp;#0;&amp;#0;&amp;#0;&amp;#0;&amp;#0;&amp;#0;&amp;#0;&amp;#0;&amp;#0;&amp;#0;&amp;#0;&amp;#0;&amp;#0;&amp;#0;&amp;#0;&amp;#0;&amp;#0;&amp;#0;&amp;#0;&amp;#0;&amp;#0;&amp;#0;&amp;#0;&amp;#0;&amp;#0;&amp;#0;&amp;#0;&amp;#0;&amp;#0;&amp;#0;&amp;#0;&amp;#0;&amp;#0;&amp;#0;&amp;#0;&amp;#0;&amp;#0;&amp;#0;&amp;#0;&amp;#0;&amp;#0;&amp;#0;&amp;#0;&amp;#0;&amp;#0;&amp;#0;&amp;#0;&amp;#0;&amp;#0;&amp;#0;&amp;#0;&amp;#0;&amp;#0;&amp;#0;&amp;#0;&amp;#0;&amp;#0;&amp;#0;&amp;#0;&amp;#0;&amp;#0;&amp;#0;&amp;#0;&amp;#0;&amp;#0;&amp;#0;&amp;#0;&amp;#0;&amp;#0;&amp;#0;&amp;#0;&amp;#0;&amp;#0;&amp;#0;&amp;#0;&amp;#0;&amp;#0;&amp;#0;&amp;#0;&amp;#0;&amp;#0;&amp;#0;&amp;#0;&amp;#0;&amp;#0;&amp;#0;&amp;#0;&amp;#0;&amp;#0;&amp;#0;&amp;#0;&amp;#0;&amp;#0;&amp;#0;&amp;#0;&amp;#0;&amp;#0;&amp;#0;&amp;#0;&amp;#0;&amp;#0;&amp;#0;&amp;#0;&amp;#0;&amp;#0;&amp;#0;&amp;#0;&amp;#0;&amp;#0;&amp;#0;&amp;#0;&amp;#0;&amp;#0;&amp;#0;&amp;#0;&amp;#0;&amp;#0;&amp;#0;&amp;#0;&amp;#0;&amp;#0;&amp;#0;&amp;#0;&amp;#0;&amp;#0;&amp;#0;&amp;#0;&amp;#0;&amp;#0;&amp;#0;&amp;#0;&amp;#0;&amp;#0;&amp;#0;&amp;#0;&amp;#0;&amp;#0;&amp;#0;&amp;#0;&amp;#0;&amp;#0;&amp;#0;&amp;#0;&amp;#0;&amp;#0;&amp;#0;&amp;#0;&amp;#0;&amp;#0;&amp;#0;&amp;#0;&amp;#0;&amp;#0;&amp;#0;&amp;#0;&amp;#0;&amp;#0;&amp;#0;&amp;#0;&amp;#0;&amp;#0;&amp;#0;&amp;#0;&amp;#0;&amp;#0;&amp;#0;&amp;#0;&amp;#0;&amp;#0;&amp;#0;&amp;#0;&amp;#0;&amp;#0;&amp;#0;&amp;#0;&amp;#0;&amp;#0;&amp;#0;&amp;#0;&amp;#0;&amp;#0;&amp;#0;&amp;#0;&amp;#0;&amp;#0;&amp;#0;&amp;#0;&amp;#0;&amp;#0;&amp;#0;&amp;#0;&amp;#0;&amp;#0;&amp;#0;&amp;#0;&amp;#0;&amp;#0;&amp;#0;&amp;#0;&amp;#0;&amp;#0;&amp;#0;&amp;#0;&amp;#0;&amp;#0;&amp;#0;&amp;#0;&amp;#0;&amp;#0;&amp;#0;&amp;#0;&amp;#0;&amp;#0;&amp;#0;&amp;#0;&amp;#0;&amp;#0;&amp;#0;&amp;#0;&amp;#0;&amp;#0;&amp;#0;&amp;#0;&amp;#0;&amp;#0;&amp;#0;&amp;#0;&amp;#0;&amp;#0;&amp;#0;&amp;#0;&amp;#0;&amp;#0;&amp;#0;&amp;#0;&amp;#0;&amp;#0;&amp;#0;&amp;#0;&amp;#0;&amp;#0;&amp;#0;&amp;#0;&amp;#0;&amp;#0;&amp;#0;&amp;#0;&amp;#0;&amp;#0;&amp;#0;&amp;#0;&amp;#0;&amp;#0;&amp;#0;&amp;#0;&amp;#0;&amp;#0;&amp;#0;&amp;#0;&amp;#0;&amp;#0;&amp;#0;&amp;#0;&amp;#0;&amp;#0;&amp;#0;&amp;#0;&amp;#0;&amp;#0;&amp;#0;&amp;#0;&amp;#0;&amp;#0;&amp;#0;&amp;#0;&amp;#0;&amp;#0;&amp;#0;&amp;#0;&amp;#0;&amp;#0;&amp;#0;&amp;#0;&amp;#0;&amp;#0;&amp;#0;&amp;#0;&amp;#0;&amp;#0;&amp;#0;&amp;#0;&amp;#0;&amp;#0;&amp;#0;&amp;#0;&amp;#0;&amp;#0;&amp;#0;&amp;#0;&amp;#0;&amp;#0;&amp;#0;&amp;#0;&amp;#0;&amp;#0;&amp;#0;&amp;#0;&amp;#0;&amp;#0;&amp;#0;&amp;#0;&amp;#0;&amp;#0;&amp;#0;&amp;#0;&amp;#0;&amp;#0;&amp;#0;&amp;#0;&amp;#0;&amp;#0;&amp;#0;&amp;#0;&amp;#0;&amp;#0;&amp;#0;&amp;#0;&amp;#0;&amp;#0;&amp;#0;&amp;#0;&amp;#0;&amp;#0;&amp;#0;&amp;#0;&amp;#0;&amp;#0;&amp;#0;&amp;#0;&amp;#0;&amp;#0;&amp;#0;&amp;#0;&amp;#0;&amp;#0;&amp;#0;&amp;#0;&amp;#0;&amp;#0;&amp;#0;&amp;#0;&amp;#0;&amp;#0;&amp;#0;&amp;#0;&amp;#0;&amp;#0;&amp;#0;&amp;#0;&amp;#0;&amp;#0;&amp;#0;&amp;#0;&amp;#0;&amp;#0;&amp;#0;&amp;#0;&amp;#0;&amp;#0;&amp;#0;&amp;#0;&amp;#0;&amp;#0;&amp;#0;&amp;#0;&amp;#0;&amp;#0;&amp;#0;&amp;#0;&amp;#0;&amp;#0;&amp;#0;&amp;#0;&amp;#0;&amp;#0;&amp;#0;&amp;#0;&amp;#0;&amp;#0;&amp;#0;&amp;#0;&amp;#0;&amp;#0;&amp;#0;&amp;#0;&amp;#0;&amp;#0;&amp;#0;&amp;#0;&amp;#0;&amp;#0;&amp;#0;&amp;#0;&amp;#0;&amp;#0;&amp;#0;&amp;#0;&amp;#0;&amp;#0;&amp;#0;&amp;#0;&amp;#0;&amp;#0;&amp;#0;&amp;#0;&amp;#0;&amp;#0;&amp;#0;&amp;#0;&amp;#0;&amp;#0;&amp;#0;&amp;#0;&amp;#0;&amp;#0;&amp;#0;&amp;#0;&amp;#0;&amp;#0;&amp;#0;&amp;#0;&amp;#0;&amp;#0;&amp;#0;&amp;#0;&amp;#0;&amp;#0;&amp;#0;&amp;#0;&amp;#0;&amp;#0;&amp;#0;&amp;#0;&amp;#0;&amp;#0;&amp;#0;&amp;#0;&amp;#0;&amp;#0;&amp;#0;&amp;#0;&amp;#0;&amp;#0;&amp;#0;&amp;#0;&amp;#0;&amp;#0;&amp;#0;&amp;#0;&amp;#0;&amp;#0;&amp;#0;&amp;#0;&amp;#0;&amp;#0;&amp;#0;&amp;#0;&amp;#0;&amp;#0;&amp;#0;&amp;#0;&amp;#0;&amp;#0;&amp;#0;&amp;#0;&amp;#0;&amp;#0;&amp;#0;&amp;#0;&amp;#0;&amp;#0;&amp;#0;&amp;#0;&amp;#0;&amp;#0;&amp;#0;&amp;#0;&amp;#0;&amp;#0;&amp;#0;&amp;#0;&amp;#0;&amp;#0;&amp;#0;&amp;#0;&amp;#0;&amp;#0;&amp;#0;&amp;#0;&amp;#0;&amp;#0;&amp;#0;&amp;#0;&amp;#0;&amp;#0;&amp;#0;&amp;#0;&amp;#0;&amp;#0;&amp;#0;&amp;#0;&amp;#0;&amp;#0;&amp;#0;&amp;#0;&amp;#0;&amp;#0;&amp;#0;&amp;#0;&amp;#0;&amp;#0;&amp;#0;&amp;#0;&amp;#0;&amp;#0;&amp;#0;&amp;#0;&amp;#0;&amp;#0;&amp;#0;&amp;#0;&amp;#0;&amp;#0;&amp;#0;&amp;#0;&amp;#0;&amp;#0;&amp;#0;&amp;#0;&amp;#0;&amp;#0;&amp;#0;&amp;#0;&amp;#0;&amp;#0;&amp;#0;&amp;#0;&amp;#0;&amp;#0;&amp;#0;&amp;#0;&amp;#0;&amp;#0;&amp;#0;&amp;#0;&amp;#0;&amp;#0;&amp;#0;&amp;#0;&amp;#0;&amp;#0;&amp;#0;&amp;#0;&amp;#0;&amp;#0;&amp;#0;&amp;#0;&amp;#0;&amp;#0;&amp;#0;&amp;#0;&amp;#0;&amp;#0;&amp;#0;&amp;#0;&amp;#0;&amp;#0;&amp;#0;&amp;#0;&amp;#0;&amp;#0;&amp;#0;&amp;#0;&amp;#0;&amp;#0;&amp;#0;&amp;#0;&amp;#0;&amp;#0;&amp;#0;&amp;#0;&amp;#0;&amp;#0;&amp;#0;&amp;#0;&amp;#0;&amp;#0;&amp;#0;&amp;#0;&amp;#0;&amp;#0;&amp;#0;&amp;#0;&amp;#0;&amp;#0;&amp;#0;&amp;#0;&amp;#0;&amp;#0;&amp;#0;&amp;#0;&amp;#0;&amp;#0;&amp;#0;&amp;#0;&amp;#0;&amp;#0;&amp;#0;&amp;#0;&amp;#0;&amp;#0;&amp;#0;&amp;#0;&amp;#0;&amp;#0;&amp;#0;&amp;#0;&amp;#0;&amp;#0;&amp;#0;&amp;#0;&amp;#0;&amp;#0;&amp;#0;&amp;#0;&amp;#0;&amp;#0;&amp;#0;&amp;#0;&amp;#0;&amp;#0;&amp;#0;&amp;#0;&amp;#0;&amp;#0;&amp;#0;&amp;#0;&amp;#0;&amp;#0;&amp;#0;&amp;#0;&amp;#0;&amp;#0;&amp;#0;&amp;#0;&amp;#0;&amp;#0;&amp;#0;&amp;#0;&amp;#0;&amp;#0;&amp;#0;&amp;#0;&amp;#0;&amp;#0;&amp;#0;&amp;#0;&amp;#0;&amp;#0;&amp;#0;&amp;#0;&amp;#0;&amp;#0;&amp;#0;&amp;#0;&amp;#0;&amp;#0;&amp;#0;&amp;#0;&amp;#0;&amp;#0;&amp;#0;&amp;#0;&amp;#0;&amp;#0;&amp;#0;&amp;#0;&amp;#0;&amp;#0;&amp;#0;&amp;#0;&amp;#0;&amp;#0;&amp;#0;&amp;#0;&amp;#0;&amp;#0;&amp;#0;&amp;#0;&amp;#0;&amp;#0;&amp;#0;&amp;#0;
14:06:38.197 [main] ERROR - Je passe ici ------------------------------------------------------
14:06:38.197 [main] ERROR - Exception occured during compilation!
java.util.MissingFormatArgumentException: Format specifier &apos;%s&apos;
	at java.util.Formatter.format(Formatter.java:2519) ~[?:1.8.0_91]
	at java.io.PrintWriter.format(PrintWriter.java:905) ~[?:1.8.0_91]
	at java.io.PrintWriter.printf(PrintWriter.java:804) ~[?:1.8.0_91]
	at be.unamur.info.b314.compiler.Visitor.PCodePrinter.printSetTo(PCodePrinter.java:78) ~[classes/:?]
	at be.unamur.info.b314.compiler.Visitor.PCodeVisitor.visitVarDecl(PCodeVisitor.java:625) ~[classes/:?]
	at be.unamur.info.b314.compiler.B314Parser$VarDeclContext.accept(B314Parser.java:405) ~[classes/:?]
	at be.unamur.info.b314.compiler.Visitor.PCodeVisitor.visitProgramme(PCodeVisitor.java:64) ~[classes/:?]
	at be.unamur.info.b314.compiler.B314Parser$ProgrammeContext.accept(B314Parser.java:4028) ~[classes/:?]
	at be.unamur.info.b314.compiler.main.Main.printPCode(Main.java:236) ~[classes/:?]
	at be.unamur.info.b314.compiler.main.Main.compile(Main.java:199) ~[classes/:?]
	at be.unamur.info.b314.compiler.main.Main.main(Main.java:79) [classes/:?]
	at be.unamur.info.b314.compiler.main.CompilerTestHelper.launchCompilation(CompilerTestHelper.java:35) [test-classes/:?]
	at be.unamur.info.b314.compiler.main.B314localvariabledeclSyntaxTest.testlocalvariabledecl_when_local_var_diff_names_than_global_vars_but_same_name_in_different_whens_ok(B314localvariabledeclSyntaxTest.java:69) [test-classes/:?]
	at sun.reflect.NativeMethodAccessorImpl.invoke0(Native Method) ~[?:1.8.0_91]
	at sun.reflect.NativeMethodAccessorImpl.invoke(NativeMethodAccessorImpl.java:62) ~[?:1.8.0_91]
	at sun.reflect.DelegatingMethodAccessorImpl.invoke(DelegatingMethodAccessorImpl.java:43) ~[?:1.8.0_91]
	at java.lang.reflect.Method.invoke(Method.java:498) ~[?:1.8.0_91]
	at org.junit.runners.model.FrameworkMethod$1.runReflectiveCall(FrameworkMethod.java:50) [junit-4.12.jar:4.12]
	at org.junit.internal.runners.model.ReflectiveCallable.run(ReflectiveCallable.java:12) [junit-4.12.jar:4.12]
	at org.junit.runners.model.FrameworkMethod.invokeExplosively(FrameworkMethod.java:47) [junit-4.12.jar:4.12]
	at org.junit.internal.runners.statements.InvokeMethod.evaluate(InvokeMethod.java:17) [junit-4.12.jar:4.12]
	at org.junit.rules.ExternalResource$1.evaluate(ExternalResource.java:48) [junit-4.12.jar:4.12]
	at org.junit.rules.TestWatcher$1.evaluate(TestWatcher.java:55) [junit-4.12.jar:4.12]
	at org.junit.rules.RunRules.evaluate(RunRules.java:20) [junit-4.12.jar:4.12]
	at org.junit.runners.ParentRunner.runLeaf(ParentRunner.java:325) [junit-4.12.jar:4.12]
	at org.junit.runners.BlockJUnit4ClassRunner.runChild(BlockJUnit4ClassRunner.java:78) [junit-4.12.jar:4.12]
	at org.junit.runners.BlockJUnit4ClassRunner.runChild(BlockJUnit4ClassRunner.java:57) [junit-4.12.jar:4.12]
	at org.junit.runners.ParentRunner$3.run(ParentRunner.java:290) [junit-4.12.jar:4.12]
	at org.junit.runners.ParentRunner$1.schedule(ParentRunner.java:71) [junit-4.12.jar:4.12]
	at org.junit.runners.ParentRunner.runChildren(ParentRunner.java:288) [junit-4.12.jar:4.12]
	at org.junit.runners.ParentRunner.access$000(ParentRunner.java:58) [junit-4.12.jar:4.12]
	at org.junit.runners.ParentRunner$2.evaluate(ParentRunner.java:268) [junit-4.12.jar:4.12]
	at org.junit.runners.ParentRunner.run(ParentRunner.java:363) [junit-4.12.jar:4.12]
	at org.apache.maven.surefire.junit4.JUnit4TestSet.execute(JUnit4TestSet.java:53) [surefire-junit4-2.10.jar:2.10]
	at org.apache.maven.surefire.junit4.JUnit4Provider.executeTestSet(JUnit4Provider.java:123) [surefire-junit4-2.10.jar:2.10]
	at org.apache.maven.surefire.junit4.JUnit4Provider.invoke(JUnit4Provider.java:104) [surefire-junit4-2.10.jar:2.10]
	at sun.reflect.NativeMethodAccessorImpl.invoke0(Native Method) ~[?:1.8.0_91]
	at sun.reflect.NativeMethodAccessorImpl.invoke(NativeMethodAccessorImpl.java:62) ~[?:1.8.0_91]
	at sun.reflect.DelegatingMethodAccessorImpl.invoke(DelegatingMethodAccessorImpl.java:43) ~[?:1.8.0_91]
	at java.lang.reflect.Method.invoke(Method.java:498) ~[?:1.8.0_91]
	at org.apache.maven.surefire.util.ReflectionUtils.invokeMethodWithArray(ReflectionUtils.java:164) [surefire-api-2.10.jar:2.10]
	at org.apache.maven.surefire.booter.ProviderFactory$ProviderProxy.invoke(ProviderFactory.java:110) [surefire-booter-2.10.jar:2.10]
	at org.apache.maven.surefire.booter.SurefireStarter.invokeProvider(SurefireStarter.java:175) [surefire-booter-2.10.jar:2.10]
	at org.apache.maven.surefire.booter.SurefireStarter.runSuitesInProcessWhenForked(SurefireStarter.java:107) [surefire-booter-2.10.jar:2.10]
	at org.apache.maven.surefire.booter.ForkedBooter.main(ForkedBooter.java:68) [surefire-booter-2.10.jar:2.10]
</system-out>
  </testcase>
  <testcase classname="be.unamur.info.b314.compiler.main.B314localvariabledeclSyntaxTest" name="testlocalvariabledecl_when_global_variables_are_indeed_hidden_by_local_variables_ko" time="0.011"/>
  <testcase classname="be.unamur.info.b314.compiler.main.B314localvariabledeclSyntaxTest" name="testlocalvariabledecl_when_local_var_same_names_ko" time="0.006"/>
  <testcase classname="be.unamur.info.b314.compiler.main.B314localvariabledeclSyntaxTest" name="testlocalvariabledecl_fct_local_var_same_name_as_parameter_ko" time="0.011"/>
  <testcase classname="be.unamur.info.b314.compiler.main.B314localvariabledeclSyntaxTest" name="testlocalvariabledecl_fct_global_variables_are_indeed_hidden_by_local_variables_ko" time="0.004"/>
  <testcase classname="be.unamur.info.b314.compiler.main.B314localvariabledeclSyntaxTest" name="testlocalvariabledecl_when_local_variable_diff_names_ok" time="0.005">
    <failure message="localvariabledecl: when_local_variable_diff_names
Expected: a string ending with &quot;OK\r\n&quot;
     but: was &quot;KO
&quot;" type="java.lang.AssertionError">java.lang.AssertionError: localvariabledecl: when_local_variable_diff_names
Expected: a string ending with &quot;OK\r\n&quot;
     but: was &quot;KO
&quot;
	at org.hamcrest.MatcherAssert.assertThat(MatcherAssert.java:20)
	at org.junit.Assert.assertThat(Assert.java:956)
	at be.unamur.info.b314.compiler.main.CompilerTestHelper.launchCompilation(CompilerTestHelper.java:42)
	at be.unamur.info.b314.compiler.main.B314localvariabledeclSyntaxTest.testlocalvariabledecl_when_local_variable_diff_names_ok(B314localvariabledeclSyntaxTest.java:84)
	at sun.reflect.NativeMethodAccessorImpl.invoke0(Native Method)
	at sun.reflect.NativeMethodAccessorImpl.invoke(NativeMethodAccessorImpl.java:62)
	at sun.reflect.DelegatingMethodAccessorImpl.invoke(DelegatingMethodAccessorImpl.java:43)
	at java.lang.reflect.Method.invoke(Method.java:498)
	at org.junit.runners.model.FrameworkMethod$1.runReflectiveCall(FrameworkMethod.java:50)
	at org.junit.internal.runners.model.ReflectiveCallable.run(ReflectiveCallable.java:12)
	at org.junit.runners.model.FrameworkMethod.invokeExplosively(FrameworkMethod.java:47)
	at org.junit.internal.runners.statements.InvokeMethod.evaluate(InvokeMethod.java:17)
	at org.junit.rules.ExternalResource$1.evaluate(ExternalResource.java:48)
	at org.junit.rules.TestWatcher$1.evaluate(TestWatcher.java:55)
	at org.junit.rules.RunRules.evaluate(RunRules.java:20)
	at org.junit.runners.ParentRunner.runLeaf(ParentRunner.java:325)
	at org.junit.runners.BlockJUnit4ClassRunner.runChild(BlockJUnit4ClassRunner.java:78)
	at org.junit.runners.BlockJUnit4ClassRunner.runChild(BlockJUnit4ClassRunner.java:57)
	at org.junit.runners.ParentRunner$3.run(ParentRunner.java:290)
	at org.junit.runners.ParentRunner$1.schedule(ParentRunner.java:71)
	at org.junit.runners.ParentRunner.runChildren(ParentRunner.java:288)
	at org.junit.runners.ParentRunner.access$000(ParentRunner.java:58)
	at org.junit.runners.ParentRunner$2.evaluate(ParentRunner.java:268)
	at org.junit.runners.ParentRunner.run(ParentRunner.java:363)
	at org.apache.maven.surefire.junit4.JUnit4TestSet.execute(JUnit4TestSet.java:53)
	at org.apache.maven.surefire.junit4.JUnit4Provider.executeTestSet(JUnit4Provider.java:123)
	at org.apache.maven.surefire.junit4.JUnit4Provider.invoke(JUnit4Provider.java:104)
	at sun.reflect.NativeMethodAccessorImpl.invoke0(Native Method)
	at sun.reflect.NativeMethodAccessorImpl.invoke(NativeMethodAccessorImpl.java:62)
	at sun.reflect.DelegatingMethodAccessorImpl.invoke(DelegatingMethodAccessorImpl.java:43)
	at java.lang.reflect.Method.invoke(Method.java:498)
	at org.apache.maven.surefire.util.ReflectionUtils.invokeMethodWithArray(ReflectionUtils.java:164)
	at org.apache.maven.surefire.booter.ProviderFactory$ProviderProxy.invoke(ProviderFactory.java:110)
	at org.apache.maven.surefire.booter.SurefireStarter.invokeProvider(SurefireStarter.java:175)
	at org.apache.maven.surefire.booter.SurefireStarter.runSuitesInProcessWhenForked(SurefireStarter.java:107)
	at org.apache.maven.surefire.booter.ForkedBooter.main(ForkedBooter.java:68)
</failure>
    <system-out>14:06:38.235 [main] INFO  - Starting test: testlocalvariabledecl_when_local_variable_diff_names_ok()...
org.apache.commons.cli.CommandLine@718607eb
14:06:38.238 [main] DEBUG - Initialisation
14:06:38.239 [main] DEBUG - Input file set to C:\Users\jessi\Documents\b314-Jour-MonkeyIsland\target\test-classes\syntax\localvariabledecl\ok\when_local_variable_diff_names.b314
14:06:38.239 [main] DEBUG - Output file set to C:\Users\jessi\AppData\Local\Temp\junit6671453425681183391\junit7616597113314842309.tmp
14:06:38.240 [main] DEBUG - Initialisation: done
jessica1
14:06:38.240 [main] DEBUG - Parsing input
/*

1

1,2,1

1,2,1,2,1
*/
declare and retain 
	b1 as boolean;
	b2 as boolean;
    i1 as integer; 
    i2 as integer; 
    v1 as boolean[5, 7];
    v2 as integer[42];
    
    fct1 as function():boolean
    	do
    		set fct1 to true 
    	done 
	
when your turn 

	when not b1 do
		set b1 to true
		next move north
	done

	when b1 
	declare local
		loc1 as integer;
		loc2 as boolean;
		loc3 as square;
		loc4 as integer[5];
	do
		set loc1 to 34
		set loc2 to false
		set b1 to loc1 &lt; 42 and loc2
		next move east
	done

	by default do 
		next do nothing
	done&amp;#0;&amp;#0;&amp;#0;&amp;#0;&amp;#0;&amp;#0;&amp;#0;&amp;#0;&amp;#0;&amp;#0;&amp;#0;&amp;#0;&amp;#0;&amp;#0;&amp;#0;&amp;#0;&amp;#0;&amp;#0;&amp;#0;&amp;#0;&amp;#0;&amp;#0;&amp;#0;&amp;#0;&amp;#0;&amp;#0;&amp;#0;&amp;#0;&amp;#0;&amp;#0;&amp;#0;&amp;#0;&amp;#0;&amp;#0;&amp;#0;&amp;#0;&amp;#0;&amp;#0;&amp;#0;&amp;#0;&amp;#0;&amp;#0;&amp;#0;&amp;#0;&amp;#0;&amp;#0;&amp;#0;&amp;#0;&amp;#0;&amp;#0;&amp;#0;&amp;#0;&amp;#0;&amp;#0;&amp;#0;&amp;#0;&amp;#0;&amp;#0;&amp;#0;&amp;#0;&amp;#0;&amp;#0;&amp;#0;&amp;#0;&amp;#0;&amp;#0;&amp;#0;&amp;#0;&amp;#0;&amp;#0;&amp;#0;&amp;#0;&amp;#0;&amp;#0;&amp;#0;&amp;#0;&amp;#0;&amp;#0;&amp;#0;&amp;#0;&amp;#0;&amp;#0;&amp;#0;&amp;#0;&amp;#0;&amp;#0;&amp;#0;&amp;#0;&amp;#0;&amp;#0;&amp;#0;&amp;#0;&amp;#0;&amp;#0;&amp;#0;&amp;#0;&amp;#0;&amp;#0;&amp;#0;&amp;#0;&amp;#0;&amp;#0;&amp;#0;&amp;#0;&amp;#0;&amp;#0;&amp;#0;&amp;#0;&amp;#0;&amp;#0;&amp;#0;&amp;#0;&amp;#0;&amp;#0;&amp;#0;&amp;#0;&amp;#0;&amp;#0;&amp;#0;&amp;#0;&amp;#0;&amp;#0;&amp;#0;&amp;#0;&amp;#0;&amp;#0;&amp;#0;&amp;#0;&amp;#0;&amp;#0;&amp;#0;&amp;#0;&amp;#0;&amp;#0;&amp;#0;&amp;#0;&amp;#0;&amp;#0;&amp;#0;&amp;#0;&amp;#0;&amp;#0;&amp;#0;&amp;#0;&amp;#0;&amp;#0;&amp;#0;&amp;#0;&amp;#0;&amp;#0;&amp;#0;&amp;#0;&amp;#0;&amp;#0;&amp;#0;&amp;#0;&amp;#0;&amp;#0;&amp;#0;&amp;#0;&amp;#0;&amp;#0;&amp;#0;&amp;#0;&amp;#0;&amp;#0;&amp;#0;&amp;#0;&amp;#0;&amp;#0;&amp;#0;&amp;#0;&amp;#0;&amp;#0;&amp;#0;&amp;#0;&amp;#0;&amp;#0;&amp;#0;&amp;#0;&amp;#0;&amp;#0;&amp;#0;&amp;#0;&amp;#0;&amp;#0;&amp;#0;&amp;#0;&amp;#0;&amp;#0;&amp;#0;&amp;#0;&amp;#0;&amp;#0;&amp;#0;&amp;#0;&amp;#0;&amp;#0;&amp;#0;&amp;#0;&amp;#0;&amp;#0;&amp;#0;&amp;#0;&amp;#0;&amp;#0;&amp;#0;&amp;#0;&amp;#0;&amp;#0;&amp;#0;&amp;#0;&amp;#0;&amp;#0;&amp;#0;&amp;#0;&amp;#0;&amp;#0;&amp;#0;&amp;#0;&amp;#0;&amp;#0;&amp;#0;&amp;#0;&amp;#0;&amp;#0;&amp;#0;&amp;#0;&amp;#0;&amp;#0;&amp;#0;&amp;#0;&amp;#0;&amp;#0;&amp;#0;&amp;#0;&amp;#0;&amp;#0;&amp;#0;&amp;#0;&amp;#0;&amp;#0;&amp;#0;&amp;#0;&amp;#0;&amp;#0;&amp;#0;&amp;#0;&amp;#0;&amp;#0;&amp;#0;&amp;#0;&amp;#0;&amp;#0;&amp;#0;&amp;#0;&amp;#0;&amp;#0;&amp;#0;&amp;#0;&amp;#0;&amp;#0;&amp;#0;&amp;#0;&amp;#0;&amp;#0;&amp;#0;&amp;#0;&amp;#0;&amp;#0;&amp;#0;&amp;#0;&amp;#0;&amp;#0;&amp;#0;&amp;#0;&amp;#0;&amp;#0;&amp;#0;&amp;#0;&amp;#0;&amp;#0;&amp;#0;&amp;#0;&amp;#0;&amp;#0;&amp;#0;&amp;#0;&amp;#0;&amp;#0;&amp;#0;&amp;#0;&amp;#0;&amp;#0;&amp;#0;&amp;#0;&amp;#0;&amp;#0;&amp;#0;&amp;#0;&amp;#0;&amp;#0;&amp;#0;&amp;#0;&amp;#0;&amp;#0;&amp;#0;&amp;#0;&amp;#0;&amp;#0;&amp;#0;&amp;#0;&amp;#0;&amp;#0;&amp;#0;&amp;#0;&amp;#0;&amp;#0;&amp;#0;&amp;#0;&amp;#0;&amp;#0;&amp;#0;&amp;#0;&amp;#0;&amp;#0;&amp;#0;&amp;#0;&amp;#0;&amp;#0;&amp;#0;&amp;#0;&amp;#0;&amp;#0;&amp;#0;&amp;#0;&amp;#0;&amp;#0;&amp;#0;&amp;#0;&amp;#0;&amp;#0;&amp;#0;&amp;#0;&amp;#0;&amp;#0;&amp;#0;&amp;#0;&amp;#0;&amp;#0;&amp;#0;&amp;#0;&amp;#0;&amp;#0;&amp;#0;&amp;#0;&amp;#0;&amp;#0;&amp;#0;&amp;#0;&amp;#0;&amp;#0;&amp;#0;&amp;#0;&amp;#0;&amp;#0;&amp;#0;&amp;#0;&amp;#0;&amp;#0;&amp;#0;&amp;#0;&amp;#0;&amp;#0;&amp;#0;&amp;#0;&amp;#0;&amp;#0;&amp;#0;&amp;#0;&amp;#0;&amp;#0;&amp;#0;&amp;#0;&amp;#0;&amp;#0;&amp;#0;&amp;#0;&amp;#0;&amp;#0;&amp;#0;&amp;#0;&amp;#0;&amp;#0;&amp;#0;&amp;#0;&amp;#0;&amp;#0;&amp;#0;&amp;#0;&amp;#0;&amp;#0;&amp;#0;&amp;#0;&amp;#0;&amp;#0;&amp;#0;&amp;#0;&amp;#0;&amp;#0;&amp;#0;&amp;#0;&amp;#0;&amp;#0;&amp;#0;&amp;#0;&amp;#0;&amp;#0;&amp;#0;&amp;#0;&amp;#0;&amp;#0;&amp;#0;&amp;#0;&amp;#0;&amp;#0;&amp;#0;&amp;#0;&amp;#0;&amp;#0;&amp;#0;&amp;#0;&amp;#0;&amp;#0;&amp;#0;&amp;#0;&amp;#0;&amp;#0;&amp;#0;&amp;#0;&amp;#0;&amp;#0;&amp;#0;&amp;#0;&amp;#0;&amp;#0;&amp;#0;&amp;#0;&amp;#0;&amp;#0;&amp;#0;&amp;#0;&amp;#0;&amp;#0;&amp;#0;&amp;#0;&amp;#0;&amp;#0;&amp;#0;&amp;#0;&amp;#0;&amp;#0;&amp;#0;&amp;#0;&amp;#0;&amp;#0;&amp;#0;&amp;#0;&amp;#0;&amp;#0;&amp;#0;&amp;#0;&amp;#0;&amp;#0;&amp;#0;&amp;#0;&amp;#0;&amp;#0;&amp;#0;&amp;#0;&amp;#0;&amp;#0;&amp;#0;&amp;#0;&amp;#0;&amp;#0;&amp;#0;&amp;#0;&amp;#0;&amp;#0;&amp;#0;&amp;#0;&amp;#0;&amp;#0;&amp;#0;&amp;#0;&amp;#0;&amp;#0;&amp;#0;&amp;#0;&amp;#0;&amp;#0;&amp;#0;&amp;#0;&amp;#0;&amp;#0;&amp;#0;&amp;#0;&amp;#0;&amp;#0;&amp;#0;&amp;#0;&amp;#0;&amp;#0;&amp;#0;&amp;#0;&amp;#0;&amp;#0;&amp;#0;&amp;#0;&amp;#0;&amp;#0;&amp;#0;&amp;#0;&amp;#0;&amp;#0;&amp;#0;&amp;#0;&amp;#0;&amp;#0;&amp;#0;&amp;#0;&amp;#0;&amp;#0;&amp;#0;&amp;#0;&amp;#0;&amp;#0;&amp;#0;&amp;#0;&amp;#0;&amp;#0;&amp;#0;&amp;#0;&amp;#0;&amp;#0;&amp;#0;&amp;#0;&amp;#0;&amp;#0;&amp;#0;&amp;#0;&amp;#0;&amp;#0;&amp;#0;&amp;#0;&amp;#0;&amp;#0;&amp;#0;&amp;#0;&amp;#0;&amp;#0;&amp;#0;&amp;#0;&amp;#0;&amp;#0;&amp;#0;&amp;#0;&amp;#0;&amp;#0;&amp;#0;&amp;#0;&amp;#0;&amp;#0;&amp;#0;&amp;#0;&amp;#0;&amp;#0;&amp;#0;&amp;#0;&amp;#0;&amp;#0;&amp;#0;&amp;#0;&amp;#0;&amp;#0;&amp;#0;&amp;#0;&amp;#0;&amp;#0;&amp;#0;&amp;#0;&amp;#0;&amp;#0;&amp;#0;&amp;#0;&amp;#0;&amp;#0;&amp;#0;&amp;#0;&amp;#0;&amp;#0;&amp;#0;&amp;#0;&amp;#0;&amp;#0;&amp;#0;&amp;#0;&amp;#0;&amp;#0;&amp;#0;&amp;#0;&amp;#0;&amp;#0;&amp;#0;&amp;#0;&amp;#0;&amp;#0;&amp;#0;&amp;#0;&amp;#0;&amp;#0;&amp;#0;&amp;#0;&amp;#0;&amp;#0;&amp;#0;&amp;#0;&amp;#0;&amp;#0;&amp;#0;&amp;#0;&amp;#0;&amp;#0;&amp;#0;&amp;#0;&amp;#0;&amp;#0;&amp;#0;&amp;#0;&amp;#0;&amp;#0;&amp;#0;&amp;#0;&amp;#0;&amp;#0;&amp;#0;&amp;#0;&amp;#0;&amp;#0;&amp;#0;&amp;#0;&amp;#0;&amp;#0;&amp;#0;&amp;#0;&amp;#0;&amp;#0;&amp;#0;&amp;#0;&amp;#0;&amp;#0;&amp;#0;&amp;#0;&amp;#0;&amp;#0;&amp;#0;&amp;#0;&amp;#0;&amp;#0;&amp;#0;&amp;#0;&amp;#0;&amp;#0;&amp;#0;&amp;#0;&amp;#0;&amp;#0;&amp;#0;&amp;#0;&amp;#0;&amp;#0;&amp;#0;&amp;#0;&amp;#0;&amp;#0;&amp;#0;&amp;#0;&amp;#0;&amp;#0;&amp;#0;&amp;#0;&amp;#0;&amp;#0;&amp;#0;&amp;#0;&amp;#0;&amp;#0;&amp;#0;&amp;#0;&amp;#0;&amp;#0;&amp;#0;&amp;#0;&amp;#0;&amp;#0;&amp;#0;&amp;#0;&amp;#0;&amp;#0;&amp;#0;&amp;#0;&amp;#0;&amp;#0;&amp;#0;&amp;#0;&amp;#0;&amp;#0;&amp;#0;&amp;#0;&amp;#0;&amp;#0;&amp;#0;&amp;#0;&amp;#0;&amp;#0;&amp;#0;&amp;#0;&amp;#0;&amp;#0;&amp;#0;&amp;#0;&amp;#0;&amp;#0;&amp;#0;&amp;#0;&amp;#0;&amp;#0;&amp;#0;&amp;#0;&amp;#0;&amp;#0;&amp;#0;&amp;#0;&amp;#0;&amp;#0;&amp;#0;&amp;#0;&amp;#0;&amp;#0;&amp;#0;&amp;#0;&amp;#0;&amp;#0;&amp;#0;&amp;#0;&amp;#0;&amp;#0;&amp;#0;&amp;#0;&amp;#0;&amp;#0;&amp;#0;&amp;#0;&amp;#0;&amp;#0;&amp;#0;&amp;#0;&amp;#0;&amp;#0;&amp;#0;&amp;#0;&amp;#0;&amp;#0;&amp;#0;&amp;#0;&amp;#0;&amp;#0;&amp;#0;&amp;#0;&amp;#0;&amp;#0;&amp;#0;&amp;#0;&amp;#0;&amp;#0;&amp;#0;&amp;#0;&amp;#0;&amp;#0;&amp;#0;&amp;#0;&amp;#0;&amp;#0;&amp;#0;&amp;#0;&amp;#0;&amp;#0;&amp;#0;&amp;#0;&amp;#0;&amp;#0;&amp;#0;&amp;#0;&amp;#0;&amp;#0;&amp;#0;&amp;#0;&amp;#0;&amp;#0;&amp;#0;&amp;#0;&amp;#0;&amp;#0;&amp;#0;&amp;#0;&amp;#0;&amp;#0;&amp;#0;&amp;#0;&amp;#0;&amp;#0;&amp;#0;&amp;#0;&amp;#0;&amp;#0;&amp;#0;&amp;#0;&amp;#0;&amp;#0;&amp;#0;&amp;#0;&amp;#0;&amp;#0;&amp;#0;&amp;#0;&amp;#0;&amp;#0;&amp;#0;&amp;#0;&amp;#0;&amp;#0;&amp;#0;&amp;#0;&amp;#0;&amp;#0;&amp;#0;&amp;#0;&amp;#0;&amp;#0;&amp;#0;&amp;#0;&amp;#0;&amp;#0;&amp;#0;&amp;#0;&amp;#0;&amp;#0;&amp;#0;&amp;#0;&amp;#0;&amp;#0;&amp;#0;&amp;#0;&amp;#0;&amp;#0;&amp;#0;&amp;#0;&amp;#0;&amp;#0;&amp;#0;&amp;#0;&amp;#0;&amp;#0;&amp;#0;&amp;#0;&amp;#0;&amp;#0;&amp;#0;&amp;#0;&amp;#0;&amp;#0;&amp;#0;&amp;#0;&amp;#0;&amp;#0;&amp;#0;&amp;#0;&amp;#0;&amp;#0;&amp;#0;&amp;#0;&amp;#0;&amp;#0;&amp;#0;&amp;#0;&amp;#0;&amp;#0;&amp;#0;&amp;#0;&amp;#0;&amp;#0;&amp;#0;&amp;#0;&amp;#0;&amp;#0;&amp;#0;&amp;#0;&amp;#0;&amp;#0;&amp;#0;&amp;#0;&amp;#0;&amp;#0;&amp;#0;&amp;#0;&amp;#0;&amp;#0;&amp;#0;&amp;#0;&amp;#0;&amp;#0;&amp;#0;&amp;#0;&amp;#0;&amp;#0;&amp;#0;&amp;#0;&amp;#0;&amp;#0;&amp;#0;&amp;#0;&amp;#0;&amp;#0;&amp;#0;&amp;#0;&amp;#0;&amp;#0;&amp;#0;&amp;#0;&amp;#0;&amp;#0;&amp;#0;&amp;#0;&amp;#0;&amp;#0;&amp;#0;&amp;#0;&amp;#0;&amp;#0;&amp;#0;&amp;#0;&amp;#0;&amp;#0;&amp;#0;&amp;#0;&amp;#0;&amp;#0;&amp;#0;&amp;#0;&amp;#0;&amp;#0;&amp;#0;&amp;#0;&amp;#0;&amp;#0;&amp;#0;&amp;#0;&amp;#0;&amp;#0;&amp;#0;&amp;#0;&amp;#0;&amp;#0;&amp;#0;&amp;#0;&amp;#0;&amp;#0;&amp;#0;&amp;#0;&amp;#0;&amp;#0;&amp;#0;&amp;#0;&amp;#0;&amp;#0;&amp;#0;&amp;#0;&amp;#0;&amp;#0;&amp;#0;&amp;#0;&amp;#0;&amp;#0;&amp;#0;&amp;#0;&amp;#0;&amp;#0;&amp;#0;&amp;#0;&amp;#0;&amp;#0;&amp;#0;&amp;#0;&amp;#0;&amp;#0;&amp;#0;&amp;#0;&amp;#0;&amp;#0;&amp;#0;&amp;#0;&amp;#0;&amp;#0;&amp;#0;&amp;#0;&amp;#0;&amp;#0;&amp;#0;&amp;#0;&amp;#0;&amp;#0;&amp;#0;&amp;#0;&amp;#0;&amp;#0;&amp;#0;&amp;#0;&amp;#0;&amp;#0;&amp;#0;&amp;#0;&amp;#0;&amp;#0;&amp;#0;&amp;#0;&amp;#0;&amp;#0;&amp;#0;&amp;#0;&amp;#0;&amp;#0;&amp;#0;&amp;#0;&amp;#0;&amp;#0;&amp;#0;&amp;#0;&amp;#0;&amp;#0;&amp;#0;&amp;#0;&amp;#0;&amp;#0;&amp;#0;&amp;#0;&amp;#0;&amp;#0;&amp;#0;&amp;#0;&amp;#0;&amp;#0;&amp;#0;&amp;#0;&amp;#0;&amp;#0;&amp;#0;&amp;#0;&amp;#0;&amp;#0;&amp;#0;&amp;#0;&amp;#0;&amp;#0;&amp;#0;&amp;#0;&amp;#0;&amp;#0;&amp;#0;&amp;#0;&amp;#0;&amp;#0;&amp;#0;&amp;#0;&amp;#0;&amp;#0;&amp;#0;&amp;#0;&amp;#0;&amp;#0;&amp;#0;&amp;#0;&amp;#0;&amp;#0;&amp;#0;&amp;#0;&amp;#0;&amp;#0;&amp;#0;&amp;#0;&amp;#0;&amp;#0;&amp;#0;&amp;#0;&amp;#0;&amp;#0;&amp;#0;&amp;#0;&amp;#0;&amp;#0;&amp;#0;&amp;#0;&amp;#0;&amp;#0;&amp;#0;&amp;#0;&amp;#0;&amp;#0;&amp;#0;&amp;#0;&amp;#0;&amp;#0;&amp;#0;&amp;#0;&amp;#0;&amp;#0;&amp;#0;&amp;#0;&amp;#0;&amp;#0;&amp;#0;&amp;#0;&amp;#0;&amp;#0;&amp;#0;&amp;#0;&amp;#0;&amp;#0;&amp;#0;&amp;#0;&amp;#0;&amp;#0;&amp;#0;&amp;#0;&amp;#0;&amp;#0;&amp;#0;&amp;#0;&amp;#0;&amp;#0;&amp;#0;&amp;#0;&amp;#0;&amp;#0;&amp;#0;&amp;#0;&amp;#0;&amp;#0;&amp;#0;&amp;#0;&amp;#0;&amp;#0;&amp;#0;&amp;#0;&amp;#0;&amp;#0;&amp;#0;&amp;#0;&amp;#0;&amp;#0;&amp;#0;&amp;#0;&amp;#0;&amp;#0;&amp;#0;&amp;#0;&amp;#0;&amp;#0;&amp;#0;&amp;#0;&amp;#0;&amp;#0;&amp;#0;&amp;#0;&amp;#0;&amp;#0;&amp;#0;&amp;#0;&amp;#0;&amp;#0;&amp;#0;&amp;#0;&amp;#0;&amp;#0;&amp;#0;&amp;#0;&amp;#0;&amp;#0;&amp;#0;&amp;#0;&amp;#0;&amp;#0;&amp;#0;&amp;#0;&amp;#0;&amp;#0;&amp;#0;&amp;#0;&amp;#0;&amp;#0;&amp;#0;&amp;#0;&amp;#0;&amp;#0;&amp;#0;&amp;#0;&amp;#0;&amp;#0;&amp;#0;&amp;#0;&amp;#0;&amp;#0;&amp;#0;&amp;#0;&amp;#0;&amp;#0;&amp;#0;&amp;#0;&amp;#0;&amp;#0;&amp;#0;&amp;#0;&amp;#0;&amp;#0;&amp;#0;&amp;#0;&amp;#0;&amp;#0;&amp;#0;&amp;#0;&amp;#0;&amp;#0;&amp;#0;&amp;#0;&amp;#0;&amp;#0;&amp;#0;&amp;#0;&amp;#0;&amp;#0;&amp;#0;&amp;#0;&amp;#0;&amp;#0;&amp;#0;&amp;#0;&amp;#0;&amp;#0;&amp;#0;&amp;#0;&amp;#0;&amp;#0;&amp;#0;&amp;#0;&amp;#0;&amp;#0;&amp;#0;&amp;#0;&amp;#0;&amp;#0;&amp;#0;&amp;#0;&amp;#0;&amp;#0;&amp;#0;&amp;#0;&amp;#0;&amp;#0;&amp;#0;&amp;#0;&amp;#0;&amp;#0;&amp;#0;&amp;#0;&amp;#0;&amp;#0;&amp;#0;&amp;#0;&amp;#0;&amp;#0;&amp;#0;&amp;#0;&amp;#0;&amp;#0;&amp;#0;&amp;#0;&amp;#0;&amp;#0;&amp;#0;&amp;#0;&amp;#0;&amp;#0;&amp;#0;&amp;#0;&amp;#0;&amp;#0;&amp;#0;&amp;#0;&amp;#0;&amp;#0;&amp;#0;&amp;#0;&amp;#0;&amp;#0;&amp;#0;&amp;#0;&amp;#0;&amp;#0;&amp;#0;&amp;#0;&amp;#0;&amp;#0;&amp;#0;&amp;#0;&amp;#0;&amp;#0;&amp;#0;&amp;#0;&amp;#0;&amp;#0;&amp;#0;&amp;#0;&amp;#0;&amp;#0;&amp;#0;&amp;#0;&amp;#0;&amp;#0;&amp;#0;&amp;#0;&amp;#0;&amp;#0;&amp;#0;&amp;#0;&amp;#0;&amp;#0;&amp;#0;&amp;#0;&amp;#0;&amp;#0;&amp;#0;&amp;#0;&amp;#0;&amp;#0;&amp;#0;&amp;#0;&amp;#0;&amp;#0;&amp;#0;&amp;#0;&amp;#0;&amp;#0;&amp;#0;&amp;#0;&amp;#0;&amp;#0;&amp;#0;&amp;#0;&amp;#0;&amp;#0;&amp;#0;&amp;#0;&amp;#0;&amp;#0;&amp;#0;&amp;#0;&amp;#0;&amp;#0;&amp;#0;&amp;#0;&amp;#0;&amp;#0;&amp;#0;&amp;#0;&amp;#0;&amp;#0;&amp;#0;&amp;#0;&amp;#0;&amp;#0;&amp;#0;&amp;#0;&amp;#0;&amp;#0;&amp;#0;&amp;#0;&amp;#0;&amp;#0;&amp;#0;&amp;#0;&amp;#0;&amp;#0;&amp;#0;&amp;#0;&amp;#0;&amp;#0;&amp;#0;&amp;#0;&amp;#0;&amp;#0;&amp;#0;&amp;#0;&amp;#0;&amp;#0;&amp;#0;&amp;#0;&amp;#0;&amp;#0;&amp;#0;&amp;#0;&amp;#0;&amp;#0;&amp;#0;&amp;#0;&amp;#0;&amp;#0;&amp;#0;&amp;#0;&amp;#0;&amp;#0;&amp;#0;&amp;#0;&amp;#0;&amp;#0;&amp;#0;&amp;#0;&amp;#0;&amp;#0;&amp;#0;&amp;#0;&amp;#0;&amp;#0;&amp;#0;&amp;#0;&amp;#0;&amp;#0;&amp;#0;&amp;#0;&amp;#0;&amp;#0;&amp;#0;&amp;#0;&amp;#0;&amp;#0;&amp;#0;&amp;#0;&amp;#0;&amp;#0;&amp;#0;&amp;#0;&amp;#0;&amp;#0;&amp;#0;&amp;#0;&amp;#0;&amp;#0;&amp;#0;&amp;#0;&amp;#0;&amp;#0;&amp;#0;&amp;#0;&amp;#0;&amp;#0;&amp;#0;&amp;#0;&amp;#0;&amp;#0;&amp;#0;&amp;#0;&amp;#0;&amp;#0;&amp;#0;&amp;#0;&amp;#0;&amp;#0;&amp;#0;
14:06:38.243 [main] ERROR - Je passe ici ------------------------------------------------------
14:06:38.244 [main] ERROR - Exception occured during compilation!
java.util.MissingFormatArgumentException: Format specifier &apos;%s&apos;
	at java.util.Formatter.format(Formatter.java:2519) ~[?:1.8.0_91]
	at java.io.PrintWriter.format(PrintWriter.java:905) ~[?:1.8.0_91]
	at java.io.PrintWriter.printf(PrintWriter.java:804) ~[?:1.8.0_91]
	at be.unamur.info.b314.compiler.Visitor.PCodePrinter.printSetTo(PCodePrinter.java:78) ~[classes/:?]
	at be.unamur.info.b314.compiler.Visitor.PCodeVisitor.visitVarDecl(PCodeVisitor.java:625) ~[classes/:?]
	at be.unamur.info.b314.compiler.B314Parser$VarDeclContext.accept(B314Parser.java:405) ~[classes/:?]
	at be.unamur.info.b314.compiler.Visitor.PCodeVisitor.visitProgramme(PCodeVisitor.java:64) ~[classes/:?]
	at be.unamur.info.b314.compiler.B314Parser$ProgrammeContext.accept(B314Parser.java:4028) ~[classes/:?]
	at be.unamur.info.b314.compiler.main.Main.printPCode(Main.java:236) ~[classes/:?]
	at be.unamur.info.b314.compiler.main.Main.compile(Main.java:199) ~[classes/:?]
	at be.unamur.info.b314.compiler.main.Main.main(Main.java:79) [classes/:?]
	at be.unamur.info.b314.compiler.main.CompilerTestHelper.launchCompilation(CompilerTestHelper.java:35) [test-classes/:?]
	at be.unamur.info.b314.compiler.main.B314localvariabledeclSyntaxTest.testlocalvariabledecl_when_local_variable_diff_names_ok(B314localvariabledeclSyntaxTest.java:84) [test-classes/:?]
	at sun.reflect.NativeMethodAccessorImpl.invoke0(Native Method) ~[?:1.8.0_91]
	at sun.reflect.NativeMethodAccessorImpl.invoke(NativeMethodAccessorImpl.java:62) ~[?:1.8.0_91]
	at sun.reflect.DelegatingMethodAccessorImpl.invoke(DelegatingMethodAccessorImpl.java:43) ~[?:1.8.0_91]
	at java.lang.reflect.Method.invoke(Method.java:498) ~[?:1.8.0_91]
	at org.junit.runners.model.FrameworkMethod$1.runReflectiveCall(FrameworkMethod.java:50) [junit-4.12.jar:4.12]
	at org.junit.internal.runners.model.ReflectiveCallable.run(ReflectiveCallable.java:12) [junit-4.12.jar:4.12]
	at org.junit.runners.model.FrameworkMethod.invokeExplosively(FrameworkMethod.java:47) [junit-4.12.jar:4.12]
	at org.junit.internal.runners.statements.InvokeMethod.evaluate(InvokeMethod.java:17) [junit-4.12.jar:4.12]
	at org.junit.rules.ExternalResource$1.evaluate(ExternalResource.java:48) [junit-4.12.jar:4.12]
	at org.junit.rules.TestWatcher$1.evaluate(TestWatcher.java:55) [junit-4.12.jar:4.12]
	at org.junit.rules.RunRules.evaluate(RunRules.java:20) [junit-4.12.jar:4.12]
	at org.junit.runners.ParentRunner.runLeaf(ParentRunner.java:325) [junit-4.12.jar:4.12]
	at org.junit.runners.BlockJUnit4ClassRunner.runChild(BlockJUnit4ClassRunner.java:78) [junit-4.12.jar:4.12]
	at org.junit.runners.BlockJUnit4ClassRunner.runChild(BlockJUnit4ClassRunner.java:57) [junit-4.12.jar:4.12]
	at org.junit.runners.ParentRunner$3.run(ParentRunner.java:290) [junit-4.12.jar:4.12]
	at org.junit.runners.ParentRunner$1.schedule(ParentRunner.java:71) [junit-4.12.jar:4.12]
	at org.junit.runners.ParentRunner.runChildren(ParentRunner.java:288) [junit-4.12.jar:4.12]
	at org.junit.runners.ParentRunner.access$000(ParentRunner.java:58) [junit-4.12.jar:4.12]
	at org.junit.runners.ParentRunner$2.evaluate(ParentRunner.java:268) [junit-4.12.jar:4.12]
	at org.junit.runners.ParentRunner.run(ParentRunner.java:363) [junit-4.12.jar:4.12]
	at org.apache.maven.surefire.junit4.JUnit4TestSet.execute(JUnit4TestSet.java:53) [surefire-junit4-2.10.jar:2.10]
	at org.apache.maven.surefire.junit4.JUnit4Provider.executeTestSet(JUnit4Provider.java:123) [surefire-junit4-2.10.jar:2.10]
	at org.apache.maven.surefire.junit4.JUnit4Provider.invoke(JUnit4Provider.java:104) [surefire-junit4-2.10.jar:2.10]
	at sun.reflect.NativeMethodAccessorImpl.invoke0(Native Method) ~[?:1.8.0_91]
	at sun.reflect.NativeMethodAccessorImpl.invoke(NativeMethodAccessorImpl.java:62) ~[?:1.8.0_91]
	at sun.reflect.DelegatingMethodAccessorImpl.invoke(DelegatingMethodAccessorImpl.java:43) ~[?:1.8.0_91]
	at java.lang.reflect.Method.invoke(Method.java:498) ~[?:1.8.0_91]
	at org.apache.maven.surefire.util.ReflectionUtils.invokeMethodWithArray(ReflectionUtils.java:164) [surefire-api-2.10.jar:2.10]
	at org.apache.maven.surefire.booter.ProviderFactory$ProviderProxy.invoke(ProviderFactory.java:110) [surefire-booter-2.10.jar:2.10]
	at org.apache.maven.surefire.booter.SurefireStarter.invokeProvider(SurefireStarter.java:175) [surefire-booter-2.10.jar:2.10]
	at org.apache.maven.surefire.booter.SurefireStarter.runSuitesInProcessWhenForked(SurefireStarter.java:107) [surefire-booter-2.10.jar:2.10]
	at org.apache.maven.surefire.booter.ForkedBooter.main(ForkedBooter.java:68) [surefire-booter-2.10.jar:2.10]
</system-out>
  </testcase>
</testsuite>