<?xml version="1.0" encoding="UTF-8" ?>
<testsuite tests="18" failures="12" name="be.unamur.info.b314.compiler.main.B314localvariabledeclSyntaxTest" time="0.882" errors="0" skipped="0">
  <properties>
    <property name="idea.version" value="2016.3.6"/>
    <property name="java.runtime.name" value="Java(TM) SE Runtime Environment"/>
    <property name="sun.boot.library.path" value="C:\Program Files\Java\jdk1.8.0_60\jre\bin"/>
    <property name="java.vm.version" value="25.60-b23"/>
    <property name="java.vm.vendor" value="Oracle Corporation"/>
    <property name="maven.multiModuleProjectDirectory" value="C:\Users\Nathalie Masudi\b314-Jour-MonkeyIsland"/>
    <property name="java.vendor.url" value="http://java.oracle.com/"/>
    <property name="path.separator" value=";"/>
    <property name="guice.disable.misplaced.annotation.check" value="true"/>
    <property name="java.vm.name" value="Java HotSpot(TM) 64-Bit Server VM"/>
    <property name="file.encoding.pkg" value="sun.io"/>
    <property name="idea.launcher.port" value="7532"/>
    <property name="user.script" value=""/>
    <property name="user.country" value="FR"/>
    <property name="sun.java.launcher" value="SUN_STANDARD"/>
    <property name="sun.os.patch.level" value=""/>
    <property name="java.vm.specification.name" value="Java Virtual Machine Specification"/>
    <property name="user.dir" value="C:\Users\Nathalie Masudi\b314-Jour-MonkeyIsland"/>
    <property name="java.runtime.version" value="1.8.0_60-b27"/>
    <property name="java.awt.graphicsenv" value="sun.awt.Win32GraphicsEnvironment"/>
    <property name="java.endorsed.dirs" value="C:\Program Files\Java\jdk1.8.0_60\jre\lib\endorsed"/>
    <property name="os.arch" value="amd64"/>
    <property name="java.io.tmpdir" value="C:\Users\NATHAL~1\AppData\Local\Temp\"/>
    <property name="line.separator" value="
"/>
    <property name="java.vm.specification.vendor" value="Oracle Corporation"/>
    <property name="user.variant" value=""/>
    <property name="os.name" value="Windows 7"/>
    <property name="classworlds.conf" value="C:\Program Files (x86)\JetBrains\IntelliJ IDEA Community Edition 2016.3.4\plugins\maven\lib\maven3\bin\m2.conf"/>
    <property name="sun.jnu.encoding" value="Cp1252"/>
    <property name="java.library.path" value="C:\Program Files\Java\jdk1.8.0_60\bin;C:\Windows\Sun\Java\bin;C:\Windows\system32;C:\Windows;C:\ProgramData\Oracle\Java\javapath;c:\Program Files (x86)\AMD APP\bin\x86_64;c:\Program Files (x86)\AMD APP\bin\x86;C:\Windows\system32;C:\Windows;C:\Windows\System32\Wbem;C:\Windows\System32\WindowsPowerShell\v1.0\;C:\Program Files\7-Zip;C:\Program Files\Java\jdk1.8.0_60\bin;C:\Program Files\PuTTY\;C:\Program Files\apache-maven-3.3.9\bin;C:\Program Files\Java\jdk1.8.0_60;."/>
    <property name="java.specification.name" value="Java Platform API Specification"/>
    <property name="java.class.version" value="52.0"/>
    <property name="sun.management.compiler" value="HotSpot 64-Bit Tiered Compilers"/>
    <property name="os.version" value="6.1"/>
    <property name="user.home" value="C:\Users\Nathalie Masudi"/>
    <property name="user.timezone" value="Europe/Paris"/>
    <property name="java.awt.printerjob" value="sun.awt.windows.WPrinterJob"/>
    <property name="java.specification.version" value="1.8"/>
    <property name="idea.launcher.bin.path" value="C:\Program Files (x86)\JetBrains\IntelliJ IDEA Community Edition 2016.3.4\bin"/>
    <property name="file.encoding" value="UTF-8"/>
    <property name="user.name" value="Nathalie Masudi"/>
    <property name="java.class.path" value="C:\Program Files (x86)\JetBrains\IntelliJ IDEA Community Edition 2016.3.4\plugins\maven\lib\maven3\boot\plexus-classworlds-2.5.2.jar;C:\Program Files (x86)\JetBrains\IntelliJ IDEA Community Edition 2016.3.4\lib\idea_rt.jar"/>
    <property name="java.vm.specification.version" value="1.8"/>
    <property name="sun.arch.data.model" value="64"/>
    <property name="java.home" value="C:\Program Files\Java\jdk1.8.0_60\jre"/>
    <property name="sun.java.command" value="com.intellij.rt.execution.application.AppMain org.codehaus.classworlds.Launcher -Didea.version=2016.3.6 test"/>
    <property name="java.specification.vendor" value="Oracle Corporation"/>
    <property name="user.language" value="fr"/>
    <property name="awt.toolkit" value="sun.awt.windows.WToolkit"/>
    <property name="java.vm.info" value="mixed mode"/>
    <property name="java.version" value="1.8.0_60"/>
    <property name="java.ext.dirs" value="C:\Program Files\Java\jdk1.8.0_60\jre\lib\ext;C:\Windows\Sun\Java\lib\ext"/>
    <property name="sun.boot.class.path" value="C:\Program Files\Java\jdk1.8.0_60\jre\lib\resources.jar;C:\Program Files\Java\jdk1.8.0_60\jre\lib\rt.jar;C:\Program Files\Java\jdk1.8.0_60\jre\lib\sunrsasign.jar;C:\Program Files\Java\jdk1.8.0_60\jre\lib\jsse.jar;C:\Program Files\Java\jdk1.8.0_60\jre\lib\jce.jar;C:\Program Files\Java\jdk1.8.0_60\jre\lib\charsets.jar;C:\Program Files\Java\jdk1.8.0_60\jre\lib\jfr.jar;C:\Program Files\Java\jdk1.8.0_60\jre\classes"/>
    <property name="java.vendor" value="Oracle Corporation"/>
    <property name="maven.home" value="C:\Program Files (x86)\JetBrains\IntelliJ IDEA Community Edition 2016.3.4\plugins\maven\lib\maven3"/>
    <property name="file.separator" value="\"/>
    <property name="java.vendor.url.bug" value="http://bugreport.sun.com/bugreport/"/>
    <property name="sun.cpu.endian" value="little"/>
    <property name="sun.io.unicode.encoding" value="UnicodeLittle"/>
    <property name="sun.desktop" value="windows"/>
    <property name="sun.cpu.isalist" value="amd64"/>
  </properties>
  <testcase classname="be.unamur.info.b314.compiler.main.B314localvariabledeclSyntaxTest" name="testlocalvariabledecl_mixing_ok" time="0.004">
    <failure message="localvariabledecl: mixing
Expected: a string ending with &quot;OK\r\n&quot;
     but: was &quot;KO
&quot;" type="java.lang.AssertionError">java.lang.AssertionError: localvariabledecl: mixing
Expected: a string ending with &quot;OK\r\n&quot;
     but: was &quot;KO
&quot;
	at org.hamcrest.MatcherAssert.assertThat(MatcherAssert.java:20)
	at org.junit.Assert.assertThat(Assert.java:956)
	at be.unamur.info.b314.compiler.main.CompilerTestHelper.launchCompilation(CompilerTestHelper.java:42)
	at be.unamur.info.b314.compiler.main.B314localvariabledeclSyntaxTest.testlocalvariabledecl_mixing_ok(B314localvariabledeclSyntaxTest.java:39)
	at sun.reflect.NativeMethodAccessorImpl.invoke0(Native Method)
	at sun.reflect.NativeMethodAccessorImpl.invoke(NativeMethodAccessorImpl.java:62)
	at sun.reflect.DelegatingMethodAccessorImpl.invoke(DelegatingMethodAccessorImpl.java:43)
	at java.lang.reflect.Method.invoke(Method.java:497)
	at org.junit.runners.model.FrameworkMethod$1.runReflectiveCall(FrameworkMethod.java:50)
	at org.junit.internal.runners.model.ReflectiveCallable.run(ReflectiveCallable.java:12)
	at org.junit.runners.model.FrameworkMethod.invokeExplosively(FrameworkMethod.java:47)
	at org.junit.internal.runners.statements.InvokeMethod.evaluate(InvokeMethod.java:17)
	at org.junit.rules.ExternalResource$1.evaluate(ExternalResource.java:48)
	at org.junit.rules.TestWatcher$1.evaluate(TestWatcher.java:55)
	at org.junit.rules.RunRules.evaluate(RunRules.java:20)
	at org.junit.runners.ParentRunner.runLeaf(ParentRunner.java:325)
	at org.junit.runners.BlockJUnit4ClassRunner.runChild(BlockJUnit4ClassRunner.java:78)
	at org.junit.runners.BlockJUnit4ClassRunner.runChild(BlockJUnit4ClassRunner.java:57)
	at org.junit.runners.ParentRunner$3.run(ParentRunner.java:290)
	at org.junit.runners.ParentRunner$1.schedule(ParentRunner.java:71)
	at org.junit.runners.ParentRunner.runChildren(ParentRunner.java:288)
	at org.junit.runners.ParentRunner.access$000(ParentRunner.java:58)
	at org.junit.runners.ParentRunner$2.evaluate(ParentRunner.java:268)
	at org.junit.runners.ParentRunner.run(ParentRunner.java:363)
	at org.apache.maven.surefire.junit4.JUnit4Provider.execute(JUnit4Provider.java:252)
	at org.apache.maven.surefire.junit4.JUnit4Provider.executeTestSet(JUnit4Provider.java:141)
	at org.apache.maven.surefire.junit4.JUnit4Provider.invoke(JUnit4Provider.java:112)
	at sun.reflect.NativeMethodAccessorImpl.invoke0(Native Method)
	at sun.reflect.NativeMethodAccessorImpl.invoke(NativeMethodAccessorImpl.java:62)
	at sun.reflect.DelegatingMethodAccessorImpl.invoke(DelegatingMethodAccessorImpl.java:43)
	at java.lang.reflect.Method.invoke(Method.java:497)
	at org.apache.maven.surefire.util.ReflectionUtils.invokeMethodWithArray(ReflectionUtils.java:189)
	at org.apache.maven.surefire.booter.ProviderFactory$ProviderProxy.invoke(ProviderFactory.java:165)
	at org.apache.maven.surefire.booter.ProviderFactory.invokeProvider(ProviderFactory.java:85)
	at org.apache.maven.surefire.booter.ForkedBooter.runSuitesInProcess(ForkedBooter.java:115)
	at org.apache.maven.surefire.booter.ForkedBooter.main(ForkedBooter.java:75)
</failure>
    <system-out>12:46:29.726 [main] INFO  - Starting test: testlocalvariabledecl_mixing_ok()...
org.apache.commons.cli.CommandLine@27a0a5a2
12:46:29.730 [main] DEBUG - Initialisation
12:46:29.730 [main] DEBUG - Input file set to C:\Users\Nathalie Masudi\b314-Jour-MonkeyIsland\target\test-classes\syntax\localvariabledecl\ok\mixing.b314
12:46:29.731 [main] DEBUG - Output file set to C:\Users\NATHAL~1\AppData\Local\Temp\junit7918872171606889299\junit5669453219951171081.tmp
12:46:29.731 [main] DEBUG - Initialisation: done
jessica1
12:46:29.743 [main] DEBUG - Parsing input
/* My comments */ 
declare and retain 
	b1 as boolean;
	b2 as boolean;
    i1 as integer; 
    i2 as integer;
    i3 as integer;
    s1 as square;
    s2 as square;
    v1 as boolean[5, 7];
    v2 as integer[42];

    fct1 as function():square
    	do
    		skip
    	done 

    fct2 as function(x as integer, y as boolean):integer
    	declare local
    		loc1 as integer;
    		loc2 as boolean;
    		loc3 as square;
    		loc4 as integer[5];
    		b1 as integer;
    		s1 as boolean;
    	do
    		compute s1 and b1 = 42 or loc2
    	done 

    fct3 as function():boolean
    	declare local
    		loc1 as integer;
    		loc2 as boolean;
    		loc3 as square;
    		loc4 as integer[5];
    	do
    		skip
    	done 

    fct4 as function():square
    	declare local
    		loc1 as integer;
    		loc2 as boolean;
    		loc3 as square;
    		loc4 as integer[5];
    	do
    		compute loc1 + 2 - loc4[0 + 1 - i1] = 5 and not loc2 or loc3 = dirt
    	done 

    fct5 as function(x as integer, y as boolean, z as square):integer
    	declare local
    		loc1 as integer;
    		loc2 as boolean;
    		loc3 as square;
    		loc4 as integer[5];
    		v1 as integer[42];
    	do
    		set v1[0] to 42
    	done 
    	
when your turn 

	when true and b1 or v1[0, i1 + 2 * 5] do
		if b1 and i1 = 2 then
			while i1 &lt; i3 do
				set i2 to i1 + 1
			done
		else
			if s1 = ammo then
				next do nothing
			done
		done
	done 

	when v1[0, i2 + 2] 
	declare local
		loc1 as integer;
		loc2 as boolean;
		loc3 as square;
		loc4 as integer[5];
		v1 as integer[42];
	do
		set v1[0] to 42
	done

	when not graal is north and i2 &gt; 5 and v2[4] &lt; 42 or s1 = dirt 
	declare local
		loc1 as integer;
		loc2 as boolean;
		loc3 as square;
		loc4 as integer[5];
	do
    	compute fct1()
    	set s1 to fct1()
    	if fct5(i1 + 2, s2 = ammo, ennemi) &gt; 2 then
    		skip
    	done
    	while fct3() do
    		skip
    	done
    	next move west
	done
	
	when true and false and not b1 and s1 = dirt
	declare local
		loc1 as integer;
		loc2 as boolean;
		loc3 as square;
		loc4 as integer[5];
		b1 as integer;
		s1 as boolean;
    do
	    compute loc1 + 2 - loc4[0 + 1 - i1] = 5 and not loc2 or loc3 = dirt
    done
    
    by default 
	declare local
		loc1 as integer;
		loc2 as boolean;
		loc3 as square;
		loc4 as integer[5];
		b1 as integer;
		s1 as boolean;
	do 
		compute s1 and b1 = 42 or loc2 
	done&amp;#0;&amp;#0;&amp;#0;&amp;#0;&amp;#0;&amp;#0;&amp;#0;&amp;#0;&amp;#0;&amp;#0;&amp;#0;&amp;#0;&amp;#0;&amp;#0;&amp;#0;&amp;#0;&amp;#0;&amp;#0;&amp;#0;&amp;#0;&amp;#0;&amp;#0;&amp;#0;&amp;#0;&amp;#0;&amp;#0;&amp;#0;&amp;#0;&amp;#0;&amp;#0;&amp;#0;&amp;#0;&amp;#0;&amp;#0;&amp;#0;&amp;#0;&amp;#0;&amp;#0;&amp;#0;&amp;#0;&amp;#0;&amp;#0;&amp;#0;&amp;#0;&amp;#0;&amp;#0;&amp;#0;&amp;#0;&amp;#0;&amp;#0;&amp;#0;&amp;#0;&amp;#0;&amp;#0;&amp;#0;&amp;#0;&amp;#0;&amp;#0;&amp;#0;&amp;#0;&amp;#0;&amp;#0;&amp;#0;&amp;#0;&amp;#0;&amp;#0;&amp;#0;&amp;#0;&amp;#0;&amp;#0;&amp;#0;&amp;#0;&amp;#0;&amp;#0;&amp;#0;&amp;#0;&amp;#0;&amp;#0;&amp;#0;&amp;#0;&amp;#0;&amp;#0;&amp;#0;&amp;#0;&amp;#0;&amp;#0;&amp;#0;&amp;#0;&amp;#0;&amp;#0;&amp;#0;&amp;#0;&amp;#0;&amp;#0;&amp;#0;&amp;#0;&amp;#0;&amp;#0;&amp;#0;&amp;#0;&amp;#0;&amp;#0;&amp;#0;&amp;#0;&amp;#0;&amp;#0;&amp;#0;&amp;#0;&amp;#0;&amp;#0;&amp;#0;&amp;#0;&amp;#0;&amp;#0;&amp;#0;&amp;#0;&amp;#0;&amp;#0;&amp;#0;&amp;#0;&amp;#0;&amp;#0;&amp;#0;&amp;#0;&amp;#0;&amp;#0;&amp;#0;&amp;#0;&amp;#0;&amp;#0;&amp;#0;&amp;#0;&amp;#0;&amp;#0;&amp;#0;&amp;#0;&amp;#0;&amp;#0;&amp;#0;&amp;#0;&amp;#0;&amp;#0;&amp;#0;&amp;#0;&amp;#0;&amp;#0;&amp;#0;&amp;#0;&amp;#0;&amp;#0;&amp;#0;&amp;#0;&amp;#0;&amp;#0;&amp;#0;&amp;#0;&amp;#0;&amp;#0;&amp;#0;&amp;#0;&amp;#0;&amp;#0;&amp;#0;&amp;#0;&amp;#0;&amp;#0;&amp;#0;&amp;#0;&amp;#0;&amp;#0;&amp;#0;&amp;#0;&amp;#0;&amp;#0;&amp;#0;&amp;#0;&amp;#0;&amp;#0;&amp;#0;&amp;#0;&amp;#0;&amp;#0;&amp;#0;&amp;#0;&amp;#0;&amp;#0;&amp;#0;&amp;#0;&amp;#0;&amp;#0;&amp;#0;&amp;#0;&amp;#0;&amp;#0;&amp;#0;&amp;#0;&amp;#0;&amp;#0;&amp;#0;&amp;#0;&amp;#0;&amp;#0;&amp;#0;&amp;#0;&amp;#0;&amp;#0;&amp;#0;&amp;#0;&amp;#0;&amp;#0;&amp;#0;&amp;#0;&amp;#0;&amp;#0;&amp;#0;&amp;#0;&amp;#0;&amp;#0;&amp;#0;&amp;#0;&amp;#0;&amp;#0;&amp;#0;&amp;#0;&amp;#0;&amp;#0;&amp;#0;&amp;#0;&amp;#0;&amp;#0;&amp;#0;&amp;#0;&amp;#0;&amp;#0;&amp;#0;&amp;#0;&amp;#0;&amp;#0;&amp;#0;&amp;#0;&amp;#0;&amp;#0;&amp;#0;&amp;#0;&amp;#0;&amp;#0;&amp;#0;&amp;#0;&amp;#0;&amp;#0;&amp;#0;&amp;#0;&amp;#0;&amp;#0;&amp;#0;&amp;#0;&amp;#0;&amp;#0;&amp;#0;&amp;#0;&amp;#0;&amp;#0;&amp;#0;&amp;#0;&amp;#0;&amp;#0;&amp;#0;&amp;#0;&amp;#0;&amp;#0;&amp;#0;&amp;#0;&amp;#0;&amp;#0;&amp;#0;&amp;#0;&amp;#0;&amp;#0;&amp;#0;&amp;#0;&amp;#0;&amp;#0;&amp;#0;&amp;#0;&amp;#0;&amp;#0;&amp;#0;&amp;#0;&amp;#0;&amp;#0;&amp;#0;&amp;#0;&amp;#0;&amp;#0;&amp;#0;&amp;#0;&amp;#0;&amp;#0;&amp;#0;&amp;#0;&amp;#0;&amp;#0;&amp;#0;&amp;#0;&amp;#0;&amp;#0;&amp;#0;&amp;#0;&amp;#0;&amp;#0;&amp;#0;&amp;#0;&amp;#0;&amp;#0;&amp;#0;&amp;#0;&amp;#0;&amp;#0;&amp;#0;&amp;#0;&amp;#0;&amp;#0;&amp;#0;&amp;#0;&amp;#0;&amp;#0;&amp;#0;&amp;#0;&amp;#0;&amp;#0;&amp;#0;&amp;#0;&amp;#0;&amp;#0;&amp;#0;&amp;#0;&amp;#0;&amp;#0;&amp;#0;&amp;#0;&amp;#0;&amp;#0;&amp;#0;&amp;#0;&amp;#0;&amp;#0;&amp;#0;&amp;#0;&amp;#0;&amp;#0;&amp;#0;&amp;#0;&amp;#0;&amp;#0;&amp;#0;&amp;#0;&amp;#0;&amp;#0;&amp;#0;&amp;#0;&amp;#0;&amp;#0;&amp;#0;&amp;#0;&amp;#0;&amp;#0;&amp;#0;&amp;#0;&amp;#0;&amp;#0;&amp;#0;&amp;#0;&amp;#0;&amp;#0;&amp;#0;&amp;#0;&amp;#0;&amp;#0;&amp;#0;&amp;#0;&amp;#0;&amp;#0;&amp;#0;&amp;#0;&amp;#0;&amp;#0;&amp;#0;&amp;#0;&amp;#0;&amp;#0;&amp;#0;&amp;#0;&amp;#0;&amp;#0;&amp;#0;&amp;#0;&amp;#0;&amp;#0;&amp;#0;&amp;#0;&amp;#0;&amp;#0;&amp;#0;&amp;#0;&amp;#0;&amp;#0;&amp;#0;&amp;#0;&amp;#0;&amp;#0;&amp;#0;&amp;#0;&amp;#0;&amp;#0;&amp;#0;&amp;#0;&amp;#0;&amp;#0;&amp;#0;&amp;#0;&amp;#0;&amp;#0;&amp;#0;&amp;#0;&amp;#0;&amp;#0;&amp;#0;&amp;#0;&amp;#0;&amp;#0;&amp;#0;&amp;#0;&amp;#0;&amp;#0;&amp;#0;&amp;#0;&amp;#0;&amp;#0;&amp;#0;&amp;#0;&amp;#0;&amp;#0;&amp;#0;&amp;#0;&amp;#0;&amp;#0;&amp;#0;&amp;#0;&amp;#0;&amp;#0;&amp;#0;&amp;#0;&amp;#0;&amp;#0;&amp;#0;&amp;#0;&amp;#0;&amp;#0;&amp;#0;&amp;#0;&amp;#0;&amp;#0;&amp;#0;&amp;#0;&amp;#0;&amp;#0;&amp;#0;&amp;#0;&amp;#0;&amp;#0;&amp;#0;&amp;#0;&amp;#0;&amp;#0;&amp;#0;&amp;#0;&amp;#0;&amp;#0;&amp;#0;&amp;#0;&amp;#0;&amp;#0;&amp;#0;&amp;#0;&amp;#0;&amp;#0;&amp;#0;&amp;#0;&amp;#0;&amp;#0;&amp;#0;&amp;#0;&amp;#0;&amp;#0;&amp;#0;&amp;#0;&amp;#0;&amp;#0;&amp;#0;&amp;#0;&amp;#0;&amp;#0;&amp;#0;&amp;#0;&amp;#0;&amp;#0;&amp;#0;&amp;#0;&amp;#0;&amp;#0;&amp;#0;&amp;#0;&amp;#0;&amp;#0;&amp;#0;&amp;#0;&amp;#0;&amp;#0;&amp;#0;&amp;#0;&amp;#0;&amp;#0;&amp;#0;&amp;#0;&amp;#0;&amp;#0;&amp;#0;&amp;#0;&amp;#0;&amp;#0;&amp;#0;&amp;#0;&amp;#0;&amp;#0;&amp;#0;&amp;#0;&amp;#0;&amp;#0;&amp;#0;&amp;#0;&amp;#0;&amp;#0;&amp;#0;&amp;#0;&amp;#0;&amp;#0;&amp;#0;&amp;#0;&amp;#0;&amp;#0;&amp;#0;&amp;#0;&amp;#0;&amp;#0;&amp;#0;&amp;#0;&amp;#0;&amp;#0;&amp;#0;&amp;#0;&amp;#0;&amp;#0;&amp;#0;&amp;#0;&amp;#0;&amp;#0;&amp;#0;&amp;#0;&amp;#0;&amp;#0;&amp;#0;&amp;#0;&amp;#0;&amp;#0;&amp;#0;&amp;#0;&amp;#0;&amp;#0;&amp;#0;&amp;#0;&amp;#0;&amp;#0;&amp;#0;&amp;#0;&amp;#0;&amp;#0;&amp;#0;&amp;#0;&amp;#0;&amp;#0;&amp;#0;&amp;#0;&amp;#0;&amp;#0;&amp;#0;&amp;#0;&amp;#0;&amp;#0;&amp;#0;&amp;#0;&amp;#0;&amp;#0;&amp;#0;&amp;#0;&amp;#0;&amp;#0;&amp;#0;&amp;#0;&amp;#0;&amp;#0;&amp;#0;&amp;#0;&amp;#0;&amp;#0;&amp;#0;&amp;#0;&amp;#0;&amp;#0;&amp;#0;&amp;#0;&amp;#0;&amp;#0;&amp;#0;&amp;#0;&amp;#0;&amp;#0;&amp;#0;&amp;#0;&amp;#0;&amp;#0;&amp;#0;&amp;#0;&amp;#0;&amp;#0;&amp;#0;&amp;#0;&amp;#0;&amp;#0;&amp;#0;&amp;#0;&amp;#0;&amp;#0;&amp;#0;&amp;#0;&amp;#0;&amp;#0;&amp;#0;&amp;#0;&amp;#0;&amp;#0;&amp;#0;&amp;#0;&amp;#0;&amp;#0;&amp;#0;&amp;#0;&amp;#0;&amp;#0;&amp;#0;&amp;#0;&amp;#0;&amp;#0;&amp;#0;&amp;#0;&amp;#0;&amp;#0;&amp;#0;&amp;#0;&amp;#0;&amp;#0;&amp;#0;&amp;#0;&amp;#0;&amp;#0;&amp;#0;&amp;#0;&amp;#0;&amp;#0;&amp;#0;&amp;#0;&amp;#0;&amp;#0;&amp;#0;&amp;#0;&amp;#0;&amp;#0;&amp;#0;&amp;#0;&amp;#0;&amp;#0;&amp;#0;&amp;#0;&amp;#0;&amp;#0;&amp;#0;&amp;#0;&amp;#0;&amp;#0;&amp;#0;&amp;#0;&amp;#0;&amp;#0;&amp;#0;&amp;#0;&amp;#0;&amp;#0;&amp;#0;&amp;#0;&amp;#0;&amp;#0;&amp;#0;&amp;#0;&amp;#0;&amp;#0;&amp;#0;&amp;#0;&amp;#0;&amp;#0;&amp;#0;&amp;#0;&amp;#0;&amp;#0;&amp;#0;&amp;#0;&amp;#0;&amp;#0;&amp;#0;&amp;#0;&amp;#0;&amp;#0;&amp;#0;&amp;#0;&amp;#0;&amp;#0;&amp;#0;&amp;#0;&amp;#0;&amp;#0;&amp;#0;&amp;#0;&amp;#0;&amp;#0;&amp;#0;&amp;#0;&amp;#0;&amp;#0;&amp;#0;&amp;#0;&amp;#0;&amp;#0;&amp;#0;&amp;#0;&amp;#0;&amp;#0;&amp;#0;&amp;#0;&amp;#0;&amp;#0;&amp;#0;&amp;#0;&amp;#0;&amp;#0;&amp;#0;&amp;#0;&amp;#0;&amp;#0;&amp;#0;&amp;#0;&amp;#0;&amp;#0;&amp;#0;&amp;#0;&amp;#0;&amp;#0;&amp;#0;&amp;#0;&amp;#0;&amp;#0;&amp;#0;&amp;#0;&amp;#0;&amp;#0;&amp;#0;&amp;#0;&amp;#0;&amp;#0;&amp;#0;&amp;#0;&amp;#0;&amp;#0;&amp;#0;&amp;#0;&amp;#0;&amp;#0;&amp;#0;&amp;#0;&amp;#0;&amp;#0;&amp;#0;&amp;#0;&amp;#0;&amp;#0;&amp;#0;&amp;#0;&amp;#0;&amp;#0;&amp;#0;&amp;#0;&amp;#0;&amp;#0;&amp;#0;&amp;#0;&amp;#0;&amp;#0;&amp;#0;&amp;#0;&amp;#0;&amp;#0;&amp;#0;&amp;#0;&amp;#0;&amp;#0;&amp;#0;&amp;#0;&amp;#0;&amp;#0;&amp;#0;&amp;#0;&amp;#0;&amp;#0;&amp;#0;&amp;#0;&amp;#0;&amp;#0;&amp;#0;&amp;#0;&amp;#0;&amp;#0;&amp;#0;&amp;#0;&amp;#0;&amp;#0;&amp;#0;&amp;#0;&amp;#0;&amp;#0;&amp;#0;&amp;#0;&amp;#0;&amp;#0;&amp;#0;&amp;#0;&amp;#0;&amp;#0;&amp;#0;&amp;#0;&amp;#0;&amp;#0;&amp;#0;&amp;#0;&amp;#0;&amp;#0;&amp;#0;&amp;#0;&amp;#0;&amp;#0;&amp;#0;&amp;#0;&amp;#0;&amp;#0;&amp;#0;&amp;#0;&amp;#0;&amp;#0;&amp;#0;&amp;#0;&amp;#0;&amp;#0;&amp;#0;&amp;#0;&amp;#0;&amp;#0;&amp;#0;&amp;#0;&amp;#0;&amp;#0;&amp;#0;&amp;#0;&amp;#0;&amp;#0;&amp;#0;&amp;#0;&amp;#0;&amp;#0;&amp;#0;&amp;#0;&amp;#0;&amp;#0;&amp;#0;&amp;#0;&amp;#0;&amp;#0;&amp;#0;&amp;#0;&amp;#0;&amp;#0;&amp;#0;&amp;#0;&amp;#0;&amp;#0;&amp;#0;&amp;#0;&amp;#0;&amp;#0;&amp;#0;&amp;#0;&amp;#0;&amp;#0;&amp;#0;&amp;#0;&amp;#0;&amp;#0;&amp;#0;&amp;#0;&amp;#0;&amp;#0;&amp;#0;&amp;#0;&amp;#0;&amp;#0;&amp;#0;&amp;#0;&amp;#0;&amp;#0;&amp;#0;&amp;#0;&amp;#0;&amp;#0;&amp;#0;&amp;#0;&amp;#0;&amp;#0;&amp;#0;&amp;#0;&amp;#0;&amp;#0;&amp;#0;&amp;#0;&amp;#0;&amp;#0;&amp;#0;&amp;#0;&amp;#0;&amp;#0;&amp;#0;&amp;#0;&amp;#0;&amp;#0;&amp;#0;&amp;#0;&amp;#0;&amp;#0;&amp;#0;&amp;#0;&amp;#0;&amp;#0;&amp;#0;&amp;#0;&amp;#0;&amp;#0;&amp;#0;&amp;#0;&amp;#0;&amp;#0;&amp;#0;&amp;#0;&amp;#0;&amp;#0;&amp;#0;&amp;#0;&amp;#0;&amp;#0;&amp;#0;&amp;#0;&amp;#0;&amp;#0;&amp;#0;&amp;#0;&amp;#0;&amp;#0;&amp;#0;&amp;#0;&amp;#0;&amp;#0;&amp;#0;&amp;#0;&amp;#0;&amp;#0;&amp;#0;&amp;#0;&amp;#0;&amp;#0;&amp;#0;&amp;#0;&amp;#0;&amp;#0;&amp;#0;&amp;#0;&amp;#0;&amp;#0;&amp;#0;&amp;#0;&amp;#0;&amp;#0;&amp;#0;&amp;#0;&amp;#0;&amp;#0;&amp;#0;&amp;#0;&amp;#0;&amp;#0;&amp;#0;&amp;#0;&amp;#0;&amp;#0;&amp;#0;&amp;#0;&amp;#0;&amp;#0;&amp;#0;&amp;#0;&amp;#0;&amp;#0;&amp;#0;&amp;#0;&amp;#0;&amp;#0;&amp;#0;&amp;#0;&amp;#0;&amp;#0;&amp;#0;&amp;#0;&amp;#0;&amp;#0;&amp;#0;&amp;#0;&amp;#0;&amp;#0;&amp;#0;&amp;#0;&amp;#0;&amp;#0;&amp;#0;&amp;#0;&amp;#0;&amp;#0;&amp;#0;&amp;#0;&amp;#0;&amp;#0;&amp;#0;&amp;#0;&amp;#0;&amp;#0;&amp;#0;&amp;#0;&amp;#0;&amp;#0;&amp;#0;&amp;#0;&amp;#0;&amp;#0;&amp;#0;&amp;#0;&amp;#0;&amp;#0;&amp;#0;&amp;#0;&amp;#0;&amp;#0;&amp;#0;&amp;#0;&amp;#0;&amp;#0;&amp;#0;&amp;#0;&amp;#0;&amp;#0;&amp;#0;&amp;#0;&amp;#0;&amp;#0;&amp;#0;&amp;#0;&amp;#0;&amp;#0;&amp;#0;&amp;#0;&amp;#0;&amp;#0;&amp;#0;&amp;#0;&amp;#0;&amp;#0;&amp;#0;&amp;#0;&amp;#0;&amp;#0;&amp;#0;&amp;#0;&amp;#0;&amp;#0;&amp;#0;&amp;#0;&amp;#0;&amp;#0;&amp;#0;&amp;#0;&amp;#0;&amp;#0;&amp;#0;&amp;#0;&amp;#0;&amp;#0;&amp;#0;&amp;#0;&amp;#0;&amp;#0;&amp;#0;&amp;#0;&amp;#0;&amp;#0;&amp;#0;&amp;#0;&amp;#0;&amp;#0;&amp;#0;&amp;#0;&amp;#0;&amp;#0;&amp;#0;&amp;#0;&amp;#0;&amp;#0;&amp;#0;&amp;#0;&amp;#0;&amp;#0;&amp;#0;&amp;#0;&amp;#0;&amp;#0;&amp;#0;&amp;#0;&amp;#0;&amp;#0;&amp;#0;&amp;#0;&amp;#0;&amp;#0;&amp;#0;&amp;#0;&amp;#0;&amp;#0;&amp;#0;&amp;#0;&amp;#0;&amp;#0;&amp;#0;&amp;#0;&amp;#0;&amp;#0;&amp;#0;&amp;#0;&amp;#0;&amp;#0;&amp;#0;&amp;#0;&amp;#0;&amp;#0;&amp;#0;&amp;#0;&amp;#0;&amp;#0;&amp;#0;&amp;#0;&amp;#0;&amp;#0;&amp;#0;&amp;#0;&amp;#0;&amp;#0;&amp;#0;&amp;#0;&amp;#0;&amp;#0;&amp;#0;&amp;#0;&amp;#0;&amp;#0;&amp;#0;&amp;#0;&amp;#0;&amp;#0;&amp;#0;&amp;#0;&amp;#0;&amp;#0;&amp;#0;&amp;#0;&amp;#0;&amp;#0;&amp;#0;&amp;#0;&amp;#0;&amp;#0;&amp;#0;&amp;#0;&amp;#0;&amp;#0;&amp;#0;&amp;#0;&amp;#0;&amp;#0;&amp;#0;&amp;#0;&amp;#0;&amp;#0;&amp;#0;&amp;#0;&amp;#0;&amp;#0;&amp;#0;&amp;#0;&amp;#0;&amp;#0;&amp;#0;&amp;#0;&amp;#0;&amp;#0;&amp;#0;&amp;#0;&amp;#0;&amp;#0;&amp;#0;&amp;#0;&amp;#0;&amp;#0;&amp;#0;&amp;#0;&amp;#0;&amp;#0;&amp;#0;&amp;#0;&amp;#0;&amp;#0;&amp;#0;&amp;#0;&amp;#0;&amp;#0;&amp;#0;&amp;#0;&amp;#0;&amp;#0;&amp;#0;&amp;#0;&amp;#0;&amp;#0;&amp;#0;&amp;#0;&amp;#0;&amp;#0;&amp;#0;&amp;#0;&amp;#0;&amp;#0;&amp;#0;&amp;#0;&amp;#0;&amp;#0;&amp;#0;&amp;#0;&amp;#0;&amp;#0;&amp;#0;&amp;#0;&amp;#0;&amp;#0;&amp;#0;&amp;#0;&amp;#0;&amp;#0;&amp;#0;&amp;#0;&amp;#0;&amp;#0;&amp;#0;&amp;#0;&amp;#0;&amp;#0;&amp;#0;&amp;#0;&amp;#0;&amp;#0;&amp;#0;&amp;#0;&amp;#0;&amp;#0;&amp;#0;&amp;#0;&amp;#0;&amp;#0;&amp;#0;&amp;#0;&amp;#0;&amp;#0;&amp;#0;&amp;#0;&amp;#0;&amp;#0;&amp;#0;&amp;#0;&amp;#0;&amp;#0;&amp;#0;&amp;#0;&amp;#0;&amp;#0;&amp;#0;&amp;#0;&amp;#0;&amp;#0;&amp;#0;&amp;#0;&amp;#0;&amp;#0;&amp;#0;&amp;#0;&amp;#0;&amp;#0;&amp;#0;&amp;#0;&amp;#0;&amp;#0;&amp;#0;&amp;#0;&amp;#0;&amp;#0;&amp;#0;&amp;#0;&amp;#0;&amp;#0;&amp;#0;&amp;#0;&amp;#0;&amp;#0;&amp;#0;&amp;#0;&amp;#0;&amp;#0;&amp;#0;&amp;#0;&amp;#0;&amp;#0;&amp;#0;&amp;#0;&amp;#0;&amp;#0;&amp;#0;&amp;#0;&amp;#0;&amp;#0;&amp;#0;&amp;#0;&amp;#0;&amp;#0;&amp;#0;&amp;#0;&amp;#0;&amp;#0;&amp;#0;&amp;#0;&amp;#0;&amp;#0;&amp;#0;&amp;#0;&amp;#0;&amp;#0;&amp;#0;&amp;#0;&amp;#0;&amp;#0;&amp;#0;&amp;#0;&amp;#0;&amp;#0;&amp;#0;&amp;#0;&amp;#0;&amp;#0;&amp;#0;&amp;#0;&amp;#0;&amp;#0;&amp;#0;&amp;#0;&amp;#0;&amp;#0;&amp;#0;&amp;#0;&amp;#0;&amp;#0;&amp;#0;&amp;#0;&amp;#0;&amp;#0;&amp;#0;&amp;#0;&amp;#0;&amp;#0;&amp;#0;&amp;#0;&amp;#0;&amp;#0;&amp;#0;&amp;#0;&amp;#0;&amp;#0;&amp;#0;&amp;#0;&amp;#0;&amp;#0;&amp;#0;&amp;#0;&amp;#0;&amp;#0;&amp;#0;&amp;#0;&amp;#0;&amp;#0;&amp;#0;&amp;#0;&amp;#0;&amp;#0;&amp;#0;&amp;#0;&amp;#0;&amp;#0;&amp;#0;&amp;#0;&amp;#0;&amp;#0;&amp;#0;&amp;#0;&amp;#0;&amp;#0;&amp;#0;&amp;#0;&amp;#0;&amp;#0;&amp;#0;&amp;#0;&amp;#0;&amp;#0;&amp;#0;&amp;#0;&amp;#0;&amp;#0;&amp;#0;&amp;#0;&amp;#0;&amp;#0;&amp;#0;&amp;#0;&amp;#0;&amp;#0;&amp;#0;&amp;#0;&amp;#0;&amp;#0;&amp;#0;&amp;#0;&amp;#0;&amp;#0;&amp;#0;&amp;#0;&amp;#0;&amp;#0;&amp;#0;&amp;#0;&amp;#0;&amp;#0;&amp;#0;&amp;#0;&amp;#0;&amp;#0;&amp;#0;&amp;#0;&amp;#0;&amp;#0;&amp;#0;&amp;#0;&amp;#0;&amp;#0;&amp;#0;&amp;#0;&amp;#0;&amp;#0;&amp;#0;&amp;#0;&amp;#0;&amp;#0;&amp;#0;&amp;#0;&amp;#0;&amp;#0;&amp;#0;&amp;#0;&amp;#0;&amp;#0;&amp;#0;&amp;#0;&amp;#0;&amp;#0;&amp;#0;&amp;#0;&amp;#0;&amp;#0;&amp;#0;&amp;#0;&amp;#0;&amp;#0;&amp;#0;&amp;#0;&amp;#0;&amp;#0;&amp;#0;&amp;#0;&amp;#0;&amp;#0;&amp;#0;&amp;#0;&amp;#0;&amp;#0;&amp;#0;&amp;#0;&amp;#0;&amp;#0;&amp;#0;&amp;#0;&amp;#0;&amp;#0;&amp;#0;&amp;#0;&amp;#0;&amp;#0;&amp;#0;&amp;#0;&amp;#0;&amp;#0;&amp;#0;&amp;#0;&amp;#0;&amp;#0;&amp;#0;&amp;#0;&amp;#0;&amp;#0;&amp;#0;&amp;#0;&amp;#0;&amp;#0;&amp;#0;&amp;#0;&amp;#0;&amp;#0;&amp;#0;&amp;#0;&amp;#0;&amp;#0;&amp;#0;&amp;#0;&amp;#0;&amp;#0;&amp;#0;&amp;#0;&amp;#0;&amp;#0;&amp;#0;&amp;#0;&amp;#0;&amp;#0;&amp;#0;
12:46:29.776 [main] ERROR - Je passe ici ------------------------------------------------------
12:46:29.777 [main] DEBUG - clauseWhen1
12:46:29.777 [main] ERROR - Exception occured during compilation!
java.lang.RuntimeException: null
	at be.unamur.info.b314.compiler.Visitor.PCodeVisitor.visitClauseWhen(PCodeVisitor.java:153) ~[classes/:?]
	at be.unamur.info.b314.compiler.B314Parser$ClauseWhenContext.accept(B314Parser.java:4520) ~[classes/:?]
	at org.antlr.v4.runtime.tree.AbstractParseTreeVisitor.visitChildren(AbstractParseTreeVisitor.java:46) ~[antlr4-runtime-4.6.jar:4.6]
	at be.unamur.info.b314.compiler.B314BaseVisitor.visitProgramme(B314BaseVisitor.java:510) ~[classes/:?]
	at be.unamur.info.b314.compiler.Visitor.PCodeVisitor.visitProgramme(PCodeVisitor.java:94) ~[classes/:?]
	at be.unamur.info.b314.compiler.B314Parser$ProgrammeContext.accept(B314Parser.java:4028) ~[classes/:?]
	at be.unamur.info.b314.compiler.main.Main.printPCode(Main.java:236) ~[classes/:?]
	at be.unamur.info.b314.compiler.main.Main.compile(Main.java:199) ~[classes/:?]
	at be.unamur.info.b314.compiler.main.Main.main(Main.java:79) [classes/:?]
	at be.unamur.info.b314.compiler.main.CompilerTestHelper.launchCompilation(CompilerTestHelper.java:35) [test-classes/:?]
	at be.unamur.info.b314.compiler.main.B314localvariabledeclSyntaxTest.testlocalvariabledecl_mixing_ok(B314localvariabledeclSyntaxTest.java:39) [test-classes/:?]
	at sun.reflect.NativeMethodAccessorImpl.invoke0(Native Method) ~[?:1.8.0_60]
	at sun.reflect.NativeMethodAccessorImpl.invoke(NativeMethodAccessorImpl.java:62) ~[?:1.8.0_60]
	at sun.reflect.DelegatingMethodAccessorImpl.invoke(DelegatingMethodAccessorImpl.java:43) ~[?:1.8.0_60]
	at java.lang.reflect.Method.invoke(Method.java:497) ~[?:1.8.0_60]
	at org.junit.runners.model.FrameworkMethod$1.runReflectiveCall(FrameworkMethod.java:50) [junit-4.12.jar:4.12]
	at org.junit.internal.runners.model.ReflectiveCallable.run(ReflectiveCallable.java:12) [junit-4.12.jar:4.12]
	at org.junit.runners.model.FrameworkMethod.invokeExplosively(FrameworkMethod.java:47) [junit-4.12.jar:4.12]
	at org.junit.internal.runners.statements.InvokeMethod.evaluate(InvokeMethod.java:17) [junit-4.12.jar:4.12]
	at org.junit.rules.ExternalResource$1.evaluate(ExternalResource.java:48) [junit-4.12.jar:4.12]
	at org.junit.rules.TestWatcher$1.evaluate(TestWatcher.java:55) [junit-4.12.jar:4.12]
	at org.junit.rules.RunRules.evaluate(RunRules.java:20) [junit-4.12.jar:4.12]
	at org.junit.runners.ParentRunner.runLeaf(ParentRunner.java:325) [junit-4.12.jar:4.12]
	at org.junit.runners.BlockJUnit4ClassRunner.runChild(BlockJUnit4ClassRunner.java:78) [junit-4.12.jar:4.12]
	at org.junit.runners.BlockJUnit4ClassRunner.runChild(BlockJUnit4ClassRunner.java:57) [junit-4.12.jar:4.12]
	at org.junit.runners.ParentRunner$3.run(ParentRunner.java:290) [junit-4.12.jar:4.12]
	at org.junit.runners.ParentRunner$1.schedule(ParentRunner.java:71) [junit-4.12.jar:4.12]
	at org.junit.runners.ParentRunner.runChildren(ParentRunner.java:288) [junit-4.12.jar:4.12]
	at org.junit.runners.ParentRunner.access$000(ParentRunner.java:58) [junit-4.12.jar:4.12]
	at org.junit.runners.ParentRunner$2.evaluate(ParentRunner.java:268) [junit-4.12.jar:4.12]
	at org.junit.runners.ParentRunner.run(ParentRunner.java:363) [junit-4.12.jar:4.12]
	at org.apache.maven.surefire.junit4.JUnit4Provider.execute(JUnit4Provider.java:252) [surefire-junit4-2.12.4.jar:2.12.4]
	at org.apache.maven.surefire.junit4.JUnit4Provider.executeTestSet(JUnit4Provider.java:141) [surefire-junit4-2.12.4.jar:2.12.4]
	at org.apache.maven.surefire.junit4.JUnit4Provider.invoke(JUnit4Provider.java:112) [surefire-junit4-2.12.4.jar:2.12.4]
	at sun.reflect.NativeMethodAccessorImpl.invoke0(Native Method) ~[?:1.8.0_60]
	at sun.reflect.NativeMethodAccessorImpl.invoke(NativeMethodAccessorImpl.java:62) ~[?:1.8.0_60]
	at sun.reflect.DelegatingMethodAccessorImpl.invoke(DelegatingMethodAccessorImpl.java:43) ~[?:1.8.0_60]
	at java.lang.reflect.Method.invoke(Method.java:497) ~[?:1.8.0_60]
	at org.apache.maven.surefire.util.ReflectionUtils.invokeMethodWithArray(ReflectionUtils.java:189) [surefire-api-2.12.4.jar:2.12.4]
	at org.apache.maven.surefire.booter.ProviderFactory$ProviderProxy.invoke(ProviderFactory.java:165) [surefire-booter-2.12.4.jar:2.12.4]
	at org.apache.maven.surefire.booter.ProviderFactory.invokeProvider(ProviderFactory.java:85) [surefire-booter-2.12.4.jar:2.12.4]
	at org.apache.maven.surefire.booter.ForkedBooter.runSuitesInProcess(ForkedBooter.java:115) [surefire-booter-2.12.4.jar:2.12.4]
	at org.apache.maven.surefire.booter.ForkedBooter.main(ForkedBooter.java:75) [surefire-booter-2.12.4.jar:2.12.4]
</system-out>
  </testcase>
  <testcase classname="be.unamur.info.b314.compiler.main.B314localvariabledeclSyntaxTest" name="testlocalvariabledecl_when_local_variable_same_names_as_global_ok" time="0.003">
    <failure message="localvariabledecl: when_local_variable_same_names_as_global
Expected: a string ending with &quot;OK\r\n&quot;
     but: was &quot;KO
&quot;" type="java.lang.AssertionError">java.lang.AssertionError: localvariabledecl: when_local_variable_same_names_as_global
Expected: a string ending with &quot;OK\r\n&quot;
     but: was &quot;KO
&quot;
	at org.hamcrest.MatcherAssert.assertThat(MatcherAssert.java:20)
	at org.junit.Assert.assertThat(Assert.java:956)
	at be.unamur.info.b314.compiler.main.CompilerTestHelper.launchCompilation(CompilerTestHelper.java:42)
	at be.unamur.info.b314.compiler.main.B314localvariabledeclSyntaxTest.testlocalvariabledecl_when_local_variable_same_names_as_global_ok(B314localvariabledeclSyntaxTest.java:94)
	at sun.reflect.NativeMethodAccessorImpl.invoke0(Native Method)
	at sun.reflect.NativeMethodAccessorImpl.invoke(NativeMethodAccessorImpl.java:62)
	at sun.reflect.DelegatingMethodAccessorImpl.invoke(DelegatingMethodAccessorImpl.java:43)
	at java.lang.reflect.Method.invoke(Method.java:497)
	at org.junit.runners.model.FrameworkMethod$1.runReflectiveCall(FrameworkMethod.java:50)
	at org.junit.internal.runners.model.ReflectiveCallable.run(ReflectiveCallable.java:12)
	at org.junit.runners.model.FrameworkMethod.invokeExplosively(FrameworkMethod.java:47)
	at org.junit.internal.runners.statements.InvokeMethod.evaluate(InvokeMethod.java:17)
	at org.junit.rules.ExternalResource$1.evaluate(ExternalResource.java:48)
	at org.junit.rules.TestWatcher$1.evaluate(TestWatcher.java:55)
	at org.junit.rules.RunRules.evaluate(RunRules.java:20)
	at org.junit.runners.ParentRunner.runLeaf(ParentRunner.java:325)
	at org.junit.runners.BlockJUnit4ClassRunner.runChild(BlockJUnit4ClassRunner.java:78)
	at org.junit.runners.BlockJUnit4ClassRunner.runChild(BlockJUnit4ClassRunner.java:57)
	at org.junit.runners.ParentRunner$3.run(ParentRunner.java:290)
	at org.junit.runners.ParentRunner$1.schedule(ParentRunner.java:71)
	at org.junit.runners.ParentRunner.runChildren(ParentRunner.java:288)
	at org.junit.runners.ParentRunner.access$000(ParentRunner.java:58)
	at org.junit.runners.ParentRunner$2.evaluate(ParentRunner.java:268)
	at org.junit.runners.ParentRunner.run(ParentRunner.java:363)
	at org.apache.maven.surefire.junit4.JUnit4Provider.execute(JUnit4Provider.java:252)
	at org.apache.maven.surefire.junit4.JUnit4Provider.executeTestSet(JUnit4Provider.java:141)
	at org.apache.maven.surefire.junit4.JUnit4Provider.invoke(JUnit4Provider.java:112)
	at sun.reflect.NativeMethodAccessorImpl.invoke0(Native Method)
	at sun.reflect.NativeMethodAccessorImpl.invoke(NativeMethodAccessorImpl.java:62)
	at sun.reflect.DelegatingMethodAccessorImpl.invoke(DelegatingMethodAccessorImpl.java:43)
	at java.lang.reflect.Method.invoke(Method.java:497)
	at org.apache.maven.surefire.util.ReflectionUtils.invokeMethodWithArray(ReflectionUtils.java:189)
	at org.apache.maven.surefire.booter.ProviderFactory$ProviderProxy.invoke(ProviderFactory.java:165)
	at org.apache.maven.surefire.booter.ProviderFactory.invokeProvider(ProviderFactory.java:85)
	at org.apache.maven.surefire.booter.ForkedBooter.runSuitesInProcess(ForkedBooter.java:115)
	at org.apache.maven.surefire.booter.ForkedBooter.main(ForkedBooter.java:75)
</failure>
    <system-out>12:46:29.781 [main] INFO  - Starting test: testlocalvariabledecl_when_local_variable_same_names_as_global_ok()...
org.apache.commons.cli.CommandLine@159e366
12:46:29.798 [main] DEBUG - Initialisation
12:46:29.798 [main] DEBUG - Input file set to C:\Users\Nathalie Masudi\b314-Jour-MonkeyIsland\target\test-classes\syntax\localvariabledecl\ok\when_local_variable_same_names_as_global.b314
12:46:29.799 [main] DEBUG - Output file set to C:\Users\NATHAL~1\AppData\Local\Temp\junit4919042450836972936\junit7175615277525606728.tmp
12:46:29.799 [main] DEBUG - Initialisation: done
jessica1
12:46:29.809 [main] DEBUG - Parsing input
/*

1

1,2,2

1,2,2,2,2
*/
declare and retain 
	b1 as boolean;
	b2 as boolean;
    i1 as integer; 
    i2 as integer; 
    v1 as boolean[5, 7];
    v2 as integer[42];
    
    fct1 as function():boolean
    	do
    		set fct1 to true 
    	done 
	
when your turn 

	when not b1 do
		set b1 to true
		next move north
	done

	when b1 
	declare local
		b1 as integer;
		i1 as boolean;
		loc3 as square;
		loc4 as integer[5];
	do
		set b1 to 34
		set i1 to false
		set i1 to b1 &lt; 42 and i1
		next move east
	done

	by default do 
		next do nothing
	done&amp;#0;&amp;#0;&amp;#0;&amp;#0;&amp;#0;&amp;#0;&amp;#0;&amp;#0;&amp;#0;&amp;#0;&amp;#0;&amp;#0;&amp;#0;&amp;#0;&amp;#0;&amp;#0;&amp;#0;&amp;#0;&amp;#0;&amp;#0;&amp;#0;&amp;#0;&amp;#0;&amp;#0;&amp;#0;&amp;#0;&amp;#0;&amp;#0;&amp;#0;&amp;#0;&amp;#0;&amp;#0;&amp;#0;&amp;#0;&amp;#0;&amp;#0;&amp;#0;&amp;#0;&amp;#0;&amp;#0;&amp;#0;&amp;#0;&amp;#0;&amp;#0;&amp;#0;&amp;#0;&amp;#0;&amp;#0;&amp;#0;&amp;#0;&amp;#0;&amp;#0;&amp;#0;&amp;#0;&amp;#0;&amp;#0;&amp;#0;&amp;#0;&amp;#0;&amp;#0;&amp;#0;&amp;#0;&amp;#0;&amp;#0;&amp;#0;&amp;#0;&amp;#0;&amp;#0;&amp;#0;&amp;#0;&amp;#0;&amp;#0;&amp;#0;&amp;#0;&amp;#0;&amp;#0;&amp;#0;&amp;#0;&amp;#0;&amp;#0;&amp;#0;&amp;#0;&amp;#0;&amp;#0;&amp;#0;&amp;#0;&amp;#0;&amp;#0;&amp;#0;&amp;#0;&amp;#0;&amp;#0;&amp;#0;&amp;#0;&amp;#0;&amp;#0;&amp;#0;&amp;#0;&amp;#0;&amp;#0;&amp;#0;&amp;#0;&amp;#0;&amp;#0;&amp;#0;&amp;#0;&amp;#0;&amp;#0;&amp;#0;&amp;#0;&amp;#0;&amp;#0;&amp;#0;&amp;#0;&amp;#0;&amp;#0;&amp;#0;&amp;#0;&amp;#0;&amp;#0;&amp;#0;&amp;#0;&amp;#0;&amp;#0;&amp;#0;&amp;#0;&amp;#0;&amp;#0;&amp;#0;&amp;#0;&amp;#0;&amp;#0;&amp;#0;&amp;#0;&amp;#0;&amp;#0;&amp;#0;&amp;#0;&amp;#0;&amp;#0;&amp;#0;&amp;#0;&amp;#0;&amp;#0;&amp;#0;&amp;#0;&amp;#0;&amp;#0;&amp;#0;&amp;#0;&amp;#0;&amp;#0;&amp;#0;&amp;#0;&amp;#0;&amp;#0;&amp;#0;&amp;#0;&amp;#0;&amp;#0;&amp;#0;&amp;#0;&amp;#0;&amp;#0;&amp;#0;&amp;#0;&amp;#0;&amp;#0;&amp;#0;&amp;#0;&amp;#0;&amp;#0;&amp;#0;&amp;#0;&amp;#0;&amp;#0;&amp;#0;&amp;#0;&amp;#0;&amp;#0;&amp;#0;&amp;#0;&amp;#0;&amp;#0;&amp;#0;&amp;#0;&amp;#0;&amp;#0;&amp;#0;&amp;#0;&amp;#0;&amp;#0;&amp;#0;&amp;#0;&amp;#0;&amp;#0;&amp;#0;&amp;#0;&amp;#0;&amp;#0;&amp;#0;&amp;#0;&amp;#0;&amp;#0;&amp;#0;&amp;#0;&amp;#0;&amp;#0;&amp;#0;&amp;#0;&amp;#0;&amp;#0;&amp;#0;&amp;#0;&amp;#0;&amp;#0;&amp;#0;&amp;#0;&amp;#0;&amp;#0;&amp;#0;&amp;#0;&amp;#0;&amp;#0;&amp;#0;&amp;#0;&amp;#0;&amp;#0;&amp;#0;&amp;#0;&amp;#0;&amp;#0;&amp;#0;&amp;#0;&amp;#0;&amp;#0;&amp;#0;&amp;#0;&amp;#0;&amp;#0;&amp;#0;&amp;#0;&amp;#0;&amp;#0;&amp;#0;&amp;#0;&amp;#0;&amp;#0;&amp;#0;&amp;#0;&amp;#0;&amp;#0;&amp;#0;&amp;#0;&amp;#0;&amp;#0;&amp;#0;&amp;#0;&amp;#0;&amp;#0;&amp;#0;&amp;#0;&amp;#0;&amp;#0;&amp;#0;&amp;#0;&amp;#0;&amp;#0;&amp;#0;&amp;#0;&amp;#0;&amp;#0;&amp;#0;&amp;#0;&amp;#0;&amp;#0;&amp;#0;&amp;#0;&amp;#0;&amp;#0;&amp;#0;&amp;#0;&amp;#0;&amp;#0;&amp;#0;&amp;#0;&amp;#0;&amp;#0;&amp;#0;&amp;#0;&amp;#0;&amp;#0;&amp;#0;&amp;#0;&amp;#0;&amp;#0;&amp;#0;&amp;#0;&amp;#0;&amp;#0;&amp;#0;&amp;#0;&amp;#0;&amp;#0;&amp;#0;&amp;#0;&amp;#0;&amp;#0;&amp;#0;&amp;#0;&amp;#0;&amp;#0;&amp;#0;&amp;#0;&amp;#0;&amp;#0;&amp;#0;&amp;#0;&amp;#0;&amp;#0;&amp;#0;&amp;#0;&amp;#0;&amp;#0;&amp;#0;&amp;#0;&amp;#0;&amp;#0;&amp;#0;&amp;#0;&amp;#0;&amp;#0;&amp;#0;&amp;#0;&amp;#0;&amp;#0;&amp;#0;&amp;#0;&amp;#0;&amp;#0;&amp;#0;&amp;#0;&amp;#0;&amp;#0;&amp;#0;&amp;#0;&amp;#0;&amp;#0;&amp;#0;&amp;#0;&amp;#0;&amp;#0;&amp;#0;&amp;#0;&amp;#0;&amp;#0;&amp;#0;&amp;#0;&amp;#0;&amp;#0;&amp;#0;&amp;#0;&amp;#0;&amp;#0;&amp;#0;&amp;#0;&amp;#0;&amp;#0;&amp;#0;&amp;#0;&amp;#0;&amp;#0;&amp;#0;&amp;#0;&amp;#0;&amp;#0;&amp;#0;&amp;#0;&amp;#0;&amp;#0;&amp;#0;&amp;#0;&amp;#0;&amp;#0;&amp;#0;&amp;#0;&amp;#0;&amp;#0;&amp;#0;&amp;#0;&amp;#0;&amp;#0;&amp;#0;&amp;#0;&amp;#0;&amp;#0;&amp;#0;&amp;#0;&amp;#0;&amp;#0;&amp;#0;&amp;#0;&amp;#0;&amp;#0;&amp;#0;&amp;#0;&amp;#0;&amp;#0;&amp;#0;&amp;#0;&amp;#0;&amp;#0;&amp;#0;&amp;#0;&amp;#0;&amp;#0;&amp;#0;&amp;#0;&amp;#0;&amp;#0;&amp;#0;&amp;#0;&amp;#0;&amp;#0;&amp;#0;&amp;#0;&amp;#0;&amp;#0;&amp;#0;&amp;#0;&amp;#0;&amp;#0;&amp;#0;&amp;#0;&amp;#0;&amp;#0;&amp;#0;&amp;#0;&amp;#0;&amp;#0;&amp;#0;&amp;#0;&amp;#0;&amp;#0;&amp;#0;&amp;#0;&amp;#0;&amp;#0;&amp;#0;&amp;#0;&amp;#0;&amp;#0;&amp;#0;&amp;#0;&amp;#0;&amp;#0;&amp;#0;&amp;#0;&amp;#0;&amp;#0;&amp;#0;&amp;#0;&amp;#0;&amp;#0;&amp;#0;&amp;#0;&amp;#0;&amp;#0;&amp;#0;&amp;#0;&amp;#0;&amp;#0;&amp;#0;&amp;#0;&amp;#0;&amp;#0;&amp;#0;&amp;#0;&amp;#0;&amp;#0;&amp;#0;&amp;#0;&amp;#0;&amp;#0;&amp;#0;&amp;#0;&amp;#0;&amp;#0;&amp;#0;&amp;#0;&amp;#0;&amp;#0;&amp;#0;&amp;#0;&amp;#0;&amp;#0;&amp;#0;&amp;#0;&amp;#0;&amp;#0;&amp;#0;&amp;#0;&amp;#0;&amp;#0;&amp;#0;&amp;#0;&amp;#0;&amp;#0;&amp;#0;&amp;#0;&amp;#0;&amp;#0;&amp;#0;&amp;#0;&amp;#0;&amp;#0;&amp;#0;&amp;#0;&amp;#0;&amp;#0;&amp;#0;&amp;#0;&amp;#0;&amp;#0;&amp;#0;&amp;#0;&amp;#0;&amp;#0;&amp;#0;&amp;#0;&amp;#0;&amp;#0;&amp;#0;&amp;#0;&amp;#0;&amp;#0;&amp;#0;&amp;#0;&amp;#0;&amp;#0;&amp;#0;&amp;#0;&amp;#0;&amp;#0;&amp;#0;&amp;#0;&amp;#0;&amp;#0;&amp;#0;&amp;#0;&amp;#0;&amp;#0;&amp;#0;&amp;#0;&amp;#0;&amp;#0;&amp;#0;&amp;#0;&amp;#0;&amp;#0;&amp;#0;&amp;#0;&amp;#0;&amp;#0;&amp;#0;&amp;#0;&amp;#0;&amp;#0;&amp;#0;&amp;#0;&amp;#0;&amp;#0;&amp;#0;&amp;#0;&amp;#0;&amp;#0;&amp;#0;&amp;#0;&amp;#0;&amp;#0;&amp;#0;&amp;#0;&amp;#0;&amp;#0;&amp;#0;&amp;#0;&amp;#0;&amp;#0;&amp;#0;&amp;#0;&amp;#0;&amp;#0;&amp;#0;&amp;#0;&amp;#0;&amp;#0;&amp;#0;&amp;#0;&amp;#0;&amp;#0;&amp;#0;&amp;#0;&amp;#0;&amp;#0;&amp;#0;&amp;#0;&amp;#0;&amp;#0;&amp;#0;&amp;#0;&amp;#0;&amp;#0;&amp;#0;&amp;#0;&amp;#0;&amp;#0;&amp;#0;&amp;#0;&amp;#0;&amp;#0;&amp;#0;&amp;#0;&amp;#0;&amp;#0;&amp;#0;&amp;#0;&amp;#0;&amp;#0;&amp;#0;&amp;#0;&amp;#0;&amp;#0;&amp;#0;&amp;#0;&amp;#0;&amp;#0;&amp;#0;&amp;#0;&amp;#0;&amp;#0;&amp;#0;&amp;#0;&amp;#0;&amp;#0;&amp;#0;&amp;#0;&amp;#0;&amp;#0;&amp;#0;&amp;#0;&amp;#0;&amp;#0;&amp;#0;&amp;#0;&amp;#0;&amp;#0;&amp;#0;&amp;#0;&amp;#0;&amp;#0;&amp;#0;&amp;#0;&amp;#0;&amp;#0;&amp;#0;&amp;#0;&amp;#0;&amp;#0;&amp;#0;&amp;#0;&amp;#0;&amp;#0;&amp;#0;&amp;#0;&amp;#0;&amp;#0;&amp;#0;&amp;#0;&amp;#0;&amp;#0;&amp;#0;&amp;#0;&amp;#0;&amp;#0;&amp;#0;&amp;#0;&amp;#0;&amp;#0;&amp;#0;&amp;#0;&amp;#0;&amp;#0;&amp;#0;&amp;#0;&amp;#0;&amp;#0;&amp;#0;&amp;#0;&amp;#0;&amp;#0;&amp;#0;&amp;#0;&amp;#0;&amp;#0;&amp;#0;&amp;#0;&amp;#0;&amp;#0;&amp;#0;&amp;#0;&amp;#0;&amp;#0;&amp;#0;&amp;#0;&amp;#0;&amp;#0;&amp;#0;&amp;#0;&amp;#0;&amp;#0;&amp;#0;&amp;#0;&amp;#0;&amp;#0;&amp;#0;&amp;#0;&amp;#0;&amp;#0;&amp;#0;&amp;#0;&amp;#0;&amp;#0;&amp;#0;&amp;#0;&amp;#0;&amp;#0;&amp;#0;&amp;#0;&amp;#0;&amp;#0;&amp;#0;&amp;#0;&amp;#0;&amp;#0;&amp;#0;&amp;#0;&amp;#0;&amp;#0;&amp;#0;&amp;#0;&amp;#0;&amp;#0;&amp;#0;&amp;#0;&amp;#0;&amp;#0;&amp;#0;&amp;#0;&amp;#0;&amp;#0;&amp;#0;&amp;#0;&amp;#0;&amp;#0;&amp;#0;&amp;#0;&amp;#0;&amp;#0;&amp;#0;&amp;#0;&amp;#0;&amp;#0;&amp;#0;&amp;#0;&amp;#0;&amp;#0;&amp;#0;&amp;#0;&amp;#0;&amp;#0;&amp;#0;&amp;#0;&amp;#0;&amp;#0;&amp;#0;&amp;#0;&amp;#0;&amp;#0;&amp;#0;&amp;#0;&amp;#0;&amp;#0;&amp;#0;&amp;#0;&amp;#0;&amp;#0;&amp;#0;&amp;#0;&amp;#0;&amp;#0;&amp;#0;&amp;#0;&amp;#0;&amp;#0;&amp;#0;&amp;#0;&amp;#0;&amp;#0;&amp;#0;&amp;#0;&amp;#0;&amp;#0;&amp;#0;&amp;#0;&amp;#0;&amp;#0;&amp;#0;&amp;#0;&amp;#0;&amp;#0;&amp;#0;&amp;#0;&amp;#0;&amp;#0;&amp;#0;&amp;#0;&amp;#0;&amp;#0;&amp;#0;&amp;#0;&amp;#0;&amp;#0;&amp;#0;&amp;#0;&amp;#0;&amp;#0;&amp;#0;&amp;#0;&amp;#0;&amp;#0;&amp;#0;&amp;#0;&amp;#0;&amp;#0;&amp;#0;&amp;#0;&amp;#0;&amp;#0;&amp;#0;&amp;#0;&amp;#0;&amp;#0;&amp;#0;&amp;#0;&amp;#0;&amp;#0;&amp;#0;&amp;#0;&amp;#0;&amp;#0;&amp;#0;&amp;#0;&amp;#0;&amp;#0;&amp;#0;&amp;#0;&amp;#0;&amp;#0;&amp;#0;&amp;#0;&amp;#0;&amp;#0;&amp;#0;&amp;#0;&amp;#0;&amp;#0;&amp;#0;&amp;#0;&amp;#0;&amp;#0;&amp;#0;&amp;#0;&amp;#0;&amp;#0;&amp;#0;&amp;#0;&amp;#0;&amp;#0;&amp;#0;&amp;#0;&amp;#0;&amp;#0;&amp;#0;&amp;#0;&amp;#0;&amp;#0;&amp;#0;&amp;#0;&amp;#0;&amp;#0;&amp;#0;&amp;#0;&amp;#0;&amp;#0;&amp;#0;&amp;#0;&amp;#0;&amp;#0;&amp;#0;&amp;#0;&amp;#0;&amp;#0;&amp;#0;&amp;#0;&amp;#0;&amp;#0;&amp;#0;&amp;#0;&amp;#0;&amp;#0;&amp;#0;&amp;#0;&amp;#0;&amp;#0;&amp;#0;&amp;#0;&amp;#0;&amp;#0;&amp;#0;&amp;#0;&amp;#0;&amp;#0;&amp;#0;&amp;#0;&amp;#0;&amp;#0;&amp;#0;&amp;#0;&amp;#0;&amp;#0;&amp;#0;&amp;#0;&amp;#0;&amp;#0;&amp;#0;&amp;#0;&amp;#0;&amp;#0;&amp;#0;&amp;#0;&amp;#0;&amp;#0;&amp;#0;&amp;#0;&amp;#0;&amp;#0;&amp;#0;&amp;#0;&amp;#0;&amp;#0;&amp;#0;&amp;#0;&amp;#0;&amp;#0;&amp;#0;&amp;#0;&amp;#0;&amp;#0;&amp;#0;&amp;#0;&amp;#0;&amp;#0;&amp;#0;&amp;#0;&amp;#0;&amp;#0;&amp;#0;&amp;#0;&amp;#0;&amp;#0;&amp;#0;&amp;#0;&amp;#0;&amp;#0;&amp;#0;&amp;#0;&amp;#0;&amp;#0;&amp;#0;&amp;#0;&amp;#0;&amp;#0;&amp;#0;&amp;#0;&amp;#0;&amp;#0;&amp;#0;&amp;#0;&amp;#0;&amp;#0;&amp;#0;&amp;#0;&amp;#0;&amp;#0;&amp;#0;&amp;#0;&amp;#0;&amp;#0;&amp;#0;&amp;#0;&amp;#0;&amp;#0;&amp;#0;&amp;#0;&amp;#0;&amp;#0;&amp;#0;&amp;#0;&amp;#0;&amp;#0;&amp;#0;&amp;#0;&amp;#0;&amp;#0;&amp;#0;&amp;#0;&amp;#0;&amp;#0;&amp;#0;&amp;#0;&amp;#0;&amp;#0;&amp;#0;&amp;#0;&amp;#0;&amp;#0;&amp;#0;&amp;#0;&amp;#0;&amp;#0;&amp;#0;&amp;#0;&amp;#0;&amp;#0;&amp;#0;&amp;#0;&amp;#0;&amp;#0;&amp;#0;&amp;#0;&amp;#0;&amp;#0;&amp;#0;&amp;#0;&amp;#0;&amp;#0;&amp;#0;&amp;#0;&amp;#0;&amp;#0;&amp;#0;&amp;#0;&amp;#0;&amp;#0;&amp;#0;&amp;#0;&amp;#0;&amp;#0;&amp;#0;&amp;#0;&amp;#0;&amp;#0;&amp;#0;&amp;#0;&amp;#0;&amp;#0;&amp;#0;&amp;#0;&amp;#0;&amp;#0;&amp;#0;&amp;#0;&amp;#0;&amp;#0;&amp;#0;&amp;#0;&amp;#0;&amp;#0;&amp;#0;&amp;#0;&amp;#0;&amp;#0;&amp;#0;&amp;#0;&amp;#0;&amp;#0;&amp;#0;&amp;#0;&amp;#0;&amp;#0;&amp;#0;&amp;#0;&amp;#0;&amp;#0;&amp;#0;&amp;#0;&amp;#0;&amp;#0;&amp;#0;&amp;#0;&amp;#0;&amp;#0;&amp;#0;&amp;#0;&amp;#0;&amp;#0;&amp;#0;&amp;#0;&amp;#0;&amp;#0;&amp;#0;&amp;#0;&amp;#0;&amp;#0;&amp;#0;&amp;#0;&amp;#0;&amp;#0;&amp;#0;&amp;#0;&amp;#0;&amp;#0;&amp;#0;&amp;#0;&amp;#0;&amp;#0;&amp;#0;&amp;#0;&amp;#0;&amp;#0;&amp;#0;&amp;#0;&amp;#0;&amp;#0;&amp;#0;&amp;#0;&amp;#0;&amp;#0;&amp;#0;&amp;#0;&amp;#0;&amp;#0;&amp;#0;&amp;#0;&amp;#0;&amp;#0;&amp;#0;&amp;#0;&amp;#0;&amp;#0;&amp;#0;&amp;#0;&amp;#0;&amp;#0;&amp;#0;&amp;#0;&amp;#0;&amp;#0;&amp;#0;&amp;#0;&amp;#0;&amp;#0;&amp;#0;&amp;#0;&amp;#0;&amp;#0;&amp;#0;&amp;#0;&amp;#0;&amp;#0;&amp;#0;&amp;#0;&amp;#0;&amp;#0;&amp;#0;&amp;#0;&amp;#0;&amp;#0;&amp;#0;&amp;#0;&amp;#0;&amp;#0;&amp;#0;&amp;#0;&amp;#0;&amp;#0;&amp;#0;&amp;#0;&amp;#0;&amp;#0;&amp;#0;&amp;#0;&amp;#0;&amp;#0;&amp;#0;&amp;#0;&amp;#0;&amp;#0;&amp;#0;&amp;#0;&amp;#0;&amp;#0;&amp;#0;&amp;#0;&amp;#0;&amp;#0;&amp;#0;&amp;#0;&amp;#0;&amp;#0;&amp;#0;&amp;#0;&amp;#0;&amp;#0;&amp;#0;&amp;#0;&amp;#0;&amp;#0;&amp;#0;&amp;#0;&amp;#0;&amp;#0;&amp;#0;&amp;#0;&amp;#0;&amp;#0;&amp;#0;&amp;#0;&amp;#0;&amp;#0;&amp;#0;&amp;#0;&amp;#0;&amp;#0;&amp;#0;&amp;#0;&amp;#0;&amp;#0;&amp;#0;&amp;#0;&amp;#0;&amp;#0;&amp;#0;&amp;#0;&amp;#0;&amp;#0;&amp;#0;&amp;#0;&amp;#0;&amp;#0;&amp;#0;&amp;#0;&amp;#0;&amp;#0;&amp;#0;&amp;#0;&amp;#0;&amp;#0;&amp;#0;&amp;#0;&amp;#0;&amp;#0;&amp;#0;&amp;#0;&amp;#0;&amp;#0;&amp;#0;&amp;#0;&amp;#0;&amp;#0;&amp;#0;&amp;#0;&amp;#0;&amp;#0;&amp;#0;&amp;#0;&amp;#0;&amp;#0;&amp;#0;&amp;#0;&amp;#0;&amp;#0;&amp;#0;&amp;#0;&amp;#0;&amp;#0;&amp;#0;&amp;#0;&amp;#0;&amp;#0;&amp;#0;&amp;#0;&amp;#0;&amp;#0;&amp;#0;&amp;#0;&amp;#0;&amp;#0;&amp;#0;&amp;#0;&amp;#0;&amp;#0;&amp;#0;&amp;#0;&amp;#0;&amp;#0;&amp;#0;&amp;#0;&amp;#0;&amp;#0;&amp;#0;&amp;#0;&amp;#0;&amp;#0;&amp;#0;&amp;#0;&amp;#0;&amp;#0;&amp;#0;&amp;#0;&amp;#0;&amp;#0;&amp;#0;&amp;#0;&amp;#0;&amp;#0;&amp;#0;&amp;#0;&amp;#0;&amp;#0;&amp;#0;&amp;#0;&amp;#0;&amp;#0;&amp;#0;&amp;#0;&amp;#0;&amp;#0;&amp;#0;&amp;#0;&amp;#0;&amp;#0;&amp;#0;&amp;#0;&amp;#0;&amp;#0;&amp;#0;&amp;#0;&amp;#0;&amp;#0;&amp;#0;&amp;#0;&amp;#0;&amp;#0;&amp;#0;&amp;#0;&amp;#0;&amp;#0;&amp;#0;&amp;#0;&amp;#0;&amp;#0;&amp;#0;&amp;#0;&amp;#0;&amp;#0;&amp;#0;&amp;#0;&amp;#0;&amp;#0;&amp;#0;&amp;#0;&amp;#0;&amp;#0;&amp;#0;&amp;#0;&amp;#0;&amp;#0;&amp;#0;&amp;#0;&amp;#0;&amp;#0;&amp;#0;&amp;#0;&amp;#0;&amp;#0;&amp;#0;&amp;#0;&amp;#0;&amp;#0;&amp;#0;&amp;#0;&amp;#0;&amp;#0;&amp;#0;&amp;#0;&amp;#0;&amp;#0;&amp;#0;&amp;#0;&amp;#0;&amp;#0;&amp;#0;&amp;#0;&amp;#0;&amp;#0;&amp;#0;&amp;#0;&amp;#0;&amp;#0;&amp;#0;&amp;#0;&amp;#0;&amp;#0;&amp;#0;&amp;#0;&amp;#0;&amp;#0;&amp;#0;&amp;#0;&amp;#0;&amp;#0;&amp;#0;&amp;#0;&amp;#0;&amp;#0;&amp;#0;&amp;#0;&amp;#0;&amp;#0;&amp;#0;&amp;#0;&amp;#0;&amp;#0;&amp;#0;&amp;#0;&amp;#0;&amp;#0;&amp;#0;&amp;#0;&amp;#0;&amp;#0;&amp;#0;&amp;#0;&amp;#0;&amp;#0;
12:46:29.812 [main] ERROR - Je passe ici ------------------------------------------------------
12:46:29.813 [main] DEBUG - clauseWhen1
12:46:29.813 [main] ERROR - Exception occured during compilation!
java.lang.RuntimeException: null
	at be.unamur.info.b314.compiler.Visitor.PCodeVisitor.visitClauseWhen(PCodeVisitor.java:153) ~[classes/:?]
	at be.unamur.info.b314.compiler.B314Parser$ClauseWhenContext.accept(B314Parser.java:4520) ~[classes/:?]
	at org.antlr.v4.runtime.tree.AbstractParseTreeVisitor.visitChildren(AbstractParseTreeVisitor.java:46) ~[antlr4-runtime-4.6.jar:4.6]
	at be.unamur.info.b314.compiler.B314BaseVisitor.visitProgramme(B314BaseVisitor.java:510) ~[classes/:?]
	at be.unamur.info.b314.compiler.Visitor.PCodeVisitor.visitProgramme(PCodeVisitor.java:94) ~[classes/:?]
	at be.unamur.info.b314.compiler.B314Parser$ProgrammeContext.accept(B314Parser.java:4028) ~[classes/:?]
	at be.unamur.info.b314.compiler.main.Main.printPCode(Main.java:236) ~[classes/:?]
	at be.unamur.info.b314.compiler.main.Main.compile(Main.java:199) ~[classes/:?]
	at be.unamur.info.b314.compiler.main.Main.main(Main.java:79) [classes/:?]
	at be.unamur.info.b314.compiler.main.CompilerTestHelper.launchCompilation(CompilerTestHelper.java:35) [test-classes/:?]
	at be.unamur.info.b314.compiler.main.B314localvariabledeclSyntaxTest.testlocalvariabledecl_when_local_variable_same_names_as_global_ok(B314localvariabledeclSyntaxTest.java:94) [test-classes/:?]
	at sun.reflect.NativeMethodAccessorImpl.invoke0(Native Method) ~[?:1.8.0_60]
	at sun.reflect.NativeMethodAccessorImpl.invoke(NativeMethodAccessorImpl.java:62) ~[?:1.8.0_60]
	at sun.reflect.DelegatingMethodAccessorImpl.invoke(DelegatingMethodAccessorImpl.java:43) ~[?:1.8.0_60]
	at java.lang.reflect.Method.invoke(Method.java:497) ~[?:1.8.0_60]
	at org.junit.runners.model.FrameworkMethod$1.runReflectiveCall(FrameworkMethod.java:50) [junit-4.12.jar:4.12]
	at org.junit.internal.runners.model.ReflectiveCallable.run(ReflectiveCallable.java:12) [junit-4.12.jar:4.12]
	at org.junit.runners.model.FrameworkMethod.invokeExplosively(FrameworkMethod.java:47) [junit-4.12.jar:4.12]
	at org.junit.internal.runners.statements.InvokeMethod.evaluate(InvokeMethod.java:17) [junit-4.12.jar:4.12]
	at org.junit.rules.ExternalResource$1.evaluate(ExternalResource.java:48) [junit-4.12.jar:4.12]
	at org.junit.rules.TestWatcher$1.evaluate(TestWatcher.java:55) [junit-4.12.jar:4.12]
	at org.junit.rules.RunRules.evaluate(RunRules.java:20) [junit-4.12.jar:4.12]
	at org.junit.runners.ParentRunner.runLeaf(ParentRunner.java:325) [junit-4.12.jar:4.12]
	at org.junit.runners.BlockJUnit4ClassRunner.runChild(BlockJUnit4ClassRunner.java:78) [junit-4.12.jar:4.12]
	at org.junit.runners.BlockJUnit4ClassRunner.runChild(BlockJUnit4ClassRunner.java:57) [junit-4.12.jar:4.12]
	at org.junit.runners.ParentRunner$3.run(ParentRunner.java:290) [junit-4.12.jar:4.12]
	at org.junit.runners.ParentRunner$1.schedule(ParentRunner.java:71) [junit-4.12.jar:4.12]
	at org.junit.runners.ParentRunner.runChildren(ParentRunner.java:288) [junit-4.12.jar:4.12]
	at org.junit.runners.ParentRunner.access$000(ParentRunner.java:58) [junit-4.12.jar:4.12]
	at org.junit.runners.ParentRunner$2.evaluate(ParentRunner.java:268) [junit-4.12.jar:4.12]
	at org.junit.runners.ParentRunner.run(ParentRunner.java:363) [junit-4.12.jar:4.12]
	at org.apache.maven.surefire.junit4.JUnit4Provider.execute(JUnit4Provider.java:252) [surefire-junit4-2.12.4.jar:2.12.4]
	at org.apache.maven.surefire.junit4.JUnit4Provider.executeTestSet(JUnit4Provider.java:141) [surefire-junit4-2.12.4.jar:2.12.4]
	at org.apache.maven.surefire.junit4.JUnit4Provider.invoke(JUnit4Provider.java:112) [surefire-junit4-2.12.4.jar:2.12.4]
	at sun.reflect.NativeMethodAccessorImpl.invoke0(Native Method) ~[?:1.8.0_60]
	at sun.reflect.NativeMethodAccessorImpl.invoke(NativeMethodAccessorImpl.java:62) ~[?:1.8.0_60]
	at sun.reflect.DelegatingMethodAccessorImpl.invoke(DelegatingMethodAccessorImpl.java:43) ~[?:1.8.0_60]
	at java.lang.reflect.Method.invoke(Method.java:497) ~[?:1.8.0_60]
	at org.apache.maven.surefire.util.ReflectionUtils.invokeMethodWithArray(ReflectionUtils.java:189) [surefire-api-2.12.4.jar:2.12.4]
	at org.apache.maven.surefire.booter.ProviderFactory$ProviderProxy.invoke(ProviderFactory.java:165) [surefire-booter-2.12.4.jar:2.12.4]
	at org.apache.maven.surefire.booter.ProviderFactory.invokeProvider(ProviderFactory.java:85) [surefire-booter-2.12.4.jar:2.12.4]
	at org.apache.maven.surefire.booter.ForkedBooter.runSuitesInProcess(ForkedBooter.java:115) [surefire-booter-2.12.4.jar:2.12.4]
	at org.apache.maven.surefire.booter.ForkedBooter.main(ForkedBooter.java:75) [surefire-booter-2.12.4.jar:2.12.4]
</system-out>
  </testcase>
  <testcase classname="be.unamur.info.b314.compiler.main.B314localvariabledeclSyntaxTest" name="testlocalvariabledecl_fct_local_var_same_names_ko" time="0.037"/>
  <testcase classname="be.unamur.info.b314.compiler.main.B314localvariabledeclSyntaxTest" name="testlocalvariabledecl_when_local_var_diff_names_than_global_vars_ok" time="0.026">
    <failure message="localvariabledecl: when_local_var_diff_names_than_global_vars
Expected: a string ending with &quot;OK\r\n&quot;
     but: was &quot;KO
&quot;" type="java.lang.AssertionError">java.lang.AssertionError: localvariabledecl: when_local_var_diff_names_than_global_vars
Expected: a string ending with &quot;OK\r\n&quot;
     but: was &quot;KO
&quot;
	at org.hamcrest.MatcherAssert.assertThat(MatcherAssert.java:20)
	at org.junit.Assert.assertThat(Assert.java:956)
	at be.unamur.info.b314.compiler.main.CompilerTestHelper.launchCompilation(CompilerTestHelper.java:42)
	at be.unamur.info.b314.compiler.main.B314localvariabledeclSyntaxTest.testlocalvariabledecl_when_local_var_diff_names_than_global_vars_ok(B314localvariabledeclSyntaxTest.java:78)
	at sun.reflect.NativeMethodAccessorImpl.invoke0(Native Method)
	at sun.reflect.NativeMethodAccessorImpl.invoke(NativeMethodAccessorImpl.java:62)
	at sun.reflect.DelegatingMethodAccessorImpl.invoke(DelegatingMethodAccessorImpl.java:43)
	at java.lang.reflect.Method.invoke(Method.java:497)
	at org.junit.runners.model.FrameworkMethod$1.runReflectiveCall(FrameworkMethod.java:50)
	at org.junit.internal.runners.model.ReflectiveCallable.run(ReflectiveCallable.java:12)
	at org.junit.runners.model.FrameworkMethod.invokeExplosively(FrameworkMethod.java:47)
	at org.junit.internal.runners.statements.InvokeMethod.evaluate(InvokeMethod.java:17)
	at org.junit.rules.ExternalResource$1.evaluate(ExternalResource.java:48)
	at org.junit.rules.TestWatcher$1.evaluate(TestWatcher.java:55)
	at org.junit.rules.RunRules.evaluate(RunRules.java:20)
	at org.junit.runners.ParentRunner.runLeaf(ParentRunner.java:325)
	at org.junit.runners.BlockJUnit4ClassRunner.runChild(BlockJUnit4ClassRunner.java:78)
	at org.junit.runners.BlockJUnit4ClassRunner.runChild(BlockJUnit4ClassRunner.java:57)
	at org.junit.runners.ParentRunner$3.run(ParentRunner.java:290)
	at org.junit.runners.ParentRunner$1.schedule(ParentRunner.java:71)
	at org.junit.runners.ParentRunner.runChildren(ParentRunner.java:288)
	at org.junit.runners.ParentRunner.access$000(ParentRunner.java:58)
	at org.junit.runners.ParentRunner$2.evaluate(ParentRunner.java:268)
	at org.junit.runners.ParentRunner.run(ParentRunner.java:363)
	at org.apache.maven.surefire.junit4.JUnit4Provider.execute(JUnit4Provider.java:252)
	at org.apache.maven.surefire.junit4.JUnit4Provider.executeTestSet(JUnit4Provider.java:141)
	at org.apache.maven.surefire.junit4.JUnit4Provider.invoke(JUnit4Provider.java:112)
	at sun.reflect.NativeMethodAccessorImpl.invoke0(Native Method)
	at sun.reflect.NativeMethodAccessorImpl.invoke(NativeMethodAccessorImpl.java:62)
	at sun.reflect.DelegatingMethodAccessorImpl.invoke(DelegatingMethodAccessorImpl.java:43)
	at java.lang.reflect.Method.invoke(Method.java:497)
	at org.apache.maven.surefire.util.ReflectionUtils.invokeMethodWithArray(ReflectionUtils.java:189)
	at org.apache.maven.surefire.booter.ProviderFactory$ProviderProxy.invoke(ProviderFactory.java:165)
	at org.apache.maven.surefire.booter.ProviderFactory.invokeProvider(ProviderFactory.java:85)
	at org.apache.maven.surefire.booter.ForkedBooter.runSuitesInProcess(ForkedBooter.java:115)
	at org.apache.maven.surefire.booter.ForkedBooter.main(ForkedBooter.java:75)
</failure>
    <system-out>12:46:29.888 [main] INFO  - Starting test: testlocalvariabledecl_when_local_var_diff_names_than_global_vars_ok()...
org.apache.commons.cli.CommandLine@17ae98d7
12:46:29.892 [main] DEBUG - Initialisation
12:46:29.892 [main] DEBUG - Input file set to C:\Users\Nathalie Masudi\b314-Jour-MonkeyIsland\target\test-classes\syntax\localvariabledecl\ok\when_local_var_diff_names_than_global_vars.b314
12:46:29.893 [main] DEBUG - Output file set to C:\Users\NATHAL~1\AppData\Local\Temp\junit4220361017340771106\junit4810606905385736586.tmp
12:46:29.893 [main] DEBUG - Initialisation: done
jessica1
12:46:29.898 [main] DEBUG - Parsing input
/* My comments */ 
declare and retain 
	b1 as boolean;
	b2 as boolean;
    i1 as integer; 
    i2 as integer;
    i3 as integer;
    s1 as square;
    s2 as square;
    v1 as boolean[5, 7];
    v2 as integer[42];

    fct1 as function():square
    	do
    		skip
    	done 

    fct2 as function(x as integer, y as boolean):integer
    	do
    		skip
    	done 

    fct3 as function():boolean
    	do
    		skip
    	done 

    fct4 as function():square
    	do
    		skip
    	done 

    fct5 as function(x as integer, y as boolean, z as square):integer
    	do
    		skip
    	done 
    	
when your turn 

	when true and b1 or v1[0, i1 + 2 * 5] do
		if b1 and i1 = 2 then
			while i1 &lt; i3 do
				set i2 to i1 + 1
			done
		else
			if s1 = ammo then
				next do nothing
			done
		done
	done 

	when false do
		skip
	done

	when not graal is north and i2 &gt; 5 and v2[4] &lt; 42 or s1 = dirt do
    	compute fct1()
    	set s1 to fct1()
    	if fct5(i1 + 2, s2 = ammo, ennemi) &gt; 2 then
    		skip
    	done
    	while fct3() do
    		skip
    	done
    	next move west
	done

	by default 
	declare local
		loc1 as integer;
		loc2 as boolean;
		loc3 as square;
		loc4 as integer[5];
	do 
		compute loc1 + 2 - loc4[0 + 1 - i1] = 5 and not loc2 or loc3 = dirt
	done&amp;#0;&amp;#0;&amp;#0;&amp;#0;&amp;#0;&amp;#0;&amp;#0;&amp;#0;&amp;#0;&amp;#0;&amp;#0;&amp;#0;&amp;#0;&amp;#0;&amp;#0;&amp;#0;&amp;#0;&amp;#0;&amp;#0;&amp;#0;&amp;#0;&amp;#0;&amp;#0;&amp;#0;&amp;#0;&amp;#0;&amp;#0;&amp;#0;&amp;#0;&amp;#0;&amp;#0;&amp;#0;&amp;#0;&amp;#0;&amp;#0;&amp;#0;&amp;#0;&amp;#0;&amp;#0;&amp;#0;&amp;#0;&amp;#0;&amp;#0;&amp;#0;&amp;#0;&amp;#0;&amp;#0;&amp;#0;&amp;#0;&amp;#0;&amp;#0;&amp;#0;&amp;#0;&amp;#0;&amp;#0;&amp;#0;&amp;#0;&amp;#0;&amp;#0;&amp;#0;&amp;#0;&amp;#0;&amp;#0;&amp;#0;&amp;#0;&amp;#0;&amp;#0;&amp;#0;&amp;#0;&amp;#0;&amp;#0;&amp;#0;&amp;#0;&amp;#0;&amp;#0;&amp;#0;&amp;#0;&amp;#0;&amp;#0;&amp;#0;&amp;#0;&amp;#0;&amp;#0;&amp;#0;&amp;#0;&amp;#0;&amp;#0;&amp;#0;&amp;#0;&amp;#0;&amp;#0;&amp;#0;&amp;#0;&amp;#0;&amp;#0;&amp;#0;&amp;#0;&amp;#0;&amp;#0;&amp;#0;&amp;#0;&amp;#0;&amp;#0;&amp;#0;&amp;#0;&amp;#0;&amp;#0;&amp;#0;&amp;#0;&amp;#0;&amp;#0;&amp;#0;&amp;#0;&amp;#0;&amp;#0;&amp;#0;&amp;#0;&amp;#0;&amp;#0;&amp;#0;&amp;#0;&amp;#0;&amp;#0;&amp;#0;&amp;#0;&amp;#0;&amp;#0;&amp;#0;&amp;#0;&amp;#0;&amp;#0;&amp;#0;&amp;#0;&amp;#0;&amp;#0;&amp;#0;&amp;#0;&amp;#0;&amp;#0;&amp;#0;&amp;#0;&amp;#0;&amp;#0;&amp;#0;&amp;#0;&amp;#0;&amp;#0;&amp;#0;&amp;#0;&amp;#0;&amp;#0;&amp;#0;&amp;#0;&amp;#0;&amp;#0;&amp;#0;&amp;#0;&amp;#0;&amp;#0;&amp;#0;&amp;#0;&amp;#0;&amp;#0;&amp;#0;&amp;#0;&amp;#0;&amp;#0;&amp;#0;&amp;#0;&amp;#0;&amp;#0;&amp;#0;&amp;#0;&amp;#0;&amp;#0;&amp;#0;&amp;#0;&amp;#0;&amp;#0;&amp;#0;&amp;#0;&amp;#0;&amp;#0;&amp;#0;&amp;#0;&amp;#0;&amp;#0;&amp;#0;&amp;#0;&amp;#0;&amp;#0;&amp;#0;&amp;#0;&amp;#0;&amp;#0;&amp;#0;&amp;#0;&amp;#0;&amp;#0;&amp;#0;&amp;#0;&amp;#0;&amp;#0;&amp;#0;&amp;#0;&amp;#0;&amp;#0;&amp;#0;&amp;#0;&amp;#0;&amp;#0;&amp;#0;&amp;#0;&amp;#0;&amp;#0;&amp;#0;&amp;#0;&amp;#0;&amp;#0;&amp;#0;&amp;#0;&amp;#0;&amp;#0;&amp;#0;&amp;#0;&amp;#0;&amp;#0;&amp;#0;&amp;#0;&amp;#0;&amp;#0;&amp;#0;&amp;#0;&amp;#0;&amp;#0;&amp;#0;&amp;#0;&amp;#0;&amp;#0;&amp;#0;&amp;#0;&amp;#0;&amp;#0;&amp;#0;&amp;#0;&amp;#0;&amp;#0;&amp;#0;&amp;#0;&amp;#0;&amp;#0;&amp;#0;&amp;#0;&amp;#0;&amp;#0;&amp;#0;&amp;#0;&amp;#0;&amp;#0;&amp;#0;&amp;#0;&amp;#0;&amp;#0;&amp;#0;&amp;#0;&amp;#0;&amp;#0;&amp;#0;&amp;#0;&amp;#0;&amp;#0;&amp;#0;&amp;#0;&amp;#0;&amp;#0;&amp;#0;&amp;#0;&amp;#0;&amp;#0;&amp;#0;&amp;#0;&amp;#0;&amp;#0;&amp;#0;&amp;#0;&amp;#0;&amp;#0;&amp;#0;&amp;#0;&amp;#0;&amp;#0;&amp;#0;&amp;#0;&amp;#0;&amp;#0;&amp;#0;&amp;#0;&amp;#0;&amp;#0;&amp;#0;&amp;#0;&amp;#0;&amp;#0;&amp;#0;&amp;#0;&amp;#0;&amp;#0;&amp;#0;&amp;#0;&amp;#0;&amp;#0;&amp;#0;&amp;#0;&amp;#0;&amp;#0;&amp;#0;&amp;#0;&amp;#0;&amp;#0;&amp;#0;&amp;#0;&amp;#0;&amp;#0;&amp;#0;&amp;#0;&amp;#0;&amp;#0;&amp;#0;&amp;#0;&amp;#0;&amp;#0;&amp;#0;&amp;#0;&amp;#0;&amp;#0;&amp;#0;&amp;#0;&amp;#0;&amp;#0;&amp;#0;&amp;#0;&amp;#0;&amp;#0;&amp;#0;&amp;#0;&amp;#0;&amp;#0;&amp;#0;&amp;#0;&amp;#0;&amp;#0;&amp;#0;&amp;#0;&amp;#0;&amp;#0;&amp;#0;&amp;#0;&amp;#0;&amp;#0;&amp;#0;&amp;#0;&amp;#0;&amp;#0;&amp;#0;&amp;#0;&amp;#0;&amp;#0;&amp;#0;&amp;#0;&amp;#0;&amp;#0;&amp;#0;&amp;#0;&amp;#0;&amp;#0;&amp;#0;&amp;#0;&amp;#0;&amp;#0;&amp;#0;&amp;#0;&amp;#0;&amp;#0;&amp;#0;&amp;#0;&amp;#0;&amp;#0;&amp;#0;&amp;#0;&amp;#0;&amp;#0;&amp;#0;&amp;#0;&amp;#0;&amp;#0;&amp;#0;&amp;#0;&amp;#0;&amp;#0;&amp;#0;&amp;#0;&amp;#0;&amp;#0;&amp;#0;&amp;#0;&amp;#0;&amp;#0;&amp;#0;&amp;#0;&amp;#0;&amp;#0;&amp;#0;&amp;#0;&amp;#0;&amp;#0;&amp;#0;&amp;#0;&amp;#0;&amp;#0;&amp;#0;&amp;#0;&amp;#0;&amp;#0;&amp;#0;&amp;#0;&amp;#0;&amp;#0;&amp;#0;&amp;#0;&amp;#0;&amp;#0;&amp;#0;&amp;#0;&amp;#0;&amp;#0;&amp;#0;&amp;#0;&amp;#0;&amp;#0;&amp;#0;&amp;#0;&amp;#0;&amp;#0;&amp;#0;&amp;#0;&amp;#0;&amp;#0;&amp;#0;&amp;#0;&amp;#0;&amp;#0;&amp;#0;&amp;#0;&amp;#0;&amp;#0;&amp;#0;&amp;#0;&amp;#0;&amp;#0;&amp;#0;&amp;#0;&amp;#0;&amp;#0;&amp;#0;&amp;#0;&amp;#0;&amp;#0;&amp;#0;&amp;#0;&amp;#0;&amp;#0;&amp;#0;&amp;#0;&amp;#0;&amp;#0;&amp;#0;&amp;#0;&amp;#0;&amp;#0;&amp;#0;&amp;#0;&amp;#0;&amp;#0;&amp;#0;&amp;#0;&amp;#0;&amp;#0;&amp;#0;&amp;#0;&amp;#0;&amp;#0;&amp;#0;&amp;#0;&amp;#0;&amp;#0;&amp;#0;&amp;#0;&amp;#0;&amp;#0;&amp;#0;&amp;#0;&amp;#0;&amp;#0;&amp;#0;&amp;#0;&amp;#0;&amp;#0;&amp;#0;&amp;#0;&amp;#0;&amp;#0;&amp;#0;&amp;#0;&amp;#0;&amp;#0;&amp;#0;&amp;#0;&amp;#0;&amp;#0;&amp;#0;&amp;#0;&amp;#0;&amp;#0;&amp;#0;&amp;#0;&amp;#0;&amp;#0;&amp;#0;&amp;#0;&amp;#0;&amp;#0;&amp;#0;&amp;#0;&amp;#0;&amp;#0;&amp;#0;&amp;#0;&amp;#0;&amp;#0;&amp;#0;&amp;#0;&amp;#0;&amp;#0;&amp;#0;&amp;#0;&amp;#0;&amp;#0;&amp;#0;&amp;#0;&amp;#0;&amp;#0;&amp;#0;&amp;#0;&amp;#0;&amp;#0;&amp;#0;&amp;#0;&amp;#0;&amp;#0;&amp;#0;&amp;#0;&amp;#0;&amp;#0;&amp;#0;&amp;#0;&amp;#0;&amp;#0;&amp;#0;&amp;#0;&amp;#0;&amp;#0;&amp;#0;&amp;#0;&amp;#0;&amp;#0;&amp;#0;&amp;#0;&amp;#0;&amp;#0;&amp;#0;&amp;#0;&amp;#0;&amp;#0;&amp;#0;&amp;#0;&amp;#0;&amp;#0;&amp;#0;&amp;#0;&amp;#0;&amp;#0;&amp;#0;&amp;#0;&amp;#0;&amp;#0;&amp;#0;&amp;#0;&amp;#0;&amp;#0;&amp;#0;&amp;#0;&amp;#0;&amp;#0;&amp;#0;&amp;#0;&amp;#0;&amp;#0;&amp;#0;&amp;#0;&amp;#0;&amp;#0;&amp;#0;&amp;#0;&amp;#0;&amp;#0;&amp;#0;&amp;#0;&amp;#0;&amp;#0;&amp;#0;&amp;#0;&amp;#0;&amp;#0;&amp;#0;&amp;#0;&amp;#0;&amp;#0;&amp;#0;&amp;#0;&amp;#0;&amp;#0;&amp;#0;&amp;#0;&amp;#0;&amp;#0;&amp;#0;&amp;#0;&amp;#0;&amp;#0;&amp;#0;&amp;#0;&amp;#0;&amp;#0;&amp;#0;&amp;#0;&amp;#0;&amp;#0;&amp;#0;&amp;#0;&amp;#0;&amp;#0;&amp;#0;&amp;#0;&amp;#0;&amp;#0;&amp;#0;&amp;#0;&amp;#0;&amp;#0;&amp;#0;&amp;#0;&amp;#0;&amp;#0;&amp;#0;&amp;#0;&amp;#0;&amp;#0;&amp;#0;&amp;#0;&amp;#0;&amp;#0;&amp;#0;&amp;#0;&amp;#0;&amp;#0;&amp;#0;&amp;#0;&amp;#0;&amp;#0;&amp;#0;&amp;#0;&amp;#0;&amp;#0;&amp;#0;&amp;#0;&amp;#0;&amp;#0;&amp;#0;&amp;#0;&amp;#0;&amp;#0;&amp;#0;&amp;#0;&amp;#0;&amp;#0;&amp;#0;&amp;#0;&amp;#0;&amp;#0;&amp;#0;&amp;#0;&amp;#0;&amp;#0;&amp;#0;&amp;#0;&amp;#0;&amp;#0;&amp;#0;&amp;#0;&amp;#0;&amp;#0;&amp;#0;&amp;#0;&amp;#0;&amp;#0;&amp;#0;&amp;#0;&amp;#0;&amp;#0;&amp;#0;&amp;#0;&amp;#0;&amp;#0;&amp;#0;&amp;#0;&amp;#0;&amp;#0;&amp;#0;&amp;#0;&amp;#0;&amp;#0;&amp;#0;&amp;#0;&amp;#0;&amp;#0;&amp;#0;&amp;#0;&amp;#0;&amp;#0;&amp;#0;&amp;#0;&amp;#0;&amp;#0;&amp;#0;&amp;#0;&amp;#0;&amp;#0;&amp;#0;&amp;#0;&amp;#0;&amp;#0;&amp;#0;&amp;#0;&amp;#0;&amp;#0;&amp;#0;&amp;#0;&amp;#0;&amp;#0;&amp;#0;&amp;#0;&amp;#0;&amp;#0;&amp;#0;&amp;#0;&amp;#0;&amp;#0;&amp;#0;&amp;#0;&amp;#0;&amp;#0;&amp;#0;&amp;#0;&amp;#0;&amp;#0;&amp;#0;&amp;#0;&amp;#0;&amp;#0;&amp;#0;&amp;#0;&amp;#0;&amp;#0;&amp;#0;&amp;#0;&amp;#0;&amp;#0;&amp;#0;&amp;#0;&amp;#0;&amp;#0;&amp;#0;&amp;#0;&amp;#0;&amp;#0;&amp;#0;&amp;#0;&amp;#0;&amp;#0;&amp;#0;&amp;#0;&amp;#0;&amp;#0;&amp;#0;&amp;#0;&amp;#0;&amp;#0;&amp;#0;&amp;#0;&amp;#0;&amp;#0;&amp;#0;&amp;#0;&amp;#0;&amp;#0;&amp;#0;&amp;#0;&amp;#0;&amp;#0;&amp;#0;&amp;#0;&amp;#0;&amp;#0;&amp;#0;&amp;#0;&amp;#0;&amp;#0;&amp;#0;&amp;#0;&amp;#0;&amp;#0;&amp;#0;&amp;#0;&amp;#0;&amp;#0;&amp;#0;&amp;#0;&amp;#0;&amp;#0;&amp;#0;&amp;#0;&amp;#0;&amp;#0;&amp;#0;&amp;#0;&amp;#0;&amp;#0;&amp;#0;&amp;#0;&amp;#0;&amp;#0;&amp;#0;&amp;#0;&amp;#0;&amp;#0;&amp;#0;&amp;#0;&amp;#0;&amp;#0;&amp;#0;&amp;#0;&amp;#0;&amp;#0;&amp;#0;&amp;#0;&amp;#0;&amp;#0;&amp;#0;&amp;#0;&amp;#0;&amp;#0;&amp;#0;&amp;#0;&amp;#0;&amp;#0;&amp;#0;&amp;#0;&amp;#0;&amp;#0;&amp;#0;&amp;#0;&amp;#0;&amp;#0;&amp;#0;&amp;#0;&amp;#0;&amp;#0;&amp;#0;&amp;#0;&amp;#0;&amp;#0;&amp;#0;&amp;#0;&amp;#0;&amp;#0;&amp;#0;&amp;#0;&amp;#0;&amp;#0;&amp;#0;&amp;#0;&amp;#0;&amp;#0;&amp;#0;&amp;#0;&amp;#0;&amp;#0;&amp;#0;&amp;#0;&amp;#0;&amp;#0;&amp;#0;&amp;#0;&amp;#0;&amp;#0;&amp;#0;&amp;#0;&amp;#0;&amp;#0;&amp;#0;&amp;#0;&amp;#0;&amp;#0;&amp;#0;&amp;#0;&amp;#0;&amp;#0;&amp;#0;&amp;#0;&amp;#0;&amp;#0;&amp;#0;&amp;#0;&amp;#0;&amp;#0;&amp;#0;&amp;#0;&amp;#0;&amp;#0;&amp;#0;&amp;#0;&amp;#0;&amp;#0;&amp;#0;&amp;#0;&amp;#0;&amp;#0;&amp;#0;&amp;#0;&amp;#0;&amp;#0;&amp;#0;&amp;#0;&amp;#0;&amp;#0;&amp;#0;&amp;#0;&amp;#0;&amp;#0;&amp;#0;&amp;#0;&amp;#0;&amp;#0;&amp;#0;&amp;#0;&amp;#0;&amp;#0;&amp;#0;&amp;#0;&amp;#0;&amp;#0;&amp;#0;&amp;#0;&amp;#0;&amp;#0;&amp;#0;&amp;#0;&amp;#0;&amp;#0;&amp;#0;&amp;#0;&amp;#0;&amp;#0;&amp;#0;&amp;#0;&amp;#0;&amp;#0;&amp;#0;&amp;#0;&amp;#0;&amp;#0;&amp;#0;&amp;#0;&amp;#0;&amp;#0;&amp;#0;&amp;#0;&amp;#0;&amp;#0;&amp;#0;&amp;#0;&amp;#0;&amp;#0;&amp;#0;&amp;#0;&amp;#0;&amp;#0;&amp;#0;&amp;#0;&amp;#0;&amp;#0;&amp;#0;&amp;#0;&amp;#0;&amp;#0;&amp;#0;&amp;#0;&amp;#0;&amp;#0;&amp;#0;&amp;#0;&amp;#0;&amp;#0;&amp;#0;&amp;#0;&amp;#0;&amp;#0;&amp;#0;&amp;#0;&amp;#0;&amp;#0;&amp;#0;&amp;#0;&amp;#0;&amp;#0;&amp;#0;&amp;#0;&amp;#0;&amp;#0;&amp;#0;&amp;#0;&amp;#0;&amp;#0;&amp;#0;&amp;#0;&amp;#0;&amp;#0;&amp;#0;&amp;#0;&amp;#0;&amp;#0;&amp;#0;&amp;#0;&amp;#0;&amp;#0;&amp;#0;&amp;#0;&amp;#0;&amp;#0;&amp;#0;&amp;#0;&amp;#0;&amp;#0;&amp;#0;&amp;#0;&amp;#0;&amp;#0;&amp;#0;&amp;#0;&amp;#0;&amp;#0;&amp;#0;&amp;#0;&amp;#0;&amp;#0;&amp;#0;&amp;#0;&amp;#0;&amp;#0;&amp;#0;&amp;#0;&amp;#0;&amp;#0;&amp;#0;&amp;#0;&amp;#0;&amp;#0;&amp;#0;&amp;#0;&amp;#0;&amp;#0;&amp;#0;&amp;#0;&amp;#0;&amp;#0;&amp;#0;&amp;#0;&amp;#0;&amp;#0;&amp;#0;&amp;#0;&amp;#0;&amp;#0;&amp;#0;&amp;#0;&amp;#0;&amp;#0;&amp;#0;&amp;#0;&amp;#0;&amp;#0;&amp;#0;&amp;#0;&amp;#0;&amp;#0;&amp;#0;&amp;#0;&amp;#0;&amp;#0;&amp;#0;&amp;#0;&amp;#0;&amp;#0;&amp;#0;&amp;#0;&amp;#0;&amp;#0;&amp;#0;&amp;#0;&amp;#0;&amp;#0;&amp;#0;&amp;#0;&amp;#0;&amp;#0;&amp;#0;&amp;#0;&amp;#0;&amp;#0;&amp;#0;&amp;#0;&amp;#0;&amp;#0;&amp;#0;&amp;#0;&amp;#0;&amp;#0;&amp;#0;&amp;#0;&amp;#0;&amp;#0;&amp;#0;&amp;#0;&amp;#0;&amp;#0;&amp;#0;&amp;#0;&amp;#0;&amp;#0;&amp;#0;&amp;#0;&amp;#0;&amp;#0;&amp;#0;&amp;#0;&amp;#0;&amp;#0;&amp;#0;&amp;#0;&amp;#0;&amp;#0;&amp;#0;&amp;#0;&amp;#0;&amp;#0;&amp;#0;&amp;#0;&amp;#0;&amp;#0;&amp;#0;&amp;#0;&amp;#0;&amp;#0;&amp;#0;&amp;#0;&amp;#0;&amp;#0;&amp;#0;&amp;#0;&amp;#0;&amp;#0;&amp;#0;&amp;#0;&amp;#0;&amp;#0;&amp;#0;&amp;#0;&amp;#0;&amp;#0;&amp;#0;&amp;#0;&amp;#0;&amp;#0;&amp;#0;&amp;#0;&amp;#0;&amp;#0;&amp;#0;&amp;#0;&amp;#0;&amp;#0;&amp;#0;&amp;#0;&amp;#0;&amp;#0;&amp;#0;&amp;#0;&amp;#0;&amp;#0;&amp;#0;&amp;#0;&amp;#0;&amp;#0;&amp;#0;&amp;#0;&amp;#0;&amp;#0;&amp;#0;&amp;#0;&amp;#0;&amp;#0;&amp;#0;&amp;#0;&amp;#0;&amp;#0;&amp;#0;&amp;#0;&amp;#0;&amp;#0;&amp;#0;&amp;#0;&amp;#0;&amp;#0;&amp;#0;&amp;#0;&amp;#0;&amp;#0;&amp;#0;&amp;#0;&amp;#0;&amp;#0;&amp;#0;&amp;#0;&amp;#0;&amp;#0;&amp;#0;&amp;#0;&amp;#0;&amp;#0;&amp;#0;&amp;#0;&amp;#0;&amp;#0;&amp;#0;&amp;#0;&amp;#0;&amp;#0;&amp;#0;&amp;#0;&amp;#0;&amp;#0;&amp;#0;&amp;#0;&amp;#0;&amp;#0;&amp;#0;&amp;#0;&amp;#0;&amp;#0;&amp;#0;&amp;#0;&amp;#0;&amp;#0;&amp;#0;&amp;#0;&amp;#0;&amp;#0;&amp;#0;&amp;#0;&amp;#0;&amp;#0;&amp;#0;&amp;#0;&amp;#0;&amp;#0;&amp;#0;&amp;#0;&amp;#0;&amp;#0;&amp;#0;&amp;#0;&amp;#0;&amp;#0;&amp;#0;&amp;#0;&amp;#0;&amp;#0;&amp;#0;&amp;#0;&amp;#0;&amp;#0;&amp;#0;&amp;#0;&amp;#0;&amp;#0;&amp;#0;&amp;#0;&amp;#0;&amp;#0;&amp;#0;&amp;#0;&amp;#0;&amp;#0;&amp;#0;&amp;#0;&amp;#0;&amp;#0;&amp;#0;&amp;#0;&amp;#0;&amp;#0;&amp;#0;&amp;#0;&amp;#0;&amp;#0;&amp;#0;&amp;#0;&amp;#0;&amp;#0;&amp;#0;&amp;#0;&amp;#0;&amp;#0;&amp;#0;&amp;#0;&amp;#0;&amp;#0;&amp;#0;&amp;#0;&amp;#0;&amp;#0;&amp;#0;&amp;#0;&amp;#0;&amp;#0;&amp;#0;&amp;#0;&amp;#0;&amp;#0;&amp;#0;&amp;#0;&amp;#0;&amp;#0;&amp;#0;&amp;#0;&amp;#0;&amp;#0;&amp;#0;&amp;#0;&amp;#0;&amp;#0;&amp;#0;&amp;#0;&amp;#0;&amp;#0;&amp;#0;&amp;#0;&amp;#0;&amp;#0;&amp;#0;&amp;#0;&amp;#0;&amp;#0;&amp;#0;&amp;#0;&amp;#0;&amp;#0;&amp;#0;&amp;#0;&amp;#0;&amp;#0;&amp;#0;&amp;#0;&amp;#0;&amp;#0;&amp;#0;&amp;#0;&amp;#0;&amp;#0;&amp;#0;&amp;#0;&amp;#0;&amp;#0;&amp;#0;&amp;#0;&amp;#0;&amp;#0;&amp;#0;&amp;#0;&amp;#0;&amp;#0;&amp;#0;&amp;#0;&amp;#0;&amp;#0;&amp;#0;&amp;#0;&amp;#0;&amp;#0;&amp;#0;&amp;#0;&amp;#0;&amp;#0;&amp;#0;&amp;#0;&amp;#0;&amp;#0;&amp;#0;&amp;#0;&amp;#0;&amp;#0;&amp;#0;&amp;#0;&amp;#0;&amp;#0;&amp;#0;&amp;#0;&amp;#0;&amp;#0;&amp;#0;&amp;#0;&amp;#0;&amp;#0;&amp;#0;&amp;#0;&amp;#0;&amp;#0;&amp;#0;&amp;#0;&amp;#0;&amp;#0;&amp;#0;&amp;#0;&amp;#0;&amp;#0;&amp;#0;&amp;#0;&amp;#0;&amp;#0;&amp;#0;&amp;#0;&amp;#0;&amp;#0;&amp;#0;&amp;#0;&amp;#0;&amp;#0;&amp;#0;&amp;#0;&amp;#0;&amp;#0;&amp;#0;&amp;#0;&amp;#0;&amp;#0;&amp;#0;&amp;#0;&amp;#0;&amp;#0;&amp;#0;&amp;#0;&amp;#0;&amp;#0;&amp;#0;&amp;#0;&amp;#0;&amp;#0;&amp;#0;&amp;#0;&amp;#0;&amp;#0;&amp;#0;&amp;#0;&amp;#0;&amp;#0;&amp;#0;&amp;#0;&amp;#0;&amp;#0;&amp;#0;&amp;#0;&amp;#0;&amp;#0;&amp;#0;&amp;#0;&amp;#0;&amp;#0;&amp;#0;&amp;#0;&amp;#0;&amp;#0;&amp;#0;&amp;#0;&amp;#0;&amp;#0;&amp;#0;&amp;#0;&amp;#0;&amp;#0;&amp;#0;&amp;#0;&amp;#0;&amp;#0;&amp;#0;&amp;#0;&amp;#0;&amp;#0;&amp;#0;&amp;#0;&amp;#0;&amp;#0;&amp;#0;&amp;#0;&amp;#0;&amp;#0;&amp;#0;&amp;#0;&amp;#0;&amp;#0;&amp;#0;&amp;#0;&amp;#0;&amp;#0;&amp;#0;&amp;#0;&amp;#0;&amp;#0;&amp;#0;&amp;#0;&amp;#0;&amp;#0;&amp;#0;&amp;#0;&amp;#0;&amp;#0;&amp;#0;&amp;#0;&amp;#0;&amp;#0;&amp;#0;&amp;#0;&amp;#0;&amp;#0;&amp;#0;&amp;#0;&amp;#0;&amp;#0;&amp;#0;&amp;#0;&amp;#0;&amp;#0;&amp;#0;&amp;#0;&amp;#0;&amp;#0;&amp;#0;&amp;#0;&amp;#0;&amp;#0;&amp;#0;&amp;#0;&amp;#0;&amp;#0;&amp;#0;&amp;#0;&amp;#0;&amp;#0;&amp;#0;&amp;#0;&amp;#0;&amp;#0;&amp;#0;&amp;#0;&amp;#0;&amp;#0;&amp;#0;&amp;#0;&amp;#0;&amp;#0;&amp;#0;&amp;#0;&amp;#0;&amp;#0;&amp;#0;&amp;#0;&amp;#0;&amp;#0;&amp;#0;&amp;#0;&amp;#0;&amp;#0;&amp;#0;&amp;#0;&amp;#0;&amp;#0;&amp;#0;&amp;#0;&amp;#0;&amp;#0;&amp;#0;&amp;#0;&amp;#0;&amp;#0;&amp;#0;&amp;#0;&amp;#0;&amp;#0;&amp;#0;&amp;#0;&amp;#0;&amp;#0;&amp;#0;&amp;#0;&amp;#0;&amp;#0;&amp;#0;&amp;#0;&amp;#0;&amp;#0;&amp;#0;&amp;#0;&amp;#0;&amp;#0;&amp;#0;&amp;#0;&amp;#0;&amp;#0;&amp;#0;&amp;#0;&amp;#0;&amp;#0;&amp;#0;&amp;#0;&amp;#0;&amp;#0;&amp;#0;&amp;#0;&amp;#0;&amp;#0;&amp;#0;&amp;#0;&amp;#0;&amp;#0;&amp;#0;&amp;#0;&amp;#0;&amp;#0;&amp;#0;&amp;#0;&amp;#0;&amp;#0;&amp;#0;&amp;#0;&amp;#0;&amp;#0;&amp;#0;&amp;#0;&amp;#0;&amp;#0;&amp;#0;&amp;#0;&amp;#0;&amp;#0;&amp;#0;&amp;#0;&amp;#0;&amp;#0;&amp;#0;&amp;#0;&amp;#0;&amp;#0;&amp;#0;&amp;#0;&amp;#0;&amp;#0;&amp;#0;&amp;#0;&amp;#0;&amp;#0;&amp;#0;&amp;#0;&amp;#0;&amp;#0;&amp;#0;&amp;#0;&amp;#0;&amp;#0;&amp;#0;&amp;#0;&amp;#0;&amp;#0;&amp;#0;&amp;#0;&amp;#0;&amp;#0;&amp;#0;&amp;#0;&amp;#0;&amp;#0;&amp;#0;&amp;#0;&amp;#0;&amp;#0;&amp;#0;&amp;#0;&amp;#0;&amp;#0;&amp;#0;&amp;#0;&amp;#0;&amp;#0;&amp;#0;&amp;#0;&amp;#0;&amp;#0;&amp;#0;&amp;#0;&amp;#0;&amp;#0;&amp;#0;&amp;#0;&amp;#0;&amp;#0;&amp;#0;&amp;#0;&amp;#0;&amp;#0;&amp;#0;&amp;#0;&amp;#0;&amp;#0;&amp;#0;&amp;#0;&amp;#0;&amp;#0;&amp;#0;&amp;#0;&amp;#0;&amp;#0;&amp;#0;&amp;#0;&amp;#0;&amp;#0;&amp;#0;&amp;#0;&amp;#0;&amp;#0;&amp;#0;&amp;#0;&amp;#0;&amp;#0;&amp;#0;&amp;#0;&amp;#0;&amp;#0;&amp;#0;&amp;#0;&amp;#0;&amp;#0;&amp;#0;&amp;#0;&amp;#0;&amp;#0;&amp;#0;&amp;#0;&amp;#0;&amp;#0;&amp;#0;&amp;#0;&amp;#0;&amp;#0;&amp;#0;&amp;#0;&amp;#0;&amp;#0;&amp;#0;&amp;#0;&amp;#0;&amp;#0;&amp;#0;&amp;#0;&amp;#0;&amp;#0;&amp;#0;&amp;#0;&amp;#0;&amp;#0;&amp;#0;&amp;#0;&amp;#0;&amp;#0;&amp;#0;&amp;#0;&amp;#0;&amp;#0;&amp;#0;&amp;#0;&amp;#0;&amp;#0;&amp;#0;&amp;#0;&amp;#0;&amp;#0;&amp;#0;&amp;#0;&amp;#0;&amp;#0;&amp;#0;&amp;#0;&amp;#0;&amp;#0;&amp;#0;&amp;#0;&amp;#0;&amp;#0;&amp;#0;&amp;#0;&amp;#0;&amp;#0;&amp;#0;&amp;#0;&amp;#0;&amp;#0;&amp;#0;&amp;#0;&amp;#0;&amp;#0;&amp;#0;&amp;#0;&amp;#0;&amp;#0;&amp;#0;&amp;#0;&amp;#0;&amp;#0;&amp;#0;&amp;#0;&amp;#0;&amp;#0;&amp;#0;&amp;#0;&amp;#0;&amp;#0;&amp;#0;&amp;#0;&amp;#0;&amp;#0;&amp;#0;&amp;#0;&amp;#0;&amp;#0;&amp;#0;&amp;#0;&amp;#0;&amp;#0;&amp;#0;&amp;#0;&amp;#0;&amp;#0;&amp;#0;&amp;#0;&amp;#0;&amp;#0;&amp;#0;&amp;#0;&amp;#0;&amp;#0;&amp;#0;&amp;#0;&amp;#0;&amp;#0;&amp;#0;&amp;#0;&amp;#0;&amp;#0;&amp;#0;&amp;#0;&amp;#0;&amp;#0;&amp;#0;&amp;#0;&amp;#0;&amp;#0;&amp;#0;&amp;#0;&amp;#0;&amp;#0;&amp;#0;&amp;#0;&amp;#0;&amp;#0;&amp;#0;&amp;#0;&amp;#0;&amp;#0;&amp;#0;&amp;#0;&amp;#0;&amp;#0;&amp;#0;&amp;#0;&amp;#0;&amp;#0;&amp;#0;&amp;#0;&amp;#0;&amp;#0;&amp;#0;&amp;#0;&amp;#0;&amp;#0;&amp;#0;&amp;#0;&amp;#0;&amp;#0;&amp;#0;&amp;#0;&amp;#0;&amp;#0;&amp;#0;&amp;#0;&amp;#0;&amp;#0;&amp;#0;&amp;#0;&amp;#0;&amp;#0;&amp;#0;&amp;#0;&amp;#0;&amp;#0;&amp;#0;&amp;#0;&amp;#0;&amp;#0;&amp;#0;&amp;#0;&amp;#0;&amp;#0;&amp;#0;&amp;#0;&amp;#0;&amp;#0;&amp;#0;&amp;#0;&amp;#0;&amp;#0;&amp;#0;&amp;#0;&amp;#0;&amp;#0;&amp;#0;&amp;#0;&amp;#0;&amp;#0;&amp;#0;&amp;#0;&amp;#0;&amp;#0;&amp;#0;&amp;#0;&amp;#0;&amp;#0;&amp;#0;&amp;#0;&amp;#0;&amp;#0;&amp;#0;&amp;#0;&amp;#0;&amp;#0;&amp;#0;&amp;#0;&amp;#0;&amp;#0;&amp;#0;&amp;#0;&amp;#0;&amp;#0;&amp;#0;&amp;#0;&amp;#0;&amp;#0;&amp;#0;&amp;#0;&amp;#0;&amp;#0;&amp;#0;&amp;#0;&amp;#0;&amp;#0;&amp;#0;&amp;#0;&amp;#0;&amp;#0;&amp;#0;&amp;#0;&amp;#0;&amp;#0;&amp;#0;&amp;#0;&amp;#0;&amp;#0;&amp;#0;&amp;#0;&amp;#0;&amp;#0;&amp;#0;&amp;#0;&amp;#0;&amp;#0;&amp;#0;&amp;#0;&amp;#0;&amp;#0;&amp;#0;&amp;#0;&amp;#0;&amp;#0;&amp;#0;&amp;#0;&amp;#0;&amp;#0;&amp;#0;&amp;#0;&amp;#0;&amp;#0;&amp;#0;&amp;#0;&amp;#0;&amp;#0;&amp;#0;&amp;#0;&amp;#0;&amp;#0;&amp;#0;&amp;#0;&amp;#0;&amp;#0;&amp;#0;&amp;#0;&amp;#0;&amp;#0;&amp;#0;&amp;#0;&amp;#0;&amp;#0;&amp;#0;&amp;#0;&amp;#0;&amp;#0;&amp;#0;&amp;#0;&amp;#0;&amp;#0;&amp;#0;&amp;#0;&amp;#0;&amp;#0;&amp;#0;&amp;#0;&amp;#0;&amp;#0;&amp;#0;&amp;#0;&amp;#0;&amp;#0;&amp;#0;&amp;#0;&amp;#0;&amp;#0;&amp;#0;&amp;#0;&amp;#0;&amp;#0;&amp;#0;&amp;#0;&amp;#0;&amp;#0;&amp;#0;&amp;#0;&amp;#0;&amp;#0;&amp;#0;&amp;#0;&amp;#0;&amp;#0;&amp;#0;&amp;#0;&amp;#0;&amp;#0;&amp;#0;&amp;#0;&amp;#0;&amp;#0;&amp;#0;&amp;#0;&amp;#0;&amp;#0;&amp;#0;&amp;#0;&amp;#0;&amp;#0;&amp;#0;&amp;#0;&amp;#0;&amp;#0;&amp;#0;&amp;#0;&amp;#0;&amp;#0;&amp;#0;&amp;#0;&amp;#0;&amp;#0;&amp;#0;&amp;#0;&amp;#0;&amp;#0;&amp;#0;&amp;#0;&amp;#0;&amp;#0;&amp;#0;&amp;#0;&amp;#0;&amp;#0;&amp;#0;&amp;#0;&amp;#0;&amp;#0;&amp;#0;&amp;#0;&amp;#0;&amp;#0;&amp;#0;&amp;#0;&amp;#0;&amp;#0;&amp;#0;&amp;#0;&amp;#0;&amp;#0;&amp;#0;&amp;#0;&amp;#0;&amp;#0;&amp;#0;&amp;#0;&amp;#0;&amp;#0;&amp;#0;&amp;#0;&amp;#0;&amp;#0;&amp;#0;&amp;#0;&amp;#0;&amp;#0;&amp;#0;&amp;#0;&amp;#0;&amp;#0;&amp;#0;&amp;#0;&amp;#0;&amp;#0;&amp;#0;&amp;#0;&amp;#0;&amp;#0;&amp;#0;&amp;#0;&amp;#0;&amp;#0;&amp;#0;&amp;#0;&amp;#0;&amp;#0;&amp;#0;&amp;#0;&amp;#0;&amp;#0;&amp;#0;&amp;#0;&amp;#0;&amp;#0;&amp;#0;&amp;#0;&amp;#0;&amp;#0;&amp;#0;&amp;#0;&amp;#0;&amp;#0;&amp;#0;&amp;#0;&amp;#0;&amp;#0;&amp;#0;&amp;#0;&amp;#0;&amp;#0;&amp;#0;&amp;#0;&amp;#0;&amp;#0;&amp;#0;&amp;#0;&amp;#0;&amp;#0;&amp;#0;&amp;#0;&amp;#0;&amp;#0;&amp;#0;&amp;#0;&amp;#0;&amp;#0;&amp;#0;&amp;#0;&amp;#0;&amp;#0;&amp;#0;&amp;#0;&amp;#0;&amp;#0;&amp;#0;&amp;#0;&amp;#0;&amp;#0;&amp;#0;&amp;#0;&amp;#0;&amp;#0;&amp;#0;&amp;#0;&amp;#0;&amp;#0;&amp;#0;&amp;#0;&amp;#0;&amp;#0;&amp;#0;&amp;#0;&amp;#0;&amp;#0;&amp;#0;&amp;#0;&amp;#0;&amp;#0;&amp;#0;&amp;#0;&amp;#0;&amp;#0;&amp;#0;&amp;#0;&amp;#0;&amp;#0;&amp;#0;&amp;#0;&amp;#0;&amp;#0;&amp;#0;&amp;#0;&amp;#0;&amp;#0;&amp;#0;&amp;#0;&amp;#0;&amp;#0;&amp;#0;&amp;#0;&amp;#0;&amp;#0;&amp;#0;&amp;#0;&amp;#0;&amp;#0;&amp;#0;&amp;#0;&amp;#0;&amp;#0;&amp;#0;&amp;#0;&amp;#0;&amp;#0;&amp;#0;&amp;#0;&amp;#0;&amp;#0;&amp;#0;&amp;#0;&amp;#0;&amp;#0;&amp;#0;&amp;#0;&amp;#0;&amp;#0;&amp;#0;&amp;#0;&amp;#0;&amp;#0;&amp;#0;&amp;#0;&amp;#0;&amp;#0;&amp;#0;&amp;#0;&amp;#0;&amp;#0;&amp;#0;&amp;#0;&amp;#0;&amp;#0;&amp;#0;&amp;#0;&amp;#0;&amp;#0;&amp;#0;&amp;#0;&amp;#0;&amp;#0;&amp;#0;&amp;#0;&amp;#0;&amp;#0;&amp;#0;&amp;#0;&amp;#0;&amp;#0;&amp;#0;&amp;#0;&amp;#0;&amp;#0;&amp;#0;&amp;#0;&amp;#0;&amp;#0;&amp;#0;&amp;#0;&amp;#0;&amp;#0;&amp;#0;&amp;#0;&amp;#0;&amp;#0;&amp;#0;&amp;#0;&amp;#0;&amp;#0;&amp;#0;&amp;#0;&amp;#0;&amp;#0;&amp;#0;&amp;#0;&amp;#0;&amp;#0;&amp;#0;&amp;#0;&amp;#0;&amp;#0;&amp;#0;&amp;#0;&amp;#0;&amp;#0;&amp;#0;&amp;#0;&amp;#0;&amp;#0;&amp;#0;&amp;#0;&amp;#0;&amp;#0;&amp;#0;&amp;#0;&amp;#0;&amp;#0;&amp;#0;&amp;#0;&amp;#0;&amp;#0;&amp;#0;&amp;#0;&amp;#0;&amp;#0;&amp;#0;&amp;#0;&amp;#0;&amp;#0;&amp;#0;&amp;#0;&amp;#0;&amp;#0;&amp;#0;&amp;#0;&amp;#0;&amp;#0;&amp;#0;&amp;#0;&amp;#0;&amp;#0;&amp;#0;&amp;#0;&amp;#0;&amp;#0;&amp;#0;&amp;#0;&amp;#0;&amp;#0;&amp;#0;&amp;#0;&amp;#0;&amp;#0;&amp;#0;&amp;#0;&amp;#0;&amp;#0;&amp;#0;&amp;#0;&amp;#0;&amp;#0;&amp;#0;&amp;#0;&amp;#0;&amp;#0;&amp;#0;&amp;#0;&amp;#0;&amp;#0;&amp;#0;&amp;#0;&amp;#0;&amp;#0;&amp;#0;&amp;#0;&amp;#0;&amp;#0;&amp;#0;&amp;#0;&amp;#0;&amp;#0;&amp;#0;&amp;#0;&amp;#0;&amp;#0;&amp;#0;&amp;#0;&amp;#0;&amp;#0;&amp;#0;&amp;#0;&amp;#0;&amp;#0;&amp;#0;&amp;#0;&amp;#0;&amp;#0;&amp;#0;&amp;#0;&amp;#0;&amp;#0;&amp;#0;&amp;#0;&amp;#0;&amp;#0;&amp;#0;&amp;#0;&amp;#0;&amp;#0;&amp;#0;&amp;#0;&amp;#0;&amp;#0;&amp;#0;&amp;#0;&amp;#0;&amp;#0;&amp;#0;&amp;#0;&amp;#0;&amp;#0;&amp;#0;&amp;#0;&amp;#0;&amp;#0;&amp;#0;&amp;#0;&amp;#0;&amp;#0;&amp;#0;&amp;#0;&amp;#0;&amp;#0;&amp;#0;&amp;#0;&amp;#0;&amp;#0;&amp;#0;&amp;#0;&amp;#0;&amp;#0;&amp;#0;&amp;#0;&amp;#0;&amp;#0;&amp;#0;&amp;#0;&amp;#0;&amp;#0;&amp;#0;&amp;#0;&amp;#0;&amp;#0;&amp;#0;&amp;#0;&amp;#0;&amp;#0;&amp;#0;&amp;#0;&amp;#0;&amp;#0;&amp;#0;&amp;#0;&amp;#0;&amp;#0;&amp;#0;&amp;#0;&amp;#0;&amp;#0;&amp;#0;&amp;#0;&amp;#0;&amp;#0;&amp;#0;&amp;#0;&amp;#0;&amp;#0;&amp;#0;&amp;#0;&amp;#0;&amp;#0;&amp;#0;&amp;#0;&amp;#0;&amp;#0;&amp;#0;&amp;#0;&amp;#0;&amp;#0;&amp;#0;&amp;#0;&amp;#0;&amp;#0;&amp;#0;&amp;#0;&amp;#0;&amp;#0;&amp;#0;&amp;#0;&amp;#0;&amp;#0;&amp;#0;&amp;#0;&amp;#0;&amp;#0;&amp;#0;&amp;#0;&amp;#0;&amp;#0;&amp;#0;&amp;#0;&amp;#0;&amp;#0;&amp;#0;&amp;#0;&amp;#0;&amp;#0;&amp;#0;&amp;#0;&amp;#0;&amp;#0;&amp;#0;&amp;#0;&amp;#0;&amp;#0;&amp;#0;&amp;#0;&amp;#0;&amp;#0;&amp;#0;&amp;#0;&amp;#0;&amp;#0;&amp;#0;&amp;#0;&amp;#0;&amp;#0;&amp;#0;&amp;#0;&amp;#0;&amp;#0;&amp;#0;&amp;#0;&amp;#0;&amp;#0;&amp;#0;&amp;#0;&amp;#0;&amp;#0;&amp;#0;&amp;#0;&amp;#0;&amp;#0;&amp;#0;&amp;#0;&amp;#0;&amp;#0;&amp;#0;&amp;#0;&amp;#0;&amp;#0;&amp;#0;&amp;#0;&amp;#0;&amp;#0;&amp;#0;&amp;#0;&amp;#0;&amp;#0;&amp;#0;&amp;#0;&amp;#0;&amp;#0;&amp;#0;&amp;#0;&amp;#0;&amp;#0;&amp;#0;&amp;#0;&amp;#0;&amp;#0;&amp;#0;&amp;#0;&amp;#0;&amp;#0;&amp;#0;&amp;#0;&amp;#0;&amp;#0;&amp;#0;&amp;#0;&amp;#0;&amp;#0;&amp;#0;&amp;#0;&amp;#0;&amp;#0;&amp;#0;&amp;#0;&amp;#0;&amp;#0;&amp;#0;&amp;#0;&amp;#0;&amp;#0;&amp;#0;&amp;#0;&amp;#0;&amp;#0;&amp;#0;&amp;#0;&amp;#0;&amp;#0;&amp;#0;&amp;#0;&amp;#0;&amp;#0;&amp;#0;&amp;#0;&amp;#0;&amp;#0;&amp;#0;&amp;#0;&amp;#0;&amp;#0;&amp;#0;&amp;#0;&amp;#0;&amp;#0;&amp;#0;&amp;#0;&amp;#0;&amp;#0;&amp;#0;&amp;#0;&amp;#0;&amp;#0;&amp;#0;&amp;#0;&amp;#0;&amp;#0;&amp;#0;&amp;#0;&amp;#0;&amp;#0;&amp;#0;&amp;#0;&amp;#0;&amp;#0;&amp;#0;&amp;#0;&amp;#0;&amp;#0;&amp;#0;&amp;#0;&amp;#0;&amp;#0;&amp;#0;&amp;#0;&amp;#0;&amp;#0;&amp;#0;&amp;#0;&amp;#0;&amp;#0;&amp;#0;&amp;#0;&amp;#0;&amp;#0;&amp;#0;&amp;#0;&amp;#0;&amp;#0;&amp;#0;&amp;#0;&amp;#0;&amp;#0;&amp;#0;&amp;#0;&amp;#0;&amp;#0;
12:46:29.908 [main] ERROR - Je passe ici ------------------------------------------------------
12:46:29.910 [main] DEBUG - clauseWhen1
12:46:29.911 [main] ERROR - Exception occured during compilation!
java.lang.RuntimeException: null
	at be.unamur.info.b314.compiler.Visitor.PCodeVisitor.visitClauseWhen(PCodeVisitor.java:153) ~[classes/:?]
	at be.unamur.info.b314.compiler.B314Parser$ClauseWhenContext.accept(B314Parser.java:4520) ~[classes/:?]
	at org.antlr.v4.runtime.tree.AbstractParseTreeVisitor.visitChildren(AbstractParseTreeVisitor.java:46) ~[antlr4-runtime-4.6.jar:4.6]
	at be.unamur.info.b314.compiler.B314BaseVisitor.visitProgramme(B314BaseVisitor.java:510) ~[classes/:?]
	at be.unamur.info.b314.compiler.Visitor.PCodeVisitor.visitProgramme(PCodeVisitor.java:94) ~[classes/:?]
	at be.unamur.info.b314.compiler.B314Parser$ProgrammeContext.accept(B314Parser.java:4028) ~[classes/:?]
	at be.unamur.info.b314.compiler.main.Main.printPCode(Main.java:236) ~[classes/:?]
	at be.unamur.info.b314.compiler.main.Main.compile(Main.java:199) ~[classes/:?]
	at be.unamur.info.b314.compiler.main.Main.main(Main.java:79) [classes/:?]
	at be.unamur.info.b314.compiler.main.CompilerTestHelper.launchCompilation(CompilerTestHelper.java:35) [test-classes/:?]
	at be.unamur.info.b314.compiler.main.B314localvariabledeclSyntaxTest.testlocalvariabledecl_when_local_var_diff_names_than_global_vars_ok(B314localvariabledeclSyntaxTest.java:78) [test-classes/:?]
	at sun.reflect.NativeMethodAccessorImpl.invoke0(Native Method) ~[?:1.8.0_60]
	at sun.reflect.NativeMethodAccessorImpl.invoke(NativeMethodAccessorImpl.java:62) ~[?:1.8.0_60]
	at sun.reflect.DelegatingMethodAccessorImpl.invoke(DelegatingMethodAccessorImpl.java:43) ~[?:1.8.0_60]
	at java.lang.reflect.Method.invoke(Method.java:497) ~[?:1.8.0_60]
	at org.junit.runners.model.FrameworkMethod$1.runReflectiveCall(FrameworkMethod.java:50) [junit-4.12.jar:4.12]
	at org.junit.internal.runners.model.ReflectiveCallable.run(ReflectiveCallable.java:12) [junit-4.12.jar:4.12]
	at org.junit.runners.model.FrameworkMethod.invokeExplosively(FrameworkMethod.java:47) [junit-4.12.jar:4.12]
	at org.junit.internal.runners.statements.InvokeMethod.evaluate(InvokeMethod.java:17) [junit-4.12.jar:4.12]
	at org.junit.rules.ExternalResource$1.evaluate(ExternalResource.java:48) [junit-4.12.jar:4.12]
	at org.junit.rules.TestWatcher$1.evaluate(TestWatcher.java:55) [junit-4.12.jar:4.12]
	at org.junit.rules.RunRules.evaluate(RunRules.java:20) [junit-4.12.jar:4.12]
	at org.junit.runners.ParentRunner.runLeaf(ParentRunner.java:325) [junit-4.12.jar:4.12]
	at org.junit.runners.BlockJUnit4ClassRunner.runChild(BlockJUnit4ClassRunner.java:78) [junit-4.12.jar:4.12]
	at org.junit.runners.BlockJUnit4ClassRunner.runChild(BlockJUnit4ClassRunner.java:57) [junit-4.12.jar:4.12]
	at org.junit.runners.ParentRunner$3.run(ParentRunner.java:290) [junit-4.12.jar:4.12]
	at org.junit.runners.ParentRunner$1.schedule(ParentRunner.java:71) [junit-4.12.jar:4.12]
	at org.junit.runners.ParentRunner.runChildren(ParentRunner.java:288) [junit-4.12.jar:4.12]
	at org.junit.runners.ParentRunner.access$000(ParentRunner.java:58) [junit-4.12.jar:4.12]
	at org.junit.runners.ParentRunner$2.evaluate(ParentRunner.java:268) [junit-4.12.jar:4.12]
	at org.junit.runners.ParentRunner.run(ParentRunner.java:363) [junit-4.12.jar:4.12]
	at org.apache.maven.surefire.junit4.JUnit4Provider.execute(JUnit4Provider.java:252) [surefire-junit4-2.12.4.jar:2.12.4]
	at org.apache.maven.surefire.junit4.JUnit4Provider.executeTestSet(JUnit4Provider.java:141) [surefire-junit4-2.12.4.jar:2.12.4]
	at org.apache.maven.surefire.junit4.JUnit4Provider.invoke(JUnit4Provider.java:112) [surefire-junit4-2.12.4.jar:2.12.4]
	at sun.reflect.NativeMethodAccessorImpl.invoke0(Native Method) ~[?:1.8.0_60]
	at sun.reflect.NativeMethodAccessorImpl.invoke(NativeMethodAccessorImpl.java:62) ~[?:1.8.0_60]
	at sun.reflect.DelegatingMethodAccessorImpl.invoke(DelegatingMethodAccessorImpl.java:43) ~[?:1.8.0_60]
	at java.lang.reflect.Method.invoke(Method.java:497) ~[?:1.8.0_60]
	at org.apache.maven.surefire.util.ReflectionUtils.invokeMethodWithArray(ReflectionUtils.java:189) [surefire-api-2.12.4.jar:2.12.4]
	at org.apache.maven.surefire.booter.ProviderFactory$ProviderProxy.invoke(ProviderFactory.java:165) [surefire-booter-2.12.4.jar:2.12.4]
	at org.apache.maven.surefire.booter.ProviderFactory.invokeProvider(ProviderFactory.java:85) [surefire-booter-2.12.4.jar:2.12.4]
	at org.apache.maven.surefire.booter.ForkedBooter.runSuitesInProcess(ForkedBooter.java:115) [surefire-booter-2.12.4.jar:2.12.4]
	at org.apache.maven.surefire.booter.ForkedBooter.main(ForkedBooter.java:75) [surefire-booter-2.12.4.jar:2.12.4]
</system-out>
  </testcase>
  <testcase classname="be.unamur.info.b314.compiler.main.B314localvariabledeclSyntaxTest" name="testlocalvariabledecl_fct_local_var_same_name_as_fucntion_ko" time="0.056"/>
  <testcase classname="be.unamur.info.b314.compiler.main.B314localvariabledeclSyntaxTest" name="testlocalvariabledecl_fct_local_var_same_names_and_different_types_than_global_vars_ok" time="0.055">
    <failure message="localvariabledecl: fct_local_var_same_names_and_different_types_than_global_vars
Expected: a string ending with &quot;OK\r\n&quot;
     but: was &quot;KO
&quot;" type="java.lang.AssertionError">java.lang.AssertionError: localvariabledecl: fct_local_var_same_names_and_different_types_than_global_vars
Expected: a string ending with &quot;OK\r\n&quot;
     but: was &quot;KO
&quot;
	at org.hamcrest.MatcherAssert.assertThat(MatcherAssert.java:20)
	at org.junit.Assert.assertThat(Assert.java:956)
	at be.unamur.info.b314.compiler.main.CompilerTestHelper.launchCompilation(CompilerTestHelper.java:42)
	at be.unamur.info.b314.compiler.main.B314localvariabledeclSyntaxTest.testlocalvariabledecl_fct_local_var_same_names_and_different_types_than_global_vars_ok(B314localvariabledeclSyntaxTest.java:61)
	at sun.reflect.NativeMethodAccessorImpl.invoke0(Native Method)
	at sun.reflect.NativeMethodAccessorImpl.invoke(NativeMethodAccessorImpl.java:62)
	at sun.reflect.DelegatingMethodAccessorImpl.invoke(DelegatingMethodAccessorImpl.java:43)
	at java.lang.reflect.Method.invoke(Method.java:497)
	at org.junit.runners.model.FrameworkMethod$1.runReflectiveCall(FrameworkMethod.java:50)
	at org.junit.internal.runners.model.ReflectiveCallable.run(ReflectiveCallable.java:12)
	at org.junit.runners.model.FrameworkMethod.invokeExplosively(FrameworkMethod.java:47)
	at org.junit.internal.runners.statements.InvokeMethod.evaluate(InvokeMethod.java:17)
	at org.junit.rules.ExternalResource$1.evaluate(ExternalResource.java:48)
	at org.junit.rules.TestWatcher$1.evaluate(TestWatcher.java:55)
	at org.junit.rules.RunRules.evaluate(RunRules.java:20)
	at org.junit.runners.ParentRunner.runLeaf(ParentRunner.java:325)
	at org.junit.runners.BlockJUnit4ClassRunner.runChild(BlockJUnit4ClassRunner.java:78)
	at org.junit.runners.BlockJUnit4ClassRunner.runChild(BlockJUnit4ClassRunner.java:57)
	at org.junit.runners.ParentRunner$3.run(ParentRunner.java:290)
	at org.junit.runners.ParentRunner$1.schedule(ParentRunner.java:71)
	at org.junit.runners.ParentRunner.runChildren(ParentRunner.java:288)
	at org.junit.runners.ParentRunner.access$000(ParentRunner.java:58)
	at org.junit.runners.ParentRunner$2.evaluate(ParentRunner.java:268)
	at org.junit.runners.ParentRunner.run(ParentRunner.java:363)
	at org.apache.maven.surefire.junit4.JUnit4Provider.execute(JUnit4Provider.java:252)
	at org.apache.maven.surefire.junit4.JUnit4Provider.executeTestSet(JUnit4Provider.java:141)
	at org.apache.maven.surefire.junit4.JUnit4Provider.invoke(JUnit4Provider.java:112)
	at sun.reflect.NativeMethodAccessorImpl.invoke0(Native Method)
	at sun.reflect.NativeMethodAccessorImpl.invoke(NativeMethodAccessorImpl.java:62)
	at sun.reflect.DelegatingMethodAccessorImpl.invoke(DelegatingMethodAccessorImpl.java:43)
	at java.lang.reflect.Method.invoke(Method.java:497)
	at org.apache.maven.surefire.util.ReflectionUtils.invokeMethodWithArray(ReflectionUtils.java:189)
	at org.apache.maven.surefire.booter.ProviderFactory$ProviderProxy.invoke(ProviderFactory.java:165)
	at org.apache.maven.surefire.booter.ProviderFactory.invokeProvider(ProviderFactory.java:85)
	at org.apache.maven.surefire.booter.ForkedBooter.runSuitesInProcess(ForkedBooter.java:115)
	at org.apache.maven.surefire.booter.ForkedBooter.main(ForkedBooter.java:75)
</failure>
    <system-out>12:46:29.973 [main] INFO  - Starting test: testlocalvariabledecl_fct_local_var_same_names_and_different_types_than_global_vars_ok()...
org.apache.commons.cli.CommandLine@5a772895
12:46:29.977 [main] DEBUG - Initialisation
12:46:29.977 [main] DEBUG - Input file set to C:\Users\Nathalie Masudi\b314-Jour-MonkeyIsland\target\test-classes\syntax\localvariabledecl\ok\fct_local_var_same_names_and_different_types_than_global_vars.b314
12:46:29.978 [main] DEBUG - Output file set to C:\Users\NATHAL~1\AppData\Local\Temp\junit7280560487409180919\junit752075271282792562.tmp
12:46:29.978 [main] DEBUG - Initialisation: done
jessica1
12:46:29.995 [main] DEBUG - Parsing input
/* My comments */ 
declare and retain 
	b1 as boolean;
	b2 as boolean;
    i1 as integer; 
    i2 as integer;
    i3 as integer;
    s1 as square;
    s2 as square;
    v1 as boolean[5, 7];
    v2 as integer[42];

    fct1 as function():square
    	do
    		skip
    	done 

    fct2 as function(x as integer, y as boolean):integer
    	declare local
    		loc1 as integer;
    		loc2 as boolean;
    		loc3 as square;
    		loc4 as integer[5];
    		b1 as integer;
    		s1 as boolean;
    	do
    		compute s1 and b1 = 42 or loc2
    	done 

    fct3 as function():boolean
    	declare local
    		loc1 as integer;
    		loc2 as boolean;
    		loc3 as square;
    		loc4 as integer[5];
    	do
    		skip
    	done 

    fct4 as function():square
    	declare local
    		loc1 as integer;
    		loc2 as boolean;
    		loc3 as square;
    		loc4 as integer[5];
    	do
    		compute loc1 + 2 - loc4[0 + 1 - i1] = 5 and not loc2 or loc3 = dirt
    	done 

    fct5 as function(x as integer, y as boolean, z as square):integer
    	declare local
    		loc1 as integer;
    		loc2 as boolean;
    		loc3 as square;
    		loc4 as integer[5];
    		v1 as integer[42];
    	do
    		set v1[0] to 42
    	done 
    	
when your turn 

	when true and b1 or v1[0, i1 + 2 * 5] do
		if b1 and i1 = 2 then
			while i1 &lt; i3 do
				set i2 to i1 + 1
			done
		else
			if s1 = ammo then
				next do nothing
			done
		done
	done 

	when false do
		skip
	done

	when not graal is north and i2 &gt; 5 and v2[4] &lt; 42 or s1 = dirt do
    	compute fct1()
    	set s1 to fct1()
    	if fct5(i1 + 2, s2 = ammo, ennemi) &gt; 2 then
    		skip
    	done
    	while fct3() do
    		skip
    	done
    	next move west
	done

	by default do 
		skip 
	done&amp;#0;&amp;#0;&amp;#0;&amp;#0;&amp;#0;&amp;#0;&amp;#0;&amp;#0;&amp;#0;&amp;#0;&amp;#0;&amp;#0;&amp;#0;&amp;#0;&amp;#0;&amp;#0;&amp;#0;&amp;#0;&amp;#0;&amp;#0;&amp;#0;&amp;#0;&amp;#0;&amp;#0;&amp;#0;&amp;#0;&amp;#0;&amp;#0;&amp;#0;&amp;#0;&amp;#0;&amp;#0;&amp;#0;&amp;#0;&amp;#0;&amp;#0;&amp;#0;&amp;#0;&amp;#0;&amp;#0;&amp;#0;&amp;#0;&amp;#0;&amp;#0;&amp;#0;&amp;#0;&amp;#0;&amp;#0;&amp;#0;&amp;#0;&amp;#0;&amp;#0;&amp;#0;&amp;#0;&amp;#0;&amp;#0;&amp;#0;&amp;#0;&amp;#0;&amp;#0;&amp;#0;&amp;#0;&amp;#0;&amp;#0;&amp;#0;&amp;#0;&amp;#0;&amp;#0;&amp;#0;&amp;#0;&amp;#0;&amp;#0;&amp;#0;&amp;#0;&amp;#0;&amp;#0;&amp;#0;&amp;#0;&amp;#0;&amp;#0;&amp;#0;&amp;#0;&amp;#0;&amp;#0;&amp;#0;&amp;#0;&amp;#0;&amp;#0;&amp;#0;&amp;#0;&amp;#0;&amp;#0;&amp;#0;&amp;#0;&amp;#0;&amp;#0;&amp;#0;&amp;#0;&amp;#0;&amp;#0;&amp;#0;&amp;#0;&amp;#0;&amp;#0;&amp;#0;&amp;#0;&amp;#0;&amp;#0;&amp;#0;&amp;#0;&amp;#0;&amp;#0;&amp;#0;&amp;#0;&amp;#0;&amp;#0;&amp;#0;&amp;#0;&amp;#0;&amp;#0;&amp;#0;&amp;#0;&amp;#0;&amp;#0;&amp;#0;&amp;#0;&amp;#0;&amp;#0;&amp;#0;&amp;#0;&amp;#0;&amp;#0;&amp;#0;&amp;#0;&amp;#0;&amp;#0;&amp;#0;&amp;#0;&amp;#0;&amp;#0;&amp;#0;&amp;#0;&amp;#0;&amp;#0;&amp;#0;&amp;#0;&amp;#0;&amp;#0;&amp;#0;&amp;#0;&amp;#0;&amp;#0;&amp;#0;&amp;#0;&amp;#0;&amp;#0;&amp;#0;&amp;#0;&amp;#0;&amp;#0;&amp;#0;&amp;#0;&amp;#0;&amp;#0;&amp;#0;&amp;#0;&amp;#0;&amp;#0;&amp;#0;&amp;#0;&amp;#0;&amp;#0;&amp;#0;&amp;#0;&amp;#0;&amp;#0;&amp;#0;&amp;#0;&amp;#0;&amp;#0;&amp;#0;&amp;#0;&amp;#0;&amp;#0;&amp;#0;&amp;#0;&amp;#0;&amp;#0;&amp;#0;&amp;#0;&amp;#0;&amp;#0;&amp;#0;&amp;#0;&amp;#0;&amp;#0;&amp;#0;&amp;#0;&amp;#0;&amp;#0;&amp;#0;&amp;#0;&amp;#0;&amp;#0;&amp;#0;&amp;#0;&amp;#0;&amp;#0;&amp;#0;&amp;#0;&amp;#0;&amp;#0;&amp;#0;&amp;#0;&amp;#0;&amp;#0;&amp;#0;&amp;#0;&amp;#0;&amp;#0;&amp;#0;&amp;#0;&amp;#0;&amp;#0;&amp;#0;&amp;#0;&amp;#0;&amp;#0;&amp;#0;&amp;#0;&amp;#0;&amp;#0;&amp;#0;&amp;#0;&amp;#0;&amp;#0;&amp;#0;&amp;#0;&amp;#0;&amp;#0;&amp;#0;&amp;#0;&amp;#0;&amp;#0;&amp;#0;&amp;#0;&amp;#0;&amp;#0;&amp;#0;&amp;#0;&amp;#0;&amp;#0;&amp;#0;&amp;#0;&amp;#0;&amp;#0;&amp;#0;&amp;#0;&amp;#0;&amp;#0;&amp;#0;&amp;#0;&amp;#0;&amp;#0;&amp;#0;&amp;#0;&amp;#0;&amp;#0;&amp;#0;&amp;#0;&amp;#0;&amp;#0;&amp;#0;&amp;#0;&amp;#0;&amp;#0;&amp;#0;&amp;#0;&amp;#0;&amp;#0;&amp;#0;&amp;#0;&amp;#0;&amp;#0;&amp;#0;&amp;#0;&amp;#0;&amp;#0;&amp;#0;&amp;#0;&amp;#0;&amp;#0;&amp;#0;&amp;#0;&amp;#0;&amp;#0;&amp;#0;&amp;#0;&amp;#0;&amp;#0;&amp;#0;&amp;#0;&amp;#0;&amp;#0;&amp;#0;&amp;#0;&amp;#0;&amp;#0;&amp;#0;&amp;#0;&amp;#0;&amp;#0;&amp;#0;&amp;#0;&amp;#0;&amp;#0;&amp;#0;&amp;#0;&amp;#0;&amp;#0;&amp;#0;&amp;#0;&amp;#0;&amp;#0;&amp;#0;&amp;#0;&amp;#0;&amp;#0;&amp;#0;&amp;#0;&amp;#0;&amp;#0;&amp;#0;&amp;#0;&amp;#0;&amp;#0;&amp;#0;&amp;#0;&amp;#0;&amp;#0;&amp;#0;&amp;#0;&amp;#0;&amp;#0;&amp;#0;&amp;#0;&amp;#0;&amp;#0;&amp;#0;&amp;#0;&amp;#0;&amp;#0;&amp;#0;&amp;#0;&amp;#0;&amp;#0;&amp;#0;&amp;#0;&amp;#0;&amp;#0;&amp;#0;&amp;#0;&amp;#0;&amp;#0;&amp;#0;&amp;#0;&amp;#0;&amp;#0;&amp;#0;&amp;#0;&amp;#0;&amp;#0;&amp;#0;&amp;#0;&amp;#0;&amp;#0;&amp;#0;&amp;#0;&amp;#0;&amp;#0;&amp;#0;&amp;#0;&amp;#0;&amp;#0;&amp;#0;&amp;#0;&amp;#0;&amp;#0;&amp;#0;&amp;#0;&amp;#0;&amp;#0;&amp;#0;&amp;#0;&amp;#0;&amp;#0;&amp;#0;&amp;#0;&amp;#0;&amp;#0;&amp;#0;&amp;#0;&amp;#0;&amp;#0;&amp;#0;&amp;#0;&amp;#0;&amp;#0;&amp;#0;&amp;#0;&amp;#0;&amp;#0;&amp;#0;&amp;#0;&amp;#0;&amp;#0;&amp;#0;&amp;#0;&amp;#0;&amp;#0;&amp;#0;&amp;#0;&amp;#0;&amp;#0;&amp;#0;&amp;#0;&amp;#0;&amp;#0;&amp;#0;&amp;#0;&amp;#0;&amp;#0;&amp;#0;&amp;#0;&amp;#0;&amp;#0;&amp;#0;&amp;#0;&amp;#0;&amp;#0;&amp;#0;&amp;#0;&amp;#0;&amp;#0;&amp;#0;&amp;#0;&amp;#0;&amp;#0;&amp;#0;&amp;#0;&amp;#0;&amp;#0;&amp;#0;&amp;#0;&amp;#0;&amp;#0;&amp;#0;&amp;#0;&amp;#0;&amp;#0;&amp;#0;&amp;#0;&amp;#0;&amp;#0;&amp;#0;&amp;#0;&amp;#0;&amp;#0;&amp;#0;&amp;#0;&amp;#0;&amp;#0;&amp;#0;&amp;#0;&amp;#0;&amp;#0;&amp;#0;&amp;#0;&amp;#0;&amp;#0;&amp;#0;&amp;#0;&amp;#0;&amp;#0;&amp;#0;&amp;#0;&amp;#0;&amp;#0;&amp;#0;&amp;#0;&amp;#0;&amp;#0;&amp;#0;&amp;#0;&amp;#0;&amp;#0;&amp;#0;&amp;#0;&amp;#0;&amp;#0;&amp;#0;&amp;#0;&amp;#0;&amp;#0;&amp;#0;&amp;#0;&amp;#0;&amp;#0;&amp;#0;&amp;#0;&amp;#0;&amp;#0;&amp;#0;&amp;#0;&amp;#0;&amp;#0;&amp;#0;&amp;#0;&amp;#0;&amp;#0;&amp;#0;&amp;#0;&amp;#0;&amp;#0;&amp;#0;&amp;#0;&amp;#0;&amp;#0;&amp;#0;&amp;#0;&amp;#0;&amp;#0;&amp;#0;&amp;#0;&amp;#0;&amp;#0;&amp;#0;&amp;#0;&amp;#0;&amp;#0;&amp;#0;&amp;#0;&amp;#0;&amp;#0;&amp;#0;&amp;#0;&amp;#0;&amp;#0;&amp;#0;&amp;#0;&amp;#0;&amp;#0;&amp;#0;&amp;#0;&amp;#0;&amp;#0;&amp;#0;&amp;#0;&amp;#0;&amp;#0;&amp;#0;&amp;#0;&amp;#0;&amp;#0;&amp;#0;&amp;#0;&amp;#0;&amp;#0;&amp;#0;&amp;#0;&amp;#0;&amp;#0;&amp;#0;&amp;#0;&amp;#0;&amp;#0;&amp;#0;&amp;#0;&amp;#0;&amp;#0;&amp;#0;&amp;#0;&amp;#0;&amp;#0;&amp;#0;&amp;#0;&amp;#0;&amp;#0;&amp;#0;&amp;#0;&amp;#0;&amp;#0;&amp;#0;&amp;#0;&amp;#0;&amp;#0;&amp;#0;&amp;#0;&amp;#0;&amp;#0;&amp;#0;&amp;#0;&amp;#0;&amp;#0;&amp;#0;&amp;#0;&amp;#0;&amp;#0;&amp;#0;&amp;#0;&amp;#0;&amp;#0;&amp;#0;&amp;#0;&amp;#0;&amp;#0;&amp;#0;&amp;#0;&amp;#0;&amp;#0;&amp;#0;&amp;#0;&amp;#0;&amp;#0;&amp;#0;&amp;#0;&amp;#0;&amp;#0;&amp;#0;&amp;#0;&amp;#0;&amp;#0;&amp;#0;&amp;#0;&amp;#0;&amp;#0;&amp;#0;&amp;#0;&amp;#0;&amp;#0;&amp;#0;&amp;#0;&amp;#0;&amp;#0;&amp;#0;&amp;#0;&amp;#0;&amp;#0;&amp;#0;&amp;#0;&amp;#0;&amp;#0;&amp;#0;&amp;#0;&amp;#0;&amp;#0;&amp;#0;&amp;#0;&amp;#0;&amp;#0;&amp;#0;&amp;#0;&amp;#0;&amp;#0;&amp;#0;&amp;#0;&amp;#0;&amp;#0;&amp;#0;&amp;#0;&amp;#0;&amp;#0;&amp;#0;&amp;#0;&amp;#0;&amp;#0;&amp;#0;&amp;#0;&amp;#0;&amp;#0;&amp;#0;&amp;#0;&amp;#0;&amp;#0;&amp;#0;&amp;#0;&amp;#0;&amp;#0;&amp;#0;&amp;#0;&amp;#0;&amp;#0;&amp;#0;&amp;#0;&amp;#0;&amp;#0;&amp;#0;&amp;#0;&amp;#0;&amp;#0;&amp;#0;&amp;#0;&amp;#0;&amp;#0;&amp;#0;&amp;#0;&amp;#0;&amp;#0;&amp;#0;&amp;#0;&amp;#0;&amp;#0;&amp;#0;&amp;#0;&amp;#0;&amp;#0;&amp;#0;&amp;#0;&amp;#0;&amp;#0;&amp;#0;&amp;#0;&amp;#0;&amp;#0;&amp;#0;&amp;#0;&amp;#0;&amp;#0;&amp;#0;&amp;#0;&amp;#0;&amp;#0;&amp;#0;&amp;#0;&amp;#0;&amp;#0;&amp;#0;&amp;#0;&amp;#0;&amp;#0;&amp;#0;&amp;#0;&amp;#0;&amp;#0;&amp;#0;&amp;#0;&amp;#0;&amp;#0;&amp;#0;&amp;#0;&amp;#0;&amp;#0;&amp;#0;&amp;#0;&amp;#0;&amp;#0;&amp;#0;&amp;#0;&amp;#0;&amp;#0;&amp;#0;&amp;#0;&amp;#0;&amp;#0;&amp;#0;&amp;#0;&amp;#0;&amp;#0;&amp;#0;&amp;#0;&amp;#0;&amp;#0;&amp;#0;&amp;#0;&amp;#0;&amp;#0;&amp;#0;&amp;#0;&amp;#0;&amp;#0;&amp;#0;&amp;#0;&amp;#0;&amp;#0;&amp;#0;&amp;#0;&amp;#0;&amp;#0;&amp;#0;&amp;#0;&amp;#0;&amp;#0;&amp;#0;&amp;#0;&amp;#0;&amp;#0;&amp;#0;&amp;#0;&amp;#0;&amp;#0;&amp;#0;&amp;#0;&amp;#0;&amp;#0;&amp;#0;&amp;#0;&amp;#0;&amp;#0;&amp;#0;&amp;#0;&amp;#0;&amp;#0;&amp;#0;&amp;#0;&amp;#0;&amp;#0;&amp;#0;&amp;#0;&amp;#0;&amp;#0;&amp;#0;&amp;#0;&amp;#0;&amp;#0;&amp;#0;&amp;#0;&amp;#0;&amp;#0;&amp;#0;&amp;#0;&amp;#0;&amp;#0;&amp;#0;&amp;#0;&amp;#0;&amp;#0;&amp;#0;&amp;#0;&amp;#0;&amp;#0;&amp;#0;&amp;#0;&amp;#0;&amp;#0;&amp;#0;&amp;#0;&amp;#0;&amp;#0;&amp;#0;&amp;#0;&amp;#0;&amp;#0;&amp;#0;&amp;#0;&amp;#0;&amp;#0;&amp;#0;&amp;#0;&amp;#0;&amp;#0;&amp;#0;&amp;#0;&amp;#0;&amp;#0;&amp;#0;&amp;#0;&amp;#0;&amp;#0;&amp;#0;&amp;#0;&amp;#0;&amp;#0;&amp;#0;&amp;#0;&amp;#0;&amp;#0;&amp;#0;&amp;#0;&amp;#0;&amp;#0;&amp;#0;&amp;#0;&amp;#0;&amp;#0;&amp;#0;&amp;#0;&amp;#0;&amp;#0;&amp;#0;&amp;#0;&amp;#0;&amp;#0;&amp;#0;&amp;#0;&amp;#0;&amp;#0;&amp;#0;&amp;#0;&amp;#0;&amp;#0;&amp;#0;&amp;#0;&amp;#0;&amp;#0;&amp;#0;&amp;#0;&amp;#0;&amp;#0;&amp;#0;&amp;#0;&amp;#0;&amp;#0;&amp;#0;&amp;#0;&amp;#0;&amp;#0;&amp;#0;&amp;#0;&amp;#0;&amp;#0;&amp;#0;&amp;#0;&amp;#0;&amp;#0;&amp;#0;&amp;#0;&amp;#0;&amp;#0;&amp;#0;&amp;#0;&amp;#0;&amp;#0;&amp;#0;&amp;#0;&amp;#0;&amp;#0;&amp;#0;&amp;#0;&amp;#0;&amp;#0;&amp;#0;&amp;#0;&amp;#0;&amp;#0;&amp;#0;&amp;#0;&amp;#0;&amp;#0;&amp;#0;&amp;#0;&amp;#0;&amp;#0;&amp;#0;&amp;#0;&amp;#0;&amp;#0;&amp;#0;&amp;#0;&amp;#0;&amp;#0;&amp;#0;&amp;#0;&amp;#0;&amp;#0;&amp;#0;&amp;#0;&amp;#0;&amp;#0;&amp;#0;&amp;#0;&amp;#0;&amp;#0;&amp;#0;&amp;#0;&amp;#0;&amp;#0;&amp;#0;&amp;#0;&amp;#0;&amp;#0;&amp;#0;&amp;#0;&amp;#0;&amp;#0;&amp;#0;&amp;#0;&amp;#0;&amp;#0;&amp;#0;&amp;#0;&amp;#0;&amp;#0;&amp;#0;&amp;#0;&amp;#0;&amp;#0;&amp;#0;&amp;#0;&amp;#0;&amp;#0;&amp;#0;&amp;#0;&amp;#0;&amp;#0;&amp;#0;&amp;#0;&amp;#0;&amp;#0;&amp;#0;&amp;#0;&amp;#0;&amp;#0;&amp;#0;&amp;#0;&amp;#0;&amp;#0;&amp;#0;&amp;#0;&amp;#0;&amp;#0;&amp;#0;&amp;#0;&amp;#0;&amp;#0;&amp;#0;&amp;#0;&amp;#0;&amp;#0;&amp;#0;&amp;#0;&amp;#0;&amp;#0;&amp;#0;&amp;#0;&amp;#0;&amp;#0;&amp;#0;&amp;#0;&amp;#0;&amp;#0;&amp;#0;&amp;#0;&amp;#0;&amp;#0;&amp;#0;&amp;#0;&amp;#0;&amp;#0;&amp;#0;&amp;#0;&amp;#0;&amp;#0;&amp;#0;&amp;#0;&amp;#0;&amp;#0;&amp;#0;&amp;#0;&amp;#0;&amp;#0;&amp;#0;&amp;#0;&amp;#0;&amp;#0;&amp;#0;&amp;#0;&amp;#0;&amp;#0;&amp;#0;&amp;#0;&amp;#0;&amp;#0;&amp;#0;&amp;#0;&amp;#0;&amp;#0;&amp;#0;&amp;#0;&amp;#0;&amp;#0;&amp;#0;&amp;#0;&amp;#0;&amp;#0;&amp;#0;&amp;#0;&amp;#0;&amp;#0;&amp;#0;&amp;#0;&amp;#0;&amp;#0;&amp;#0;&amp;#0;&amp;#0;&amp;#0;&amp;#0;&amp;#0;&amp;#0;&amp;#0;&amp;#0;&amp;#0;&amp;#0;&amp;#0;&amp;#0;&amp;#0;&amp;#0;&amp;#0;&amp;#0;&amp;#0;&amp;#0;&amp;#0;&amp;#0;&amp;#0;&amp;#0;&amp;#0;&amp;#0;&amp;#0;&amp;#0;&amp;#0;&amp;#0;&amp;#0;&amp;#0;&amp;#0;&amp;#0;&amp;#0;&amp;#0;&amp;#0;&amp;#0;&amp;#0;&amp;#0;&amp;#0;&amp;#0;&amp;#0;&amp;#0;&amp;#0;&amp;#0;&amp;#0;&amp;#0;&amp;#0;&amp;#0;&amp;#0;&amp;#0;&amp;#0;&amp;#0;&amp;#0;&amp;#0;&amp;#0;&amp;#0;&amp;#0;&amp;#0;&amp;#0;&amp;#0;&amp;#0;&amp;#0;&amp;#0;&amp;#0;&amp;#0;&amp;#0;&amp;#0;&amp;#0;&amp;#0;&amp;#0;&amp;#0;&amp;#0;&amp;#0;&amp;#0;&amp;#0;&amp;#0;&amp;#0;&amp;#0;&amp;#0;&amp;#0;&amp;#0;&amp;#0;&amp;#0;&amp;#0;&amp;#0;&amp;#0;&amp;#0;&amp;#0;&amp;#0;&amp;#0;&amp;#0;&amp;#0;&amp;#0;&amp;#0;&amp;#0;&amp;#0;&amp;#0;&amp;#0;&amp;#0;&amp;#0;&amp;#0;&amp;#0;&amp;#0;&amp;#0;&amp;#0;&amp;#0;&amp;#0;&amp;#0;&amp;#0;&amp;#0;&amp;#0;&amp;#0;&amp;#0;&amp;#0;&amp;#0;&amp;#0;&amp;#0;&amp;#0;&amp;#0;&amp;#0;&amp;#0;&amp;#0;&amp;#0;&amp;#0;&amp;#0;&amp;#0;&amp;#0;&amp;#0;&amp;#0;&amp;#0;&amp;#0;&amp;#0;&amp;#0;&amp;#0;&amp;#0;&amp;#0;&amp;#0;&amp;#0;&amp;#0;&amp;#0;&amp;#0;&amp;#0;&amp;#0;&amp;#0;&amp;#0;&amp;#0;&amp;#0;&amp;#0;&amp;#0;&amp;#0;&amp;#0;&amp;#0;&amp;#0;&amp;#0;&amp;#0;&amp;#0;&amp;#0;&amp;#0;&amp;#0;&amp;#0;&amp;#0;&amp;#0;&amp;#0;&amp;#0;&amp;#0;&amp;#0;&amp;#0;&amp;#0;&amp;#0;&amp;#0;&amp;#0;&amp;#0;&amp;#0;&amp;#0;&amp;#0;&amp;#0;&amp;#0;&amp;#0;&amp;#0;&amp;#0;&amp;#0;&amp;#0;&amp;#0;&amp;#0;&amp;#0;&amp;#0;&amp;#0;&amp;#0;&amp;#0;&amp;#0;&amp;#0;&amp;#0;&amp;#0;&amp;#0;&amp;#0;&amp;#0;&amp;#0;&amp;#0;&amp;#0;&amp;#0;&amp;#0;&amp;#0;&amp;#0;&amp;#0;&amp;#0;&amp;#0;&amp;#0;&amp;#0;&amp;#0;&amp;#0;&amp;#0;&amp;#0;&amp;#0;&amp;#0;&amp;#0;&amp;#0;&amp;#0;&amp;#0;&amp;#0;&amp;#0;&amp;#0;&amp;#0;&amp;#0;&amp;#0;&amp;#0;&amp;#0;&amp;#0;&amp;#0;&amp;#0;&amp;#0;&amp;#0;&amp;#0;&amp;#0;&amp;#0;&amp;#0;&amp;#0;&amp;#0;&amp;#0;&amp;#0;&amp;#0;&amp;#0;&amp;#0;&amp;#0;&amp;#0;&amp;#0;&amp;#0;&amp;#0;&amp;#0;&amp;#0;&amp;#0;&amp;#0;&amp;#0;&amp;#0;&amp;#0;&amp;#0;&amp;#0;&amp;#0;&amp;#0;&amp;#0;&amp;#0;&amp;#0;&amp;#0;&amp;#0;&amp;#0;&amp;#0;&amp;#0;&amp;#0;&amp;#0;&amp;#0;&amp;#0;&amp;#0;&amp;#0;&amp;#0;&amp;#0;&amp;#0;&amp;#0;&amp;#0;&amp;#0;&amp;#0;&amp;#0;&amp;#0;&amp;#0;&amp;#0;&amp;#0;&amp;#0;&amp;#0;&amp;#0;&amp;#0;&amp;#0;&amp;#0;&amp;#0;&amp;#0;&amp;#0;&amp;#0;&amp;#0;&amp;#0;&amp;#0;&amp;#0;&amp;#0;&amp;#0;&amp;#0;&amp;#0;&amp;#0;&amp;#0;&amp;#0;&amp;#0;&amp;#0;&amp;#0;&amp;#0;&amp;#0;&amp;#0;&amp;#0;&amp;#0;&amp;#0;&amp;#0;&amp;#0;&amp;#0;&amp;#0;&amp;#0;&amp;#0;&amp;#0;&amp;#0;&amp;#0;&amp;#0;&amp;#0;&amp;#0;&amp;#0;&amp;#0;&amp;#0;&amp;#0;&amp;#0;&amp;#0;&amp;#0;&amp;#0;&amp;#0;&amp;#0;&amp;#0;&amp;#0;&amp;#0;&amp;#0;&amp;#0;&amp;#0;&amp;#0;&amp;#0;&amp;#0;&amp;#0;&amp;#0;&amp;#0;&amp;#0;&amp;#0;&amp;#0;&amp;#0;&amp;#0;&amp;#0;&amp;#0;&amp;#0;&amp;#0;&amp;#0;&amp;#0;&amp;#0;&amp;#0;&amp;#0;&amp;#0;&amp;#0;&amp;#0;&amp;#0;&amp;#0;&amp;#0;&amp;#0;&amp;#0;&amp;#0;&amp;#0;&amp;#0;&amp;#0;&amp;#0;&amp;#0;&amp;#0;&amp;#0;&amp;#0;&amp;#0;&amp;#0;&amp;#0;&amp;#0;&amp;#0;&amp;#0;&amp;#0;&amp;#0;&amp;#0;&amp;#0;&amp;#0;&amp;#0;&amp;#0;&amp;#0;&amp;#0;&amp;#0;&amp;#0;&amp;#0;&amp;#0;&amp;#0;&amp;#0;&amp;#0;&amp;#0;&amp;#0;&amp;#0;&amp;#0;&amp;#0;&amp;#0;&amp;#0;&amp;#0;&amp;#0;&amp;#0;&amp;#0;&amp;#0;&amp;#0;&amp;#0;&amp;#0;&amp;#0;&amp;#0;&amp;#0;&amp;#0;&amp;#0;&amp;#0;&amp;#0;&amp;#0;&amp;#0;&amp;#0;&amp;#0;&amp;#0;&amp;#0;&amp;#0;&amp;#0;&amp;#0;&amp;#0;&amp;#0;&amp;#0;&amp;#0;&amp;#0;&amp;#0;&amp;#0;&amp;#0;&amp;#0;&amp;#0;&amp;#0;&amp;#0;&amp;#0;&amp;#0;&amp;#0;&amp;#0;&amp;#0;&amp;#0;&amp;#0;&amp;#0;&amp;#0;&amp;#0;&amp;#0;&amp;#0;&amp;#0;&amp;#0;&amp;#0;&amp;#0;&amp;#0;&amp;#0;&amp;#0;&amp;#0;&amp;#0;&amp;#0;&amp;#0;&amp;#0;&amp;#0;&amp;#0;&amp;#0;&amp;#0;&amp;#0;&amp;#0;&amp;#0;&amp;#0;&amp;#0;&amp;#0;&amp;#0;&amp;#0;&amp;#0;&amp;#0;&amp;#0;&amp;#0;&amp;#0;&amp;#0;&amp;#0;&amp;#0;&amp;#0;&amp;#0;&amp;#0;&amp;#0;&amp;#0;&amp;#0;&amp;#0;&amp;#0;&amp;#0;&amp;#0;&amp;#0;&amp;#0;&amp;#0;&amp;#0;&amp;#0;&amp;#0;&amp;#0;&amp;#0;&amp;#0;&amp;#0;&amp;#0;&amp;#0;&amp;#0;&amp;#0;&amp;#0;&amp;#0;&amp;#0;&amp;#0;&amp;#0;&amp;#0;&amp;#0;&amp;#0;&amp;#0;&amp;#0;&amp;#0;&amp;#0;&amp;#0;&amp;#0;&amp;#0;&amp;#0;&amp;#0;&amp;#0;&amp;#0;&amp;#0;&amp;#0;&amp;#0;&amp;#0;&amp;#0;&amp;#0;&amp;#0;&amp;#0;&amp;#0;&amp;#0;&amp;#0;&amp;#0;&amp;#0;&amp;#0;&amp;#0;&amp;#0;&amp;#0;&amp;#0;&amp;#0;&amp;#0;&amp;#0;&amp;#0;&amp;#0;&amp;#0;&amp;#0;&amp;#0;&amp;#0;&amp;#0;&amp;#0;&amp;#0;&amp;#0;&amp;#0;&amp;#0;&amp;#0;&amp;#0;&amp;#0;&amp;#0;&amp;#0;&amp;#0;&amp;#0;&amp;#0;&amp;#0;&amp;#0;&amp;#0;&amp;#0;&amp;#0;&amp;#0;&amp;#0;&amp;#0;&amp;#0;&amp;#0;&amp;#0;&amp;#0;&amp;#0;&amp;#0;&amp;#0;&amp;#0;&amp;#0;&amp;#0;&amp;#0;&amp;#0;&amp;#0;&amp;#0;&amp;#0;&amp;#0;&amp;#0;&amp;#0;&amp;#0;&amp;#0;&amp;#0;&amp;#0;&amp;#0;&amp;#0;&amp;#0;&amp;#0;&amp;#0;&amp;#0;&amp;#0;&amp;#0;&amp;#0;&amp;#0;&amp;#0;&amp;#0;&amp;#0;&amp;#0;&amp;#0;&amp;#0;&amp;#0;&amp;#0;&amp;#0;&amp;#0;&amp;#0;&amp;#0;&amp;#0;&amp;#0;&amp;#0;&amp;#0;&amp;#0;&amp;#0;&amp;#0;&amp;#0;&amp;#0;&amp;#0;&amp;#0;&amp;#0;&amp;#0;&amp;#0;&amp;#0;&amp;#0;&amp;#0;&amp;#0;&amp;#0;&amp;#0;&amp;#0;&amp;#0;&amp;#0;&amp;#0;&amp;#0;&amp;#0;&amp;#0;&amp;#0;&amp;#0;&amp;#0;&amp;#0;&amp;#0;&amp;#0;&amp;#0;&amp;#0;&amp;#0;&amp;#0;&amp;#0;&amp;#0;&amp;#0;&amp;#0;&amp;#0;&amp;#0;&amp;#0;&amp;#0;&amp;#0;&amp;#0;&amp;#0;&amp;#0;&amp;#0;&amp;#0;&amp;#0;&amp;#0;&amp;#0;&amp;#0;&amp;#0;&amp;#0;&amp;#0;&amp;#0;&amp;#0;&amp;#0;&amp;#0;&amp;#0;&amp;#0;&amp;#0;&amp;#0;&amp;#0;&amp;#0;&amp;#0;&amp;#0;&amp;#0;&amp;#0;&amp;#0;&amp;#0;&amp;#0;&amp;#0;&amp;#0;&amp;#0;&amp;#0;&amp;#0;&amp;#0;&amp;#0;&amp;#0;&amp;#0;&amp;#0;&amp;#0;&amp;#0;&amp;#0;&amp;#0;&amp;#0;&amp;#0;&amp;#0;&amp;#0;&amp;#0;&amp;#0;&amp;#0;&amp;#0;&amp;#0;&amp;#0;&amp;#0;&amp;#0;&amp;#0;&amp;#0;&amp;#0;&amp;#0;&amp;#0;&amp;#0;&amp;#0;&amp;#0;&amp;#0;&amp;#0;&amp;#0;&amp;#0;&amp;#0;&amp;#0;&amp;#0;&amp;#0;&amp;#0;&amp;#0;&amp;#0;&amp;#0;&amp;#0;&amp;#0;&amp;#0;&amp;#0;&amp;#0;&amp;#0;&amp;#0;&amp;#0;&amp;#0;&amp;#0;&amp;#0;&amp;#0;&amp;#0;&amp;#0;&amp;#0;&amp;#0;&amp;#0;&amp;#0;&amp;#0;&amp;#0;&amp;#0;&amp;#0;&amp;#0;&amp;#0;&amp;#0;&amp;#0;&amp;#0;&amp;#0;&amp;#0;&amp;#0;&amp;#0;&amp;#0;&amp;#0;&amp;#0;&amp;#0;&amp;#0;&amp;#0;&amp;#0;&amp;#0;&amp;#0;&amp;#0;&amp;#0;&amp;#0;&amp;#0;&amp;#0;&amp;#0;&amp;#0;&amp;#0;&amp;#0;&amp;#0;&amp;#0;&amp;#0;&amp;#0;&amp;#0;&amp;#0;&amp;#0;&amp;#0;&amp;#0;&amp;#0;&amp;#0;&amp;#0;&amp;#0;&amp;#0;&amp;#0;&amp;#0;&amp;#0;&amp;#0;&amp;#0;&amp;#0;&amp;#0;&amp;#0;&amp;#0;&amp;#0;&amp;#0;&amp;#0;&amp;#0;&amp;#0;&amp;#0;&amp;#0;&amp;#0;&amp;#0;&amp;#0;&amp;#0;&amp;#0;&amp;#0;&amp;#0;&amp;#0;&amp;#0;&amp;#0;&amp;#0;&amp;#0;&amp;#0;&amp;#0;&amp;#0;&amp;#0;&amp;#0;&amp;#0;&amp;#0;&amp;#0;&amp;#0;&amp;#0;&amp;#0;&amp;#0;&amp;#0;&amp;#0;&amp;#0;&amp;#0;&amp;#0;&amp;#0;&amp;#0;&amp;#0;&amp;#0;&amp;#0;&amp;#0;&amp;#0;&amp;#0;&amp;#0;&amp;#0;&amp;#0;&amp;#0;&amp;#0;&amp;#0;&amp;#0;&amp;#0;&amp;#0;&amp;#0;&amp;#0;&amp;#0;&amp;#0;&amp;#0;&amp;#0;&amp;#0;&amp;#0;&amp;#0;&amp;#0;&amp;#0;&amp;#0;&amp;#0;&amp;#0;&amp;#0;&amp;#0;&amp;#0;&amp;#0;&amp;#0;&amp;#0;&amp;#0;&amp;#0;&amp;#0;&amp;#0;&amp;#0;&amp;#0;&amp;#0;&amp;#0;&amp;#0;&amp;#0;&amp;#0;&amp;#0;&amp;#0;&amp;#0;&amp;#0;&amp;#0;&amp;#0;&amp;#0;&amp;#0;&amp;#0;&amp;#0;&amp;#0;&amp;#0;&amp;#0;&amp;#0;&amp;#0;&amp;#0;&amp;#0;&amp;#0;&amp;#0;&amp;#0;&amp;#0;&amp;#0;&amp;#0;&amp;#0;&amp;#0;&amp;#0;&amp;#0;&amp;#0;&amp;#0;&amp;#0;&amp;#0;&amp;#0;&amp;#0;&amp;#0;&amp;#0;&amp;#0;&amp;#0;&amp;#0;&amp;#0;&amp;#0;&amp;#0;&amp;#0;&amp;#0;&amp;#0;&amp;#0;&amp;#0;&amp;#0;&amp;#0;&amp;#0;&amp;#0;&amp;#0;&amp;#0;&amp;#0;&amp;#0;&amp;#0;&amp;#0;&amp;#0;&amp;#0;&amp;#0;&amp;#0;&amp;#0;&amp;#0;&amp;#0;&amp;#0;&amp;#0;&amp;#0;&amp;#0;&amp;#0;&amp;#0;&amp;#0;&amp;#0;&amp;#0;&amp;#0;&amp;#0;&amp;#0;&amp;#0;&amp;#0;&amp;#0;&amp;#0;&amp;#0;&amp;#0;&amp;#0;&amp;#0;&amp;#0;&amp;#0;&amp;#0;&amp;#0;&amp;#0;&amp;#0;&amp;#0;&amp;#0;&amp;#0;&amp;#0;&amp;#0;&amp;#0;&amp;#0;&amp;#0;&amp;#0;&amp;#0;&amp;#0;&amp;#0;&amp;#0;&amp;#0;&amp;#0;&amp;#0;&amp;#0;&amp;#0;&amp;#0;&amp;#0;&amp;#0;&amp;#0;&amp;#0;&amp;#0;&amp;#0;&amp;#0;&amp;#0;&amp;#0;&amp;#0;&amp;#0;&amp;#0;&amp;#0;&amp;#0;&amp;#0;&amp;#0;&amp;#0;&amp;#0;&amp;#0;&amp;#0;&amp;#0;&amp;#0;&amp;#0;&amp;#0;&amp;#0;&amp;#0;&amp;#0;&amp;#0;&amp;#0;&amp;#0;&amp;#0;&amp;#0;&amp;#0;&amp;#0;&amp;#0;&amp;#0;&amp;#0;&amp;#0;&amp;#0;&amp;#0;&amp;#0;&amp;#0;&amp;#0;&amp;#0;&amp;#0;&amp;#0;&amp;#0;&amp;#0;&amp;#0;&amp;#0;&amp;#0;&amp;#0;&amp;#0;&amp;#0;&amp;#0;&amp;#0;&amp;#0;&amp;#0;&amp;#0;&amp;#0;&amp;#0;&amp;#0;&amp;#0;&amp;#0;&amp;#0;&amp;#0;&amp;#0;&amp;#0;&amp;#0;&amp;#0;&amp;#0;&amp;#0;&amp;#0;&amp;#0;&amp;#0;&amp;#0;&amp;#0;&amp;#0;&amp;#0;&amp;#0;&amp;#0;&amp;#0;&amp;#0;&amp;#0;&amp;#0;&amp;#0;&amp;#0;&amp;#0;&amp;#0;&amp;#0;&amp;#0;&amp;#0;&amp;#0;&amp;#0;&amp;#0;&amp;#0;&amp;#0;&amp;#0;&amp;#0;&amp;#0;&amp;#0;&amp;#0;&amp;#0;&amp;#0;&amp;#0;&amp;#0;&amp;#0;&amp;#0;&amp;#0;&amp;#0;&amp;#0;&amp;#0;&amp;#0;&amp;#0;&amp;#0;&amp;#0;&amp;#0;&amp;#0;&amp;#0;&amp;#0;&amp;#0;&amp;#0;&amp;#0;&amp;#0;&amp;#0;&amp;#0;&amp;#0;&amp;#0;&amp;#0;&amp;#0;&amp;#0;&amp;#0;&amp;#0;&amp;#0;&amp;#0;&amp;#0;&amp;#0;&amp;#0;&amp;#0;&amp;#0;&amp;#0;&amp;#0;&amp;#0;&amp;#0;&amp;#0;&amp;#0;&amp;#0;&amp;#0;&amp;#0;&amp;#0;&amp;#0;&amp;#0;&amp;#0;&amp;#0;&amp;#0;&amp;#0;&amp;#0;&amp;#0;&amp;#0;&amp;#0;&amp;#0;&amp;#0;&amp;#0;&amp;#0;&amp;#0;&amp;#0;&amp;#0;&amp;#0;&amp;#0;&amp;#0;&amp;#0;&amp;#0;&amp;#0;&amp;#0;&amp;#0;&amp;#0;&amp;#0;&amp;#0;&amp;#0;&amp;#0;&amp;#0;&amp;#0;
12:46:30.009 [main] ERROR - Je passe ici ------------------------------------------------------
12:46:30.010 [main] DEBUG - clauseWhen1
12:46:30.010 [main] ERROR - Exception occured during compilation!
java.lang.RuntimeException: null
	at be.unamur.info.b314.compiler.Visitor.PCodeVisitor.visitClauseWhen(PCodeVisitor.java:153) ~[classes/:?]
	at be.unamur.info.b314.compiler.B314Parser$ClauseWhenContext.accept(B314Parser.java:4520) ~[classes/:?]
	at org.antlr.v4.runtime.tree.AbstractParseTreeVisitor.visitChildren(AbstractParseTreeVisitor.java:46) ~[antlr4-runtime-4.6.jar:4.6]
	at be.unamur.info.b314.compiler.B314BaseVisitor.visitProgramme(B314BaseVisitor.java:510) ~[classes/:?]
	at be.unamur.info.b314.compiler.Visitor.PCodeVisitor.visitProgramme(PCodeVisitor.java:94) ~[classes/:?]
	at be.unamur.info.b314.compiler.B314Parser$ProgrammeContext.accept(B314Parser.java:4028) ~[classes/:?]
	at be.unamur.info.b314.compiler.main.Main.printPCode(Main.java:236) ~[classes/:?]
	at be.unamur.info.b314.compiler.main.Main.compile(Main.java:199) ~[classes/:?]
	at be.unamur.info.b314.compiler.main.Main.main(Main.java:79) [classes/:?]
	at be.unamur.info.b314.compiler.main.CompilerTestHelper.launchCompilation(CompilerTestHelper.java:35) [test-classes/:?]
	at be.unamur.info.b314.compiler.main.B314localvariabledeclSyntaxTest.testlocalvariabledecl_fct_local_var_same_names_and_different_types_than_global_vars_ok(B314localvariabledeclSyntaxTest.java:61) [test-classes/:?]
	at sun.reflect.NativeMethodAccessorImpl.invoke0(Native Method) ~[?:1.8.0_60]
	at sun.reflect.NativeMethodAccessorImpl.invoke(NativeMethodAccessorImpl.java:62) ~[?:1.8.0_60]
	at sun.reflect.DelegatingMethodAccessorImpl.invoke(DelegatingMethodAccessorImpl.java:43) ~[?:1.8.0_60]
	at java.lang.reflect.Method.invoke(Method.java:497) ~[?:1.8.0_60]
	at org.junit.runners.model.FrameworkMethod$1.runReflectiveCall(FrameworkMethod.java:50) [junit-4.12.jar:4.12]
	at org.junit.internal.runners.model.ReflectiveCallable.run(ReflectiveCallable.java:12) [junit-4.12.jar:4.12]
	at org.junit.runners.model.FrameworkMethod.invokeExplosively(FrameworkMethod.java:47) [junit-4.12.jar:4.12]
	at org.junit.internal.runners.statements.InvokeMethod.evaluate(InvokeMethod.java:17) [junit-4.12.jar:4.12]
	at org.junit.rules.ExternalResource$1.evaluate(ExternalResource.java:48) [junit-4.12.jar:4.12]
	at org.junit.rules.TestWatcher$1.evaluate(TestWatcher.java:55) [junit-4.12.jar:4.12]
	at org.junit.rules.RunRules.evaluate(RunRules.java:20) [junit-4.12.jar:4.12]
	at org.junit.runners.ParentRunner.runLeaf(ParentRunner.java:325) [junit-4.12.jar:4.12]
	at org.junit.runners.BlockJUnit4ClassRunner.runChild(BlockJUnit4ClassRunner.java:78) [junit-4.12.jar:4.12]
	at org.junit.runners.BlockJUnit4ClassRunner.runChild(BlockJUnit4ClassRunner.java:57) [junit-4.12.jar:4.12]
	at org.junit.runners.ParentRunner$3.run(ParentRunner.java:290) [junit-4.12.jar:4.12]
	at org.junit.runners.ParentRunner$1.schedule(ParentRunner.java:71) [junit-4.12.jar:4.12]
	at org.junit.runners.ParentRunner.runChildren(ParentRunner.java:288) [junit-4.12.jar:4.12]
	at org.junit.runners.ParentRunner.access$000(ParentRunner.java:58) [junit-4.12.jar:4.12]
	at org.junit.runners.ParentRunner$2.evaluate(ParentRunner.java:268) [junit-4.12.jar:4.12]
	at org.junit.runners.ParentRunner.run(ParentRunner.java:363) [junit-4.12.jar:4.12]
	at org.apache.maven.surefire.junit4.JUnit4Provider.execute(JUnit4Provider.java:252) [surefire-junit4-2.12.4.jar:2.12.4]
	at org.apache.maven.surefire.junit4.JUnit4Provider.executeTestSet(JUnit4Provider.java:141) [surefire-junit4-2.12.4.jar:2.12.4]
	at org.apache.maven.surefire.junit4.JUnit4Provider.invoke(JUnit4Provider.java:112) [surefire-junit4-2.12.4.jar:2.12.4]
	at sun.reflect.NativeMethodAccessorImpl.invoke0(Native Method) ~[?:1.8.0_60]
	at sun.reflect.NativeMethodAccessorImpl.invoke(NativeMethodAccessorImpl.java:62) ~[?:1.8.0_60]
	at sun.reflect.DelegatingMethodAccessorImpl.invoke(DelegatingMethodAccessorImpl.java:43) ~[?:1.8.0_60]
	at java.lang.reflect.Method.invoke(Method.java:497) ~[?:1.8.0_60]
	at org.apache.maven.surefire.util.ReflectionUtils.invokeMethodWithArray(ReflectionUtils.java:189) [surefire-api-2.12.4.jar:2.12.4]
	at org.apache.maven.surefire.booter.ProviderFactory$ProviderProxy.invoke(ProviderFactory.java:165) [surefire-booter-2.12.4.jar:2.12.4]
	at org.apache.maven.surefire.booter.ProviderFactory.invokeProvider(ProviderFactory.java:85) [surefire-booter-2.12.4.jar:2.12.4]
	at org.apache.maven.surefire.booter.ForkedBooter.runSuitesInProcess(ForkedBooter.java:115) [surefire-booter-2.12.4.jar:2.12.4]
	at org.apache.maven.surefire.booter.ForkedBooter.main(ForkedBooter.java:75) [surefire-booter-2.12.4.jar:2.12.4]
</system-out>
  </testcase>
  <testcase classname="be.unamur.info.b314.compiler.main.B314localvariabledeclSyntaxTest" name="testlocalvariabledecl_fct_local_var_diff_names_than_global_vars_but_same_name_in_different_functions_ok" time="0.031">
    <failure message="localvariabledecl: fct_local_var_diff_names_than_global_vars_but_same_name_in_different_functions
Expected: a string ending with &quot;OK\r\n&quot;
     but: was &quot;KO
&quot;" type="java.lang.AssertionError">java.lang.AssertionError: localvariabledecl: fct_local_var_diff_names_than_global_vars_but_same_name_in_different_functions
Expected: a string ending with &quot;OK\r\n&quot;
     but: was &quot;KO
&quot;
	at org.hamcrest.MatcherAssert.assertThat(MatcherAssert.java:20)
	at org.junit.Assert.assertThat(Assert.java:956)
	at be.unamur.info.b314.compiler.main.CompilerTestHelper.launchCompilation(CompilerTestHelper.java:42)
	at be.unamur.info.b314.compiler.main.B314localvariabledeclSyntaxTest.testlocalvariabledecl_fct_local_var_diff_names_than_global_vars_but_same_name_in_different_functions_ok(B314localvariabledeclSyntaxTest.java:56)
	at sun.reflect.NativeMethodAccessorImpl.invoke0(Native Method)
	at sun.reflect.NativeMethodAccessorImpl.invoke(NativeMethodAccessorImpl.java:62)
	at sun.reflect.DelegatingMethodAccessorImpl.invoke(DelegatingMethodAccessorImpl.java:43)
	at java.lang.reflect.Method.invoke(Method.java:497)
	at org.junit.runners.model.FrameworkMethod$1.runReflectiveCall(FrameworkMethod.java:50)
	at org.junit.internal.runners.model.ReflectiveCallable.run(ReflectiveCallable.java:12)
	at org.junit.runners.model.FrameworkMethod.invokeExplosively(FrameworkMethod.java:47)
	at org.junit.internal.runners.statements.InvokeMethod.evaluate(InvokeMethod.java:17)
	at org.junit.rules.ExternalResource$1.evaluate(ExternalResource.java:48)
	at org.junit.rules.TestWatcher$1.evaluate(TestWatcher.java:55)
	at org.junit.rules.RunRules.evaluate(RunRules.java:20)
	at org.junit.runners.ParentRunner.runLeaf(ParentRunner.java:325)
	at org.junit.runners.BlockJUnit4ClassRunner.runChild(BlockJUnit4ClassRunner.java:78)
	at org.junit.runners.BlockJUnit4ClassRunner.runChild(BlockJUnit4ClassRunner.java:57)
	at org.junit.runners.ParentRunner$3.run(ParentRunner.java:290)
	at org.junit.runners.ParentRunner$1.schedule(ParentRunner.java:71)
	at org.junit.runners.ParentRunner.runChildren(ParentRunner.java:288)
	at org.junit.runners.ParentRunner.access$000(ParentRunner.java:58)
	at org.junit.runners.ParentRunner$2.evaluate(ParentRunner.java:268)
	at org.junit.runners.ParentRunner.run(ParentRunner.java:363)
	at org.apache.maven.surefire.junit4.JUnit4Provider.execute(JUnit4Provider.java:252)
	at org.apache.maven.surefire.junit4.JUnit4Provider.executeTestSet(JUnit4Provider.java:141)
	at org.apache.maven.surefire.junit4.JUnit4Provider.invoke(JUnit4Provider.java:112)
	at sun.reflect.NativeMethodAccessorImpl.invoke0(Native Method)
	at sun.reflect.NativeMethodAccessorImpl.invoke(NativeMethodAccessorImpl.java:62)
	at sun.reflect.DelegatingMethodAccessorImpl.invoke(DelegatingMethodAccessorImpl.java:43)
	at java.lang.reflect.Method.invoke(Method.java:497)
	at org.apache.maven.surefire.util.ReflectionUtils.invokeMethodWithArray(ReflectionUtils.java:189)
	at org.apache.maven.surefire.booter.ProviderFactory$ProviderProxy.invoke(ProviderFactory.java:165)
	at org.apache.maven.surefire.booter.ProviderFactory.invokeProvider(ProviderFactory.java:85)
	at org.apache.maven.surefire.booter.ForkedBooter.runSuitesInProcess(ForkedBooter.java:115)
	at org.apache.maven.surefire.booter.ForkedBooter.main(ForkedBooter.java:75)
</failure>
    <system-out>12:46:30.015 [main] INFO  - Starting test: testlocalvariabledecl_fct_local_var_diff_names_than_global_vars_but_same_name_in_different_functions_ok()...
org.apache.commons.cli.CommandLine@704b2127
12:46:30.031 [main] DEBUG - Initialisation
12:46:30.031 [main] DEBUG - Input file set to C:\Users\Nathalie Masudi\b314-Jour-MonkeyIsland\target\test-classes\syntax\localvariabledecl\ok\fct_local_var_diff_names_than_global_vars_but_same_name_in_different_functions.b314
12:46:30.032 [main] DEBUG - Output file set to C:\Users\NATHAL~1\AppData\Local\Temp\junit9012979492210571768\junit3068446148808079078.tmp
12:46:30.032 [main] DEBUG - Initialisation: done
jessica1
12:46:30.036 [main] DEBUG - Parsing input
/* My comments */ 
declare and retain 
	b1 as boolean;
	b2 as boolean;
    i1 as integer; 
    i2 as integer;
    i3 as integer;
    s1 as square;
    s2 as square;
    v1 as boolean[5, 7];
    v2 as integer[42];

    fct1 as function():square
    	do
    		skip
    	done 

    fct2 as function(x as integer, y as boolean):integer
    	declare local
    		loc1 as integer;
    		loc2 as boolean;
    		loc3 as square;
    		loc4 as integer[5];
    	do
    		compute loc1 + 2 - loc4[0 + 1 - i1] = 5 and not loc2 or loc3 = dirt
    	done 

    fct3 as function():boolean
    	declare local
    		loc1 as integer;
    		loc2 as boolean;
    		loc3 as square;
    		loc4 as integer[5];
    	do
    		compute loc1 + 2 - loc4[0 + 1 - i1] = 5 and not loc2 or loc3 = dirt
    	done 

    fct4 as function():square
    	declare local
    		loc1 as integer;
    		loc2 as boolean;
    		loc3 as square;
    		loc4 as integer[5];
    	do
    		compute loc1 + 2 - loc4[0 + 1 - i1] = 5 and not loc2 or loc3 = dirt
    	done 

    fct5 as function(x as integer, y as boolean, z as square):integer
    	declare local
    		loc1 as integer;
    		loc2 as boolean;
    		loc3 as square;
    		loc4 as integer[5];
    	do
    		compute loc1 + 2 - loc4[0 + 1 - i1] = 5 and not loc2 or loc3 = dirt
    	done 
    	
when your turn 

	when true and b1 or v1[0, i1 + 2 * 5] do
		if b1 and i1 = 2 then
			while i1 &lt; i3 do
				set i2 to i1 + 1
			done
		else
			if s1 = ammo then
				next do nothing
			done
		done
	done 

	when false do
		skip
	done

	when not graal is north and i2 &gt; 5 and v2[4] &lt; 42 or s1 = dirt do
    	compute fct1()
    	set s1 to fct1()
    	if fct5(i1 + 2, s2 = ammo, ennemi) &gt; 2 then
    		skip
    	done
    	while fct3() do
    		skip
    	done
    	next move west
	done

	by default do 
		skip 
	done&amp;#0;&amp;#0;&amp;#0;&amp;#0;&amp;#0;&amp;#0;&amp;#0;&amp;#0;&amp;#0;&amp;#0;&amp;#0;&amp;#0;&amp;#0;&amp;#0;&amp;#0;&amp;#0;&amp;#0;&amp;#0;&amp;#0;&amp;#0;&amp;#0;&amp;#0;&amp;#0;&amp;#0;&amp;#0;&amp;#0;&amp;#0;&amp;#0;&amp;#0;&amp;#0;&amp;#0;&amp;#0;&amp;#0;&amp;#0;&amp;#0;&amp;#0;&amp;#0;&amp;#0;&amp;#0;&amp;#0;&amp;#0;&amp;#0;&amp;#0;&amp;#0;&amp;#0;&amp;#0;&amp;#0;&amp;#0;&amp;#0;&amp;#0;&amp;#0;&amp;#0;&amp;#0;&amp;#0;&amp;#0;&amp;#0;&amp;#0;&amp;#0;&amp;#0;&amp;#0;&amp;#0;&amp;#0;&amp;#0;&amp;#0;&amp;#0;&amp;#0;&amp;#0;&amp;#0;&amp;#0;&amp;#0;&amp;#0;&amp;#0;&amp;#0;&amp;#0;&amp;#0;&amp;#0;&amp;#0;&amp;#0;&amp;#0;&amp;#0;&amp;#0;&amp;#0;&amp;#0;&amp;#0;&amp;#0;&amp;#0;&amp;#0;&amp;#0;&amp;#0;&amp;#0;&amp;#0;&amp;#0;&amp;#0;&amp;#0;&amp;#0;&amp;#0;&amp;#0;&amp;#0;&amp;#0;&amp;#0;&amp;#0;&amp;#0;&amp;#0;&amp;#0;&amp;#0;&amp;#0;&amp;#0;&amp;#0;&amp;#0;&amp;#0;&amp;#0;&amp;#0;&amp;#0;&amp;#0;&amp;#0;&amp;#0;&amp;#0;&amp;#0;&amp;#0;&amp;#0;&amp;#0;&amp;#0;&amp;#0;&amp;#0;&amp;#0;&amp;#0;&amp;#0;&amp;#0;&amp;#0;&amp;#0;&amp;#0;&amp;#0;&amp;#0;&amp;#0;&amp;#0;&amp;#0;&amp;#0;&amp;#0;&amp;#0;&amp;#0;&amp;#0;&amp;#0;&amp;#0;&amp;#0;&amp;#0;&amp;#0;&amp;#0;&amp;#0;&amp;#0;&amp;#0;&amp;#0;&amp;#0;&amp;#0;&amp;#0;&amp;#0;&amp;#0;&amp;#0;&amp;#0;&amp;#0;&amp;#0;&amp;#0;&amp;#0;&amp;#0;&amp;#0;&amp;#0;&amp;#0;&amp;#0;&amp;#0;&amp;#0;&amp;#0;&amp;#0;&amp;#0;&amp;#0;&amp;#0;&amp;#0;&amp;#0;&amp;#0;&amp;#0;&amp;#0;&amp;#0;&amp;#0;&amp;#0;&amp;#0;&amp;#0;&amp;#0;&amp;#0;&amp;#0;&amp;#0;&amp;#0;&amp;#0;&amp;#0;&amp;#0;&amp;#0;&amp;#0;&amp;#0;&amp;#0;&amp;#0;&amp;#0;&amp;#0;&amp;#0;&amp;#0;&amp;#0;&amp;#0;&amp;#0;&amp;#0;&amp;#0;&amp;#0;&amp;#0;&amp;#0;&amp;#0;&amp;#0;&amp;#0;&amp;#0;&amp;#0;&amp;#0;&amp;#0;&amp;#0;&amp;#0;&amp;#0;&amp;#0;&amp;#0;&amp;#0;&amp;#0;&amp;#0;&amp;#0;&amp;#0;&amp;#0;&amp;#0;&amp;#0;&amp;#0;&amp;#0;&amp;#0;&amp;#0;&amp;#0;&amp;#0;&amp;#0;&amp;#0;&amp;#0;&amp;#0;&amp;#0;&amp;#0;&amp;#0;&amp;#0;&amp;#0;&amp;#0;&amp;#0;&amp;#0;&amp;#0;&amp;#0;&amp;#0;&amp;#0;&amp;#0;&amp;#0;&amp;#0;&amp;#0;&amp;#0;&amp;#0;&amp;#0;&amp;#0;&amp;#0;&amp;#0;&amp;#0;&amp;#0;&amp;#0;&amp;#0;&amp;#0;&amp;#0;&amp;#0;&amp;#0;&amp;#0;&amp;#0;&amp;#0;&amp;#0;&amp;#0;&amp;#0;&amp;#0;&amp;#0;&amp;#0;&amp;#0;&amp;#0;&amp;#0;&amp;#0;&amp;#0;&amp;#0;&amp;#0;&amp;#0;&amp;#0;&amp;#0;&amp;#0;&amp;#0;&amp;#0;&amp;#0;&amp;#0;&amp;#0;&amp;#0;&amp;#0;&amp;#0;&amp;#0;&amp;#0;&amp;#0;&amp;#0;&amp;#0;&amp;#0;&amp;#0;&amp;#0;&amp;#0;&amp;#0;&amp;#0;&amp;#0;&amp;#0;&amp;#0;&amp;#0;&amp;#0;&amp;#0;&amp;#0;&amp;#0;&amp;#0;&amp;#0;&amp;#0;&amp;#0;&amp;#0;&amp;#0;&amp;#0;&amp;#0;&amp;#0;&amp;#0;&amp;#0;&amp;#0;&amp;#0;&amp;#0;&amp;#0;&amp;#0;&amp;#0;&amp;#0;&amp;#0;&amp;#0;&amp;#0;&amp;#0;&amp;#0;&amp;#0;&amp;#0;&amp;#0;&amp;#0;&amp;#0;&amp;#0;&amp;#0;&amp;#0;&amp;#0;&amp;#0;&amp;#0;&amp;#0;&amp;#0;&amp;#0;&amp;#0;&amp;#0;&amp;#0;&amp;#0;&amp;#0;&amp;#0;&amp;#0;&amp;#0;&amp;#0;&amp;#0;&amp;#0;&amp;#0;&amp;#0;&amp;#0;&amp;#0;&amp;#0;&amp;#0;&amp;#0;&amp;#0;&amp;#0;&amp;#0;&amp;#0;&amp;#0;&amp;#0;&amp;#0;&amp;#0;&amp;#0;&amp;#0;&amp;#0;&amp;#0;&amp;#0;&amp;#0;&amp;#0;&amp;#0;&amp;#0;&amp;#0;&amp;#0;&amp;#0;&amp;#0;&amp;#0;&amp;#0;&amp;#0;&amp;#0;&amp;#0;&amp;#0;&amp;#0;&amp;#0;&amp;#0;&amp;#0;&amp;#0;&amp;#0;&amp;#0;&amp;#0;&amp;#0;&amp;#0;&amp;#0;&amp;#0;&amp;#0;&amp;#0;&amp;#0;&amp;#0;&amp;#0;&amp;#0;&amp;#0;&amp;#0;&amp;#0;&amp;#0;&amp;#0;&amp;#0;&amp;#0;&amp;#0;&amp;#0;&amp;#0;&amp;#0;&amp;#0;&amp;#0;&amp;#0;&amp;#0;&amp;#0;&amp;#0;&amp;#0;&amp;#0;&amp;#0;&amp;#0;&amp;#0;&amp;#0;&amp;#0;&amp;#0;&amp;#0;&amp;#0;&amp;#0;&amp;#0;&amp;#0;&amp;#0;&amp;#0;&amp;#0;&amp;#0;&amp;#0;&amp;#0;&amp;#0;&amp;#0;&amp;#0;&amp;#0;&amp;#0;&amp;#0;&amp;#0;&amp;#0;&amp;#0;&amp;#0;&amp;#0;&amp;#0;&amp;#0;&amp;#0;&amp;#0;&amp;#0;&amp;#0;&amp;#0;&amp;#0;&amp;#0;&amp;#0;&amp;#0;&amp;#0;&amp;#0;&amp;#0;&amp;#0;&amp;#0;&amp;#0;&amp;#0;&amp;#0;&amp;#0;&amp;#0;&amp;#0;&amp;#0;&amp;#0;&amp;#0;&amp;#0;&amp;#0;&amp;#0;&amp;#0;&amp;#0;&amp;#0;&amp;#0;&amp;#0;&amp;#0;&amp;#0;&amp;#0;&amp;#0;&amp;#0;&amp;#0;&amp;#0;&amp;#0;&amp;#0;&amp;#0;&amp;#0;&amp;#0;&amp;#0;&amp;#0;&amp;#0;&amp;#0;&amp;#0;&amp;#0;&amp;#0;&amp;#0;&amp;#0;&amp;#0;&amp;#0;&amp;#0;&amp;#0;&amp;#0;&amp;#0;&amp;#0;&amp;#0;&amp;#0;&amp;#0;&amp;#0;&amp;#0;&amp;#0;&amp;#0;&amp;#0;&amp;#0;&amp;#0;&amp;#0;&amp;#0;&amp;#0;&amp;#0;&amp;#0;&amp;#0;&amp;#0;&amp;#0;&amp;#0;&amp;#0;&amp;#0;&amp;#0;&amp;#0;&amp;#0;&amp;#0;&amp;#0;&amp;#0;&amp;#0;&amp;#0;&amp;#0;&amp;#0;&amp;#0;&amp;#0;&amp;#0;&amp;#0;&amp;#0;&amp;#0;&amp;#0;&amp;#0;&amp;#0;&amp;#0;&amp;#0;&amp;#0;&amp;#0;&amp;#0;&amp;#0;&amp;#0;&amp;#0;&amp;#0;&amp;#0;&amp;#0;&amp;#0;&amp;#0;&amp;#0;&amp;#0;&amp;#0;&amp;#0;&amp;#0;&amp;#0;&amp;#0;&amp;#0;&amp;#0;&amp;#0;&amp;#0;&amp;#0;&amp;#0;&amp;#0;&amp;#0;&amp;#0;&amp;#0;&amp;#0;&amp;#0;&amp;#0;&amp;#0;&amp;#0;&amp;#0;&amp;#0;&amp;#0;&amp;#0;&amp;#0;&amp;#0;&amp;#0;&amp;#0;&amp;#0;&amp;#0;&amp;#0;&amp;#0;&amp;#0;&amp;#0;&amp;#0;&amp;#0;&amp;#0;&amp;#0;&amp;#0;&amp;#0;&amp;#0;&amp;#0;&amp;#0;&amp;#0;&amp;#0;&amp;#0;&amp;#0;&amp;#0;&amp;#0;&amp;#0;&amp;#0;&amp;#0;&amp;#0;&amp;#0;&amp;#0;&amp;#0;&amp;#0;&amp;#0;&amp;#0;&amp;#0;&amp;#0;&amp;#0;&amp;#0;&amp;#0;&amp;#0;&amp;#0;&amp;#0;&amp;#0;&amp;#0;&amp;#0;&amp;#0;&amp;#0;&amp;#0;&amp;#0;&amp;#0;&amp;#0;&amp;#0;&amp;#0;&amp;#0;&amp;#0;&amp;#0;&amp;#0;&amp;#0;&amp;#0;&amp;#0;&amp;#0;&amp;#0;&amp;#0;&amp;#0;&amp;#0;&amp;#0;&amp;#0;&amp;#0;&amp;#0;&amp;#0;&amp;#0;&amp;#0;&amp;#0;&amp;#0;&amp;#0;&amp;#0;&amp;#0;&amp;#0;&amp;#0;&amp;#0;&amp;#0;&amp;#0;&amp;#0;&amp;#0;&amp;#0;&amp;#0;&amp;#0;&amp;#0;&amp;#0;&amp;#0;&amp;#0;&amp;#0;&amp;#0;&amp;#0;&amp;#0;&amp;#0;&amp;#0;&amp;#0;&amp;#0;&amp;#0;&amp;#0;&amp;#0;&amp;#0;&amp;#0;&amp;#0;&amp;#0;&amp;#0;&amp;#0;&amp;#0;&amp;#0;&amp;#0;&amp;#0;&amp;#0;&amp;#0;&amp;#0;&amp;#0;&amp;#0;&amp;#0;&amp;#0;&amp;#0;&amp;#0;&amp;#0;&amp;#0;&amp;#0;&amp;#0;&amp;#0;&amp;#0;&amp;#0;&amp;#0;&amp;#0;&amp;#0;&amp;#0;&amp;#0;&amp;#0;&amp;#0;&amp;#0;&amp;#0;&amp;#0;&amp;#0;&amp;#0;&amp;#0;&amp;#0;&amp;#0;&amp;#0;&amp;#0;&amp;#0;&amp;#0;&amp;#0;&amp;#0;&amp;#0;&amp;#0;&amp;#0;&amp;#0;&amp;#0;&amp;#0;&amp;#0;&amp;#0;&amp;#0;&amp;#0;&amp;#0;&amp;#0;&amp;#0;&amp;#0;&amp;#0;&amp;#0;&amp;#0;&amp;#0;&amp;#0;&amp;#0;&amp;#0;&amp;#0;&amp;#0;&amp;#0;&amp;#0;&amp;#0;&amp;#0;&amp;#0;&amp;#0;&amp;#0;&amp;#0;&amp;#0;&amp;#0;&amp;#0;&amp;#0;&amp;#0;&amp;#0;&amp;#0;&amp;#0;&amp;#0;&amp;#0;&amp;#0;&amp;#0;&amp;#0;&amp;#0;&amp;#0;&amp;#0;&amp;#0;&amp;#0;&amp;#0;&amp;#0;&amp;#0;&amp;#0;&amp;#0;&amp;#0;&amp;#0;&amp;#0;&amp;#0;&amp;#0;&amp;#0;&amp;#0;&amp;#0;&amp;#0;&amp;#0;&amp;#0;&amp;#0;&amp;#0;&amp;#0;&amp;#0;&amp;#0;&amp;#0;&amp;#0;&amp;#0;&amp;#0;&amp;#0;&amp;#0;&amp;#0;&amp;#0;&amp;#0;&amp;#0;&amp;#0;&amp;#0;&amp;#0;&amp;#0;&amp;#0;&amp;#0;&amp;#0;&amp;#0;&amp;#0;&amp;#0;&amp;#0;&amp;#0;&amp;#0;&amp;#0;&amp;#0;&amp;#0;&amp;#0;&amp;#0;&amp;#0;&amp;#0;&amp;#0;&amp;#0;&amp;#0;&amp;#0;&amp;#0;&amp;#0;&amp;#0;&amp;#0;&amp;#0;&amp;#0;&amp;#0;&amp;#0;&amp;#0;&amp;#0;&amp;#0;&amp;#0;&amp;#0;&amp;#0;&amp;#0;&amp;#0;&amp;#0;&amp;#0;&amp;#0;&amp;#0;&amp;#0;&amp;#0;&amp;#0;&amp;#0;&amp;#0;&amp;#0;&amp;#0;&amp;#0;&amp;#0;&amp;#0;&amp;#0;&amp;#0;&amp;#0;&amp;#0;&amp;#0;&amp;#0;&amp;#0;&amp;#0;&amp;#0;&amp;#0;&amp;#0;&amp;#0;&amp;#0;&amp;#0;&amp;#0;&amp;#0;&amp;#0;&amp;#0;&amp;#0;&amp;#0;&amp;#0;&amp;#0;&amp;#0;&amp;#0;&amp;#0;&amp;#0;&amp;#0;&amp;#0;&amp;#0;&amp;#0;&amp;#0;&amp;#0;&amp;#0;&amp;#0;&amp;#0;&amp;#0;&amp;#0;&amp;#0;&amp;#0;&amp;#0;&amp;#0;&amp;#0;&amp;#0;&amp;#0;&amp;#0;&amp;#0;&amp;#0;&amp;#0;&amp;#0;&amp;#0;&amp;#0;&amp;#0;&amp;#0;&amp;#0;&amp;#0;&amp;#0;&amp;#0;&amp;#0;&amp;#0;&amp;#0;&amp;#0;&amp;#0;&amp;#0;&amp;#0;&amp;#0;&amp;#0;&amp;#0;&amp;#0;&amp;#0;&amp;#0;&amp;#0;&amp;#0;&amp;#0;&amp;#0;&amp;#0;&amp;#0;&amp;#0;&amp;#0;&amp;#0;&amp;#0;&amp;#0;&amp;#0;&amp;#0;&amp;#0;&amp;#0;&amp;#0;&amp;#0;&amp;#0;&amp;#0;&amp;#0;&amp;#0;&amp;#0;&amp;#0;&amp;#0;&amp;#0;&amp;#0;&amp;#0;&amp;#0;&amp;#0;&amp;#0;&amp;#0;&amp;#0;&amp;#0;&amp;#0;&amp;#0;&amp;#0;&amp;#0;&amp;#0;&amp;#0;&amp;#0;&amp;#0;&amp;#0;&amp;#0;&amp;#0;&amp;#0;&amp;#0;&amp;#0;&amp;#0;&amp;#0;&amp;#0;&amp;#0;&amp;#0;&amp;#0;&amp;#0;&amp;#0;&amp;#0;&amp;#0;&amp;#0;&amp;#0;&amp;#0;&amp;#0;&amp;#0;&amp;#0;&amp;#0;&amp;#0;&amp;#0;&amp;#0;&amp;#0;&amp;#0;&amp;#0;&amp;#0;&amp;#0;&amp;#0;&amp;#0;&amp;#0;&amp;#0;&amp;#0;&amp;#0;&amp;#0;&amp;#0;&amp;#0;&amp;#0;&amp;#0;&amp;#0;&amp;#0;&amp;#0;&amp;#0;&amp;#0;&amp;#0;&amp;#0;&amp;#0;&amp;#0;&amp;#0;&amp;#0;&amp;#0;&amp;#0;&amp;#0;&amp;#0;&amp;#0;&amp;#0;&amp;#0;&amp;#0;&amp;#0;&amp;#0;&amp;#0;&amp;#0;&amp;#0;&amp;#0;&amp;#0;&amp;#0;&amp;#0;&amp;#0;&amp;#0;&amp;#0;&amp;#0;&amp;#0;&amp;#0;&amp;#0;&amp;#0;&amp;#0;&amp;#0;&amp;#0;&amp;#0;&amp;#0;&amp;#0;&amp;#0;&amp;#0;&amp;#0;&amp;#0;&amp;#0;&amp;#0;&amp;#0;&amp;#0;&amp;#0;&amp;#0;&amp;#0;&amp;#0;&amp;#0;&amp;#0;&amp;#0;&amp;#0;&amp;#0;&amp;#0;&amp;#0;&amp;#0;&amp;#0;&amp;#0;&amp;#0;&amp;#0;&amp;#0;&amp;#0;&amp;#0;&amp;#0;&amp;#0;&amp;#0;&amp;#0;&amp;#0;&amp;#0;&amp;#0;&amp;#0;&amp;#0;&amp;#0;&amp;#0;&amp;#0;&amp;#0;&amp;#0;&amp;#0;&amp;#0;&amp;#0;&amp;#0;&amp;#0;&amp;#0;&amp;#0;&amp;#0;&amp;#0;&amp;#0;&amp;#0;&amp;#0;&amp;#0;&amp;#0;&amp;#0;&amp;#0;&amp;#0;&amp;#0;&amp;#0;&amp;#0;&amp;#0;&amp;#0;&amp;#0;&amp;#0;&amp;#0;&amp;#0;&amp;#0;&amp;#0;&amp;#0;&amp;#0;&amp;#0;&amp;#0;&amp;#0;&amp;#0;&amp;#0;&amp;#0;&amp;#0;&amp;#0;&amp;#0;&amp;#0;&amp;#0;&amp;#0;&amp;#0;&amp;#0;&amp;#0;&amp;#0;&amp;#0;&amp;#0;&amp;#0;&amp;#0;&amp;#0;&amp;#0;&amp;#0;&amp;#0;&amp;#0;&amp;#0;&amp;#0;&amp;#0;&amp;#0;&amp;#0;&amp;#0;&amp;#0;&amp;#0;&amp;#0;&amp;#0;&amp;#0;&amp;#0;&amp;#0;&amp;#0;&amp;#0;&amp;#0;&amp;#0;&amp;#0;&amp;#0;&amp;#0;&amp;#0;&amp;#0;&amp;#0;&amp;#0;&amp;#0;&amp;#0;&amp;#0;&amp;#0;&amp;#0;&amp;#0;&amp;#0;&amp;#0;&amp;#0;&amp;#0;&amp;#0;&amp;#0;&amp;#0;&amp;#0;&amp;#0;&amp;#0;&amp;#0;&amp;#0;&amp;#0;&amp;#0;&amp;#0;&amp;#0;&amp;#0;&amp;#0;&amp;#0;&amp;#0;&amp;#0;&amp;#0;&amp;#0;&amp;#0;&amp;#0;&amp;#0;&amp;#0;&amp;#0;&amp;#0;&amp;#0;&amp;#0;&amp;#0;&amp;#0;&amp;#0;&amp;#0;&amp;#0;&amp;#0;&amp;#0;&amp;#0;&amp;#0;&amp;#0;&amp;#0;&amp;#0;&amp;#0;&amp;#0;&amp;#0;&amp;#0;&amp;#0;&amp;#0;&amp;#0;&amp;#0;&amp;#0;&amp;#0;&amp;#0;&amp;#0;&amp;#0;&amp;#0;&amp;#0;&amp;#0;&amp;#0;&amp;#0;&amp;#0;&amp;#0;&amp;#0;&amp;#0;&amp;#0;&amp;#0;&amp;#0;&amp;#0;&amp;#0;&amp;#0;&amp;#0;&amp;#0;&amp;#0;&amp;#0;&amp;#0;&amp;#0;&amp;#0;&amp;#0;&amp;#0;&amp;#0;&amp;#0;&amp;#0;&amp;#0;&amp;#0;&amp;#0;&amp;#0;&amp;#0;&amp;#0;&amp;#0;&amp;#0;&amp;#0;&amp;#0;&amp;#0;&amp;#0;&amp;#0;&amp;#0;&amp;#0;&amp;#0;&amp;#0;&amp;#0;&amp;#0;&amp;#0;&amp;#0;&amp;#0;&amp;#0;&amp;#0;&amp;#0;&amp;#0;&amp;#0;&amp;#0;&amp;#0;&amp;#0;&amp;#0;&amp;#0;&amp;#0;&amp;#0;&amp;#0;&amp;#0;&amp;#0;&amp;#0;&amp;#0;&amp;#0;&amp;#0;&amp;#0;&amp;#0;&amp;#0;&amp;#0;&amp;#0;&amp;#0;&amp;#0;&amp;#0;&amp;#0;&amp;#0;&amp;#0;&amp;#0;&amp;#0;&amp;#0;&amp;#0;&amp;#0;&amp;#0;&amp;#0;&amp;#0;&amp;#0;&amp;#0;&amp;#0;&amp;#0;&amp;#0;&amp;#0;&amp;#0;&amp;#0;&amp;#0;&amp;#0;&amp;#0;&amp;#0;&amp;#0;&amp;#0;&amp;#0;&amp;#0;&amp;#0;&amp;#0;&amp;#0;&amp;#0;&amp;#0;&amp;#0;&amp;#0;&amp;#0;&amp;#0;&amp;#0;&amp;#0;&amp;#0;&amp;#0;&amp;#0;&amp;#0;&amp;#0;&amp;#0;&amp;#0;&amp;#0;&amp;#0;&amp;#0;&amp;#0;&amp;#0;&amp;#0;&amp;#0;&amp;#0;&amp;#0;&amp;#0;&amp;#0;&amp;#0;&amp;#0;&amp;#0;&amp;#0;&amp;#0;&amp;#0;&amp;#0;&amp;#0;&amp;#0;&amp;#0;&amp;#0;&amp;#0;&amp;#0;&amp;#0;&amp;#0;&amp;#0;&amp;#0;&amp;#0;&amp;#0;&amp;#0;&amp;#0;&amp;#0;&amp;#0;&amp;#0;&amp;#0;&amp;#0;&amp;#0;&amp;#0;&amp;#0;&amp;#0;&amp;#0;&amp;#0;&amp;#0;&amp;#0;&amp;#0;&amp;#0;&amp;#0;&amp;#0;&amp;#0;&amp;#0;&amp;#0;&amp;#0;&amp;#0;&amp;#0;&amp;#0;&amp;#0;&amp;#0;&amp;#0;&amp;#0;&amp;#0;&amp;#0;&amp;#0;&amp;#0;&amp;#0;&amp;#0;&amp;#0;&amp;#0;&amp;#0;&amp;#0;&amp;#0;&amp;#0;&amp;#0;&amp;#0;&amp;#0;&amp;#0;&amp;#0;&amp;#0;&amp;#0;&amp;#0;&amp;#0;&amp;#0;&amp;#0;&amp;#0;&amp;#0;&amp;#0;&amp;#0;&amp;#0;&amp;#0;&amp;#0;&amp;#0;&amp;#0;&amp;#0;&amp;#0;&amp;#0;&amp;#0;&amp;#0;&amp;#0;&amp;#0;&amp;#0;&amp;#0;&amp;#0;&amp;#0;&amp;#0;&amp;#0;&amp;#0;&amp;#0;&amp;#0;&amp;#0;&amp;#0;&amp;#0;&amp;#0;&amp;#0;&amp;#0;&amp;#0;&amp;#0;&amp;#0;&amp;#0;&amp;#0;&amp;#0;&amp;#0;&amp;#0;&amp;#0;&amp;#0;&amp;#0;&amp;#0;&amp;#0;&amp;#0;&amp;#0;&amp;#0;&amp;#0;&amp;#0;&amp;#0;&amp;#0;&amp;#0;&amp;#0;&amp;#0;&amp;#0;&amp;#0;&amp;#0;&amp;#0;&amp;#0;&amp;#0;&amp;#0;&amp;#0;&amp;#0;&amp;#0;&amp;#0;&amp;#0;&amp;#0;&amp;#0;&amp;#0;&amp;#0;&amp;#0;&amp;#0;&amp;#0;&amp;#0;&amp;#0;&amp;#0;&amp;#0;&amp;#0;&amp;#0;&amp;#0;&amp;#0;&amp;#0;&amp;#0;&amp;#0;&amp;#0;&amp;#0;&amp;#0;&amp;#0;&amp;#0;&amp;#0;&amp;#0;&amp;#0;&amp;#0;&amp;#0;&amp;#0;&amp;#0;&amp;#0;&amp;#0;&amp;#0;&amp;#0;&amp;#0;&amp;#0;&amp;#0;&amp;#0;&amp;#0;&amp;#0;&amp;#0;&amp;#0;&amp;#0;&amp;#0;&amp;#0;&amp;#0;&amp;#0;&amp;#0;&amp;#0;&amp;#0;&amp;#0;&amp;#0;&amp;#0;&amp;#0;&amp;#0;&amp;#0;&amp;#0;&amp;#0;&amp;#0;&amp;#0;&amp;#0;&amp;#0;&amp;#0;&amp;#0;&amp;#0;&amp;#0;&amp;#0;&amp;#0;&amp;#0;&amp;#0;&amp;#0;&amp;#0;&amp;#0;&amp;#0;&amp;#0;&amp;#0;&amp;#0;&amp;#0;&amp;#0;&amp;#0;&amp;#0;&amp;#0;&amp;#0;&amp;#0;&amp;#0;&amp;#0;&amp;#0;&amp;#0;&amp;#0;&amp;#0;&amp;#0;&amp;#0;&amp;#0;&amp;#0;&amp;#0;&amp;#0;&amp;#0;&amp;#0;&amp;#0;&amp;#0;&amp;#0;&amp;#0;&amp;#0;&amp;#0;&amp;#0;&amp;#0;&amp;#0;&amp;#0;&amp;#0;&amp;#0;&amp;#0;&amp;#0;&amp;#0;&amp;#0;&amp;#0;&amp;#0;&amp;#0;&amp;#0;&amp;#0;&amp;#0;&amp;#0;&amp;#0;&amp;#0;&amp;#0;&amp;#0;&amp;#0;&amp;#0;&amp;#0;&amp;#0;&amp;#0;&amp;#0;&amp;#0;&amp;#0;&amp;#0;&amp;#0;&amp;#0;&amp;#0;&amp;#0;&amp;#0;&amp;#0;&amp;#0;&amp;#0;&amp;#0;&amp;#0;&amp;#0;&amp;#0;&amp;#0;&amp;#0;&amp;#0;&amp;#0;&amp;#0;&amp;#0;&amp;#0;&amp;#0;&amp;#0;&amp;#0;&amp;#0;&amp;#0;&amp;#0;&amp;#0;&amp;#0;&amp;#0;&amp;#0;&amp;#0;&amp;#0;&amp;#0;&amp;#0;&amp;#0;&amp;#0;&amp;#0;&amp;#0;&amp;#0;&amp;#0;&amp;#0;&amp;#0;&amp;#0;&amp;#0;&amp;#0;&amp;#0;&amp;#0;&amp;#0;&amp;#0;&amp;#0;&amp;#0;&amp;#0;&amp;#0;&amp;#0;&amp;#0;&amp;#0;&amp;#0;&amp;#0;&amp;#0;&amp;#0;&amp;#0;&amp;#0;&amp;#0;&amp;#0;&amp;#0;&amp;#0;&amp;#0;&amp;#0;&amp;#0;&amp;#0;&amp;#0;&amp;#0;&amp;#0;&amp;#0;&amp;#0;&amp;#0;&amp;#0;&amp;#0;&amp;#0;&amp;#0;&amp;#0;&amp;#0;&amp;#0;&amp;#0;&amp;#0;&amp;#0;&amp;#0;&amp;#0;&amp;#0;&amp;#0;&amp;#0;&amp;#0;&amp;#0;&amp;#0;&amp;#0;&amp;#0;&amp;#0;&amp;#0;&amp;#0;&amp;#0;&amp;#0;&amp;#0;&amp;#0;&amp;#0;&amp;#0;&amp;#0;&amp;#0;&amp;#0;&amp;#0;&amp;#0;&amp;#0;&amp;#0;&amp;#0;&amp;#0;&amp;#0;&amp;#0;&amp;#0;&amp;#0;&amp;#0;&amp;#0;&amp;#0;&amp;#0;&amp;#0;&amp;#0;&amp;#0;&amp;#0;&amp;#0;&amp;#0;&amp;#0;&amp;#0;&amp;#0;&amp;#0;&amp;#0;&amp;#0;&amp;#0;&amp;#0;&amp;#0;&amp;#0;&amp;#0;&amp;#0;&amp;#0;&amp;#0;&amp;#0;&amp;#0;&amp;#0;&amp;#0;&amp;#0;&amp;#0;&amp;#0;&amp;#0;&amp;#0;&amp;#0;&amp;#0;&amp;#0;&amp;#0;&amp;#0;&amp;#0;&amp;#0;&amp;#0;&amp;#0;&amp;#0;&amp;#0;&amp;#0;&amp;#0;&amp;#0;&amp;#0;&amp;#0;&amp;#0;&amp;#0;&amp;#0;&amp;#0;&amp;#0;&amp;#0;&amp;#0;&amp;#0;&amp;#0;&amp;#0;&amp;#0;&amp;#0;&amp;#0;&amp;#0;&amp;#0;&amp;#0;&amp;#0;&amp;#0;&amp;#0;&amp;#0;&amp;#0;&amp;#0;&amp;#0;&amp;#0;&amp;#0;&amp;#0;&amp;#0;&amp;#0;&amp;#0;&amp;#0;&amp;#0;&amp;#0;&amp;#0;&amp;#0;&amp;#0;&amp;#0;&amp;#0;&amp;#0;&amp;#0;&amp;#0;&amp;#0;&amp;#0;&amp;#0;&amp;#0;&amp;#0;&amp;#0;&amp;#0;&amp;#0;&amp;#0;&amp;#0;&amp;#0;&amp;#0;&amp;#0;&amp;#0;&amp;#0;&amp;#0;&amp;#0;&amp;#0;&amp;#0;&amp;#0;&amp;#0;&amp;#0;&amp;#0;&amp;#0;&amp;#0;&amp;#0;&amp;#0;&amp;#0;&amp;#0;&amp;#0;&amp;#0;&amp;#0;&amp;#0;&amp;#0;&amp;#0;&amp;#0;&amp;#0;&amp;#0;&amp;#0;&amp;#0;&amp;#0;&amp;#0;&amp;#0;&amp;#0;&amp;#0;&amp;#0;&amp;#0;&amp;#0;&amp;#0;&amp;#0;&amp;#0;&amp;#0;&amp;#0;&amp;#0;&amp;#0;&amp;#0;&amp;#0;&amp;#0;&amp;#0;&amp;#0;&amp;#0;&amp;#0;&amp;#0;&amp;#0;&amp;#0;&amp;#0;&amp;#0;&amp;#0;&amp;#0;&amp;#0;&amp;#0;&amp;#0;&amp;#0;&amp;#0;&amp;#0;&amp;#0;&amp;#0;&amp;#0;&amp;#0;&amp;#0;&amp;#0;&amp;#0;&amp;#0;&amp;#0;&amp;#0;&amp;#0;&amp;#0;&amp;#0;&amp;#0;&amp;#0;&amp;#0;&amp;#0;&amp;#0;&amp;#0;&amp;#0;&amp;#0;&amp;#0;&amp;#0;&amp;#0;&amp;#0;&amp;#0;&amp;#0;&amp;#0;&amp;#0;&amp;#0;&amp;#0;&amp;#0;&amp;#0;&amp;#0;&amp;#0;&amp;#0;&amp;#0;&amp;#0;&amp;#0;&amp;#0;&amp;#0;&amp;#0;&amp;#0;&amp;#0;&amp;#0;&amp;#0;&amp;#0;&amp;#0;&amp;#0;&amp;#0;&amp;#0;&amp;#0;&amp;#0;&amp;#0;&amp;#0;&amp;#0;&amp;#0;&amp;#0;&amp;#0;&amp;#0;&amp;#0;&amp;#0;&amp;#0;&amp;#0;&amp;#0;&amp;#0;&amp;#0;&amp;#0;&amp;#0;&amp;#0;&amp;#0;&amp;#0;&amp;#0;&amp;#0;&amp;#0;&amp;#0;&amp;#0;&amp;#0;&amp;#0;&amp;#0;&amp;#0;&amp;#0;&amp;#0;&amp;#0;&amp;#0;&amp;#0;&amp;#0;&amp;#0;&amp;#0;&amp;#0;&amp;#0;&amp;#0;&amp;#0;&amp;#0;&amp;#0;&amp;#0;&amp;#0;&amp;#0;&amp;#0;&amp;#0;&amp;#0;&amp;#0;&amp;#0;&amp;#0;&amp;#0;&amp;#0;&amp;#0;&amp;#0;&amp;#0;&amp;#0;&amp;#0;&amp;#0;&amp;#0;&amp;#0;&amp;#0;&amp;#0;&amp;#0;&amp;#0;&amp;#0;&amp;#0;&amp;#0;&amp;#0;&amp;#0;&amp;#0;&amp;#0;&amp;#0;&amp;#0;&amp;#0;&amp;#0;&amp;#0;&amp;#0;&amp;#0;&amp;#0;&amp;#0;&amp;#0;&amp;#0;&amp;#0;&amp;#0;&amp;#0;&amp;#0;&amp;#0;&amp;#0;&amp;#0;&amp;#0;&amp;#0;&amp;#0;&amp;#0;&amp;#0;&amp;#0;&amp;#0;&amp;#0;&amp;#0;&amp;#0;&amp;#0;&amp;#0;&amp;#0;&amp;#0;&amp;#0;&amp;#0;&amp;#0;&amp;#0;&amp;#0;&amp;#0;&amp;#0;&amp;#0;&amp;#0;&amp;#0;&amp;#0;&amp;#0;&amp;#0;&amp;#0;&amp;#0;&amp;#0;&amp;#0;&amp;#0;&amp;#0;&amp;#0;&amp;#0;&amp;#0;&amp;#0;&amp;#0;&amp;#0;&amp;#0;&amp;#0;&amp;#0;&amp;#0;&amp;#0;&amp;#0;&amp;#0;&amp;#0;&amp;#0;&amp;#0;&amp;#0;&amp;#0;&amp;#0;&amp;#0;&amp;#0;&amp;#0;&amp;#0;&amp;#0;&amp;#0;&amp;#0;&amp;#0;&amp;#0;&amp;#0;&amp;#0;&amp;#0;&amp;#0;&amp;#0;&amp;#0;&amp;#0;&amp;#0;&amp;#0;&amp;#0;&amp;#0;&amp;#0;&amp;#0;&amp;#0;&amp;#0;&amp;#0;&amp;#0;&amp;#0;&amp;#0;&amp;#0;&amp;#0;&amp;#0;&amp;#0;&amp;#0;&amp;#0;&amp;#0;&amp;#0;&amp;#0;&amp;#0;&amp;#0;&amp;#0;&amp;#0;&amp;#0;&amp;#0;&amp;#0;&amp;#0;&amp;#0;&amp;#0;&amp;#0;&amp;#0;&amp;#0;&amp;#0;&amp;#0;&amp;#0;&amp;#0;&amp;#0;&amp;#0;&amp;#0;&amp;#0;
12:46:30.056 [main] ERROR - Je passe ici ------------------------------------------------------
12:46:30.057 [main] DEBUG - clauseWhen1
12:46:30.057 [main] ERROR - Exception occured during compilation!
java.lang.RuntimeException: null
	at be.unamur.info.b314.compiler.Visitor.PCodeVisitor.visitClauseWhen(PCodeVisitor.java:153) ~[classes/:?]
	at be.unamur.info.b314.compiler.B314Parser$ClauseWhenContext.accept(B314Parser.java:4520) ~[classes/:?]
	at org.antlr.v4.runtime.tree.AbstractParseTreeVisitor.visitChildren(AbstractParseTreeVisitor.java:46) ~[antlr4-runtime-4.6.jar:4.6]
	at be.unamur.info.b314.compiler.B314BaseVisitor.visitProgramme(B314BaseVisitor.java:510) ~[classes/:?]
	at be.unamur.info.b314.compiler.Visitor.PCodeVisitor.visitProgramme(PCodeVisitor.java:94) ~[classes/:?]
	at be.unamur.info.b314.compiler.B314Parser$ProgrammeContext.accept(B314Parser.java:4028) ~[classes/:?]
	at be.unamur.info.b314.compiler.main.Main.printPCode(Main.java:236) ~[classes/:?]
	at be.unamur.info.b314.compiler.main.Main.compile(Main.java:199) ~[classes/:?]
	at be.unamur.info.b314.compiler.main.Main.main(Main.java:79) [classes/:?]
	at be.unamur.info.b314.compiler.main.CompilerTestHelper.launchCompilation(CompilerTestHelper.java:35) [test-classes/:?]
	at be.unamur.info.b314.compiler.main.B314localvariabledeclSyntaxTest.testlocalvariabledecl_fct_local_var_diff_names_than_global_vars_but_same_name_in_different_functions_ok(B314localvariabledeclSyntaxTest.java:56) [test-classes/:?]
	at sun.reflect.NativeMethodAccessorImpl.invoke0(Native Method) ~[?:1.8.0_60]
	at sun.reflect.NativeMethodAccessorImpl.invoke(NativeMethodAccessorImpl.java:62) ~[?:1.8.0_60]
	at sun.reflect.DelegatingMethodAccessorImpl.invoke(DelegatingMethodAccessorImpl.java:43) ~[?:1.8.0_60]
	at java.lang.reflect.Method.invoke(Method.java:497) ~[?:1.8.0_60]
	at org.junit.runners.model.FrameworkMethod$1.runReflectiveCall(FrameworkMethod.java:50) [junit-4.12.jar:4.12]
	at org.junit.internal.runners.model.ReflectiveCallable.run(ReflectiveCallable.java:12) [junit-4.12.jar:4.12]
	at org.junit.runners.model.FrameworkMethod.invokeExplosively(FrameworkMethod.java:47) [junit-4.12.jar:4.12]
	at org.junit.internal.runners.statements.InvokeMethod.evaluate(InvokeMethod.java:17) [junit-4.12.jar:4.12]
	at org.junit.rules.ExternalResource$1.evaluate(ExternalResource.java:48) [junit-4.12.jar:4.12]
	at org.junit.rules.TestWatcher$1.evaluate(TestWatcher.java:55) [junit-4.12.jar:4.12]
	at org.junit.rules.RunRules.evaluate(RunRules.java:20) [junit-4.12.jar:4.12]
	at org.junit.runners.ParentRunner.runLeaf(ParentRunner.java:325) [junit-4.12.jar:4.12]
	at org.junit.runners.BlockJUnit4ClassRunner.runChild(BlockJUnit4ClassRunner.java:78) [junit-4.12.jar:4.12]
	at org.junit.runners.BlockJUnit4ClassRunner.runChild(BlockJUnit4ClassRunner.java:57) [junit-4.12.jar:4.12]
	at org.junit.runners.ParentRunner$3.run(ParentRunner.java:290) [junit-4.12.jar:4.12]
	at org.junit.runners.ParentRunner$1.schedule(ParentRunner.java:71) [junit-4.12.jar:4.12]
	at org.junit.runners.ParentRunner.runChildren(ParentRunner.java:288) [junit-4.12.jar:4.12]
	at org.junit.runners.ParentRunner.access$000(ParentRunner.java:58) [junit-4.12.jar:4.12]
	at org.junit.runners.ParentRunner$2.evaluate(ParentRunner.java:268) [junit-4.12.jar:4.12]
	at org.junit.runners.ParentRunner.run(ParentRunner.java:363) [junit-4.12.jar:4.12]
	at org.apache.maven.surefire.junit4.JUnit4Provider.execute(JUnit4Provider.java:252) [surefire-junit4-2.12.4.jar:2.12.4]
	at org.apache.maven.surefire.junit4.JUnit4Provider.executeTestSet(JUnit4Provider.java:141) [surefire-junit4-2.12.4.jar:2.12.4]
	at org.apache.maven.surefire.junit4.JUnit4Provider.invoke(JUnit4Provider.java:112) [surefire-junit4-2.12.4.jar:2.12.4]
	at sun.reflect.NativeMethodAccessorImpl.invoke0(Native Method) ~[?:1.8.0_60]
	at sun.reflect.NativeMethodAccessorImpl.invoke(NativeMethodAccessorImpl.java:62) ~[?:1.8.0_60]
	at sun.reflect.DelegatingMethodAccessorImpl.invoke(DelegatingMethodAccessorImpl.java:43) ~[?:1.8.0_60]
	at java.lang.reflect.Method.invoke(Method.java:497) ~[?:1.8.0_60]
	at org.apache.maven.surefire.util.ReflectionUtils.invokeMethodWithArray(ReflectionUtils.java:189) [surefire-api-2.12.4.jar:2.12.4]
	at org.apache.maven.surefire.booter.ProviderFactory$ProviderProxy.invoke(ProviderFactory.java:165) [surefire-booter-2.12.4.jar:2.12.4]
	at org.apache.maven.surefire.booter.ProviderFactory.invokeProvider(ProviderFactory.java:85) [surefire-booter-2.12.4.jar:2.12.4]
	at org.apache.maven.surefire.booter.ForkedBooter.runSuitesInProcess(ForkedBooter.java:115) [surefire-booter-2.12.4.jar:2.12.4]
	at org.apache.maven.surefire.booter.ForkedBooter.main(ForkedBooter.java:75) [surefire-booter-2.12.4.jar:2.12.4]
</system-out>
  </testcase>
  <testcase classname="be.unamur.info.b314.compiler.main.B314localvariabledeclSyntaxTest" name="testlocalvariabledecl_fct_local_var_diff_names_than_global_vars_ok" time="0.054">
    <failure message="localvariabledecl: fct_local_var_diff_names_than_global_vars
Expected: a string ending with &quot;OK\r\n&quot;
     but: was &quot;KO
&quot;" type="java.lang.AssertionError">java.lang.AssertionError: localvariabledecl: fct_local_var_diff_names_than_global_vars
Expected: a string ending with &quot;OK\r\n&quot;
     but: was &quot;KO
&quot;
	at org.hamcrest.MatcherAssert.assertThat(MatcherAssert.java:20)
	at org.junit.Assert.assertThat(Assert.java:956)
	at be.unamur.info.b314.compiler.main.CompilerTestHelper.launchCompilation(CompilerTestHelper.java:42)
	at be.unamur.info.b314.compiler.main.B314localvariabledeclSyntaxTest.testlocalvariabledecl_fct_local_var_diff_names_than_global_vars_ok(B314localvariabledeclSyntaxTest.java:51)
	at sun.reflect.NativeMethodAccessorImpl.invoke0(Native Method)
	at sun.reflect.NativeMethodAccessorImpl.invoke(NativeMethodAccessorImpl.java:62)
	at sun.reflect.DelegatingMethodAccessorImpl.invoke(DelegatingMethodAccessorImpl.java:43)
	at java.lang.reflect.Method.invoke(Method.java:497)
	at org.junit.runners.model.FrameworkMethod$1.runReflectiveCall(FrameworkMethod.java:50)
	at org.junit.internal.runners.model.ReflectiveCallable.run(ReflectiveCallable.java:12)
	at org.junit.runners.model.FrameworkMethod.invokeExplosively(FrameworkMethod.java:47)
	at org.junit.internal.runners.statements.InvokeMethod.evaluate(InvokeMethod.java:17)
	at org.junit.rules.ExternalResource$1.evaluate(ExternalResource.java:48)
	at org.junit.rules.TestWatcher$1.evaluate(TestWatcher.java:55)
	at org.junit.rules.RunRules.evaluate(RunRules.java:20)
	at org.junit.runners.ParentRunner.runLeaf(ParentRunner.java:325)
	at org.junit.runners.BlockJUnit4ClassRunner.runChild(BlockJUnit4ClassRunner.java:78)
	at org.junit.runners.BlockJUnit4ClassRunner.runChild(BlockJUnit4ClassRunner.java:57)
	at org.junit.runners.ParentRunner$3.run(ParentRunner.java:290)
	at org.junit.runners.ParentRunner$1.schedule(ParentRunner.java:71)
	at org.junit.runners.ParentRunner.runChildren(ParentRunner.java:288)
	at org.junit.runners.ParentRunner.access$000(ParentRunner.java:58)
	at org.junit.runners.ParentRunner$2.evaluate(ParentRunner.java:268)
	at org.junit.runners.ParentRunner.run(ParentRunner.java:363)
	at org.apache.maven.surefire.junit4.JUnit4Provider.execute(JUnit4Provider.java:252)
	at org.apache.maven.surefire.junit4.JUnit4Provider.executeTestSet(JUnit4Provider.java:141)
	at org.apache.maven.surefire.junit4.JUnit4Provider.invoke(JUnit4Provider.java:112)
	at sun.reflect.NativeMethodAccessorImpl.invoke0(Native Method)
	at sun.reflect.NativeMethodAccessorImpl.invoke(NativeMethodAccessorImpl.java:62)
	at sun.reflect.DelegatingMethodAccessorImpl.invoke(DelegatingMethodAccessorImpl.java:43)
	at java.lang.reflect.Method.invoke(Method.java:497)
	at org.apache.maven.surefire.util.ReflectionUtils.invokeMethodWithArray(ReflectionUtils.java:189)
	at org.apache.maven.surefire.booter.ProviderFactory$ProviderProxy.invoke(ProviderFactory.java:165)
	at org.apache.maven.surefire.booter.ProviderFactory.invokeProvider(ProviderFactory.java:85)
	at org.apache.maven.surefire.booter.ForkedBooter.runSuitesInProcess(ForkedBooter.java:115)
	at org.apache.maven.surefire.booter.ForkedBooter.main(ForkedBooter.java:75)
</failure>
    <system-out>12:46:30.062 [main] INFO  - Starting test: testlocalvariabledecl_fct_local_var_diff_names_than_global_vars_ok()...
org.apache.commons.cli.CommandLine@5d332969
12:46:30.076 [main] DEBUG - Initialisation
12:46:30.077 [main] DEBUG - Input file set to C:\Users\Nathalie Masudi\b314-Jour-MonkeyIsland\target\test-classes\syntax\localvariabledecl\ok\fct_local_var_diff_names_than_global_vars.b314
12:46:30.078 [main] DEBUG - Output file set to C:\Users\NATHAL~1\AppData\Local\Temp\junit6765844975555525765\junit1283912180514420801.tmp
12:46:30.078 [main] DEBUG - Initialisation: done
jessica1
12:46:30.093 [main] DEBUG - Parsing input
/* My comments */ 
declare and retain 
	b1 as boolean;
	b2 as boolean;
    i1 as integer; 
    i2 as integer;
    i3 as integer;
    s1 as square;
    s2 as square;
    v1 as boolean[5, 7];
    v2 as integer[42];

    fct1 as function():square
    	do
    		skip
    	done 

    fct2 as function(x as integer, y as boolean):integer
    	declare local
    		loc1 as integer;
    		loc2 as boolean;
    		loc3 as square;
    		loc4 as integer[5];
    	do
    		compute loc1 + 2 - loc4[0 + 1 - i1] = 5 and not loc2 or loc3 = dirt
    	done 

    fct3 as function():boolean
    	do
    		skip
    	done 

    fct4 as function():square
    	do
    		skip
    	done 

    fct5 as function(x as integer, y as boolean, z as square):integer
    	do
    		skip
    	done 
    	
when your turn 

	when true and b1 or v1[0, i1 + 2 * 5] do
		if b1 and i1 = 2 then
			while i1 &lt; i3 do
				set i2 to i1 + 1
			done
		else
			if s1 = ammo then
				next do nothing
			done
		done
	done 

	when false do
		skip
	done

	when not graal is north and i2 &gt; 5 and v2[4] &lt; 42 or s1 = dirt do
    	compute fct1()
    	set s1 to fct1()
    	if fct5(i1 + 2, s2 = ammo, ennemi) &gt; 2 then
    		skip
    	done
    	while fct3() do
    		skip
    	done
    	next move west
	done

	by default do 
		skip 
	done&amp;#0;&amp;#0;&amp;#0;&amp;#0;&amp;#0;&amp;#0;&amp;#0;&amp;#0;&amp;#0;&amp;#0;&amp;#0;&amp;#0;&amp;#0;&amp;#0;&amp;#0;&amp;#0;&amp;#0;&amp;#0;&amp;#0;&amp;#0;&amp;#0;&amp;#0;&amp;#0;&amp;#0;&amp;#0;&amp;#0;&amp;#0;&amp;#0;&amp;#0;&amp;#0;&amp;#0;&amp;#0;&amp;#0;&amp;#0;&amp;#0;&amp;#0;&amp;#0;&amp;#0;&amp;#0;&amp;#0;&amp;#0;&amp;#0;&amp;#0;&amp;#0;&amp;#0;&amp;#0;&amp;#0;&amp;#0;&amp;#0;&amp;#0;&amp;#0;&amp;#0;&amp;#0;&amp;#0;&amp;#0;&amp;#0;&amp;#0;&amp;#0;&amp;#0;&amp;#0;&amp;#0;&amp;#0;&amp;#0;&amp;#0;&amp;#0;&amp;#0;&amp;#0;&amp;#0;&amp;#0;&amp;#0;&amp;#0;&amp;#0;&amp;#0;&amp;#0;&amp;#0;&amp;#0;&amp;#0;&amp;#0;&amp;#0;&amp;#0;&amp;#0;&amp;#0;&amp;#0;&amp;#0;&amp;#0;&amp;#0;&amp;#0;&amp;#0;&amp;#0;&amp;#0;&amp;#0;&amp;#0;&amp;#0;&amp;#0;&amp;#0;&amp;#0;&amp;#0;&amp;#0;&amp;#0;&amp;#0;&amp;#0;&amp;#0;&amp;#0;&amp;#0;&amp;#0;&amp;#0;&amp;#0;&amp;#0;&amp;#0;&amp;#0;&amp;#0;&amp;#0;&amp;#0;&amp;#0;&amp;#0;&amp;#0;&amp;#0;&amp;#0;&amp;#0;&amp;#0;&amp;#0;&amp;#0;&amp;#0;&amp;#0;&amp;#0;&amp;#0;&amp;#0;&amp;#0;&amp;#0;&amp;#0;&amp;#0;&amp;#0;&amp;#0;&amp;#0;&amp;#0;&amp;#0;&amp;#0;&amp;#0;&amp;#0;&amp;#0;&amp;#0;&amp;#0;&amp;#0;&amp;#0;&amp;#0;&amp;#0;&amp;#0;&amp;#0;&amp;#0;&amp;#0;&amp;#0;&amp;#0;&amp;#0;&amp;#0;&amp;#0;&amp;#0;&amp;#0;&amp;#0;&amp;#0;&amp;#0;&amp;#0;&amp;#0;&amp;#0;&amp;#0;&amp;#0;&amp;#0;&amp;#0;&amp;#0;&amp;#0;&amp;#0;&amp;#0;&amp;#0;&amp;#0;&amp;#0;&amp;#0;&amp;#0;&amp;#0;&amp;#0;&amp;#0;&amp;#0;&amp;#0;&amp;#0;&amp;#0;&amp;#0;&amp;#0;&amp;#0;&amp;#0;&amp;#0;&amp;#0;&amp;#0;&amp;#0;&amp;#0;&amp;#0;&amp;#0;&amp;#0;&amp;#0;&amp;#0;&amp;#0;&amp;#0;&amp;#0;&amp;#0;&amp;#0;&amp;#0;&amp;#0;&amp;#0;&amp;#0;&amp;#0;&amp;#0;&amp;#0;&amp;#0;&amp;#0;&amp;#0;&amp;#0;&amp;#0;&amp;#0;&amp;#0;&amp;#0;&amp;#0;&amp;#0;&amp;#0;&amp;#0;&amp;#0;&amp;#0;&amp;#0;&amp;#0;&amp;#0;&amp;#0;&amp;#0;&amp;#0;&amp;#0;&amp;#0;&amp;#0;&amp;#0;&amp;#0;&amp;#0;&amp;#0;&amp;#0;&amp;#0;&amp;#0;&amp;#0;&amp;#0;&amp;#0;&amp;#0;&amp;#0;&amp;#0;&amp;#0;&amp;#0;&amp;#0;&amp;#0;&amp;#0;&amp;#0;&amp;#0;&amp;#0;&amp;#0;&amp;#0;&amp;#0;&amp;#0;&amp;#0;&amp;#0;&amp;#0;&amp;#0;&amp;#0;&amp;#0;&amp;#0;&amp;#0;&amp;#0;&amp;#0;&amp;#0;&amp;#0;&amp;#0;&amp;#0;&amp;#0;&amp;#0;&amp;#0;&amp;#0;&amp;#0;&amp;#0;&amp;#0;&amp;#0;&amp;#0;&amp;#0;&amp;#0;&amp;#0;&amp;#0;&amp;#0;&amp;#0;&amp;#0;&amp;#0;&amp;#0;&amp;#0;&amp;#0;&amp;#0;&amp;#0;&amp;#0;&amp;#0;&amp;#0;&amp;#0;&amp;#0;&amp;#0;&amp;#0;&amp;#0;&amp;#0;&amp;#0;&amp;#0;&amp;#0;&amp;#0;&amp;#0;&amp;#0;&amp;#0;&amp;#0;&amp;#0;&amp;#0;&amp;#0;&amp;#0;&amp;#0;&amp;#0;&amp;#0;&amp;#0;&amp;#0;&amp;#0;&amp;#0;&amp;#0;&amp;#0;&amp;#0;&amp;#0;&amp;#0;&amp;#0;&amp;#0;&amp;#0;&amp;#0;&amp;#0;&amp;#0;&amp;#0;&amp;#0;&amp;#0;&amp;#0;&amp;#0;&amp;#0;&amp;#0;&amp;#0;&amp;#0;&amp;#0;&amp;#0;&amp;#0;&amp;#0;&amp;#0;&amp;#0;&amp;#0;&amp;#0;&amp;#0;&amp;#0;&amp;#0;&amp;#0;&amp;#0;&amp;#0;&amp;#0;&amp;#0;&amp;#0;&amp;#0;&amp;#0;&amp;#0;&amp;#0;&amp;#0;&amp;#0;&amp;#0;&amp;#0;&amp;#0;&amp;#0;&amp;#0;&amp;#0;&amp;#0;&amp;#0;&amp;#0;&amp;#0;&amp;#0;&amp;#0;&amp;#0;&amp;#0;&amp;#0;&amp;#0;&amp;#0;&amp;#0;&amp;#0;&amp;#0;&amp;#0;&amp;#0;&amp;#0;&amp;#0;&amp;#0;&amp;#0;&amp;#0;&amp;#0;&amp;#0;&amp;#0;&amp;#0;&amp;#0;&amp;#0;&amp;#0;&amp;#0;&amp;#0;&amp;#0;&amp;#0;&amp;#0;&amp;#0;&amp;#0;&amp;#0;&amp;#0;&amp;#0;&amp;#0;&amp;#0;&amp;#0;&amp;#0;&amp;#0;&amp;#0;&amp;#0;&amp;#0;&amp;#0;&amp;#0;&amp;#0;&amp;#0;&amp;#0;&amp;#0;&amp;#0;&amp;#0;&amp;#0;&amp;#0;&amp;#0;&amp;#0;&amp;#0;&amp;#0;&amp;#0;&amp;#0;&amp;#0;&amp;#0;&amp;#0;&amp;#0;&amp;#0;&amp;#0;&amp;#0;&amp;#0;&amp;#0;&amp;#0;&amp;#0;&amp;#0;&amp;#0;&amp;#0;&amp;#0;&amp;#0;&amp;#0;&amp;#0;&amp;#0;&amp;#0;&amp;#0;&amp;#0;&amp;#0;&amp;#0;&amp;#0;&amp;#0;&amp;#0;&amp;#0;&amp;#0;&amp;#0;&amp;#0;&amp;#0;&amp;#0;&amp;#0;&amp;#0;&amp;#0;&amp;#0;&amp;#0;&amp;#0;&amp;#0;&amp;#0;&amp;#0;&amp;#0;&amp;#0;&amp;#0;&amp;#0;&amp;#0;&amp;#0;&amp;#0;&amp;#0;&amp;#0;&amp;#0;&amp;#0;&amp;#0;&amp;#0;&amp;#0;&amp;#0;&amp;#0;&amp;#0;&amp;#0;&amp;#0;&amp;#0;&amp;#0;&amp;#0;&amp;#0;&amp;#0;&amp;#0;&amp;#0;&amp;#0;&amp;#0;&amp;#0;&amp;#0;&amp;#0;&amp;#0;&amp;#0;&amp;#0;&amp;#0;&amp;#0;&amp;#0;&amp;#0;&amp;#0;&amp;#0;&amp;#0;&amp;#0;&amp;#0;&amp;#0;&amp;#0;&amp;#0;&amp;#0;&amp;#0;&amp;#0;&amp;#0;&amp;#0;&amp;#0;&amp;#0;&amp;#0;&amp;#0;&amp;#0;&amp;#0;&amp;#0;&amp;#0;&amp;#0;&amp;#0;&amp;#0;&amp;#0;&amp;#0;&amp;#0;&amp;#0;&amp;#0;&amp;#0;&amp;#0;&amp;#0;&amp;#0;&amp;#0;&amp;#0;&amp;#0;&amp;#0;&amp;#0;&amp;#0;&amp;#0;&amp;#0;&amp;#0;&amp;#0;&amp;#0;&amp;#0;&amp;#0;&amp;#0;&amp;#0;&amp;#0;&amp;#0;&amp;#0;&amp;#0;&amp;#0;&amp;#0;&amp;#0;&amp;#0;&amp;#0;&amp;#0;&amp;#0;&amp;#0;&amp;#0;&amp;#0;&amp;#0;&amp;#0;&amp;#0;&amp;#0;&amp;#0;&amp;#0;&amp;#0;&amp;#0;&amp;#0;&amp;#0;&amp;#0;&amp;#0;&amp;#0;&amp;#0;&amp;#0;&amp;#0;&amp;#0;&amp;#0;&amp;#0;&amp;#0;&amp;#0;&amp;#0;&amp;#0;&amp;#0;&amp;#0;&amp;#0;&amp;#0;&amp;#0;&amp;#0;&amp;#0;&amp;#0;&amp;#0;&amp;#0;&amp;#0;&amp;#0;&amp;#0;&amp;#0;&amp;#0;&amp;#0;&amp;#0;&amp;#0;&amp;#0;&amp;#0;&amp;#0;&amp;#0;&amp;#0;&amp;#0;&amp;#0;&amp;#0;&amp;#0;&amp;#0;&amp;#0;&amp;#0;&amp;#0;&amp;#0;&amp;#0;&amp;#0;&amp;#0;&amp;#0;&amp;#0;&amp;#0;&amp;#0;&amp;#0;&amp;#0;&amp;#0;&amp;#0;&amp;#0;&amp;#0;&amp;#0;&amp;#0;&amp;#0;&amp;#0;&amp;#0;&amp;#0;&amp;#0;&amp;#0;&amp;#0;&amp;#0;&amp;#0;&amp;#0;&amp;#0;&amp;#0;&amp;#0;&amp;#0;&amp;#0;&amp;#0;&amp;#0;&amp;#0;&amp;#0;&amp;#0;&amp;#0;&amp;#0;&amp;#0;&amp;#0;&amp;#0;&amp;#0;&amp;#0;&amp;#0;&amp;#0;&amp;#0;&amp;#0;&amp;#0;&amp;#0;&amp;#0;&amp;#0;&amp;#0;&amp;#0;&amp;#0;&amp;#0;&amp;#0;&amp;#0;&amp;#0;&amp;#0;&amp;#0;&amp;#0;&amp;#0;&amp;#0;&amp;#0;&amp;#0;&amp;#0;&amp;#0;&amp;#0;&amp;#0;&amp;#0;&amp;#0;&amp;#0;&amp;#0;&amp;#0;&amp;#0;&amp;#0;&amp;#0;&amp;#0;&amp;#0;&amp;#0;&amp;#0;&amp;#0;&amp;#0;&amp;#0;&amp;#0;&amp;#0;&amp;#0;&amp;#0;&amp;#0;&amp;#0;&amp;#0;&amp;#0;&amp;#0;&amp;#0;&amp;#0;&amp;#0;&amp;#0;&amp;#0;&amp;#0;&amp;#0;&amp;#0;&amp;#0;&amp;#0;&amp;#0;&amp;#0;&amp;#0;&amp;#0;&amp;#0;&amp;#0;&amp;#0;&amp;#0;&amp;#0;&amp;#0;&amp;#0;&amp;#0;&amp;#0;&amp;#0;&amp;#0;&amp;#0;&amp;#0;&amp;#0;&amp;#0;&amp;#0;&amp;#0;&amp;#0;&amp;#0;&amp;#0;&amp;#0;&amp;#0;&amp;#0;&amp;#0;&amp;#0;&amp;#0;&amp;#0;&amp;#0;&amp;#0;&amp;#0;&amp;#0;&amp;#0;&amp;#0;&amp;#0;&amp;#0;&amp;#0;&amp;#0;&amp;#0;&amp;#0;&amp;#0;&amp;#0;&amp;#0;&amp;#0;&amp;#0;&amp;#0;&amp;#0;&amp;#0;&amp;#0;&amp;#0;&amp;#0;&amp;#0;&amp;#0;&amp;#0;&amp;#0;&amp;#0;&amp;#0;&amp;#0;&amp;#0;&amp;#0;&amp;#0;&amp;#0;&amp;#0;&amp;#0;&amp;#0;&amp;#0;&amp;#0;&amp;#0;&amp;#0;&amp;#0;&amp;#0;&amp;#0;&amp;#0;&amp;#0;&amp;#0;&amp;#0;&amp;#0;&amp;#0;&amp;#0;&amp;#0;&amp;#0;&amp;#0;&amp;#0;&amp;#0;&amp;#0;&amp;#0;&amp;#0;&amp;#0;&amp;#0;&amp;#0;&amp;#0;&amp;#0;&amp;#0;&amp;#0;&amp;#0;&amp;#0;&amp;#0;&amp;#0;&amp;#0;&amp;#0;&amp;#0;&amp;#0;&amp;#0;&amp;#0;&amp;#0;&amp;#0;&amp;#0;&amp;#0;&amp;#0;&amp;#0;&amp;#0;&amp;#0;&amp;#0;&amp;#0;&amp;#0;&amp;#0;&amp;#0;&amp;#0;&amp;#0;&amp;#0;&amp;#0;&amp;#0;&amp;#0;&amp;#0;&amp;#0;&amp;#0;&amp;#0;&amp;#0;&amp;#0;&amp;#0;&amp;#0;&amp;#0;&amp;#0;&amp;#0;&amp;#0;&amp;#0;&amp;#0;&amp;#0;&amp;#0;&amp;#0;&amp;#0;&amp;#0;&amp;#0;&amp;#0;&amp;#0;&amp;#0;&amp;#0;&amp;#0;&amp;#0;&amp;#0;&amp;#0;&amp;#0;&amp;#0;&amp;#0;&amp;#0;&amp;#0;&amp;#0;&amp;#0;&amp;#0;&amp;#0;&amp;#0;&amp;#0;&amp;#0;&amp;#0;&amp;#0;&amp;#0;&amp;#0;&amp;#0;&amp;#0;&amp;#0;&amp;#0;&amp;#0;&amp;#0;&amp;#0;&amp;#0;&amp;#0;&amp;#0;&amp;#0;&amp;#0;&amp;#0;&amp;#0;&amp;#0;&amp;#0;&amp;#0;&amp;#0;&amp;#0;&amp;#0;&amp;#0;&amp;#0;&amp;#0;&amp;#0;&amp;#0;&amp;#0;&amp;#0;&amp;#0;&amp;#0;&amp;#0;&amp;#0;&amp;#0;&amp;#0;&amp;#0;&amp;#0;&amp;#0;&amp;#0;&amp;#0;&amp;#0;&amp;#0;&amp;#0;&amp;#0;&amp;#0;&amp;#0;&amp;#0;&amp;#0;&amp;#0;&amp;#0;&amp;#0;&amp;#0;&amp;#0;&amp;#0;&amp;#0;&amp;#0;&amp;#0;&amp;#0;&amp;#0;&amp;#0;&amp;#0;&amp;#0;&amp;#0;&amp;#0;&amp;#0;&amp;#0;&amp;#0;&amp;#0;&amp;#0;&amp;#0;&amp;#0;&amp;#0;&amp;#0;&amp;#0;&amp;#0;&amp;#0;&amp;#0;&amp;#0;&amp;#0;&amp;#0;&amp;#0;&amp;#0;&amp;#0;&amp;#0;&amp;#0;&amp;#0;&amp;#0;&amp;#0;&amp;#0;&amp;#0;&amp;#0;&amp;#0;&amp;#0;&amp;#0;&amp;#0;&amp;#0;&amp;#0;&amp;#0;&amp;#0;&amp;#0;&amp;#0;&amp;#0;&amp;#0;&amp;#0;&amp;#0;&amp;#0;&amp;#0;&amp;#0;&amp;#0;&amp;#0;&amp;#0;&amp;#0;&amp;#0;&amp;#0;&amp;#0;&amp;#0;&amp;#0;&amp;#0;&amp;#0;&amp;#0;&amp;#0;&amp;#0;&amp;#0;&amp;#0;&amp;#0;&amp;#0;&amp;#0;&amp;#0;&amp;#0;&amp;#0;&amp;#0;&amp;#0;&amp;#0;&amp;#0;&amp;#0;&amp;#0;&amp;#0;&amp;#0;&amp;#0;&amp;#0;&amp;#0;&amp;#0;&amp;#0;&amp;#0;&amp;#0;&amp;#0;&amp;#0;&amp;#0;&amp;#0;&amp;#0;&amp;#0;&amp;#0;&amp;#0;&amp;#0;&amp;#0;&amp;#0;&amp;#0;&amp;#0;&amp;#0;&amp;#0;&amp;#0;&amp;#0;&amp;#0;&amp;#0;&amp;#0;&amp;#0;&amp;#0;&amp;#0;&amp;#0;&amp;#0;&amp;#0;&amp;#0;&amp;#0;&amp;#0;&amp;#0;&amp;#0;&amp;#0;&amp;#0;&amp;#0;&amp;#0;&amp;#0;&amp;#0;&amp;#0;&amp;#0;&amp;#0;&amp;#0;&amp;#0;&amp;#0;&amp;#0;&amp;#0;&amp;#0;&amp;#0;&amp;#0;&amp;#0;&amp;#0;&amp;#0;&amp;#0;&amp;#0;&amp;#0;&amp;#0;&amp;#0;&amp;#0;&amp;#0;&amp;#0;&amp;#0;&amp;#0;&amp;#0;&amp;#0;&amp;#0;&amp;#0;&amp;#0;&amp;#0;&amp;#0;&amp;#0;&amp;#0;&amp;#0;&amp;#0;&amp;#0;&amp;#0;&amp;#0;&amp;#0;&amp;#0;&amp;#0;&amp;#0;&amp;#0;&amp;#0;&amp;#0;&amp;#0;&amp;#0;&amp;#0;&amp;#0;&amp;#0;&amp;#0;&amp;#0;&amp;#0;&amp;#0;&amp;#0;&amp;#0;&amp;#0;&amp;#0;&amp;#0;&amp;#0;&amp;#0;&amp;#0;&amp;#0;&amp;#0;&amp;#0;&amp;#0;&amp;#0;&amp;#0;&amp;#0;&amp;#0;&amp;#0;&amp;#0;&amp;#0;&amp;#0;&amp;#0;&amp;#0;&amp;#0;&amp;#0;&amp;#0;&amp;#0;&amp;#0;&amp;#0;&amp;#0;&amp;#0;&amp;#0;&amp;#0;&amp;#0;&amp;#0;&amp;#0;&amp;#0;&amp;#0;&amp;#0;&amp;#0;&amp;#0;&amp;#0;&amp;#0;&amp;#0;&amp;#0;&amp;#0;&amp;#0;&amp;#0;&amp;#0;&amp;#0;&amp;#0;&amp;#0;&amp;#0;&amp;#0;&amp;#0;&amp;#0;&amp;#0;&amp;#0;&amp;#0;&amp;#0;&amp;#0;&amp;#0;&amp;#0;&amp;#0;&amp;#0;&amp;#0;&amp;#0;&amp;#0;&amp;#0;&amp;#0;&amp;#0;&amp;#0;&amp;#0;&amp;#0;&amp;#0;&amp;#0;&amp;#0;&amp;#0;&amp;#0;&amp;#0;&amp;#0;&amp;#0;&amp;#0;&amp;#0;&amp;#0;&amp;#0;&amp;#0;&amp;#0;&amp;#0;&amp;#0;&amp;#0;&amp;#0;&amp;#0;&amp;#0;&amp;#0;&amp;#0;&amp;#0;&amp;#0;&amp;#0;&amp;#0;&amp;#0;&amp;#0;&amp;#0;&amp;#0;&amp;#0;&amp;#0;&amp;#0;&amp;#0;&amp;#0;&amp;#0;&amp;#0;&amp;#0;&amp;#0;&amp;#0;&amp;#0;&amp;#0;&amp;#0;&amp;#0;&amp;#0;&amp;#0;&amp;#0;&amp;#0;&amp;#0;&amp;#0;&amp;#0;&amp;#0;&amp;#0;&amp;#0;&amp;#0;&amp;#0;&amp;#0;&amp;#0;&amp;#0;&amp;#0;&amp;#0;&amp;#0;&amp;#0;&amp;#0;&amp;#0;&amp;#0;&amp;#0;&amp;#0;&amp;#0;&amp;#0;&amp;#0;&amp;#0;&amp;#0;&amp;#0;&amp;#0;&amp;#0;&amp;#0;&amp;#0;&amp;#0;&amp;#0;&amp;#0;&amp;#0;&amp;#0;&amp;#0;&amp;#0;&amp;#0;&amp;#0;&amp;#0;&amp;#0;&amp;#0;&amp;#0;&amp;#0;&amp;#0;&amp;#0;&amp;#0;&amp;#0;&amp;#0;&amp;#0;&amp;#0;&amp;#0;&amp;#0;&amp;#0;&amp;#0;&amp;#0;&amp;#0;&amp;#0;&amp;#0;&amp;#0;&amp;#0;&amp;#0;&amp;#0;&amp;#0;&amp;#0;&amp;#0;&amp;#0;&amp;#0;&amp;#0;&amp;#0;&amp;#0;&amp;#0;&amp;#0;&amp;#0;&amp;#0;&amp;#0;&amp;#0;&amp;#0;&amp;#0;&amp;#0;&amp;#0;&amp;#0;&amp;#0;&amp;#0;&amp;#0;&amp;#0;&amp;#0;&amp;#0;&amp;#0;&amp;#0;&amp;#0;&amp;#0;&amp;#0;&amp;#0;&amp;#0;&amp;#0;&amp;#0;&amp;#0;&amp;#0;&amp;#0;&amp;#0;&amp;#0;&amp;#0;&amp;#0;&amp;#0;&amp;#0;&amp;#0;&amp;#0;&amp;#0;&amp;#0;&amp;#0;&amp;#0;&amp;#0;&amp;#0;&amp;#0;&amp;#0;&amp;#0;&amp;#0;&amp;#0;&amp;#0;&amp;#0;&amp;#0;&amp;#0;&amp;#0;&amp;#0;&amp;#0;&amp;#0;&amp;#0;&amp;#0;&amp;#0;&amp;#0;&amp;#0;&amp;#0;&amp;#0;&amp;#0;&amp;#0;&amp;#0;&amp;#0;&amp;#0;&amp;#0;&amp;#0;&amp;#0;&amp;#0;&amp;#0;&amp;#0;&amp;#0;&amp;#0;&amp;#0;&amp;#0;&amp;#0;&amp;#0;&amp;#0;&amp;#0;&amp;#0;&amp;#0;&amp;#0;&amp;#0;&amp;#0;&amp;#0;&amp;#0;&amp;#0;&amp;#0;&amp;#0;&amp;#0;&amp;#0;&amp;#0;&amp;#0;&amp;#0;&amp;#0;&amp;#0;&amp;#0;&amp;#0;&amp;#0;&amp;#0;&amp;#0;&amp;#0;&amp;#0;&amp;#0;&amp;#0;&amp;#0;&amp;#0;&amp;#0;&amp;#0;&amp;#0;&amp;#0;&amp;#0;&amp;#0;&amp;#0;&amp;#0;&amp;#0;&amp;#0;&amp;#0;&amp;#0;&amp;#0;&amp;#0;&amp;#0;&amp;#0;&amp;#0;&amp;#0;&amp;#0;&amp;#0;&amp;#0;&amp;#0;&amp;#0;&amp;#0;&amp;#0;&amp;#0;&amp;#0;&amp;#0;&amp;#0;&amp;#0;&amp;#0;&amp;#0;&amp;#0;&amp;#0;&amp;#0;&amp;#0;&amp;#0;&amp;#0;&amp;#0;&amp;#0;&amp;#0;&amp;#0;&amp;#0;&amp;#0;&amp;#0;&amp;#0;&amp;#0;&amp;#0;&amp;#0;&amp;#0;&amp;#0;&amp;#0;&amp;#0;&amp;#0;&amp;#0;&amp;#0;&amp;#0;&amp;#0;&amp;#0;&amp;#0;&amp;#0;&amp;#0;&amp;#0;&amp;#0;&amp;#0;&amp;#0;&amp;#0;&amp;#0;&amp;#0;&amp;#0;&amp;#0;&amp;#0;&amp;#0;&amp;#0;&amp;#0;&amp;#0;&amp;#0;&amp;#0;&amp;#0;&amp;#0;&amp;#0;&amp;#0;&amp;#0;&amp;#0;&amp;#0;&amp;#0;&amp;#0;&amp;#0;&amp;#0;&amp;#0;&amp;#0;&amp;#0;&amp;#0;&amp;#0;&amp;#0;&amp;#0;&amp;#0;&amp;#0;&amp;#0;&amp;#0;&amp;#0;&amp;#0;&amp;#0;&amp;#0;&amp;#0;&amp;#0;&amp;#0;&amp;#0;&amp;#0;&amp;#0;&amp;#0;&amp;#0;&amp;#0;&amp;#0;&amp;#0;&amp;#0;&amp;#0;&amp;#0;&amp;#0;&amp;#0;&amp;#0;&amp;#0;&amp;#0;&amp;#0;&amp;#0;&amp;#0;&amp;#0;&amp;#0;&amp;#0;&amp;#0;&amp;#0;&amp;#0;&amp;#0;&amp;#0;&amp;#0;&amp;#0;&amp;#0;&amp;#0;&amp;#0;&amp;#0;&amp;#0;&amp;#0;&amp;#0;&amp;#0;&amp;#0;&amp;#0;&amp;#0;&amp;#0;&amp;#0;&amp;#0;&amp;#0;&amp;#0;&amp;#0;&amp;#0;&amp;#0;&amp;#0;&amp;#0;&amp;#0;&amp;#0;&amp;#0;&amp;#0;&amp;#0;&amp;#0;&amp;#0;&amp;#0;&amp;#0;&amp;#0;&amp;#0;&amp;#0;&amp;#0;&amp;#0;&amp;#0;&amp;#0;&amp;#0;&amp;#0;&amp;#0;&amp;#0;&amp;#0;&amp;#0;&amp;#0;&amp;#0;&amp;#0;&amp;#0;&amp;#0;&amp;#0;&amp;#0;&amp;#0;&amp;#0;&amp;#0;&amp;#0;&amp;#0;&amp;#0;&amp;#0;&amp;#0;&amp;#0;&amp;#0;&amp;#0;&amp;#0;&amp;#0;&amp;#0;&amp;#0;&amp;#0;&amp;#0;&amp;#0;&amp;#0;&amp;#0;&amp;#0;&amp;#0;&amp;#0;&amp;#0;&amp;#0;&amp;#0;&amp;#0;&amp;#0;&amp;#0;&amp;#0;&amp;#0;&amp;#0;&amp;#0;&amp;#0;&amp;#0;&amp;#0;&amp;#0;&amp;#0;&amp;#0;&amp;#0;&amp;#0;&amp;#0;&amp;#0;&amp;#0;&amp;#0;&amp;#0;&amp;#0;&amp;#0;&amp;#0;&amp;#0;&amp;#0;&amp;#0;&amp;#0;&amp;#0;&amp;#0;&amp;#0;&amp;#0;&amp;#0;&amp;#0;&amp;#0;&amp;#0;&amp;#0;&amp;#0;&amp;#0;&amp;#0;&amp;#0;&amp;#0;&amp;#0;&amp;#0;&amp;#0;&amp;#0;&amp;#0;&amp;#0;&amp;#0;&amp;#0;&amp;#0;&amp;#0;&amp;#0;&amp;#0;&amp;#0;&amp;#0;&amp;#0;&amp;#0;&amp;#0;&amp;#0;&amp;#0;&amp;#0;&amp;#0;&amp;#0;&amp;#0;&amp;#0;&amp;#0;&amp;#0;&amp;#0;&amp;#0;&amp;#0;&amp;#0;&amp;#0;&amp;#0;&amp;#0;&amp;#0;&amp;#0;&amp;#0;&amp;#0;&amp;#0;&amp;#0;&amp;#0;&amp;#0;&amp;#0;&amp;#0;&amp;#0;&amp;#0;&amp;#0;&amp;#0;&amp;#0;&amp;#0;&amp;#0;&amp;#0;&amp;#0;&amp;#0;&amp;#0;&amp;#0;&amp;#0;&amp;#0;&amp;#0;&amp;#0;&amp;#0;&amp;#0;&amp;#0;&amp;#0;&amp;#0;&amp;#0;&amp;#0;&amp;#0;&amp;#0;&amp;#0;&amp;#0;&amp;#0;&amp;#0;&amp;#0;&amp;#0;&amp;#0;&amp;#0;&amp;#0;&amp;#0;&amp;#0;&amp;#0;&amp;#0;&amp;#0;&amp;#0;&amp;#0;&amp;#0;&amp;#0;&amp;#0;&amp;#0;&amp;#0;&amp;#0;&amp;#0;&amp;#0;&amp;#0;&amp;#0;&amp;#0;&amp;#0;&amp;#0;&amp;#0;&amp;#0;&amp;#0;&amp;#0;&amp;#0;&amp;#0;&amp;#0;&amp;#0;&amp;#0;&amp;#0;&amp;#0;&amp;#0;&amp;#0;&amp;#0;&amp;#0;&amp;#0;&amp;#0;&amp;#0;&amp;#0;&amp;#0;&amp;#0;&amp;#0;&amp;#0;&amp;#0;&amp;#0;&amp;#0;&amp;#0;&amp;#0;&amp;#0;&amp;#0;&amp;#0;&amp;#0;&amp;#0;&amp;#0;&amp;#0;&amp;#0;&amp;#0;&amp;#0;&amp;#0;&amp;#0;&amp;#0;&amp;#0;&amp;#0;&amp;#0;&amp;#0;&amp;#0;&amp;#0;&amp;#0;&amp;#0;&amp;#0;&amp;#0;&amp;#0;&amp;#0;&amp;#0;&amp;#0;&amp;#0;&amp;#0;&amp;#0;&amp;#0;&amp;#0;&amp;#0;&amp;#0;&amp;#0;&amp;#0;&amp;#0;&amp;#0;&amp;#0;&amp;#0;&amp;#0;&amp;#0;&amp;#0;&amp;#0;&amp;#0;&amp;#0;&amp;#0;&amp;#0;&amp;#0;&amp;#0;&amp;#0;&amp;#0;&amp;#0;&amp;#0;&amp;#0;&amp;#0;&amp;#0;&amp;#0;&amp;#0;&amp;#0;&amp;#0;&amp;#0;&amp;#0;&amp;#0;&amp;#0;&amp;#0;&amp;#0;&amp;#0;&amp;#0;&amp;#0;&amp;#0;&amp;#0;&amp;#0;&amp;#0;&amp;#0;&amp;#0;&amp;#0;&amp;#0;&amp;#0;&amp;#0;&amp;#0;&amp;#0;&amp;#0;&amp;#0;&amp;#0;&amp;#0;&amp;#0;&amp;#0;&amp;#0;&amp;#0;&amp;#0;&amp;#0;&amp;#0;&amp;#0;&amp;#0;&amp;#0;&amp;#0;&amp;#0;&amp;#0;&amp;#0;&amp;#0;&amp;#0;&amp;#0;&amp;#0;&amp;#0;&amp;#0;&amp;#0;&amp;#0;&amp;#0;&amp;#0;&amp;#0;&amp;#0;&amp;#0;&amp;#0;&amp;#0;&amp;#0;&amp;#0;&amp;#0;&amp;#0;&amp;#0;&amp;#0;&amp;#0;&amp;#0;&amp;#0;&amp;#0;&amp;#0;&amp;#0;&amp;#0;&amp;#0;&amp;#0;&amp;#0;&amp;#0;&amp;#0;&amp;#0;&amp;#0;&amp;#0;&amp;#0;&amp;#0;&amp;#0;&amp;#0;&amp;#0;&amp;#0;&amp;#0;&amp;#0;&amp;#0;&amp;#0;&amp;#0;&amp;#0;&amp;#0;&amp;#0;&amp;#0;&amp;#0;&amp;#0;&amp;#0;&amp;#0;&amp;#0;&amp;#0;&amp;#0;&amp;#0;&amp;#0;&amp;#0;&amp;#0;&amp;#0;&amp;#0;&amp;#0;&amp;#0;&amp;#0;&amp;#0;&amp;#0;&amp;#0;&amp;#0;&amp;#0;&amp;#0;&amp;#0;&amp;#0;&amp;#0;&amp;#0;&amp;#0;&amp;#0;&amp;#0;&amp;#0;&amp;#0;&amp;#0;&amp;#0;&amp;#0;&amp;#0;&amp;#0;&amp;#0;&amp;#0;&amp;#0;&amp;#0;&amp;#0;&amp;#0;&amp;#0;&amp;#0;&amp;#0;&amp;#0;&amp;#0;&amp;#0;&amp;#0;&amp;#0;&amp;#0;&amp;#0;&amp;#0;&amp;#0;&amp;#0;&amp;#0;&amp;#0;&amp;#0;&amp;#0;&amp;#0;&amp;#0;&amp;#0;&amp;#0;&amp;#0;&amp;#0;&amp;#0;&amp;#0;&amp;#0;&amp;#0;&amp;#0;&amp;#0;&amp;#0;&amp;#0;&amp;#0;&amp;#0;&amp;#0;&amp;#0;&amp;#0;&amp;#0;&amp;#0;&amp;#0;&amp;#0;&amp;#0;&amp;#0;&amp;#0;&amp;#0;&amp;#0;&amp;#0;&amp;#0;&amp;#0;&amp;#0;&amp;#0;&amp;#0;&amp;#0;&amp;#0;&amp;#0;&amp;#0;&amp;#0;&amp;#0;&amp;#0;&amp;#0;&amp;#0;&amp;#0;&amp;#0;&amp;#0;&amp;#0;&amp;#0;&amp;#0;&amp;#0;&amp;#0;&amp;#0;&amp;#0;&amp;#0;&amp;#0;&amp;#0;&amp;#0;&amp;#0;&amp;#0;&amp;#0;&amp;#0;&amp;#0;&amp;#0;&amp;#0;&amp;#0;&amp;#0;&amp;#0;&amp;#0;&amp;#0;&amp;#0;&amp;#0;&amp;#0;&amp;#0;&amp;#0;&amp;#0;&amp;#0;&amp;#0;&amp;#0;&amp;#0;&amp;#0;&amp;#0;&amp;#0;&amp;#0;&amp;#0;&amp;#0;&amp;#0;&amp;#0;&amp;#0;&amp;#0;&amp;#0;&amp;#0;&amp;#0;&amp;#0;&amp;#0;&amp;#0;&amp;#0;&amp;#0;&amp;#0;&amp;#0;&amp;#0;&amp;#0;&amp;#0;&amp;#0;&amp;#0;&amp;#0;&amp;#0;&amp;#0;&amp;#0;&amp;#0;&amp;#0;&amp;#0;&amp;#0;&amp;#0;&amp;#0;&amp;#0;&amp;#0;&amp;#0;&amp;#0;&amp;#0;&amp;#0;&amp;#0;&amp;#0;&amp;#0;&amp;#0;&amp;#0;&amp;#0;&amp;#0;&amp;#0;&amp;#0;&amp;#0;&amp;#0;&amp;#0;&amp;#0;&amp;#0;&amp;#0;&amp;#0;&amp;#0;&amp;#0;&amp;#0;&amp;#0;&amp;#0;&amp;#0;&amp;#0;&amp;#0;&amp;#0;&amp;#0;&amp;#0;&amp;#0;&amp;#0;&amp;#0;&amp;#0;&amp;#0;&amp;#0;&amp;#0;&amp;#0;&amp;#0;&amp;#0;&amp;#0;&amp;#0;&amp;#0;&amp;#0;&amp;#0;&amp;#0;&amp;#0;&amp;#0;&amp;#0;&amp;#0;&amp;#0;&amp;#0;&amp;#0;&amp;#0;&amp;#0;&amp;#0;&amp;#0;&amp;#0;&amp;#0;&amp;#0;&amp;#0;&amp;#0;&amp;#0;&amp;#0;&amp;#0;&amp;#0;&amp;#0;&amp;#0;&amp;#0;&amp;#0;&amp;#0;&amp;#0;&amp;#0;&amp;#0;&amp;#0;&amp;#0;&amp;#0;&amp;#0;&amp;#0;&amp;#0;&amp;#0;&amp;#0;&amp;#0;&amp;#0;&amp;#0;&amp;#0;&amp;#0;&amp;#0;&amp;#0;&amp;#0;&amp;#0;&amp;#0;&amp;#0;&amp;#0;&amp;#0;&amp;#0;&amp;#0;&amp;#0;&amp;#0;&amp;#0;&amp;#0;&amp;#0;&amp;#0;&amp;#0;&amp;#0;&amp;#0;&amp;#0;&amp;#0;&amp;#0;&amp;#0;&amp;#0;&amp;#0;&amp;#0;&amp;#0;&amp;#0;&amp;#0;&amp;#0;&amp;#0;&amp;#0;&amp;#0;&amp;#0;&amp;#0;&amp;#0;&amp;#0;&amp;#0;&amp;#0;&amp;#0;&amp;#0;&amp;#0;&amp;#0;&amp;#0;&amp;#0;&amp;#0;&amp;#0;&amp;#0;&amp;#0;&amp;#0;&amp;#0;&amp;#0;&amp;#0;&amp;#0;&amp;#0;&amp;#0;&amp;#0;&amp;#0;&amp;#0;&amp;#0;&amp;#0;&amp;#0;&amp;#0;&amp;#0;&amp;#0;&amp;#0;&amp;#0;&amp;#0;&amp;#0;&amp;#0;&amp;#0;&amp;#0;&amp;#0;&amp;#0;&amp;#0;&amp;#0;&amp;#0;&amp;#0;&amp;#0;&amp;#0;&amp;#0;&amp;#0;&amp;#0;&amp;#0;&amp;#0;&amp;#0;&amp;#0;&amp;#0;&amp;#0;&amp;#0;&amp;#0;&amp;#0;&amp;#0;&amp;#0;&amp;#0;&amp;#0;&amp;#0;&amp;#0;&amp;#0;&amp;#0;&amp;#0;&amp;#0;&amp;#0;&amp;#0;&amp;#0;&amp;#0;&amp;#0;&amp;#0;&amp;#0;&amp;#0;&amp;#0;&amp;#0;&amp;#0;&amp;#0;&amp;#0;&amp;#0;&amp;#0;&amp;#0;&amp;#0;&amp;#0;&amp;#0;&amp;#0;&amp;#0;&amp;#0;&amp;#0;&amp;#0;&amp;#0;&amp;#0;&amp;#0;&amp;#0;&amp;#0;&amp;#0;&amp;#0;&amp;#0;&amp;#0;&amp;#0;&amp;#0;&amp;#0;&amp;#0;&amp;#0;&amp;#0;&amp;#0;&amp;#0;&amp;#0;&amp;#0;&amp;#0;&amp;#0;&amp;#0;&amp;#0;&amp;#0;&amp;#0;&amp;#0;&amp;#0;&amp;#0;&amp;#0;&amp;#0;&amp;#0;&amp;#0;&amp;#0;&amp;#0;&amp;#0;&amp;#0;&amp;#0;&amp;#0;&amp;#0;&amp;#0;&amp;#0;&amp;#0;&amp;#0;&amp;#0;&amp;#0;&amp;#0;&amp;#0;&amp;#0;&amp;#0;&amp;#0;&amp;#0;&amp;#0;&amp;#0;&amp;#0;&amp;#0;&amp;#0;&amp;#0;&amp;#0;&amp;#0;&amp;#0;&amp;#0;&amp;#0;&amp;#0;&amp;#0;&amp;#0;&amp;#0;&amp;#0;&amp;#0;&amp;#0;&amp;#0;&amp;#0;&amp;#0;&amp;#0;&amp;#0;&amp;#0;&amp;#0;&amp;#0;&amp;#0;&amp;#0;&amp;#0;&amp;#0;&amp;#0;&amp;#0;&amp;#0;&amp;#0;&amp;#0;&amp;#0;&amp;#0;&amp;#0;&amp;#0;&amp;#0;&amp;#0;&amp;#0;&amp;#0;&amp;#0;&amp;#0;&amp;#0;&amp;#0;&amp;#0;&amp;#0;&amp;#0;&amp;#0;&amp;#0;&amp;#0;&amp;#0;&amp;#0;&amp;#0;&amp;#0;&amp;#0;&amp;#0;&amp;#0;&amp;#0;&amp;#0;&amp;#0;&amp;#0;&amp;#0;&amp;#0;&amp;#0;&amp;#0;&amp;#0;&amp;#0;&amp;#0;&amp;#0;&amp;#0;&amp;#0;&amp;#0;&amp;#0;&amp;#0;&amp;#0;&amp;#0;&amp;#0;&amp;#0;&amp;#0;&amp;#0;&amp;#0;&amp;#0;&amp;#0;&amp;#0;&amp;#0;&amp;#0;&amp;#0;&amp;#0;&amp;#0;&amp;#0;&amp;#0;&amp;#0;&amp;#0;&amp;#0;&amp;#0;&amp;#0;&amp;#0;&amp;#0;&amp;#0;&amp;#0;&amp;#0;&amp;#0;&amp;#0;&amp;#0;&amp;#0;&amp;#0;&amp;#0;&amp;#0;&amp;#0;&amp;#0;&amp;#0;&amp;#0;&amp;#0;&amp;#0;&amp;#0;&amp;#0;&amp;#0;&amp;#0;&amp;#0;&amp;#0;&amp;#0;&amp;#0;&amp;#0;&amp;#0;&amp;#0;&amp;#0;&amp;#0;&amp;#0;&amp;#0;&amp;#0;&amp;#0;&amp;#0;&amp;#0;&amp;#0;&amp;#0;&amp;#0;&amp;#0;&amp;#0;&amp;#0;&amp;#0;&amp;#0;&amp;#0;&amp;#0;&amp;#0;&amp;#0;&amp;#0;&amp;#0;&amp;#0;&amp;#0;&amp;#0;&amp;#0;&amp;#0;&amp;#0;&amp;#0;&amp;#0;&amp;#0;&amp;#0;&amp;#0;&amp;#0;&amp;#0;&amp;#0;&amp;#0;&amp;#0;&amp;#0;&amp;#0;&amp;#0;&amp;#0;&amp;#0;&amp;#0;&amp;#0;&amp;#0;&amp;#0;&amp;#0;&amp;#0;&amp;#0;&amp;#0;&amp;#0;&amp;#0;&amp;#0;&amp;#0;&amp;#0;&amp;#0;&amp;#0;&amp;#0;&amp;#0;&amp;#0;&amp;#0;&amp;#0;&amp;#0;&amp;#0;&amp;#0;&amp;#0;&amp;#0;&amp;#0;&amp;#0;&amp;#0;&amp;#0;&amp;#0;&amp;#0;&amp;#0;&amp;#0;&amp;#0;&amp;#0;&amp;#0;&amp;#0;&amp;#0;&amp;#0;&amp;#0;&amp;#0;&amp;#0;&amp;#0;&amp;#0;&amp;#0;&amp;#0;&amp;#0;&amp;#0;&amp;#0;&amp;#0;&amp;#0;&amp;#0;&amp;#0;&amp;#0;&amp;#0;&amp;#0;&amp;#0;&amp;#0;&amp;#0;&amp;#0;&amp;#0;&amp;#0;&amp;#0;&amp;#0;&amp;#0;&amp;#0;&amp;#0;&amp;#0;&amp;#0;&amp;#0;&amp;#0;&amp;#0;&amp;#0;&amp;#0;&amp;#0;&amp;#0;&amp;#0;&amp;#0;&amp;#0;&amp;#0;&amp;#0;&amp;#0;&amp;#0;&amp;#0;&amp;#0;&amp;#0;&amp;#0;&amp;#0;&amp;#0;&amp;#0;&amp;#0;&amp;#0;&amp;#0;&amp;#0;&amp;#0;&amp;#0;&amp;#0;&amp;#0;&amp;#0;&amp;#0;&amp;#0;&amp;#0;&amp;#0;&amp;#0;&amp;#0;&amp;#0;&amp;#0;&amp;#0;&amp;#0;&amp;#0;&amp;#0;&amp;#0;&amp;#0;&amp;#0;&amp;#0;&amp;#0;&amp;#0;&amp;#0;&amp;#0;&amp;#0;&amp;#0;&amp;#0;&amp;#0;&amp;#0;&amp;#0;&amp;#0;&amp;#0;&amp;#0;&amp;#0;&amp;#0;&amp;#0;&amp;#0;&amp;#0;&amp;#0;&amp;#0;&amp;#0;&amp;#0;&amp;#0;&amp;#0;&amp;#0;&amp;#0;&amp;#0;&amp;#0;&amp;#0;&amp;#0;&amp;#0;&amp;#0;&amp;#0;&amp;#0;&amp;#0;&amp;#0;&amp;#0;&amp;#0;&amp;#0;&amp;#0;&amp;#0;&amp;#0;&amp;#0;&amp;#0;&amp;#0;&amp;#0;&amp;#0;&amp;#0;&amp;#0;&amp;#0;&amp;#0;&amp;#0;&amp;#0;
12:46:30.109 [main] ERROR - Je passe ici ------------------------------------------------------
12:46:30.111 [main] DEBUG - clauseWhen1
12:46:30.111 [main] ERROR - Exception occured during compilation!
java.lang.RuntimeException: null
	at be.unamur.info.b314.compiler.Visitor.PCodeVisitor.visitClauseWhen(PCodeVisitor.java:153) ~[classes/:?]
	at be.unamur.info.b314.compiler.B314Parser$ClauseWhenContext.accept(B314Parser.java:4520) ~[classes/:?]
	at org.antlr.v4.runtime.tree.AbstractParseTreeVisitor.visitChildren(AbstractParseTreeVisitor.java:46) ~[antlr4-runtime-4.6.jar:4.6]
	at be.unamur.info.b314.compiler.B314BaseVisitor.visitProgramme(B314BaseVisitor.java:510) ~[classes/:?]
	at be.unamur.info.b314.compiler.Visitor.PCodeVisitor.visitProgramme(PCodeVisitor.java:94) ~[classes/:?]
	at be.unamur.info.b314.compiler.B314Parser$ProgrammeContext.accept(B314Parser.java:4028) ~[classes/:?]
	at be.unamur.info.b314.compiler.main.Main.printPCode(Main.java:236) ~[classes/:?]
	at be.unamur.info.b314.compiler.main.Main.compile(Main.java:199) ~[classes/:?]
	at be.unamur.info.b314.compiler.main.Main.main(Main.java:79) [classes/:?]
	at be.unamur.info.b314.compiler.main.CompilerTestHelper.launchCompilation(CompilerTestHelper.java:35) [test-classes/:?]
	at be.unamur.info.b314.compiler.main.B314localvariabledeclSyntaxTest.testlocalvariabledecl_fct_local_var_diff_names_than_global_vars_ok(B314localvariabledeclSyntaxTest.java:51) [test-classes/:?]
	at sun.reflect.NativeMethodAccessorImpl.invoke0(Native Method) ~[?:1.8.0_60]
	at sun.reflect.NativeMethodAccessorImpl.invoke(NativeMethodAccessorImpl.java:62) ~[?:1.8.0_60]
	at sun.reflect.DelegatingMethodAccessorImpl.invoke(DelegatingMethodAccessorImpl.java:43) ~[?:1.8.0_60]
	at java.lang.reflect.Method.invoke(Method.java:497) ~[?:1.8.0_60]
	at org.junit.runners.model.FrameworkMethod$1.runReflectiveCall(FrameworkMethod.java:50) [junit-4.12.jar:4.12]
	at org.junit.internal.runners.model.ReflectiveCallable.run(ReflectiveCallable.java:12) [junit-4.12.jar:4.12]
	at org.junit.runners.model.FrameworkMethod.invokeExplosively(FrameworkMethod.java:47) [junit-4.12.jar:4.12]
	at org.junit.internal.runners.statements.InvokeMethod.evaluate(InvokeMethod.java:17) [junit-4.12.jar:4.12]
	at org.junit.rules.ExternalResource$1.evaluate(ExternalResource.java:48) [junit-4.12.jar:4.12]
	at org.junit.rules.TestWatcher$1.evaluate(TestWatcher.java:55) [junit-4.12.jar:4.12]
	at org.junit.rules.RunRules.evaluate(RunRules.java:20) [junit-4.12.jar:4.12]
	at org.junit.runners.ParentRunner.runLeaf(ParentRunner.java:325) [junit-4.12.jar:4.12]
	at org.junit.runners.BlockJUnit4ClassRunner.runChild(BlockJUnit4ClassRunner.java:78) [junit-4.12.jar:4.12]
	at org.junit.runners.BlockJUnit4ClassRunner.runChild(BlockJUnit4ClassRunner.java:57) [junit-4.12.jar:4.12]
	at org.junit.runners.ParentRunner$3.run(ParentRunner.java:290) [junit-4.12.jar:4.12]
	at org.junit.runners.ParentRunner$1.schedule(ParentRunner.java:71) [junit-4.12.jar:4.12]
	at org.junit.runners.ParentRunner.runChildren(ParentRunner.java:288) [junit-4.12.jar:4.12]
	at org.junit.runners.ParentRunner.access$000(ParentRunner.java:58) [junit-4.12.jar:4.12]
	at org.junit.runners.ParentRunner$2.evaluate(ParentRunner.java:268) [junit-4.12.jar:4.12]
	at org.junit.runners.ParentRunner.run(ParentRunner.java:363) [junit-4.12.jar:4.12]
	at org.apache.maven.surefire.junit4.JUnit4Provider.execute(JUnit4Provider.java:252) [surefire-junit4-2.12.4.jar:2.12.4]
	at org.apache.maven.surefire.junit4.JUnit4Provider.executeTestSet(JUnit4Provider.java:141) [surefire-junit4-2.12.4.jar:2.12.4]
	at org.apache.maven.surefire.junit4.JUnit4Provider.invoke(JUnit4Provider.java:112) [surefire-junit4-2.12.4.jar:2.12.4]
	at sun.reflect.NativeMethodAccessorImpl.invoke0(Native Method) ~[?:1.8.0_60]
	at sun.reflect.NativeMethodAccessorImpl.invoke(NativeMethodAccessorImpl.java:62) ~[?:1.8.0_60]
	at sun.reflect.DelegatingMethodAccessorImpl.invoke(DelegatingMethodAccessorImpl.java:43) ~[?:1.8.0_60]
	at java.lang.reflect.Method.invoke(Method.java:497) ~[?:1.8.0_60]
	at org.apache.maven.surefire.util.ReflectionUtils.invokeMethodWithArray(ReflectionUtils.java:189) [surefire-api-2.12.4.jar:2.12.4]
	at org.apache.maven.surefire.booter.ProviderFactory$ProviderProxy.invoke(ProviderFactory.java:165) [surefire-booter-2.12.4.jar:2.12.4]
	at org.apache.maven.surefire.booter.ProviderFactory.invokeProvider(ProviderFactory.java:85) [surefire-booter-2.12.4.jar:2.12.4]
	at org.apache.maven.surefire.booter.ForkedBooter.runSuitesInProcess(ForkedBooter.java:115) [surefire-booter-2.12.4.jar:2.12.4]
	at org.apache.maven.surefire.booter.ForkedBooter.main(ForkedBooter.java:75) [surefire-booter-2.12.4.jar:2.12.4]
</system-out>
  </testcase>
  <testcase classname="be.unamur.info.b314.compiler.main.B314localvariabledeclSyntaxTest" name="testlocalvariabledecl_when_local_var_same_names_and_different_types_than_global_vars_condition_on_global_vars_in_when_ok" time="0.237">
    <failure message="localvariabledecl: when_local_var_same_names_and_different_types_than_global_vars_condition_on_global_vars_in_when
Expected: a string ending with &quot;OK\r\n&quot;
     but: was &quot;KO
&quot;" type="java.lang.AssertionError">java.lang.AssertionError: localvariabledecl: when_local_var_same_names_and_different_types_than_global_vars_condition_on_global_vars_in_when
Expected: a string ending with &quot;OK\r\n&quot;
     but: was &quot;KO
&quot;
	at org.hamcrest.MatcherAssert.assertThat(MatcherAssert.java:20)
	at org.junit.Assert.assertThat(Assert.java:956)
	at be.unamur.info.b314.compiler.main.CompilerTestHelper.launchCompilation(CompilerTestHelper.java:42)
	at be.unamur.info.b314.compiler.main.B314localvariabledeclSyntaxTest.testlocalvariabledecl_when_local_var_same_names_and_different_types_than_global_vars_condition_on_global_vars_in_when_ok(B314localvariabledeclSyntaxTest.java:34)
	at sun.reflect.NativeMethodAccessorImpl.invoke0(Native Method)
	at sun.reflect.NativeMethodAccessorImpl.invoke(NativeMethodAccessorImpl.java:62)
	at sun.reflect.DelegatingMethodAccessorImpl.invoke(DelegatingMethodAccessorImpl.java:43)
	at java.lang.reflect.Method.invoke(Method.java:497)
	at org.junit.runners.model.FrameworkMethod$1.runReflectiveCall(FrameworkMethod.java:50)
	at org.junit.internal.runners.model.ReflectiveCallable.run(ReflectiveCallable.java:12)
	at org.junit.runners.model.FrameworkMethod.invokeExplosively(FrameworkMethod.java:47)
	at org.junit.internal.runners.statements.InvokeMethod.evaluate(InvokeMethod.java:17)
	at org.junit.rules.ExternalResource$1.evaluate(ExternalResource.java:48)
	at org.junit.rules.TestWatcher$1.evaluate(TestWatcher.java:55)
	at org.junit.rules.RunRules.evaluate(RunRules.java:20)
	at org.junit.runners.ParentRunner.runLeaf(ParentRunner.java:325)
	at org.junit.runners.BlockJUnit4ClassRunner.runChild(BlockJUnit4ClassRunner.java:78)
	at org.junit.runners.BlockJUnit4ClassRunner.runChild(BlockJUnit4ClassRunner.java:57)
	at org.junit.runners.ParentRunner$3.run(ParentRunner.java:290)
	at org.junit.runners.ParentRunner$1.schedule(ParentRunner.java:71)
	at org.junit.runners.ParentRunner.runChildren(ParentRunner.java:288)
	at org.junit.runners.ParentRunner.access$000(ParentRunner.java:58)
	at org.junit.runners.ParentRunner$2.evaluate(ParentRunner.java:268)
	at org.junit.runners.ParentRunner.run(ParentRunner.java:363)
	at org.apache.maven.surefire.junit4.JUnit4Provider.execute(JUnit4Provider.java:252)
	at org.apache.maven.surefire.junit4.JUnit4Provider.executeTestSet(JUnit4Provider.java:141)
	at org.apache.maven.surefire.junit4.JUnit4Provider.invoke(JUnit4Provider.java:112)
	at sun.reflect.NativeMethodAccessorImpl.invoke0(Native Method)
	at sun.reflect.NativeMethodAccessorImpl.invoke(NativeMethodAccessorImpl.java:62)
	at sun.reflect.DelegatingMethodAccessorImpl.invoke(DelegatingMethodAccessorImpl.java:43)
	at java.lang.reflect.Method.invoke(Method.java:497)
	at org.apache.maven.surefire.util.ReflectionUtils.invokeMethodWithArray(ReflectionUtils.java:189)
	at org.apache.maven.surefire.booter.ProviderFactory$ProviderProxy.invoke(ProviderFactory.java:165)
	at org.apache.maven.surefire.booter.ProviderFactory.invokeProvider(ProviderFactory.java:85)
	at org.apache.maven.surefire.booter.ForkedBooter.runSuitesInProcess(ForkedBooter.java:115)
	at org.apache.maven.surefire.booter.ForkedBooter.main(ForkedBooter.java:75)
</failure>
    <system-out>12:46:30.116 [main] INFO  - Starting test: testlocalvariabledecl_when_local_var_same_names_and_different_types_than_global_vars_condition_on_global_vars_in_when_ok()...
org.apache.commons.cli.CommandLine@2e27d72f
12:46:30.121 [main] DEBUG - Initialisation
12:46:30.121 [main] DEBUG - Input file set to C:\Users\Nathalie Masudi\b314-Jour-MonkeyIsland\target\test-classes\syntax\localvariabledecl\ok\when_local_var_same_names_and_different_types_than_global_vars_condition_on_global_vars_in_when.b314
12:46:30.121 [main] DEBUG - Output file set to C:\Users\NATHAL~1\AppData\Local\Temp\junit8189656437315972695\junit209877707628282621.tmp
12:46:30.121 [main] DEBUG - Initialisation: done
jessica1
12:46:30.135 [main] DEBUG - Parsing input
/* My comments */ 
declare and retain 
	b1 as boolean;
	b2 as boolean;
    i1 as integer; 
    i2 as integer;
    i3 as integer;
    s1 as square;
    s2 as square;
    v1 as boolean[5, 7];
    v2 as integer[42];

    fct1 as function():square
    	do
    		skip
    	done 

    fct2 as function(x as integer, y as boolean):integer
    	do
    		skip
    	done 

    fct3 as function():boolean
    	do
    		skip
    	done 

    fct4 as function():square
    	do
    		skip
    	done 

    fct5 as function(x as integer, y as boolean, z as square):integer
    	do
    		skip
    	done 
    	
when your turn 

	when true and b1 or v1[0, i1 + 2 * 5] do
		if b1 and i1 = 2 then
			while i1 &lt; i3 do
				set i2 to i1 + 1
			done
		else
			if s1 = ammo then
				next do nothing
			done
		done
	done 

	when v1[0, i2 + 2] 
	declare local
		loc1 as integer;
		loc2 as boolean;
		loc3 as square;
		loc4 as integer[5];
		v1 as integer[42];
	do
		set v1[0] to 42
	done

	when not graal is north and i2 &gt; 5 and v2[4] &lt; 42 or s1 = dirt 
	declare local
		loc1 as integer;
		loc2 as boolean;
		loc3 as square;
		loc4 as integer[5];
	do
    	compute fct1()
    	set s1 to fct1()
    	if fct5(i1 + 2, s2 = ammo, ennemi) &gt; 2 then
    		skip
    	done
    	while fct3() do
    		skip
    	done
    	next move west
	done
	
	when true and false and not b1 and s1 = dirt
	declare local
		loc1 as integer;
		loc2 as boolean;
		loc3 as square;
		loc4 as integer[5];
		b1 as integer;
		s1 as boolean;
    do
	    compute loc1 + 2 - loc4[0 + 1 - i1] = 5 and not loc2 or loc3 = dirt
    done
    
    by default 
	declare local
		loc1 as integer;
		loc2 as boolean;
		loc3 as square;
		loc4 as integer[5];
		b1 as integer;
		s1 as boolean;
	do 
		compute s1 and b1 = 42 or loc2 
	done&amp;#0;&amp;#0;&amp;#0;&amp;#0;&amp;#0;&amp;#0;&amp;#0;&amp;#0;&amp;#0;&amp;#0;&amp;#0;&amp;#0;&amp;#0;&amp;#0;&amp;#0;&amp;#0;&amp;#0;&amp;#0;&amp;#0;&amp;#0;&amp;#0;&amp;#0;&amp;#0;&amp;#0;&amp;#0;&amp;#0;&amp;#0;&amp;#0;&amp;#0;&amp;#0;&amp;#0;&amp;#0;&amp;#0;&amp;#0;&amp;#0;&amp;#0;&amp;#0;&amp;#0;&amp;#0;&amp;#0;&amp;#0;&amp;#0;&amp;#0;&amp;#0;&amp;#0;&amp;#0;&amp;#0;&amp;#0;&amp;#0;&amp;#0;&amp;#0;&amp;#0;&amp;#0;&amp;#0;&amp;#0;&amp;#0;&amp;#0;&amp;#0;&amp;#0;&amp;#0;&amp;#0;&amp;#0;&amp;#0;&amp;#0;&amp;#0;&amp;#0;&amp;#0;&amp;#0;&amp;#0;&amp;#0;&amp;#0;&amp;#0;&amp;#0;&amp;#0;&amp;#0;&amp;#0;&amp;#0;&amp;#0;&amp;#0;&amp;#0;&amp;#0;&amp;#0;&amp;#0;&amp;#0;&amp;#0;&amp;#0;&amp;#0;&amp;#0;&amp;#0;&amp;#0;&amp;#0;&amp;#0;&amp;#0;&amp;#0;&amp;#0;&amp;#0;&amp;#0;&amp;#0;&amp;#0;&amp;#0;&amp;#0;&amp;#0;&amp;#0;&amp;#0;&amp;#0;&amp;#0;&amp;#0;&amp;#0;&amp;#0;&amp;#0;&amp;#0;&amp;#0;&amp;#0;&amp;#0;&amp;#0;&amp;#0;&amp;#0;&amp;#0;&amp;#0;&amp;#0;&amp;#0;&amp;#0;&amp;#0;&amp;#0;&amp;#0;&amp;#0;&amp;#0;&amp;#0;&amp;#0;&amp;#0;&amp;#0;&amp;#0;&amp;#0;&amp;#0;&amp;#0;&amp;#0;&amp;#0;&amp;#0;&amp;#0;&amp;#0;&amp;#0;&amp;#0;&amp;#0;&amp;#0;&amp;#0;&amp;#0;&amp;#0;&amp;#0;&amp;#0;&amp;#0;&amp;#0;&amp;#0;&amp;#0;&amp;#0;&amp;#0;&amp;#0;&amp;#0;&amp;#0;&amp;#0;&amp;#0;&amp;#0;&amp;#0;&amp;#0;&amp;#0;&amp;#0;&amp;#0;&amp;#0;&amp;#0;&amp;#0;&amp;#0;&amp;#0;&amp;#0;&amp;#0;&amp;#0;&amp;#0;&amp;#0;&amp;#0;&amp;#0;&amp;#0;&amp;#0;&amp;#0;&amp;#0;&amp;#0;&amp;#0;&amp;#0;&amp;#0;&amp;#0;&amp;#0;&amp;#0;&amp;#0;&amp;#0;&amp;#0;&amp;#0;&amp;#0;&amp;#0;&amp;#0;&amp;#0;&amp;#0;&amp;#0;&amp;#0;&amp;#0;&amp;#0;&amp;#0;&amp;#0;&amp;#0;&amp;#0;&amp;#0;&amp;#0;&amp;#0;&amp;#0;&amp;#0;&amp;#0;&amp;#0;&amp;#0;&amp;#0;&amp;#0;&amp;#0;&amp;#0;&amp;#0;&amp;#0;&amp;#0;&amp;#0;&amp;#0;&amp;#0;&amp;#0;&amp;#0;&amp;#0;&amp;#0;&amp;#0;&amp;#0;&amp;#0;&amp;#0;&amp;#0;&amp;#0;&amp;#0;&amp;#0;&amp;#0;&amp;#0;&amp;#0;&amp;#0;&amp;#0;&amp;#0;&amp;#0;&amp;#0;&amp;#0;&amp;#0;&amp;#0;&amp;#0;&amp;#0;&amp;#0;&amp;#0;&amp;#0;&amp;#0;&amp;#0;&amp;#0;&amp;#0;&amp;#0;&amp;#0;&amp;#0;&amp;#0;&amp;#0;&amp;#0;&amp;#0;&amp;#0;&amp;#0;&amp;#0;&amp;#0;&amp;#0;&amp;#0;&amp;#0;&amp;#0;&amp;#0;&amp;#0;&amp;#0;&amp;#0;&amp;#0;&amp;#0;&amp;#0;&amp;#0;&amp;#0;&amp;#0;&amp;#0;&amp;#0;&amp;#0;&amp;#0;&amp;#0;&amp;#0;&amp;#0;&amp;#0;&amp;#0;&amp;#0;&amp;#0;&amp;#0;&amp;#0;&amp;#0;&amp;#0;&amp;#0;&amp;#0;&amp;#0;&amp;#0;&amp;#0;&amp;#0;&amp;#0;&amp;#0;&amp;#0;&amp;#0;&amp;#0;&amp;#0;&amp;#0;&amp;#0;&amp;#0;&amp;#0;&amp;#0;&amp;#0;&amp;#0;&amp;#0;&amp;#0;&amp;#0;&amp;#0;&amp;#0;&amp;#0;&amp;#0;&amp;#0;&amp;#0;&amp;#0;&amp;#0;&amp;#0;&amp;#0;&amp;#0;&amp;#0;&amp;#0;&amp;#0;&amp;#0;&amp;#0;&amp;#0;&amp;#0;&amp;#0;&amp;#0;&amp;#0;&amp;#0;&amp;#0;&amp;#0;&amp;#0;&amp;#0;&amp;#0;&amp;#0;&amp;#0;&amp;#0;&amp;#0;&amp;#0;&amp;#0;&amp;#0;&amp;#0;&amp;#0;&amp;#0;&amp;#0;&amp;#0;&amp;#0;&amp;#0;&amp;#0;&amp;#0;&amp;#0;&amp;#0;&amp;#0;&amp;#0;&amp;#0;&amp;#0;&amp;#0;&amp;#0;&amp;#0;&amp;#0;&amp;#0;&amp;#0;&amp;#0;&amp;#0;&amp;#0;&amp;#0;&amp;#0;&amp;#0;&amp;#0;&amp;#0;&amp;#0;&amp;#0;&amp;#0;&amp;#0;&amp;#0;&amp;#0;&amp;#0;&amp;#0;&amp;#0;&amp;#0;&amp;#0;&amp;#0;&amp;#0;&amp;#0;&amp;#0;&amp;#0;&amp;#0;&amp;#0;&amp;#0;&amp;#0;&amp;#0;&amp;#0;&amp;#0;&amp;#0;&amp;#0;&amp;#0;&amp;#0;&amp;#0;&amp;#0;&amp;#0;&amp;#0;&amp;#0;&amp;#0;&amp;#0;&amp;#0;&amp;#0;&amp;#0;&amp;#0;&amp;#0;&amp;#0;&amp;#0;&amp;#0;&amp;#0;&amp;#0;&amp;#0;&amp;#0;&amp;#0;&amp;#0;&amp;#0;&amp;#0;&amp;#0;&amp;#0;&amp;#0;&amp;#0;&amp;#0;&amp;#0;&amp;#0;&amp;#0;&amp;#0;&amp;#0;&amp;#0;&amp;#0;&amp;#0;&amp;#0;&amp;#0;&amp;#0;&amp;#0;&amp;#0;&amp;#0;&amp;#0;&amp;#0;&amp;#0;&amp;#0;&amp;#0;&amp;#0;&amp;#0;&amp;#0;&amp;#0;&amp;#0;&amp;#0;&amp;#0;&amp;#0;&amp;#0;&amp;#0;&amp;#0;&amp;#0;&amp;#0;&amp;#0;&amp;#0;&amp;#0;&amp;#0;&amp;#0;&amp;#0;&amp;#0;&amp;#0;&amp;#0;&amp;#0;&amp;#0;&amp;#0;&amp;#0;&amp;#0;&amp;#0;&amp;#0;&amp;#0;&amp;#0;&amp;#0;&amp;#0;&amp;#0;&amp;#0;&amp;#0;&amp;#0;&amp;#0;&amp;#0;&amp;#0;&amp;#0;&amp;#0;&amp;#0;&amp;#0;&amp;#0;&amp;#0;&amp;#0;&amp;#0;&amp;#0;&amp;#0;&amp;#0;&amp;#0;&amp;#0;&amp;#0;&amp;#0;&amp;#0;&amp;#0;&amp;#0;&amp;#0;&amp;#0;&amp;#0;&amp;#0;&amp;#0;&amp;#0;&amp;#0;&amp;#0;&amp;#0;&amp;#0;&amp;#0;&amp;#0;&amp;#0;&amp;#0;&amp;#0;&amp;#0;&amp;#0;&amp;#0;&amp;#0;&amp;#0;&amp;#0;&amp;#0;&amp;#0;&amp;#0;&amp;#0;&amp;#0;&amp;#0;&amp;#0;&amp;#0;&amp;#0;&amp;#0;&amp;#0;&amp;#0;&amp;#0;&amp;#0;&amp;#0;&amp;#0;&amp;#0;&amp;#0;&amp;#0;&amp;#0;&amp;#0;&amp;#0;&amp;#0;&amp;#0;&amp;#0;&amp;#0;&amp;#0;&amp;#0;&amp;#0;&amp;#0;&amp;#0;&amp;#0;&amp;#0;&amp;#0;&amp;#0;&amp;#0;&amp;#0;&amp;#0;&amp;#0;&amp;#0;&amp;#0;&amp;#0;&amp;#0;&amp;#0;&amp;#0;&amp;#0;&amp;#0;&amp;#0;&amp;#0;&amp;#0;&amp;#0;&amp;#0;&amp;#0;&amp;#0;&amp;#0;&amp;#0;&amp;#0;&amp;#0;&amp;#0;&amp;#0;&amp;#0;&amp;#0;&amp;#0;&amp;#0;&amp;#0;&amp;#0;&amp;#0;&amp;#0;&amp;#0;&amp;#0;&amp;#0;&amp;#0;&amp;#0;&amp;#0;&amp;#0;&amp;#0;&amp;#0;&amp;#0;&amp;#0;&amp;#0;&amp;#0;&amp;#0;&amp;#0;&amp;#0;&amp;#0;&amp;#0;&amp;#0;&amp;#0;&amp;#0;&amp;#0;&amp;#0;&amp;#0;&amp;#0;&amp;#0;&amp;#0;&amp;#0;&amp;#0;&amp;#0;&amp;#0;&amp;#0;&amp;#0;&amp;#0;&amp;#0;&amp;#0;&amp;#0;&amp;#0;&amp;#0;&amp;#0;&amp;#0;&amp;#0;&amp;#0;&amp;#0;&amp;#0;&amp;#0;&amp;#0;&amp;#0;&amp;#0;&amp;#0;&amp;#0;&amp;#0;&amp;#0;&amp;#0;&amp;#0;&amp;#0;&amp;#0;&amp;#0;&amp;#0;&amp;#0;&amp;#0;&amp;#0;&amp;#0;&amp;#0;&amp;#0;&amp;#0;&amp;#0;&amp;#0;&amp;#0;&amp;#0;&amp;#0;&amp;#0;&amp;#0;&amp;#0;&amp;#0;&amp;#0;&amp;#0;&amp;#0;&amp;#0;&amp;#0;&amp;#0;&amp;#0;&amp;#0;&amp;#0;&amp;#0;&amp;#0;&amp;#0;&amp;#0;&amp;#0;&amp;#0;&amp;#0;&amp;#0;&amp;#0;&amp;#0;&amp;#0;&amp;#0;&amp;#0;&amp;#0;&amp;#0;&amp;#0;&amp;#0;&amp;#0;&amp;#0;&amp;#0;&amp;#0;&amp;#0;&amp;#0;&amp;#0;&amp;#0;&amp;#0;&amp;#0;&amp;#0;&amp;#0;&amp;#0;&amp;#0;&amp;#0;&amp;#0;&amp;#0;&amp;#0;&amp;#0;&amp;#0;&amp;#0;&amp;#0;&amp;#0;&amp;#0;&amp;#0;&amp;#0;&amp;#0;&amp;#0;&amp;#0;&amp;#0;&amp;#0;&amp;#0;&amp;#0;&amp;#0;&amp;#0;&amp;#0;&amp;#0;&amp;#0;&amp;#0;&amp;#0;&amp;#0;&amp;#0;&amp;#0;&amp;#0;&amp;#0;&amp;#0;&amp;#0;&amp;#0;&amp;#0;&amp;#0;&amp;#0;&amp;#0;&amp;#0;&amp;#0;&amp;#0;&amp;#0;&amp;#0;&amp;#0;&amp;#0;&amp;#0;&amp;#0;&amp;#0;&amp;#0;&amp;#0;&amp;#0;&amp;#0;&amp;#0;&amp;#0;&amp;#0;&amp;#0;&amp;#0;&amp;#0;&amp;#0;&amp;#0;&amp;#0;&amp;#0;&amp;#0;&amp;#0;&amp;#0;&amp;#0;&amp;#0;&amp;#0;&amp;#0;&amp;#0;&amp;#0;&amp;#0;&amp;#0;&amp;#0;&amp;#0;&amp;#0;&amp;#0;&amp;#0;&amp;#0;&amp;#0;&amp;#0;&amp;#0;&amp;#0;&amp;#0;&amp;#0;&amp;#0;&amp;#0;&amp;#0;&amp;#0;&amp;#0;&amp;#0;&amp;#0;&amp;#0;&amp;#0;&amp;#0;&amp;#0;&amp;#0;&amp;#0;&amp;#0;&amp;#0;&amp;#0;&amp;#0;&amp;#0;&amp;#0;&amp;#0;&amp;#0;&amp;#0;&amp;#0;&amp;#0;&amp;#0;&amp;#0;&amp;#0;&amp;#0;&amp;#0;&amp;#0;&amp;#0;&amp;#0;&amp;#0;&amp;#0;&amp;#0;&amp;#0;&amp;#0;&amp;#0;&amp;#0;&amp;#0;&amp;#0;&amp;#0;&amp;#0;&amp;#0;&amp;#0;&amp;#0;&amp;#0;&amp;#0;&amp;#0;&amp;#0;&amp;#0;&amp;#0;&amp;#0;&amp;#0;&amp;#0;&amp;#0;&amp;#0;&amp;#0;&amp;#0;&amp;#0;&amp;#0;&amp;#0;&amp;#0;&amp;#0;&amp;#0;&amp;#0;&amp;#0;&amp;#0;&amp;#0;&amp;#0;&amp;#0;&amp;#0;&amp;#0;&amp;#0;&amp;#0;&amp;#0;&amp;#0;&amp;#0;&amp;#0;&amp;#0;&amp;#0;&amp;#0;&amp;#0;&amp;#0;&amp;#0;&amp;#0;&amp;#0;&amp;#0;&amp;#0;&amp;#0;&amp;#0;&amp;#0;&amp;#0;&amp;#0;&amp;#0;&amp;#0;&amp;#0;&amp;#0;&amp;#0;&amp;#0;&amp;#0;&amp;#0;&amp;#0;&amp;#0;&amp;#0;&amp;#0;&amp;#0;&amp;#0;&amp;#0;&amp;#0;&amp;#0;&amp;#0;&amp;#0;&amp;#0;&amp;#0;&amp;#0;&amp;#0;&amp;#0;&amp;#0;&amp;#0;&amp;#0;&amp;#0;&amp;#0;&amp;#0;&amp;#0;&amp;#0;&amp;#0;&amp;#0;&amp;#0;&amp;#0;&amp;#0;&amp;#0;&amp;#0;&amp;#0;&amp;#0;&amp;#0;&amp;#0;&amp;#0;&amp;#0;&amp;#0;&amp;#0;&amp;#0;&amp;#0;&amp;#0;&amp;#0;&amp;#0;&amp;#0;&amp;#0;&amp;#0;&amp;#0;&amp;#0;&amp;#0;&amp;#0;&amp;#0;&amp;#0;&amp;#0;&amp;#0;&amp;#0;&amp;#0;&amp;#0;&amp;#0;&amp;#0;&amp;#0;&amp;#0;&amp;#0;&amp;#0;&amp;#0;&amp;#0;&amp;#0;&amp;#0;&amp;#0;&amp;#0;&amp;#0;&amp;#0;&amp;#0;&amp;#0;&amp;#0;&amp;#0;&amp;#0;&amp;#0;&amp;#0;&amp;#0;&amp;#0;&amp;#0;&amp;#0;&amp;#0;&amp;#0;&amp;#0;&amp;#0;&amp;#0;&amp;#0;&amp;#0;&amp;#0;&amp;#0;&amp;#0;&amp;#0;&amp;#0;&amp;#0;&amp;#0;&amp;#0;&amp;#0;&amp;#0;&amp;#0;&amp;#0;&amp;#0;&amp;#0;&amp;#0;&amp;#0;&amp;#0;&amp;#0;&amp;#0;&amp;#0;&amp;#0;&amp;#0;&amp;#0;&amp;#0;&amp;#0;&amp;#0;&amp;#0;&amp;#0;&amp;#0;&amp;#0;&amp;#0;&amp;#0;&amp;#0;&amp;#0;&amp;#0;&amp;#0;&amp;#0;&amp;#0;&amp;#0;&amp;#0;&amp;#0;&amp;#0;&amp;#0;&amp;#0;&amp;#0;&amp;#0;&amp;#0;&amp;#0;&amp;#0;&amp;#0;&amp;#0;&amp;#0;&amp;#0;&amp;#0;&amp;#0;&amp;#0;&amp;#0;&amp;#0;&amp;#0;&amp;#0;&amp;#0;&amp;#0;&amp;#0;&amp;#0;&amp;#0;&amp;#0;&amp;#0;&amp;#0;&amp;#0;&amp;#0;&amp;#0;&amp;#0;&amp;#0;&amp;#0;&amp;#0;&amp;#0;&amp;#0;&amp;#0;&amp;#0;&amp;#0;&amp;#0;&amp;#0;&amp;#0;&amp;#0;&amp;#0;&amp;#0;&amp;#0;&amp;#0;&amp;#0;&amp;#0;&amp;#0;&amp;#0;&amp;#0;&amp;#0;&amp;#0;&amp;#0;&amp;#0;&amp;#0;&amp;#0;&amp;#0;&amp;#0;&amp;#0;&amp;#0;&amp;#0;&amp;#0;&amp;#0;&amp;#0;&amp;#0;&amp;#0;&amp;#0;&amp;#0;&amp;#0;&amp;#0;&amp;#0;&amp;#0;&amp;#0;&amp;#0;&amp;#0;&amp;#0;&amp;#0;&amp;#0;&amp;#0;&amp;#0;&amp;#0;&amp;#0;&amp;#0;&amp;#0;&amp;#0;&amp;#0;&amp;#0;&amp;#0;&amp;#0;&amp;#0;&amp;#0;&amp;#0;&amp;#0;&amp;#0;&amp;#0;&amp;#0;&amp;#0;&amp;#0;&amp;#0;&amp;#0;&amp;#0;&amp;#0;&amp;#0;&amp;#0;&amp;#0;&amp;#0;&amp;#0;&amp;#0;&amp;#0;&amp;#0;&amp;#0;&amp;#0;&amp;#0;&amp;#0;&amp;#0;&amp;#0;&amp;#0;&amp;#0;&amp;#0;&amp;#0;&amp;#0;&amp;#0;&amp;#0;&amp;#0;&amp;#0;&amp;#0;&amp;#0;&amp;#0;&amp;#0;&amp;#0;&amp;#0;&amp;#0;&amp;#0;&amp;#0;&amp;#0;&amp;#0;&amp;#0;&amp;#0;&amp;#0;&amp;#0;&amp;#0;&amp;#0;&amp;#0;&amp;#0;&amp;#0;&amp;#0;&amp;#0;&amp;#0;&amp;#0;&amp;#0;&amp;#0;&amp;#0;&amp;#0;&amp;#0;&amp;#0;&amp;#0;&amp;#0;&amp;#0;&amp;#0;&amp;#0;&amp;#0;&amp;#0;&amp;#0;&amp;#0;&amp;#0;&amp;#0;&amp;#0;&amp;#0;&amp;#0;&amp;#0;&amp;#0;&amp;#0;&amp;#0;&amp;#0;&amp;#0;&amp;#0;&amp;#0;&amp;#0;&amp;#0;&amp;#0;&amp;#0;&amp;#0;&amp;#0;&amp;#0;&amp;#0;&amp;#0;&amp;#0;&amp;#0;&amp;#0;&amp;#0;&amp;#0;&amp;#0;&amp;#0;&amp;#0;&amp;#0;&amp;#0;&amp;#0;&amp;#0;&amp;#0;&amp;#0;&amp;#0;&amp;#0;&amp;#0;&amp;#0;&amp;#0;&amp;#0;&amp;#0;&amp;#0;&amp;#0;&amp;#0;&amp;#0;&amp;#0;&amp;#0;&amp;#0;&amp;#0;&amp;#0;&amp;#0;&amp;#0;&amp;#0;&amp;#0;&amp;#0;&amp;#0;&amp;#0;&amp;#0;&amp;#0;&amp;#0;&amp;#0;&amp;#0;&amp;#0;&amp;#0;&amp;#0;&amp;#0;&amp;#0;&amp;#0;&amp;#0;&amp;#0;&amp;#0;&amp;#0;&amp;#0;&amp;#0;&amp;#0;&amp;#0;&amp;#0;&amp;#0;&amp;#0;&amp;#0;&amp;#0;&amp;#0;&amp;#0;&amp;#0;&amp;#0;&amp;#0;&amp;#0;&amp;#0;&amp;#0;&amp;#0;&amp;#0;&amp;#0;&amp;#0;&amp;#0;&amp;#0;&amp;#0;&amp;#0;&amp;#0;&amp;#0;&amp;#0;&amp;#0;&amp;#0;&amp;#0;&amp;#0;&amp;#0;&amp;#0;&amp;#0;&amp;#0;&amp;#0;&amp;#0;&amp;#0;&amp;#0;&amp;#0;&amp;#0;&amp;#0;&amp;#0;&amp;#0;&amp;#0;&amp;#0;&amp;#0;&amp;#0;&amp;#0;&amp;#0;&amp;#0;&amp;#0;&amp;#0;&amp;#0;&amp;#0;&amp;#0;&amp;#0;&amp;#0;&amp;#0;&amp;#0;&amp;#0;&amp;#0;&amp;#0;&amp;#0;&amp;#0;&amp;#0;&amp;#0;&amp;#0;&amp;#0;&amp;#0;&amp;#0;&amp;#0;&amp;#0;&amp;#0;&amp;#0;&amp;#0;&amp;#0;&amp;#0;&amp;#0;&amp;#0;&amp;#0;&amp;#0;&amp;#0;&amp;#0;&amp;#0;&amp;#0;&amp;#0;&amp;#0;&amp;#0;&amp;#0;&amp;#0;&amp;#0;&amp;#0;&amp;#0;&amp;#0;&amp;#0;&amp;#0;&amp;#0;&amp;#0;&amp;#0;&amp;#0;&amp;#0;&amp;#0;&amp;#0;&amp;#0;&amp;#0;&amp;#0;&amp;#0;&amp;#0;&amp;#0;&amp;#0;&amp;#0;&amp;#0;&amp;#0;&amp;#0;&amp;#0;&amp;#0;&amp;#0;&amp;#0;&amp;#0;&amp;#0;&amp;#0;&amp;#0;&amp;#0;&amp;#0;&amp;#0;&amp;#0;&amp;#0;&amp;#0;&amp;#0;&amp;#0;&amp;#0;&amp;#0;&amp;#0;&amp;#0;&amp;#0;&amp;#0;&amp;#0;&amp;#0;&amp;#0;&amp;#0;&amp;#0;&amp;#0;&amp;#0;&amp;#0;&amp;#0;&amp;#0;&amp;#0;&amp;#0;&amp;#0;&amp;#0;&amp;#0;&amp;#0;&amp;#0;&amp;#0;&amp;#0;&amp;#0;&amp;#0;&amp;#0;&amp;#0;&amp;#0;&amp;#0;&amp;#0;&amp;#0;&amp;#0;&amp;#0;&amp;#0;&amp;#0;&amp;#0;&amp;#0;&amp;#0;&amp;#0;&amp;#0;&amp;#0;&amp;#0;&amp;#0;&amp;#0;&amp;#0;&amp;#0;&amp;#0;&amp;#0;&amp;#0;&amp;#0;&amp;#0;&amp;#0;&amp;#0;&amp;#0;&amp;#0;&amp;#0;&amp;#0;&amp;#0;&amp;#0;&amp;#0;&amp;#0;&amp;#0;&amp;#0;&amp;#0;&amp;#0;&amp;#0;&amp;#0;&amp;#0;&amp;#0;&amp;#0;&amp;#0;&amp;#0;&amp;#0;&amp;#0;&amp;#0;&amp;#0;&amp;#0;&amp;#0;&amp;#0;&amp;#0;&amp;#0;&amp;#0;&amp;#0;&amp;#0;&amp;#0;&amp;#0;&amp;#0;&amp;#0;&amp;#0;&amp;#0;&amp;#0;&amp;#0;&amp;#0;&amp;#0;&amp;#0;&amp;#0;&amp;#0;&amp;#0;&amp;#0;&amp;#0;&amp;#0;&amp;#0;&amp;#0;&amp;#0;&amp;#0;&amp;#0;&amp;#0;&amp;#0;&amp;#0;&amp;#0;&amp;#0;&amp;#0;&amp;#0;&amp;#0;&amp;#0;&amp;#0;&amp;#0;&amp;#0;&amp;#0;&amp;#0;&amp;#0;&amp;#0;&amp;#0;&amp;#0;&amp;#0;&amp;#0;&amp;#0;&amp;#0;&amp;#0;&amp;#0;&amp;#0;&amp;#0;&amp;#0;&amp;#0;&amp;#0;&amp;#0;&amp;#0;&amp;#0;&amp;#0;&amp;#0;&amp;#0;&amp;#0;&amp;#0;&amp;#0;&amp;#0;&amp;#0;&amp;#0;&amp;#0;&amp;#0;&amp;#0;&amp;#0;&amp;#0;&amp;#0;&amp;#0;&amp;#0;&amp;#0;&amp;#0;&amp;#0;&amp;#0;&amp;#0;&amp;#0;&amp;#0;&amp;#0;&amp;#0;&amp;#0;&amp;#0;&amp;#0;&amp;#0;&amp;#0;&amp;#0;&amp;#0;&amp;#0;&amp;#0;&amp;#0;&amp;#0;&amp;#0;&amp;#0;&amp;#0;&amp;#0;&amp;#0;&amp;#0;&amp;#0;&amp;#0;&amp;#0;&amp;#0;&amp;#0;&amp;#0;&amp;#0;&amp;#0;&amp;#0;&amp;#0;&amp;#0;&amp;#0;&amp;#0;&amp;#0;&amp;#0;&amp;#0;&amp;#0;&amp;#0;&amp;#0;&amp;#0;&amp;#0;&amp;#0;&amp;#0;&amp;#0;&amp;#0;&amp;#0;&amp;#0;&amp;#0;&amp;#0;&amp;#0;&amp;#0;&amp;#0;&amp;#0;&amp;#0;&amp;#0;&amp;#0;&amp;#0;&amp;#0;&amp;#0;&amp;#0;&amp;#0;&amp;#0;&amp;#0;&amp;#0;&amp;#0;&amp;#0;&amp;#0;&amp;#0;&amp;#0;&amp;#0;&amp;#0;&amp;#0;&amp;#0;&amp;#0;&amp;#0;&amp;#0;&amp;#0;&amp;#0;&amp;#0;&amp;#0;&amp;#0;&amp;#0;&amp;#0;&amp;#0;&amp;#0;&amp;#0;&amp;#0;&amp;#0;&amp;#0;&amp;#0;&amp;#0;&amp;#0;&amp;#0;&amp;#0;&amp;#0;&amp;#0;&amp;#0;&amp;#0;&amp;#0;&amp;#0;&amp;#0;&amp;#0;&amp;#0;&amp;#0;&amp;#0;&amp;#0;&amp;#0;&amp;#0;&amp;#0;&amp;#0;&amp;#0;&amp;#0;&amp;#0;&amp;#0;&amp;#0;&amp;#0;&amp;#0;&amp;#0;&amp;#0;&amp;#0;&amp;#0;&amp;#0;&amp;#0;&amp;#0;&amp;#0;&amp;#0;&amp;#0;&amp;#0;&amp;#0;&amp;#0;&amp;#0;&amp;#0;&amp;#0;&amp;#0;&amp;#0;&amp;#0;&amp;#0;&amp;#0;&amp;#0;&amp;#0;&amp;#0;&amp;#0;&amp;#0;&amp;#0;&amp;#0;&amp;#0;&amp;#0;&amp;#0;&amp;#0;&amp;#0;&amp;#0;&amp;#0;&amp;#0;&amp;#0;&amp;#0;&amp;#0;&amp;#0;&amp;#0;&amp;#0;&amp;#0;&amp;#0;&amp;#0;&amp;#0;&amp;#0;&amp;#0;&amp;#0;&amp;#0;&amp;#0;&amp;#0;&amp;#0;&amp;#0;&amp;#0;&amp;#0;&amp;#0;&amp;#0;&amp;#0;&amp;#0;&amp;#0;&amp;#0;&amp;#0;&amp;#0;&amp;#0;&amp;#0;&amp;#0;&amp;#0;&amp;#0;&amp;#0;&amp;#0;&amp;#0;&amp;#0;&amp;#0;&amp;#0;&amp;#0;&amp;#0;&amp;#0;&amp;#0;&amp;#0;&amp;#0;&amp;#0;&amp;#0;&amp;#0;&amp;#0;&amp;#0;&amp;#0;&amp;#0;&amp;#0;&amp;#0;&amp;#0;&amp;#0;&amp;#0;&amp;#0;&amp;#0;&amp;#0;&amp;#0;&amp;#0;&amp;#0;&amp;#0;&amp;#0;&amp;#0;&amp;#0;&amp;#0;&amp;#0;&amp;#0;&amp;#0;&amp;#0;&amp;#0;&amp;#0;&amp;#0;&amp;#0;&amp;#0;&amp;#0;&amp;#0;&amp;#0;&amp;#0;&amp;#0;&amp;#0;&amp;#0;&amp;#0;&amp;#0;&amp;#0;&amp;#0;&amp;#0;&amp;#0;&amp;#0;&amp;#0;&amp;#0;&amp;#0;&amp;#0;&amp;#0;&amp;#0;&amp;#0;&amp;#0;&amp;#0;&amp;#0;&amp;#0;&amp;#0;&amp;#0;&amp;#0;&amp;#0;&amp;#0;&amp;#0;&amp;#0;&amp;#0;&amp;#0;&amp;#0;&amp;#0;&amp;#0;&amp;#0;&amp;#0;&amp;#0;&amp;#0;&amp;#0;&amp;#0;&amp;#0;&amp;#0;&amp;#0;&amp;#0;&amp;#0;&amp;#0;&amp;#0;&amp;#0;&amp;#0;&amp;#0;&amp;#0;&amp;#0;&amp;#0;&amp;#0;&amp;#0;&amp;#0;&amp;#0;&amp;#0;&amp;#0;&amp;#0;&amp;#0;&amp;#0;&amp;#0;&amp;#0;&amp;#0;&amp;#0;&amp;#0;&amp;#0;&amp;#0;&amp;#0;&amp;#0;&amp;#0;&amp;#0;&amp;#0;&amp;#0;&amp;#0;&amp;#0;&amp;#0;&amp;#0;&amp;#0;&amp;#0;&amp;#0;&amp;#0;&amp;#0;&amp;#0;&amp;#0;&amp;#0;&amp;#0;&amp;#0;&amp;#0;&amp;#0;&amp;#0;&amp;#0;&amp;#0;&amp;#0;&amp;#0;&amp;#0;&amp;#0;&amp;#0;&amp;#0;&amp;#0;&amp;#0;&amp;#0;&amp;#0;&amp;#0;&amp;#0;&amp;#0;&amp;#0;&amp;#0;&amp;#0;&amp;#0;&amp;#0;&amp;#0;&amp;#0;&amp;#0;&amp;#0;&amp;#0;&amp;#0;&amp;#0;&amp;#0;&amp;#0;&amp;#0;&amp;#0;&amp;#0;&amp;#0;&amp;#0;&amp;#0;&amp;#0;&amp;#0;&amp;#0;&amp;#0;&amp;#0;&amp;#0;&amp;#0;&amp;#0;&amp;#0;&amp;#0;&amp;#0;&amp;#0;&amp;#0;&amp;#0;&amp;#0;&amp;#0;&amp;#0;&amp;#0;&amp;#0;&amp;#0;&amp;#0;&amp;#0;&amp;#0;&amp;#0;&amp;#0;&amp;#0;&amp;#0;&amp;#0;&amp;#0;&amp;#0;&amp;#0;&amp;#0;&amp;#0;&amp;#0;&amp;#0;&amp;#0;&amp;#0;&amp;#0;&amp;#0;&amp;#0;&amp;#0;&amp;#0;&amp;#0;&amp;#0;&amp;#0;&amp;#0;&amp;#0;&amp;#0;&amp;#0;&amp;#0;&amp;#0;&amp;#0;&amp;#0;&amp;#0;&amp;#0;&amp;#0;&amp;#0;&amp;#0;&amp;#0;&amp;#0;&amp;#0;&amp;#0;&amp;#0;&amp;#0;&amp;#0;&amp;#0;&amp;#0;&amp;#0;&amp;#0;&amp;#0;&amp;#0;&amp;#0;&amp;#0;&amp;#0;&amp;#0;&amp;#0;&amp;#0;&amp;#0;&amp;#0;&amp;#0;&amp;#0;&amp;#0;&amp;#0;&amp;#0;&amp;#0;&amp;#0;&amp;#0;&amp;#0;&amp;#0;&amp;#0;&amp;#0;&amp;#0;&amp;#0;&amp;#0;&amp;#0;&amp;#0;&amp;#0;&amp;#0;&amp;#0;&amp;#0;&amp;#0;&amp;#0;&amp;#0;&amp;#0;&amp;#0;&amp;#0;&amp;#0;&amp;#0;&amp;#0;&amp;#0;&amp;#0;&amp;#0;&amp;#0;&amp;#0;&amp;#0;&amp;#0;&amp;#0;&amp;#0;&amp;#0;&amp;#0;&amp;#0;&amp;#0;&amp;#0;&amp;#0;&amp;#0;&amp;#0;&amp;#0;&amp;#0;&amp;#0;&amp;#0;&amp;#0;&amp;#0;&amp;#0;&amp;#0;&amp;#0;&amp;#0;&amp;#0;&amp;#0;&amp;#0;&amp;#0;&amp;#0;&amp;#0;&amp;#0;&amp;#0;&amp;#0;&amp;#0;&amp;#0;&amp;#0;&amp;#0;&amp;#0;&amp;#0;&amp;#0;&amp;#0;&amp;#0;&amp;#0;&amp;#0;&amp;#0;&amp;#0;&amp;#0;&amp;#0;&amp;#0;&amp;#0;&amp;#0;&amp;#0;&amp;#0;&amp;#0;&amp;#0;&amp;#0;&amp;#0;&amp;#0;&amp;#0;&amp;#0;&amp;#0;&amp;#0;&amp;#0;&amp;#0;&amp;#0;&amp;#0;&amp;#0;&amp;#0;&amp;#0;&amp;#0;&amp;#0;&amp;#0;&amp;#0;&amp;#0;&amp;#0;&amp;#0;&amp;#0;&amp;#0;&amp;#0;&amp;#0;&amp;#0;&amp;#0;&amp;#0;&amp;#0;&amp;#0;&amp;#0;&amp;#0;&amp;#0;&amp;#0;&amp;#0;&amp;#0;&amp;#0;&amp;#0;&amp;#0;&amp;#0;&amp;#0;&amp;#0;&amp;#0;&amp;#0;&amp;#0;&amp;#0;&amp;#0;&amp;#0;&amp;#0;&amp;#0;&amp;#0;&amp;#0;&amp;#0;&amp;#0;&amp;#0;&amp;#0;&amp;#0;&amp;#0;&amp;#0;&amp;#0;&amp;#0;&amp;#0;&amp;#0;&amp;#0;&amp;#0;&amp;#0;&amp;#0;&amp;#0;&amp;#0;&amp;#0;&amp;#0;&amp;#0;&amp;#0;&amp;#0;&amp;#0;&amp;#0;&amp;#0;&amp;#0;&amp;#0;&amp;#0;&amp;#0;&amp;#0;&amp;#0;&amp;#0;&amp;#0;&amp;#0;&amp;#0;&amp;#0;&amp;#0;&amp;#0;&amp;#0;&amp;#0;&amp;#0;&amp;#0;&amp;#0;&amp;#0;&amp;#0;&amp;#0;&amp;#0;&amp;#0;&amp;#0;&amp;#0;&amp;#0;&amp;#0;&amp;#0;&amp;#0;&amp;#0;&amp;#0;&amp;#0;&amp;#0;&amp;#0;&amp;#0;&amp;#0;&amp;#0;&amp;#0;&amp;#0;&amp;#0;&amp;#0;&amp;#0;&amp;#0;&amp;#0;&amp;#0;&amp;#0;&amp;#0;&amp;#0;&amp;#0;&amp;#0;&amp;#0;&amp;#0;&amp;#0;&amp;#0;&amp;#0;&amp;#0;&amp;#0;&amp;#0;&amp;#0;&amp;#0;&amp;#0;&amp;#0;&amp;#0;
12:46:30.148 [main] ERROR - Je passe ici ------------------------------------------------------
12:46:30.149 [main] DEBUG - clauseWhen1
12:46:30.149 [main] ERROR - Exception occured during compilation!
java.lang.RuntimeException: null
	at be.unamur.info.b314.compiler.Visitor.PCodeVisitor.visitClauseWhen(PCodeVisitor.java:153) ~[classes/:?]
	at be.unamur.info.b314.compiler.B314Parser$ClauseWhenContext.accept(B314Parser.java:4520) ~[classes/:?]
	at org.antlr.v4.runtime.tree.AbstractParseTreeVisitor.visitChildren(AbstractParseTreeVisitor.java:46) ~[antlr4-runtime-4.6.jar:4.6]
	at be.unamur.info.b314.compiler.B314BaseVisitor.visitProgramme(B314BaseVisitor.java:510) ~[classes/:?]
	at be.unamur.info.b314.compiler.Visitor.PCodeVisitor.visitProgramme(PCodeVisitor.java:94) ~[classes/:?]
	at be.unamur.info.b314.compiler.B314Parser$ProgrammeContext.accept(B314Parser.java:4028) ~[classes/:?]
	at be.unamur.info.b314.compiler.main.Main.printPCode(Main.java:236) ~[classes/:?]
	at be.unamur.info.b314.compiler.main.Main.compile(Main.java:199) ~[classes/:?]
	at be.unamur.info.b314.compiler.main.Main.main(Main.java:79) [classes/:?]
	at be.unamur.info.b314.compiler.main.CompilerTestHelper.launchCompilation(CompilerTestHelper.java:35) [test-classes/:?]
	at be.unamur.info.b314.compiler.main.B314localvariabledeclSyntaxTest.testlocalvariabledecl_when_local_var_same_names_and_different_types_than_global_vars_condition_on_global_vars_in_when_ok(B314localvariabledeclSyntaxTest.java:34) [test-classes/:?]
	at sun.reflect.NativeMethodAccessorImpl.invoke0(Native Method) ~[?:1.8.0_60]
	at sun.reflect.NativeMethodAccessorImpl.invoke(NativeMethodAccessorImpl.java:62) ~[?:1.8.0_60]
	at sun.reflect.DelegatingMethodAccessorImpl.invoke(DelegatingMethodAccessorImpl.java:43) ~[?:1.8.0_60]
	at java.lang.reflect.Method.invoke(Method.java:497) ~[?:1.8.0_60]
	at org.junit.runners.model.FrameworkMethod$1.runReflectiveCall(FrameworkMethod.java:50) [junit-4.12.jar:4.12]
	at org.junit.internal.runners.model.ReflectiveCallable.run(ReflectiveCallable.java:12) [junit-4.12.jar:4.12]
	at org.junit.runners.model.FrameworkMethod.invokeExplosively(FrameworkMethod.java:47) [junit-4.12.jar:4.12]
	at org.junit.internal.runners.statements.InvokeMethod.evaluate(InvokeMethod.java:17) [junit-4.12.jar:4.12]
	at org.junit.rules.ExternalResource$1.evaluate(ExternalResource.java:48) [junit-4.12.jar:4.12]
	at org.junit.rules.TestWatcher$1.evaluate(TestWatcher.java:55) [junit-4.12.jar:4.12]
	at org.junit.rules.RunRules.evaluate(RunRules.java:20) [junit-4.12.jar:4.12]
	at org.junit.runners.ParentRunner.runLeaf(ParentRunner.java:325) [junit-4.12.jar:4.12]
	at org.junit.runners.BlockJUnit4ClassRunner.runChild(BlockJUnit4ClassRunner.java:78) [junit-4.12.jar:4.12]
	at org.junit.runners.BlockJUnit4ClassRunner.runChild(BlockJUnit4ClassRunner.java:57) [junit-4.12.jar:4.12]
	at org.junit.runners.ParentRunner$3.run(ParentRunner.java:290) [junit-4.12.jar:4.12]
	at org.junit.runners.ParentRunner$1.schedule(ParentRunner.java:71) [junit-4.12.jar:4.12]
	at org.junit.runners.ParentRunner.runChildren(ParentRunner.java:288) [junit-4.12.jar:4.12]
	at org.junit.runners.ParentRunner.access$000(ParentRunner.java:58) [junit-4.12.jar:4.12]
	at org.junit.runners.ParentRunner$2.evaluate(ParentRunner.java:268) [junit-4.12.jar:4.12]
	at org.junit.runners.ParentRunner.run(ParentRunner.java:363) [junit-4.12.jar:4.12]
	at org.apache.maven.surefire.junit4.JUnit4Provider.execute(JUnit4Provider.java:252) [surefire-junit4-2.12.4.jar:2.12.4]
	at org.apache.maven.surefire.junit4.JUnit4Provider.executeTestSet(JUnit4Provider.java:141) [surefire-junit4-2.12.4.jar:2.12.4]
	at org.apache.maven.surefire.junit4.JUnit4Provider.invoke(JUnit4Provider.java:112) [surefire-junit4-2.12.4.jar:2.12.4]
	at sun.reflect.NativeMethodAccessorImpl.invoke0(Native Method) ~[?:1.8.0_60]
	at sun.reflect.NativeMethodAccessorImpl.invoke(NativeMethodAccessorImpl.java:62) ~[?:1.8.0_60]
	at sun.reflect.DelegatingMethodAccessorImpl.invoke(DelegatingMethodAccessorImpl.java:43) ~[?:1.8.0_60]
	at java.lang.reflect.Method.invoke(Method.java:497) ~[?:1.8.0_60]
	at org.apache.maven.surefire.util.ReflectionUtils.invokeMethodWithArray(ReflectionUtils.java:189) [surefire-api-2.12.4.jar:2.12.4]
	at org.apache.maven.surefire.booter.ProviderFactory$ProviderProxy.invoke(ProviderFactory.java:165) [surefire-booter-2.12.4.jar:2.12.4]
	at org.apache.maven.surefire.booter.ProviderFactory.invokeProvider(ProviderFactory.java:85) [surefire-booter-2.12.4.jar:2.12.4]
	at org.apache.maven.surefire.booter.ForkedBooter.runSuitesInProcess(ForkedBooter.java:115) [surefire-booter-2.12.4.jar:2.12.4]
	at org.apache.maven.surefire.booter.ForkedBooter.main(ForkedBooter.java:75) [surefire-booter-2.12.4.jar:2.12.4]
</system-out>
  </testcase>
  <testcase classname="be.unamur.info.b314.compiler.main.B314localvariabledeclSyntaxTest" name="testlocalvariabledecl_fct_local_variable_diff_names_ok" time="0.036">
    <failure message="localvariabledecl: fct_local_variable_diff_names
Expected: a string ending with &quot;OK\r\n&quot;
     but: was &quot;KO
&quot;" type="java.lang.AssertionError">java.lang.AssertionError: localvariabledecl: fct_local_variable_diff_names
Expected: a string ending with &quot;OK\r\n&quot;
     but: was &quot;KO
&quot;
	at org.hamcrest.MatcherAssert.assertThat(MatcherAssert.java:20)
	at org.junit.Assert.assertThat(Assert.java:956)
	at be.unamur.info.b314.compiler.main.CompilerTestHelper.launchCompilation(CompilerTestHelper.java:42)
	at be.unamur.info.b314.compiler.main.B314localvariabledeclSyntaxTest.testlocalvariabledecl_fct_local_variable_diff_names_ok(B314localvariabledeclSyntaxTest.java:66)
	at sun.reflect.NativeMethodAccessorImpl.invoke0(Native Method)
	at sun.reflect.NativeMethodAccessorImpl.invoke(NativeMethodAccessorImpl.java:62)
	at sun.reflect.DelegatingMethodAccessorImpl.invoke(DelegatingMethodAccessorImpl.java:43)
	at java.lang.reflect.Method.invoke(Method.java:497)
	at org.junit.runners.model.FrameworkMethod$1.runReflectiveCall(FrameworkMethod.java:50)
	at org.junit.internal.runners.model.ReflectiveCallable.run(ReflectiveCallable.java:12)
	at org.junit.runners.model.FrameworkMethod.invokeExplosively(FrameworkMethod.java:47)
	at org.junit.internal.runners.statements.InvokeMethod.evaluate(InvokeMethod.java:17)
	at org.junit.rules.ExternalResource$1.evaluate(ExternalResource.java:48)
	at org.junit.rules.TestWatcher$1.evaluate(TestWatcher.java:55)
	at org.junit.rules.RunRules.evaluate(RunRules.java:20)
	at org.junit.runners.ParentRunner.runLeaf(ParentRunner.java:325)
	at org.junit.runners.BlockJUnit4ClassRunner.runChild(BlockJUnit4ClassRunner.java:78)
	at org.junit.runners.BlockJUnit4ClassRunner.runChild(BlockJUnit4ClassRunner.java:57)
	at org.junit.runners.ParentRunner$3.run(ParentRunner.java:290)
	at org.junit.runners.ParentRunner$1.schedule(ParentRunner.java:71)
	at org.junit.runners.ParentRunner.runChildren(ParentRunner.java:288)
	at org.junit.runners.ParentRunner.access$000(ParentRunner.java:58)
	at org.junit.runners.ParentRunner$2.evaluate(ParentRunner.java:268)
	at org.junit.runners.ParentRunner.run(ParentRunner.java:363)
	at org.apache.maven.surefire.junit4.JUnit4Provider.execute(JUnit4Provider.java:252)
	at org.apache.maven.surefire.junit4.JUnit4Provider.executeTestSet(JUnit4Provider.java:141)
	at org.apache.maven.surefire.junit4.JUnit4Provider.invoke(JUnit4Provider.java:112)
	at sun.reflect.NativeMethodAccessorImpl.invoke0(Native Method)
	at sun.reflect.NativeMethodAccessorImpl.invoke(NativeMethodAccessorImpl.java:62)
	at sun.reflect.DelegatingMethodAccessorImpl.invoke(DelegatingMethodAccessorImpl.java:43)
	at java.lang.reflect.Method.invoke(Method.java:497)
	at org.apache.maven.surefire.util.ReflectionUtils.invokeMethodWithArray(ReflectionUtils.java:189)
	at org.apache.maven.surefire.booter.ProviderFactory$ProviderProxy.invoke(ProviderFactory.java:165)
	at org.apache.maven.surefire.booter.ProviderFactory.invokeProvider(ProviderFactory.java:85)
	at org.apache.maven.surefire.booter.ForkedBooter.runSuitesInProcess(ForkedBooter.java:115)
	at org.apache.maven.surefire.booter.ForkedBooter.main(ForkedBooter.java:75)
</failure>
    <system-out>12:46:30.182 [main] INFO  - Starting test: testlocalvariabledecl_fct_local_variable_diff_names_ok()...
org.apache.commons.cli.CommandLine@4837595f
12:46:30.186 [main] DEBUG - Initialisation
12:46:30.186 [main] DEBUG - Input file set to C:\Users\Nathalie Masudi\b314-Jour-MonkeyIsland\target\test-classes\syntax\localvariabledecl\ok\fct_local_variable_diff_names.b314
12:46:30.187 [main] DEBUG - Output file set to C:\Users\NATHAL~1\AppData\Local\Temp\junit5926236059194757946\junit5712766658252318888.tmp
12:46:30.187 [main] DEBUG - Initialisation: done
jessica1
12:46:30.194 [main] DEBUG - Parsing input
/*

1

1,1,1

1,1,1,1,1
*/
declare and retain 
	b1 as boolean;
	b2 as boolean;
    i1 as integer; 
    i2 as integer; 
    v1 as boolean[5, 7];
    v2 as integer[42];
    
    fct1 as function():boolean
		declare local
			loc1 as integer;
			loc2 as boolean;
			loc3 as square;
			loc4 as integer[5];
    	do
    		set loc2 to true
    		set loc1 to 34
    		set fct1 to loc2 and loc1 &lt; 42
    	done 
	
when your turn 

	when false do
		next move west
	done

	when fct1() do
		next move north
	done

	by default do 
		next do nothing
	done&amp;#0;&amp;#0;&amp;#0;&amp;#0;&amp;#0;&amp;#0;&amp;#0;&amp;#0;&amp;#0;&amp;#0;&amp;#0;&amp;#0;&amp;#0;&amp;#0;&amp;#0;&amp;#0;&amp;#0;&amp;#0;&amp;#0;&amp;#0;&amp;#0;&amp;#0;&amp;#0;&amp;#0;&amp;#0;&amp;#0;&amp;#0;&amp;#0;&amp;#0;&amp;#0;&amp;#0;&amp;#0;&amp;#0;&amp;#0;&amp;#0;&amp;#0;&amp;#0;&amp;#0;&amp;#0;&amp;#0;&amp;#0;&amp;#0;&amp;#0;&amp;#0;&amp;#0;&amp;#0;&amp;#0;&amp;#0;&amp;#0;&amp;#0;&amp;#0;&amp;#0;&amp;#0;&amp;#0;&amp;#0;&amp;#0;&amp;#0;&amp;#0;&amp;#0;&amp;#0;&amp;#0;&amp;#0;&amp;#0;&amp;#0;&amp;#0;&amp;#0;&amp;#0;&amp;#0;&amp;#0;&amp;#0;&amp;#0;&amp;#0;&amp;#0;&amp;#0;&amp;#0;&amp;#0;&amp;#0;&amp;#0;&amp;#0;&amp;#0;&amp;#0;&amp;#0;&amp;#0;&amp;#0;&amp;#0;&amp;#0;&amp;#0;&amp;#0;&amp;#0;&amp;#0;&amp;#0;&amp;#0;&amp;#0;&amp;#0;&amp;#0;&amp;#0;&amp;#0;&amp;#0;&amp;#0;&amp;#0;&amp;#0;&amp;#0;&amp;#0;&amp;#0;&amp;#0;&amp;#0;&amp;#0;&amp;#0;&amp;#0;&amp;#0;&amp;#0;&amp;#0;&amp;#0;&amp;#0;&amp;#0;&amp;#0;&amp;#0;&amp;#0;&amp;#0;&amp;#0;&amp;#0;&amp;#0;&amp;#0;&amp;#0;&amp;#0;&amp;#0;&amp;#0;&amp;#0;&amp;#0;&amp;#0;&amp;#0;&amp;#0;&amp;#0;&amp;#0;&amp;#0;&amp;#0;&amp;#0;&amp;#0;&amp;#0;&amp;#0;&amp;#0;&amp;#0;&amp;#0;&amp;#0;&amp;#0;&amp;#0;&amp;#0;&amp;#0;&amp;#0;&amp;#0;&amp;#0;&amp;#0;&amp;#0;&amp;#0;&amp;#0;&amp;#0;&amp;#0;&amp;#0;&amp;#0;&amp;#0;&amp;#0;&amp;#0;&amp;#0;&amp;#0;&amp;#0;&amp;#0;&amp;#0;&amp;#0;&amp;#0;&amp;#0;&amp;#0;&amp;#0;&amp;#0;&amp;#0;&amp;#0;&amp;#0;&amp;#0;&amp;#0;&amp;#0;&amp;#0;&amp;#0;&amp;#0;&amp;#0;&amp;#0;&amp;#0;&amp;#0;&amp;#0;&amp;#0;&amp;#0;&amp;#0;&amp;#0;&amp;#0;&amp;#0;&amp;#0;&amp;#0;&amp;#0;&amp;#0;&amp;#0;&amp;#0;&amp;#0;&amp;#0;&amp;#0;&amp;#0;&amp;#0;&amp;#0;&amp;#0;&amp;#0;&amp;#0;&amp;#0;&amp;#0;&amp;#0;&amp;#0;&amp;#0;&amp;#0;&amp;#0;&amp;#0;&amp;#0;&amp;#0;&amp;#0;&amp;#0;&amp;#0;&amp;#0;&amp;#0;&amp;#0;&amp;#0;&amp;#0;&amp;#0;&amp;#0;&amp;#0;&amp;#0;&amp;#0;&amp;#0;&amp;#0;&amp;#0;&amp;#0;&amp;#0;&amp;#0;&amp;#0;&amp;#0;&amp;#0;&amp;#0;&amp;#0;&amp;#0;&amp;#0;&amp;#0;&amp;#0;&amp;#0;&amp;#0;&amp;#0;&amp;#0;&amp;#0;&amp;#0;&amp;#0;&amp;#0;&amp;#0;&amp;#0;&amp;#0;&amp;#0;&amp;#0;&amp;#0;&amp;#0;&amp;#0;&amp;#0;&amp;#0;&amp;#0;&amp;#0;&amp;#0;&amp;#0;&amp;#0;&amp;#0;&amp;#0;&amp;#0;&amp;#0;&amp;#0;&amp;#0;&amp;#0;&amp;#0;&amp;#0;&amp;#0;&amp;#0;&amp;#0;&amp;#0;&amp;#0;&amp;#0;&amp;#0;&amp;#0;&amp;#0;&amp;#0;&amp;#0;&amp;#0;&amp;#0;&amp;#0;&amp;#0;&amp;#0;&amp;#0;&amp;#0;&amp;#0;&amp;#0;&amp;#0;&amp;#0;&amp;#0;&amp;#0;&amp;#0;&amp;#0;&amp;#0;&amp;#0;&amp;#0;&amp;#0;&amp;#0;&amp;#0;&amp;#0;&amp;#0;&amp;#0;&amp;#0;&amp;#0;&amp;#0;&amp;#0;&amp;#0;&amp;#0;&amp;#0;&amp;#0;&amp;#0;&amp;#0;&amp;#0;&amp;#0;&amp;#0;&amp;#0;&amp;#0;&amp;#0;&amp;#0;&amp;#0;&amp;#0;&amp;#0;&amp;#0;&amp;#0;&amp;#0;&amp;#0;&amp;#0;&amp;#0;&amp;#0;&amp;#0;&amp;#0;&amp;#0;&amp;#0;&amp;#0;&amp;#0;&amp;#0;&amp;#0;&amp;#0;&amp;#0;&amp;#0;&amp;#0;&amp;#0;&amp;#0;&amp;#0;&amp;#0;&amp;#0;&amp;#0;&amp;#0;&amp;#0;&amp;#0;&amp;#0;&amp;#0;&amp;#0;&amp;#0;&amp;#0;&amp;#0;&amp;#0;&amp;#0;&amp;#0;&amp;#0;&amp;#0;&amp;#0;&amp;#0;&amp;#0;&amp;#0;&amp;#0;&amp;#0;&amp;#0;&amp;#0;&amp;#0;&amp;#0;&amp;#0;&amp;#0;&amp;#0;&amp;#0;&amp;#0;&amp;#0;&amp;#0;&amp;#0;&amp;#0;&amp;#0;&amp;#0;&amp;#0;&amp;#0;&amp;#0;&amp;#0;&amp;#0;&amp;#0;&amp;#0;&amp;#0;&amp;#0;&amp;#0;&amp;#0;&amp;#0;&amp;#0;&amp;#0;&amp;#0;&amp;#0;&amp;#0;&amp;#0;&amp;#0;&amp;#0;&amp;#0;&amp;#0;&amp;#0;&amp;#0;&amp;#0;&amp;#0;&amp;#0;&amp;#0;&amp;#0;&amp;#0;&amp;#0;&amp;#0;&amp;#0;&amp;#0;&amp;#0;&amp;#0;&amp;#0;&amp;#0;&amp;#0;&amp;#0;&amp;#0;&amp;#0;&amp;#0;&amp;#0;&amp;#0;&amp;#0;&amp;#0;&amp;#0;&amp;#0;&amp;#0;&amp;#0;&amp;#0;&amp;#0;&amp;#0;&amp;#0;&amp;#0;&amp;#0;&amp;#0;&amp;#0;&amp;#0;&amp;#0;&amp;#0;&amp;#0;&amp;#0;&amp;#0;&amp;#0;&amp;#0;&amp;#0;&amp;#0;&amp;#0;&amp;#0;&amp;#0;&amp;#0;&amp;#0;&amp;#0;&amp;#0;&amp;#0;&amp;#0;&amp;#0;&amp;#0;&amp;#0;&amp;#0;&amp;#0;&amp;#0;&amp;#0;&amp;#0;&amp;#0;&amp;#0;&amp;#0;&amp;#0;&amp;#0;&amp;#0;&amp;#0;&amp;#0;&amp;#0;&amp;#0;&amp;#0;&amp;#0;&amp;#0;&amp;#0;&amp;#0;&amp;#0;&amp;#0;&amp;#0;&amp;#0;&amp;#0;&amp;#0;&amp;#0;&amp;#0;&amp;#0;&amp;#0;&amp;#0;&amp;#0;&amp;#0;&amp;#0;&amp;#0;&amp;#0;&amp;#0;&amp;#0;&amp;#0;&amp;#0;&amp;#0;&amp;#0;&amp;#0;&amp;#0;&amp;#0;&amp;#0;&amp;#0;&amp;#0;&amp;#0;&amp;#0;&amp;#0;&amp;#0;&amp;#0;&amp;#0;&amp;#0;&amp;#0;&amp;#0;&amp;#0;&amp;#0;&amp;#0;&amp;#0;&amp;#0;&amp;#0;&amp;#0;&amp;#0;&amp;#0;&amp;#0;&amp;#0;&amp;#0;&amp;#0;&amp;#0;&amp;#0;&amp;#0;&amp;#0;&amp;#0;&amp;#0;&amp;#0;&amp;#0;&amp;#0;&amp;#0;&amp;#0;&amp;#0;&amp;#0;&amp;#0;&amp;#0;&amp;#0;&amp;#0;&amp;#0;&amp;#0;&amp;#0;&amp;#0;&amp;#0;&amp;#0;&amp;#0;&amp;#0;&amp;#0;&amp;#0;&amp;#0;&amp;#0;&amp;#0;&amp;#0;&amp;#0;&amp;#0;&amp;#0;&amp;#0;&amp;#0;&amp;#0;&amp;#0;&amp;#0;&amp;#0;&amp;#0;&amp;#0;&amp;#0;&amp;#0;&amp;#0;&amp;#0;&amp;#0;&amp;#0;&amp;#0;&amp;#0;&amp;#0;&amp;#0;&amp;#0;&amp;#0;&amp;#0;&amp;#0;&amp;#0;&amp;#0;&amp;#0;&amp;#0;&amp;#0;&amp;#0;&amp;#0;&amp;#0;&amp;#0;&amp;#0;&amp;#0;&amp;#0;&amp;#0;&amp;#0;&amp;#0;&amp;#0;&amp;#0;&amp;#0;&amp;#0;&amp;#0;&amp;#0;&amp;#0;&amp;#0;&amp;#0;&amp;#0;&amp;#0;&amp;#0;&amp;#0;&amp;#0;&amp;#0;&amp;#0;&amp;#0;&amp;#0;&amp;#0;&amp;#0;&amp;#0;&amp;#0;&amp;#0;&amp;#0;&amp;#0;&amp;#0;&amp;#0;&amp;#0;&amp;#0;&amp;#0;&amp;#0;&amp;#0;&amp;#0;&amp;#0;&amp;#0;&amp;#0;&amp;#0;&amp;#0;&amp;#0;&amp;#0;&amp;#0;&amp;#0;&amp;#0;&amp;#0;&amp;#0;&amp;#0;&amp;#0;&amp;#0;&amp;#0;&amp;#0;&amp;#0;&amp;#0;&amp;#0;&amp;#0;&amp;#0;&amp;#0;&amp;#0;&amp;#0;&amp;#0;&amp;#0;&amp;#0;&amp;#0;&amp;#0;&amp;#0;&amp;#0;&amp;#0;&amp;#0;&amp;#0;&amp;#0;&amp;#0;&amp;#0;&amp;#0;&amp;#0;&amp;#0;&amp;#0;&amp;#0;&amp;#0;&amp;#0;&amp;#0;&amp;#0;&amp;#0;&amp;#0;&amp;#0;&amp;#0;&amp;#0;&amp;#0;&amp;#0;&amp;#0;&amp;#0;&amp;#0;&amp;#0;&amp;#0;&amp;#0;&amp;#0;&amp;#0;&amp;#0;&amp;#0;&amp;#0;&amp;#0;&amp;#0;&amp;#0;&amp;#0;&amp;#0;&amp;#0;&amp;#0;&amp;#0;&amp;#0;&amp;#0;&amp;#0;&amp;#0;&amp;#0;&amp;#0;&amp;#0;&amp;#0;&amp;#0;&amp;#0;&amp;#0;&amp;#0;&amp;#0;&amp;#0;&amp;#0;&amp;#0;&amp;#0;&amp;#0;&amp;#0;&amp;#0;&amp;#0;&amp;#0;&amp;#0;&amp;#0;&amp;#0;&amp;#0;&amp;#0;&amp;#0;&amp;#0;&amp;#0;&amp;#0;&amp;#0;&amp;#0;&amp;#0;&amp;#0;&amp;#0;&amp;#0;&amp;#0;&amp;#0;&amp;#0;&amp;#0;&amp;#0;&amp;#0;&amp;#0;&amp;#0;&amp;#0;&amp;#0;&amp;#0;&amp;#0;&amp;#0;&amp;#0;&amp;#0;&amp;#0;&amp;#0;&amp;#0;&amp;#0;&amp;#0;&amp;#0;&amp;#0;&amp;#0;&amp;#0;&amp;#0;&amp;#0;&amp;#0;&amp;#0;&amp;#0;&amp;#0;&amp;#0;&amp;#0;&amp;#0;&amp;#0;&amp;#0;&amp;#0;&amp;#0;&amp;#0;&amp;#0;&amp;#0;&amp;#0;&amp;#0;&amp;#0;&amp;#0;&amp;#0;&amp;#0;&amp;#0;&amp;#0;&amp;#0;&amp;#0;&amp;#0;&amp;#0;&amp;#0;&amp;#0;&amp;#0;&amp;#0;&amp;#0;&amp;#0;&amp;#0;&amp;#0;&amp;#0;&amp;#0;&amp;#0;&amp;#0;&amp;#0;&amp;#0;&amp;#0;&amp;#0;&amp;#0;&amp;#0;&amp;#0;&amp;#0;&amp;#0;&amp;#0;&amp;#0;&amp;#0;&amp;#0;&amp;#0;&amp;#0;&amp;#0;&amp;#0;&amp;#0;&amp;#0;&amp;#0;&amp;#0;&amp;#0;&amp;#0;&amp;#0;&amp;#0;&amp;#0;&amp;#0;&amp;#0;&amp;#0;&amp;#0;&amp;#0;&amp;#0;&amp;#0;&amp;#0;&amp;#0;&amp;#0;&amp;#0;&amp;#0;&amp;#0;&amp;#0;&amp;#0;&amp;#0;&amp;#0;&amp;#0;&amp;#0;&amp;#0;&amp;#0;&amp;#0;&amp;#0;&amp;#0;&amp;#0;&amp;#0;&amp;#0;&amp;#0;&amp;#0;&amp;#0;&amp;#0;&amp;#0;&amp;#0;&amp;#0;&amp;#0;&amp;#0;&amp;#0;&amp;#0;&amp;#0;&amp;#0;&amp;#0;&amp;#0;&amp;#0;&amp;#0;&amp;#0;&amp;#0;&amp;#0;&amp;#0;&amp;#0;&amp;#0;&amp;#0;&amp;#0;&amp;#0;&amp;#0;&amp;#0;&amp;#0;&amp;#0;&amp;#0;&amp;#0;&amp;#0;&amp;#0;&amp;#0;&amp;#0;&amp;#0;&amp;#0;&amp;#0;&amp;#0;&amp;#0;&amp;#0;&amp;#0;&amp;#0;&amp;#0;&amp;#0;&amp;#0;&amp;#0;&amp;#0;&amp;#0;&amp;#0;&amp;#0;&amp;#0;&amp;#0;&amp;#0;&amp;#0;&amp;#0;&amp;#0;&amp;#0;&amp;#0;&amp;#0;&amp;#0;&amp;#0;&amp;#0;&amp;#0;&amp;#0;&amp;#0;&amp;#0;&amp;#0;&amp;#0;&amp;#0;&amp;#0;&amp;#0;&amp;#0;&amp;#0;&amp;#0;&amp;#0;&amp;#0;&amp;#0;&amp;#0;&amp;#0;&amp;#0;&amp;#0;&amp;#0;&amp;#0;&amp;#0;&amp;#0;&amp;#0;&amp;#0;&amp;#0;&amp;#0;&amp;#0;&amp;#0;&amp;#0;&amp;#0;&amp;#0;&amp;#0;&amp;#0;&amp;#0;&amp;#0;&amp;#0;&amp;#0;&amp;#0;&amp;#0;&amp;#0;&amp;#0;&amp;#0;&amp;#0;&amp;#0;&amp;#0;&amp;#0;&amp;#0;&amp;#0;&amp;#0;&amp;#0;&amp;#0;&amp;#0;&amp;#0;&amp;#0;&amp;#0;&amp;#0;&amp;#0;&amp;#0;&amp;#0;&amp;#0;&amp;#0;&amp;#0;&amp;#0;&amp;#0;&amp;#0;&amp;#0;&amp;#0;&amp;#0;&amp;#0;&amp;#0;&amp;#0;&amp;#0;&amp;#0;&amp;#0;&amp;#0;&amp;#0;&amp;#0;&amp;#0;&amp;#0;&amp;#0;&amp;#0;&amp;#0;&amp;#0;&amp;#0;&amp;#0;&amp;#0;&amp;#0;&amp;#0;&amp;#0;&amp;#0;&amp;#0;&amp;#0;&amp;#0;&amp;#0;&amp;#0;&amp;#0;&amp;#0;&amp;#0;&amp;#0;&amp;#0;&amp;#0;&amp;#0;&amp;#0;&amp;#0;&amp;#0;&amp;#0;&amp;#0;&amp;#0;&amp;#0;&amp;#0;&amp;#0;&amp;#0;&amp;#0;&amp;#0;&amp;#0;&amp;#0;&amp;#0;&amp;#0;&amp;#0;&amp;#0;&amp;#0;&amp;#0;&amp;#0;&amp;#0;&amp;#0;&amp;#0;&amp;#0;&amp;#0;&amp;#0;&amp;#0;&amp;#0;&amp;#0;&amp;#0;&amp;#0;&amp;#0;&amp;#0;&amp;#0;&amp;#0;&amp;#0;&amp;#0;&amp;#0;&amp;#0;&amp;#0;&amp;#0;&amp;#0;&amp;#0;&amp;#0;&amp;#0;&amp;#0;&amp;#0;&amp;#0;&amp;#0;&amp;#0;&amp;#0;&amp;#0;&amp;#0;&amp;#0;&amp;#0;&amp;#0;&amp;#0;&amp;#0;&amp;#0;&amp;#0;&amp;#0;&amp;#0;&amp;#0;&amp;#0;&amp;#0;&amp;#0;&amp;#0;&amp;#0;&amp;#0;&amp;#0;&amp;#0;&amp;#0;&amp;#0;&amp;#0;&amp;#0;&amp;#0;&amp;#0;&amp;#0;&amp;#0;&amp;#0;&amp;#0;&amp;#0;&amp;#0;&amp;#0;&amp;#0;&amp;#0;&amp;#0;&amp;#0;&amp;#0;&amp;#0;&amp;#0;&amp;#0;&amp;#0;&amp;#0;&amp;#0;&amp;#0;&amp;#0;&amp;#0;&amp;#0;&amp;#0;&amp;#0;&amp;#0;&amp;#0;&amp;#0;&amp;#0;&amp;#0;&amp;#0;&amp;#0;&amp;#0;&amp;#0;&amp;#0;&amp;#0;&amp;#0;&amp;#0;&amp;#0;&amp;#0;&amp;#0;&amp;#0;&amp;#0;&amp;#0;&amp;#0;&amp;#0;&amp;#0;&amp;#0;&amp;#0;&amp;#0;&amp;#0;&amp;#0;&amp;#0;&amp;#0;&amp;#0;&amp;#0;&amp;#0;&amp;#0;&amp;#0;&amp;#0;&amp;#0;&amp;#0;&amp;#0;&amp;#0;&amp;#0;&amp;#0;&amp;#0;&amp;#0;&amp;#0;&amp;#0;&amp;#0;&amp;#0;&amp;#0;&amp;#0;&amp;#0;&amp;#0;&amp;#0;&amp;#0;&amp;#0;&amp;#0;&amp;#0;&amp;#0;&amp;#0;&amp;#0;&amp;#0;&amp;#0;&amp;#0;&amp;#0;&amp;#0;&amp;#0;&amp;#0;&amp;#0;&amp;#0;&amp;#0;&amp;#0;&amp;#0;&amp;#0;&amp;#0;&amp;#0;&amp;#0;&amp;#0;&amp;#0;&amp;#0;&amp;#0;&amp;#0;&amp;#0;&amp;#0;&amp;#0;&amp;#0;&amp;#0;&amp;#0;&amp;#0;&amp;#0;&amp;#0;&amp;#0;&amp;#0;&amp;#0;&amp;#0;&amp;#0;&amp;#0;&amp;#0;&amp;#0;&amp;#0;&amp;#0;&amp;#0;&amp;#0;&amp;#0;&amp;#0;&amp;#0;&amp;#0;&amp;#0;&amp;#0;&amp;#0;&amp;#0;&amp;#0;&amp;#0;&amp;#0;&amp;#0;&amp;#0;&amp;#0;&amp;#0;&amp;#0;&amp;#0;&amp;#0;&amp;#0;&amp;#0;&amp;#0;&amp;#0;&amp;#0;&amp;#0;&amp;#0;&amp;#0;&amp;#0;&amp;#0;&amp;#0;&amp;#0;&amp;#0;&amp;#0;&amp;#0;&amp;#0;&amp;#0;&amp;#0;&amp;#0;&amp;#0;&amp;#0;&amp;#0;&amp;#0;&amp;#0;&amp;#0;&amp;#0;&amp;#0;&amp;#0;&amp;#0;&amp;#0;&amp;#0;&amp;#0;&amp;#0;&amp;#0;&amp;#0;&amp;#0;&amp;#0;&amp;#0;&amp;#0;&amp;#0;&amp;#0;&amp;#0;&amp;#0;&amp;#0;&amp;#0;&amp;#0;&amp;#0;&amp;#0;&amp;#0;&amp;#0;&amp;#0;&amp;#0;&amp;#0;&amp;#0;&amp;#0;&amp;#0;&amp;#0;&amp;#0;&amp;#0;&amp;#0;&amp;#0;&amp;#0;&amp;#0;&amp;#0;&amp;#0;&amp;#0;&amp;#0;&amp;#0;&amp;#0;&amp;#0;&amp;#0;&amp;#0;&amp;#0;&amp;#0;&amp;#0;&amp;#0;&amp;#0;&amp;#0;&amp;#0;&amp;#0;&amp;#0;&amp;#0;&amp;#0;&amp;#0;&amp;#0;&amp;#0;&amp;#0;&amp;#0;&amp;#0;&amp;#0;&amp;#0;&amp;#0;&amp;#0;&amp;#0;&amp;#0;&amp;#0;&amp;#0;&amp;#0;&amp;#0;&amp;#0;&amp;#0;&amp;#0;&amp;#0;&amp;#0;&amp;#0;&amp;#0;&amp;#0;&amp;#0;&amp;#0;&amp;#0;&amp;#0;&amp;#0;&amp;#0;&amp;#0;&amp;#0;&amp;#0;&amp;#0;&amp;#0;&amp;#0;&amp;#0;&amp;#0;&amp;#0;&amp;#0;&amp;#0;&amp;#0;&amp;#0;&amp;#0;&amp;#0;&amp;#0;&amp;#0;&amp;#0;&amp;#0;&amp;#0;&amp;#0;&amp;#0;&amp;#0;&amp;#0;&amp;#0;&amp;#0;&amp;#0;&amp;#0;&amp;#0;&amp;#0;&amp;#0;&amp;#0;&amp;#0;&amp;#0;&amp;#0;&amp;#0;&amp;#0;&amp;#0;&amp;#0;&amp;#0;&amp;#0;&amp;#0;&amp;#0;&amp;#0;&amp;#0;&amp;#0;&amp;#0;&amp;#0;&amp;#0;&amp;#0;&amp;#0;&amp;#0;&amp;#0;&amp;#0;&amp;#0;&amp;#0;&amp;#0;&amp;#0;&amp;#0;&amp;#0;&amp;#0;&amp;#0;&amp;#0;&amp;#0;&amp;#0;&amp;#0;&amp;#0;&amp;#0;&amp;#0;&amp;#0;&amp;#0;&amp;#0;&amp;#0;&amp;#0;&amp;#0;&amp;#0;&amp;#0;&amp;#0;&amp;#0;&amp;#0;&amp;#0;&amp;#0;&amp;#0;&amp;#0;&amp;#0;&amp;#0;&amp;#0;&amp;#0;&amp;#0;&amp;#0;&amp;#0;&amp;#0;&amp;#0;
12:46:30.198 [main] ERROR - Je passe ici ------------------------------------------------------
12:46:30.199 [main] DEBUG - clauseWhen1
12:46:30.199 [main] ERROR - Exception occured during compilation!
java.lang.RuntimeException: null
	at be.unamur.info.b314.compiler.Visitor.PCodeVisitor.visitClauseWhen(PCodeVisitor.java:153) ~[classes/:?]
	at be.unamur.info.b314.compiler.B314Parser$ClauseWhenContext.accept(B314Parser.java:4520) ~[classes/:?]
	at org.antlr.v4.runtime.tree.AbstractParseTreeVisitor.visitChildren(AbstractParseTreeVisitor.java:46) ~[antlr4-runtime-4.6.jar:4.6]
	at be.unamur.info.b314.compiler.B314BaseVisitor.visitProgramme(B314BaseVisitor.java:510) ~[classes/:?]
	at be.unamur.info.b314.compiler.Visitor.PCodeVisitor.visitProgramme(PCodeVisitor.java:94) ~[classes/:?]
	at be.unamur.info.b314.compiler.B314Parser$ProgrammeContext.accept(B314Parser.java:4028) ~[classes/:?]
	at be.unamur.info.b314.compiler.main.Main.printPCode(Main.java:236) ~[classes/:?]
	at be.unamur.info.b314.compiler.main.Main.compile(Main.java:199) ~[classes/:?]
	at be.unamur.info.b314.compiler.main.Main.main(Main.java:79) [classes/:?]
	at be.unamur.info.b314.compiler.main.CompilerTestHelper.launchCompilation(CompilerTestHelper.java:35) [test-classes/:?]
	at be.unamur.info.b314.compiler.main.B314localvariabledeclSyntaxTest.testlocalvariabledecl_fct_local_variable_diff_names_ok(B314localvariabledeclSyntaxTest.java:66) [test-classes/:?]
	at sun.reflect.NativeMethodAccessorImpl.invoke0(Native Method) ~[?:1.8.0_60]
	at sun.reflect.NativeMethodAccessorImpl.invoke(NativeMethodAccessorImpl.java:62) ~[?:1.8.0_60]
	at sun.reflect.DelegatingMethodAccessorImpl.invoke(DelegatingMethodAccessorImpl.java:43) ~[?:1.8.0_60]
	at java.lang.reflect.Method.invoke(Method.java:497) ~[?:1.8.0_60]
	at org.junit.runners.model.FrameworkMethod$1.runReflectiveCall(FrameworkMethod.java:50) [junit-4.12.jar:4.12]
	at org.junit.internal.runners.model.ReflectiveCallable.run(ReflectiveCallable.java:12) [junit-4.12.jar:4.12]
	at org.junit.runners.model.FrameworkMethod.invokeExplosively(FrameworkMethod.java:47) [junit-4.12.jar:4.12]
	at org.junit.internal.runners.statements.InvokeMethod.evaluate(InvokeMethod.java:17) [junit-4.12.jar:4.12]
	at org.junit.rules.ExternalResource$1.evaluate(ExternalResource.java:48) [junit-4.12.jar:4.12]
	at org.junit.rules.TestWatcher$1.evaluate(TestWatcher.java:55) [junit-4.12.jar:4.12]
	at org.junit.rules.RunRules.evaluate(RunRules.java:20) [junit-4.12.jar:4.12]
	at org.junit.runners.ParentRunner.runLeaf(ParentRunner.java:325) [junit-4.12.jar:4.12]
	at org.junit.runners.BlockJUnit4ClassRunner.runChild(BlockJUnit4ClassRunner.java:78) [junit-4.12.jar:4.12]
	at org.junit.runners.BlockJUnit4ClassRunner.runChild(BlockJUnit4ClassRunner.java:57) [junit-4.12.jar:4.12]
	at org.junit.runners.ParentRunner$3.run(ParentRunner.java:290) [junit-4.12.jar:4.12]
	at org.junit.runners.ParentRunner$1.schedule(ParentRunner.java:71) [junit-4.12.jar:4.12]
	at org.junit.runners.ParentRunner.runChildren(ParentRunner.java:288) [junit-4.12.jar:4.12]
	at org.junit.runners.ParentRunner.access$000(ParentRunner.java:58) [junit-4.12.jar:4.12]
	at org.junit.runners.ParentRunner$2.evaluate(ParentRunner.java:268) [junit-4.12.jar:4.12]
	at org.junit.runners.ParentRunner.run(ParentRunner.java:363) [junit-4.12.jar:4.12]
	at org.apache.maven.surefire.junit4.JUnit4Provider.execute(JUnit4Provider.java:252) [surefire-junit4-2.12.4.jar:2.12.4]
	at org.apache.maven.surefire.junit4.JUnit4Provider.executeTestSet(JUnit4Provider.java:141) [surefire-junit4-2.12.4.jar:2.12.4]
	at org.apache.maven.surefire.junit4.JUnit4Provider.invoke(JUnit4Provider.java:112) [surefire-junit4-2.12.4.jar:2.12.4]
	at sun.reflect.NativeMethodAccessorImpl.invoke0(Native Method) ~[?:1.8.0_60]
	at sun.reflect.NativeMethodAccessorImpl.invoke(NativeMethodAccessorImpl.java:62) ~[?:1.8.0_60]
	at sun.reflect.DelegatingMethodAccessorImpl.invoke(DelegatingMethodAccessorImpl.java:43) ~[?:1.8.0_60]
	at java.lang.reflect.Method.invoke(Method.java:497) ~[?:1.8.0_60]
	at org.apache.maven.surefire.util.ReflectionUtils.invokeMethodWithArray(ReflectionUtils.java:189) [surefire-api-2.12.4.jar:2.12.4]
	at org.apache.maven.surefire.booter.ProviderFactory$ProviderProxy.invoke(ProviderFactory.java:165) [surefire-booter-2.12.4.jar:2.12.4]
	at org.apache.maven.surefire.booter.ProviderFactory.invokeProvider(ProviderFactory.java:85) [surefire-booter-2.12.4.jar:2.12.4]
	at org.apache.maven.surefire.booter.ForkedBooter.runSuitesInProcess(ForkedBooter.java:115) [surefire-booter-2.12.4.jar:2.12.4]
	at org.apache.maven.surefire.booter.ForkedBooter.main(ForkedBooter.java:75) [surefire-booter-2.12.4.jar:2.12.4]
</system-out>
  </testcase>
  <testcase classname="be.unamur.info.b314.compiler.main.B314localvariabledeclSyntaxTest" name="testlocalvariabledecl_when_local_var_same_names_and_different_types_than_global_vars_ok" time="0.065">
    <failure message="localvariabledecl: when_local_var_same_names_and_different_types_than_global_vars
Expected: a string ending with &quot;OK\r\n&quot;
     but: was &quot;KO
&quot;" type="java.lang.AssertionError">java.lang.AssertionError: localvariabledecl: when_local_var_same_names_and_different_types_than_global_vars
Expected: a string ending with &quot;OK\r\n&quot;
     but: was &quot;KO
&quot;
	at org.hamcrest.MatcherAssert.assertThat(MatcherAssert.java:20)
	at org.junit.Assert.assertThat(Assert.java:956)
	at be.unamur.info.b314.compiler.main.CompilerTestHelper.launchCompilation(CompilerTestHelper.java:42)
	at be.unamur.info.b314.compiler.main.B314localvariabledeclSyntaxTest.testlocalvariabledecl_when_local_var_same_names_and_different_types_than_global_vars_ok(B314localvariabledeclSyntaxTest.java:84)
	at sun.reflect.NativeMethodAccessorImpl.invoke0(Native Method)
	at sun.reflect.NativeMethodAccessorImpl.invoke(NativeMethodAccessorImpl.java:62)
	at sun.reflect.DelegatingMethodAccessorImpl.invoke(DelegatingMethodAccessorImpl.java:43)
	at java.lang.reflect.Method.invoke(Method.java:497)
	at org.junit.runners.model.FrameworkMethod$1.runReflectiveCall(FrameworkMethod.java:50)
	at org.junit.internal.runners.model.ReflectiveCallable.run(ReflectiveCallable.java:12)
	at org.junit.runners.model.FrameworkMethod.invokeExplosively(FrameworkMethod.java:47)
	at org.junit.internal.runners.statements.InvokeMethod.evaluate(InvokeMethod.java:17)
	at org.junit.rules.ExternalResource$1.evaluate(ExternalResource.java:48)
	at org.junit.rules.TestWatcher$1.evaluate(TestWatcher.java:55)
	at org.junit.rules.RunRules.evaluate(RunRules.java:20)
	at org.junit.runners.ParentRunner.runLeaf(ParentRunner.java:325)
	at org.junit.runners.BlockJUnit4ClassRunner.runChild(BlockJUnit4ClassRunner.java:78)
	at org.junit.runners.BlockJUnit4ClassRunner.runChild(BlockJUnit4ClassRunner.java:57)
	at org.junit.runners.ParentRunner$3.run(ParentRunner.java:290)
	at org.junit.runners.ParentRunner$1.schedule(ParentRunner.java:71)
	at org.junit.runners.ParentRunner.runChildren(ParentRunner.java:288)
	at org.junit.runners.ParentRunner.access$000(ParentRunner.java:58)
	at org.junit.runners.ParentRunner$2.evaluate(ParentRunner.java:268)
	at org.junit.runners.ParentRunner.run(ParentRunner.java:363)
	at org.apache.maven.surefire.junit4.JUnit4Provider.execute(JUnit4Provider.java:252)
	at org.apache.maven.surefire.junit4.JUnit4Provider.executeTestSet(JUnit4Provider.java:141)
	at org.apache.maven.surefire.junit4.JUnit4Provider.invoke(JUnit4Provider.java:112)
	at sun.reflect.NativeMethodAccessorImpl.invoke0(Native Method)
	at sun.reflect.NativeMethodAccessorImpl.invoke(NativeMethodAccessorImpl.java:62)
	at sun.reflect.DelegatingMethodAccessorImpl.invoke(DelegatingMethodAccessorImpl.java:43)
	at java.lang.reflect.Method.invoke(Method.java:497)
	at org.apache.maven.surefire.util.ReflectionUtils.invokeMethodWithArray(ReflectionUtils.java:189)
	at org.apache.maven.surefire.booter.ProviderFactory$ProviderProxy.invoke(ProviderFactory.java:165)
	at org.apache.maven.surefire.booter.ProviderFactory.invokeProvider(ProviderFactory.java:85)
	at org.apache.maven.surefire.booter.ForkedBooter.runSuitesInProcess(ForkedBooter.java:115)
	at org.apache.maven.surefire.booter.ForkedBooter.main(ForkedBooter.java:75)
</failure>
    <system-out>12:46:30.216 [main] INFO  - Starting test: testlocalvariabledecl_when_local_var_same_names_and_different_types_than_global_vars_ok()...
org.apache.commons.cli.CommandLine@9257031
12:46:30.220 [main] DEBUG - Initialisation
12:46:30.221 [main] DEBUG - Input file set to C:\Users\Nathalie Masudi\b314-Jour-MonkeyIsland\target\test-classes\syntax\localvariabledecl\ok\when_local_var_same_names_and_different_types_than_global_vars.b314
12:46:30.221 [main] DEBUG - Output file set to C:\Users\NATHAL~1\AppData\Local\Temp\junit2786054950691471956\junit8319243077592264659.tmp
12:46:30.221 [main] DEBUG - Initialisation: done
jessica1
12:46:30.235 [main] DEBUG - Parsing input
/* My comments */ 
declare and retain 
	b1 as boolean;
	b2 as boolean;
    i1 as integer; 
    i2 as integer;
    i3 as integer;
    s1 as square;
    s2 as square;
    v1 as boolean[5, 7];
    v2 as integer[42];

    fct1 as function():square
    	do
    		skip
    	done 

    fct2 as function(x as integer, y as boolean):integer
    	do
    		skip
    	done 

    fct3 as function():boolean
    	do
    		skip
    	done 

    fct4 as function():square
    	do
    		skip
    	done 

    fct5 as function(x as integer, y as boolean, z as square):integer
    	do
    		skip
    	done 
    	
when your turn 

	when true and b1 or v1[0, i1 + 2 * 5] do
		if b1 and i1 = 2 then
			while i1 &lt; i3 do
				set i2 to i1 + 1
			done
		else
			if s1 = ammo then
				next do nothing
			done
		done
	done 

	when false 
	declare local
		loc1 as integer;
		loc2 as boolean;
		loc3 as square;
		loc4 as integer[5];
		v1 as integer[42];
	do
		set v1[0] to 42
	done

	when not graal is north and i2 &gt; 5 and v2[4] &lt; 42 or s1 = dirt 
	declare local
		loc1 as integer;
		loc2 as boolean;
		loc3 as square;
		loc4 as integer[5];
	do
    	compute fct1()
    	set s1 to fct1()
    	if fct5(i1 + 2, s2 = ammo, ennemi) &gt; 2 then
    		skip
    	done
    	while fct3() do
    		skip
    	done
    	next move west
	done
	
	when true and false 
	    	declare local
    		loc1 as integer;
    		loc2 as boolean;
    		loc3 as square;
    		loc4 as integer[5];
    do
	    compute loc1 + 2 - loc4[0 + 1 - i1] = 5 and not loc2 or loc3 = dirt
    done
    
    by default 
	declare local
		loc1 as integer;
		loc2 as boolean;
		loc3 as square;
		loc4 as integer[5];
		b1 as integer;
		s1 as boolean;
	do 
		compute s1 and b1 = 42 or loc2 
	done&amp;#0;&amp;#0;&amp;#0;&amp;#0;&amp;#0;&amp;#0;&amp;#0;&amp;#0;&amp;#0;&amp;#0;&amp;#0;&amp;#0;&amp;#0;&amp;#0;&amp;#0;&amp;#0;&amp;#0;&amp;#0;&amp;#0;&amp;#0;&amp;#0;&amp;#0;&amp;#0;&amp;#0;&amp;#0;&amp;#0;&amp;#0;&amp;#0;&amp;#0;&amp;#0;&amp;#0;&amp;#0;&amp;#0;&amp;#0;&amp;#0;&amp;#0;&amp;#0;&amp;#0;&amp;#0;&amp;#0;&amp;#0;&amp;#0;&amp;#0;&amp;#0;&amp;#0;&amp;#0;&amp;#0;&amp;#0;&amp;#0;&amp;#0;&amp;#0;&amp;#0;&amp;#0;&amp;#0;&amp;#0;&amp;#0;&amp;#0;&amp;#0;&amp;#0;&amp;#0;&amp;#0;&amp;#0;&amp;#0;&amp;#0;&amp;#0;&amp;#0;&amp;#0;&amp;#0;&amp;#0;&amp;#0;&amp;#0;&amp;#0;&amp;#0;&amp;#0;&amp;#0;&amp;#0;&amp;#0;&amp;#0;&amp;#0;&amp;#0;&amp;#0;&amp;#0;&amp;#0;&amp;#0;&amp;#0;&amp;#0;&amp;#0;&amp;#0;&amp;#0;&amp;#0;&amp;#0;&amp;#0;&amp;#0;&amp;#0;&amp;#0;&amp;#0;&amp;#0;&amp;#0;&amp;#0;&amp;#0;&amp;#0;&amp;#0;&amp;#0;&amp;#0;&amp;#0;&amp;#0;&amp;#0;&amp;#0;&amp;#0;&amp;#0;&amp;#0;&amp;#0;&amp;#0;&amp;#0;&amp;#0;&amp;#0;&amp;#0;&amp;#0;&amp;#0;&amp;#0;&amp;#0;&amp;#0;&amp;#0;&amp;#0;&amp;#0;&amp;#0;&amp;#0;&amp;#0;&amp;#0;&amp;#0;&amp;#0;&amp;#0;&amp;#0;&amp;#0;&amp;#0;&amp;#0;&amp;#0;&amp;#0;&amp;#0;&amp;#0;&amp;#0;&amp;#0;&amp;#0;&amp;#0;&amp;#0;&amp;#0;&amp;#0;&amp;#0;&amp;#0;&amp;#0;&amp;#0;&amp;#0;&amp;#0;&amp;#0;&amp;#0;&amp;#0;&amp;#0;&amp;#0;&amp;#0;&amp;#0;&amp;#0;&amp;#0;&amp;#0;&amp;#0;&amp;#0;&amp;#0;&amp;#0;&amp;#0;&amp;#0;&amp;#0;&amp;#0;&amp;#0;&amp;#0;&amp;#0;&amp;#0;&amp;#0;&amp;#0;&amp;#0;&amp;#0;&amp;#0;&amp;#0;&amp;#0;&amp;#0;&amp;#0;&amp;#0;&amp;#0;&amp;#0;&amp;#0;&amp;#0;&amp;#0;&amp;#0;&amp;#0;&amp;#0;&amp;#0;&amp;#0;&amp;#0;&amp;#0;&amp;#0;&amp;#0;&amp;#0;&amp;#0;&amp;#0;&amp;#0;&amp;#0;&amp;#0;&amp;#0;&amp;#0;&amp;#0;&amp;#0;&amp;#0;&amp;#0;&amp;#0;&amp;#0;&amp;#0;&amp;#0;&amp;#0;&amp;#0;&amp;#0;&amp;#0;&amp;#0;&amp;#0;&amp;#0;&amp;#0;&amp;#0;&amp;#0;&amp;#0;&amp;#0;&amp;#0;&amp;#0;&amp;#0;&amp;#0;&amp;#0;&amp;#0;&amp;#0;&amp;#0;&amp;#0;&amp;#0;&amp;#0;&amp;#0;&amp;#0;&amp;#0;&amp;#0;&amp;#0;&amp;#0;&amp;#0;&amp;#0;&amp;#0;&amp;#0;&amp;#0;&amp;#0;&amp;#0;&amp;#0;&amp;#0;&amp;#0;&amp;#0;&amp;#0;&amp;#0;&amp;#0;&amp;#0;&amp;#0;&amp;#0;&amp;#0;&amp;#0;&amp;#0;&amp;#0;&amp;#0;&amp;#0;&amp;#0;&amp;#0;&amp;#0;&amp;#0;&amp;#0;&amp;#0;&amp;#0;&amp;#0;&amp;#0;&amp;#0;&amp;#0;&amp;#0;&amp;#0;&amp;#0;&amp;#0;&amp;#0;&amp;#0;&amp;#0;&amp;#0;&amp;#0;&amp;#0;&amp;#0;&amp;#0;&amp;#0;&amp;#0;&amp;#0;&amp;#0;&amp;#0;&amp;#0;&amp;#0;&amp;#0;&amp;#0;&amp;#0;&amp;#0;&amp;#0;&amp;#0;&amp;#0;&amp;#0;&amp;#0;&amp;#0;&amp;#0;&amp;#0;&amp;#0;&amp;#0;&amp;#0;&amp;#0;&amp;#0;&amp;#0;&amp;#0;&amp;#0;&amp;#0;&amp;#0;&amp;#0;&amp;#0;&amp;#0;&amp;#0;&amp;#0;&amp;#0;&amp;#0;&amp;#0;&amp;#0;&amp;#0;&amp;#0;&amp;#0;&amp;#0;&amp;#0;&amp;#0;&amp;#0;&amp;#0;&amp;#0;&amp;#0;&amp;#0;&amp;#0;&amp;#0;&amp;#0;&amp;#0;&amp;#0;&amp;#0;&amp;#0;&amp;#0;&amp;#0;&amp;#0;&amp;#0;&amp;#0;&amp;#0;&amp;#0;&amp;#0;&amp;#0;&amp;#0;&amp;#0;&amp;#0;&amp;#0;&amp;#0;&amp;#0;&amp;#0;&amp;#0;&amp;#0;&amp;#0;&amp;#0;&amp;#0;&amp;#0;&amp;#0;&amp;#0;&amp;#0;&amp;#0;&amp;#0;&amp;#0;&amp;#0;&amp;#0;&amp;#0;&amp;#0;&amp;#0;&amp;#0;&amp;#0;&amp;#0;&amp;#0;&amp;#0;&amp;#0;&amp;#0;&amp;#0;&amp;#0;&amp;#0;&amp;#0;&amp;#0;&amp;#0;&amp;#0;&amp;#0;&amp;#0;&amp;#0;&amp;#0;&amp;#0;&amp;#0;&amp;#0;&amp;#0;&amp;#0;&amp;#0;&amp;#0;&amp;#0;&amp;#0;&amp;#0;&amp;#0;&amp;#0;&amp;#0;&amp;#0;&amp;#0;&amp;#0;&amp;#0;&amp;#0;&amp;#0;&amp;#0;&amp;#0;&amp;#0;&amp;#0;&amp;#0;&amp;#0;&amp;#0;&amp;#0;&amp;#0;&amp;#0;&amp;#0;&amp;#0;&amp;#0;&amp;#0;&amp;#0;&amp;#0;&amp;#0;&amp;#0;&amp;#0;&amp;#0;&amp;#0;&amp;#0;&amp;#0;&amp;#0;&amp;#0;&amp;#0;&amp;#0;&amp;#0;&amp;#0;&amp;#0;&amp;#0;&amp;#0;&amp;#0;&amp;#0;&amp;#0;&amp;#0;&amp;#0;&amp;#0;&amp;#0;&amp;#0;&amp;#0;&amp;#0;&amp;#0;&amp;#0;&amp;#0;&amp;#0;&amp;#0;&amp;#0;&amp;#0;&amp;#0;&amp;#0;&amp;#0;&amp;#0;&amp;#0;&amp;#0;&amp;#0;&amp;#0;&amp;#0;&amp;#0;&amp;#0;&amp;#0;&amp;#0;&amp;#0;&amp;#0;&amp;#0;&amp;#0;&amp;#0;&amp;#0;&amp;#0;&amp;#0;&amp;#0;&amp;#0;&amp;#0;&amp;#0;&amp;#0;&amp;#0;&amp;#0;&amp;#0;&amp;#0;&amp;#0;&amp;#0;&amp;#0;&amp;#0;&amp;#0;&amp;#0;&amp;#0;&amp;#0;&amp;#0;&amp;#0;&amp;#0;&amp;#0;&amp;#0;&amp;#0;&amp;#0;&amp;#0;&amp;#0;&amp;#0;&amp;#0;&amp;#0;&amp;#0;&amp;#0;&amp;#0;&amp;#0;&amp;#0;&amp;#0;&amp;#0;&amp;#0;&amp;#0;&amp;#0;&amp;#0;&amp;#0;&amp;#0;&amp;#0;&amp;#0;&amp;#0;&amp;#0;&amp;#0;&amp;#0;&amp;#0;&amp;#0;&amp;#0;&amp;#0;&amp;#0;&amp;#0;&amp;#0;&amp;#0;&amp;#0;&amp;#0;&amp;#0;&amp;#0;&amp;#0;&amp;#0;&amp;#0;&amp;#0;&amp;#0;&amp;#0;&amp;#0;&amp;#0;&amp;#0;&amp;#0;&amp;#0;&amp;#0;&amp;#0;&amp;#0;&amp;#0;&amp;#0;&amp;#0;&amp;#0;&amp;#0;&amp;#0;&amp;#0;&amp;#0;&amp;#0;&amp;#0;&amp;#0;&amp;#0;&amp;#0;&amp;#0;&amp;#0;&amp;#0;&amp;#0;&amp;#0;&amp;#0;&amp;#0;&amp;#0;&amp;#0;&amp;#0;&amp;#0;&amp;#0;&amp;#0;&amp;#0;&amp;#0;&amp;#0;&amp;#0;&amp;#0;&amp;#0;&amp;#0;&amp;#0;&amp;#0;&amp;#0;&amp;#0;&amp;#0;&amp;#0;&amp;#0;&amp;#0;&amp;#0;&amp;#0;&amp;#0;&amp;#0;&amp;#0;&amp;#0;&amp;#0;&amp;#0;&amp;#0;&amp;#0;&amp;#0;&amp;#0;&amp;#0;&amp;#0;&amp;#0;&amp;#0;&amp;#0;&amp;#0;&amp;#0;&amp;#0;&amp;#0;&amp;#0;&amp;#0;&amp;#0;&amp;#0;&amp;#0;&amp;#0;&amp;#0;&amp;#0;&amp;#0;&amp;#0;&amp;#0;&amp;#0;&amp;#0;&amp;#0;&amp;#0;&amp;#0;&amp;#0;&amp;#0;&amp;#0;&amp;#0;&amp;#0;&amp;#0;&amp;#0;&amp;#0;&amp;#0;&amp;#0;&amp;#0;&amp;#0;&amp;#0;&amp;#0;&amp;#0;&amp;#0;&amp;#0;&amp;#0;&amp;#0;&amp;#0;&amp;#0;&amp;#0;&amp;#0;&amp;#0;&amp;#0;&amp;#0;&amp;#0;&amp;#0;&amp;#0;&amp;#0;&amp;#0;&amp;#0;&amp;#0;&amp;#0;&amp;#0;&amp;#0;&amp;#0;&amp;#0;&amp;#0;&amp;#0;&amp;#0;&amp;#0;&amp;#0;&amp;#0;&amp;#0;&amp;#0;&amp;#0;&amp;#0;&amp;#0;&amp;#0;&amp;#0;&amp;#0;&amp;#0;&amp;#0;&amp;#0;&amp;#0;&amp;#0;&amp;#0;&amp;#0;&amp;#0;&amp;#0;&amp;#0;&amp;#0;&amp;#0;&amp;#0;&amp;#0;&amp;#0;&amp;#0;&amp;#0;&amp;#0;&amp;#0;&amp;#0;&amp;#0;&amp;#0;&amp;#0;&amp;#0;&amp;#0;&amp;#0;&amp;#0;&amp;#0;&amp;#0;&amp;#0;&amp;#0;&amp;#0;&amp;#0;&amp;#0;&amp;#0;&amp;#0;&amp;#0;&amp;#0;&amp;#0;&amp;#0;&amp;#0;&amp;#0;&amp;#0;&amp;#0;&amp;#0;&amp;#0;&amp;#0;&amp;#0;&amp;#0;&amp;#0;&amp;#0;&amp;#0;&amp;#0;&amp;#0;&amp;#0;&amp;#0;&amp;#0;&amp;#0;&amp;#0;&amp;#0;&amp;#0;&amp;#0;&amp;#0;&amp;#0;&amp;#0;&amp;#0;&amp;#0;&amp;#0;&amp;#0;&amp;#0;&amp;#0;&amp;#0;&amp;#0;&amp;#0;&amp;#0;&amp;#0;&amp;#0;&amp;#0;&amp;#0;&amp;#0;&amp;#0;&amp;#0;&amp;#0;&amp;#0;&amp;#0;&amp;#0;&amp;#0;&amp;#0;&amp;#0;&amp;#0;&amp;#0;&amp;#0;&amp;#0;&amp;#0;&amp;#0;&amp;#0;&amp;#0;&amp;#0;&amp;#0;&amp;#0;&amp;#0;&amp;#0;&amp;#0;&amp;#0;&amp;#0;&amp;#0;&amp;#0;&amp;#0;&amp;#0;&amp;#0;&amp;#0;&amp;#0;&amp;#0;&amp;#0;&amp;#0;&amp;#0;&amp;#0;&amp;#0;&amp;#0;&amp;#0;&amp;#0;&amp;#0;&amp;#0;&amp;#0;&amp;#0;&amp;#0;&amp;#0;&amp;#0;&amp;#0;&amp;#0;&amp;#0;&amp;#0;&amp;#0;&amp;#0;&amp;#0;&amp;#0;&amp;#0;&amp;#0;&amp;#0;&amp;#0;&amp;#0;&amp;#0;&amp;#0;&amp;#0;&amp;#0;&amp;#0;&amp;#0;&amp;#0;&amp;#0;&amp;#0;&amp;#0;&amp;#0;&amp;#0;&amp;#0;&amp;#0;&amp;#0;&amp;#0;&amp;#0;&amp;#0;&amp;#0;&amp;#0;&amp;#0;&amp;#0;&amp;#0;&amp;#0;&amp;#0;&amp;#0;&amp;#0;&amp;#0;&amp;#0;&amp;#0;&amp;#0;&amp;#0;&amp;#0;&amp;#0;&amp;#0;&amp;#0;&amp;#0;&amp;#0;&amp;#0;&amp;#0;&amp;#0;&amp;#0;&amp;#0;&amp;#0;&amp;#0;&amp;#0;&amp;#0;&amp;#0;&amp;#0;&amp;#0;&amp;#0;&amp;#0;&amp;#0;&amp;#0;&amp;#0;&amp;#0;&amp;#0;&amp;#0;&amp;#0;&amp;#0;&amp;#0;&amp;#0;&amp;#0;&amp;#0;&amp;#0;&amp;#0;&amp;#0;&amp;#0;&amp;#0;&amp;#0;&amp;#0;&amp;#0;&amp;#0;&amp;#0;&amp;#0;&amp;#0;&amp;#0;&amp;#0;&amp;#0;&amp;#0;&amp;#0;&amp;#0;&amp;#0;&amp;#0;&amp;#0;&amp;#0;&amp;#0;&amp;#0;&amp;#0;&amp;#0;&amp;#0;&amp;#0;&amp;#0;&amp;#0;&amp;#0;&amp;#0;&amp;#0;&amp;#0;&amp;#0;&amp;#0;&amp;#0;&amp;#0;&amp;#0;&amp;#0;&amp;#0;&amp;#0;&amp;#0;&amp;#0;&amp;#0;&amp;#0;&amp;#0;&amp;#0;&amp;#0;&amp;#0;&amp;#0;&amp;#0;&amp;#0;&amp;#0;&amp;#0;&amp;#0;&amp;#0;&amp;#0;&amp;#0;&amp;#0;&amp;#0;&amp;#0;&amp;#0;&amp;#0;&amp;#0;&amp;#0;&amp;#0;&amp;#0;&amp;#0;&amp;#0;&amp;#0;&amp;#0;&amp;#0;&amp;#0;&amp;#0;&amp;#0;&amp;#0;&amp;#0;&amp;#0;&amp;#0;&amp;#0;&amp;#0;&amp;#0;&amp;#0;&amp;#0;&amp;#0;&amp;#0;&amp;#0;&amp;#0;&amp;#0;&amp;#0;&amp;#0;&amp;#0;&amp;#0;&amp;#0;&amp;#0;&amp;#0;&amp;#0;&amp;#0;&amp;#0;&amp;#0;&amp;#0;&amp;#0;&amp;#0;&amp;#0;&amp;#0;&amp;#0;&amp;#0;&amp;#0;&amp;#0;&amp;#0;&amp;#0;&amp;#0;&amp;#0;&amp;#0;&amp;#0;&amp;#0;&amp;#0;&amp;#0;&amp;#0;&amp;#0;&amp;#0;&amp;#0;&amp;#0;&amp;#0;&amp;#0;&amp;#0;&amp;#0;&amp;#0;&amp;#0;&amp;#0;&amp;#0;&amp;#0;&amp;#0;&amp;#0;&amp;#0;&amp;#0;&amp;#0;&amp;#0;&amp;#0;&amp;#0;&amp;#0;&amp;#0;&amp;#0;&amp;#0;&amp;#0;&amp;#0;&amp;#0;&amp;#0;&amp;#0;&amp;#0;&amp;#0;&amp;#0;&amp;#0;&amp;#0;&amp;#0;&amp;#0;&amp;#0;&amp;#0;&amp;#0;&amp;#0;&amp;#0;&amp;#0;&amp;#0;&amp;#0;&amp;#0;&amp;#0;&amp;#0;&amp;#0;&amp;#0;&amp;#0;&amp;#0;&amp;#0;&amp;#0;&amp;#0;&amp;#0;&amp;#0;&amp;#0;&amp;#0;&amp;#0;&amp;#0;&amp;#0;&amp;#0;&amp;#0;&amp;#0;&amp;#0;&amp;#0;&amp;#0;&amp;#0;&amp;#0;&amp;#0;&amp;#0;&amp;#0;&amp;#0;&amp;#0;&amp;#0;&amp;#0;&amp;#0;&amp;#0;&amp;#0;&amp;#0;&amp;#0;&amp;#0;&amp;#0;&amp;#0;&amp;#0;&amp;#0;&amp;#0;&amp;#0;&amp;#0;&amp;#0;&amp;#0;&amp;#0;&amp;#0;&amp;#0;&amp;#0;&amp;#0;&amp;#0;&amp;#0;&amp;#0;&amp;#0;&amp;#0;&amp;#0;&amp;#0;&amp;#0;&amp;#0;&amp;#0;&amp;#0;&amp;#0;&amp;#0;&amp;#0;&amp;#0;&amp;#0;&amp;#0;&amp;#0;&amp;#0;&amp;#0;&amp;#0;&amp;#0;&amp;#0;&amp;#0;&amp;#0;&amp;#0;&amp;#0;&amp;#0;&amp;#0;&amp;#0;&amp;#0;&amp;#0;&amp;#0;&amp;#0;&amp;#0;&amp;#0;&amp;#0;&amp;#0;&amp;#0;&amp;#0;&amp;#0;&amp;#0;&amp;#0;&amp;#0;&amp;#0;&amp;#0;&amp;#0;&amp;#0;&amp;#0;&amp;#0;&amp;#0;&amp;#0;&amp;#0;&amp;#0;&amp;#0;&amp;#0;&amp;#0;&amp;#0;&amp;#0;&amp;#0;&amp;#0;&amp;#0;&amp;#0;&amp;#0;&amp;#0;&amp;#0;&amp;#0;&amp;#0;&amp;#0;&amp;#0;&amp;#0;&amp;#0;&amp;#0;&amp;#0;&amp;#0;&amp;#0;&amp;#0;&amp;#0;&amp;#0;&amp;#0;&amp;#0;&amp;#0;&amp;#0;&amp;#0;&amp;#0;&amp;#0;&amp;#0;&amp;#0;&amp;#0;&amp;#0;&amp;#0;&amp;#0;&amp;#0;&amp;#0;&amp;#0;&amp;#0;&amp;#0;&amp;#0;&amp;#0;&amp;#0;&amp;#0;&amp;#0;&amp;#0;&amp;#0;&amp;#0;&amp;#0;&amp;#0;&amp;#0;&amp;#0;&amp;#0;&amp;#0;&amp;#0;&amp;#0;&amp;#0;&amp;#0;&amp;#0;&amp;#0;&amp;#0;&amp;#0;&amp;#0;&amp;#0;&amp;#0;&amp;#0;&amp;#0;&amp;#0;&amp;#0;&amp;#0;&amp;#0;&amp;#0;&amp;#0;&amp;#0;&amp;#0;&amp;#0;&amp;#0;&amp;#0;&amp;#0;&amp;#0;&amp;#0;&amp;#0;&amp;#0;&amp;#0;&amp;#0;&amp;#0;&amp;#0;&amp;#0;&amp;#0;&amp;#0;&amp;#0;&amp;#0;&amp;#0;&amp;#0;&amp;#0;&amp;#0;&amp;#0;&amp;#0;&amp;#0;&amp;#0;&amp;#0;&amp;#0;&amp;#0;&amp;#0;&amp;#0;&amp;#0;&amp;#0;&amp;#0;&amp;#0;&amp;#0;&amp;#0;&amp;#0;&amp;#0;&amp;#0;&amp;#0;&amp;#0;&amp;#0;&amp;#0;&amp;#0;&amp;#0;&amp;#0;&amp;#0;&amp;#0;&amp;#0;&amp;#0;&amp;#0;&amp;#0;&amp;#0;&amp;#0;&amp;#0;&amp;#0;&amp;#0;&amp;#0;&amp;#0;&amp;#0;&amp;#0;&amp;#0;&amp;#0;&amp;#0;&amp;#0;&amp;#0;&amp;#0;&amp;#0;&amp;#0;&amp;#0;&amp;#0;&amp;#0;&amp;#0;&amp;#0;&amp;#0;&amp;#0;&amp;#0;&amp;#0;&amp;#0;&amp;#0;&amp;#0;&amp;#0;&amp;#0;&amp;#0;&amp;#0;&amp;#0;&amp;#0;&amp;#0;&amp;#0;&amp;#0;&amp;#0;&amp;#0;&amp;#0;&amp;#0;&amp;#0;&amp;#0;&amp;#0;&amp;#0;&amp;#0;&amp;#0;&amp;#0;&amp;#0;&amp;#0;&amp;#0;&amp;#0;&amp;#0;&amp;#0;&amp;#0;&amp;#0;&amp;#0;&amp;#0;&amp;#0;&amp;#0;&amp;#0;&amp;#0;&amp;#0;&amp;#0;&amp;#0;&amp;#0;&amp;#0;&amp;#0;&amp;#0;&amp;#0;&amp;#0;&amp;#0;&amp;#0;&amp;#0;&amp;#0;&amp;#0;&amp;#0;&amp;#0;&amp;#0;&amp;#0;&amp;#0;&amp;#0;&amp;#0;&amp;#0;&amp;#0;&amp;#0;&amp;#0;&amp;#0;&amp;#0;&amp;#0;&amp;#0;&amp;#0;&amp;#0;&amp;#0;&amp;#0;&amp;#0;&amp;#0;&amp;#0;&amp;#0;&amp;#0;&amp;#0;&amp;#0;&amp;#0;&amp;#0;&amp;#0;&amp;#0;&amp;#0;&amp;#0;&amp;#0;&amp;#0;&amp;#0;&amp;#0;&amp;#0;&amp;#0;&amp;#0;&amp;#0;&amp;#0;&amp;#0;&amp;#0;&amp;#0;&amp;#0;&amp;#0;&amp;#0;&amp;#0;&amp;#0;&amp;#0;&amp;#0;&amp;#0;&amp;#0;&amp;#0;&amp;#0;&amp;#0;&amp;#0;&amp;#0;&amp;#0;&amp;#0;&amp;#0;&amp;#0;&amp;#0;&amp;#0;&amp;#0;&amp;#0;&amp;#0;&amp;#0;&amp;#0;&amp;#0;&amp;#0;&amp;#0;&amp;#0;&amp;#0;&amp;#0;&amp;#0;&amp;#0;&amp;#0;&amp;#0;&amp;#0;&amp;#0;&amp;#0;&amp;#0;&amp;#0;&amp;#0;&amp;#0;&amp;#0;&amp;#0;&amp;#0;&amp;#0;&amp;#0;&amp;#0;&amp;#0;&amp;#0;&amp;#0;&amp;#0;&amp;#0;&amp;#0;&amp;#0;&amp;#0;&amp;#0;&amp;#0;&amp;#0;&amp;#0;&amp;#0;&amp;#0;&amp;#0;&amp;#0;&amp;#0;&amp;#0;&amp;#0;&amp;#0;&amp;#0;&amp;#0;&amp;#0;&amp;#0;&amp;#0;&amp;#0;&amp;#0;&amp;#0;&amp;#0;&amp;#0;&amp;#0;&amp;#0;&amp;#0;&amp;#0;&amp;#0;&amp;#0;&amp;#0;&amp;#0;&amp;#0;&amp;#0;&amp;#0;&amp;#0;&amp;#0;&amp;#0;&amp;#0;&amp;#0;&amp;#0;&amp;#0;&amp;#0;&amp;#0;&amp;#0;&amp;#0;&amp;#0;&amp;#0;&amp;#0;&amp;#0;&amp;#0;&amp;#0;&amp;#0;&amp;#0;&amp;#0;&amp;#0;&amp;#0;&amp;#0;&amp;#0;&amp;#0;&amp;#0;&amp;#0;&amp;#0;&amp;#0;&amp;#0;&amp;#0;&amp;#0;&amp;#0;&amp;#0;&amp;#0;&amp;#0;&amp;#0;&amp;#0;&amp;#0;&amp;#0;&amp;#0;&amp;#0;&amp;#0;&amp;#0;&amp;#0;&amp;#0;&amp;#0;&amp;#0;&amp;#0;&amp;#0;&amp;#0;&amp;#0;&amp;#0;&amp;#0;&amp;#0;&amp;#0;&amp;#0;&amp;#0;&amp;#0;&amp;#0;&amp;#0;&amp;#0;&amp;#0;&amp;#0;&amp;#0;&amp;#0;&amp;#0;&amp;#0;&amp;#0;&amp;#0;&amp;#0;&amp;#0;&amp;#0;&amp;#0;&amp;#0;&amp;#0;&amp;#0;&amp;#0;&amp;#0;&amp;#0;&amp;#0;&amp;#0;&amp;#0;&amp;#0;&amp;#0;&amp;#0;&amp;#0;&amp;#0;&amp;#0;&amp;#0;&amp;#0;&amp;#0;&amp;#0;&amp;#0;&amp;#0;&amp;#0;&amp;#0;&amp;#0;&amp;#0;&amp;#0;&amp;#0;&amp;#0;&amp;#0;&amp;#0;&amp;#0;&amp;#0;&amp;#0;&amp;#0;&amp;#0;&amp;#0;&amp;#0;&amp;#0;&amp;#0;&amp;#0;&amp;#0;&amp;#0;&amp;#0;&amp;#0;&amp;#0;&amp;#0;&amp;#0;&amp;#0;&amp;#0;&amp;#0;&amp;#0;&amp;#0;&amp;#0;&amp;#0;&amp;#0;&amp;#0;&amp;#0;&amp;#0;&amp;#0;&amp;#0;&amp;#0;&amp;#0;&amp;#0;&amp;#0;&amp;#0;&amp;#0;&amp;#0;&amp;#0;&amp;#0;&amp;#0;&amp;#0;&amp;#0;&amp;#0;&amp;#0;&amp;#0;&amp;#0;&amp;#0;&amp;#0;&amp;#0;&amp;#0;&amp;#0;&amp;#0;&amp;#0;&amp;#0;&amp;#0;&amp;#0;&amp;#0;&amp;#0;&amp;#0;&amp;#0;&amp;#0;&amp;#0;&amp;#0;&amp;#0;&amp;#0;&amp;#0;&amp;#0;&amp;#0;&amp;#0;&amp;#0;&amp;#0;&amp;#0;&amp;#0;&amp;#0;&amp;#0;&amp;#0;&amp;#0;&amp;#0;&amp;#0;&amp;#0;&amp;#0;&amp;#0;&amp;#0;&amp;#0;&amp;#0;&amp;#0;&amp;#0;&amp;#0;&amp;#0;&amp;#0;&amp;#0;&amp;#0;&amp;#0;&amp;#0;&amp;#0;&amp;#0;&amp;#0;&amp;#0;&amp;#0;&amp;#0;&amp;#0;&amp;#0;&amp;#0;&amp;#0;&amp;#0;&amp;#0;&amp;#0;&amp;#0;&amp;#0;&amp;#0;&amp;#0;&amp;#0;&amp;#0;&amp;#0;&amp;#0;&amp;#0;&amp;#0;&amp;#0;&amp;#0;&amp;#0;&amp;#0;&amp;#0;&amp;#0;&amp;#0;&amp;#0;&amp;#0;&amp;#0;&amp;#0;&amp;#0;&amp;#0;&amp;#0;&amp;#0;&amp;#0;&amp;#0;&amp;#0;&amp;#0;&amp;#0;&amp;#0;&amp;#0;&amp;#0;&amp;#0;&amp;#0;&amp;#0;&amp;#0;&amp;#0;&amp;#0;&amp;#0;&amp;#0;&amp;#0;&amp;#0;&amp;#0;&amp;#0;&amp;#0;&amp;#0;&amp;#0;&amp;#0;&amp;#0;&amp;#0;&amp;#0;&amp;#0;&amp;#0;&amp;#0;&amp;#0;&amp;#0;&amp;#0;&amp;#0;&amp;#0;&amp;#0;&amp;#0;&amp;#0;&amp;#0;&amp;#0;&amp;#0;&amp;#0;&amp;#0;&amp;#0;&amp;#0;&amp;#0;&amp;#0;&amp;#0;&amp;#0;&amp;#0;&amp;#0;&amp;#0;&amp;#0;&amp;#0;&amp;#0;&amp;#0;&amp;#0;&amp;#0;&amp;#0;&amp;#0;&amp;#0;&amp;#0;&amp;#0;&amp;#0;&amp;#0;&amp;#0;&amp;#0;&amp;#0;&amp;#0;&amp;#0;&amp;#0;&amp;#0;&amp;#0;&amp;#0;&amp;#0;&amp;#0;&amp;#0;&amp;#0;&amp;#0;&amp;#0;&amp;#0;&amp;#0;&amp;#0;&amp;#0;&amp;#0;&amp;#0;&amp;#0;&amp;#0;&amp;#0;&amp;#0;&amp;#0;&amp;#0;&amp;#0;&amp;#0;&amp;#0;&amp;#0;&amp;#0;&amp;#0;&amp;#0;&amp;#0;&amp;#0;&amp;#0;&amp;#0;&amp;#0;&amp;#0;&amp;#0;&amp;#0;&amp;#0;&amp;#0;&amp;#0;&amp;#0;&amp;#0;&amp;#0;&amp;#0;&amp;#0;&amp;#0;&amp;#0;&amp;#0;&amp;#0;&amp;#0;&amp;#0;&amp;#0;&amp;#0;&amp;#0;&amp;#0;&amp;#0;&amp;#0;&amp;#0;&amp;#0;&amp;#0;&amp;#0;&amp;#0;&amp;#0;&amp;#0;&amp;#0;&amp;#0;&amp;#0;&amp;#0;&amp;#0;&amp;#0;&amp;#0;&amp;#0;&amp;#0;&amp;#0;&amp;#0;&amp;#0;&amp;#0;&amp;#0;&amp;#0;&amp;#0;&amp;#0;&amp;#0;&amp;#0;&amp;#0;&amp;#0;&amp;#0;&amp;#0;&amp;#0;&amp;#0;&amp;#0;&amp;#0;&amp;#0;&amp;#0;&amp;#0;&amp;#0;&amp;#0;&amp;#0;&amp;#0;&amp;#0;&amp;#0;&amp;#0;&amp;#0;&amp;#0;&amp;#0;&amp;#0;&amp;#0;&amp;#0;&amp;#0;&amp;#0;&amp;#0;&amp;#0;&amp;#0;&amp;#0;&amp;#0;&amp;#0;&amp;#0;&amp;#0;&amp;#0;&amp;#0;&amp;#0;&amp;#0;&amp;#0;&amp;#0;&amp;#0;&amp;#0;&amp;#0;&amp;#0;&amp;#0;&amp;#0;&amp;#0;&amp;#0;&amp;#0;&amp;#0;&amp;#0;&amp;#0;&amp;#0;&amp;#0;&amp;#0;&amp;#0;&amp;#0;&amp;#0;&amp;#0;&amp;#0;&amp;#0;&amp;#0;&amp;#0;&amp;#0;&amp;#0;&amp;#0;&amp;#0;&amp;#0;&amp;#0;&amp;#0;&amp;#0;&amp;#0;&amp;#0;&amp;#0;&amp;#0;&amp;#0;&amp;#0;&amp;#0;&amp;#0;&amp;#0;&amp;#0;&amp;#0;&amp;#0;&amp;#0;&amp;#0;&amp;#0;&amp;#0;&amp;#0;&amp;#0;&amp;#0;&amp;#0;&amp;#0;&amp;#0;&amp;#0;&amp;#0;&amp;#0;&amp;#0;&amp;#0;&amp;#0;&amp;#0;&amp;#0;&amp;#0;&amp;#0;&amp;#0;&amp;#0;&amp;#0;&amp;#0;&amp;#0;&amp;#0;&amp;#0;&amp;#0;&amp;#0;&amp;#0;&amp;#0;&amp;#0;&amp;#0;&amp;#0;&amp;#0;&amp;#0;&amp;#0;&amp;#0;&amp;#0;&amp;#0;&amp;#0;&amp;#0;&amp;#0;&amp;#0;&amp;#0;&amp;#0;&amp;#0;&amp;#0;&amp;#0;&amp;#0;&amp;#0;&amp;#0;&amp;#0;&amp;#0;&amp;#0;&amp;#0;&amp;#0;&amp;#0;&amp;#0;&amp;#0;&amp;#0;&amp;#0;&amp;#0;&amp;#0;&amp;#0;&amp;#0;&amp;#0;&amp;#0;&amp;#0;&amp;#0;&amp;#0;&amp;#0;&amp;#0;&amp;#0;&amp;#0;&amp;#0;&amp;#0;&amp;#0;&amp;#0;&amp;#0;&amp;#0;&amp;#0;&amp;#0;&amp;#0;&amp;#0;&amp;#0;&amp;#0;&amp;#0;&amp;#0;&amp;#0;&amp;#0;&amp;#0;&amp;#0;&amp;#0;&amp;#0;&amp;#0;&amp;#0;&amp;#0;&amp;#0;&amp;#0;&amp;#0;&amp;#0;&amp;#0;&amp;#0;&amp;#0;&amp;#0;&amp;#0;&amp;#0;&amp;#0;&amp;#0;&amp;#0;&amp;#0;&amp;#0;&amp;#0;&amp;#0;&amp;#0;&amp;#0;&amp;#0;&amp;#0;&amp;#0;&amp;#0;&amp;#0;&amp;#0;&amp;#0;&amp;#0;&amp;#0;&amp;#0;&amp;#0;&amp;#0;&amp;#0;&amp;#0;&amp;#0;&amp;#0;&amp;#0;&amp;#0;&amp;#0;&amp;#0;&amp;#0;&amp;#0;&amp;#0;&amp;#0;&amp;#0;&amp;#0;&amp;#0;&amp;#0;&amp;#0;&amp;#0;&amp;#0;&amp;#0;&amp;#0;&amp;#0;&amp;#0;&amp;#0;&amp;#0;&amp;#0;&amp;#0;&amp;#0;&amp;#0;&amp;#0;&amp;#0;&amp;#0;&amp;#0;&amp;#0;&amp;#0;&amp;#0;&amp;#0;&amp;#0;&amp;#0;&amp;#0;&amp;#0;&amp;#0;&amp;#0;&amp;#0;&amp;#0;&amp;#0;&amp;#0;&amp;#0;&amp;#0;&amp;#0;&amp;#0;&amp;#0;&amp;#0;&amp;#0;&amp;#0;&amp;#0;&amp;#0;&amp;#0;&amp;#0;&amp;#0;&amp;#0;&amp;#0;&amp;#0;&amp;#0;&amp;#0;&amp;#0;&amp;#0;&amp;#0;&amp;#0;&amp;#0;&amp;#0;&amp;#0;&amp;#0;&amp;#0;&amp;#0;&amp;#0;&amp;#0;&amp;#0;&amp;#0;&amp;#0;&amp;#0;&amp;#0;&amp;#0;&amp;#0;&amp;#0;&amp;#0;&amp;#0;&amp;#0;&amp;#0;&amp;#0;&amp;#0;&amp;#0;&amp;#0;&amp;#0;&amp;#0;&amp;#0;&amp;#0;&amp;#0;&amp;#0;&amp;#0;&amp;#0;&amp;#0;&amp;#0;&amp;#0;&amp;#0;&amp;#0;&amp;#0;&amp;#0;&amp;#0;&amp;#0;&amp;#0;&amp;#0;&amp;#0;&amp;#0;&amp;#0;&amp;#0;&amp;#0;&amp;#0;&amp;#0;&amp;#0;&amp;#0;&amp;#0;&amp;#0;&amp;#0;&amp;#0;&amp;#0;&amp;#0;&amp;#0;&amp;#0;&amp;#0;&amp;#0;&amp;#0;&amp;#0;&amp;#0;&amp;#0;&amp;#0;&amp;#0;&amp;#0;&amp;#0;&amp;#0;&amp;#0;&amp;#0;&amp;#0;&amp;#0;&amp;#0;&amp;#0;&amp;#0;&amp;#0;&amp;#0;&amp;#0;&amp;#0;&amp;#0;&amp;#0;&amp;#0;&amp;#0;&amp;#0;&amp;#0;&amp;#0;&amp;#0;&amp;#0;&amp;#0;&amp;#0;&amp;#0;&amp;#0;&amp;#0;&amp;#0;&amp;#0;&amp;#0;&amp;#0;&amp;#0;&amp;#0;&amp;#0;&amp;#0;&amp;#0;&amp;#0;&amp;#0;&amp;#0;
12:46:30.248 [main] ERROR - Je passe ici ------------------------------------------------------
12:46:30.249 [main] DEBUG - clauseWhen1
12:46:30.250 [main] ERROR - Exception occured during compilation!
java.lang.RuntimeException: null
	at be.unamur.info.b314.compiler.Visitor.PCodeVisitor.visitClauseWhen(PCodeVisitor.java:153) ~[classes/:?]
	at be.unamur.info.b314.compiler.B314Parser$ClauseWhenContext.accept(B314Parser.java:4520) ~[classes/:?]
	at org.antlr.v4.runtime.tree.AbstractParseTreeVisitor.visitChildren(AbstractParseTreeVisitor.java:46) ~[antlr4-runtime-4.6.jar:4.6]
	at be.unamur.info.b314.compiler.B314BaseVisitor.visitProgramme(B314BaseVisitor.java:510) ~[classes/:?]
	at be.unamur.info.b314.compiler.Visitor.PCodeVisitor.visitProgramme(PCodeVisitor.java:94) ~[classes/:?]
	at be.unamur.info.b314.compiler.B314Parser$ProgrammeContext.accept(B314Parser.java:4028) ~[classes/:?]
	at be.unamur.info.b314.compiler.main.Main.printPCode(Main.java:236) ~[classes/:?]
	at be.unamur.info.b314.compiler.main.Main.compile(Main.java:199) ~[classes/:?]
	at be.unamur.info.b314.compiler.main.Main.main(Main.java:79) [classes/:?]
	at be.unamur.info.b314.compiler.main.CompilerTestHelper.launchCompilation(CompilerTestHelper.java:35) [test-classes/:?]
	at be.unamur.info.b314.compiler.main.B314localvariabledeclSyntaxTest.testlocalvariabledecl_when_local_var_same_names_and_different_types_than_global_vars_ok(B314localvariabledeclSyntaxTest.java:84) [test-classes/:?]
	at sun.reflect.NativeMethodAccessorImpl.invoke0(Native Method) ~[?:1.8.0_60]
	at sun.reflect.NativeMethodAccessorImpl.invoke(NativeMethodAccessorImpl.java:62) ~[?:1.8.0_60]
	at sun.reflect.DelegatingMethodAccessorImpl.invoke(DelegatingMethodAccessorImpl.java:43) ~[?:1.8.0_60]
	at java.lang.reflect.Method.invoke(Method.java:497) ~[?:1.8.0_60]
	at org.junit.runners.model.FrameworkMethod$1.runReflectiveCall(FrameworkMethod.java:50) [junit-4.12.jar:4.12]
	at org.junit.internal.runners.model.ReflectiveCallable.run(ReflectiveCallable.java:12) [junit-4.12.jar:4.12]
	at org.junit.runners.model.FrameworkMethod.invokeExplosively(FrameworkMethod.java:47) [junit-4.12.jar:4.12]
	at org.junit.internal.runners.statements.InvokeMethod.evaluate(InvokeMethod.java:17) [junit-4.12.jar:4.12]
	at org.junit.rules.ExternalResource$1.evaluate(ExternalResource.java:48) [junit-4.12.jar:4.12]
	at org.junit.rules.TestWatcher$1.evaluate(TestWatcher.java:55) [junit-4.12.jar:4.12]
	at org.junit.rules.RunRules.evaluate(RunRules.java:20) [junit-4.12.jar:4.12]
	at org.junit.runners.ParentRunner.runLeaf(ParentRunner.java:325) [junit-4.12.jar:4.12]
	at org.junit.runners.BlockJUnit4ClassRunner.runChild(BlockJUnit4ClassRunner.java:78) [junit-4.12.jar:4.12]
	at org.junit.runners.BlockJUnit4ClassRunner.runChild(BlockJUnit4ClassRunner.java:57) [junit-4.12.jar:4.12]
	at org.junit.runners.ParentRunner$3.run(ParentRunner.java:290) [junit-4.12.jar:4.12]
	at org.junit.runners.ParentRunner$1.schedule(ParentRunner.java:71) [junit-4.12.jar:4.12]
	at org.junit.runners.ParentRunner.runChildren(ParentRunner.java:288) [junit-4.12.jar:4.12]
	at org.junit.runners.ParentRunner.access$000(ParentRunner.java:58) [junit-4.12.jar:4.12]
	at org.junit.runners.ParentRunner$2.evaluate(ParentRunner.java:268) [junit-4.12.jar:4.12]
	at org.junit.runners.ParentRunner.run(ParentRunner.java:363) [junit-4.12.jar:4.12]
	at org.apache.maven.surefire.junit4.JUnit4Provider.execute(JUnit4Provider.java:252) [surefire-junit4-2.12.4.jar:2.12.4]
	at org.apache.maven.surefire.junit4.JUnit4Provider.executeTestSet(JUnit4Provider.java:141) [surefire-junit4-2.12.4.jar:2.12.4]
	at org.apache.maven.surefire.junit4.JUnit4Provider.invoke(JUnit4Provider.java:112) [surefire-junit4-2.12.4.jar:2.12.4]
	at sun.reflect.NativeMethodAccessorImpl.invoke0(Native Method) ~[?:1.8.0_60]
	at sun.reflect.NativeMethodAccessorImpl.invoke(NativeMethodAccessorImpl.java:62) ~[?:1.8.0_60]
	at sun.reflect.DelegatingMethodAccessorImpl.invoke(DelegatingMethodAccessorImpl.java:43) ~[?:1.8.0_60]
	at java.lang.reflect.Method.invoke(Method.java:497) ~[?:1.8.0_60]
	at org.apache.maven.surefire.util.ReflectionUtils.invokeMethodWithArray(ReflectionUtils.java:189) [surefire-api-2.12.4.jar:2.12.4]
	at org.apache.maven.surefire.booter.ProviderFactory$ProviderProxy.invoke(ProviderFactory.java:165) [surefire-booter-2.12.4.jar:2.12.4]
	at org.apache.maven.surefire.booter.ProviderFactory.invokeProvider(ProviderFactory.java:85) [surefire-booter-2.12.4.jar:2.12.4]
	at org.apache.maven.surefire.booter.ForkedBooter.runSuitesInProcess(ForkedBooter.java:115) [surefire-booter-2.12.4.jar:2.12.4]
	at org.apache.maven.surefire.booter.ForkedBooter.main(ForkedBooter.java:75) [surefire-booter-2.12.4.jar:2.12.4]
</system-out>
  </testcase>
  <testcase classname="be.unamur.info.b314.compiler.main.B314localvariabledeclSyntaxTest" name="testlocalvariabledecl_fct_local_variable_same_names_as_global_ok" time="0.121">
    <failure message="localvariabledecl: fct_local_variable_same_names_as_global
Expected: a string ending with &quot;OK\r\n&quot;
     but: was &quot;KO
&quot;" type="java.lang.AssertionError">java.lang.AssertionError: localvariabledecl: fct_local_variable_same_names_as_global
Expected: a string ending with &quot;OK\r\n&quot;
     but: was &quot;KO
&quot;
	at org.hamcrest.MatcherAssert.assertThat(MatcherAssert.java:20)
	at org.junit.Assert.assertThat(Assert.java:956)
	at be.unamur.info.b314.compiler.main.CompilerTestHelper.launchCompilation(CompilerTestHelper.java:42)
	at be.unamur.info.b314.compiler.main.B314localvariabledeclSyntaxTest.testlocalvariabledecl_fct_local_variable_same_names_as_global_ok(B314localvariabledeclSyntaxTest.java:71)
	at sun.reflect.NativeMethodAccessorImpl.invoke0(Native Method)
	at sun.reflect.NativeMethodAccessorImpl.invoke(NativeMethodAccessorImpl.java:62)
	at sun.reflect.DelegatingMethodAccessorImpl.invoke(DelegatingMethodAccessorImpl.java:43)
	at java.lang.reflect.Method.invoke(Method.java:497)
	at org.junit.runners.model.FrameworkMethod$1.runReflectiveCall(FrameworkMethod.java:50)
	at org.junit.internal.runners.model.ReflectiveCallable.run(ReflectiveCallable.java:12)
	at org.junit.runners.model.FrameworkMethod.invokeExplosively(FrameworkMethod.java:47)
	at org.junit.internal.runners.statements.InvokeMethod.evaluate(InvokeMethod.java:17)
	at org.junit.rules.ExternalResource$1.evaluate(ExternalResource.java:48)
	at org.junit.rules.TestWatcher$1.evaluate(TestWatcher.java:55)
	at org.junit.rules.RunRules.evaluate(RunRules.java:20)
	at org.junit.runners.ParentRunner.runLeaf(ParentRunner.java:325)
	at org.junit.runners.BlockJUnit4ClassRunner.runChild(BlockJUnit4ClassRunner.java:78)
	at org.junit.runners.BlockJUnit4ClassRunner.runChild(BlockJUnit4ClassRunner.java:57)
	at org.junit.runners.ParentRunner$3.run(ParentRunner.java:290)
	at org.junit.runners.ParentRunner$1.schedule(ParentRunner.java:71)
	at org.junit.runners.ParentRunner.runChildren(ParentRunner.java:288)
	at org.junit.runners.ParentRunner.access$000(ParentRunner.java:58)
	at org.junit.runners.ParentRunner$2.evaluate(ParentRunner.java:268)
	at org.junit.runners.ParentRunner.run(ParentRunner.java:363)
	at org.apache.maven.surefire.junit4.JUnit4Provider.execute(JUnit4Provider.java:252)
	at org.apache.maven.surefire.junit4.JUnit4Provider.executeTestSet(JUnit4Provider.java:141)
	at org.apache.maven.surefire.junit4.JUnit4Provider.invoke(JUnit4Provider.java:112)
	at sun.reflect.NativeMethodAccessorImpl.invoke0(Native Method)
	at sun.reflect.NativeMethodAccessorImpl.invoke(NativeMethodAccessorImpl.java:62)
	at sun.reflect.DelegatingMethodAccessorImpl.invoke(DelegatingMethodAccessorImpl.java:43)
	at java.lang.reflect.Method.invoke(Method.java:497)
	at org.apache.maven.surefire.util.ReflectionUtils.invokeMethodWithArray(ReflectionUtils.java:189)
	at org.apache.maven.surefire.booter.ProviderFactory$ProviderProxy.invoke(ProviderFactory.java:165)
	at org.apache.maven.surefire.booter.ProviderFactory.invokeProvider(ProviderFactory.java:85)
	at org.apache.maven.surefire.booter.ForkedBooter.runSuitesInProcess(ForkedBooter.java:115)
	at org.apache.maven.surefire.booter.ForkedBooter.main(ForkedBooter.java:75)
</failure>
    <system-out>12:46:30.254 [main] INFO  - Starting test: testlocalvariabledecl_fct_local_variable_same_names_as_global_ok()...
org.apache.commons.cli.CommandLine@7726e185
12:46:30.260 [main] DEBUG - Initialisation
12:46:30.260 [main] DEBUG - Input file set to C:\Users\Nathalie Masudi\b314-Jour-MonkeyIsland\target\test-classes\syntax\localvariabledecl\ok\fct_local_variable_same_names_as_global.b314
12:46:30.260 [main] DEBUG - Output file set to C:\Users\NATHAL~1\AppData\Local\Temp\junit8771665263026311755\junit902606196979512353.tmp
12:46:30.261 [main] DEBUG - Initialisation: done
jessica1
12:46:30.269 [main] DEBUG - Parsing input
/*

1

1,1,1

1,1,1,1,1
*/
declare and retain 
	b1 as boolean;
	b2 as boolean;
    i1 as integer; 
    i2 as integer; 
    v1 as boolean[5, 7];
    v2 as integer[42];
    
    fct1 as function():boolean
		declare local
			b1 as integer;
			i1 as boolean;
			loc3 as square;
			loc4 as integer[5];
    	do
    		set i1 to true
    		set b1 to 34
    		set fct1 to i1 and b1 &lt; 42
    	done 
	
when your turn 

	when false do
		next move west
	done

	when fct1() do
		next move north
	done

	by default do 
		next do nothing
	done&amp;#0;&amp;#0;&amp;#0;&amp;#0;&amp;#0;&amp;#0;&amp;#0;&amp;#0;&amp;#0;&amp;#0;&amp;#0;&amp;#0;&amp;#0;&amp;#0;&amp;#0;&amp;#0;&amp;#0;&amp;#0;&amp;#0;&amp;#0;&amp;#0;&amp;#0;&amp;#0;&amp;#0;&amp;#0;&amp;#0;&amp;#0;&amp;#0;&amp;#0;&amp;#0;&amp;#0;&amp;#0;&amp;#0;&amp;#0;&amp;#0;&amp;#0;&amp;#0;&amp;#0;&amp;#0;&amp;#0;&amp;#0;&amp;#0;&amp;#0;&amp;#0;&amp;#0;&amp;#0;&amp;#0;&amp;#0;&amp;#0;&amp;#0;&amp;#0;&amp;#0;&amp;#0;&amp;#0;&amp;#0;&amp;#0;&amp;#0;&amp;#0;&amp;#0;&amp;#0;&amp;#0;&amp;#0;&amp;#0;&amp;#0;&amp;#0;&amp;#0;&amp;#0;&amp;#0;&amp;#0;&amp;#0;&amp;#0;&amp;#0;&amp;#0;&amp;#0;&amp;#0;&amp;#0;&amp;#0;&amp;#0;&amp;#0;&amp;#0;&amp;#0;&amp;#0;&amp;#0;&amp;#0;&amp;#0;&amp;#0;&amp;#0;&amp;#0;&amp;#0;&amp;#0;&amp;#0;&amp;#0;&amp;#0;&amp;#0;&amp;#0;&amp;#0;&amp;#0;&amp;#0;&amp;#0;&amp;#0;&amp;#0;&amp;#0;&amp;#0;&amp;#0;&amp;#0;&amp;#0;&amp;#0;&amp;#0;&amp;#0;&amp;#0;&amp;#0;&amp;#0;&amp;#0;&amp;#0;&amp;#0;&amp;#0;&amp;#0;&amp;#0;&amp;#0;&amp;#0;&amp;#0;&amp;#0;&amp;#0;&amp;#0;&amp;#0;&amp;#0;&amp;#0;&amp;#0;&amp;#0;&amp;#0;&amp;#0;&amp;#0;&amp;#0;&amp;#0;&amp;#0;&amp;#0;&amp;#0;&amp;#0;&amp;#0;&amp;#0;&amp;#0;&amp;#0;&amp;#0;&amp;#0;&amp;#0;&amp;#0;&amp;#0;&amp;#0;&amp;#0;&amp;#0;&amp;#0;&amp;#0;&amp;#0;&amp;#0;&amp;#0;&amp;#0;&amp;#0;&amp;#0;&amp;#0;&amp;#0;&amp;#0;&amp;#0;&amp;#0;&amp;#0;&amp;#0;&amp;#0;&amp;#0;&amp;#0;&amp;#0;&amp;#0;&amp;#0;&amp;#0;&amp;#0;&amp;#0;&amp;#0;&amp;#0;&amp;#0;&amp;#0;&amp;#0;&amp;#0;&amp;#0;&amp;#0;&amp;#0;&amp;#0;&amp;#0;&amp;#0;&amp;#0;&amp;#0;&amp;#0;&amp;#0;&amp;#0;&amp;#0;&amp;#0;&amp;#0;&amp;#0;&amp;#0;&amp;#0;&amp;#0;&amp;#0;&amp;#0;&amp;#0;&amp;#0;&amp;#0;&amp;#0;&amp;#0;&amp;#0;&amp;#0;&amp;#0;&amp;#0;&amp;#0;&amp;#0;&amp;#0;&amp;#0;&amp;#0;&amp;#0;&amp;#0;&amp;#0;&amp;#0;&amp;#0;&amp;#0;&amp;#0;&amp;#0;&amp;#0;&amp;#0;&amp;#0;&amp;#0;&amp;#0;&amp;#0;&amp;#0;&amp;#0;&amp;#0;&amp;#0;&amp;#0;&amp;#0;&amp;#0;&amp;#0;&amp;#0;&amp;#0;&amp;#0;&amp;#0;&amp;#0;&amp;#0;&amp;#0;&amp;#0;&amp;#0;&amp;#0;&amp;#0;&amp;#0;&amp;#0;&amp;#0;&amp;#0;&amp;#0;&amp;#0;&amp;#0;&amp;#0;&amp;#0;&amp;#0;&amp;#0;&amp;#0;&amp;#0;&amp;#0;&amp;#0;&amp;#0;&amp;#0;&amp;#0;&amp;#0;&amp;#0;&amp;#0;&amp;#0;&amp;#0;&amp;#0;&amp;#0;&amp;#0;&amp;#0;&amp;#0;&amp;#0;&amp;#0;&amp;#0;&amp;#0;&amp;#0;&amp;#0;&amp;#0;&amp;#0;&amp;#0;&amp;#0;&amp;#0;&amp;#0;&amp;#0;&amp;#0;&amp;#0;&amp;#0;&amp;#0;&amp;#0;&amp;#0;&amp;#0;&amp;#0;&amp;#0;&amp;#0;&amp;#0;&amp;#0;&amp;#0;&amp;#0;&amp;#0;&amp;#0;&amp;#0;&amp;#0;&amp;#0;&amp;#0;&amp;#0;&amp;#0;&amp;#0;&amp;#0;&amp;#0;&amp;#0;&amp;#0;&amp;#0;&amp;#0;&amp;#0;&amp;#0;&amp;#0;&amp;#0;&amp;#0;&amp;#0;&amp;#0;&amp;#0;&amp;#0;&amp;#0;&amp;#0;&amp;#0;&amp;#0;&amp;#0;&amp;#0;&amp;#0;&amp;#0;&amp;#0;&amp;#0;&amp;#0;&amp;#0;&amp;#0;&amp;#0;&amp;#0;&amp;#0;&amp;#0;&amp;#0;&amp;#0;&amp;#0;&amp;#0;&amp;#0;&amp;#0;&amp;#0;&amp;#0;&amp;#0;&amp;#0;&amp;#0;&amp;#0;&amp;#0;&amp;#0;&amp;#0;&amp;#0;&amp;#0;&amp;#0;&amp;#0;&amp;#0;&amp;#0;&amp;#0;&amp;#0;&amp;#0;&amp;#0;&amp;#0;&amp;#0;&amp;#0;&amp;#0;&amp;#0;&amp;#0;&amp;#0;&amp;#0;&amp;#0;&amp;#0;&amp;#0;&amp;#0;&amp;#0;&amp;#0;&amp;#0;&amp;#0;&amp;#0;&amp;#0;&amp;#0;&amp;#0;&amp;#0;&amp;#0;&amp;#0;&amp;#0;&amp;#0;&amp;#0;&amp;#0;&amp;#0;&amp;#0;&amp;#0;&amp;#0;&amp;#0;&amp;#0;&amp;#0;&amp;#0;&amp;#0;&amp;#0;&amp;#0;&amp;#0;&amp;#0;&amp;#0;&amp;#0;&amp;#0;&amp;#0;&amp;#0;&amp;#0;&amp;#0;&amp;#0;&amp;#0;&amp;#0;&amp;#0;&amp;#0;&amp;#0;&amp;#0;&amp;#0;&amp;#0;&amp;#0;&amp;#0;&amp;#0;&amp;#0;&amp;#0;&amp;#0;&amp;#0;&amp;#0;&amp;#0;&amp;#0;&amp;#0;&amp;#0;&amp;#0;&amp;#0;&amp;#0;&amp;#0;&amp;#0;&amp;#0;&amp;#0;&amp;#0;&amp;#0;&amp;#0;&amp;#0;&amp;#0;&amp;#0;&amp;#0;&amp;#0;&amp;#0;&amp;#0;&amp;#0;&amp;#0;&amp;#0;&amp;#0;&amp;#0;&amp;#0;&amp;#0;&amp;#0;&amp;#0;&amp;#0;&amp;#0;&amp;#0;&amp;#0;&amp;#0;&amp;#0;&amp;#0;&amp;#0;&amp;#0;&amp;#0;&amp;#0;&amp;#0;&amp;#0;&amp;#0;&amp;#0;&amp;#0;&amp;#0;&amp;#0;&amp;#0;&amp;#0;&amp;#0;&amp;#0;&amp;#0;&amp;#0;&amp;#0;&amp;#0;&amp;#0;&amp;#0;&amp;#0;&amp;#0;&amp;#0;&amp;#0;&amp;#0;&amp;#0;&amp;#0;&amp;#0;&amp;#0;&amp;#0;&amp;#0;&amp;#0;&amp;#0;&amp;#0;&amp;#0;&amp;#0;&amp;#0;&amp;#0;&amp;#0;&amp;#0;&amp;#0;&amp;#0;&amp;#0;&amp;#0;&amp;#0;&amp;#0;&amp;#0;&amp;#0;&amp;#0;&amp;#0;&amp;#0;&amp;#0;&amp;#0;&amp;#0;&amp;#0;&amp;#0;&amp;#0;&amp;#0;&amp;#0;&amp;#0;&amp;#0;&amp;#0;&amp;#0;&amp;#0;&amp;#0;&amp;#0;&amp;#0;&amp;#0;&amp;#0;&amp;#0;&amp;#0;&amp;#0;&amp;#0;&amp;#0;&amp;#0;&amp;#0;&amp;#0;&amp;#0;&amp;#0;&amp;#0;&amp;#0;&amp;#0;&amp;#0;&amp;#0;&amp;#0;&amp;#0;&amp;#0;&amp;#0;&amp;#0;&amp;#0;&amp;#0;&amp;#0;&amp;#0;&amp;#0;&amp;#0;&amp;#0;&amp;#0;&amp;#0;&amp;#0;&amp;#0;&amp;#0;&amp;#0;&amp;#0;&amp;#0;&amp;#0;&amp;#0;&amp;#0;&amp;#0;&amp;#0;&amp;#0;&amp;#0;&amp;#0;&amp;#0;&amp;#0;&amp;#0;&amp;#0;&amp;#0;&amp;#0;&amp;#0;&amp;#0;&amp;#0;&amp;#0;&amp;#0;&amp;#0;&amp;#0;&amp;#0;&amp;#0;&amp;#0;&amp;#0;&amp;#0;&amp;#0;&amp;#0;&amp;#0;&amp;#0;&amp;#0;&amp;#0;&amp;#0;&amp;#0;&amp;#0;&amp;#0;&amp;#0;&amp;#0;&amp;#0;&amp;#0;&amp;#0;&amp;#0;&amp;#0;&amp;#0;&amp;#0;&amp;#0;&amp;#0;&amp;#0;&amp;#0;&amp;#0;&amp;#0;&amp;#0;&amp;#0;&amp;#0;&amp;#0;&amp;#0;&amp;#0;&amp;#0;&amp;#0;&amp;#0;&amp;#0;&amp;#0;&amp;#0;&amp;#0;&amp;#0;&amp;#0;&amp;#0;&amp;#0;&amp;#0;&amp;#0;&amp;#0;&amp;#0;&amp;#0;&amp;#0;&amp;#0;&amp;#0;&amp;#0;&amp;#0;&amp;#0;&amp;#0;&amp;#0;&amp;#0;&amp;#0;&amp;#0;&amp;#0;&amp;#0;&amp;#0;&amp;#0;&amp;#0;&amp;#0;&amp;#0;&amp;#0;&amp;#0;&amp;#0;&amp;#0;&amp;#0;&amp;#0;&amp;#0;&amp;#0;&amp;#0;&amp;#0;&amp;#0;&amp;#0;&amp;#0;&amp;#0;&amp;#0;&amp;#0;&amp;#0;&amp;#0;&amp;#0;&amp;#0;&amp;#0;&amp;#0;&amp;#0;&amp;#0;&amp;#0;&amp;#0;&amp;#0;&amp;#0;&amp;#0;&amp;#0;&amp;#0;&amp;#0;&amp;#0;&amp;#0;&amp;#0;&amp;#0;&amp;#0;&amp;#0;&amp;#0;&amp;#0;&amp;#0;&amp;#0;&amp;#0;&amp;#0;&amp;#0;&amp;#0;&amp;#0;&amp;#0;&amp;#0;&amp;#0;&amp;#0;&amp;#0;&amp;#0;&amp;#0;&amp;#0;&amp;#0;&amp;#0;&amp;#0;&amp;#0;&amp;#0;&amp;#0;&amp;#0;&amp;#0;&amp;#0;&amp;#0;&amp;#0;&amp;#0;&amp;#0;&amp;#0;&amp;#0;&amp;#0;&amp;#0;&amp;#0;&amp;#0;&amp;#0;&amp;#0;&amp;#0;&amp;#0;&amp;#0;&amp;#0;&amp;#0;&amp;#0;&amp;#0;&amp;#0;&amp;#0;&amp;#0;&amp;#0;&amp;#0;&amp;#0;&amp;#0;&amp;#0;&amp;#0;&amp;#0;&amp;#0;&amp;#0;&amp;#0;&amp;#0;&amp;#0;&amp;#0;&amp;#0;&amp;#0;&amp;#0;&amp;#0;&amp;#0;&amp;#0;&amp;#0;&amp;#0;&amp;#0;&amp;#0;&amp;#0;&amp;#0;&amp;#0;&amp;#0;&amp;#0;&amp;#0;&amp;#0;&amp;#0;&amp;#0;&amp;#0;&amp;#0;&amp;#0;&amp;#0;&amp;#0;&amp;#0;&amp;#0;&amp;#0;&amp;#0;&amp;#0;&amp;#0;&amp;#0;&amp;#0;&amp;#0;&amp;#0;&amp;#0;&amp;#0;&amp;#0;&amp;#0;&amp;#0;&amp;#0;&amp;#0;&amp;#0;&amp;#0;&amp;#0;&amp;#0;&amp;#0;&amp;#0;&amp;#0;&amp;#0;&amp;#0;&amp;#0;&amp;#0;&amp;#0;&amp;#0;&amp;#0;&amp;#0;&amp;#0;&amp;#0;&amp;#0;&amp;#0;&amp;#0;&amp;#0;&amp;#0;&amp;#0;&amp;#0;&amp;#0;&amp;#0;&amp;#0;&amp;#0;&amp;#0;&amp;#0;&amp;#0;&amp;#0;&amp;#0;&amp;#0;&amp;#0;&amp;#0;&amp;#0;&amp;#0;&amp;#0;&amp;#0;&amp;#0;&amp;#0;&amp;#0;&amp;#0;&amp;#0;&amp;#0;&amp;#0;&amp;#0;&amp;#0;&amp;#0;&amp;#0;&amp;#0;&amp;#0;&amp;#0;&amp;#0;&amp;#0;&amp;#0;&amp;#0;&amp;#0;&amp;#0;&amp;#0;&amp;#0;&amp;#0;&amp;#0;&amp;#0;&amp;#0;&amp;#0;&amp;#0;&amp;#0;&amp;#0;&amp;#0;&amp;#0;&amp;#0;&amp;#0;&amp;#0;&amp;#0;&amp;#0;&amp;#0;&amp;#0;&amp;#0;&amp;#0;&amp;#0;&amp;#0;&amp;#0;&amp;#0;&amp;#0;&amp;#0;&amp;#0;&amp;#0;&amp;#0;&amp;#0;&amp;#0;&amp;#0;&amp;#0;&amp;#0;&amp;#0;&amp;#0;&amp;#0;&amp;#0;&amp;#0;&amp;#0;&amp;#0;&amp;#0;&amp;#0;&amp;#0;&amp;#0;&amp;#0;&amp;#0;&amp;#0;&amp;#0;&amp;#0;&amp;#0;&amp;#0;&amp;#0;&amp;#0;&amp;#0;&amp;#0;&amp;#0;&amp;#0;&amp;#0;&amp;#0;&amp;#0;&amp;#0;&amp;#0;&amp;#0;&amp;#0;&amp;#0;&amp;#0;&amp;#0;&amp;#0;&amp;#0;&amp;#0;&amp;#0;&amp;#0;&amp;#0;&amp;#0;&amp;#0;&amp;#0;&amp;#0;&amp;#0;&amp;#0;&amp;#0;&amp;#0;&amp;#0;&amp;#0;&amp;#0;&amp;#0;&amp;#0;&amp;#0;&amp;#0;&amp;#0;&amp;#0;&amp;#0;&amp;#0;&amp;#0;&amp;#0;&amp;#0;&amp;#0;&amp;#0;&amp;#0;&amp;#0;&amp;#0;&amp;#0;&amp;#0;&amp;#0;&amp;#0;&amp;#0;&amp;#0;&amp;#0;&amp;#0;&amp;#0;&amp;#0;&amp;#0;&amp;#0;&amp;#0;&amp;#0;&amp;#0;&amp;#0;&amp;#0;&amp;#0;&amp;#0;&amp;#0;&amp;#0;&amp;#0;&amp;#0;&amp;#0;&amp;#0;&amp;#0;&amp;#0;&amp;#0;&amp;#0;&amp;#0;&amp;#0;&amp;#0;&amp;#0;&amp;#0;&amp;#0;&amp;#0;&amp;#0;&amp;#0;&amp;#0;&amp;#0;&amp;#0;&amp;#0;&amp;#0;&amp;#0;&amp;#0;&amp;#0;&amp;#0;&amp;#0;&amp;#0;&amp;#0;&amp;#0;&amp;#0;&amp;#0;&amp;#0;&amp;#0;&amp;#0;&amp;#0;&amp;#0;&amp;#0;&amp;#0;&amp;#0;&amp;#0;&amp;#0;&amp;#0;&amp;#0;&amp;#0;&amp;#0;&amp;#0;&amp;#0;&amp;#0;&amp;#0;&amp;#0;&amp;#0;&amp;#0;&amp;#0;&amp;#0;&amp;#0;&amp;#0;&amp;#0;&amp;#0;&amp;#0;&amp;#0;&amp;#0;&amp;#0;&amp;#0;&amp;#0;&amp;#0;&amp;#0;&amp;#0;&amp;#0;&amp;#0;&amp;#0;&amp;#0;&amp;#0;&amp;#0;&amp;#0;&amp;#0;&amp;#0;&amp;#0;&amp;#0;&amp;#0;&amp;#0;&amp;#0;&amp;#0;&amp;#0;&amp;#0;&amp;#0;&amp;#0;&amp;#0;&amp;#0;&amp;#0;&amp;#0;&amp;#0;&amp;#0;&amp;#0;&amp;#0;&amp;#0;&amp;#0;&amp;#0;&amp;#0;&amp;#0;&amp;#0;&amp;#0;&amp;#0;&amp;#0;&amp;#0;&amp;#0;&amp;#0;&amp;#0;&amp;#0;&amp;#0;&amp;#0;&amp;#0;&amp;#0;&amp;#0;&amp;#0;&amp;#0;&amp;#0;&amp;#0;&amp;#0;&amp;#0;&amp;#0;&amp;#0;&amp;#0;&amp;#0;&amp;#0;&amp;#0;&amp;#0;&amp;#0;&amp;#0;&amp;#0;&amp;#0;&amp;#0;&amp;#0;&amp;#0;&amp;#0;&amp;#0;&amp;#0;&amp;#0;&amp;#0;&amp;#0;&amp;#0;&amp;#0;&amp;#0;&amp;#0;&amp;#0;&amp;#0;&amp;#0;&amp;#0;&amp;#0;&amp;#0;&amp;#0;&amp;#0;&amp;#0;&amp;#0;&amp;#0;&amp;#0;&amp;#0;&amp;#0;&amp;#0;&amp;#0;&amp;#0;&amp;#0;&amp;#0;&amp;#0;&amp;#0;&amp;#0;&amp;#0;&amp;#0;&amp;#0;&amp;#0;&amp;#0;&amp;#0;&amp;#0;&amp;#0;&amp;#0;&amp;#0;&amp;#0;&amp;#0;&amp;#0;&amp;#0;&amp;#0;&amp;#0;&amp;#0;&amp;#0;&amp;#0;&amp;#0;&amp;#0;&amp;#0;&amp;#0;&amp;#0;&amp;#0;&amp;#0;&amp;#0;&amp;#0;&amp;#0;&amp;#0;&amp;#0;&amp;#0;&amp;#0;&amp;#0;&amp;#0;&amp;#0;&amp;#0;&amp;#0;&amp;#0;&amp;#0;&amp;#0;&amp;#0;&amp;#0;&amp;#0;&amp;#0;&amp;#0;&amp;#0;&amp;#0;&amp;#0;&amp;#0;&amp;#0;&amp;#0;&amp;#0;&amp;#0;&amp;#0;&amp;#0;&amp;#0;&amp;#0;&amp;#0;&amp;#0;&amp;#0;&amp;#0;&amp;#0;&amp;#0;&amp;#0;&amp;#0;&amp;#0;&amp;#0;&amp;#0;&amp;#0;&amp;#0;&amp;#0;&amp;#0;&amp;#0;&amp;#0;&amp;#0;&amp;#0;&amp;#0;&amp;#0;&amp;#0;&amp;#0;&amp;#0;&amp;#0;&amp;#0;&amp;#0;&amp;#0;&amp;#0;&amp;#0;&amp;#0;&amp;#0;&amp;#0;&amp;#0;&amp;#0;&amp;#0;&amp;#0;&amp;#0;&amp;#0;&amp;#0;&amp;#0;&amp;#0;&amp;#0;&amp;#0;&amp;#0;&amp;#0;&amp;#0;&amp;#0;&amp;#0;&amp;#0;&amp;#0;&amp;#0;&amp;#0;&amp;#0;&amp;#0;&amp;#0;&amp;#0;&amp;#0;&amp;#0;&amp;#0;&amp;#0;&amp;#0;&amp;#0;&amp;#0;&amp;#0;&amp;#0;&amp;#0;&amp;#0;&amp;#0;&amp;#0;&amp;#0;&amp;#0;&amp;#0;&amp;#0;&amp;#0;&amp;#0;&amp;#0;&amp;#0;&amp;#0;&amp;#0;&amp;#0;&amp;#0;&amp;#0;&amp;#0;&amp;#0;&amp;#0;&amp;#0;&amp;#0;&amp;#0;&amp;#0;&amp;#0;&amp;#0;&amp;#0;&amp;#0;&amp;#0;&amp;#0;&amp;#0;&amp;#0;&amp;#0;&amp;#0;&amp;#0;&amp;#0;&amp;#0;&amp;#0;&amp;#0;&amp;#0;&amp;#0;&amp;#0;&amp;#0;&amp;#0;&amp;#0;&amp;#0;&amp;#0;&amp;#0;&amp;#0;&amp;#0;&amp;#0;&amp;#0;&amp;#0;&amp;#0;&amp;#0;&amp;#0;&amp;#0;&amp;#0;&amp;#0;&amp;#0;&amp;#0;&amp;#0;&amp;#0;&amp;#0;&amp;#0;&amp;#0;&amp;#0;&amp;#0;&amp;#0;&amp;#0;&amp;#0;&amp;#0;&amp;#0;&amp;#0;&amp;#0;&amp;#0;&amp;#0;&amp;#0;&amp;#0;&amp;#0;&amp;#0;&amp;#0;&amp;#0;&amp;#0;&amp;#0;&amp;#0;&amp;#0;&amp;#0;&amp;#0;&amp;#0;&amp;#0;&amp;#0;&amp;#0;&amp;#0;&amp;#0;&amp;#0;&amp;#0;&amp;#0;&amp;#0;&amp;#0;&amp;#0;&amp;#0;&amp;#0;&amp;#0;&amp;#0;&amp;#0;&amp;#0;&amp;#0;&amp;#0;&amp;#0;&amp;#0;&amp;#0;&amp;#0;&amp;#0;&amp;#0;&amp;#0;&amp;#0;&amp;#0;&amp;#0;&amp;#0;&amp;#0;&amp;#0;&amp;#0;&amp;#0;&amp;#0;&amp;#0;&amp;#0;&amp;#0;&amp;#0;&amp;#0;&amp;#0;&amp;#0;&amp;#0;&amp;#0;&amp;#0;&amp;#0;&amp;#0;&amp;#0;&amp;#0;&amp;#0;&amp;#0;&amp;#0;&amp;#0;&amp;#0;&amp;#0;&amp;#0;&amp;#0;&amp;#0;&amp;#0;&amp;#0;&amp;#0;&amp;#0;&amp;#0;&amp;#0;&amp;#0;&amp;#0;&amp;#0;&amp;#0;&amp;#0;&amp;#0;&amp;#0;&amp;#0;&amp;#0;&amp;#0;&amp;#0;&amp;#0;&amp;#0;&amp;#0;&amp;#0;&amp;#0;&amp;#0;&amp;#0;&amp;#0;&amp;#0;&amp;#0;&amp;#0;&amp;#0;&amp;#0;&amp;#0;&amp;#0;&amp;#0;&amp;#0;&amp;#0;&amp;#0;&amp;#0;&amp;#0;&amp;#0;&amp;#0;&amp;#0;&amp;#0;&amp;#0;&amp;#0;&amp;#0;&amp;#0;&amp;#0;&amp;#0;&amp;#0;&amp;#0;&amp;#0;&amp;#0;&amp;#0;&amp;#0;&amp;#0;
12:46:30.273 [main] ERROR - Je passe ici ------------------------------------------------------
12:46:30.274 [main] DEBUG - clauseWhen1
12:46:30.275 [main] ERROR - Exception occured during compilation!
java.lang.RuntimeException: null
	at be.unamur.info.b314.compiler.Visitor.PCodeVisitor.visitClauseWhen(PCodeVisitor.java:153) ~[classes/:?]
	at be.unamur.info.b314.compiler.B314Parser$ClauseWhenContext.accept(B314Parser.java:4520) ~[classes/:?]
	at org.antlr.v4.runtime.tree.AbstractParseTreeVisitor.visitChildren(AbstractParseTreeVisitor.java:46) ~[antlr4-runtime-4.6.jar:4.6]
	at be.unamur.info.b314.compiler.B314BaseVisitor.visitProgramme(B314BaseVisitor.java:510) ~[classes/:?]
	at be.unamur.info.b314.compiler.Visitor.PCodeVisitor.visitProgramme(PCodeVisitor.java:94) ~[classes/:?]
	at be.unamur.info.b314.compiler.B314Parser$ProgrammeContext.accept(B314Parser.java:4028) ~[classes/:?]
	at be.unamur.info.b314.compiler.main.Main.printPCode(Main.java:236) ~[classes/:?]
	at be.unamur.info.b314.compiler.main.Main.compile(Main.java:199) ~[classes/:?]
	at be.unamur.info.b314.compiler.main.Main.main(Main.java:79) [classes/:?]
	at be.unamur.info.b314.compiler.main.CompilerTestHelper.launchCompilation(CompilerTestHelper.java:35) [test-classes/:?]
	at be.unamur.info.b314.compiler.main.B314localvariabledeclSyntaxTest.testlocalvariabledecl_fct_local_variable_same_names_as_global_ok(B314localvariabledeclSyntaxTest.java:71) [test-classes/:?]
	at sun.reflect.NativeMethodAccessorImpl.invoke0(Native Method) ~[?:1.8.0_60]
	at sun.reflect.NativeMethodAccessorImpl.invoke(NativeMethodAccessorImpl.java:62) ~[?:1.8.0_60]
	at sun.reflect.DelegatingMethodAccessorImpl.invoke(DelegatingMethodAccessorImpl.java:43) ~[?:1.8.0_60]
	at java.lang.reflect.Method.invoke(Method.java:497) ~[?:1.8.0_60]
	at org.junit.runners.model.FrameworkMethod$1.runReflectiveCall(FrameworkMethod.java:50) [junit-4.12.jar:4.12]
	at org.junit.internal.runners.model.ReflectiveCallable.run(ReflectiveCallable.java:12) [junit-4.12.jar:4.12]
	at org.junit.runners.model.FrameworkMethod.invokeExplosively(FrameworkMethod.java:47) [junit-4.12.jar:4.12]
	at org.junit.internal.runners.statements.InvokeMethod.evaluate(InvokeMethod.java:17) [junit-4.12.jar:4.12]
	at org.junit.rules.ExternalResource$1.evaluate(ExternalResource.java:48) [junit-4.12.jar:4.12]
	at org.junit.rules.TestWatcher$1.evaluate(TestWatcher.java:55) [junit-4.12.jar:4.12]
	at org.junit.rules.RunRules.evaluate(RunRules.java:20) [junit-4.12.jar:4.12]
	at org.junit.runners.ParentRunner.runLeaf(ParentRunner.java:325) [junit-4.12.jar:4.12]
	at org.junit.runners.BlockJUnit4ClassRunner.runChild(BlockJUnit4ClassRunner.java:78) [junit-4.12.jar:4.12]
	at org.junit.runners.BlockJUnit4ClassRunner.runChild(BlockJUnit4ClassRunner.java:57) [junit-4.12.jar:4.12]
	at org.junit.runners.ParentRunner$3.run(ParentRunner.java:290) [junit-4.12.jar:4.12]
	at org.junit.runners.ParentRunner$1.schedule(ParentRunner.java:71) [junit-4.12.jar:4.12]
	at org.junit.runners.ParentRunner.runChildren(ParentRunner.java:288) [junit-4.12.jar:4.12]
	at org.junit.runners.ParentRunner.access$000(ParentRunner.java:58) [junit-4.12.jar:4.12]
	at org.junit.runners.ParentRunner$2.evaluate(ParentRunner.java:268) [junit-4.12.jar:4.12]
	at org.junit.runners.ParentRunner.run(ParentRunner.java:363) [junit-4.12.jar:4.12]
	at org.apache.maven.surefire.junit4.JUnit4Provider.execute(JUnit4Provider.java:252) [surefire-junit4-2.12.4.jar:2.12.4]
	at org.apache.maven.surefire.junit4.JUnit4Provider.executeTestSet(JUnit4Provider.java:141) [surefire-junit4-2.12.4.jar:2.12.4]
	at org.apache.maven.surefire.junit4.JUnit4Provider.invoke(JUnit4Provider.java:112) [surefire-junit4-2.12.4.jar:2.12.4]
	at sun.reflect.NativeMethodAccessorImpl.invoke0(Native Method) ~[?:1.8.0_60]
	at sun.reflect.NativeMethodAccessorImpl.invoke(NativeMethodAccessorImpl.java:62) ~[?:1.8.0_60]
	at sun.reflect.DelegatingMethodAccessorImpl.invoke(DelegatingMethodAccessorImpl.java:43) ~[?:1.8.0_60]
	at java.lang.reflect.Method.invoke(Method.java:497) ~[?:1.8.0_60]
	at org.apache.maven.surefire.util.ReflectionUtils.invokeMethodWithArray(ReflectionUtils.java:189) [surefire-api-2.12.4.jar:2.12.4]
	at org.apache.maven.surefire.booter.ProviderFactory$ProviderProxy.invoke(ProviderFactory.java:165) [surefire-booter-2.12.4.jar:2.12.4]
	at org.apache.maven.surefire.booter.ProviderFactory.invokeProvider(ProviderFactory.java:85) [surefire-booter-2.12.4.jar:2.12.4]
	at org.apache.maven.surefire.booter.ForkedBooter.runSuitesInProcess(ForkedBooter.java:115) [surefire-booter-2.12.4.jar:2.12.4]
	at org.apache.maven.surefire.booter.ForkedBooter.main(ForkedBooter.java:75) [surefire-booter-2.12.4.jar:2.12.4]
</system-out>
  </testcase>
  <testcase classname="be.unamur.info.b314.compiler.main.B314localvariabledeclSyntaxTest" name="testlocalvariabledecl_when_local_var_diff_names_than_global_vars_but_same_name_in_different_whens_ok" time="0.09">
    <failure message="localvariabledecl: when_local_var_diff_names_than_global_vars_but_same_name_in_different_whens
Expected: a string ending with &quot;OK\r\n&quot;
     but: was &quot;KO
&quot;" type="java.lang.AssertionError">java.lang.AssertionError: localvariabledecl: when_local_var_diff_names_than_global_vars_but_same_name_in_different_whens
Expected: a string ending with &quot;OK\r\n&quot;
     but: was &quot;KO
&quot;
	at org.hamcrest.MatcherAssert.assertThat(MatcherAssert.java:20)
	at org.junit.Assert.assertThat(Assert.java:956)
	at be.unamur.info.b314.compiler.main.CompilerTestHelper.launchCompilation(CompilerTestHelper.java:42)
	at be.unamur.info.b314.compiler.main.B314localvariabledeclSyntaxTest.testlocalvariabledecl_when_local_var_diff_names_than_global_vars_but_same_name_in_different_whens_ok(B314localvariabledeclSyntaxTest.java:46)
	at sun.reflect.NativeMethodAccessorImpl.invoke0(Native Method)
	at sun.reflect.NativeMethodAccessorImpl.invoke(NativeMethodAccessorImpl.java:62)
	at sun.reflect.DelegatingMethodAccessorImpl.invoke(DelegatingMethodAccessorImpl.java:43)
	at java.lang.reflect.Method.invoke(Method.java:497)
	at org.junit.runners.model.FrameworkMethod$1.runReflectiveCall(FrameworkMethod.java:50)
	at org.junit.internal.runners.model.ReflectiveCallable.run(ReflectiveCallable.java:12)
	at org.junit.runners.model.FrameworkMethod.invokeExplosively(FrameworkMethod.java:47)
	at org.junit.internal.runners.statements.InvokeMethod.evaluate(InvokeMethod.java:17)
	at org.junit.rules.ExternalResource$1.evaluate(ExternalResource.java:48)
	at org.junit.rules.TestWatcher$1.evaluate(TestWatcher.java:55)
	at org.junit.rules.RunRules.evaluate(RunRules.java:20)
	at org.junit.runners.ParentRunner.runLeaf(ParentRunner.java:325)
	at org.junit.runners.BlockJUnit4ClassRunner.runChild(BlockJUnit4ClassRunner.java:78)
	at org.junit.runners.BlockJUnit4ClassRunner.runChild(BlockJUnit4ClassRunner.java:57)
	at org.junit.runners.ParentRunner$3.run(ParentRunner.java:290)
	at org.junit.runners.ParentRunner$1.schedule(ParentRunner.java:71)
	at org.junit.runners.ParentRunner.runChildren(ParentRunner.java:288)
	at org.junit.runners.ParentRunner.access$000(ParentRunner.java:58)
	at org.junit.runners.ParentRunner$2.evaluate(ParentRunner.java:268)
	at org.junit.runners.ParentRunner.run(ParentRunner.java:363)
	at org.apache.maven.surefire.junit4.JUnit4Provider.execute(JUnit4Provider.java:252)
	at org.apache.maven.surefire.junit4.JUnit4Provider.executeTestSet(JUnit4Provider.java:141)
	at org.apache.maven.surefire.junit4.JUnit4Provider.invoke(JUnit4Provider.java:112)
	at sun.reflect.NativeMethodAccessorImpl.invoke0(Native Method)
	at sun.reflect.NativeMethodAccessorImpl.invoke(NativeMethodAccessorImpl.java:62)
	at sun.reflect.DelegatingMethodAccessorImpl.invoke(DelegatingMethodAccessorImpl.java:43)
	at java.lang.reflect.Method.invoke(Method.java:497)
	at org.apache.maven.surefire.util.ReflectionUtils.invokeMethodWithArray(ReflectionUtils.java:189)
	at org.apache.maven.surefire.booter.ProviderFactory$ProviderProxy.invoke(ProviderFactory.java:165)
	at org.apache.maven.surefire.booter.ProviderFactory.invokeProvider(ProviderFactory.java:85)
	at org.apache.maven.surefire.booter.ForkedBooter.runSuitesInProcess(ForkedBooter.java:115)
	at org.apache.maven.surefire.booter.ForkedBooter.main(ForkedBooter.java:75)
</failure>
    <system-out>12:46:30.279 [main] INFO  - Starting test: testlocalvariabledecl_when_local_var_diff_names_than_global_vars_but_same_name_in_different_whens_ok()...
org.apache.commons.cli.CommandLine@282308c3
12:46:30.283 [main] DEBUG - Initialisation
12:46:30.283 [main] DEBUG - Input file set to C:\Users\Nathalie Masudi\b314-Jour-MonkeyIsland\target\test-classes\syntax\localvariabledecl\ok\when_local_var_diff_names_than_global_vars_but_same_name_in_different_whens.b314
12:46:30.284 [main] DEBUG - Output file set to C:\Users\NATHAL~1\AppData\Local\Temp\junit2114851398108592607\junit8249167417403378580.tmp
12:46:30.284 [main] DEBUG - Initialisation: done
jessica1
12:46:30.297 [main] DEBUG - Parsing input
/* My comments */ 
declare and retain 
	b1 as boolean;
	b2 as boolean;
    i1 as integer; 
    i2 as integer;
    i3 as integer;
    s1 as square;
    s2 as square;
    v1 as boolean[5, 7];
    v2 as integer[42];

    fct1 as function():square
    	do
    		skip
    	done 

    fct2 as function(x as integer, y as boolean):integer
    	do
    		skip
    	done 

    fct3 as function():boolean
    	do
    		skip
    	done 

    fct4 as function():square
    	do
    		skip
    	done 

    fct5 as function(x as integer, y as boolean, z as square):integer
    	do
    		skip
    	done 
    	
when your turn 

	when true and b1 or v1[0, i1 + 2 * 5] do
		if b1 and i1 = 2 then
			while i1 &lt; i3 do
				set i2 to i1 + 1
			done
		else
			if s1 = ammo then
				next do nothing
			done
		done
	done 

	when false 
	declare local
		loc1 as integer;
		loc2 as boolean;
		loc3 as square;
		loc4 as integer[5];
	do
		compute loc1 + 2 - loc4[0 + 1 - i1] = 5 and not loc2 or loc3 = dirt
	done

	when not graal is north and i2 &gt; 5 and v2[4] &lt; 42 or s1 = dirt do
    	compute fct1()
    	set s1 to fct1()
    	if fct5(i1 + 2, s2 = ammo, ennemi) &gt; 2 then
    		skip
    	done
    	while fct3() do
    		skip
    	done
    	next move west
	done
	
	when true and false 
	declare local
		loc1 as integer;
		loc2 as boolean;
		loc3 as square;
		loc4 as integer[5];
	do
		compute loc1 + 2 - loc4[0 + 1 - i1] = 5 and not loc2 or loc3 = dirt
	done

	by default 
	declare local
		loc1 as integer;
		loc2 as boolean;
		loc3 as square;
		loc4 as integer[5];
	do 
		compute loc1 + 2 - loc4[0 + 1 - i1] = 5 and not loc2 or loc3 = dirt
	done&amp;#0;&amp;#0;&amp;#0;&amp;#0;&amp;#0;&amp;#0;&amp;#0;&amp;#0;&amp;#0;&amp;#0;&amp;#0;&amp;#0;&amp;#0;&amp;#0;&amp;#0;&amp;#0;&amp;#0;&amp;#0;&amp;#0;&amp;#0;&amp;#0;&amp;#0;&amp;#0;&amp;#0;&amp;#0;&amp;#0;&amp;#0;&amp;#0;&amp;#0;&amp;#0;&amp;#0;&amp;#0;&amp;#0;&amp;#0;&amp;#0;&amp;#0;&amp;#0;&amp;#0;&amp;#0;&amp;#0;&amp;#0;&amp;#0;&amp;#0;&amp;#0;&amp;#0;&amp;#0;&amp;#0;&amp;#0;&amp;#0;&amp;#0;&amp;#0;&amp;#0;&amp;#0;&amp;#0;&amp;#0;&amp;#0;&amp;#0;&amp;#0;&amp;#0;&amp;#0;&amp;#0;&amp;#0;&amp;#0;&amp;#0;&amp;#0;&amp;#0;&amp;#0;&amp;#0;&amp;#0;&amp;#0;&amp;#0;&amp;#0;&amp;#0;&amp;#0;&amp;#0;&amp;#0;&amp;#0;&amp;#0;&amp;#0;&amp;#0;&amp;#0;&amp;#0;&amp;#0;&amp;#0;&amp;#0;&amp;#0;&amp;#0;&amp;#0;&amp;#0;&amp;#0;&amp;#0;&amp;#0;&amp;#0;&amp;#0;&amp;#0;&amp;#0;&amp;#0;&amp;#0;&amp;#0;&amp;#0;&amp;#0;&amp;#0;&amp;#0;&amp;#0;&amp;#0;&amp;#0;&amp;#0;&amp;#0;&amp;#0;&amp;#0;&amp;#0;&amp;#0;&amp;#0;&amp;#0;&amp;#0;&amp;#0;&amp;#0;&amp;#0;&amp;#0;&amp;#0;&amp;#0;&amp;#0;&amp;#0;&amp;#0;&amp;#0;&amp;#0;&amp;#0;&amp;#0;&amp;#0;&amp;#0;&amp;#0;&amp;#0;&amp;#0;&amp;#0;&amp;#0;&amp;#0;&amp;#0;&amp;#0;&amp;#0;&amp;#0;&amp;#0;&amp;#0;&amp;#0;&amp;#0;&amp;#0;&amp;#0;&amp;#0;&amp;#0;&amp;#0;&amp;#0;&amp;#0;&amp;#0;&amp;#0;&amp;#0;&amp;#0;&amp;#0;&amp;#0;&amp;#0;&amp;#0;&amp;#0;&amp;#0;&amp;#0;&amp;#0;&amp;#0;&amp;#0;&amp;#0;&amp;#0;&amp;#0;&amp;#0;&amp;#0;&amp;#0;&amp;#0;&amp;#0;&amp;#0;&amp;#0;&amp;#0;&amp;#0;&amp;#0;&amp;#0;&amp;#0;&amp;#0;&amp;#0;&amp;#0;&amp;#0;&amp;#0;&amp;#0;&amp;#0;&amp;#0;&amp;#0;&amp;#0;&amp;#0;&amp;#0;&amp;#0;&amp;#0;&amp;#0;&amp;#0;&amp;#0;&amp;#0;&amp;#0;&amp;#0;&amp;#0;&amp;#0;&amp;#0;&amp;#0;&amp;#0;&amp;#0;&amp;#0;&amp;#0;&amp;#0;&amp;#0;&amp;#0;&amp;#0;&amp;#0;&amp;#0;&amp;#0;&amp;#0;&amp;#0;&amp;#0;&amp;#0;&amp;#0;&amp;#0;&amp;#0;&amp;#0;&amp;#0;&amp;#0;&amp;#0;&amp;#0;&amp;#0;&amp;#0;&amp;#0;&amp;#0;&amp;#0;&amp;#0;&amp;#0;&amp;#0;&amp;#0;&amp;#0;&amp;#0;&amp;#0;&amp;#0;&amp;#0;&amp;#0;&amp;#0;&amp;#0;&amp;#0;&amp;#0;&amp;#0;&amp;#0;&amp;#0;&amp;#0;&amp;#0;&amp;#0;&amp;#0;&amp;#0;&amp;#0;&amp;#0;&amp;#0;&amp;#0;&amp;#0;&amp;#0;&amp;#0;&amp;#0;&amp;#0;&amp;#0;&amp;#0;&amp;#0;&amp;#0;&amp;#0;&amp;#0;&amp;#0;&amp;#0;&amp;#0;&amp;#0;&amp;#0;&amp;#0;&amp;#0;&amp;#0;&amp;#0;&amp;#0;&amp;#0;&amp;#0;&amp;#0;&amp;#0;&amp;#0;&amp;#0;&amp;#0;&amp;#0;&amp;#0;&amp;#0;&amp;#0;&amp;#0;&amp;#0;&amp;#0;&amp;#0;&amp;#0;&amp;#0;&amp;#0;&amp;#0;&amp;#0;&amp;#0;&amp;#0;&amp;#0;&amp;#0;&amp;#0;&amp;#0;&amp;#0;&amp;#0;&amp;#0;&amp;#0;&amp;#0;&amp;#0;&amp;#0;&amp;#0;&amp;#0;&amp;#0;&amp;#0;&amp;#0;&amp;#0;&amp;#0;&amp;#0;&amp;#0;&amp;#0;&amp;#0;&amp;#0;&amp;#0;&amp;#0;&amp;#0;&amp;#0;&amp;#0;&amp;#0;&amp;#0;&amp;#0;&amp;#0;&amp;#0;&amp;#0;&amp;#0;&amp;#0;&amp;#0;&amp;#0;&amp;#0;&amp;#0;&amp;#0;&amp;#0;&amp;#0;&amp;#0;&amp;#0;&amp;#0;&amp;#0;&amp;#0;&amp;#0;&amp;#0;&amp;#0;&amp;#0;&amp;#0;&amp;#0;&amp;#0;&amp;#0;&amp;#0;&amp;#0;&amp;#0;&amp;#0;&amp;#0;&amp;#0;&amp;#0;&amp;#0;&amp;#0;&amp;#0;&amp;#0;&amp;#0;&amp;#0;&amp;#0;&amp;#0;&amp;#0;&amp;#0;&amp;#0;&amp;#0;&amp;#0;&amp;#0;&amp;#0;&amp;#0;&amp;#0;&amp;#0;&amp;#0;&amp;#0;&amp;#0;&amp;#0;&amp;#0;&amp;#0;&amp;#0;&amp;#0;&amp;#0;&amp;#0;&amp;#0;&amp;#0;&amp;#0;&amp;#0;&amp;#0;&amp;#0;&amp;#0;&amp;#0;&amp;#0;&amp;#0;&amp;#0;&amp;#0;&amp;#0;&amp;#0;&amp;#0;&amp;#0;&amp;#0;&amp;#0;&amp;#0;&amp;#0;&amp;#0;&amp;#0;&amp;#0;&amp;#0;&amp;#0;&amp;#0;&amp;#0;&amp;#0;&amp;#0;&amp;#0;&amp;#0;&amp;#0;&amp;#0;&amp;#0;&amp;#0;&amp;#0;&amp;#0;&amp;#0;&amp;#0;&amp;#0;&amp;#0;&amp;#0;&amp;#0;&amp;#0;&amp;#0;&amp;#0;&amp;#0;&amp;#0;&amp;#0;&amp;#0;&amp;#0;&amp;#0;&amp;#0;&amp;#0;&amp;#0;&amp;#0;&amp;#0;&amp;#0;&amp;#0;&amp;#0;&amp;#0;&amp;#0;&amp;#0;&amp;#0;&amp;#0;&amp;#0;&amp;#0;&amp;#0;&amp;#0;&amp;#0;&amp;#0;&amp;#0;&amp;#0;&amp;#0;&amp;#0;&amp;#0;&amp;#0;&amp;#0;&amp;#0;&amp;#0;&amp;#0;&amp;#0;&amp;#0;&amp;#0;&amp;#0;&amp;#0;&amp;#0;&amp;#0;&amp;#0;&amp;#0;&amp;#0;&amp;#0;&amp;#0;&amp;#0;&amp;#0;&amp;#0;&amp;#0;&amp;#0;&amp;#0;&amp;#0;&amp;#0;&amp;#0;&amp;#0;&amp;#0;&amp;#0;&amp;#0;&amp;#0;&amp;#0;&amp;#0;&amp;#0;&amp;#0;&amp;#0;&amp;#0;&amp;#0;&amp;#0;&amp;#0;&amp;#0;&amp;#0;&amp;#0;&amp;#0;&amp;#0;&amp;#0;&amp;#0;&amp;#0;&amp;#0;&amp;#0;&amp;#0;&amp;#0;&amp;#0;&amp;#0;&amp;#0;&amp;#0;&amp;#0;&amp;#0;&amp;#0;&amp;#0;&amp;#0;&amp;#0;&amp;#0;&amp;#0;&amp;#0;&amp;#0;&amp;#0;&amp;#0;&amp;#0;&amp;#0;&amp;#0;&amp;#0;&amp;#0;&amp;#0;&amp;#0;&amp;#0;&amp;#0;&amp;#0;&amp;#0;&amp;#0;&amp;#0;&amp;#0;&amp;#0;&amp;#0;&amp;#0;&amp;#0;&amp;#0;&amp;#0;&amp;#0;&amp;#0;&amp;#0;&amp;#0;&amp;#0;&amp;#0;&amp;#0;&amp;#0;&amp;#0;&amp;#0;&amp;#0;&amp;#0;&amp;#0;&amp;#0;&amp;#0;&amp;#0;&amp;#0;&amp;#0;&amp;#0;&amp;#0;&amp;#0;&amp;#0;&amp;#0;&amp;#0;&amp;#0;&amp;#0;&amp;#0;&amp;#0;&amp;#0;&amp;#0;&amp;#0;&amp;#0;&amp;#0;&amp;#0;&amp;#0;&amp;#0;&amp;#0;&amp;#0;&amp;#0;&amp;#0;&amp;#0;&amp;#0;&amp;#0;&amp;#0;&amp;#0;&amp;#0;&amp;#0;&amp;#0;&amp;#0;&amp;#0;&amp;#0;&amp;#0;&amp;#0;&amp;#0;&amp;#0;&amp;#0;&amp;#0;&amp;#0;&amp;#0;&amp;#0;&amp;#0;&amp;#0;&amp;#0;&amp;#0;&amp;#0;&amp;#0;&amp;#0;&amp;#0;&amp;#0;&amp;#0;&amp;#0;&amp;#0;&amp;#0;&amp;#0;&amp;#0;&amp;#0;&amp;#0;&amp;#0;&amp;#0;&amp;#0;&amp;#0;&amp;#0;&amp;#0;&amp;#0;&amp;#0;&amp;#0;&amp;#0;&amp;#0;&amp;#0;&amp;#0;&amp;#0;&amp;#0;&amp;#0;&amp;#0;&amp;#0;&amp;#0;&amp;#0;&amp;#0;&amp;#0;&amp;#0;&amp;#0;&amp;#0;&amp;#0;&amp;#0;&amp;#0;&amp;#0;&amp;#0;&amp;#0;&amp;#0;&amp;#0;&amp;#0;&amp;#0;&amp;#0;&amp;#0;&amp;#0;&amp;#0;&amp;#0;&amp;#0;&amp;#0;&amp;#0;&amp;#0;&amp;#0;&amp;#0;&amp;#0;&amp;#0;&amp;#0;&amp;#0;&amp;#0;&amp;#0;&amp;#0;&amp;#0;&amp;#0;&amp;#0;&amp;#0;&amp;#0;&amp;#0;&amp;#0;&amp;#0;&amp;#0;&amp;#0;&amp;#0;&amp;#0;&amp;#0;&amp;#0;&amp;#0;&amp;#0;&amp;#0;&amp;#0;&amp;#0;&amp;#0;&amp;#0;&amp;#0;&amp;#0;&amp;#0;&amp;#0;&amp;#0;&amp;#0;&amp;#0;&amp;#0;&amp;#0;&amp;#0;&amp;#0;&amp;#0;&amp;#0;&amp;#0;&amp;#0;&amp;#0;&amp;#0;&amp;#0;&amp;#0;&amp;#0;&amp;#0;&amp;#0;&amp;#0;&amp;#0;&amp;#0;&amp;#0;&amp;#0;&amp;#0;&amp;#0;&amp;#0;&amp;#0;&amp;#0;&amp;#0;&amp;#0;&amp;#0;&amp;#0;&amp;#0;&amp;#0;&amp;#0;&amp;#0;&amp;#0;&amp;#0;&amp;#0;&amp;#0;&amp;#0;&amp;#0;&amp;#0;&amp;#0;&amp;#0;&amp;#0;&amp;#0;&amp;#0;&amp;#0;&amp;#0;&amp;#0;&amp;#0;&amp;#0;&amp;#0;&amp;#0;&amp;#0;&amp;#0;&amp;#0;&amp;#0;&amp;#0;&amp;#0;&amp;#0;&amp;#0;&amp;#0;&amp;#0;&amp;#0;&amp;#0;&amp;#0;&amp;#0;&amp;#0;&amp;#0;&amp;#0;&amp;#0;&amp;#0;&amp;#0;&amp;#0;&amp;#0;&amp;#0;&amp;#0;&amp;#0;&amp;#0;&amp;#0;&amp;#0;&amp;#0;&amp;#0;&amp;#0;&amp;#0;&amp;#0;&amp;#0;&amp;#0;&amp;#0;&amp;#0;&amp;#0;&amp;#0;&amp;#0;&amp;#0;&amp;#0;&amp;#0;&amp;#0;&amp;#0;&amp;#0;&amp;#0;&amp;#0;&amp;#0;&amp;#0;&amp;#0;&amp;#0;&amp;#0;&amp;#0;&amp;#0;&amp;#0;&amp;#0;&amp;#0;&amp;#0;&amp;#0;&amp;#0;&amp;#0;&amp;#0;&amp;#0;&amp;#0;&amp;#0;&amp;#0;&amp;#0;&amp;#0;&amp;#0;&amp;#0;&amp;#0;&amp;#0;&amp;#0;&amp;#0;&amp;#0;&amp;#0;&amp;#0;&amp;#0;&amp;#0;&amp;#0;&amp;#0;&amp;#0;&amp;#0;&amp;#0;&amp;#0;&amp;#0;&amp;#0;&amp;#0;&amp;#0;&amp;#0;&amp;#0;&amp;#0;&amp;#0;&amp;#0;&amp;#0;&amp;#0;&amp;#0;&amp;#0;&amp;#0;&amp;#0;&amp;#0;&amp;#0;&amp;#0;&amp;#0;&amp;#0;&amp;#0;&amp;#0;&amp;#0;&amp;#0;&amp;#0;&amp;#0;&amp;#0;&amp;#0;&amp;#0;&amp;#0;&amp;#0;&amp;#0;&amp;#0;&amp;#0;&amp;#0;&amp;#0;&amp;#0;&amp;#0;&amp;#0;&amp;#0;&amp;#0;&amp;#0;&amp;#0;&amp;#0;&amp;#0;&amp;#0;&amp;#0;&amp;#0;&amp;#0;&amp;#0;&amp;#0;&amp;#0;&amp;#0;&amp;#0;&amp;#0;&amp;#0;&amp;#0;&amp;#0;&amp;#0;&amp;#0;&amp;#0;&amp;#0;&amp;#0;&amp;#0;&amp;#0;&amp;#0;&amp;#0;&amp;#0;&amp;#0;&amp;#0;&amp;#0;&amp;#0;&amp;#0;&amp;#0;&amp;#0;&amp;#0;&amp;#0;&amp;#0;&amp;#0;&amp;#0;&amp;#0;&amp;#0;&amp;#0;&amp;#0;&amp;#0;&amp;#0;&amp;#0;&amp;#0;&amp;#0;&amp;#0;&amp;#0;&amp;#0;&amp;#0;&amp;#0;&amp;#0;&amp;#0;&amp;#0;&amp;#0;&amp;#0;&amp;#0;&amp;#0;&amp;#0;&amp;#0;&amp;#0;&amp;#0;&amp;#0;&amp;#0;&amp;#0;&amp;#0;&amp;#0;&amp;#0;&amp;#0;&amp;#0;&amp;#0;&amp;#0;&amp;#0;&amp;#0;&amp;#0;&amp;#0;&amp;#0;&amp;#0;&amp;#0;&amp;#0;&amp;#0;&amp;#0;&amp;#0;&amp;#0;&amp;#0;&amp;#0;&amp;#0;&amp;#0;&amp;#0;&amp;#0;&amp;#0;&amp;#0;&amp;#0;&amp;#0;&amp;#0;&amp;#0;&amp;#0;&amp;#0;&amp;#0;&amp;#0;&amp;#0;&amp;#0;&amp;#0;&amp;#0;&amp;#0;&amp;#0;&amp;#0;&amp;#0;&amp;#0;&amp;#0;&amp;#0;&amp;#0;&amp;#0;&amp;#0;&amp;#0;&amp;#0;&amp;#0;&amp;#0;&amp;#0;&amp;#0;&amp;#0;&amp;#0;&amp;#0;&amp;#0;&amp;#0;&amp;#0;&amp;#0;&amp;#0;&amp;#0;&amp;#0;&amp;#0;&amp;#0;&amp;#0;&amp;#0;&amp;#0;&amp;#0;&amp;#0;&amp;#0;&amp;#0;&amp;#0;&amp;#0;&amp;#0;&amp;#0;&amp;#0;&amp;#0;&amp;#0;&amp;#0;&amp;#0;&amp;#0;&amp;#0;&amp;#0;&amp;#0;&amp;#0;&amp;#0;&amp;#0;&amp;#0;&amp;#0;&amp;#0;&amp;#0;&amp;#0;&amp;#0;&amp;#0;&amp;#0;&amp;#0;&amp;#0;&amp;#0;&amp;#0;&amp;#0;&amp;#0;&amp;#0;&amp;#0;&amp;#0;&amp;#0;&amp;#0;&amp;#0;&amp;#0;&amp;#0;&amp;#0;&amp;#0;&amp;#0;&amp;#0;&amp;#0;&amp;#0;&amp;#0;&amp;#0;&amp;#0;&amp;#0;&amp;#0;&amp;#0;&amp;#0;&amp;#0;&amp;#0;&amp;#0;&amp;#0;&amp;#0;&amp;#0;&amp;#0;&amp;#0;&amp;#0;&amp;#0;&amp;#0;&amp;#0;&amp;#0;&amp;#0;&amp;#0;&amp;#0;&amp;#0;&amp;#0;&amp;#0;&amp;#0;&amp;#0;&amp;#0;&amp;#0;&amp;#0;&amp;#0;&amp;#0;&amp;#0;&amp;#0;&amp;#0;&amp;#0;&amp;#0;&amp;#0;&amp;#0;&amp;#0;&amp;#0;&amp;#0;&amp;#0;&amp;#0;&amp;#0;&amp;#0;&amp;#0;&amp;#0;&amp;#0;&amp;#0;&amp;#0;&amp;#0;&amp;#0;&amp;#0;&amp;#0;&amp;#0;&amp;#0;&amp;#0;&amp;#0;&amp;#0;&amp;#0;&amp;#0;&amp;#0;&amp;#0;&amp;#0;&amp;#0;&amp;#0;&amp;#0;&amp;#0;&amp;#0;&amp;#0;&amp;#0;&amp;#0;&amp;#0;&amp;#0;&amp;#0;&amp;#0;&amp;#0;&amp;#0;&amp;#0;&amp;#0;&amp;#0;&amp;#0;&amp;#0;&amp;#0;&amp;#0;&amp;#0;&amp;#0;&amp;#0;&amp;#0;&amp;#0;&amp;#0;&amp;#0;&amp;#0;&amp;#0;&amp;#0;&amp;#0;&amp;#0;&amp;#0;&amp;#0;&amp;#0;&amp;#0;&amp;#0;&amp;#0;&amp;#0;&amp;#0;&amp;#0;&amp;#0;&amp;#0;&amp;#0;&amp;#0;&amp;#0;&amp;#0;&amp;#0;&amp;#0;&amp;#0;&amp;#0;&amp;#0;&amp;#0;&amp;#0;&amp;#0;&amp;#0;&amp;#0;&amp;#0;&amp;#0;&amp;#0;&amp;#0;&amp;#0;&amp;#0;&amp;#0;&amp;#0;&amp;#0;&amp;#0;&amp;#0;&amp;#0;&amp;#0;&amp;#0;&amp;#0;&amp;#0;&amp;#0;&amp;#0;&amp;#0;&amp;#0;&amp;#0;&amp;#0;&amp;#0;&amp;#0;&amp;#0;&amp;#0;&amp;#0;&amp;#0;&amp;#0;&amp;#0;&amp;#0;&amp;#0;&amp;#0;&amp;#0;&amp;#0;&amp;#0;&amp;#0;&amp;#0;&amp;#0;&amp;#0;&amp;#0;&amp;#0;&amp;#0;&amp;#0;&amp;#0;&amp;#0;&amp;#0;&amp;#0;&amp;#0;&amp;#0;&amp;#0;&amp;#0;&amp;#0;&amp;#0;&amp;#0;&amp;#0;&amp;#0;&amp;#0;&amp;#0;&amp;#0;&amp;#0;&amp;#0;&amp;#0;&amp;#0;&amp;#0;&amp;#0;&amp;#0;&amp;#0;&amp;#0;&amp;#0;&amp;#0;&amp;#0;&amp;#0;&amp;#0;&amp;#0;&amp;#0;&amp;#0;&amp;#0;&amp;#0;&amp;#0;&amp;#0;&amp;#0;&amp;#0;&amp;#0;&amp;#0;&amp;#0;&amp;#0;&amp;#0;&amp;#0;&amp;#0;&amp;#0;&amp;#0;&amp;#0;&amp;#0;&amp;#0;&amp;#0;&amp;#0;&amp;#0;&amp;#0;&amp;#0;&amp;#0;&amp;#0;&amp;#0;&amp;#0;&amp;#0;&amp;#0;&amp;#0;&amp;#0;&amp;#0;&amp;#0;&amp;#0;&amp;#0;&amp;#0;&amp;#0;&amp;#0;&amp;#0;&amp;#0;&amp;#0;&amp;#0;&amp;#0;&amp;#0;&amp;#0;&amp;#0;&amp;#0;&amp;#0;&amp;#0;&amp;#0;&amp;#0;&amp;#0;&amp;#0;&amp;#0;&amp;#0;&amp;#0;&amp;#0;&amp;#0;&amp;#0;&amp;#0;&amp;#0;&amp;#0;&amp;#0;&amp;#0;&amp;#0;&amp;#0;&amp;#0;&amp;#0;&amp;#0;&amp;#0;&amp;#0;&amp;#0;&amp;#0;&amp;#0;&amp;#0;&amp;#0;&amp;#0;&amp;#0;&amp;#0;&amp;#0;&amp;#0;&amp;#0;&amp;#0;&amp;#0;&amp;#0;&amp;#0;&amp;#0;&amp;#0;&amp;#0;&amp;#0;&amp;#0;&amp;#0;&amp;#0;&amp;#0;&amp;#0;&amp;#0;&amp;#0;&amp;#0;&amp;#0;&amp;#0;&amp;#0;&amp;#0;&amp;#0;&amp;#0;&amp;#0;&amp;#0;&amp;#0;&amp;#0;&amp;#0;&amp;#0;&amp;#0;&amp;#0;&amp;#0;&amp;#0;&amp;#0;&amp;#0;&amp;#0;&amp;#0;&amp;#0;&amp;#0;&amp;#0;&amp;#0;&amp;#0;&amp;#0;&amp;#0;&amp;#0;&amp;#0;&amp;#0;&amp;#0;&amp;#0;&amp;#0;&amp;#0;&amp;#0;&amp;#0;&amp;#0;&amp;#0;&amp;#0;&amp;#0;&amp;#0;&amp;#0;&amp;#0;&amp;#0;&amp;#0;&amp;#0;&amp;#0;&amp;#0;&amp;#0;&amp;#0;&amp;#0;&amp;#0;&amp;#0;&amp;#0;&amp;#0;&amp;#0;&amp;#0;&amp;#0;&amp;#0;&amp;#0;&amp;#0;&amp;#0;&amp;#0;&amp;#0;&amp;#0;&amp;#0;&amp;#0;&amp;#0;&amp;#0;&amp;#0;&amp;#0;&amp;#0;&amp;#0;&amp;#0;&amp;#0;&amp;#0;&amp;#0;&amp;#0;&amp;#0;&amp;#0;&amp;#0;&amp;#0;&amp;#0;&amp;#0;&amp;#0;&amp;#0;&amp;#0;&amp;#0;&amp;#0;&amp;#0;&amp;#0;&amp;#0;&amp;#0;&amp;#0;&amp;#0;&amp;#0;&amp;#0;&amp;#0;&amp;#0;&amp;#0;&amp;#0;&amp;#0;&amp;#0;&amp;#0;&amp;#0;&amp;#0;&amp;#0;&amp;#0;&amp;#0;&amp;#0;&amp;#0;&amp;#0;&amp;#0;&amp;#0;&amp;#0;&amp;#0;&amp;#0;&amp;#0;&amp;#0;&amp;#0;&amp;#0;&amp;#0;&amp;#0;&amp;#0;&amp;#0;&amp;#0;&amp;#0;&amp;#0;&amp;#0;&amp;#0;&amp;#0;&amp;#0;&amp;#0;&amp;#0;&amp;#0;&amp;#0;&amp;#0;&amp;#0;&amp;#0;&amp;#0;&amp;#0;&amp;#0;&amp;#0;&amp;#0;&amp;#0;&amp;#0;&amp;#0;&amp;#0;&amp;#0;&amp;#0;&amp;#0;&amp;#0;&amp;#0;&amp;#0;&amp;#0;&amp;#0;&amp;#0;&amp;#0;&amp;#0;&amp;#0;&amp;#0;&amp;#0;&amp;#0;&amp;#0;&amp;#0;&amp;#0;&amp;#0;&amp;#0;&amp;#0;&amp;#0;&amp;#0;&amp;#0;&amp;#0;&amp;#0;&amp;#0;&amp;#0;&amp;#0;&amp;#0;&amp;#0;&amp;#0;&amp;#0;&amp;#0;&amp;#0;&amp;#0;&amp;#0;&amp;#0;&amp;#0;&amp;#0;&amp;#0;&amp;#0;&amp;#0;&amp;#0;&amp;#0;&amp;#0;&amp;#0;&amp;#0;&amp;#0;&amp;#0;&amp;#0;&amp;#0;&amp;#0;&amp;#0;&amp;#0;&amp;#0;&amp;#0;&amp;#0;&amp;#0;&amp;#0;&amp;#0;&amp;#0;&amp;#0;&amp;#0;&amp;#0;&amp;#0;&amp;#0;&amp;#0;&amp;#0;&amp;#0;&amp;#0;&amp;#0;&amp;#0;&amp;#0;&amp;#0;&amp;#0;&amp;#0;&amp;#0;&amp;#0;&amp;#0;&amp;#0;&amp;#0;&amp;#0;&amp;#0;&amp;#0;&amp;#0;&amp;#0;&amp;#0;&amp;#0;&amp;#0;&amp;#0;&amp;#0;&amp;#0;&amp;#0;&amp;#0;&amp;#0;&amp;#0;&amp;#0;&amp;#0;&amp;#0;&amp;#0;&amp;#0;&amp;#0;&amp;#0;&amp;#0;&amp;#0;&amp;#0;&amp;#0;&amp;#0;&amp;#0;&amp;#0;&amp;#0;&amp;#0;&amp;#0;&amp;#0;&amp;#0;&amp;#0;&amp;#0;&amp;#0;&amp;#0;&amp;#0;&amp;#0;&amp;#0;&amp;#0;&amp;#0;&amp;#0;&amp;#0;&amp;#0;&amp;#0;&amp;#0;&amp;#0;&amp;#0;&amp;#0;&amp;#0;&amp;#0;&amp;#0;&amp;#0;&amp;#0;&amp;#0;&amp;#0;&amp;#0;&amp;#0;&amp;#0;&amp;#0;&amp;#0;&amp;#0;&amp;#0;&amp;#0;&amp;#0;&amp;#0;&amp;#0;&amp;#0;&amp;#0;&amp;#0;&amp;#0;&amp;#0;&amp;#0;&amp;#0;&amp;#0;&amp;#0;&amp;#0;&amp;#0;&amp;#0;&amp;#0;&amp;#0;&amp;#0;&amp;#0;&amp;#0;&amp;#0;&amp;#0;&amp;#0;&amp;#0;&amp;#0;&amp;#0;&amp;#0;&amp;#0;&amp;#0;&amp;#0;&amp;#0;&amp;#0;&amp;#0;&amp;#0;&amp;#0;&amp;#0;&amp;#0;&amp;#0;&amp;#0;&amp;#0;&amp;#0;&amp;#0;&amp;#0;&amp;#0;&amp;#0;&amp;#0;&amp;#0;&amp;#0;&amp;#0;&amp;#0;&amp;#0;&amp;#0;&amp;#0;&amp;#0;&amp;#0;&amp;#0;&amp;#0;&amp;#0;&amp;#0;&amp;#0;&amp;#0;&amp;#0;&amp;#0;&amp;#0;&amp;#0;&amp;#0;&amp;#0;&amp;#0;&amp;#0;&amp;#0;&amp;#0;&amp;#0;&amp;#0;&amp;#0;&amp;#0;&amp;#0;&amp;#0;&amp;#0;&amp;#0;&amp;#0;&amp;#0;&amp;#0;&amp;#0;&amp;#0;&amp;#0;&amp;#0;&amp;#0;&amp;#0;&amp;#0;&amp;#0;&amp;#0;&amp;#0;&amp;#0;&amp;#0;&amp;#0;&amp;#0;&amp;#0;&amp;#0;&amp;#0;&amp;#0;&amp;#0;&amp;#0;&amp;#0;&amp;#0;&amp;#0;&amp;#0;&amp;#0;&amp;#0;&amp;#0;&amp;#0;&amp;#0;&amp;#0;&amp;#0;&amp;#0;&amp;#0;&amp;#0;&amp;#0;&amp;#0;&amp;#0;&amp;#0;&amp;#0;&amp;#0;&amp;#0;&amp;#0;&amp;#0;&amp;#0;&amp;#0;&amp;#0;&amp;#0;&amp;#0;&amp;#0;&amp;#0;&amp;#0;&amp;#0;&amp;#0;&amp;#0;&amp;#0;&amp;#0;&amp;#0;&amp;#0;&amp;#0;&amp;#0;&amp;#0;&amp;#0;&amp;#0;&amp;#0;&amp;#0;&amp;#0;&amp;#0;&amp;#0;&amp;#0;&amp;#0;&amp;#0;&amp;#0;&amp;#0;&amp;#0;&amp;#0;&amp;#0;&amp;#0;&amp;#0;&amp;#0;&amp;#0;&amp;#0;&amp;#0;&amp;#0;&amp;#0;&amp;#0;&amp;#0;&amp;#0;&amp;#0;&amp;#0;&amp;#0;&amp;#0;&amp;#0;&amp;#0;&amp;#0;&amp;#0;&amp;#0;&amp;#0;&amp;#0;&amp;#0;&amp;#0;&amp;#0;&amp;#0;&amp;#0;&amp;#0;&amp;#0;&amp;#0;&amp;#0;&amp;#0;&amp;#0;&amp;#0;&amp;#0;&amp;#0;&amp;#0;&amp;#0;&amp;#0;&amp;#0;&amp;#0;&amp;#0;&amp;#0;&amp;#0;&amp;#0;&amp;#0;&amp;#0;&amp;#0;&amp;#0;&amp;#0;&amp;#0;&amp;#0;&amp;#0;&amp;#0;&amp;#0;&amp;#0;&amp;#0;&amp;#0;&amp;#0;&amp;#0;&amp;#0;&amp;#0;&amp;#0;&amp;#0;&amp;#0;&amp;#0;&amp;#0;&amp;#0;&amp;#0;&amp;#0;&amp;#0;&amp;#0;&amp;#0;&amp;#0;&amp;#0;&amp;#0;&amp;#0;&amp;#0;&amp;#0;&amp;#0;&amp;#0;&amp;#0;&amp;#0;&amp;#0;&amp;#0;&amp;#0;&amp;#0;&amp;#0;&amp;#0;&amp;#0;&amp;#0;&amp;#0;&amp;#0;&amp;#0;&amp;#0;&amp;#0;&amp;#0;&amp;#0;&amp;#0;&amp;#0;&amp;#0;&amp;#0;&amp;#0;&amp;#0;&amp;#0;&amp;#0;&amp;#0;&amp;#0;&amp;#0;&amp;#0;&amp;#0;&amp;#0;&amp;#0;&amp;#0;&amp;#0;&amp;#0;&amp;#0;&amp;#0;&amp;#0;&amp;#0;&amp;#0;&amp;#0;&amp;#0;&amp;#0;&amp;#0;&amp;#0;&amp;#0;&amp;#0;&amp;#0;&amp;#0;&amp;#0;&amp;#0;&amp;#0;&amp;#0;&amp;#0;&amp;#0;&amp;#0;&amp;#0;&amp;#0;&amp;#0;&amp;#0;&amp;#0;&amp;#0;&amp;#0;&amp;#0;&amp;#0;&amp;#0;&amp;#0;&amp;#0;&amp;#0;&amp;#0;&amp;#0;&amp;#0;&amp;#0;&amp;#0;&amp;#0;&amp;#0;&amp;#0;&amp;#0;&amp;#0;&amp;#0;&amp;#0;&amp;#0;&amp;#0;&amp;#0;&amp;#0;&amp;#0;&amp;#0;&amp;#0;&amp;#0;&amp;#0;&amp;#0;&amp;#0;&amp;#0;&amp;#0;&amp;#0;&amp;#0;&amp;#0;&amp;#0;&amp;#0;&amp;#0;&amp;#0;&amp;#0;&amp;#0;&amp;#0;&amp;#0;&amp;#0;&amp;#0;&amp;#0;&amp;#0;&amp;#0;&amp;#0;&amp;#0;&amp;#0;&amp;#0;&amp;#0;&amp;#0;&amp;#0;&amp;#0;&amp;#0;&amp;#0;&amp;#0;&amp;#0;&amp;#0;&amp;#0;&amp;#0;&amp;#0;&amp;#0;&amp;#0;&amp;#0;&amp;#0;&amp;#0;&amp;#0;&amp;#0;&amp;#0;&amp;#0;&amp;#0;&amp;#0;&amp;#0;&amp;#0;&amp;#0;&amp;#0;&amp;#0;&amp;#0;&amp;#0;&amp;#0;&amp;#0;&amp;#0;&amp;#0;&amp;#0;&amp;#0;&amp;#0;&amp;#0;&amp;#0;&amp;#0;&amp;#0;&amp;#0;&amp;#0;&amp;#0;&amp;#0;&amp;#0;&amp;#0;&amp;#0;&amp;#0;&amp;#0;&amp;#0;&amp;#0;&amp;#0;&amp;#0;&amp;#0;&amp;#0;&amp;#0;&amp;#0;&amp;#0;&amp;#0;&amp;#0;&amp;#0;&amp;#0;&amp;#0;&amp;#0;&amp;#0;&amp;#0;&amp;#0;&amp;#0;&amp;#0;&amp;#0;&amp;#0;&amp;#0;&amp;#0;&amp;#0;&amp;#0;&amp;#0;&amp;#0;&amp;#0;&amp;#0;&amp;#0;&amp;#0;&amp;#0;&amp;#0;&amp;#0;&amp;#0;&amp;#0;&amp;#0;&amp;#0;&amp;#0;&amp;#0;&amp;#0;&amp;#0;&amp;#0;&amp;#0;&amp;#0;&amp;#0;&amp;#0;&amp;#0;&amp;#0;&amp;#0;&amp;#0;&amp;#0;&amp;#0;&amp;#0;&amp;#0;&amp;#0;&amp;#0;&amp;#0;&amp;#0;&amp;#0;&amp;#0;&amp;#0;&amp;#0;&amp;#0;&amp;#0;&amp;#0;&amp;#0;&amp;#0;&amp;#0;&amp;#0;&amp;#0;&amp;#0;&amp;#0;&amp;#0;&amp;#0;&amp;#0;&amp;#0;&amp;#0;&amp;#0;&amp;#0;&amp;#0;&amp;#0;&amp;#0;&amp;#0;&amp;#0;&amp;#0;&amp;#0;&amp;#0;&amp;#0;&amp;#0;&amp;#0;&amp;#0;&amp;#0;&amp;#0;&amp;#0;&amp;#0;&amp;#0;&amp;#0;&amp;#0;&amp;#0;&amp;#0;&amp;#0;&amp;#0;&amp;#0;&amp;#0;&amp;#0;&amp;#0;&amp;#0;&amp;#0;&amp;#0;&amp;#0;&amp;#0;&amp;#0;&amp;#0;&amp;#0;&amp;#0;&amp;#0;&amp;#0;&amp;#0;&amp;#0;&amp;#0;&amp;#0;&amp;#0;&amp;#0;&amp;#0;&amp;#0;&amp;#0;&amp;#0;&amp;#0;&amp;#0;&amp;#0;&amp;#0;&amp;#0;&amp;#0;&amp;#0;&amp;#0;&amp;#0;&amp;#0;&amp;#0;&amp;#0;&amp;#0;&amp;#0;&amp;#0;&amp;#0;&amp;#0;&amp;#0;&amp;#0;&amp;#0;&amp;#0;&amp;#0;&amp;#0;&amp;#0;&amp;#0;&amp;#0;&amp;#0;&amp;#0;&amp;#0;&amp;#0;&amp;#0;&amp;#0;&amp;#0;&amp;#0;&amp;#0;&amp;#0;&amp;#0;&amp;#0;&amp;#0;&amp;#0;&amp;#0;&amp;#0;&amp;#0;&amp;#0;&amp;#0;&amp;#0;&amp;#0;&amp;#0;&amp;#0;&amp;#0;&amp;#0;&amp;#0;&amp;#0;&amp;#0;&amp;#0;&amp;#0;&amp;#0;&amp;#0;&amp;#0;&amp;#0;&amp;#0;&amp;#0;&amp;#0;&amp;#0;&amp;#0;&amp;#0;&amp;#0;&amp;#0;&amp;#0;&amp;#0;&amp;#0;&amp;#0;&amp;#0;&amp;#0;&amp;#0;&amp;#0;&amp;#0;&amp;#0;&amp;#0;&amp;#0;&amp;#0;&amp;#0;&amp;#0;&amp;#0;&amp;#0;&amp;#0;&amp;#0;&amp;#0;&amp;#0;&amp;#0;&amp;#0;&amp;#0;&amp;#0;&amp;#0;&amp;#0;&amp;#0;&amp;#0;&amp;#0;&amp;#0;&amp;#0;&amp;#0;&amp;#0;&amp;#0;&amp;#0;&amp;#0;&amp;#0;&amp;#0;&amp;#0;&amp;#0;&amp;#0;&amp;#0;&amp;#0;&amp;#0;&amp;#0;&amp;#0;&amp;#0;&amp;#0;&amp;#0;&amp;#0;&amp;#0;&amp;#0;&amp;#0;&amp;#0;&amp;#0;&amp;#0;&amp;#0;&amp;#0;&amp;#0;&amp;#0;&amp;#0;&amp;#0;&amp;#0;&amp;#0;&amp;#0;&amp;#0;&amp;#0;&amp;#0;&amp;#0;&amp;#0;&amp;#0;&amp;#0;&amp;#0;&amp;#0;&amp;#0;&amp;#0;&amp;#0;&amp;#0;&amp;#0;&amp;#0;&amp;#0;&amp;#0;&amp;#0;&amp;#0;&amp;#0;&amp;#0;&amp;#0;&amp;#0;&amp;#0;&amp;#0;&amp;#0;&amp;#0;&amp;#0;&amp;#0;&amp;#0;&amp;#0;&amp;#0;&amp;#0;&amp;#0;&amp;#0;&amp;#0;&amp;#0;&amp;#0;&amp;#0;&amp;#0;&amp;#0;&amp;#0;&amp;#0;&amp;#0;&amp;#0;&amp;#0;&amp;#0;&amp;#0;&amp;#0;&amp;#0;&amp;#0;&amp;#0;&amp;#0;
12:46:30.313 [main] ERROR - Je passe ici ------------------------------------------------------
12:46:30.314 [main] DEBUG - clauseWhen1
12:46:30.315 [main] ERROR - Exception occured during compilation!
java.lang.RuntimeException: null
	at be.unamur.info.b314.compiler.Visitor.PCodeVisitor.visitClauseWhen(PCodeVisitor.java:153) ~[classes/:?]
	at be.unamur.info.b314.compiler.B314Parser$ClauseWhenContext.accept(B314Parser.java:4520) ~[classes/:?]
	at org.antlr.v4.runtime.tree.AbstractParseTreeVisitor.visitChildren(AbstractParseTreeVisitor.java:46) ~[antlr4-runtime-4.6.jar:4.6]
	at be.unamur.info.b314.compiler.B314BaseVisitor.visitProgramme(B314BaseVisitor.java:510) ~[classes/:?]
	at be.unamur.info.b314.compiler.Visitor.PCodeVisitor.visitProgramme(PCodeVisitor.java:94) ~[classes/:?]
	at be.unamur.info.b314.compiler.B314Parser$ProgrammeContext.accept(B314Parser.java:4028) ~[classes/:?]
	at be.unamur.info.b314.compiler.main.Main.printPCode(Main.java:236) ~[classes/:?]
	at be.unamur.info.b314.compiler.main.Main.compile(Main.java:199) ~[classes/:?]
	at be.unamur.info.b314.compiler.main.Main.main(Main.java:79) [classes/:?]
	at be.unamur.info.b314.compiler.main.CompilerTestHelper.launchCompilation(CompilerTestHelper.java:35) [test-classes/:?]
	at be.unamur.info.b314.compiler.main.B314localvariabledeclSyntaxTest.testlocalvariabledecl_when_local_var_diff_names_than_global_vars_but_same_name_in_different_whens_ok(B314localvariabledeclSyntaxTest.java:46) [test-classes/:?]
	at sun.reflect.NativeMethodAccessorImpl.invoke0(Native Method) ~[?:1.8.0_60]
	at sun.reflect.NativeMethodAccessorImpl.invoke(NativeMethodAccessorImpl.java:62) ~[?:1.8.0_60]
	at sun.reflect.DelegatingMethodAccessorImpl.invoke(DelegatingMethodAccessorImpl.java:43) ~[?:1.8.0_60]
	at java.lang.reflect.Method.invoke(Method.java:497) ~[?:1.8.0_60]
	at org.junit.runners.model.FrameworkMethod$1.runReflectiveCall(FrameworkMethod.java:50) [junit-4.12.jar:4.12]
	at org.junit.internal.runners.model.ReflectiveCallable.run(ReflectiveCallable.java:12) [junit-4.12.jar:4.12]
	at org.junit.runners.model.FrameworkMethod.invokeExplosively(FrameworkMethod.java:47) [junit-4.12.jar:4.12]
	at org.junit.internal.runners.statements.InvokeMethod.evaluate(InvokeMethod.java:17) [junit-4.12.jar:4.12]
	at org.junit.rules.ExternalResource$1.evaluate(ExternalResource.java:48) [junit-4.12.jar:4.12]
	at org.junit.rules.TestWatcher$1.evaluate(TestWatcher.java:55) [junit-4.12.jar:4.12]
	at org.junit.rules.RunRules.evaluate(RunRules.java:20) [junit-4.12.jar:4.12]
	at org.junit.runners.ParentRunner.runLeaf(ParentRunner.java:325) [junit-4.12.jar:4.12]
	at org.junit.runners.BlockJUnit4ClassRunner.runChild(BlockJUnit4ClassRunner.java:78) [junit-4.12.jar:4.12]
	at org.junit.runners.BlockJUnit4ClassRunner.runChild(BlockJUnit4ClassRunner.java:57) [junit-4.12.jar:4.12]
	at org.junit.runners.ParentRunner$3.run(ParentRunner.java:290) [junit-4.12.jar:4.12]
	at org.junit.runners.ParentRunner$1.schedule(ParentRunner.java:71) [junit-4.12.jar:4.12]
	at org.junit.runners.ParentRunner.runChildren(ParentRunner.java:288) [junit-4.12.jar:4.12]
	at org.junit.runners.ParentRunner.access$000(ParentRunner.java:58) [junit-4.12.jar:4.12]
	at org.junit.runners.ParentRunner$2.evaluate(ParentRunner.java:268) [junit-4.12.jar:4.12]
	at org.junit.runners.ParentRunner.run(ParentRunner.java:363) [junit-4.12.jar:4.12]
	at org.apache.maven.surefire.junit4.JUnit4Provider.execute(JUnit4Provider.java:252) [surefire-junit4-2.12.4.jar:2.12.4]
	at org.apache.maven.surefire.junit4.JUnit4Provider.executeTestSet(JUnit4Provider.java:141) [surefire-junit4-2.12.4.jar:2.12.4]
	at org.apache.maven.surefire.junit4.JUnit4Provider.invoke(JUnit4Provider.java:112) [surefire-junit4-2.12.4.jar:2.12.4]
	at sun.reflect.NativeMethodAccessorImpl.invoke0(Native Method) ~[?:1.8.0_60]
	at sun.reflect.NativeMethodAccessorImpl.invoke(NativeMethodAccessorImpl.java:62) ~[?:1.8.0_60]
	at sun.reflect.DelegatingMethodAccessorImpl.invoke(DelegatingMethodAccessorImpl.java:43) ~[?:1.8.0_60]
	at java.lang.reflect.Method.invoke(Method.java:497) ~[?:1.8.0_60]
	at org.apache.maven.surefire.util.ReflectionUtils.invokeMethodWithArray(ReflectionUtils.java:189) [surefire-api-2.12.4.jar:2.12.4]
	at org.apache.maven.surefire.booter.ProviderFactory$ProviderProxy.invoke(ProviderFactory.java:165) [surefire-booter-2.12.4.jar:2.12.4]
	at org.apache.maven.surefire.booter.ProviderFactory.invokeProvider(ProviderFactory.java:85) [surefire-booter-2.12.4.jar:2.12.4]
	at org.apache.maven.surefire.booter.ForkedBooter.runSuitesInProcess(ForkedBooter.java:115) [surefire-booter-2.12.4.jar:2.12.4]
	at org.apache.maven.surefire.booter.ForkedBooter.main(ForkedBooter.java:75) [surefire-booter-2.12.4.jar:2.12.4]
</system-out>
  </testcase>
  <testcase classname="be.unamur.info.b314.compiler.main.B314localvariabledeclSyntaxTest" name="testlocalvariabledecl_when_global_variables_are_indeed_hidden_by_local_variables_ko" time="0.001"/>
  <testcase classname="be.unamur.info.b314.compiler.main.B314localvariabledeclSyntaxTest" name="testlocalvariabledecl_when_local_var_same_names_ko" time="0.057"/>
  <testcase classname="be.unamur.info.b314.compiler.main.B314localvariabledeclSyntaxTest" name="testlocalvariabledecl_fct_local_var_same_name_as_parameter_ko" time="0.006"/>
  <testcase classname="be.unamur.info.b314.compiler.main.B314localvariabledeclSyntaxTest" name="testlocalvariabledecl_fct_global_variables_are_indeed_hidden_by_local_variables_ko" time="0.002"/>
  <testcase classname="be.unamur.info.b314.compiler.main.B314localvariabledeclSyntaxTest" name="testlocalvariabledecl_when_local_variable_diff_names_ok" time="0.001">
    <failure message="localvariabledecl: when_local_variable_diff_names
Expected: a string ending with &quot;OK\r\n&quot;
     but: was &quot;KO
&quot;" type="java.lang.AssertionError">java.lang.AssertionError: localvariabledecl: when_local_variable_diff_names
Expected: a string ending with &quot;OK\r\n&quot;
     but: was &quot;KO
&quot;
	at org.hamcrest.MatcherAssert.assertThat(MatcherAssert.java:20)
	at org.junit.Assert.assertThat(Assert.java:956)
	at be.unamur.info.b314.compiler.main.CompilerTestHelper.launchCompilation(CompilerTestHelper.java:42)
	at be.unamur.info.b314.compiler.main.B314localvariabledeclSyntaxTest.testlocalvariabledecl_when_local_variable_diff_names_ok(B314localvariabledeclSyntaxTest.java:89)
	at sun.reflect.NativeMethodAccessorImpl.invoke0(Native Method)
	at sun.reflect.NativeMethodAccessorImpl.invoke(NativeMethodAccessorImpl.java:62)
	at sun.reflect.DelegatingMethodAccessorImpl.invoke(DelegatingMethodAccessorImpl.java:43)
	at java.lang.reflect.Method.invoke(Method.java:497)
	at org.junit.runners.model.FrameworkMethod$1.runReflectiveCall(FrameworkMethod.java:50)
	at org.junit.internal.runners.model.ReflectiveCallable.run(ReflectiveCallable.java:12)
	at org.junit.runners.model.FrameworkMethod.invokeExplosively(FrameworkMethod.java:47)
	at org.junit.internal.runners.statements.InvokeMethod.evaluate(InvokeMethod.java:17)
	at org.junit.rules.ExternalResource$1.evaluate(ExternalResource.java:48)
	at org.junit.rules.TestWatcher$1.evaluate(TestWatcher.java:55)
	at org.junit.rules.RunRules.evaluate(RunRules.java:20)
	at org.junit.runners.ParentRunner.runLeaf(ParentRunner.java:325)
	at org.junit.runners.BlockJUnit4ClassRunner.runChild(BlockJUnit4ClassRunner.java:78)
	at org.junit.runners.BlockJUnit4ClassRunner.runChild(BlockJUnit4ClassRunner.java:57)
	at org.junit.runners.ParentRunner$3.run(ParentRunner.java:290)
	at org.junit.runners.ParentRunner$1.schedule(ParentRunner.java:71)
	at org.junit.runners.ParentRunner.runChildren(ParentRunner.java:288)
	at org.junit.runners.ParentRunner.access$000(ParentRunner.java:58)
	at org.junit.runners.ParentRunner$2.evaluate(ParentRunner.java:268)
	at org.junit.runners.ParentRunner.run(ParentRunner.java:363)
	at org.apache.maven.surefire.junit4.JUnit4Provider.execute(JUnit4Provider.java:252)
	at org.apache.maven.surefire.junit4.JUnit4Provider.executeTestSet(JUnit4Provider.java:141)
	at org.apache.maven.surefire.junit4.JUnit4Provider.invoke(JUnit4Provider.java:112)
	at sun.reflect.NativeMethodAccessorImpl.invoke0(Native Method)
	at sun.reflect.NativeMethodAccessorImpl.invoke(NativeMethodAccessorImpl.java:62)
	at sun.reflect.DelegatingMethodAccessorImpl.invoke(DelegatingMethodAccessorImpl.java:43)
	at java.lang.reflect.Method.invoke(Method.java:497)
	at org.apache.maven.surefire.util.ReflectionUtils.invokeMethodWithArray(ReflectionUtils.java:189)
	at org.apache.maven.surefire.booter.ProviderFactory$ProviderProxy.invoke(ProviderFactory.java:165)
	at org.apache.maven.surefire.booter.ProviderFactory.invokeProvider(ProviderFactory.java:85)
	at org.apache.maven.surefire.booter.ForkedBooter.runSuitesInProcess(ForkedBooter.java:115)
	at org.apache.maven.surefire.booter.ForkedBooter.main(ForkedBooter.java:75)
</failure>
    <system-out>12:46:30.411 [main] INFO  - Starting test: testlocalvariabledecl_when_local_variable_diff_names_ok()...
org.apache.commons.cli.CommandLine@5987e932
12:46:30.416 [main] DEBUG - Initialisation
12:46:30.417 [main] DEBUG - Input file set to C:\Users\Nathalie Masudi\b314-Jour-MonkeyIsland\target\test-classes\syntax\localvariabledecl\ok\when_local_variable_diff_names.b314
12:46:30.417 [main] DEBUG - Output file set to C:\Users\NATHAL~1\AppData\Local\Temp\junit757372952917117984\junit142528143168652115.tmp
12:46:30.417 [main] DEBUG - Initialisation: done
jessica1
12:46:30.427 [main] DEBUG - Parsing input
/*

1

1,2,1

1,2,1,2,1
*/
declare and retain 
	b1 as boolean;
	b2 as boolean;
    i1 as integer; 
    i2 as integer; 
    v1 as boolean[5, 7];
    v2 as integer[42];
    
    fct1 as function():boolean
    	do
    		set fct1 to true 
    	done 
	
when your turn 

	when not b1 do
		set b1 to true
		next move north
	done

	when b1 
	declare local
		loc1 as integer;
		loc2 as boolean;
		loc3 as square;
		loc4 as integer[5];
	do
		set loc1 to 34
		set loc2 to false
		set b1 to loc1 &lt; 42 and loc2
		next move east
	done

	by default do 
		next do nothing
	done&amp;#0;&amp;#0;&amp;#0;&amp;#0;&amp;#0;&amp;#0;&amp;#0;&amp;#0;&amp;#0;&amp;#0;&amp;#0;&amp;#0;&amp;#0;&amp;#0;&amp;#0;&amp;#0;&amp;#0;&amp;#0;&amp;#0;&amp;#0;&amp;#0;&amp;#0;&amp;#0;&amp;#0;&amp;#0;&amp;#0;&amp;#0;&amp;#0;&amp;#0;&amp;#0;&amp;#0;&amp;#0;&amp;#0;&amp;#0;&amp;#0;&amp;#0;&amp;#0;&amp;#0;&amp;#0;&amp;#0;&amp;#0;&amp;#0;&amp;#0;&amp;#0;&amp;#0;&amp;#0;&amp;#0;&amp;#0;&amp;#0;&amp;#0;&amp;#0;&amp;#0;&amp;#0;&amp;#0;&amp;#0;&amp;#0;&amp;#0;&amp;#0;&amp;#0;&amp;#0;&amp;#0;&amp;#0;&amp;#0;&amp;#0;&amp;#0;&amp;#0;&amp;#0;&amp;#0;&amp;#0;&amp;#0;&amp;#0;&amp;#0;&amp;#0;&amp;#0;&amp;#0;&amp;#0;&amp;#0;&amp;#0;&amp;#0;&amp;#0;&amp;#0;&amp;#0;&amp;#0;&amp;#0;&amp;#0;&amp;#0;&amp;#0;&amp;#0;&amp;#0;&amp;#0;&amp;#0;&amp;#0;&amp;#0;&amp;#0;&amp;#0;&amp;#0;&amp;#0;&amp;#0;&amp;#0;&amp;#0;&amp;#0;&amp;#0;&amp;#0;&amp;#0;&amp;#0;&amp;#0;&amp;#0;&amp;#0;&amp;#0;&amp;#0;&amp;#0;&amp;#0;&amp;#0;&amp;#0;&amp;#0;&amp;#0;&amp;#0;&amp;#0;&amp;#0;&amp;#0;&amp;#0;&amp;#0;&amp;#0;&amp;#0;&amp;#0;&amp;#0;&amp;#0;&amp;#0;&amp;#0;&amp;#0;&amp;#0;&amp;#0;&amp;#0;&amp;#0;&amp;#0;&amp;#0;&amp;#0;&amp;#0;&amp;#0;&amp;#0;&amp;#0;&amp;#0;&amp;#0;&amp;#0;&amp;#0;&amp;#0;&amp;#0;&amp;#0;&amp;#0;&amp;#0;&amp;#0;&amp;#0;&amp;#0;&amp;#0;&amp;#0;&amp;#0;&amp;#0;&amp;#0;&amp;#0;&amp;#0;&amp;#0;&amp;#0;&amp;#0;&amp;#0;&amp;#0;&amp;#0;&amp;#0;&amp;#0;&amp;#0;&amp;#0;&amp;#0;&amp;#0;&amp;#0;&amp;#0;&amp;#0;&amp;#0;&amp;#0;&amp;#0;&amp;#0;&amp;#0;&amp;#0;&amp;#0;&amp;#0;&amp;#0;&amp;#0;&amp;#0;&amp;#0;&amp;#0;&amp;#0;&amp;#0;&amp;#0;&amp;#0;&amp;#0;&amp;#0;&amp;#0;&amp;#0;&amp;#0;&amp;#0;&amp;#0;&amp;#0;&amp;#0;&amp;#0;&amp;#0;&amp;#0;&amp;#0;&amp;#0;&amp;#0;&amp;#0;&amp;#0;&amp;#0;&amp;#0;&amp;#0;&amp;#0;&amp;#0;&amp;#0;&amp;#0;&amp;#0;&amp;#0;&amp;#0;&amp;#0;&amp;#0;&amp;#0;&amp;#0;&amp;#0;&amp;#0;&amp;#0;&amp;#0;&amp;#0;&amp;#0;&amp;#0;&amp;#0;&amp;#0;&amp;#0;&amp;#0;&amp;#0;&amp;#0;&amp;#0;&amp;#0;&amp;#0;&amp;#0;&amp;#0;&amp;#0;&amp;#0;&amp;#0;&amp;#0;&amp;#0;&amp;#0;&amp;#0;&amp;#0;&amp;#0;&amp;#0;&amp;#0;&amp;#0;&amp;#0;&amp;#0;&amp;#0;&amp;#0;&amp;#0;&amp;#0;&amp;#0;&amp;#0;&amp;#0;&amp;#0;&amp;#0;&amp;#0;&amp;#0;&amp;#0;&amp;#0;&amp;#0;&amp;#0;&amp;#0;&amp;#0;&amp;#0;&amp;#0;&amp;#0;&amp;#0;&amp;#0;&amp;#0;&amp;#0;&amp;#0;&amp;#0;&amp;#0;&amp;#0;&amp;#0;&amp;#0;&amp;#0;&amp;#0;&amp;#0;&amp;#0;&amp;#0;&amp;#0;&amp;#0;&amp;#0;&amp;#0;&amp;#0;&amp;#0;&amp;#0;&amp;#0;&amp;#0;&amp;#0;&amp;#0;&amp;#0;&amp;#0;&amp;#0;&amp;#0;&amp;#0;&amp;#0;&amp;#0;&amp;#0;&amp;#0;&amp;#0;&amp;#0;&amp;#0;&amp;#0;&amp;#0;&amp;#0;&amp;#0;&amp;#0;&amp;#0;&amp;#0;&amp;#0;&amp;#0;&amp;#0;&amp;#0;&amp;#0;&amp;#0;&amp;#0;&amp;#0;&amp;#0;&amp;#0;&amp;#0;&amp;#0;&amp;#0;&amp;#0;&amp;#0;&amp;#0;&amp;#0;&amp;#0;&amp;#0;&amp;#0;&amp;#0;&amp;#0;&amp;#0;&amp;#0;&amp;#0;&amp;#0;&amp;#0;&amp;#0;&amp;#0;&amp;#0;&amp;#0;&amp;#0;&amp;#0;&amp;#0;&amp;#0;&amp;#0;&amp;#0;&amp;#0;&amp;#0;&amp;#0;&amp;#0;&amp;#0;&amp;#0;&amp;#0;&amp;#0;&amp;#0;&amp;#0;&amp;#0;&amp;#0;&amp;#0;&amp;#0;&amp;#0;&amp;#0;&amp;#0;&amp;#0;&amp;#0;&amp;#0;&amp;#0;&amp;#0;&amp;#0;&amp;#0;&amp;#0;&amp;#0;&amp;#0;&amp;#0;&amp;#0;&amp;#0;&amp;#0;&amp;#0;&amp;#0;&amp;#0;&amp;#0;&amp;#0;&amp;#0;&amp;#0;&amp;#0;&amp;#0;&amp;#0;&amp;#0;&amp;#0;&amp;#0;&amp;#0;&amp;#0;&amp;#0;&amp;#0;&amp;#0;&amp;#0;&amp;#0;&amp;#0;&amp;#0;&amp;#0;&amp;#0;&amp;#0;&amp;#0;&amp;#0;&amp;#0;&amp;#0;&amp;#0;&amp;#0;&amp;#0;&amp;#0;&amp;#0;&amp;#0;&amp;#0;&amp;#0;&amp;#0;&amp;#0;&amp;#0;&amp;#0;&amp;#0;&amp;#0;&amp;#0;&amp;#0;&amp;#0;&amp;#0;&amp;#0;&amp;#0;&amp;#0;&amp;#0;&amp;#0;&amp;#0;&amp;#0;&amp;#0;&amp;#0;&amp;#0;&amp;#0;&amp;#0;&amp;#0;&amp;#0;&amp;#0;&amp;#0;&amp;#0;&amp;#0;&amp;#0;&amp;#0;&amp;#0;&amp;#0;&amp;#0;&amp;#0;&amp;#0;&amp;#0;&amp;#0;&amp;#0;&amp;#0;&amp;#0;&amp;#0;&amp;#0;&amp;#0;&amp;#0;&amp;#0;&amp;#0;&amp;#0;&amp;#0;&amp;#0;&amp;#0;&amp;#0;&amp;#0;&amp;#0;&amp;#0;&amp;#0;&amp;#0;&amp;#0;&amp;#0;&amp;#0;&amp;#0;&amp;#0;&amp;#0;&amp;#0;&amp;#0;&amp;#0;&amp;#0;&amp;#0;&amp;#0;&amp;#0;&amp;#0;&amp;#0;&amp;#0;&amp;#0;&amp;#0;&amp;#0;&amp;#0;&amp;#0;&amp;#0;&amp;#0;&amp;#0;&amp;#0;&amp;#0;&amp;#0;&amp;#0;&amp;#0;&amp;#0;&amp;#0;&amp;#0;&amp;#0;&amp;#0;&amp;#0;&amp;#0;&amp;#0;&amp;#0;&amp;#0;&amp;#0;&amp;#0;&amp;#0;&amp;#0;&amp;#0;&amp;#0;&amp;#0;&amp;#0;&amp;#0;&amp;#0;&amp;#0;&amp;#0;&amp;#0;&amp;#0;&amp;#0;&amp;#0;&amp;#0;&amp;#0;&amp;#0;&amp;#0;&amp;#0;&amp;#0;&amp;#0;&amp;#0;&amp;#0;&amp;#0;&amp;#0;&amp;#0;&amp;#0;&amp;#0;&amp;#0;&amp;#0;&amp;#0;&amp;#0;&amp;#0;&amp;#0;&amp;#0;&amp;#0;&amp;#0;&amp;#0;&amp;#0;&amp;#0;&amp;#0;&amp;#0;&amp;#0;&amp;#0;&amp;#0;&amp;#0;&amp;#0;&amp;#0;&amp;#0;&amp;#0;&amp;#0;&amp;#0;&amp;#0;&amp;#0;&amp;#0;&amp;#0;&amp;#0;&amp;#0;&amp;#0;&amp;#0;&amp;#0;&amp;#0;&amp;#0;&amp;#0;&amp;#0;&amp;#0;&amp;#0;&amp;#0;&amp;#0;&amp;#0;&amp;#0;&amp;#0;&amp;#0;&amp;#0;&amp;#0;&amp;#0;&amp;#0;&amp;#0;&amp;#0;&amp;#0;&amp;#0;&amp;#0;&amp;#0;&amp;#0;&amp;#0;&amp;#0;&amp;#0;&amp;#0;&amp;#0;&amp;#0;&amp;#0;&amp;#0;&amp;#0;&amp;#0;&amp;#0;&amp;#0;&amp;#0;&amp;#0;&amp;#0;&amp;#0;&amp;#0;&amp;#0;&amp;#0;&amp;#0;&amp;#0;&amp;#0;&amp;#0;&amp;#0;&amp;#0;&amp;#0;&amp;#0;&amp;#0;&amp;#0;&amp;#0;&amp;#0;&amp;#0;&amp;#0;&amp;#0;&amp;#0;&amp;#0;&amp;#0;&amp;#0;&amp;#0;&amp;#0;&amp;#0;&amp;#0;&amp;#0;&amp;#0;&amp;#0;&amp;#0;&amp;#0;&amp;#0;&amp;#0;&amp;#0;&amp;#0;&amp;#0;&amp;#0;&amp;#0;&amp;#0;&amp;#0;&amp;#0;&amp;#0;&amp;#0;&amp;#0;&amp;#0;&amp;#0;&amp;#0;&amp;#0;&amp;#0;&amp;#0;&amp;#0;&amp;#0;&amp;#0;&amp;#0;&amp;#0;&amp;#0;&amp;#0;&amp;#0;&amp;#0;&amp;#0;&amp;#0;&amp;#0;&amp;#0;&amp;#0;&amp;#0;&amp;#0;&amp;#0;&amp;#0;&amp;#0;&amp;#0;&amp;#0;&amp;#0;&amp;#0;&amp;#0;&amp;#0;&amp;#0;&amp;#0;&amp;#0;&amp;#0;&amp;#0;&amp;#0;&amp;#0;&amp;#0;&amp;#0;&amp;#0;&amp;#0;&amp;#0;&amp;#0;&amp;#0;&amp;#0;&amp;#0;&amp;#0;&amp;#0;&amp;#0;&amp;#0;&amp;#0;&amp;#0;&amp;#0;&amp;#0;&amp;#0;&amp;#0;&amp;#0;&amp;#0;&amp;#0;&amp;#0;&amp;#0;&amp;#0;&amp;#0;&amp;#0;&amp;#0;&amp;#0;&amp;#0;&amp;#0;&amp;#0;&amp;#0;&amp;#0;&amp;#0;&amp;#0;&amp;#0;&amp;#0;&amp;#0;&amp;#0;&amp;#0;&amp;#0;&amp;#0;&amp;#0;&amp;#0;&amp;#0;&amp;#0;&amp;#0;&amp;#0;&amp;#0;&amp;#0;&amp;#0;&amp;#0;&amp;#0;&amp;#0;&amp;#0;&amp;#0;&amp;#0;&amp;#0;&amp;#0;&amp;#0;&amp;#0;&amp;#0;&amp;#0;&amp;#0;&amp;#0;&amp;#0;&amp;#0;&amp;#0;&amp;#0;&amp;#0;&amp;#0;&amp;#0;&amp;#0;&amp;#0;&amp;#0;&amp;#0;&amp;#0;&amp;#0;&amp;#0;&amp;#0;&amp;#0;&amp;#0;&amp;#0;&amp;#0;&amp;#0;&amp;#0;&amp;#0;&amp;#0;&amp;#0;&amp;#0;&amp;#0;&amp;#0;&amp;#0;&amp;#0;&amp;#0;&amp;#0;&amp;#0;&amp;#0;&amp;#0;&amp;#0;&amp;#0;&amp;#0;&amp;#0;&amp;#0;&amp;#0;&amp;#0;&amp;#0;&amp;#0;&amp;#0;&amp;#0;&amp;#0;&amp;#0;&amp;#0;&amp;#0;&amp;#0;&amp;#0;&amp;#0;&amp;#0;&amp;#0;&amp;#0;&amp;#0;&amp;#0;&amp;#0;&amp;#0;&amp;#0;&amp;#0;&amp;#0;&amp;#0;&amp;#0;&amp;#0;&amp;#0;&amp;#0;&amp;#0;&amp;#0;&amp;#0;&amp;#0;&amp;#0;&amp;#0;&amp;#0;&amp;#0;&amp;#0;&amp;#0;&amp;#0;&amp;#0;&amp;#0;&amp;#0;&amp;#0;&amp;#0;&amp;#0;&amp;#0;&amp;#0;&amp;#0;&amp;#0;&amp;#0;&amp;#0;&amp;#0;&amp;#0;&amp;#0;&amp;#0;&amp;#0;&amp;#0;&amp;#0;&amp;#0;&amp;#0;&amp;#0;&amp;#0;&amp;#0;&amp;#0;&amp;#0;&amp;#0;&amp;#0;&amp;#0;&amp;#0;&amp;#0;&amp;#0;&amp;#0;&amp;#0;&amp;#0;&amp;#0;&amp;#0;&amp;#0;&amp;#0;&amp;#0;&amp;#0;&amp;#0;&amp;#0;&amp;#0;&amp;#0;&amp;#0;&amp;#0;&amp;#0;&amp;#0;&amp;#0;&amp;#0;&amp;#0;&amp;#0;&amp;#0;&amp;#0;&amp;#0;&amp;#0;&amp;#0;&amp;#0;&amp;#0;&amp;#0;&amp;#0;&amp;#0;&amp;#0;&amp;#0;&amp;#0;&amp;#0;&amp;#0;&amp;#0;&amp;#0;&amp;#0;&amp;#0;&amp;#0;&amp;#0;&amp;#0;&amp;#0;&amp;#0;&amp;#0;&amp;#0;&amp;#0;&amp;#0;&amp;#0;&amp;#0;&amp;#0;&amp;#0;&amp;#0;&amp;#0;&amp;#0;&amp;#0;&amp;#0;&amp;#0;&amp;#0;&amp;#0;&amp;#0;&amp;#0;&amp;#0;&amp;#0;&amp;#0;&amp;#0;&amp;#0;&amp;#0;&amp;#0;&amp;#0;&amp;#0;&amp;#0;&amp;#0;&amp;#0;&amp;#0;&amp;#0;&amp;#0;&amp;#0;&amp;#0;&amp;#0;&amp;#0;&amp;#0;&amp;#0;&amp;#0;&amp;#0;&amp;#0;&amp;#0;&amp;#0;&amp;#0;&amp;#0;&amp;#0;&amp;#0;&amp;#0;&amp;#0;&amp;#0;&amp;#0;&amp;#0;&amp;#0;&amp;#0;&amp;#0;&amp;#0;&amp;#0;&amp;#0;&amp;#0;&amp;#0;&amp;#0;&amp;#0;&amp;#0;&amp;#0;&amp;#0;&amp;#0;&amp;#0;&amp;#0;&amp;#0;&amp;#0;&amp;#0;&amp;#0;&amp;#0;&amp;#0;&amp;#0;&amp;#0;&amp;#0;&amp;#0;&amp;#0;&amp;#0;&amp;#0;&amp;#0;&amp;#0;&amp;#0;&amp;#0;&amp;#0;&amp;#0;&amp;#0;&amp;#0;&amp;#0;&amp;#0;&amp;#0;&amp;#0;&amp;#0;&amp;#0;&amp;#0;&amp;#0;&amp;#0;&amp;#0;&amp;#0;&amp;#0;&amp;#0;&amp;#0;&amp;#0;&amp;#0;&amp;#0;&amp;#0;&amp;#0;&amp;#0;&amp;#0;&amp;#0;&amp;#0;&amp;#0;&amp;#0;&amp;#0;&amp;#0;&amp;#0;&amp;#0;&amp;#0;&amp;#0;&amp;#0;&amp;#0;&amp;#0;&amp;#0;&amp;#0;&amp;#0;&amp;#0;&amp;#0;&amp;#0;&amp;#0;&amp;#0;&amp;#0;&amp;#0;&amp;#0;&amp;#0;&amp;#0;&amp;#0;&amp;#0;&amp;#0;&amp;#0;&amp;#0;&amp;#0;&amp;#0;&amp;#0;&amp;#0;&amp;#0;&amp;#0;&amp;#0;&amp;#0;&amp;#0;&amp;#0;&amp;#0;&amp;#0;&amp;#0;&amp;#0;&amp;#0;&amp;#0;&amp;#0;&amp;#0;&amp;#0;&amp;#0;&amp;#0;&amp;#0;&amp;#0;&amp;#0;&amp;#0;&amp;#0;&amp;#0;&amp;#0;&amp;#0;&amp;#0;&amp;#0;&amp;#0;&amp;#0;&amp;#0;&amp;#0;&amp;#0;&amp;#0;&amp;#0;&amp;#0;&amp;#0;&amp;#0;&amp;#0;&amp;#0;&amp;#0;&amp;#0;&amp;#0;&amp;#0;&amp;#0;&amp;#0;&amp;#0;&amp;#0;&amp;#0;&amp;#0;&amp;#0;&amp;#0;&amp;#0;&amp;#0;&amp;#0;&amp;#0;&amp;#0;&amp;#0;&amp;#0;&amp;#0;&amp;#0;&amp;#0;&amp;#0;&amp;#0;&amp;#0;&amp;#0;&amp;#0;&amp;#0;&amp;#0;&amp;#0;&amp;#0;&amp;#0;&amp;#0;&amp;#0;&amp;#0;&amp;#0;&amp;#0;&amp;#0;&amp;#0;&amp;#0;&amp;#0;&amp;#0;&amp;#0;&amp;#0;&amp;#0;&amp;#0;&amp;#0;&amp;#0;&amp;#0;&amp;#0;&amp;#0;&amp;#0;&amp;#0;&amp;#0;&amp;#0;&amp;#0;&amp;#0;&amp;#0;&amp;#0;&amp;#0;&amp;#0;&amp;#0;&amp;#0;&amp;#0;&amp;#0;&amp;#0;&amp;#0;&amp;#0;&amp;#0;&amp;#0;&amp;#0;&amp;#0;&amp;#0;&amp;#0;&amp;#0;&amp;#0;&amp;#0;&amp;#0;&amp;#0;&amp;#0;&amp;#0;&amp;#0;&amp;#0;&amp;#0;&amp;#0;&amp;#0;&amp;#0;&amp;#0;&amp;#0;&amp;#0;&amp;#0;&amp;#0;&amp;#0;&amp;#0;&amp;#0;&amp;#0;&amp;#0;&amp;#0;&amp;#0;&amp;#0;&amp;#0;&amp;#0;&amp;#0;&amp;#0;&amp;#0;&amp;#0;&amp;#0;&amp;#0;&amp;#0;&amp;#0;&amp;#0;&amp;#0;&amp;#0;&amp;#0;&amp;#0;&amp;#0;&amp;#0;&amp;#0;&amp;#0;&amp;#0;&amp;#0;&amp;#0;&amp;#0;&amp;#0;&amp;#0;&amp;#0;&amp;#0;&amp;#0;&amp;#0;&amp;#0;&amp;#0;&amp;#0;&amp;#0;&amp;#0;&amp;#0;&amp;#0;&amp;#0;&amp;#0;&amp;#0;&amp;#0;&amp;#0;&amp;#0;&amp;#0;&amp;#0;&amp;#0;&amp;#0;&amp;#0;&amp;#0;&amp;#0;&amp;#0;&amp;#0;&amp;#0;&amp;#0;&amp;#0;&amp;#0;&amp;#0;&amp;#0;&amp;#0;&amp;#0;&amp;#0;&amp;#0;&amp;#0;&amp;#0;&amp;#0;&amp;#0;&amp;#0;&amp;#0;&amp;#0;&amp;#0;&amp;#0;&amp;#0;&amp;#0;&amp;#0;&amp;#0;&amp;#0;&amp;#0;&amp;#0;&amp;#0;&amp;#0;&amp;#0;&amp;#0;&amp;#0;&amp;#0;&amp;#0;&amp;#0;&amp;#0;&amp;#0;&amp;#0;&amp;#0;&amp;#0;&amp;#0;&amp;#0;&amp;#0;&amp;#0;&amp;#0;&amp;#0;&amp;#0;&amp;#0;&amp;#0;&amp;#0;&amp;#0;&amp;#0;&amp;#0;&amp;#0;&amp;#0;&amp;#0;&amp;#0;&amp;#0;&amp;#0;&amp;#0;&amp;#0;&amp;#0;&amp;#0;&amp;#0;&amp;#0;&amp;#0;&amp;#0;&amp;#0;&amp;#0;&amp;#0;&amp;#0;&amp;#0;&amp;#0;&amp;#0;&amp;#0;&amp;#0;&amp;#0;&amp;#0;&amp;#0;&amp;#0;&amp;#0;&amp;#0;&amp;#0;&amp;#0;&amp;#0;&amp;#0;&amp;#0;&amp;#0;&amp;#0;&amp;#0;&amp;#0;&amp;#0;&amp;#0;&amp;#0;&amp;#0;&amp;#0;&amp;#0;&amp;#0;&amp;#0;&amp;#0;&amp;#0;&amp;#0;&amp;#0;&amp;#0;&amp;#0;&amp;#0;&amp;#0;&amp;#0;&amp;#0;&amp;#0;&amp;#0;&amp;#0;&amp;#0;&amp;#0;&amp;#0;&amp;#0;&amp;#0;&amp;#0;&amp;#0;&amp;#0;&amp;#0;&amp;#0;&amp;#0;&amp;#0;&amp;#0;&amp;#0;&amp;#0;&amp;#0;&amp;#0;&amp;#0;&amp;#0;&amp;#0;&amp;#0;&amp;#0;&amp;#0;&amp;#0;&amp;#0;&amp;#0;&amp;#0;&amp;#0;&amp;#0;&amp;#0;&amp;#0;&amp;#0;&amp;#0;&amp;#0;&amp;#0;&amp;#0;&amp;#0;&amp;#0;&amp;#0;&amp;#0;&amp;#0;&amp;#0;&amp;#0;&amp;#0;&amp;#0;&amp;#0;&amp;#0;&amp;#0;&amp;#0;&amp;#0;&amp;#0;&amp;#0;&amp;#0;&amp;#0;&amp;#0;&amp;#0;&amp;#0;&amp;#0;&amp;#0;&amp;#0;&amp;#0;&amp;#0;&amp;#0;&amp;#0;&amp;#0;&amp;#0;&amp;#0;&amp;#0;&amp;#0;&amp;#0;&amp;#0;&amp;#0;
12:46:30.432 [main] ERROR - Je passe ici ------------------------------------------------------
12:46:30.433 [main] DEBUG - clauseWhen1
12:46:30.434 [main] ERROR - Exception occured during compilation!
java.lang.RuntimeException: null
	at be.unamur.info.b314.compiler.Visitor.PCodeVisitor.visitClauseWhen(PCodeVisitor.java:153) ~[classes/:?]
	at be.unamur.info.b314.compiler.B314Parser$ClauseWhenContext.accept(B314Parser.java:4520) ~[classes/:?]
	at org.antlr.v4.runtime.tree.AbstractParseTreeVisitor.visitChildren(AbstractParseTreeVisitor.java:46) ~[antlr4-runtime-4.6.jar:4.6]
	at be.unamur.info.b314.compiler.B314BaseVisitor.visitProgramme(B314BaseVisitor.java:510) ~[classes/:?]
	at be.unamur.info.b314.compiler.Visitor.PCodeVisitor.visitProgramme(PCodeVisitor.java:94) ~[classes/:?]
	at be.unamur.info.b314.compiler.B314Parser$ProgrammeContext.accept(B314Parser.java:4028) ~[classes/:?]
	at be.unamur.info.b314.compiler.main.Main.printPCode(Main.java:236) ~[classes/:?]
	at be.unamur.info.b314.compiler.main.Main.compile(Main.java:199) ~[classes/:?]
	at be.unamur.info.b314.compiler.main.Main.main(Main.java:79) [classes/:?]
	at be.unamur.info.b314.compiler.main.CompilerTestHelper.launchCompilation(CompilerTestHelper.java:35) [test-classes/:?]
	at be.unamur.info.b314.compiler.main.B314localvariabledeclSyntaxTest.testlocalvariabledecl_when_local_variable_diff_names_ok(B314localvariabledeclSyntaxTest.java:89) [test-classes/:?]
	at sun.reflect.NativeMethodAccessorImpl.invoke0(Native Method) ~[?:1.8.0_60]
	at sun.reflect.NativeMethodAccessorImpl.invoke(NativeMethodAccessorImpl.java:62) ~[?:1.8.0_60]
	at sun.reflect.DelegatingMethodAccessorImpl.invoke(DelegatingMethodAccessorImpl.java:43) ~[?:1.8.0_60]
	at java.lang.reflect.Method.invoke(Method.java:497) ~[?:1.8.0_60]
	at org.junit.runners.model.FrameworkMethod$1.runReflectiveCall(FrameworkMethod.java:50) [junit-4.12.jar:4.12]
	at org.junit.internal.runners.model.ReflectiveCallable.run(ReflectiveCallable.java:12) [junit-4.12.jar:4.12]
	at org.junit.runners.model.FrameworkMethod.invokeExplosively(FrameworkMethod.java:47) [junit-4.12.jar:4.12]
	at org.junit.internal.runners.statements.InvokeMethod.evaluate(InvokeMethod.java:17) [junit-4.12.jar:4.12]
	at org.junit.rules.ExternalResource$1.evaluate(ExternalResource.java:48) [junit-4.12.jar:4.12]
	at org.junit.rules.TestWatcher$1.evaluate(TestWatcher.java:55) [junit-4.12.jar:4.12]
	at org.junit.rules.RunRules.evaluate(RunRules.java:20) [junit-4.12.jar:4.12]
	at org.junit.runners.ParentRunner.runLeaf(ParentRunner.java:325) [junit-4.12.jar:4.12]
	at org.junit.runners.BlockJUnit4ClassRunner.runChild(BlockJUnit4ClassRunner.java:78) [junit-4.12.jar:4.12]
	at org.junit.runners.BlockJUnit4ClassRunner.runChild(BlockJUnit4ClassRunner.java:57) [junit-4.12.jar:4.12]
	at org.junit.runners.ParentRunner$3.run(ParentRunner.java:290) [junit-4.12.jar:4.12]
	at org.junit.runners.ParentRunner$1.schedule(ParentRunner.java:71) [junit-4.12.jar:4.12]
	at org.junit.runners.ParentRunner.runChildren(ParentRunner.java:288) [junit-4.12.jar:4.12]
	at org.junit.runners.ParentRunner.access$000(ParentRunner.java:58) [junit-4.12.jar:4.12]
	at org.junit.runners.ParentRunner$2.evaluate(ParentRunner.java:268) [junit-4.12.jar:4.12]
	at org.junit.runners.ParentRunner.run(ParentRunner.java:363) [junit-4.12.jar:4.12]
	at org.apache.maven.surefire.junit4.JUnit4Provider.execute(JUnit4Provider.java:252) [surefire-junit4-2.12.4.jar:2.12.4]
	at org.apache.maven.surefire.junit4.JUnit4Provider.executeTestSet(JUnit4Provider.java:141) [surefire-junit4-2.12.4.jar:2.12.4]
	at org.apache.maven.surefire.junit4.JUnit4Provider.invoke(JUnit4Provider.java:112) [surefire-junit4-2.12.4.jar:2.12.4]
	at sun.reflect.NativeMethodAccessorImpl.invoke0(Native Method) ~[?:1.8.0_60]
	at sun.reflect.NativeMethodAccessorImpl.invoke(NativeMethodAccessorImpl.java:62) ~[?:1.8.0_60]
	at sun.reflect.DelegatingMethodAccessorImpl.invoke(DelegatingMethodAccessorImpl.java:43) ~[?:1.8.0_60]
	at java.lang.reflect.Method.invoke(Method.java:497) ~[?:1.8.0_60]
	at org.apache.maven.surefire.util.ReflectionUtils.invokeMethodWithArray(ReflectionUtils.java:189) [surefire-api-2.12.4.jar:2.12.4]
	at org.apache.maven.surefire.booter.ProviderFactory$ProviderProxy.invoke(ProviderFactory.java:165) [surefire-booter-2.12.4.jar:2.12.4]
	at org.apache.maven.surefire.booter.ProviderFactory.invokeProvider(ProviderFactory.java:85) [surefire-booter-2.12.4.jar:2.12.4]
	at org.apache.maven.surefire.booter.ForkedBooter.runSuitesInProcess(ForkedBooter.java:115) [surefire-booter-2.12.4.jar:2.12.4]
	at org.apache.maven.surefire.booter.ForkedBooter.main(ForkedBooter.java:75) [surefire-booter-2.12.4.jar:2.12.4]
</system-out>
  </testcase>
</testsuite>