<?xml version="1.0" encoding="UTF-8" ?>
<testsuite tests="18" failures="12" name="be.unamur.info.b314.compiler.main.B314localvariabledeclSyntaxTest" time="0.252" errors="0" skipped="0">
  <properties>
    <property name="idea.version" value="2017.1.1"/>
    <property name="java.runtime.name" value="Java(TM) SE Runtime Environment"/>
    <property name="sun.boot.library.path" value="C:\Program Files\Java\jdk1.8.0_131\jre\bin"/>
    <property name="java.vm.version" value="25.131-b11"/>
    <property name="java.vm.vendor" value="Oracle Corporation"/>
    <property name="maven.multiModuleProjectDirectory" value="C:\Users\Dano\Desktop\b314-Jour"/>
    <property name="java.vendor.url" value="http://java.oracle.com/"/>
    <property name="path.separator" value=";"/>
    <property name="guice.disable.misplaced.annotation.check" value="true"/>
    <property name="java.vm.name" value="Java HotSpot(TM) 64-Bit Server VM"/>
    <property name="file.encoding.pkg" value="sun.io"/>
    <property name="user.script" value=""/>
    <property name="user.country" value="FR"/>
    <property name="sun.java.launcher" value="SUN_STANDARD"/>
    <property name="sun.os.patch.level" value=""/>
    <property name="java.vm.specification.name" value="Java Virtual Machine Specification"/>
    <property name="user.dir" value="C:\Users\Dano\Desktop\b314-Jour"/>
    <property name="java.runtime.version" value="1.8.0_131-b11"/>
    <property name="java.awt.graphicsenv" value="sun.awt.Win32GraphicsEnvironment"/>
    <property name="java.endorsed.dirs" value="C:\Program Files\Java\jdk1.8.0_131\jre\lib\endorsed"/>
    <property name="os.arch" value="amd64"/>
    <property name="java.io.tmpdir" value="C:\Users\Dano\AppData\Local\Temp\"/>
    <property name="line.separator" value="
"/>
    <property name="java.vm.specification.vendor" value="Oracle Corporation"/>
    <property name="user.variant" value=""/>
    <property name="os.name" value="Windows 10"/>
    <property name="classworlds.conf" value="C:\Program Files\JetBrains\IntelliJ IDEA 2017.1.1\plugins\maven\lib\maven3\bin\m2.conf"/>
    <property name="sun.jnu.encoding" value="Cp1252"/>
    <property name="java.library.path" value="C:\Program Files\Java\jdk1.8.0_131\bin;C:\Windows\Sun\Java\bin;C:\Windows\system32;C:\Windows;C:\ProgramData\Oracle\Java\javapath;C:\Program Files (x86)\Intel\iCLS Client\;C:\Program Files\Intel\iCLS Client\;C:\Windows\system32;C:\Windows;C:\Windows\System32\Wbem;C:\Windows\System32\WindowsPowerShell\v1.0\;C:\Program Files (x86)\Intel\Intel(R) Management Engine Components\DAL;C:\Program Files\Intel\Intel(R) Management Engine Components\DAL;C:\Program Files (x86)\Intel\Intel(R) Management Engine Components\IPT;C:\Program Files\Intel\Intel(R) Management Engine Components\IPT;C:\Program Files (x86)\NVIDIA Corporation\PhysX\Common;C:\Program Files\Intel\WiFi\bin\;C:\Program Files\Common Files\Intel\WirelessCommon\;C:\Users\Dano\AppData\Roaming\Microsoft\Windows\Start Menu\Programs\Python 3.6;C:\Program Files\Java\jdk1.8.0_131\bin;C:\Program Files\Java\jre1.8.0_131\bin;C:\ProgramData\chocolatey\bin;C:\Program Files\Git\cmd;C:\ProgramData\chocolatey\lib\maven\apache-maven-3.5.0\bin;."/>
    <property name="java.specification.name" value="Java Platform API Specification"/>
    <property name="java.class.version" value="52.0"/>
    <property name="sun.management.compiler" value="HotSpot 64-Bit Tiered Compilers"/>
    <property name="os.version" value="10.0"/>
    <property name="user.home" value="C:\Users\Dano"/>
    <property name="user.timezone" value="Europe/Paris"/>
    <property name="java.awt.printerjob" value="sun.awt.windows.WPrinterJob"/>
    <property name="java.specification.version" value="1.8"/>
    <property name="file.encoding" value="UTF-8"/>
    <property name="user.name" value="Dano"/>
    <property name="java.class.path" value="C:\Program Files\JetBrains\IntelliJ IDEA 2017.1.1\plugins\maven\lib\maven3\boot\plexus-classworlds-2.5.2.jar;C:\Program Files\JetBrains\IntelliJ IDEA 2017.1.1\lib\idea_rt.jar"/>
    <property name="java.vm.specification.version" value="1.8"/>
    <property name="sun.arch.data.model" value="64"/>
    <property name="java.home" value="C:\Program Files\Java\jdk1.8.0_131\jre"/>
    <property name="sun.java.command" value="org.codehaus.classworlds.Launcher -Didea.version=2017.1.1 package"/>
    <property name="java.specification.vendor" value="Oracle Corporation"/>
    <property name="user.language" value="fr"/>
    <property name="awt.toolkit" value="sun.awt.windows.WToolkit"/>
    <property name="java.vm.info" value="mixed mode"/>
    <property name="java.version" value="1.8.0_131"/>
    <property name="java.ext.dirs" value="C:\Program Files\Java\jdk1.8.0_131\jre\lib\ext;C:\Windows\Sun\Java\lib\ext"/>
    <property name="sun.boot.class.path" value="C:\Program Files\Java\jdk1.8.0_131\jre\lib\resources.jar;C:\Program Files\Java\jdk1.8.0_131\jre\lib\rt.jar;C:\Program Files\Java\jdk1.8.0_131\jre\lib\sunrsasign.jar;C:\Program Files\Java\jdk1.8.0_131\jre\lib\jsse.jar;C:\Program Files\Java\jdk1.8.0_131\jre\lib\jce.jar;C:\Program Files\Java\jdk1.8.0_131\jre\lib\charsets.jar;C:\Program Files\Java\jdk1.8.0_131\jre\lib\jfr.jar;C:\Program Files\Java\jdk1.8.0_131\jre\classes"/>
    <property name="java.vendor" value="Oracle Corporation"/>
    <property name="maven.home" value="C:\Program Files\JetBrains\IntelliJ IDEA 2017.1.1\plugins\maven\lib\maven3"/>
    <property name="file.separator" value="\"/>
    <property name="java.vendor.url.bug" value="http://bugreport.sun.com/bugreport/"/>
    <property name="sun.cpu.endian" value="little"/>
    <property name="sun.io.unicode.encoding" value="UnicodeLittle"/>
    <property name="sun.desktop" value="windows"/>
    <property name="sun.cpu.isalist" value="amd64"/>
  </properties>
  <testcase classname="be.unamur.info.b314.compiler.main.B314localvariabledeclSyntaxTest" name="testlocalvariabledecl_mixing_ok" time="0.001">
    <failure message="localvariabledecl: mixing
Expected: a string ending with &quot;OK\r\n&quot;
     but: was &quot;KO
&quot;" type="java.lang.AssertionError">java.lang.AssertionError: localvariabledecl: mixing
Expected: a string ending with &quot;OK\r\n&quot;
     but: was &quot;KO
&quot;
	at org.hamcrest.MatcherAssert.assertThat(MatcherAssert.java:20)
	at org.junit.Assert.assertThat(Assert.java:956)
	at be.unamur.info.b314.compiler.main.CompilerTestHelper.launchCompilation(CompilerTestHelper.java:42)
	at be.unamur.info.b314.compiler.main.B314localvariabledeclSyntaxTest.testlocalvariabledecl_mixing_ok(B314localvariabledeclSyntaxTest.java:59)
	at sun.reflect.NativeMethodAccessorImpl.invoke0(Native Method)
	at sun.reflect.NativeMethodAccessorImpl.invoke(NativeMethodAccessorImpl.java:62)
	at sun.reflect.DelegatingMethodAccessorImpl.invoke(DelegatingMethodAccessorImpl.java:43)
	at java.lang.reflect.Method.invoke(Method.java:498)
	at org.junit.runners.model.FrameworkMethod$1.runReflectiveCall(FrameworkMethod.java:50)
	at org.junit.internal.runners.model.ReflectiveCallable.run(ReflectiveCallable.java:12)
	at org.junit.runners.model.FrameworkMethod.invokeExplosively(FrameworkMethod.java:47)
	at org.junit.internal.runners.statements.InvokeMethod.evaluate(InvokeMethod.java:17)
	at org.junit.rules.ExternalResource$1.evaluate(ExternalResource.java:48)
	at org.junit.rules.TestWatcher$1.evaluate(TestWatcher.java:55)
	at org.junit.rules.RunRules.evaluate(RunRules.java:20)
	at org.junit.runners.ParentRunner.runLeaf(ParentRunner.java:325)
	at org.junit.runners.BlockJUnit4ClassRunner.runChild(BlockJUnit4ClassRunner.java:78)
	at org.junit.runners.BlockJUnit4ClassRunner.runChild(BlockJUnit4ClassRunner.java:57)
	at org.junit.runners.ParentRunner$3.run(ParentRunner.java:290)
	at org.junit.runners.ParentRunner$1.schedule(ParentRunner.java:71)
	at org.junit.runners.ParentRunner.runChildren(ParentRunner.java:288)
	at org.junit.runners.ParentRunner.access$000(ParentRunner.java:58)
	at org.junit.runners.ParentRunner$2.evaluate(ParentRunner.java:268)
	at org.junit.runners.ParentRunner.run(ParentRunner.java:363)
	at org.apache.maven.surefire.junit4.JUnit4Provider.execute(JUnit4Provider.java:252)
	at org.apache.maven.surefire.junit4.JUnit4Provider.executeTestSet(JUnit4Provider.java:141)
	at org.apache.maven.surefire.junit4.JUnit4Provider.invoke(JUnit4Provider.java:112)
	at sun.reflect.NativeMethodAccessorImpl.invoke0(Native Method)
	at sun.reflect.NativeMethodAccessorImpl.invoke(NativeMethodAccessorImpl.java:62)
	at sun.reflect.DelegatingMethodAccessorImpl.invoke(DelegatingMethodAccessorImpl.java:43)
	at java.lang.reflect.Method.invoke(Method.java:498)
	at org.apache.maven.surefire.util.ReflectionUtils.invokeMethodWithArray(ReflectionUtils.java:189)
	at org.apache.maven.surefire.booter.ProviderFactory$ProviderProxy.invoke(ProviderFactory.java:165)
	at org.apache.maven.surefire.booter.ProviderFactory.invokeProvider(ProviderFactory.java:85)
	at org.apache.maven.surefire.booter.ForkedBooter.runSuitesInProcess(ForkedBooter.java:115)
	at org.apache.maven.surefire.booter.ForkedBooter.main(ForkedBooter.java:75)
</failure>
    <system-out>19:14:18.298 [main] INFO  - Starting test: testlocalvariabledecl_mixing_ok()...
org.apache.commons.cli.CommandLine@2472c7d8
19:14:18.300 [main] DEBUG - Initialisation
19:14:18.300 [main] DEBUG - Input file set to C:\Users\Dano\Desktop\b314-Jour\target\test-classes\syntax\localvariabledecl\ok\mixing.b314
19:14:18.300 [main] DEBUG - Output file set to C:\Users\Dano\AppData\Local\Temp\junit5391880441842086219\junit1454466930657931780.tmp
19:14:18.300 [main] DEBUG - Initialisation: done
jessica1
19:14:18.303 [main] DEBUG - Parsing input
/* My comments */ 
declare and retain 
	b1 as boolean;
	b2 as boolean;
    i1 as integer; 
    i2 as integer;
    i3 as integer;
    s1 as square;
    s2 as square;
    v1 as boolean[5, 7];
    v2 as integer[42];

    fct1 as function():square
    	do
    		skip
    	done 

    fct2 as function(x as integer, y as boolean):integer
    	declare local
    		loc1 as integer;
    		loc2 as boolean;
    		loc3 as square;
    		loc4 as integer[5];
    		b1 as integer;
    		s1 as boolean;
    	do
    		compute s1 and b1 = 42 or loc2
    	done 

    fct3 as function():boolean
    	declare local
    		loc1 as integer;
    		loc2 as boolean;
    		loc3 as square;
    		loc4 as integer[5];
    	do
    		skip
    	done 

    fct4 as function():square
    	declare local
    		loc1 as integer;
    		loc2 as boolean;
    		loc3 as square;
    		loc4 as integer[5];
    	do
    		compute loc1 + 2 - loc4[0 + 1 - i1] = 5 and not loc2 or loc3 = dirt
    	done 

    fct5 as function(x as integer, y as boolean, z as square):integer
    	declare local
    		loc1 as integer;
    		loc2 as boolean;
    		loc3 as square;
    		loc4 as integer[5];
    		v1 as integer[42];
    	do
    		set v1[0] to 42
    	done 
    	
when your turn 

	when true and b1 or v1[0, i1 + 2 * 5] do
		if b1 and i1 = 2 then
			while i1 &lt; i3 do
				set i2 to i1 + 1
			done
		else
			if s1 = ammo then
				next do nothing
			done
		done
	done 

	when v1[0, i2 + 2] 
	declare local
		loc1 as integer;
		loc2 as boolean;
		loc3 as square;
		loc4 as integer[5];
		v1 as integer[42];
	do
		set v1[0] to 42
	done

	when not graal is north and i2 &gt; 5 and v2[4] &lt; 42 or s1 = dirt 
	declare local
		loc1 as integer;
		loc2 as boolean;
		loc3 as square;
		loc4 as integer[5];
	do
    	compute fct1()
    	set s1 to fct1()
    	if fct5(i1 + 2, s2 = ammo, ennemi) &gt; 2 then
    		skip
    	done
    	while fct3() do
    		skip
    	done
    	next move west
	done
	
	when true and false and not b1 and s1 = dirt
	declare local
		loc1 as integer;
		loc2 as boolean;
		loc3 as square;
		loc4 as integer[5];
		b1 as integer;
		s1 as boolean;
    do
	    compute loc1 + 2 - loc4[0 + 1 - i1] = 5 and not loc2 or loc3 = dirt
    done
    
    by default 
	declare local
		loc1 as integer;
		loc2 as boolean;
		loc3 as square;
		loc4 as integer[5];
		b1 as integer;
		s1 as boolean;
	do 
		compute s1 and b1 = 42 or loc2 
	done&amp;#0;&amp;#0;&amp;#0;&amp;#0;&amp;#0;&amp;#0;&amp;#0;&amp;#0;&amp;#0;&amp;#0;&amp;#0;&amp;#0;&amp;#0;&amp;#0;&amp;#0;&amp;#0;&amp;#0;&amp;#0;&amp;#0;&amp;#0;&amp;#0;&amp;#0;&amp;#0;&amp;#0;&amp;#0;&amp;#0;&amp;#0;&amp;#0;&amp;#0;&amp;#0;&amp;#0;&amp;#0;&amp;#0;&amp;#0;&amp;#0;&amp;#0;&amp;#0;&amp;#0;&amp;#0;&amp;#0;&amp;#0;&amp;#0;&amp;#0;&amp;#0;&amp;#0;&amp;#0;&amp;#0;&amp;#0;&amp;#0;&amp;#0;&amp;#0;&amp;#0;&amp;#0;&amp;#0;&amp;#0;&amp;#0;&amp;#0;&amp;#0;&amp;#0;&amp;#0;&amp;#0;&amp;#0;&amp;#0;&amp;#0;&amp;#0;&amp;#0;&amp;#0;&amp;#0;&amp;#0;&amp;#0;&amp;#0;&amp;#0;&amp;#0;&amp;#0;&amp;#0;&amp;#0;&amp;#0;&amp;#0;&amp;#0;&amp;#0;&amp;#0;&amp;#0;&amp;#0;&amp;#0;&amp;#0;&amp;#0;&amp;#0;&amp;#0;&amp;#0;&amp;#0;&amp;#0;&amp;#0;&amp;#0;&amp;#0;&amp;#0;&amp;#0;&amp;#0;&amp;#0;&amp;#0;&amp;#0;&amp;#0;&amp;#0;&amp;#0;&amp;#0;&amp;#0;&amp;#0;&amp;#0;&amp;#0;&amp;#0;&amp;#0;&amp;#0;&amp;#0;&amp;#0;&amp;#0;&amp;#0;&amp;#0;&amp;#0;&amp;#0;&amp;#0;&amp;#0;&amp;#0;&amp;#0;&amp;#0;&amp;#0;&amp;#0;&amp;#0;&amp;#0;&amp;#0;&amp;#0;&amp;#0;&amp;#0;&amp;#0;&amp;#0;&amp;#0;&amp;#0;&amp;#0;&amp;#0;&amp;#0;&amp;#0;&amp;#0;&amp;#0;&amp;#0;&amp;#0;&amp;#0;&amp;#0;&amp;#0;&amp;#0;&amp;#0;&amp;#0;&amp;#0;&amp;#0;&amp;#0;&amp;#0;&amp;#0;&amp;#0;&amp;#0;&amp;#0;&amp;#0;&amp;#0;&amp;#0;&amp;#0;&amp;#0;&amp;#0;&amp;#0;&amp;#0;&amp;#0;&amp;#0;&amp;#0;&amp;#0;&amp;#0;&amp;#0;&amp;#0;&amp;#0;&amp;#0;&amp;#0;&amp;#0;&amp;#0;&amp;#0;&amp;#0;&amp;#0;&amp;#0;&amp;#0;&amp;#0;&amp;#0;&amp;#0;&amp;#0;&amp;#0;&amp;#0;&amp;#0;&amp;#0;&amp;#0;&amp;#0;&amp;#0;&amp;#0;&amp;#0;&amp;#0;&amp;#0;&amp;#0;&amp;#0;&amp;#0;&amp;#0;&amp;#0;&amp;#0;&amp;#0;&amp;#0;&amp;#0;&amp;#0;&amp;#0;&amp;#0;&amp;#0;&amp;#0;&amp;#0;&amp;#0;&amp;#0;&amp;#0;&amp;#0;&amp;#0;&amp;#0;&amp;#0;&amp;#0;&amp;#0;&amp;#0;&amp;#0;&amp;#0;&amp;#0;&amp;#0;&amp;#0;&amp;#0;&amp;#0;&amp;#0;&amp;#0;&amp;#0;&amp;#0;&amp;#0;&amp;#0;&amp;#0;&amp;#0;&amp;#0;&amp;#0;&amp;#0;&amp;#0;&amp;#0;&amp;#0;&amp;#0;&amp;#0;&amp;#0;&amp;#0;&amp;#0;&amp;#0;&amp;#0;&amp;#0;&amp;#0;&amp;#0;&amp;#0;&amp;#0;&amp;#0;&amp;#0;&amp;#0;&amp;#0;&amp;#0;&amp;#0;&amp;#0;&amp;#0;&amp;#0;&amp;#0;&amp;#0;&amp;#0;&amp;#0;&amp;#0;&amp;#0;&amp;#0;&amp;#0;&amp;#0;&amp;#0;&amp;#0;&amp;#0;&amp;#0;&amp;#0;&amp;#0;&amp;#0;&amp;#0;&amp;#0;&amp;#0;&amp;#0;&amp;#0;&amp;#0;&amp;#0;&amp;#0;&amp;#0;&amp;#0;&amp;#0;&amp;#0;&amp;#0;&amp;#0;&amp;#0;&amp;#0;&amp;#0;&amp;#0;&amp;#0;&amp;#0;&amp;#0;&amp;#0;&amp;#0;&amp;#0;&amp;#0;&amp;#0;&amp;#0;&amp;#0;&amp;#0;&amp;#0;&amp;#0;&amp;#0;&amp;#0;&amp;#0;&amp;#0;&amp;#0;&amp;#0;&amp;#0;&amp;#0;&amp;#0;&amp;#0;&amp;#0;&amp;#0;&amp;#0;&amp;#0;&amp;#0;&amp;#0;&amp;#0;&amp;#0;&amp;#0;&amp;#0;&amp;#0;&amp;#0;&amp;#0;&amp;#0;&amp;#0;&amp;#0;&amp;#0;&amp;#0;&amp;#0;&amp;#0;&amp;#0;&amp;#0;&amp;#0;&amp;#0;&amp;#0;&amp;#0;&amp;#0;&amp;#0;&amp;#0;&amp;#0;&amp;#0;&amp;#0;&amp;#0;&amp;#0;&amp;#0;&amp;#0;&amp;#0;&amp;#0;&amp;#0;&amp;#0;&amp;#0;&amp;#0;&amp;#0;&amp;#0;&amp;#0;&amp;#0;&amp;#0;&amp;#0;&amp;#0;&amp;#0;&amp;#0;&amp;#0;&amp;#0;&amp;#0;&amp;#0;&amp;#0;&amp;#0;&amp;#0;&amp;#0;&amp;#0;&amp;#0;&amp;#0;&amp;#0;&amp;#0;&amp;#0;&amp;#0;&amp;#0;&amp;#0;&amp;#0;&amp;#0;&amp;#0;&amp;#0;&amp;#0;&amp;#0;&amp;#0;&amp;#0;&amp;#0;&amp;#0;&amp;#0;&amp;#0;&amp;#0;&amp;#0;&amp;#0;&amp;#0;&amp;#0;&amp;#0;&amp;#0;&amp;#0;&amp;#0;&amp;#0;&amp;#0;&amp;#0;&amp;#0;&amp;#0;&amp;#0;&amp;#0;&amp;#0;&amp;#0;&amp;#0;&amp;#0;&amp;#0;&amp;#0;&amp;#0;&amp;#0;&amp;#0;&amp;#0;&amp;#0;&amp;#0;&amp;#0;&amp;#0;&amp;#0;&amp;#0;&amp;#0;&amp;#0;&amp;#0;&amp;#0;&amp;#0;&amp;#0;&amp;#0;&amp;#0;&amp;#0;&amp;#0;&amp;#0;&amp;#0;&amp;#0;&amp;#0;&amp;#0;&amp;#0;&amp;#0;&amp;#0;&amp;#0;&amp;#0;&amp;#0;&amp;#0;&amp;#0;&amp;#0;&amp;#0;&amp;#0;&amp;#0;&amp;#0;&amp;#0;&amp;#0;&amp;#0;&amp;#0;&amp;#0;&amp;#0;&amp;#0;&amp;#0;&amp;#0;&amp;#0;&amp;#0;&amp;#0;&amp;#0;&amp;#0;&amp;#0;&amp;#0;&amp;#0;&amp;#0;&amp;#0;&amp;#0;&amp;#0;&amp;#0;&amp;#0;&amp;#0;&amp;#0;&amp;#0;&amp;#0;&amp;#0;&amp;#0;&amp;#0;&amp;#0;&amp;#0;&amp;#0;&amp;#0;&amp;#0;&amp;#0;&amp;#0;&amp;#0;&amp;#0;&amp;#0;&amp;#0;&amp;#0;&amp;#0;&amp;#0;&amp;#0;&amp;#0;&amp;#0;&amp;#0;&amp;#0;&amp;#0;&amp;#0;&amp;#0;&amp;#0;&amp;#0;&amp;#0;&amp;#0;&amp;#0;&amp;#0;&amp;#0;&amp;#0;&amp;#0;&amp;#0;&amp;#0;&amp;#0;&amp;#0;&amp;#0;&amp;#0;&amp;#0;&amp;#0;&amp;#0;&amp;#0;&amp;#0;&amp;#0;&amp;#0;&amp;#0;&amp;#0;&amp;#0;&amp;#0;&amp;#0;&amp;#0;&amp;#0;&amp;#0;&amp;#0;&amp;#0;&amp;#0;&amp;#0;&amp;#0;&amp;#0;&amp;#0;&amp;#0;&amp;#0;&amp;#0;&amp;#0;&amp;#0;&amp;#0;&amp;#0;&amp;#0;&amp;#0;&amp;#0;&amp;#0;&amp;#0;&amp;#0;&amp;#0;&amp;#0;&amp;#0;&amp;#0;&amp;#0;&amp;#0;&amp;#0;&amp;#0;&amp;#0;&amp;#0;&amp;#0;&amp;#0;&amp;#0;&amp;#0;&amp;#0;&amp;#0;&amp;#0;&amp;#0;&amp;#0;&amp;#0;&amp;#0;&amp;#0;&amp;#0;&amp;#0;&amp;#0;&amp;#0;&amp;#0;&amp;#0;&amp;#0;&amp;#0;&amp;#0;&amp;#0;&amp;#0;&amp;#0;&amp;#0;&amp;#0;&amp;#0;&amp;#0;&amp;#0;&amp;#0;&amp;#0;&amp;#0;&amp;#0;&amp;#0;&amp;#0;&amp;#0;&amp;#0;&amp;#0;&amp;#0;&amp;#0;&amp;#0;&amp;#0;&amp;#0;&amp;#0;&amp;#0;&amp;#0;&amp;#0;&amp;#0;&amp;#0;&amp;#0;&amp;#0;&amp;#0;&amp;#0;&amp;#0;&amp;#0;&amp;#0;&amp;#0;&amp;#0;&amp;#0;&amp;#0;&amp;#0;&amp;#0;&amp;#0;&amp;#0;&amp;#0;&amp;#0;&amp;#0;&amp;#0;&amp;#0;&amp;#0;&amp;#0;&amp;#0;&amp;#0;&amp;#0;&amp;#0;&amp;#0;&amp;#0;&amp;#0;&amp;#0;&amp;#0;&amp;#0;&amp;#0;&amp;#0;&amp;#0;&amp;#0;&amp;#0;&amp;#0;&amp;#0;&amp;#0;&amp;#0;&amp;#0;&amp;#0;&amp;#0;&amp;#0;&amp;#0;&amp;#0;&amp;#0;&amp;#0;&amp;#0;&amp;#0;&amp;#0;&amp;#0;&amp;#0;&amp;#0;&amp;#0;&amp;#0;&amp;#0;&amp;#0;&amp;#0;&amp;#0;&amp;#0;&amp;#0;&amp;#0;&amp;#0;&amp;#0;&amp;#0;&amp;#0;&amp;#0;&amp;#0;&amp;#0;&amp;#0;&amp;#0;&amp;#0;&amp;#0;&amp;#0;&amp;#0;&amp;#0;&amp;#0;&amp;#0;&amp;#0;&amp;#0;&amp;#0;&amp;#0;&amp;#0;&amp;#0;&amp;#0;&amp;#0;&amp;#0;&amp;#0;&amp;#0;&amp;#0;&amp;#0;&amp;#0;&amp;#0;&amp;#0;&amp;#0;&amp;#0;&amp;#0;&amp;#0;&amp;#0;&amp;#0;&amp;#0;&amp;#0;&amp;#0;&amp;#0;&amp;#0;&amp;#0;&amp;#0;&amp;#0;&amp;#0;&amp;#0;&amp;#0;&amp;#0;&amp;#0;&amp;#0;&amp;#0;&amp;#0;&amp;#0;&amp;#0;&amp;#0;&amp;#0;&amp;#0;&amp;#0;&amp;#0;&amp;#0;&amp;#0;&amp;#0;&amp;#0;&amp;#0;&amp;#0;&amp;#0;&amp;#0;&amp;#0;&amp;#0;&amp;#0;&amp;#0;&amp;#0;&amp;#0;&amp;#0;&amp;#0;&amp;#0;&amp;#0;&amp;#0;&amp;#0;&amp;#0;&amp;#0;&amp;#0;&amp;#0;&amp;#0;&amp;#0;&amp;#0;&amp;#0;&amp;#0;&amp;#0;&amp;#0;&amp;#0;&amp;#0;&amp;#0;&amp;#0;&amp;#0;&amp;#0;&amp;#0;&amp;#0;&amp;#0;&amp;#0;&amp;#0;&amp;#0;&amp;#0;&amp;#0;&amp;#0;&amp;#0;&amp;#0;&amp;#0;&amp;#0;&amp;#0;&amp;#0;&amp;#0;&amp;#0;&amp;#0;&amp;#0;&amp;#0;&amp;#0;&amp;#0;&amp;#0;&amp;#0;&amp;#0;&amp;#0;&amp;#0;&amp;#0;&amp;#0;&amp;#0;&amp;#0;&amp;#0;&amp;#0;&amp;#0;&amp;#0;&amp;#0;&amp;#0;&amp;#0;&amp;#0;&amp;#0;&amp;#0;&amp;#0;&amp;#0;&amp;#0;&amp;#0;&amp;#0;&amp;#0;&amp;#0;&amp;#0;&amp;#0;&amp;#0;&amp;#0;&amp;#0;&amp;#0;&amp;#0;&amp;#0;&amp;#0;&amp;#0;&amp;#0;&amp;#0;&amp;#0;&amp;#0;&amp;#0;&amp;#0;&amp;#0;&amp;#0;&amp;#0;&amp;#0;&amp;#0;&amp;#0;&amp;#0;&amp;#0;&amp;#0;&amp;#0;&amp;#0;&amp;#0;&amp;#0;&amp;#0;&amp;#0;&amp;#0;&amp;#0;&amp;#0;&amp;#0;&amp;#0;&amp;#0;&amp;#0;&amp;#0;&amp;#0;&amp;#0;&amp;#0;&amp;#0;&amp;#0;&amp;#0;&amp;#0;&amp;#0;&amp;#0;&amp;#0;&amp;#0;&amp;#0;&amp;#0;&amp;#0;&amp;#0;&amp;#0;&amp;#0;&amp;#0;&amp;#0;&amp;#0;&amp;#0;&amp;#0;&amp;#0;&amp;#0;&amp;#0;&amp;#0;&amp;#0;&amp;#0;&amp;#0;&amp;#0;&amp;#0;&amp;#0;&amp;#0;&amp;#0;&amp;#0;&amp;#0;&amp;#0;&amp;#0;&amp;#0;&amp;#0;&amp;#0;&amp;#0;&amp;#0;&amp;#0;&amp;#0;&amp;#0;&amp;#0;&amp;#0;&amp;#0;&amp;#0;&amp;#0;&amp;#0;&amp;#0;&amp;#0;&amp;#0;&amp;#0;&amp;#0;&amp;#0;&amp;#0;&amp;#0;&amp;#0;&amp;#0;&amp;#0;&amp;#0;&amp;#0;&amp;#0;&amp;#0;&amp;#0;&amp;#0;&amp;#0;&amp;#0;&amp;#0;&amp;#0;&amp;#0;&amp;#0;&amp;#0;&amp;#0;&amp;#0;&amp;#0;&amp;#0;&amp;#0;&amp;#0;&amp;#0;&amp;#0;&amp;#0;&amp;#0;&amp;#0;&amp;#0;&amp;#0;&amp;#0;&amp;#0;&amp;#0;&amp;#0;&amp;#0;&amp;#0;&amp;#0;&amp;#0;&amp;#0;&amp;#0;&amp;#0;&amp;#0;&amp;#0;&amp;#0;&amp;#0;&amp;#0;&amp;#0;&amp;#0;&amp;#0;&amp;#0;&amp;#0;&amp;#0;&amp;#0;&amp;#0;&amp;#0;&amp;#0;&amp;#0;&amp;#0;&amp;#0;&amp;#0;&amp;#0;&amp;#0;&amp;#0;&amp;#0;&amp;#0;&amp;#0;&amp;#0;&amp;#0;&amp;#0;&amp;#0;&amp;#0;&amp;#0;&amp;#0;&amp;#0;&amp;#0;&amp;#0;&amp;#0;&amp;#0;&amp;#0;&amp;#0;&amp;#0;&amp;#0;&amp;#0;&amp;#0;&amp;#0;&amp;#0;&amp;#0;&amp;#0;&amp;#0;&amp;#0;&amp;#0;&amp;#0;&amp;#0;&amp;#0;&amp;#0;&amp;#0;&amp;#0;&amp;#0;&amp;#0;&amp;#0;&amp;#0;&amp;#0;&amp;#0;&amp;#0;&amp;#0;&amp;#0;&amp;#0;&amp;#0;&amp;#0;&amp;#0;&amp;#0;&amp;#0;&amp;#0;&amp;#0;&amp;#0;&amp;#0;&amp;#0;&amp;#0;&amp;#0;&amp;#0;&amp;#0;&amp;#0;&amp;#0;&amp;#0;&amp;#0;&amp;#0;&amp;#0;&amp;#0;&amp;#0;&amp;#0;&amp;#0;&amp;#0;&amp;#0;&amp;#0;&amp;#0;&amp;#0;&amp;#0;&amp;#0;&amp;#0;&amp;#0;&amp;#0;&amp;#0;&amp;#0;&amp;#0;&amp;#0;&amp;#0;&amp;#0;&amp;#0;&amp;#0;&amp;#0;&amp;#0;&amp;#0;&amp;#0;&amp;#0;&amp;#0;&amp;#0;&amp;#0;&amp;#0;&amp;#0;&amp;#0;&amp;#0;&amp;#0;&amp;#0;&amp;#0;&amp;#0;&amp;#0;&amp;#0;&amp;#0;&amp;#0;&amp;#0;&amp;#0;&amp;#0;&amp;#0;&amp;#0;&amp;#0;&amp;#0;&amp;#0;&amp;#0;&amp;#0;&amp;#0;&amp;#0;&amp;#0;&amp;#0;&amp;#0;&amp;#0;&amp;#0;&amp;#0;&amp;#0;&amp;#0;&amp;#0;&amp;#0;&amp;#0;&amp;#0;&amp;#0;&amp;#0;&amp;#0;&amp;#0;&amp;#0;&amp;#0;&amp;#0;&amp;#0;&amp;#0;&amp;#0;&amp;#0;&amp;#0;&amp;#0;&amp;#0;&amp;#0;&amp;#0;&amp;#0;&amp;#0;&amp;#0;&amp;#0;&amp;#0;&amp;#0;&amp;#0;&amp;#0;&amp;#0;&amp;#0;&amp;#0;&amp;#0;&amp;#0;&amp;#0;&amp;#0;&amp;#0;&amp;#0;&amp;#0;&amp;#0;&amp;#0;&amp;#0;&amp;#0;&amp;#0;&amp;#0;&amp;#0;&amp;#0;&amp;#0;&amp;#0;&amp;#0;&amp;#0;&amp;#0;&amp;#0;&amp;#0;&amp;#0;&amp;#0;&amp;#0;&amp;#0;&amp;#0;&amp;#0;&amp;#0;&amp;#0;&amp;#0;&amp;#0;&amp;#0;&amp;#0;&amp;#0;&amp;#0;&amp;#0;&amp;#0;&amp;#0;&amp;#0;&amp;#0;&amp;#0;&amp;#0;&amp;#0;&amp;#0;&amp;#0;&amp;#0;&amp;#0;&amp;#0;&amp;#0;&amp;#0;&amp;#0;&amp;#0;&amp;#0;&amp;#0;&amp;#0;&amp;#0;&amp;#0;&amp;#0;&amp;#0;&amp;#0;&amp;#0;&amp;#0;&amp;#0;&amp;#0;&amp;#0;&amp;#0;&amp;#0;&amp;#0;&amp;#0;&amp;#0;&amp;#0;&amp;#0;&amp;#0;&amp;#0;&amp;#0;&amp;#0;&amp;#0;&amp;#0;&amp;#0;&amp;#0;&amp;#0;&amp;#0;&amp;#0;&amp;#0;&amp;#0;&amp;#0;&amp;#0;&amp;#0;&amp;#0;&amp;#0;&amp;#0;&amp;#0;&amp;#0;&amp;#0;&amp;#0;&amp;#0;&amp;#0;&amp;#0;&amp;#0;&amp;#0;&amp;#0;&amp;#0;&amp;#0;&amp;#0;&amp;#0;&amp;#0;&amp;#0;&amp;#0;&amp;#0;&amp;#0;&amp;#0;&amp;#0;&amp;#0;&amp;#0;&amp;#0;&amp;#0;&amp;#0;&amp;#0;&amp;#0;&amp;#0;&amp;#0;&amp;#0;&amp;#0;&amp;#0;&amp;#0;&amp;#0;&amp;#0;&amp;#0;&amp;#0;&amp;#0;&amp;#0;&amp;#0;&amp;#0;&amp;#0;&amp;#0;&amp;#0;&amp;#0;&amp;#0;&amp;#0;&amp;#0;&amp;#0;&amp;#0;&amp;#0;&amp;#0;&amp;#0;&amp;#0;&amp;#0;&amp;#0;&amp;#0;&amp;#0;&amp;#0;&amp;#0;&amp;#0;&amp;#0;&amp;#0;&amp;#0;&amp;#0;&amp;#0;&amp;#0;&amp;#0;&amp;#0;&amp;#0;&amp;#0;&amp;#0;&amp;#0;&amp;#0;&amp;#0;&amp;#0;&amp;#0;&amp;#0;&amp;#0;&amp;#0;&amp;#0;&amp;#0;&amp;#0;&amp;#0;&amp;#0;&amp;#0;&amp;#0;&amp;#0;&amp;#0;&amp;#0;&amp;#0;&amp;#0;&amp;#0;&amp;#0;&amp;#0;&amp;#0;&amp;#0;&amp;#0;&amp;#0;&amp;#0;&amp;#0;&amp;#0;&amp;#0;&amp;#0;&amp;#0;&amp;#0;&amp;#0;&amp;#0;&amp;#0;&amp;#0;&amp;#0;&amp;#0;&amp;#0;&amp;#0;&amp;#0;&amp;#0;&amp;#0;&amp;#0;&amp;#0;&amp;#0;&amp;#0;&amp;#0;&amp;#0;&amp;#0;&amp;#0;&amp;#0;&amp;#0;&amp;#0;&amp;#0;&amp;#0;&amp;#0;&amp;#0;&amp;#0;&amp;#0;&amp;#0;&amp;#0;&amp;#0;&amp;#0;&amp;#0;&amp;#0;&amp;#0;&amp;#0;&amp;#0;&amp;#0;&amp;#0;&amp;#0;&amp;#0;&amp;#0;&amp;#0;&amp;#0;&amp;#0;&amp;#0;&amp;#0;&amp;#0;&amp;#0;&amp;#0;&amp;#0;&amp;#0;&amp;#0;&amp;#0;&amp;#0;&amp;#0;&amp;#0;&amp;#0;&amp;#0;&amp;#0;&amp;#0;&amp;#0;&amp;#0;&amp;#0;&amp;#0;&amp;#0;&amp;#0;&amp;#0;&amp;#0;&amp;#0;&amp;#0;&amp;#0;&amp;#0;&amp;#0;&amp;#0;&amp;#0;&amp;#0;&amp;#0;&amp;#0;&amp;#0;&amp;#0;&amp;#0;&amp;#0;&amp;#0;&amp;#0;&amp;#0;&amp;#0;&amp;#0;&amp;#0;&amp;#0;&amp;#0;&amp;#0;&amp;#0;&amp;#0;&amp;#0;&amp;#0;&amp;#0;&amp;#0;&amp;#0;&amp;#0;&amp;#0;&amp;#0;&amp;#0;&amp;#0;&amp;#0;&amp;#0;&amp;#0;&amp;#0;&amp;#0;&amp;#0;&amp;#0;&amp;#0;&amp;#0;&amp;#0;&amp;#0;&amp;#0;&amp;#0;&amp;#0;&amp;#0;&amp;#0;&amp;#0;&amp;#0;&amp;#0;&amp;#0;&amp;#0;&amp;#0;&amp;#0;&amp;#0;&amp;#0;&amp;#0;&amp;#0;&amp;#0;&amp;#0;&amp;#0;&amp;#0;&amp;#0;&amp;#0;&amp;#0;&amp;#0;&amp;#0;&amp;#0;&amp;#0;&amp;#0;&amp;#0;&amp;#0;&amp;#0;&amp;#0;&amp;#0;&amp;#0;&amp;#0;&amp;#0;&amp;#0;&amp;#0;&amp;#0;&amp;#0;&amp;#0;&amp;#0;&amp;#0;&amp;#0;&amp;#0;&amp;#0;&amp;#0;&amp;#0;&amp;#0;&amp;#0;&amp;#0;&amp;#0;&amp;#0;&amp;#0;&amp;#0;&amp;#0;&amp;#0;&amp;#0;&amp;#0;&amp;#0;&amp;#0;&amp;#0;&amp;#0;&amp;#0;&amp;#0;&amp;#0;&amp;#0;&amp;#0;&amp;#0;&amp;#0;&amp;#0;&amp;#0;&amp;#0;&amp;#0;&amp;#0;&amp;#0;&amp;#0;&amp;#0;&amp;#0;&amp;#0;&amp;#0;&amp;#0;&amp;#0;&amp;#0;&amp;#0;&amp;#0;&amp;#0;&amp;#0;&amp;#0;&amp;#0;&amp;#0;&amp;#0;&amp;#0;&amp;#0;&amp;#0;&amp;#0;&amp;#0;&amp;#0;&amp;#0;&amp;#0;&amp;#0;&amp;#0;&amp;#0;&amp;#0;&amp;#0;&amp;#0;&amp;#0;&amp;#0;&amp;#0;&amp;#0;&amp;#0;&amp;#0;&amp;#0;&amp;#0;&amp;#0;&amp;#0;&amp;#0;&amp;#0;&amp;#0;&amp;#0;&amp;#0;&amp;#0;&amp;#0;&amp;#0;&amp;#0;&amp;#0;&amp;#0;&amp;#0;&amp;#0;&amp;#0;&amp;#0;
19:14:18.312 [main] ERROR - Je passe ici ------------------------------------------------------
19:14:18.312 [main] ERROR - Exception occured during compilation!
java.util.MissingFormatArgumentException: Format specifier &apos;%s&apos;
	at java.util.Formatter.format(Formatter.java:2519) ~[?:1.8.0_131]
	at java.io.PrintWriter.format(PrintWriter.java:905) ~[?:1.8.0_131]
	at java.io.PrintWriter.printf(PrintWriter.java:804) ~[?:1.8.0_131]
	at be.unamur.info.b314.compiler.Visitor.PCodePrinter.printSetTo(PCodePrinter.java:78) ~[classes/:?]
	at be.unamur.info.b314.compiler.Visitor.PCodeVisitor.visitVarDecl(PCodeVisitor.java:672) ~[classes/:?]
	at be.unamur.info.b314.compiler.B314Parser$VarDeclContext.accept(B314Parser.java:405) ~[classes/:?]
	at be.unamur.info.b314.compiler.Visitor.PCodeVisitor.visitProgramme(PCodeVisitor.java:64) ~[classes/:?]
	at be.unamur.info.b314.compiler.B314Parser$ProgrammeContext.accept(B314Parser.java:4028) ~[classes/:?]
	at be.unamur.info.b314.compiler.main.Main.printPCode(Main.java:236) ~[classes/:?]
	at be.unamur.info.b314.compiler.main.Main.compile(Main.java:199) ~[classes/:?]
	at be.unamur.info.b314.compiler.main.Main.main(Main.java:79) [classes/:?]
	at be.unamur.info.b314.compiler.main.CompilerTestHelper.launchCompilation(CompilerTestHelper.java:35) [test-classes/:?]
	at be.unamur.info.b314.compiler.main.B314localvariabledeclSyntaxTest.testlocalvariabledecl_mixing_ok(B314localvariabledeclSyntaxTest.java:59) [test-classes/:?]
	at sun.reflect.NativeMethodAccessorImpl.invoke0(Native Method) ~[?:1.8.0_131]
	at sun.reflect.NativeMethodAccessorImpl.invoke(NativeMethodAccessorImpl.java:62) ~[?:1.8.0_131]
	at sun.reflect.DelegatingMethodAccessorImpl.invoke(DelegatingMethodAccessorImpl.java:43) ~[?:1.8.0_131]
	at java.lang.reflect.Method.invoke(Method.java:498) ~[?:1.8.0_131]
	at org.junit.runners.model.FrameworkMethod$1.runReflectiveCall(FrameworkMethod.java:50) [junit-4.12.jar:4.12]
	at org.junit.internal.runners.model.ReflectiveCallable.run(ReflectiveCallable.java:12) [junit-4.12.jar:4.12]
	at org.junit.runners.model.FrameworkMethod.invokeExplosively(FrameworkMethod.java:47) [junit-4.12.jar:4.12]
	at org.junit.internal.runners.statements.InvokeMethod.evaluate(InvokeMethod.java:17) [junit-4.12.jar:4.12]
	at org.junit.rules.ExternalResource$1.evaluate(ExternalResource.java:48) [junit-4.12.jar:4.12]
	at org.junit.rules.TestWatcher$1.evaluate(TestWatcher.java:55) [junit-4.12.jar:4.12]
	at org.junit.rules.RunRules.evaluate(RunRules.java:20) [junit-4.12.jar:4.12]
	at org.junit.runners.ParentRunner.runLeaf(ParentRunner.java:325) [junit-4.12.jar:4.12]
	at org.junit.runners.BlockJUnit4ClassRunner.runChild(BlockJUnit4ClassRunner.java:78) [junit-4.12.jar:4.12]
	at org.junit.runners.BlockJUnit4ClassRunner.runChild(BlockJUnit4ClassRunner.java:57) [junit-4.12.jar:4.12]
	at org.junit.runners.ParentRunner$3.run(ParentRunner.java:290) [junit-4.12.jar:4.12]
	at org.junit.runners.ParentRunner$1.schedule(ParentRunner.java:71) [junit-4.12.jar:4.12]
	at org.junit.runners.ParentRunner.runChildren(ParentRunner.java:288) [junit-4.12.jar:4.12]
	at org.junit.runners.ParentRunner.access$000(ParentRunner.java:58) [junit-4.12.jar:4.12]
	at org.junit.runners.ParentRunner$2.evaluate(ParentRunner.java:268) [junit-4.12.jar:4.12]
	at org.junit.runners.ParentRunner.run(ParentRunner.java:363) [junit-4.12.jar:4.12]
	at org.apache.maven.surefire.junit4.JUnit4Provider.execute(JUnit4Provider.java:252) [surefire-junit4-2.12.4.jar:2.12.4]
	at org.apache.maven.surefire.junit4.JUnit4Provider.executeTestSet(JUnit4Provider.java:141) [surefire-junit4-2.12.4.jar:2.12.4]
	at org.apache.maven.surefire.junit4.JUnit4Provider.invoke(JUnit4Provider.java:112) [surefire-junit4-2.12.4.jar:2.12.4]
	at sun.reflect.NativeMethodAccessorImpl.invoke0(Native Method) ~[?:1.8.0_131]
	at sun.reflect.NativeMethodAccessorImpl.invoke(NativeMethodAccessorImpl.java:62) ~[?:1.8.0_131]
	at sun.reflect.DelegatingMethodAccessorImpl.invoke(DelegatingMethodAccessorImpl.java:43) ~[?:1.8.0_131]
	at java.lang.reflect.Method.invoke(Method.java:498) ~[?:1.8.0_131]
	at org.apache.maven.surefire.util.ReflectionUtils.invokeMethodWithArray(ReflectionUtils.java:189) [surefire-api-2.12.4.jar:2.12.4]
	at org.apache.maven.surefire.booter.ProviderFactory$ProviderProxy.invoke(ProviderFactory.java:165) [surefire-booter-2.12.4.jar:2.12.4]
	at org.apache.maven.surefire.booter.ProviderFactory.invokeProvider(ProviderFactory.java:85) [surefire-booter-2.12.4.jar:2.12.4]
	at org.apache.maven.surefire.booter.ForkedBooter.runSuitesInProcess(ForkedBooter.java:115) [surefire-booter-2.12.4.jar:2.12.4]
	at org.apache.maven.surefire.booter.ForkedBooter.main(ForkedBooter.java:75) [surefire-booter-2.12.4.jar:2.12.4]
</system-out>
  </testcase>
  <testcase classname="be.unamur.info.b314.compiler.main.B314localvariabledeclSyntaxTest" name="testlocalvariabledecl_when_local_variable_same_names_as_global_ok" time="0.001">
    <failure message="localvariabledecl: when_local_variable_same_names_as_global
Expected: a string ending with &quot;OK\r\n&quot;
     but: was &quot;KO
&quot;" type="java.lang.AssertionError">java.lang.AssertionError: localvariabledecl: when_local_variable_same_names_as_global
Expected: a string ending with &quot;OK\r\n&quot;
     but: was &quot;KO
&quot;
	at org.hamcrest.MatcherAssert.assertThat(MatcherAssert.java:20)
	at org.junit.Assert.assertThat(Assert.java:956)
	at be.unamur.info.b314.compiler.main.CompilerTestHelper.launchCompilation(CompilerTestHelper.java:42)
	at be.unamur.info.b314.compiler.main.B314localvariabledeclSyntaxTest.testlocalvariabledecl_when_local_variable_same_names_as_global_ok(B314localvariabledeclSyntaxTest.java:89)
	at sun.reflect.NativeMethodAccessorImpl.invoke0(Native Method)
	at sun.reflect.NativeMethodAccessorImpl.invoke(NativeMethodAccessorImpl.java:62)
	at sun.reflect.DelegatingMethodAccessorImpl.invoke(DelegatingMethodAccessorImpl.java:43)
	at java.lang.reflect.Method.invoke(Method.java:498)
	at org.junit.runners.model.FrameworkMethod$1.runReflectiveCall(FrameworkMethod.java:50)
	at org.junit.internal.runners.model.ReflectiveCallable.run(ReflectiveCallable.java:12)
	at org.junit.runners.model.FrameworkMethod.invokeExplosively(FrameworkMethod.java:47)
	at org.junit.internal.runners.statements.InvokeMethod.evaluate(InvokeMethod.java:17)
	at org.junit.rules.ExternalResource$1.evaluate(ExternalResource.java:48)
	at org.junit.rules.TestWatcher$1.evaluate(TestWatcher.java:55)
	at org.junit.rules.RunRules.evaluate(RunRules.java:20)
	at org.junit.runners.ParentRunner.runLeaf(ParentRunner.java:325)
	at org.junit.runners.BlockJUnit4ClassRunner.runChild(BlockJUnit4ClassRunner.java:78)
	at org.junit.runners.BlockJUnit4ClassRunner.runChild(BlockJUnit4ClassRunner.java:57)
	at org.junit.runners.ParentRunner$3.run(ParentRunner.java:290)
	at org.junit.runners.ParentRunner$1.schedule(ParentRunner.java:71)
	at org.junit.runners.ParentRunner.runChildren(ParentRunner.java:288)
	at org.junit.runners.ParentRunner.access$000(ParentRunner.java:58)
	at org.junit.runners.ParentRunner$2.evaluate(ParentRunner.java:268)
	at org.junit.runners.ParentRunner.run(ParentRunner.java:363)
	at org.apache.maven.surefire.junit4.JUnit4Provider.execute(JUnit4Provider.java:252)
	at org.apache.maven.surefire.junit4.JUnit4Provider.executeTestSet(JUnit4Provider.java:141)
	at org.apache.maven.surefire.junit4.JUnit4Provider.invoke(JUnit4Provider.java:112)
	at sun.reflect.NativeMethodAccessorImpl.invoke0(Native Method)
	at sun.reflect.NativeMethodAccessorImpl.invoke(NativeMethodAccessorImpl.java:62)
	at sun.reflect.DelegatingMethodAccessorImpl.invoke(DelegatingMethodAccessorImpl.java:43)
	at java.lang.reflect.Method.invoke(Method.java:498)
	at org.apache.maven.surefire.util.ReflectionUtils.invokeMethodWithArray(ReflectionUtils.java:189)
	at org.apache.maven.surefire.booter.ProviderFactory$ProviderProxy.invoke(ProviderFactory.java:165)
	at org.apache.maven.surefire.booter.ProviderFactory.invokeProvider(ProviderFactory.java:85)
	at org.apache.maven.surefire.booter.ForkedBooter.runSuitesInProcess(ForkedBooter.java:115)
	at org.apache.maven.surefire.booter.ForkedBooter.main(ForkedBooter.java:75)
</failure>
    <system-out>19:14:18.315 [main] INFO  - Starting test: testlocalvariabledecl_when_local_variable_same_names_as_global_ok()...
org.apache.commons.cli.CommandLine@18151a14
19:14:18.317 [main] DEBUG - Initialisation
19:14:18.317 [main] DEBUG - Input file set to C:\Users\Dano\Desktop\b314-Jour\target\test-classes\syntax\localvariabledecl\ok\when_local_variable_same_names_as_global.b314
19:14:18.317 [main] DEBUG - Output file set to C:\Users\Dano\AppData\Local\Temp\junit4209703706222429463\junit2850770315405743174.tmp
19:14:18.317 [main] DEBUG - Initialisation: done
jessica1
19:14:18.323 [main] DEBUG - Parsing input
/*

1

1,2,2

1,2,2,2,2
*/
declare and retain 
	b1 as boolean;
	b2 as boolean;
    i1 as integer; 
    i2 as integer; 
    v1 as boolean[5, 7];
    v2 as integer[42];
    
    fct1 as function():boolean
    	do
    		set fct1 to true 
    	done 
	
when your turn 

	when not b1 do
		set b1 to true
		next move north
	done

	when b1 
	declare local
		b1 as integer;
		i1 as boolean;
		loc3 as square;
		loc4 as integer[5];
	do
		set b1 to 34
		set i1 to false
		set i1 to b1 &lt; 42 and i1
		next move east
	done

	by default do 
		next do nothing
	done&amp;#0;&amp;#0;&amp;#0;&amp;#0;&amp;#0;&amp;#0;&amp;#0;&amp;#0;&amp;#0;&amp;#0;&amp;#0;&amp;#0;&amp;#0;&amp;#0;&amp;#0;&amp;#0;&amp;#0;&amp;#0;&amp;#0;&amp;#0;&amp;#0;&amp;#0;&amp;#0;&amp;#0;&amp;#0;&amp;#0;&amp;#0;&amp;#0;&amp;#0;&amp;#0;&amp;#0;&amp;#0;&amp;#0;&amp;#0;&amp;#0;&amp;#0;&amp;#0;&amp;#0;&amp;#0;&amp;#0;&amp;#0;&amp;#0;&amp;#0;&amp;#0;&amp;#0;&amp;#0;&amp;#0;&amp;#0;&amp;#0;&amp;#0;&amp;#0;&amp;#0;&amp;#0;&amp;#0;&amp;#0;&amp;#0;&amp;#0;&amp;#0;&amp;#0;&amp;#0;&amp;#0;&amp;#0;&amp;#0;&amp;#0;&amp;#0;&amp;#0;&amp;#0;&amp;#0;&amp;#0;&amp;#0;&amp;#0;&amp;#0;&amp;#0;&amp;#0;&amp;#0;&amp;#0;&amp;#0;&amp;#0;&amp;#0;&amp;#0;&amp;#0;&amp;#0;&amp;#0;&amp;#0;&amp;#0;&amp;#0;&amp;#0;&amp;#0;&amp;#0;&amp;#0;&amp;#0;&amp;#0;&amp;#0;&amp;#0;&amp;#0;&amp;#0;&amp;#0;&amp;#0;&amp;#0;&amp;#0;&amp;#0;&amp;#0;&amp;#0;&amp;#0;&amp;#0;&amp;#0;&amp;#0;&amp;#0;&amp;#0;&amp;#0;&amp;#0;&amp;#0;&amp;#0;&amp;#0;&amp;#0;&amp;#0;&amp;#0;&amp;#0;&amp;#0;&amp;#0;&amp;#0;&amp;#0;&amp;#0;&amp;#0;&amp;#0;&amp;#0;&amp;#0;&amp;#0;&amp;#0;&amp;#0;&amp;#0;&amp;#0;&amp;#0;&amp;#0;&amp;#0;&amp;#0;&amp;#0;&amp;#0;&amp;#0;&amp;#0;&amp;#0;&amp;#0;&amp;#0;&amp;#0;&amp;#0;&amp;#0;&amp;#0;&amp;#0;&amp;#0;&amp;#0;&amp;#0;&amp;#0;&amp;#0;&amp;#0;&amp;#0;&amp;#0;&amp;#0;&amp;#0;&amp;#0;&amp;#0;&amp;#0;&amp;#0;&amp;#0;&amp;#0;&amp;#0;&amp;#0;&amp;#0;&amp;#0;&amp;#0;&amp;#0;&amp;#0;&amp;#0;&amp;#0;&amp;#0;&amp;#0;&amp;#0;&amp;#0;&amp;#0;&amp;#0;&amp;#0;&amp;#0;&amp;#0;&amp;#0;&amp;#0;&amp;#0;&amp;#0;&amp;#0;&amp;#0;&amp;#0;&amp;#0;&amp;#0;&amp;#0;&amp;#0;&amp;#0;&amp;#0;&amp;#0;&amp;#0;&amp;#0;&amp;#0;&amp;#0;&amp;#0;&amp;#0;&amp;#0;&amp;#0;&amp;#0;&amp;#0;&amp;#0;&amp;#0;&amp;#0;&amp;#0;&amp;#0;&amp;#0;&amp;#0;&amp;#0;&amp;#0;&amp;#0;&amp;#0;&amp;#0;&amp;#0;&amp;#0;&amp;#0;&amp;#0;&amp;#0;&amp;#0;&amp;#0;&amp;#0;&amp;#0;&amp;#0;&amp;#0;&amp;#0;&amp;#0;&amp;#0;&amp;#0;&amp;#0;&amp;#0;&amp;#0;&amp;#0;&amp;#0;&amp;#0;&amp;#0;&amp;#0;&amp;#0;&amp;#0;&amp;#0;&amp;#0;&amp;#0;&amp;#0;&amp;#0;&amp;#0;&amp;#0;&amp;#0;&amp;#0;&amp;#0;&amp;#0;&amp;#0;&amp;#0;&amp;#0;&amp;#0;&amp;#0;&amp;#0;&amp;#0;&amp;#0;&amp;#0;&amp;#0;&amp;#0;&amp;#0;&amp;#0;&amp;#0;&amp;#0;&amp;#0;&amp;#0;&amp;#0;&amp;#0;&amp;#0;&amp;#0;&amp;#0;&amp;#0;&amp;#0;&amp;#0;&amp;#0;&amp;#0;&amp;#0;&amp;#0;&amp;#0;&amp;#0;&amp;#0;&amp;#0;&amp;#0;&amp;#0;&amp;#0;&amp;#0;&amp;#0;&amp;#0;&amp;#0;&amp;#0;&amp;#0;&amp;#0;&amp;#0;&amp;#0;&amp;#0;&amp;#0;&amp;#0;&amp;#0;&amp;#0;&amp;#0;&amp;#0;&amp;#0;&amp;#0;&amp;#0;&amp;#0;&amp;#0;&amp;#0;&amp;#0;&amp;#0;&amp;#0;&amp;#0;&amp;#0;&amp;#0;&amp;#0;&amp;#0;&amp;#0;&amp;#0;&amp;#0;&amp;#0;&amp;#0;&amp;#0;&amp;#0;&amp;#0;&amp;#0;&amp;#0;&amp;#0;&amp;#0;&amp;#0;&amp;#0;&amp;#0;&amp;#0;&amp;#0;&amp;#0;&amp;#0;&amp;#0;&amp;#0;&amp;#0;&amp;#0;&amp;#0;&amp;#0;&amp;#0;&amp;#0;&amp;#0;&amp;#0;&amp;#0;&amp;#0;&amp;#0;&amp;#0;&amp;#0;&amp;#0;&amp;#0;&amp;#0;&amp;#0;&amp;#0;&amp;#0;&amp;#0;&amp;#0;&amp;#0;&amp;#0;&amp;#0;&amp;#0;&amp;#0;&amp;#0;&amp;#0;&amp;#0;&amp;#0;&amp;#0;&amp;#0;&amp;#0;&amp;#0;&amp;#0;&amp;#0;&amp;#0;&amp;#0;&amp;#0;&amp;#0;&amp;#0;&amp;#0;&amp;#0;&amp;#0;&amp;#0;&amp;#0;&amp;#0;&amp;#0;&amp;#0;&amp;#0;&amp;#0;&amp;#0;&amp;#0;&amp;#0;&amp;#0;&amp;#0;&amp;#0;&amp;#0;&amp;#0;&amp;#0;&amp;#0;&amp;#0;&amp;#0;&amp;#0;&amp;#0;&amp;#0;&amp;#0;&amp;#0;&amp;#0;&amp;#0;&amp;#0;&amp;#0;&amp;#0;&amp;#0;&amp;#0;&amp;#0;&amp;#0;&amp;#0;&amp;#0;&amp;#0;&amp;#0;&amp;#0;&amp;#0;&amp;#0;&amp;#0;&amp;#0;&amp;#0;&amp;#0;&amp;#0;&amp;#0;&amp;#0;&amp;#0;&amp;#0;&amp;#0;&amp;#0;&amp;#0;&amp;#0;&amp;#0;&amp;#0;&amp;#0;&amp;#0;&amp;#0;&amp;#0;&amp;#0;&amp;#0;&amp;#0;&amp;#0;&amp;#0;&amp;#0;&amp;#0;&amp;#0;&amp;#0;&amp;#0;&amp;#0;&amp;#0;&amp;#0;&amp;#0;&amp;#0;&amp;#0;&amp;#0;&amp;#0;&amp;#0;&amp;#0;&amp;#0;&amp;#0;&amp;#0;&amp;#0;&amp;#0;&amp;#0;&amp;#0;&amp;#0;&amp;#0;&amp;#0;&amp;#0;&amp;#0;&amp;#0;&amp;#0;&amp;#0;&amp;#0;&amp;#0;&amp;#0;&amp;#0;&amp;#0;&amp;#0;&amp;#0;&amp;#0;&amp;#0;&amp;#0;&amp;#0;&amp;#0;&amp;#0;&amp;#0;&amp;#0;&amp;#0;&amp;#0;&amp;#0;&amp;#0;&amp;#0;&amp;#0;&amp;#0;&amp;#0;&amp;#0;&amp;#0;&amp;#0;&amp;#0;&amp;#0;&amp;#0;&amp;#0;&amp;#0;&amp;#0;&amp;#0;&amp;#0;&amp;#0;&amp;#0;&amp;#0;&amp;#0;&amp;#0;&amp;#0;&amp;#0;&amp;#0;&amp;#0;&amp;#0;&amp;#0;&amp;#0;&amp;#0;&amp;#0;&amp;#0;&amp;#0;&amp;#0;&amp;#0;&amp;#0;&amp;#0;&amp;#0;&amp;#0;&amp;#0;&amp;#0;&amp;#0;&amp;#0;&amp;#0;&amp;#0;&amp;#0;&amp;#0;&amp;#0;&amp;#0;&amp;#0;&amp;#0;&amp;#0;&amp;#0;&amp;#0;&amp;#0;&amp;#0;&amp;#0;&amp;#0;&amp;#0;&amp;#0;&amp;#0;&amp;#0;&amp;#0;&amp;#0;&amp;#0;&amp;#0;&amp;#0;&amp;#0;&amp;#0;&amp;#0;&amp;#0;&amp;#0;&amp;#0;&amp;#0;&amp;#0;&amp;#0;&amp;#0;&amp;#0;&amp;#0;&amp;#0;&amp;#0;&amp;#0;&amp;#0;&amp;#0;&amp;#0;&amp;#0;&amp;#0;&amp;#0;&amp;#0;&amp;#0;&amp;#0;&amp;#0;&amp;#0;&amp;#0;&amp;#0;&amp;#0;&amp;#0;&amp;#0;&amp;#0;&amp;#0;&amp;#0;&amp;#0;&amp;#0;&amp;#0;&amp;#0;&amp;#0;&amp;#0;&amp;#0;&amp;#0;&amp;#0;&amp;#0;&amp;#0;&amp;#0;&amp;#0;&amp;#0;&amp;#0;&amp;#0;&amp;#0;&amp;#0;&amp;#0;&amp;#0;&amp;#0;&amp;#0;&amp;#0;&amp;#0;&amp;#0;&amp;#0;&amp;#0;&amp;#0;&amp;#0;&amp;#0;&amp;#0;&amp;#0;&amp;#0;&amp;#0;&amp;#0;&amp;#0;&amp;#0;&amp;#0;&amp;#0;&amp;#0;&amp;#0;&amp;#0;&amp;#0;&amp;#0;&amp;#0;&amp;#0;&amp;#0;&amp;#0;&amp;#0;&amp;#0;&amp;#0;&amp;#0;&amp;#0;&amp;#0;&amp;#0;&amp;#0;&amp;#0;&amp;#0;&amp;#0;&amp;#0;&amp;#0;&amp;#0;&amp;#0;&amp;#0;&amp;#0;&amp;#0;&amp;#0;&amp;#0;&amp;#0;&amp;#0;&amp;#0;&amp;#0;&amp;#0;&amp;#0;&amp;#0;&amp;#0;&amp;#0;&amp;#0;&amp;#0;&amp;#0;&amp;#0;&amp;#0;&amp;#0;&amp;#0;&amp;#0;&amp;#0;&amp;#0;&amp;#0;&amp;#0;&amp;#0;&amp;#0;&amp;#0;&amp;#0;&amp;#0;&amp;#0;&amp;#0;&amp;#0;&amp;#0;&amp;#0;&amp;#0;&amp;#0;&amp;#0;&amp;#0;&amp;#0;&amp;#0;&amp;#0;&amp;#0;&amp;#0;&amp;#0;&amp;#0;&amp;#0;&amp;#0;&amp;#0;&amp;#0;&amp;#0;&amp;#0;&amp;#0;&amp;#0;&amp;#0;&amp;#0;&amp;#0;&amp;#0;&amp;#0;&amp;#0;&amp;#0;&amp;#0;&amp;#0;&amp;#0;&amp;#0;&amp;#0;&amp;#0;&amp;#0;&amp;#0;&amp;#0;&amp;#0;&amp;#0;&amp;#0;&amp;#0;&amp;#0;&amp;#0;&amp;#0;&amp;#0;&amp;#0;&amp;#0;&amp;#0;&amp;#0;&amp;#0;&amp;#0;&amp;#0;&amp;#0;&amp;#0;&amp;#0;&amp;#0;&amp;#0;&amp;#0;&amp;#0;&amp;#0;&amp;#0;&amp;#0;&amp;#0;&amp;#0;&amp;#0;&amp;#0;&amp;#0;&amp;#0;&amp;#0;&amp;#0;&amp;#0;&amp;#0;&amp;#0;&amp;#0;&amp;#0;&amp;#0;&amp;#0;&amp;#0;&amp;#0;&amp;#0;&amp;#0;&amp;#0;&amp;#0;&amp;#0;&amp;#0;&amp;#0;&amp;#0;&amp;#0;&amp;#0;&amp;#0;&amp;#0;&amp;#0;&amp;#0;&amp;#0;&amp;#0;&amp;#0;&amp;#0;&amp;#0;&amp;#0;&amp;#0;&amp;#0;&amp;#0;&amp;#0;&amp;#0;&amp;#0;&amp;#0;&amp;#0;&amp;#0;&amp;#0;&amp;#0;&amp;#0;&amp;#0;&amp;#0;&amp;#0;&amp;#0;&amp;#0;&amp;#0;&amp;#0;&amp;#0;&amp;#0;&amp;#0;&amp;#0;&amp;#0;&amp;#0;&amp;#0;&amp;#0;&amp;#0;&amp;#0;&amp;#0;&amp;#0;&amp;#0;&amp;#0;&amp;#0;&amp;#0;&amp;#0;&amp;#0;&amp;#0;&amp;#0;&amp;#0;&amp;#0;&amp;#0;&amp;#0;&amp;#0;&amp;#0;&amp;#0;&amp;#0;&amp;#0;&amp;#0;&amp;#0;&amp;#0;&amp;#0;&amp;#0;&amp;#0;&amp;#0;&amp;#0;&amp;#0;&amp;#0;&amp;#0;&amp;#0;&amp;#0;&amp;#0;&amp;#0;&amp;#0;&amp;#0;&amp;#0;&amp;#0;&amp;#0;&amp;#0;&amp;#0;&amp;#0;&amp;#0;&amp;#0;&amp;#0;&amp;#0;&amp;#0;&amp;#0;&amp;#0;&amp;#0;&amp;#0;&amp;#0;&amp;#0;&amp;#0;&amp;#0;&amp;#0;&amp;#0;&amp;#0;&amp;#0;&amp;#0;&amp;#0;&amp;#0;&amp;#0;&amp;#0;&amp;#0;&amp;#0;&amp;#0;&amp;#0;&amp;#0;&amp;#0;&amp;#0;&amp;#0;&amp;#0;&amp;#0;&amp;#0;&amp;#0;&amp;#0;&amp;#0;&amp;#0;&amp;#0;&amp;#0;&amp;#0;&amp;#0;&amp;#0;&amp;#0;&amp;#0;&amp;#0;&amp;#0;&amp;#0;&amp;#0;&amp;#0;&amp;#0;&amp;#0;&amp;#0;&amp;#0;&amp;#0;&amp;#0;&amp;#0;&amp;#0;&amp;#0;&amp;#0;&amp;#0;&amp;#0;&amp;#0;&amp;#0;&amp;#0;&amp;#0;&amp;#0;&amp;#0;&amp;#0;&amp;#0;&amp;#0;&amp;#0;&amp;#0;&amp;#0;&amp;#0;&amp;#0;&amp;#0;&amp;#0;&amp;#0;&amp;#0;&amp;#0;&amp;#0;&amp;#0;&amp;#0;&amp;#0;&amp;#0;&amp;#0;&amp;#0;&amp;#0;&amp;#0;&amp;#0;&amp;#0;&amp;#0;&amp;#0;&amp;#0;&amp;#0;&amp;#0;&amp;#0;&amp;#0;&amp;#0;&amp;#0;&amp;#0;&amp;#0;&amp;#0;&amp;#0;&amp;#0;&amp;#0;&amp;#0;&amp;#0;&amp;#0;&amp;#0;&amp;#0;&amp;#0;&amp;#0;&amp;#0;&amp;#0;&amp;#0;&amp;#0;&amp;#0;&amp;#0;&amp;#0;&amp;#0;&amp;#0;&amp;#0;&amp;#0;&amp;#0;&amp;#0;&amp;#0;&amp;#0;&amp;#0;&amp;#0;&amp;#0;&amp;#0;&amp;#0;&amp;#0;&amp;#0;&amp;#0;&amp;#0;&amp;#0;&amp;#0;&amp;#0;&amp;#0;&amp;#0;&amp;#0;&amp;#0;&amp;#0;&amp;#0;&amp;#0;&amp;#0;&amp;#0;&amp;#0;&amp;#0;&amp;#0;&amp;#0;&amp;#0;&amp;#0;&amp;#0;&amp;#0;&amp;#0;&amp;#0;&amp;#0;&amp;#0;&amp;#0;&amp;#0;&amp;#0;&amp;#0;&amp;#0;&amp;#0;&amp;#0;&amp;#0;&amp;#0;&amp;#0;&amp;#0;&amp;#0;&amp;#0;&amp;#0;&amp;#0;&amp;#0;&amp;#0;&amp;#0;&amp;#0;&amp;#0;&amp;#0;&amp;#0;&amp;#0;&amp;#0;&amp;#0;&amp;#0;&amp;#0;&amp;#0;&amp;#0;&amp;#0;&amp;#0;&amp;#0;&amp;#0;&amp;#0;&amp;#0;&amp;#0;&amp;#0;&amp;#0;&amp;#0;&amp;#0;&amp;#0;&amp;#0;&amp;#0;&amp;#0;&amp;#0;&amp;#0;&amp;#0;&amp;#0;&amp;#0;&amp;#0;&amp;#0;&amp;#0;&amp;#0;&amp;#0;&amp;#0;&amp;#0;&amp;#0;&amp;#0;&amp;#0;&amp;#0;&amp;#0;&amp;#0;&amp;#0;&amp;#0;&amp;#0;&amp;#0;&amp;#0;&amp;#0;&amp;#0;&amp;#0;&amp;#0;&amp;#0;&amp;#0;&amp;#0;&amp;#0;&amp;#0;&amp;#0;&amp;#0;&amp;#0;&amp;#0;&amp;#0;&amp;#0;&amp;#0;&amp;#0;&amp;#0;&amp;#0;&amp;#0;&amp;#0;&amp;#0;&amp;#0;&amp;#0;&amp;#0;&amp;#0;&amp;#0;&amp;#0;&amp;#0;&amp;#0;&amp;#0;&amp;#0;&amp;#0;&amp;#0;&amp;#0;&amp;#0;&amp;#0;&amp;#0;&amp;#0;&amp;#0;&amp;#0;&amp;#0;&amp;#0;&amp;#0;&amp;#0;&amp;#0;&amp;#0;&amp;#0;&amp;#0;&amp;#0;&amp;#0;&amp;#0;&amp;#0;&amp;#0;&amp;#0;&amp;#0;&amp;#0;&amp;#0;&amp;#0;&amp;#0;&amp;#0;&amp;#0;&amp;#0;&amp;#0;&amp;#0;&amp;#0;&amp;#0;&amp;#0;&amp;#0;&amp;#0;&amp;#0;&amp;#0;&amp;#0;&amp;#0;&amp;#0;&amp;#0;&amp;#0;&amp;#0;&amp;#0;&amp;#0;&amp;#0;&amp;#0;&amp;#0;&amp;#0;&amp;#0;&amp;#0;&amp;#0;&amp;#0;&amp;#0;&amp;#0;&amp;#0;&amp;#0;&amp;#0;&amp;#0;&amp;#0;&amp;#0;&amp;#0;&amp;#0;&amp;#0;&amp;#0;&amp;#0;&amp;#0;&amp;#0;&amp;#0;&amp;#0;&amp;#0;&amp;#0;&amp;#0;&amp;#0;&amp;#0;&amp;#0;&amp;#0;&amp;#0;&amp;#0;&amp;#0;&amp;#0;&amp;#0;&amp;#0;&amp;#0;&amp;#0;&amp;#0;&amp;#0;&amp;#0;&amp;#0;&amp;#0;&amp;#0;&amp;#0;&amp;#0;&amp;#0;&amp;#0;&amp;#0;&amp;#0;&amp;#0;&amp;#0;&amp;#0;&amp;#0;&amp;#0;&amp;#0;&amp;#0;&amp;#0;&amp;#0;&amp;#0;&amp;#0;&amp;#0;&amp;#0;&amp;#0;&amp;#0;&amp;#0;&amp;#0;&amp;#0;&amp;#0;&amp;#0;&amp;#0;&amp;#0;&amp;#0;&amp;#0;&amp;#0;&amp;#0;&amp;#0;&amp;#0;&amp;#0;&amp;#0;&amp;#0;&amp;#0;&amp;#0;&amp;#0;&amp;#0;&amp;#0;&amp;#0;&amp;#0;&amp;#0;&amp;#0;&amp;#0;&amp;#0;&amp;#0;&amp;#0;&amp;#0;&amp;#0;&amp;#0;&amp;#0;&amp;#0;&amp;#0;&amp;#0;&amp;#0;&amp;#0;&amp;#0;&amp;#0;&amp;#0;&amp;#0;&amp;#0;&amp;#0;&amp;#0;&amp;#0;&amp;#0;&amp;#0;&amp;#0;&amp;#0;&amp;#0;&amp;#0;&amp;#0;&amp;#0;&amp;#0;&amp;#0;&amp;#0;&amp;#0;&amp;#0;&amp;#0;&amp;#0;&amp;#0;&amp;#0;&amp;#0;&amp;#0;&amp;#0;&amp;#0;&amp;#0;&amp;#0;&amp;#0;&amp;#0;&amp;#0;&amp;#0;&amp;#0;&amp;#0;&amp;#0;&amp;#0;&amp;#0;&amp;#0;&amp;#0;&amp;#0;&amp;#0;&amp;#0;&amp;#0;&amp;#0;&amp;#0;&amp;#0;&amp;#0;&amp;#0;&amp;#0;&amp;#0;&amp;#0;&amp;#0;&amp;#0;&amp;#0;&amp;#0;&amp;#0;&amp;#0;&amp;#0;&amp;#0;&amp;#0;&amp;#0;&amp;#0;&amp;#0;&amp;#0;&amp;#0;&amp;#0;&amp;#0;&amp;#0;&amp;#0;&amp;#0;&amp;#0;&amp;#0;&amp;#0;&amp;#0;&amp;#0;&amp;#0;&amp;#0;&amp;#0;&amp;#0;&amp;#0;&amp;#0;&amp;#0;&amp;#0;&amp;#0;&amp;#0;&amp;#0;&amp;#0;&amp;#0;&amp;#0;&amp;#0;&amp;#0;&amp;#0;&amp;#0;&amp;#0;&amp;#0;&amp;#0;&amp;#0;&amp;#0;&amp;#0;&amp;#0;&amp;#0;&amp;#0;&amp;#0;&amp;#0;&amp;#0;&amp;#0;&amp;#0;&amp;#0;&amp;#0;&amp;#0;&amp;#0;&amp;#0;&amp;#0;&amp;#0;&amp;#0;&amp;#0;&amp;#0;&amp;#0;&amp;#0;&amp;#0;&amp;#0;&amp;#0;&amp;#0;&amp;#0;&amp;#0;&amp;#0;&amp;#0;&amp;#0;&amp;#0;&amp;#0;&amp;#0;&amp;#0;&amp;#0;&amp;#0;&amp;#0;&amp;#0;&amp;#0;&amp;#0;&amp;#0;&amp;#0;&amp;#0;&amp;#0;&amp;#0;&amp;#0;&amp;#0;&amp;#0;&amp;#0;&amp;#0;&amp;#0;&amp;#0;&amp;#0;&amp;#0;&amp;#0;&amp;#0;&amp;#0;&amp;#0;&amp;#0;&amp;#0;&amp;#0;&amp;#0;&amp;#0;&amp;#0;&amp;#0;&amp;#0;&amp;#0;&amp;#0;&amp;#0;&amp;#0;&amp;#0;&amp;#0;&amp;#0;&amp;#0;&amp;#0;&amp;#0;&amp;#0;&amp;#0;
19:14:18.324 [main] ERROR - Je passe ici ------------------------------------------------------
19:14:18.325 [main] ERROR - Exception occured during compilation!
java.util.MissingFormatArgumentException: Format specifier &apos;%s&apos;
	at java.util.Formatter.format(Formatter.java:2519) ~[?:1.8.0_131]
	at java.io.PrintWriter.format(PrintWriter.java:905) ~[?:1.8.0_131]
	at java.io.PrintWriter.printf(PrintWriter.java:804) ~[?:1.8.0_131]
	at be.unamur.info.b314.compiler.Visitor.PCodePrinter.printSetTo(PCodePrinter.java:78) ~[classes/:?]
	at be.unamur.info.b314.compiler.Visitor.PCodeVisitor.visitVarDecl(PCodeVisitor.java:672) ~[classes/:?]
	at be.unamur.info.b314.compiler.B314Parser$VarDeclContext.accept(B314Parser.java:405) ~[classes/:?]
	at be.unamur.info.b314.compiler.Visitor.PCodeVisitor.visitProgramme(PCodeVisitor.java:64) ~[classes/:?]
	at be.unamur.info.b314.compiler.B314Parser$ProgrammeContext.accept(B314Parser.java:4028) ~[classes/:?]
	at be.unamur.info.b314.compiler.main.Main.printPCode(Main.java:236) ~[classes/:?]
	at be.unamur.info.b314.compiler.main.Main.compile(Main.java:199) ~[classes/:?]
	at be.unamur.info.b314.compiler.main.Main.main(Main.java:79) [classes/:?]
	at be.unamur.info.b314.compiler.main.CompilerTestHelper.launchCompilation(CompilerTestHelper.java:35) [test-classes/:?]
	at be.unamur.info.b314.compiler.main.B314localvariabledeclSyntaxTest.testlocalvariabledecl_when_local_variable_same_names_as_global_ok(B314localvariabledeclSyntaxTest.java:89) [test-classes/:?]
	at sun.reflect.NativeMethodAccessorImpl.invoke0(Native Method) ~[?:1.8.0_131]
	at sun.reflect.NativeMethodAccessorImpl.invoke(NativeMethodAccessorImpl.java:62) ~[?:1.8.0_131]
	at sun.reflect.DelegatingMethodAccessorImpl.invoke(DelegatingMethodAccessorImpl.java:43) ~[?:1.8.0_131]
	at java.lang.reflect.Method.invoke(Method.java:498) ~[?:1.8.0_131]
	at org.junit.runners.model.FrameworkMethod$1.runReflectiveCall(FrameworkMethod.java:50) [junit-4.12.jar:4.12]
	at org.junit.internal.runners.model.ReflectiveCallable.run(ReflectiveCallable.java:12) [junit-4.12.jar:4.12]
	at org.junit.runners.model.FrameworkMethod.invokeExplosively(FrameworkMethod.java:47) [junit-4.12.jar:4.12]
	at org.junit.internal.runners.statements.InvokeMethod.evaluate(InvokeMethod.java:17) [junit-4.12.jar:4.12]
	at org.junit.rules.ExternalResource$1.evaluate(ExternalResource.java:48) [junit-4.12.jar:4.12]
	at org.junit.rules.TestWatcher$1.evaluate(TestWatcher.java:55) [junit-4.12.jar:4.12]
	at org.junit.rules.RunRules.evaluate(RunRules.java:20) [junit-4.12.jar:4.12]
	at org.junit.runners.ParentRunner.runLeaf(ParentRunner.java:325) [junit-4.12.jar:4.12]
	at org.junit.runners.BlockJUnit4ClassRunner.runChild(BlockJUnit4ClassRunner.java:78) [junit-4.12.jar:4.12]
	at org.junit.runners.BlockJUnit4ClassRunner.runChild(BlockJUnit4ClassRunner.java:57) [junit-4.12.jar:4.12]
	at org.junit.runners.ParentRunner$3.run(ParentRunner.java:290) [junit-4.12.jar:4.12]
	at org.junit.runners.ParentRunner$1.schedule(ParentRunner.java:71) [junit-4.12.jar:4.12]
	at org.junit.runners.ParentRunner.runChildren(ParentRunner.java:288) [junit-4.12.jar:4.12]
	at org.junit.runners.ParentRunner.access$000(ParentRunner.java:58) [junit-4.12.jar:4.12]
	at org.junit.runners.ParentRunner$2.evaluate(ParentRunner.java:268) [junit-4.12.jar:4.12]
	at org.junit.runners.ParentRunner.run(ParentRunner.java:363) [junit-4.12.jar:4.12]
	at org.apache.maven.surefire.junit4.JUnit4Provider.execute(JUnit4Provider.java:252) [surefire-junit4-2.12.4.jar:2.12.4]
	at org.apache.maven.surefire.junit4.JUnit4Provider.executeTestSet(JUnit4Provider.java:141) [surefire-junit4-2.12.4.jar:2.12.4]
	at org.apache.maven.surefire.junit4.JUnit4Provider.invoke(JUnit4Provider.java:112) [surefire-junit4-2.12.4.jar:2.12.4]
	at sun.reflect.NativeMethodAccessorImpl.invoke0(Native Method) ~[?:1.8.0_131]
	at sun.reflect.NativeMethodAccessorImpl.invoke(NativeMethodAccessorImpl.java:62) ~[?:1.8.0_131]
	at sun.reflect.DelegatingMethodAccessorImpl.invoke(DelegatingMethodAccessorImpl.java:43) ~[?:1.8.0_131]
	at java.lang.reflect.Method.invoke(Method.java:498) ~[?:1.8.0_131]
	at org.apache.maven.surefire.util.ReflectionUtils.invokeMethodWithArray(ReflectionUtils.java:189) [surefire-api-2.12.4.jar:2.12.4]
	at org.apache.maven.surefire.booter.ProviderFactory$ProviderProxy.invoke(ProviderFactory.java:165) [surefire-booter-2.12.4.jar:2.12.4]
	at org.apache.maven.surefire.booter.ProviderFactory.invokeProvider(ProviderFactory.java:85) [surefire-booter-2.12.4.jar:2.12.4]
	at org.apache.maven.surefire.booter.ForkedBooter.runSuitesInProcess(ForkedBooter.java:115) [surefire-booter-2.12.4.jar:2.12.4]
	at org.apache.maven.surefire.booter.ForkedBooter.main(ForkedBooter.java:75) [surefire-booter-2.12.4.jar:2.12.4]
</system-out>
  </testcase>
  <testcase classname="be.unamur.info.b314.compiler.main.B314localvariabledeclSyntaxTest" name="testlocalvariabledecl_fct_local_var_same_names_ko" time="0.003"/>
  <testcase classname="be.unamur.info.b314.compiler.main.B314localvariabledeclSyntaxTest" name="testlocalvariabledecl_when_local_var_diff_names_than_global_vars_ok" time="0.01">
    <failure message="localvariabledecl: when_local_var_diff_names_than_global_vars
Expected: a string ending with &quot;OK\r\n&quot;
     but: was &quot;KO
&quot;" type="java.lang.AssertionError">java.lang.AssertionError: localvariabledecl: when_local_var_diff_names_than_global_vars
Expected: a string ending with &quot;OK\r\n&quot;
     but: was &quot;KO
&quot;
	at org.hamcrest.MatcherAssert.assertThat(MatcherAssert.java:20)
	at org.junit.Assert.assertThat(Assert.java:956)
	at be.unamur.info.b314.compiler.main.CompilerTestHelper.launchCompilation(CompilerTestHelper.java:42)
	at be.unamur.info.b314.compiler.main.B314localvariabledeclSyntaxTest.testlocalvariabledecl_when_local_var_diff_names_than_global_vars_ok(B314localvariabledeclSyntaxTest.java:64)
	at sun.reflect.NativeMethodAccessorImpl.invoke0(Native Method)
	at sun.reflect.NativeMethodAccessorImpl.invoke(NativeMethodAccessorImpl.java:62)
	at sun.reflect.DelegatingMethodAccessorImpl.invoke(DelegatingMethodAccessorImpl.java:43)
	at java.lang.reflect.Method.invoke(Method.java:498)
	at org.junit.runners.model.FrameworkMethod$1.runReflectiveCall(FrameworkMethod.java:50)
	at org.junit.internal.runners.model.ReflectiveCallable.run(ReflectiveCallable.java:12)
	at org.junit.runners.model.FrameworkMethod.invokeExplosively(FrameworkMethod.java:47)
	at org.junit.internal.runners.statements.InvokeMethod.evaluate(InvokeMethod.java:17)
	at org.junit.rules.ExternalResource$1.evaluate(ExternalResource.java:48)
	at org.junit.rules.TestWatcher$1.evaluate(TestWatcher.java:55)
	at org.junit.rules.RunRules.evaluate(RunRules.java:20)
	at org.junit.runners.ParentRunner.runLeaf(ParentRunner.java:325)
	at org.junit.runners.BlockJUnit4ClassRunner.runChild(BlockJUnit4ClassRunner.java:78)
	at org.junit.runners.BlockJUnit4ClassRunner.runChild(BlockJUnit4ClassRunner.java:57)
	at org.junit.runners.ParentRunner$3.run(ParentRunner.java:290)
	at org.junit.runners.ParentRunner$1.schedule(ParentRunner.java:71)
	at org.junit.runners.ParentRunner.runChildren(ParentRunner.java:288)
	at org.junit.runners.ParentRunner.access$000(ParentRunner.java:58)
	at org.junit.runners.ParentRunner$2.evaluate(ParentRunner.java:268)
	at org.junit.runners.ParentRunner.run(ParentRunner.java:363)
	at org.apache.maven.surefire.junit4.JUnit4Provider.execute(JUnit4Provider.java:252)
	at org.apache.maven.surefire.junit4.JUnit4Provider.executeTestSet(JUnit4Provider.java:141)
	at org.apache.maven.surefire.junit4.JUnit4Provider.invoke(JUnit4Provider.java:112)
	at sun.reflect.NativeMethodAccessorImpl.invoke0(Native Method)
	at sun.reflect.NativeMethodAccessorImpl.invoke(NativeMethodAccessorImpl.java:62)
	at sun.reflect.DelegatingMethodAccessorImpl.invoke(DelegatingMethodAccessorImpl.java:43)
	at java.lang.reflect.Method.invoke(Method.java:498)
	at org.apache.maven.surefire.util.ReflectionUtils.invokeMethodWithArray(ReflectionUtils.java:189)
	at org.apache.maven.surefire.booter.ProviderFactory$ProviderProxy.invoke(ProviderFactory.java:165)
	at org.apache.maven.surefire.booter.ProviderFactory.invokeProvider(ProviderFactory.java:85)
	at org.apache.maven.surefire.booter.ForkedBooter.runSuitesInProcess(ForkedBooter.java:115)
	at org.apache.maven.surefire.booter.ForkedBooter.main(ForkedBooter.java:75)
</failure>
    <system-out>19:14:18.337 [main] INFO  - Starting test: testlocalvariabledecl_when_local_var_diff_names_than_global_vars_ok()...
org.apache.commons.cli.CommandLine@3c1e23ff
19:14:18.339 [main] DEBUG - Initialisation
19:14:18.339 [main] DEBUG - Input file set to C:\Users\Dano\Desktop\b314-Jour\target\test-classes\syntax\localvariabledecl\ok\when_local_var_diff_names_than_global_vars.b314
19:14:18.339 [main] DEBUG - Output file set to C:\Users\Dano\AppData\Local\Temp\junit4691342293360164227\junit4994667056892551368.tmp
19:14:18.339 [main] DEBUG - Initialisation: done
jessica1
19:14:18.341 [main] DEBUG - Parsing input
/* My comments */ 
declare and retain 
	b1 as boolean;
	b2 as boolean;
    i1 as integer; 
    i2 as integer;
    i3 as integer;
    s1 as square;
    s2 as square;
    v1 as boolean[5, 7];
    v2 as integer[42];

    fct1 as function():square
    	do
    		skip
    	done 

    fct2 as function(x as integer, y as boolean):integer
    	do
    		skip
    	done 

    fct3 as function():boolean
    	do
    		skip
    	done 

    fct4 as function():square
    	do
    		skip
    	done 

    fct5 as function(x as integer, y as boolean, z as square):integer
    	do
    		skip
    	done 
    	
when your turn 

	when true and b1 or v1[0, i1 + 2 * 5] do
		if b1 and i1 = 2 then
			while i1 &lt; i3 do
				set i2 to i1 + 1
			done
		else
			if s1 = ammo then
				next do nothing
			done
		done
	done 

	when false do
		skip
	done

	when not graal is north and i2 &gt; 5 and v2[4] &lt; 42 or s1 = dirt do
    	compute fct1()
    	set s1 to fct1()
    	if fct5(i1 + 2, s2 = ammo, ennemi) &gt; 2 then
    		skip
    	done
    	while fct3() do
    		skip
    	done
    	next move west
	done

	by default 
	declare local
		loc1 as integer;
		loc2 as boolean;
		loc3 as square;
		loc4 as integer[5];
	do 
		compute loc1 + 2 - loc4[0 + 1 - i1] = 5 and not loc2 or loc3 = dirt
	done&amp;#0;&amp;#0;&amp;#0;&amp;#0;&amp;#0;&amp;#0;&amp;#0;&amp;#0;&amp;#0;&amp;#0;&amp;#0;&amp;#0;&amp;#0;&amp;#0;&amp;#0;&amp;#0;&amp;#0;&amp;#0;&amp;#0;&amp;#0;&amp;#0;&amp;#0;&amp;#0;&amp;#0;&amp;#0;&amp;#0;&amp;#0;&amp;#0;&amp;#0;&amp;#0;&amp;#0;&amp;#0;&amp;#0;&amp;#0;&amp;#0;&amp;#0;&amp;#0;&amp;#0;&amp;#0;&amp;#0;&amp;#0;&amp;#0;&amp;#0;&amp;#0;&amp;#0;&amp;#0;&amp;#0;&amp;#0;&amp;#0;&amp;#0;&amp;#0;&amp;#0;&amp;#0;&amp;#0;&amp;#0;&amp;#0;&amp;#0;&amp;#0;&amp;#0;&amp;#0;&amp;#0;&amp;#0;&amp;#0;&amp;#0;&amp;#0;&amp;#0;&amp;#0;&amp;#0;&amp;#0;&amp;#0;&amp;#0;&amp;#0;&amp;#0;&amp;#0;&amp;#0;&amp;#0;&amp;#0;&amp;#0;&amp;#0;&amp;#0;&amp;#0;&amp;#0;&amp;#0;&amp;#0;&amp;#0;&amp;#0;&amp;#0;&amp;#0;&amp;#0;&amp;#0;&amp;#0;&amp;#0;&amp;#0;&amp;#0;&amp;#0;&amp;#0;&amp;#0;&amp;#0;&amp;#0;&amp;#0;&amp;#0;&amp;#0;&amp;#0;&amp;#0;&amp;#0;&amp;#0;&amp;#0;&amp;#0;&amp;#0;&amp;#0;&amp;#0;&amp;#0;&amp;#0;&amp;#0;&amp;#0;&amp;#0;&amp;#0;&amp;#0;&amp;#0;&amp;#0;&amp;#0;&amp;#0;&amp;#0;&amp;#0;&amp;#0;&amp;#0;&amp;#0;&amp;#0;&amp;#0;&amp;#0;&amp;#0;&amp;#0;&amp;#0;&amp;#0;&amp;#0;&amp;#0;&amp;#0;&amp;#0;&amp;#0;&amp;#0;&amp;#0;&amp;#0;&amp;#0;&amp;#0;&amp;#0;&amp;#0;&amp;#0;&amp;#0;&amp;#0;&amp;#0;&amp;#0;&amp;#0;&amp;#0;&amp;#0;&amp;#0;&amp;#0;&amp;#0;&amp;#0;&amp;#0;&amp;#0;&amp;#0;&amp;#0;&amp;#0;&amp;#0;&amp;#0;&amp;#0;&amp;#0;&amp;#0;&amp;#0;&amp;#0;&amp;#0;&amp;#0;&amp;#0;&amp;#0;&amp;#0;&amp;#0;&amp;#0;&amp;#0;&amp;#0;&amp;#0;&amp;#0;&amp;#0;&amp;#0;&amp;#0;&amp;#0;&amp;#0;&amp;#0;&amp;#0;&amp;#0;&amp;#0;&amp;#0;&amp;#0;&amp;#0;&amp;#0;&amp;#0;&amp;#0;&amp;#0;&amp;#0;&amp;#0;&amp;#0;&amp;#0;&amp;#0;&amp;#0;&amp;#0;&amp;#0;&amp;#0;&amp;#0;&amp;#0;&amp;#0;&amp;#0;&amp;#0;&amp;#0;&amp;#0;&amp;#0;&amp;#0;&amp;#0;&amp;#0;&amp;#0;&amp;#0;&amp;#0;&amp;#0;&amp;#0;&amp;#0;&amp;#0;&amp;#0;&amp;#0;&amp;#0;&amp;#0;&amp;#0;&amp;#0;&amp;#0;&amp;#0;&amp;#0;&amp;#0;&amp;#0;&amp;#0;&amp;#0;&amp;#0;&amp;#0;&amp;#0;&amp;#0;&amp;#0;&amp;#0;&amp;#0;&amp;#0;&amp;#0;&amp;#0;&amp;#0;&amp;#0;&amp;#0;&amp;#0;&amp;#0;&amp;#0;&amp;#0;&amp;#0;&amp;#0;&amp;#0;&amp;#0;&amp;#0;&amp;#0;&amp;#0;&amp;#0;&amp;#0;&amp;#0;&amp;#0;&amp;#0;&amp;#0;&amp;#0;&amp;#0;&amp;#0;&amp;#0;&amp;#0;&amp;#0;&amp;#0;&amp;#0;&amp;#0;&amp;#0;&amp;#0;&amp;#0;&amp;#0;&amp;#0;&amp;#0;&amp;#0;&amp;#0;&amp;#0;&amp;#0;&amp;#0;&amp;#0;&amp;#0;&amp;#0;&amp;#0;&amp;#0;&amp;#0;&amp;#0;&amp;#0;&amp;#0;&amp;#0;&amp;#0;&amp;#0;&amp;#0;&amp;#0;&amp;#0;&amp;#0;&amp;#0;&amp;#0;&amp;#0;&amp;#0;&amp;#0;&amp;#0;&amp;#0;&amp;#0;&amp;#0;&amp;#0;&amp;#0;&amp;#0;&amp;#0;&amp;#0;&amp;#0;&amp;#0;&amp;#0;&amp;#0;&amp;#0;&amp;#0;&amp;#0;&amp;#0;&amp;#0;&amp;#0;&amp;#0;&amp;#0;&amp;#0;&amp;#0;&amp;#0;&amp;#0;&amp;#0;&amp;#0;&amp;#0;&amp;#0;&amp;#0;&amp;#0;&amp;#0;&amp;#0;&amp;#0;&amp;#0;&amp;#0;&amp;#0;&amp;#0;&amp;#0;&amp;#0;&amp;#0;&amp;#0;&amp;#0;&amp;#0;&amp;#0;&amp;#0;&amp;#0;&amp;#0;&amp;#0;&amp;#0;&amp;#0;&amp;#0;&amp;#0;&amp;#0;&amp;#0;&amp;#0;&amp;#0;&amp;#0;&amp;#0;&amp;#0;&amp;#0;&amp;#0;&amp;#0;&amp;#0;&amp;#0;&amp;#0;&amp;#0;&amp;#0;&amp;#0;&amp;#0;&amp;#0;&amp;#0;&amp;#0;&amp;#0;&amp;#0;&amp;#0;&amp;#0;&amp;#0;&amp;#0;&amp;#0;&amp;#0;&amp;#0;&amp;#0;&amp;#0;&amp;#0;&amp;#0;&amp;#0;&amp;#0;&amp;#0;&amp;#0;&amp;#0;&amp;#0;&amp;#0;&amp;#0;&amp;#0;&amp;#0;&amp;#0;&amp;#0;&amp;#0;&amp;#0;&amp;#0;&amp;#0;&amp;#0;&amp;#0;&amp;#0;&amp;#0;&amp;#0;&amp;#0;&amp;#0;&amp;#0;&amp;#0;&amp;#0;&amp;#0;&amp;#0;&amp;#0;&amp;#0;&amp;#0;&amp;#0;&amp;#0;&amp;#0;&amp;#0;&amp;#0;&amp;#0;&amp;#0;&amp;#0;&amp;#0;&amp;#0;&amp;#0;&amp;#0;&amp;#0;&amp;#0;&amp;#0;&amp;#0;&amp;#0;&amp;#0;&amp;#0;&amp;#0;&amp;#0;&amp;#0;&amp;#0;&amp;#0;&amp;#0;&amp;#0;&amp;#0;&amp;#0;&amp;#0;&amp;#0;&amp;#0;&amp;#0;&amp;#0;&amp;#0;&amp;#0;&amp;#0;&amp;#0;&amp;#0;&amp;#0;&amp;#0;&amp;#0;&amp;#0;&amp;#0;&amp;#0;&amp;#0;&amp;#0;&amp;#0;&amp;#0;&amp;#0;&amp;#0;&amp;#0;&amp;#0;&amp;#0;&amp;#0;&amp;#0;&amp;#0;&amp;#0;&amp;#0;&amp;#0;&amp;#0;&amp;#0;&amp;#0;&amp;#0;&amp;#0;&amp;#0;&amp;#0;&amp;#0;&amp;#0;&amp;#0;&amp;#0;&amp;#0;&amp;#0;&amp;#0;&amp;#0;&amp;#0;&amp;#0;&amp;#0;&amp;#0;&amp;#0;&amp;#0;&amp;#0;&amp;#0;&amp;#0;&amp;#0;&amp;#0;&amp;#0;&amp;#0;&amp;#0;&amp;#0;&amp;#0;&amp;#0;&amp;#0;&amp;#0;&amp;#0;&amp;#0;&amp;#0;&amp;#0;&amp;#0;&amp;#0;&amp;#0;&amp;#0;&amp;#0;&amp;#0;&amp;#0;&amp;#0;&amp;#0;&amp;#0;&amp;#0;&amp;#0;&amp;#0;&amp;#0;&amp;#0;&amp;#0;&amp;#0;&amp;#0;&amp;#0;&amp;#0;&amp;#0;&amp;#0;&amp;#0;&amp;#0;&amp;#0;&amp;#0;&amp;#0;&amp;#0;&amp;#0;&amp;#0;&amp;#0;&amp;#0;&amp;#0;&amp;#0;&amp;#0;&amp;#0;&amp;#0;&amp;#0;&amp;#0;&amp;#0;&amp;#0;&amp;#0;&amp;#0;&amp;#0;&amp;#0;&amp;#0;&amp;#0;&amp;#0;&amp;#0;&amp;#0;&amp;#0;&amp;#0;&amp;#0;&amp;#0;&amp;#0;&amp;#0;&amp;#0;&amp;#0;&amp;#0;&amp;#0;&amp;#0;&amp;#0;&amp;#0;&amp;#0;&amp;#0;&amp;#0;&amp;#0;&amp;#0;&amp;#0;&amp;#0;&amp;#0;&amp;#0;&amp;#0;&amp;#0;&amp;#0;&amp;#0;&amp;#0;&amp;#0;&amp;#0;&amp;#0;&amp;#0;&amp;#0;&amp;#0;&amp;#0;&amp;#0;&amp;#0;&amp;#0;&amp;#0;&amp;#0;&amp;#0;&amp;#0;&amp;#0;&amp;#0;&amp;#0;&amp;#0;&amp;#0;&amp;#0;&amp;#0;&amp;#0;&amp;#0;&amp;#0;&amp;#0;&amp;#0;&amp;#0;&amp;#0;&amp;#0;&amp;#0;&amp;#0;&amp;#0;&amp;#0;&amp;#0;&amp;#0;&amp;#0;&amp;#0;&amp;#0;&amp;#0;&amp;#0;&amp;#0;&amp;#0;&amp;#0;&amp;#0;&amp;#0;&amp;#0;&amp;#0;&amp;#0;&amp;#0;&amp;#0;&amp;#0;&amp;#0;&amp;#0;&amp;#0;&amp;#0;&amp;#0;&amp;#0;&amp;#0;&amp;#0;&amp;#0;&amp;#0;&amp;#0;&amp;#0;&amp;#0;&amp;#0;&amp;#0;&amp;#0;&amp;#0;&amp;#0;&amp;#0;&amp;#0;&amp;#0;&amp;#0;&amp;#0;&amp;#0;&amp;#0;&amp;#0;&amp;#0;&amp;#0;&amp;#0;&amp;#0;&amp;#0;&amp;#0;&amp;#0;&amp;#0;&amp;#0;&amp;#0;&amp;#0;&amp;#0;&amp;#0;&amp;#0;&amp;#0;&amp;#0;&amp;#0;&amp;#0;&amp;#0;&amp;#0;&amp;#0;&amp;#0;&amp;#0;&amp;#0;&amp;#0;&amp;#0;&amp;#0;&amp;#0;&amp;#0;&amp;#0;&amp;#0;&amp;#0;&amp;#0;&amp;#0;&amp;#0;&amp;#0;&amp;#0;&amp;#0;&amp;#0;&amp;#0;&amp;#0;&amp;#0;&amp;#0;&amp;#0;&amp;#0;&amp;#0;&amp;#0;&amp;#0;&amp;#0;&amp;#0;&amp;#0;&amp;#0;&amp;#0;&amp;#0;&amp;#0;&amp;#0;&amp;#0;&amp;#0;&amp;#0;&amp;#0;&amp;#0;&amp;#0;&amp;#0;&amp;#0;&amp;#0;&amp;#0;&amp;#0;&amp;#0;&amp;#0;&amp;#0;&amp;#0;&amp;#0;&amp;#0;&amp;#0;&amp;#0;&amp;#0;&amp;#0;&amp;#0;&amp;#0;&amp;#0;&amp;#0;&amp;#0;&amp;#0;&amp;#0;&amp;#0;&amp;#0;&amp;#0;&amp;#0;&amp;#0;&amp;#0;&amp;#0;&amp;#0;&amp;#0;&amp;#0;&amp;#0;&amp;#0;&amp;#0;&amp;#0;&amp;#0;&amp;#0;&amp;#0;&amp;#0;&amp;#0;&amp;#0;&amp;#0;&amp;#0;&amp;#0;&amp;#0;&amp;#0;&amp;#0;&amp;#0;&amp;#0;&amp;#0;&amp;#0;&amp;#0;&amp;#0;&amp;#0;&amp;#0;&amp;#0;&amp;#0;&amp;#0;&amp;#0;&amp;#0;&amp;#0;&amp;#0;&amp;#0;&amp;#0;&amp;#0;&amp;#0;&amp;#0;&amp;#0;&amp;#0;&amp;#0;&amp;#0;&amp;#0;&amp;#0;&amp;#0;&amp;#0;&amp;#0;&amp;#0;&amp;#0;&amp;#0;&amp;#0;&amp;#0;&amp;#0;&amp;#0;&amp;#0;&amp;#0;&amp;#0;&amp;#0;&amp;#0;&amp;#0;&amp;#0;&amp;#0;&amp;#0;&amp;#0;&amp;#0;&amp;#0;&amp;#0;&amp;#0;&amp;#0;&amp;#0;&amp;#0;&amp;#0;&amp;#0;&amp;#0;&amp;#0;&amp;#0;&amp;#0;&amp;#0;&amp;#0;&amp;#0;&amp;#0;&amp;#0;&amp;#0;&amp;#0;&amp;#0;&amp;#0;&amp;#0;&amp;#0;&amp;#0;&amp;#0;&amp;#0;&amp;#0;&amp;#0;&amp;#0;&amp;#0;&amp;#0;&amp;#0;&amp;#0;&amp;#0;&amp;#0;&amp;#0;&amp;#0;&amp;#0;&amp;#0;&amp;#0;&amp;#0;&amp;#0;&amp;#0;&amp;#0;&amp;#0;&amp;#0;&amp;#0;&amp;#0;&amp;#0;&amp;#0;&amp;#0;&amp;#0;&amp;#0;&amp;#0;&amp;#0;&amp;#0;&amp;#0;&amp;#0;&amp;#0;&amp;#0;&amp;#0;&amp;#0;&amp;#0;&amp;#0;&amp;#0;&amp;#0;&amp;#0;&amp;#0;&amp;#0;&amp;#0;&amp;#0;&amp;#0;&amp;#0;&amp;#0;&amp;#0;&amp;#0;&amp;#0;&amp;#0;&amp;#0;&amp;#0;&amp;#0;&amp;#0;&amp;#0;&amp;#0;&amp;#0;&amp;#0;&amp;#0;&amp;#0;&amp;#0;&amp;#0;&amp;#0;&amp;#0;&amp;#0;&amp;#0;&amp;#0;&amp;#0;&amp;#0;&amp;#0;&amp;#0;&amp;#0;&amp;#0;&amp;#0;&amp;#0;&amp;#0;&amp;#0;&amp;#0;&amp;#0;&amp;#0;&amp;#0;&amp;#0;&amp;#0;&amp;#0;&amp;#0;&amp;#0;&amp;#0;&amp;#0;&amp;#0;&amp;#0;&amp;#0;&amp;#0;&amp;#0;&amp;#0;&amp;#0;&amp;#0;&amp;#0;&amp;#0;&amp;#0;&amp;#0;&amp;#0;&amp;#0;&amp;#0;&amp;#0;&amp;#0;&amp;#0;&amp;#0;&amp;#0;&amp;#0;&amp;#0;&amp;#0;&amp;#0;&amp;#0;&amp;#0;&amp;#0;&amp;#0;&amp;#0;&amp;#0;&amp;#0;&amp;#0;&amp;#0;&amp;#0;&amp;#0;&amp;#0;&amp;#0;&amp;#0;&amp;#0;&amp;#0;&amp;#0;&amp;#0;&amp;#0;&amp;#0;&amp;#0;&amp;#0;&amp;#0;&amp;#0;&amp;#0;&amp;#0;&amp;#0;&amp;#0;&amp;#0;&amp;#0;&amp;#0;&amp;#0;&amp;#0;&amp;#0;&amp;#0;&amp;#0;&amp;#0;&amp;#0;&amp;#0;&amp;#0;&amp;#0;&amp;#0;&amp;#0;&amp;#0;&amp;#0;&amp;#0;&amp;#0;&amp;#0;&amp;#0;&amp;#0;&amp;#0;&amp;#0;&amp;#0;&amp;#0;&amp;#0;&amp;#0;&amp;#0;&amp;#0;&amp;#0;&amp;#0;&amp;#0;&amp;#0;&amp;#0;&amp;#0;&amp;#0;&amp;#0;&amp;#0;&amp;#0;&amp;#0;&amp;#0;&amp;#0;&amp;#0;&amp;#0;&amp;#0;&amp;#0;&amp;#0;&amp;#0;&amp;#0;&amp;#0;&amp;#0;&amp;#0;&amp;#0;&amp;#0;&amp;#0;&amp;#0;&amp;#0;&amp;#0;&amp;#0;&amp;#0;&amp;#0;&amp;#0;&amp;#0;&amp;#0;&amp;#0;&amp;#0;&amp;#0;&amp;#0;&amp;#0;&amp;#0;&amp;#0;&amp;#0;&amp;#0;&amp;#0;&amp;#0;&amp;#0;&amp;#0;&amp;#0;&amp;#0;&amp;#0;&amp;#0;&amp;#0;&amp;#0;&amp;#0;&amp;#0;&amp;#0;&amp;#0;&amp;#0;&amp;#0;&amp;#0;&amp;#0;&amp;#0;&amp;#0;&amp;#0;&amp;#0;&amp;#0;&amp;#0;&amp;#0;&amp;#0;&amp;#0;&amp;#0;&amp;#0;&amp;#0;&amp;#0;&amp;#0;&amp;#0;&amp;#0;&amp;#0;&amp;#0;&amp;#0;&amp;#0;&amp;#0;&amp;#0;&amp;#0;&amp;#0;&amp;#0;&amp;#0;&amp;#0;&amp;#0;&amp;#0;&amp;#0;&amp;#0;&amp;#0;&amp;#0;&amp;#0;&amp;#0;&amp;#0;&amp;#0;&amp;#0;&amp;#0;&amp;#0;&amp;#0;&amp;#0;&amp;#0;&amp;#0;&amp;#0;&amp;#0;&amp;#0;&amp;#0;&amp;#0;&amp;#0;&amp;#0;&amp;#0;&amp;#0;&amp;#0;&amp;#0;&amp;#0;&amp;#0;&amp;#0;&amp;#0;&amp;#0;&amp;#0;&amp;#0;&amp;#0;&amp;#0;&amp;#0;&amp;#0;&amp;#0;&amp;#0;&amp;#0;&amp;#0;&amp;#0;&amp;#0;&amp;#0;&amp;#0;&amp;#0;&amp;#0;&amp;#0;&amp;#0;&amp;#0;&amp;#0;&amp;#0;&amp;#0;&amp;#0;&amp;#0;&amp;#0;&amp;#0;&amp;#0;&amp;#0;&amp;#0;&amp;#0;&amp;#0;&amp;#0;&amp;#0;&amp;#0;&amp;#0;&amp;#0;&amp;#0;&amp;#0;&amp;#0;&amp;#0;&amp;#0;&amp;#0;&amp;#0;&amp;#0;&amp;#0;&amp;#0;&amp;#0;&amp;#0;&amp;#0;&amp;#0;&amp;#0;&amp;#0;&amp;#0;&amp;#0;&amp;#0;&amp;#0;&amp;#0;&amp;#0;&amp;#0;&amp;#0;&amp;#0;&amp;#0;&amp;#0;&amp;#0;&amp;#0;&amp;#0;&amp;#0;&amp;#0;&amp;#0;&amp;#0;&amp;#0;&amp;#0;&amp;#0;&amp;#0;&amp;#0;&amp;#0;&amp;#0;&amp;#0;&amp;#0;&amp;#0;&amp;#0;&amp;#0;&amp;#0;&amp;#0;&amp;#0;&amp;#0;&amp;#0;&amp;#0;&amp;#0;&amp;#0;&amp;#0;&amp;#0;&amp;#0;&amp;#0;&amp;#0;&amp;#0;&amp;#0;&amp;#0;&amp;#0;&amp;#0;&amp;#0;&amp;#0;&amp;#0;&amp;#0;&amp;#0;&amp;#0;&amp;#0;&amp;#0;&amp;#0;&amp;#0;&amp;#0;&amp;#0;&amp;#0;&amp;#0;&amp;#0;&amp;#0;&amp;#0;&amp;#0;&amp;#0;&amp;#0;&amp;#0;&amp;#0;&amp;#0;&amp;#0;&amp;#0;&amp;#0;&amp;#0;&amp;#0;&amp;#0;&amp;#0;&amp;#0;&amp;#0;&amp;#0;&amp;#0;&amp;#0;&amp;#0;&amp;#0;&amp;#0;&amp;#0;&amp;#0;&amp;#0;&amp;#0;&amp;#0;&amp;#0;&amp;#0;&amp;#0;&amp;#0;&amp;#0;&amp;#0;&amp;#0;&amp;#0;&amp;#0;&amp;#0;&amp;#0;&amp;#0;&amp;#0;&amp;#0;&amp;#0;&amp;#0;&amp;#0;&amp;#0;&amp;#0;&amp;#0;&amp;#0;&amp;#0;&amp;#0;&amp;#0;&amp;#0;&amp;#0;&amp;#0;&amp;#0;&amp;#0;&amp;#0;&amp;#0;&amp;#0;&amp;#0;&amp;#0;&amp;#0;&amp;#0;&amp;#0;&amp;#0;&amp;#0;&amp;#0;&amp;#0;&amp;#0;&amp;#0;&amp;#0;&amp;#0;&amp;#0;&amp;#0;&amp;#0;&amp;#0;&amp;#0;&amp;#0;&amp;#0;&amp;#0;&amp;#0;&amp;#0;&amp;#0;&amp;#0;&amp;#0;&amp;#0;&amp;#0;&amp;#0;&amp;#0;&amp;#0;&amp;#0;&amp;#0;&amp;#0;&amp;#0;&amp;#0;&amp;#0;&amp;#0;&amp;#0;&amp;#0;&amp;#0;&amp;#0;&amp;#0;&amp;#0;&amp;#0;&amp;#0;&amp;#0;&amp;#0;&amp;#0;&amp;#0;&amp;#0;&amp;#0;&amp;#0;&amp;#0;&amp;#0;&amp;#0;&amp;#0;&amp;#0;&amp;#0;&amp;#0;&amp;#0;&amp;#0;&amp;#0;&amp;#0;&amp;#0;&amp;#0;&amp;#0;&amp;#0;&amp;#0;&amp;#0;&amp;#0;&amp;#0;&amp;#0;&amp;#0;&amp;#0;&amp;#0;&amp;#0;&amp;#0;&amp;#0;&amp;#0;&amp;#0;&amp;#0;&amp;#0;&amp;#0;&amp;#0;&amp;#0;&amp;#0;&amp;#0;&amp;#0;&amp;#0;&amp;#0;&amp;#0;&amp;#0;&amp;#0;&amp;#0;&amp;#0;&amp;#0;&amp;#0;&amp;#0;&amp;#0;&amp;#0;&amp;#0;&amp;#0;&amp;#0;&amp;#0;&amp;#0;&amp;#0;&amp;#0;&amp;#0;&amp;#0;&amp;#0;&amp;#0;&amp;#0;&amp;#0;&amp;#0;&amp;#0;&amp;#0;&amp;#0;&amp;#0;&amp;#0;&amp;#0;&amp;#0;&amp;#0;&amp;#0;&amp;#0;&amp;#0;&amp;#0;&amp;#0;&amp;#0;&amp;#0;&amp;#0;&amp;#0;&amp;#0;&amp;#0;&amp;#0;&amp;#0;&amp;#0;&amp;#0;&amp;#0;&amp;#0;&amp;#0;&amp;#0;&amp;#0;&amp;#0;&amp;#0;&amp;#0;&amp;#0;&amp;#0;&amp;#0;&amp;#0;&amp;#0;&amp;#0;&amp;#0;&amp;#0;&amp;#0;&amp;#0;&amp;#0;&amp;#0;&amp;#0;&amp;#0;&amp;#0;&amp;#0;&amp;#0;&amp;#0;&amp;#0;&amp;#0;&amp;#0;&amp;#0;&amp;#0;&amp;#0;&amp;#0;&amp;#0;&amp;#0;&amp;#0;&amp;#0;&amp;#0;&amp;#0;&amp;#0;&amp;#0;&amp;#0;&amp;#0;&amp;#0;&amp;#0;&amp;#0;&amp;#0;&amp;#0;&amp;#0;&amp;#0;&amp;#0;&amp;#0;&amp;#0;&amp;#0;&amp;#0;&amp;#0;&amp;#0;&amp;#0;&amp;#0;&amp;#0;&amp;#0;&amp;#0;&amp;#0;&amp;#0;&amp;#0;&amp;#0;&amp;#0;&amp;#0;&amp;#0;&amp;#0;&amp;#0;&amp;#0;&amp;#0;&amp;#0;&amp;#0;&amp;#0;&amp;#0;&amp;#0;&amp;#0;&amp;#0;&amp;#0;&amp;#0;&amp;#0;&amp;#0;&amp;#0;&amp;#0;&amp;#0;&amp;#0;&amp;#0;&amp;#0;&amp;#0;&amp;#0;&amp;#0;&amp;#0;&amp;#0;&amp;#0;&amp;#0;&amp;#0;&amp;#0;&amp;#0;&amp;#0;&amp;#0;&amp;#0;&amp;#0;&amp;#0;&amp;#0;&amp;#0;&amp;#0;&amp;#0;&amp;#0;&amp;#0;&amp;#0;&amp;#0;&amp;#0;&amp;#0;&amp;#0;&amp;#0;&amp;#0;&amp;#0;&amp;#0;&amp;#0;&amp;#0;&amp;#0;&amp;#0;&amp;#0;&amp;#0;&amp;#0;&amp;#0;&amp;#0;&amp;#0;&amp;#0;&amp;#0;&amp;#0;&amp;#0;&amp;#0;&amp;#0;&amp;#0;&amp;#0;&amp;#0;&amp;#0;&amp;#0;&amp;#0;&amp;#0;&amp;#0;&amp;#0;&amp;#0;&amp;#0;&amp;#0;&amp;#0;&amp;#0;&amp;#0;&amp;#0;&amp;#0;&amp;#0;&amp;#0;&amp;#0;&amp;#0;&amp;#0;&amp;#0;&amp;#0;&amp;#0;&amp;#0;&amp;#0;&amp;#0;&amp;#0;&amp;#0;&amp;#0;&amp;#0;&amp;#0;&amp;#0;&amp;#0;&amp;#0;&amp;#0;&amp;#0;&amp;#0;&amp;#0;&amp;#0;&amp;#0;&amp;#0;&amp;#0;&amp;#0;&amp;#0;&amp;#0;&amp;#0;&amp;#0;&amp;#0;&amp;#0;&amp;#0;&amp;#0;&amp;#0;&amp;#0;&amp;#0;&amp;#0;&amp;#0;&amp;#0;&amp;#0;&amp;#0;&amp;#0;&amp;#0;&amp;#0;&amp;#0;&amp;#0;&amp;#0;&amp;#0;&amp;#0;&amp;#0;&amp;#0;&amp;#0;&amp;#0;&amp;#0;&amp;#0;&amp;#0;&amp;#0;&amp;#0;&amp;#0;&amp;#0;&amp;#0;&amp;#0;&amp;#0;&amp;#0;&amp;#0;&amp;#0;&amp;#0;&amp;#0;&amp;#0;&amp;#0;&amp;#0;&amp;#0;&amp;#0;&amp;#0;&amp;#0;&amp;#0;&amp;#0;&amp;#0;&amp;#0;&amp;#0;&amp;#0;&amp;#0;&amp;#0;&amp;#0;&amp;#0;&amp;#0;&amp;#0;&amp;#0;&amp;#0;&amp;#0;&amp;#0;&amp;#0;&amp;#0;&amp;#0;&amp;#0;&amp;#0;&amp;#0;&amp;#0;&amp;#0;&amp;#0;&amp;#0;&amp;#0;&amp;#0;&amp;#0;&amp;#0;&amp;#0;&amp;#0;&amp;#0;&amp;#0;&amp;#0;&amp;#0;&amp;#0;&amp;#0;&amp;#0;&amp;#0;&amp;#0;&amp;#0;&amp;#0;&amp;#0;&amp;#0;&amp;#0;&amp;#0;&amp;#0;&amp;#0;&amp;#0;&amp;#0;&amp;#0;&amp;#0;&amp;#0;&amp;#0;&amp;#0;&amp;#0;&amp;#0;&amp;#0;&amp;#0;&amp;#0;&amp;#0;&amp;#0;&amp;#0;&amp;#0;&amp;#0;&amp;#0;&amp;#0;&amp;#0;&amp;#0;&amp;#0;&amp;#0;&amp;#0;&amp;#0;&amp;#0;&amp;#0;&amp;#0;&amp;#0;&amp;#0;&amp;#0;&amp;#0;&amp;#0;&amp;#0;&amp;#0;&amp;#0;&amp;#0;&amp;#0;&amp;#0;&amp;#0;&amp;#0;&amp;#0;&amp;#0;&amp;#0;&amp;#0;&amp;#0;&amp;#0;&amp;#0;&amp;#0;&amp;#0;&amp;#0;&amp;#0;&amp;#0;&amp;#0;&amp;#0;&amp;#0;&amp;#0;&amp;#0;&amp;#0;&amp;#0;&amp;#0;&amp;#0;&amp;#0;&amp;#0;&amp;#0;&amp;#0;&amp;#0;&amp;#0;&amp;#0;&amp;#0;&amp;#0;&amp;#0;&amp;#0;&amp;#0;&amp;#0;&amp;#0;&amp;#0;&amp;#0;&amp;#0;&amp;#0;&amp;#0;&amp;#0;&amp;#0;&amp;#0;&amp;#0;&amp;#0;&amp;#0;&amp;#0;&amp;#0;&amp;#0;&amp;#0;&amp;#0;&amp;#0;&amp;#0;&amp;#0;&amp;#0;&amp;#0;&amp;#0;&amp;#0;&amp;#0;&amp;#0;&amp;#0;&amp;#0;&amp;#0;&amp;#0;&amp;#0;&amp;#0;&amp;#0;&amp;#0;&amp;#0;&amp;#0;&amp;#0;&amp;#0;&amp;#0;&amp;#0;&amp;#0;&amp;#0;&amp;#0;&amp;#0;&amp;#0;&amp;#0;&amp;#0;&amp;#0;&amp;#0;&amp;#0;&amp;#0;&amp;#0;&amp;#0;&amp;#0;&amp;#0;&amp;#0;&amp;#0;&amp;#0;&amp;#0;&amp;#0;&amp;#0;&amp;#0;&amp;#0;&amp;#0;&amp;#0;&amp;#0;&amp;#0;&amp;#0;&amp;#0;&amp;#0;&amp;#0;&amp;#0;&amp;#0;&amp;#0;&amp;#0;&amp;#0;&amp;#0;&amp;#0;&amp;#0;&amp;#0;&amp;#0;&amp;#0;&amp;#0;&amp;#0;&amp;#0;&amp;#0;&amp;#0;&amp;#0;&amp;#0;&amp;#0;&amp;#0;&amp;#0;&amp;#0;&amp;#0;&amp;#0;&amp;#0;&amp;#0;&amp;#0;&amp;#0;&amp;#0;&amp;#0;&amp;#0;&amp;#0;&amp;#0;&amp;#0;&amp;#0;&amp;#0;&amp;#0;&amp;#0;&amp;#0;&amp;#0;&amp;#0;&amp;#0;&amp;#0;&amp;#0;&amp;#0;&amp;#0;&amp;#0;&amp;#0;&amp;#0;&amp;#0;&amp;#0;&amp;#0;&amp;#0;&amp;#0;&amp;#0;&amp;#0;&amp;#0;&amp;#0;&amp;#0;&amp;#0;&amp;#0;&amp;#0;&amp;#0;&amp;#0;&amp;#0;&amp;#0;&amp;#0;&amp;#0;&amp;#0;&amp;#0;&amp;#0;&amp;#0;&amp;#0;&amp;#0;&amp;#0;&amp;#0;&amp;#0;&amp;#0;&amp;#0;&amp;#0;&amp;#0;&amp;#0;&amp;#0;&amp;#0;&amp;#0;&amp;#0;&amp;#0;&amp;#0;&amp;#0;&amp;#0;&amp;#0;&amp;#0;&amp;#0;&amp;#0;&amp;#0;&amp;#0;&amp;#0;&amp;#0;&amp;#0;&amp;#0;&amp;#0;&amp;#0;&amp;#0;&amp;#0;&amp;#0;&amp;#0;&amp;#0;&amp;#0;&amp;#0;&amp;#0;&amp;#0;&amp;#0;&amp;#0;&amp;#0;&amp;#0;&amp;#0;&amp;#0;&amp;#0;&amp;#0;&amp;#0;&amp;#0;&amp;#0;&amp;#0;&amp;#0;&amp;#0;&amp;#0;&amp;#0;&amp;#0;&amp;#0;&amp;#0;&amp;#0;&amp;#0;&amp;#0;&amp;#0;&amp;#0;&amp;#0;&amp;#0;&amp;#0;&amp;#0;&amp;#0;&amp;#0;&amp;#0;&amp;#0;&amp;#0;&amp;#0;&amp;#0;&amp;#0;&amp;#0;&amp;#0;&amp;#0;&amp;#0;&amp;#0;&amp;#0;&amp;#0;&amp;#0;&amp;#0;&amp;#0;&amp;#0;&amp;#0;&amp;#0;&amp;#0;&amp;#0;&amp;#0;&amp;#0;&amp;#0;&amp;#0;&amp;#0;&amp;#0;&amp;#0;&amp;#0;&amp;#0;&amp;#0;&amp;#0;&amp;#0;&amp;#0;&amp;#0;&amp;#0;&amp;#0;&amp;#0;&amp;#0;&amp;#0;&amp;#0;&amp;#0;&amp;#0;&amp;#0;&amp;#0;&amp;#0;&amp;#0;&amp;#0;&amp;#0;&amp;#0;&amp;#0;&amp;#0;&amp;#0;&amp;#0;&amp;#0;&amp;#0;&amp;#0;&amp;#0;&amp;#0;&amp;#0;&amp;#0;&amp;#0;&amp;#0;&amp;#0;&amp;#0;&amp;#0;&amp;#0;&amp;#0;&amp;#0;&amp;#0;&amp;#0;&amp;#0;&amp;#0;&amp;#0;&amp;#0;&amp;#0;&amp;#0;&amp;#0;&amp;#0;&amp;#0;&amp;#0;&amp;#0;&amp;#0;&amp;#0;&amp;#0;&amp;#0;&amp;#0;&amp;#0;&amp;#0;&amp;#0;&amp;#0;&amp;#0;&amp;#0;&amp;#0;&amp;#0;&amp;#0;&amp;#0;&amp;#0;&amp;#0;&amp;#0;&amp;#0;&amp;#0;&amp;#0;&amp;#0;&amp;#0;&amp;#0;&amp;#0;&amp;#0;&amp;#0;&amp;#0;&amp;#0;&amp;#0;&amp;#0;&amp;#0;&amp;#0;&amp;#0;&amp;#0;&amp;#0;&amp;#0;&amp;#0;&amp;#0;&amp;#0;&amp;#0;&amp;#0;&amp;#0;&amp;#0;&amp;#0;&amp;#0;&amp;#0;&amp;#0;&amp;#0;&amp;#0;&amp;#0;&amp;#0;&amp;#0;&amp;#0;&amp;#0;&amp;#0;&amp;#0;&amp;#0;&amp;#0;&amp;#0;&amp;#0;&amp;#0;&amp;#0;&amp;#0;&amp;#0;&amp;#0;&amp;#0;&amp;#0;&amp;#0;&amp;#0;&amp;#0;&amp;#0;&amp;#0;&amp;#0;&amp;#0;&amp;#0;&amp;#0;&amp;#0;&amp;#0;&amp;#0;&amp;#0;&amp;#0;&amp;#0;&amp;#0;&amp;#0;&amp;#0;&amp;#0;&amp;#0;&amp;#0;&amp;#0;&amp;#0;&amp;#0;&amp;#0;&amp;#0;&amp;#0;&amp;#0;&amp;#0;&amp;#0;&amp;#0;&amp;#0;&amp;#0;&amp;#0;&amp;#0;&amp;#0;&amp;#0;&amp;#0;&amp;#0;&amp;#0;&amp;#0;&amp;#0;&amp;#0;&amp;#0;&amp;#0;&amp;#0;&amp;#0;&amp;#0;&amp;#0;&amp;#0;&amp;#0;&amp;#0;&amp;#0;&amp;#0;&amp;#0;&amp;#0;&amp;#0;&amp;#0;&amp;#0;&amp;#0;&amp;#0;&amp;#0;&amp;#0;&amp;#0;&amp;#0;&amp;#0;&amp;#0;&amp;#0;&amp;#0;&amp;#0;&amp;#0;&amp;#0;&amp;#0;&amp;#0;&amp;#0;&amp;#0;&amp;#0;&amp;#0;&amp;#0;&amp;#0;&amp;#0;&amp;#0;&amp;#0;&amp;#0;&amp;#0;&amp;#0;&amp;#0;&amp;#0;&amp;#0;&amp;#0;&amp;#0;&amp;#0;&amp;#0;&amp;#0;&amp;#0;&amp;#0;&amp;#0;&amp;#0;&amp;#0;&amp;#0;&amp;#0;&amp;#0;&amp;#0;&amp;#0;&amp;#0;&amp;#0;&amp;#0;&amp;#0;&amp;#0;&amp;#0;&amp;#0;&amp;#0;&amp;#0;&amp;#0;&amp;#0;&amp;#0;&amp;#0;&amp;#0;&amp;#0;&amp;#0;&amp;#0;&amp;#0;&amp;#0;&amp;#0;&amp;#0;&amp;#0;&amp;#0;&amp;#0;&amp;#0;&amp;#0;&amp;#0;&amp;#0;&amp;#0;&amp;#0;&amp;#0;&amp;#0;&amp;#0;&amp;#0;&amp;#0;&amp;#0;&amp;#0;&amp;#0;&amp;#0;&amp;#0;&amp;#0;&amp;#0;&amp;#0;&amp;#0;&amp;#0;&amp;#0;&amp;#0;&amp;#0;&amp;#0;&amp;#0;&amp;#0;&amp;#0;&amp;#0;&amp;#0;&amp;#0;&amp;#0;&amp;#0;&amp;#0;&amp;#0;&amp;#0;&amp;#0;&amp;#0;&amp;#0;&amp;#0;&amp;#0;&amp;#0;&amp;#0;&amp;#0;&amp;#0;&amp;#0;&amp;#0;&amp;#0;&amp;#0;&amp;#0;&amp;#0;&amp;#0;&amp;#0;&amp;#0;&amp;#0;&amp;#0;&amp;#0;&amp;#0;&amp;#0;&amp;#0;&amp;#0;&amp;#0;&amp;#0;&amp;#0;&amp;#0;&amp;#0;&amp;#0;&amp;#0;&amp;#0;&amp;#0;&amp;#0;&amp;#0;&amp;#0;&amp;#0;&amp;#0;&amp;#0;&amp;#0;&amp;#0;&amp;#0;&amp;#0;&amp;#0;&amp;#0;&amp;#0;&amp;#0;&amp;#0;&amp;#0;&amp;#0;&amp;#0;&amp;#0;&amp;#0;&amp;#0;&amp;#0;&amp;#0;&amp;#0;&amp;#0;&amp;#0;&amp;#0;&amp;#0;&amp;#0;&amp;#0;&amp;#0;&amp;#0;&amp;#0;&amp;#0;&amp;#0;&amp;#0;&amp;#0;&amp;#0;&amp;#0;&amp;#0;&amp;#0;&amp;#0;&amp;#0;&amp;#0;&amp;#0;&amp;#0;&amp;#0;&amp;#0;&amp;#0;&amp;#0;&amp;#0;&amp;#0;&amp;#0;&amp;#0;&amp;#0;&amp;#0;&amp;#0;&amp;#0;&amp;#0;&amp;#0;&amp;#0;&amp;#0;&amp;#0;&amp;#0;&amp;#0;&amp;#0;&amp;#0;&amp;#0;&amp;#0;&amp;#0;&amp;#0;&amp;#0;&amp;#0;&amp;#0;&amp;#0;&amp;#0;&amp;#0;&amp;#0;&amp;#0;&amp;#0;&amp;#0;&amp;#0;&amp;#0;&amp;#0;&amp;#0;&amp;#0;&amp;#0;&amp;#0;&amp;#0;&amp;#0;&amp;#0;&amp;#0;&amp;#0;&amp;#0;&amp;#0;&amp;#0;&amp;#0;&amp;#0;&amp;#0;&amp;#0;&amp;#0;&amp;#0;&amp;#0;&amp;#0;&amp;#0;&amp;#0;&amp;#0;&amp;#0;&amp;#0;&amp;#0;&amp;#0;&amp;#0;&amp;#0;&amp;#0;&amp;#0;&amp;#0;&amp;#0;&amp;#0;&amp;#0;&amp;#0;&amp;#0;&amp;#0;&amp;#0;&amp;#0;&amp;#0;&amp;#0;&amp;#0;&amp;#0;&amp;#0;&amp;#0;&amp;#0;&amp;#0;&amp;#0;&amp;#0;&amp;#0;&amp;#0;&amp;#0;&amp;#0;&amp;#0;&amp;#0;&amp;#0;&amp;#0;&amp;#0;&amp;#0;&amp;#0;&amp;#0;&amp;#0;&amp;#0;&amp;#0;&amp;#0;&amp;#0;&amp;#0;&amp;#0;&amp;#0;&amp;#0;&amp;#0;&amp;#0;&amp;#0;&amp;#0;&amp;#0;&amp;#0;&amp;#0;&amp;#0;&amp;#0;&amp;#0;&amp;#0;&amp;#0;&amp;#0;&amp;#0;&amp;#0;&amp;#0;&amp;#0;&amp;#0;&amp;#0;&amp;#0;&amp;#0;&amp;#0;&amp;#0;&amp;#0;&amp;#0;&amp;#0;&amp;#0;&amp;#0;&amp;#0;&amp;#0;&amp;#0;&amp;#0;&amp;#0;&amp;#0;&amp;#0;&amp;#0;&amp;#0;&amp;#0;&amp;#0;&amp;#0;&amp;#0;&amp;#0;&amp;#0;&amp;#0;&amp;#0;&amp;#0;&amp;#0;&amp;#0;&amp;#0;&amp;#0;&amp;#0;&amp;#0;&amp;#0;&amp;#0;&amp;#0;&amp;#0;&amp;#0;&amp;#0;&amp;#0;&amp;#0;&amp;#0;&amp;#0;&amp;#0;&amp;#0;&amp;#0;&amp;#0;&amp;#0;&amp;#0;&amp;#0;&amp;#0;&amp;#0;&amp;#0;&amp;#0;&amp;#0;&amp;#0;&amp;#0;&amp;#0;&amp;#0;&amp;#0;&amp;#0;&amp;#0;&amp;#0;&amp;#0;&amp;#0;&amp;#0;&amp;#0;&amp;#0;&amp;#0;&amp;#0;&amp;#0;&amp;#0;&amp;#0;&amp;#0;&amp;#0;&amp;#0;&amp;#0;&amp;#0;&amp;#0;&amp;#0;&amp;#0;&amp;#0;&amp;#0;&amp;#0;&amp;#0;&amp;#0;&amp;#0;&amp;#0;&amp;#0;&amp;#0;&amp;#0;&amp;#0;&amp;#0;&amp;#0;&amp;#0;&amp;#0;&amp;#0;&amp;#0;&amp;#0;&amp;#0;&amp;#0;&amp;#0;&amp;#0;&amp;#0;&amp;#0;&amp;#0;&amp;#0;&amp;#0;&amp;#0;&amp;#0;&amp;#0;&amp;#0;&amp;#0;&amp;#0;&amp;#0;&amp;#0;&amp;#0;&amp;#0;&amp;#0;&amp;#0;&amp;#0;&amp;#0;&amp;#0;&amp;#0;&amp;#0;&amp;#0;&amp;#0;&amp;#0;&amp;#0;&amp;#0;&amp;#0;&amp;#0;&amp;#0;&amp;#0;&amp;#0;&amp;#0;&amp;#0;&amp;#0;&amp;#0;&amp;#0;&amp;#0;&amp;#0;&amp;#0;&amp;#0;&amp;#0;&amp;#0;&amp;#0;&amp;#0;&amp;#0;&amp;#0;&amp;#0;&amp;#0;&amp;#0;&amp;#0;&amp;#0;&amp;#0;&amp;#0;&amp;#0;&amp;#0;&amp;#0;&amp;#0;&amp;#0;&amp;#0;&amp;#0;&amp;#0;&amp;#0;&amp;#0;&amp;#0;&amp;#0;&amp;#0;&amp;#0;&amp;#0;&amp;#0;&amp;#0;&amp;#0;&amp;#0;&amp;#0;&amp;#0;&amp;#0;&amp;#0;&amp;#0;&amp;#0;&amp;#0;&amp;#0;&amp;#0;&amp;#0;&amp;#0;&amp;#0;&amp;#0;&amp;#0;&amp;#0;&amp;#0;&amp;#0;&amp;#0;&amp;#0;&amp;#0;&amp;#0;&amp;#0;&amp;#0;&amp;#0;&amp;#0;&amp;#0;&amp;#0;&amp;#0;&amp;#0;&amp;#0;&amp;#0;&amp;#0;
19:14:18.343 [main] ERROR - Je passe ici ------------------------------------------------------
19:14:18.344 [main] ERROR - Exception occured during compilation!
java.util.MissingFormatArgumentException: Format specifier &apos;%s&apos;
	at java.util.Formatter.format(Formatter.java:2519) ~[?:1.8.0_131]
	at java.io.PrintWriter.format(PrintWriter.java:905) ~[?:1.8.0_131]
	at java.io.PrintWriter.printf(PrintWriter.java:804) ~[?:1.8.0_131]
	at be.unamur.info.b314.compiler.Visitor.PCodePrinter.printSetTo(PCodePrinter.java:78) ~[classes/:?]
	at be.unamur.info.b314.compiler.Visitor.PCodeVisitor.visitVarDecl(PCodeVisitor.java:672) ~[classes/:?]
	at be.unamur.info.b314.compiler.B314Parser$VarDeclContext.accept(B314Parser.java:405) ~[classes/:?]
	at be.unamur.info.b314.compiler.Visitor.PCodeVisitor.visitProgramme(PCodeVisitor.java:64) ~[classes/:?]
	at be.unamur.info.b314.compiler.B314Parser$ProgrammeContext.accept(B314Parser.java:4028) ~[classes/:?]
	at be.unamur.info.b314.compiler.main.Main.printPCode(Main.java:236) ~[classes/:?]
	at be.unamur.info.b314.compiler.main.Main.compile(Main.java:199) ~[classes/:?]
	at be.unamur.info.b314.compiler.main.Main.main(Main.java:79) [classes/:?]
	at be.unamur.info.b314.compiler.main.CompilerTestHelper.launchCompilation(CompilerTestHelper.java:35) [test-classes/:?]
	at be.unamur.info.b314.compiler.main.B314localvariabledeclSyntaxTest.testlocalvariabledecl_when_local_var_diff_names_than_global_vars_ok(B314localvariabledeclSyntaxTest.java:64) [test-classes/:?]
	at sun.reflect.NativeMethodAccessorImpl.invoke0(Native Method) ~[?:1.8.0_131]
	at sun.reflect.NativeMethodAccessorImpl.invoke(NativeMethodAccessorImpl.java:62) ~[?:1.8.0_131]
	at sun.reflect.DelegatingMethodAccessorImpl.invoke(DelegatingMethodAccessorImpl.java:43) ~[?:1.8.0_131]
	at java.lang.reflect.Method.invoke(Method.java:498) ~[?:1.8.0_131]
	at org.junit.runners.model.FrameworkMethod$1.runReflectiveCall(FrameworkMethod.java:50) [junit-4.12.jar:4.12]
	at org.junit.internal.runners.model.ReflectiveCallable.run(ReflectiveCallable.java:12) [junit-4.12.jar:4.12]
	at org.junit.runners.model.FrameworkMethod.invokeExplosively(FrameworkMethod.java:47) [junit-4.12.jar:4.12]
	at org.junit.internal.runners.statements.InvokeMethod.evaluate(InvokeMethod.java:17) [junit-4.12.jar:4.12]
	at org.junit.rules.ExternalResource$1.evaluate(ExternalResource.java:48) [junit-4.12.jar:4.12]
	at org.junit.rules.TestWatcher$1.evaluate(TestWatcher.java:55) [junit-4.12.jar:4.12]
	at org.junit.rules.RunRules.evaluate(RunRules.java:20) [junit-4.12.jar:4.12]
	at org.junit.runners.ParentRunner.runLeaf(ParentRunner.java:325) [junit-4.12.jar:4.12]
	at org.junit.runners.BlockJUnit4ClassRunner.runChild(BlockJUnit4ClassRunner.java:78) [junit-4.12.jar:4.12]
	at org.junit.runners.BlockJUnit4ClassRunner.runChild(BlockJUnit4ClassRunner.java:57) [junit-4.12.jar:4.12]
	at org.junit.runners.ParentRunner$3.run(ParentRunner.java:290) [junit-4.12.jar:4.12]
	at org.junit.runners.ParentRunner$1.schedule(ParentRunner.java:71) [junit-4.12.jar:4.12]
	at org.junit.runners.ParentRunner.runChildren(ParentRunner.java:288) [junit-4.12.jar:4.12]
	at org.junit.runners.ParentRunner.access$000(ParentRunner.java:58) [junit-4.12.jar:4.12]
	at org.junit.runners.ParentRunner$2.evaluate(ParentRunner.java:268) [junit-4.12.jar:4.12]
	at org.junit.runners.ParentRunner.run(ParentRunner.java:363) [junit-4.12.jar:4.12]
	at org.apache.maven.surefire.junit4.JUnit4Provider.execute(JUnit4Provider.java:252) [surefire-junit4-2.12.4.jar:2.12.4]
	at org.apache.maven.surefire.junit4.JUnit4Provider.executeTestSet(JUnit4Provider.java:141) [surefire-junit4-2.12.4.jar:2.12.4]
	at org.apache.maven.surefire.junit4.JUnit4Provider.invoke(JUnit4Provider.java:112) [surefire-junit4-2.12.4.jar:2.12.4]
	at sun.reflect.NativeMethodAccessorImpl.invoke0(Native Method) ~[?:1.8.0_131]
	at sun.reflect.NativeMethodAccessorImpl.invoke(NativeMethodAccessorImpl.java:62) ~[?:1.8.0_131]
	at sun.reflect.DelegatingMethodAccessorImpl.invoke(DelegatingMethodAccessorImpl.java:43) ~[?:1.8.0_131]
	at java.lang.reflect.Method.invoke(Method.java:498) ~[?:1.8.0_131]
	at org.apache.maven.surefire.util.ReflectionUtils.invokeMethodWithArray(ReflectionUtils.java:189) [surefire-api-2.12.4.jar:2.12.4]
	at org.apache.maven.surefire.booter.ProviderFactory$ProviderProxy.invoke(ProviderFactory.java:165) [surefire-booter-2.12.4.jar:2.12.4]
	at org.apache.maven.surefire.booter.ProviderFactory.invokeProvider(ProviderFactory.java:85) [surefire-booter-2.12.4.jar:2.12.4]
	at org.apache.maven.surefire.booter.ForkedBooter.runSuitesInProcess(ForkedBooter.java:115) [surefire-booter-2.12.4.jar:2.12.4]
	at org.apache.maven.surefire.booter.ForkedBooter.main(ForkedBooter.java:75) [surefire-booter-2.12.4.jar:2.12.4]
</system-out>
  </testcase>
  <testcase classname="be.unamur.info.b314.compiler.main.B314localvariabledeclSyntaxTest" name="testlocalvariabledecl_fct_local_var_same_name_as_fucntion_ko" time="0.018"/>
  <testcase classname="be.unamur.info.b314.compiler.main.B314localvariabledeclSyntaxTest" name="testlocalvariabledecl_fct_local_var_same_names_and_different_types_than_global_vars_ok" time="0.013">
    <failure message="localvariabledecl: fct_local_var_same_names_and_different_types_than_global_vars
Expected: a string ending with &quot;OK\r\n&quot;
     but: was &quot;KO
&quot;" type="java.lang.AssertionError">java.lang.AssertionError: localvariabledecl: fct_local_var_same_names_and_different_types_than_global_vars
Expected: a string ending with &quot;OK\r\n&quot;
     but: was &quot;KO
&quot;
	at org.hamcrest.MatcherAssert.assertThat(MatcherAssert.java:20)
	at org.junit.Assert.assertThat(Assert.java:956)
	at be.unamur.info.b314.compiler.main.CompilerTestHelper.launchCompilation(CompilerTestHelper.java:42)
	at be.unamur.info.b314.compiler.main.B314localvariabledeclSyntaxTest.testlocalvariabledecl_fct_local_var_same_names_and_different_types_than_global_vars_ok(B314localvariabledeclSyntaxTest.java:44)
	at sun.reflect.NativeMethodAccessorImpl.invoke0(Native Method)
	at sun.reflect.NativeMethodAccessorImpl.invoke(NativeMethodAccessorImpl.java:62)
	at sun.reflect.DelegatingMethodAccessorImpl.invoke(DelegatingMethodAccessorImpl.java:43)
	at java.lang.reflect.Method.invoke(Method.java:498)
	at org.junit.runners.model.FrameworkMethod$1.runReflectiveCall(FrameworkMethod.java:50)
	at org.junit.internal.runners.model.ReflectiveCallable.run(ReflectiveCallable.java:12)
	at org.junit.runners.model.FrameworkMethod.invokeExplosively(FrameworkMethod.java:47)
	at org.junit.internal.runners.statements.InvokeMethod.evaluate(InvokeMethod.java:17)
	at org.junit.rules.ExternalResource$1.evaluate(ExternalResource.java:48)
	at org.junit.rules.TestWatcher$1.evaluate(TestWatcher.java:55)
	at org.junit.rules.RunRules.evaluate(RunRules.java:20)
	at org.junit.runners.ParentRunner.runLeaf(ParentRunner.java:325)
	at org.junit.runners.BlockJUnit4ClassRunner.runChild(BlockJUnit4ClassRunner.java:78)
	at org.junit.runners.BlockJUnit4ClassRunner.runChild(BlockJUnit4ClassRunner.java:57)
	at org.junit.runners.ParentRunner$3.run(ParentRunner.java:290)
	at org.junit.runners.ParentRunner$1.schedule(ParentRunner.java:71)
	at org.junit.runners.ParentRunner.runChildren(ParentRunner.java:288)
	at org.junit.runners.ParentRunner.access$000(ParentRunner.java:58)
	at org.junit.runners.ParentRunner$2.evaluate(ParentRunner.java:268)
	at org.junit.runners.ParentRunner.run(ParentRunner.java:363)
	at org.apache.maven.surefire.junit4.JUnit4Provider.execute(JUnit4Provider.java:252)
	at org.apache.maven.surefire.junit4.JUnit4Provider.executeTestSet(JUnit4Provider.java:141)
	at org.apache.maven.surefire.junit4.JUnit4Provider.invoke(JUnit4Provider.java:112)
	at sun.reflect.NativeMethodAccessorImpl.invoke0(Native Method)
	at sun.reflect.NativeMethodAccessorImpl.invoke(NativeMethodAccessorImpl.java:62)
	at sun.reflect.DelegatingMethodAccessorImpl.invoke(DelegatingMethodAccessorImpl.java:43)
	at java.lang.reflect.Method.invoke(Method.java:498)
	at org.apache.maven.surefire.util.ReflectionUtils.invokeMethodWithArray(ReflectionUtils.java:189)
	at org.apache.maven.surefire.booter.ProviderFactory$ProviderProxy.invoke(ProviderFactory.java:165)
	at org.apache.maven.surefire.booter.ProviderFactory.invokeProvider(ProviderFactory.java:85)
	at org.apache.maven.surefire.booter.ForkedBooter.runSuitesInProcess(ForkedBooter.java:115)
	at org.apache.maven.surefire.booter.ForkedBooter.main(ForkedBooter.java:75)
</failure>
    <system-out>19:14:18.362 [main] INFO  - Starting test: testlocalvariabledecl_fct_local_var_same_names_and_different_types_than_global_vars_ok()...
org.apache.commons.cli.CommandLine@1bf0f6f6
19:14:18.365 [main] DEBUG - Initialisation
19:14:18.365 [main] DEBUG - Input file set to C:\Users\Dano\Desktop\b314-Jour\target\test-classes\syntax\localvariabledecl\ok\fct_local_var_same_names_and_different_types_than_global_vars.b314
19:14:18.365 [main] DEBUG - Output file set to C:\Users\Dano\AppData\Local\Temp\junit3469775631671140095\junit6786046240617064657.tmp
19:14:18.365 [main] DEBUG - Initialisation: done
jessica1
19:14:18.370 [main] DEBUG - Parsing input
/* My comments */ 
declare and retain 
	b1 as boolean;
	b2 as boolean;
    i1 as integer; 
    i2 as integer;
    i3 as integer;
    s1 as square;
    s2 as square;
    v1 as boolean[5, 7];
    v2 as integer[42];

    fct1 as function():square
    	do
    		skip
    	done 

    fct2 as function(x as integer, y as boolean):integer
    	declare local
    		loc1 as integer;
    		loc2 as boolean;
    		loc3 as square;
    		loc4 as integer[5];
    		b1 as integer;
    		s1 as boolean;
    	do
    		compute s1 and b1 = 42 or loc2
    	done 

    fct3 as function():boolean
    	declare local
    		loc1 as integer;
    		loc2 as boolean;
    		loc3 as square;
    		loc4 as integer[5];
    	do
    		skip
    	done 

    fct4 as function():square
    	declare local
    		loc1 as integer;
    		loc2 as boolean;
    		loc3 as square;
    		loc4 as integer[5];
    	do
    		compute loc1 + 2 - loc4[0 + 1 - i1] = 5 and not loc2 or loc3 = dirt
    	done 

    fct5 as function(x as integer, y as boolean, z as square):integer
    	declare local
    		loc1 as integer;
    		loc2 as boolean;
    		loc3 as square;
    		loc4 as integer[5];
    		v1 as integer[42];
    	do
    		set v1[0] to 42
    	done 
    	
when your turn 

	when true and b1 or v1[0, i1 + 2 * 5] do
		if b1 and i1 = 2 then
			while i1 &lt; i3 do
				set i2 to i1 + 1
			done
		else
			if s1 = ammo then
				next do nothing
			done
		done
	done 

	when false do
		skip
	done

	when not graal is north and i2 &gt; 5 and v2[4] &lt; 42 or s1 = dirt do
    	compute fct1()
    	set s1 to fct1()
    	if fct5(i1 + 2, s2 = ammo, ennemi) &gt; 2 then
    		skip
    	done
    	while fct3() do
    		skip
    	done
    	next move west
	done

	by default do 
		skip 
	done&amp;#0;&amp;#0;&amp;#0;&amp;#0;&amp;#0;&amp;#0;&amp;#0;&amp;#0;&amp;#0;&amp;#0;&amp;#0;&amp;#0;&amp;#0;&amp;#0;&amp;#0;&amp;#0;&amp;#0;&amp;#0;&amp;#0;&amp;#0;&amp;#0;&amp;#0;&amp;#0;&amp;#0;&amp;#0;&amp;#0;&amp;#0;&amp;#0;&amp;#0;&amp;#0;&amp;#0;&amp;#0;&amp;#0;&amp;#0;&amp;#0;&amp;#0;&amp;#0;&amp;#0;&amp;#0;&amp;#0;&amp;#0;&amp;#0;&amp;#0;&amp;#0;&amp;#0;&amp;#0;&amp;#0;&amp;#0;&amp;#0;&amp;#0;&amp;#0;&amp;#0;&amp;#0;&amp;#0;&amp;#0;&amp;#0;&amp;#0;&amp;#0;&amp;#0;&amp;#0;&amp;#0;&amp;#0;&amp;#0;&amp;#0;&amp;#0;&amp;#0;&amp;#0;&amp;#0;&amp;#0;&amp;#0;&amp;#0;&amp;#0;&amp;#0;&amp;#0;&amp;#0;&amp;#0;&amp;#0;&amp;#0;&amp;#0;&amp;#0;&amp;#0;&amp;#0;&amp;#0;&amp;#0;&amp;#0;&amp;#0;&amp;#0;&amp;#0;&amp;#0;&amp;#0;&amp;#0;&amp;#0;&amp;#0;&amp;#0;&amp;#0;&amp;#0;&amp;#0;&amp;#0;&amp;#0;&amp;#0;&amp;#0;&amp;#0;&amp;#0;&amp;#0;&amp;#0;&amp;#0;&amp;#0;&amp;#0;&amp;#0;&amp;#0;&amp;#0;&amp;#0;&amp;#0;&amp;#0;&amp;#0;&amp;#0;&amp;#0;&amp;#0;&amp;#0;&amp;#0;&amp;#0;&amp;#0;&amp;#0;&amp;#0;&amp;#0;&amp;#0;&amp;#0;&amp;#0;&amp;#0;&amp;#0;&amp;#0;&amp;#0;&amp;#0;&amp;#0;&amp;#0;&amp;#0;&amp;#0;&amp;#0;&amp;#0;&amp;#0;&amp;#0;&amp;#0;&amp;#0;&amp;#0;&amp;#0;&amp;#0;&amp;#0;&amp;#0;&amp;#0;&amp;#0;&amp;#0;&amp;#0;&amp;#0;&amp;#0;&amp;#0;&amp;#0;&amp;#0;&amp;#0;&amp;#0;&amp;#0;&amp;#0;&amp;#0;&amp;#0;&amp;#0;&amp;#0;&amp;#0;&amp;#0;&amp;#0;&amp;#0;&amp;#0;&amp;#0;&amp;#0;&amp;#0;&amp;#0;&amp;#0;&amp;#0;&amp;#0;&amp;#0;&amp;#0;&amp;#0;&amp;#0;&amp;#0;&amp;#0;&amp;#0;&amp;#0;&amp;#0;&amp;#0;&amp;#0;&amp;#0;&amp;#0;&amp;#0;&amp;#0;&amp;#0;&amp;#0;&amp;#0;&amp;#0;&amp;#0;&amp;#0;&amp;#0;&amp;#0;&amp;#0;&amp;#0;&amp;#0;&amp;#0;&amp;#0;&amp;#0;&amp;#0;&amp;#0;&amp;#0;&amp;#0;&amp;#0;&amp;#0;&amp;#0;&amp;#0;&amp;#0;&amp;#0;&amp;#0;&amp;#0;&amp;#0;&amp;#0;&amp;#0;&amp;#0;&amp;#0;&amp;#0;&amp;#0;&amp;#0;&amp;#0;&amp;#0;&amp;#0;&amp;#0;&amp;#0;&amp;#0;&amp;#0;&amp;#0;&amp;#0;&amp;#0;&amp;#0;&amp;#0;&amp;#0;&amp;#0;&amp;#0;&amp;#0;&amp;#0;&amp;#0;&amp;#0;&amp;#0;&amp;#0;&amp;#0;&amp;#0;&amp;#0;&amp;#0;&amp;#0;&amp;#0;&amp;#0;&amp;#0;&amp;#0;&amp;#0;&amp;#0;&amp;#0;&amp;#0;&amp;#0;&amp;#0;&amp;#0;&amp;#0;&amp;#0;&amp;#0;&amp;#0;&amp;#0;&amp;#0;&amp;#0;&amp;#0;&amp;#0;&amp;#0;&amp;#0;&amp;#0;&amp;#0;&amp;#0;&amp;#0;&amp;#0;&amp;#0;&amp;#0;&amp;#0;&amp;#0;&amp;#0;&amp;#0;&amp;#0;&amp;#0;&amp;#0;&amp;#0;&amp;#0;&amp;#0;&amp;#0;&amp;#0;&amp;#0;&amp;#0;&amp;#0;&amp;#0;&amp;#0;&amp;#0;&amp;#0;&amp;#0;&amp;#0;&amp;#0;&amp;#0;&amp;#0;&amp;#0;&amp;#0;&amp;#0;&amp;#0;&amp;#0;&amp;#0;&amp;#0;&amp;#0;&amp;#0;&amp;#0;&amp;#0;&amp;#0;&amp;#0;&amp;#0;&amp;#0;&amp;#0;&amp;#0;&amp;#0;&amp;#0;&amp;#0;&amp;#0;&amp;#0;&amp;#0;&amp;#0;&amp;#0;&amp;#0;&amp;#0;&amp;#0;&amp;#0;&amp;#0;&amp;#0;&amp;#0;&amp;#0;&amp;#0;&amp;#0;&amp;#0;&amp;#0;&amp;#0;&amp;#0;&amp;#0;&amp;#0;&amp;#0;&amp;#0;&amp;#0;&amp;#0;&amp;#0;&amp;#0;&amp;#0;&amp;#0;&amp;#0;&amp;#0;&amp;#0;&amp;#0;&amp;#0;&amp;#0;&amp;#0;&amp;#0;&amp;#0;&amp;#0;&amp;#0;&amp;#0;&amp;#0;&amp;#0;&amp;#0;&amp;#0;&amp;#0;&amp;#0;&amp;#0;&amp;#0;&amp;#0;&amp;#0;&amp;#0;&amp;#0;&amp;#0;&amp;#0;&amp;#0;&amp;#0;&amp;#0;&amp;#0;&amp;#0;&amp;#0;&amp;#0;&amp;#0;&amp;#0;&amp;#0;&amp;#0;&amp;#0;&amp;#0;&amp;#0;&amp;#0;&amp;#0;&amp;#0;&amp;#0;&amp;#0;&amp;#0;&amp;#0;&amp;#0;&amp;#0;&amp;#0;&amp;#0;&amp;#0;&amp;#0;&amp;#0;&amp;#0;&amp;#0;&amp;#0;&amp;#0;&amp;#0;&amp;#0;&amp;#0;&amp;#0;&amp;#0;&amp;#0;&amp;#0;&amp;#0;&amp;#0;&amp;#0;&amp;#0;&amp;#0;&amp;#0;&amp;#0;&amp;#0;&amp;#0;&amp;#0;&amp;#0;&amp;#0;&amp;#0;&amp;#0;&amp;#0;&amp;#0;&amp;#0;&amp;#0;&amp;#0;&amp;#0;&amp;#0;&amp;#0;&amp;#0;&amp;#0;&amp;#0;&amp;#0;&amp;#0;&amp;#0;&amp;#0;&amp;#0;&amp;#0;&amp;#0;&amp;#0;&amp;#0;&amp;#0;&amp;#0;&amp;#0;&amp;#0;&amp;#0;&amp;#0;&amp;#0;&amp;#0;&amp;#0;&amp;#0;&amp;#0;&amp;#0;&amp;#0;&amp;#0;&amp;#0;&amp;#0;&amp;#0;&amp;#0;&amp;#0;&amp;#0;&amp;#0;&amp;#0;&amp;#0;&amp;#0;&amp;#0;&amp;#0;&amp;#0;&amp;#0;&amp;#0;&amp;#0;&amp;#0;&amp;#0;&amp;#0;&amp;#0;&amp;#0;&amp;#0;&amp;#0;&amp;#0;&amp;#0;&amp;#0;&amp;#0;&amp;#0;&amp;#0;&amp;#0;&amp;#0;&amp;#0;&amp;#0;&amp;#0;&amp;#0;&amp;#0;&amp;#0;&amp;#0;&amp;#0;&amp;#0;&amp;#0;&amp;#0;&amp;#0;&amp;#0;&amp;#0;&amp;#0;&amp;#0;&amp;#0;&amp;#0;&amp;#0;&amp;#0;&amp;#0;&amp;#0;&amp;#0;&amp;#0;&amp;#0;&amp;#0;&amp;#0;&amp;#0;&amp;#0;&amp;#0;&amp;#0;&amp;#0;&amp;#0;&amp;#0;&amp;#0;&amp;#0;&amp;#0;&amp;#0;&amp;#0;&amp;#0;&amp;#0;&amp;#0;&amp;#0;&amp;#0;&amp;#0;&amp;#0;&amp;#0;&amp;#0;&amp;#0;&amp;#0;&amp;#0;&amp;#0;&amp;#0;&amp;#0;&amp;#0;&amp;#0;&amp;#0;&amp;#0;&amp;#0;&amp;#0;&amp;#0;&amp;#0;&amp;#0;&amp;#0;&amp;#0;&amp;#0;&amp;#0;&amp;#0;&amp;#0;&amp;#0;&amp;#0;&amp;#0;&amp;#0;&amp;#0;&amp;#0;&amp;#0;&amp;#0;&amp;#0;&amp;#0;&amp;#0;&amp;#0;&amp;#0;&amp;#0;&amp;#0;&amp;#0;&amp;#0;&amp;#0;&amp;#0;&amp;#0;&amp;#0;&amp;#0;&amp;#0;&amp;#0;&amp;#0;&amp;#0;&amp;#0;&amp;#0;&amp;#0;&amp;#0;&amp;#0;&amp;#0;&amp;#0;&amp;#0;&amp;#0;&amp;#0;&amp;#0;&amp;#0;&amp;#0;&amp;#0;&amp;#0;&amp;#0;&amp;#0;&amp;#0;&amp;#0;&amp;#0;&amp;#0;&amp;#0;&amp;#0;&amp;#0;&amp;#0;&amp;#0;&amp;#0;&amp;#0;&amp;#0;&amp;#0;&amp;#0;&amp;#0;&amp;#0;&amp;#0;&amp;#0;&amp;#0;&amp;#0;&amp;#0;&amp;#0;&amp;#0;&amp;#0;&amp;#0;&amp;#0;&amp;#0;&amp;#0;&amp;#0;&amp;#0;&amp;#0;&amp;#0;&amp;#0;&amp;#0;&amp;#0;&amp;#0;&amp;#0;&amp;#0;&amp;#0;&amp;#0;&amp;#0;&amp;#0;&amp;#0;&amp;#0;&amp;#0;&amp;#0;&amp;#0;&amp;#0;&amp;#0;&amp;#0;&amp;#0;&amp;#0;&amp;#0;&amp;#0;&amp;#0;&amp;#0;&amp;#0;&amp;#0;&amp;#0;&amp;#0;&amp;#0;&amp;#0;&amp;#0;&amp;#0;&amp;#0;&amp;#0;&amp;#0;&amp;#0;&amp;#0;&amp;#0;&amp;#0;&amp;#0;&amp;#0;&amp;#0;&amp;#0;&amp;#0;&amp;#0;&amp;#0;&amp;#0;&amp;#0;&amp;#0;&amp;#0;&amp;#0;&amp;#0;&amp;#0;&amp;#0;&amp;#0;&amp;#0;&amp;#0;&amp;#0;&amp;#0;&amp;#0;&amp;#0;&amp;#0;&amp;#0;&amp;#0;&amp;#0;&amp;#0;&amp;#0;&amp;#0;&amp;#0;&amp;#0;&amp;#0;&amp;#0;&amp;#0;&amp;#0;&amp;#0;&amp;#0;&amp;#0;&amp;#0;&amp;#0;&amp;#0;&amp;#0;&amp;#0;&amp;#0;&amp;#0;&amp;#0;&amp;#0;&amp;#0;&amp;#0;&amp;#0;&amp;#0;&amp;#0;&amp;#0;&amp;#0;&amp;#0;&amp;#0;&amp;#0;&amp;#0;&amp;#0;&amp;#0;&amp;#0;&amp;#0;&amp;#0;&amp;#0;&amp;#0;&amp;#0;&amp;#0;&amp;#0;&amp;#0;&amp;#0;&amp;#0;&amp;#0;&amp;#0;&amp;#0;&amp;#0;&amp;#0;&amp;#0;&amp;#0;&amp;#0;&amp;#0;&amp;#0;&amp;#0;&amp;#0;&amp;#0;&amp;#0;&amp;#0;&amp;#0;&amp;#0;&amp;#0;&amp;#0;&amp;#0;&amp;#0;&amp;#0;&amp;#0;&amp;#0;&amp;#0;&amp;#0;&amp;#0;&amp;#0;&amp;#0;&amp;#0;&amp;#0;&amp;#0;&amp;#0;&amp;#0;&amp;#0;&amp;#0;&amp;#0;&amp;#0;&amp;#0;&amp;#0;&amp;#0;&amp;#0;&amp;#0;&amp;#0;&amp;#0;&amp;#0;&amp;#0;&amp;#0;&amp;#0;&amp;#0;&amp;#0;&amp;#0;&amp;#0;&amp;#0;&amp;#0;&amp;#0;&amp;#0;&amp;#0;&amp;#0;&amp;#0;&amp;#0;&amp;#0;&amp;#0;&amp;#0;&amp;#0;&amp;#0;&amp;#0;&amp;#0;&amp;#0;&amp;#0;&amp;#0;&amp;#0;&amp;#0;&amp;#0;&amp;#0;&amp;#0;&amp;#0;&amp;#0;&amp;#0;&amp;#0;&amp;#0;&amp;#0;&amp;#0;&amp;#0;&amp;#0;&amp;#0;&amp;#0;&amp;#0;&amp;#0;&amp;#0;&amp;#0;&amp;#0;&amp;#0;&amp;#0;&amp;#0;&amp;#0;&amp;#0;&amp;#0;&amp;#0;&amp;#0;&amp;#0;&amp;#0;&amp;#0;&amp;#0;&amp;#0;&amp;#0;&amp;#0;&amp;#0;&amp;#0;&amp;#0;&amp;#0;&amp;#0;&amp;#0;&amp;#0;&amp;#0;&amp;#0;&amp;#0;&amp;#0;&amp;#0;&amp;#0;&amp;#0;&amp;#0;&amp;#0;&amp;#0;&amp;#0;&amp;#0;&amp;#0;&amp;#0;&amp;#0;&amp;#0;&amp;#0;&amp;#0;&amp;#0;&amp;#0;&amp;#0;&amp;#0;&amp;#0;&amp;#0;&amp;#0;&amp;#0;&amp;#0;&amp;#0;&amp;#0;&amp;#0;&amp;#0;&amp;#0;&amp;#0;&amp;#0;&amp;#0;&amp;#0;&amp;#0;&amp;#0;&amp;#0;&amp;#0;&amp;#0;&amp;#0;&amp;#0;&amp;#0;&amp;#0;&amp;#0;&amp;#0;&amp;#0;&amp;#0;&amp;#0;&amp;#0;&amp;#0;&amp;#0;&amp;#0;&amp;#0;&amp;#0;&amp;#0;&amp;#0;&amp;#0;&amp;#0;&amp;#0;&amp;#0;&amp;#0;&amp;#0;&amp;#0;&amp;#0;&amp;#0;&amp;#0;&amp;#0;&amp;#0;&amp;#0;&amp;#0;&amp;#0;&amp;#0;&amp;#0;&amp;#0;&amp;#0;&amp;#0;&amp;#0;&amp;#0;&amp;#0;&amp;#0;&amp;#0;&amp;#0;&amp;#0;&amp;#0;&amp;#0;&amp;#0;&amp;#0;&amp;#0;&amp;#0;&amp;#0;&amp;#0;&amp;#0;&amp;#0;&amp;#0;&amp;#0;&amp;#0;&amp;#0;&amp;#0;&amp;#0;&amp;#0;&amp;#0;&amp;#0;&amp;#0;&amp;#0;&amp;#0;&amp;#0;&amp;#0;&amp;#0;&amp;#0;&amp;#0;&amp;#0;&amp;#0;&amp;#0;&amp;#0;&amp;#0;&amp;#0;&amp;#0;&amp;#0;&amp;#0;&amp;#0;&amp;#0;&amp;#0;&amp;#0;&amp;#0;&amp;#0;&amp;#0;&amp;#0;&amp;#0;&amp;#0;&amp;#0;&amp;#0;&amp;#0;&amp;#0;&amp;#0;&amp;#0;&amp;#0;&amp;#0;&amp;#0;&amp;#0;&amp;#0;&amp;#0;&amp;#0;&amp;#0;&amp;#0;&amp;#0;&amp;#0;&amp;#0;&amp;#0;&amp;#0;&amp;#0;&amp;#0;&amp;#0;&amp;#0;&amp;#0;&amp;#0;&amp;#0;&amp;#0;&amp;#0;&amp;#0;&amp;#0;&amp;#0;&amp;#0;&amp;#0;&amp;#0;&amp;#0;&amp;#0;&amp;#0;&amp;#0;&amp;#0;&amp;#0;&amp;#0;&amp;#0;&amp;#0;&amp;#0;&amp;#0;&amp;#0;&amp;#0;&amp;#0;&amp;#0;&amp;#0;&amp;#0;&amp;#0;&amp;#0;&amp;#0;&amp;#0;&amp;#0;&amp;#0;&amp;#0;&amp;#0;&amp;#0;&amp;#0;&amp;#0;&amp;#0;&amp;#0;&amp;#0;&amp;#0;&amp;#0;&amp;#0;&amp;#0;&amp;#0;&amp;#0;&amp;#0;&amp;#0;&amp;#0;&amp;#0;&amp;#0;&amp;#0;&amp;#0;&amp;#0;&amp;#0;&amp;#0;&amp;#0;&amp;#0;&amp;#0;&amp;#0;&amp;#0;&amp;#0;&amp;#0;&amp;#0;&amp;#0;&amp;#0;&amp;#0;&amp;#0;&amp;#0;&amp;#0;&amp;#0;&amp;#0;&amp;#0;&amp;#0;&amp;#0;&amp;#0;&amp;#0;&amp;#0;&amp;#0;&amp;#0;&amp;#0;&amp;#0;&amp;#0;&amp;#0;&amp;#0;&amp;#0;&amp;#0;&amp;#0;&amp;#0;&amp;#0;&amp;#0;&amp;#0;&amp;#0;&amp;#0;&amp;#0;&amp;#0;&amp;#0;&amp;#0;&amp;#0;&amp;#0;&amp;#0;&amp;#0;&amp;#0;&amp;#0;&amp;#0;&amp;#0;&amp;#0;&amp;#0;&amp;#0;&amp;#0;&amp;#0;&amp;#0;&amp;#0;&amp;#0;&amp;#0;&amp;#0;&amp;#0;&amp;#0;&amp;#0;&amp;#0;&amp;#0;&amp;#0;&amp;#0;&amp;#0;&amp;#0;&amp;#0;&amp;#0;&amp;#0;&amp;#0;&amp;#0;&amp;#0;&amp;#0;&amp;#0;&amp;#0;&amp;#0;&amp;#0;&amp;#0;&amp;#0;&amp;#0;&amp;#0;&amp;#0;&amp;#0;&amp;#0;&amp;#0;&amp;#0;&amp;#0;&amp;#0;&amp;#0;&amp;#0;&amp;#0;&amp;#0;&amp;#0;&amp;#0;&amp;#0;&amp;#0;&amp;#0;&amp;#0;&amp;#0;&amp;#0;&amp;#0;&amp;#0;&amp;#0;&amp;#0;&amp;#0;&amp;#0;&amp;#0;&amp;#0;&amp;#0;&amp;#0;&amp;#0;&amp;#0;&amp;#0;&amp;#0;&amp;#0;&amp;#0;&amp;#0;&amp;#0;&amp;#0;&amp;#0;&amp;#0;&amp;#0;&amp;#0;&amp;#0;&amp;#0;&amp;#0;&amp;#0;&amp;#0;&amp;#0;&amp;#0;&amp;#0;&amp;#0;&amp;#0;&amp;#0;&amp;#0;&amp;#0;&amp;#0;&amp;#0;&amp;#0;&amp;#0;&amp;#0;&amp;#0;&amp;#0;&amp;#0;&amp;#0;&amp;#0;&amp;#0;&amp;#0;&amp;#0;&amp;#0;&amp;#0;&amp;#0;&amp;#0;&amp;#0;&amp;#0;&amp;#0;&amp;#0;&amp;#0;&amp;#0;&amp;#0;&amp;#0;&amp;#0;&amp;#0;&amp;#0;&amp;#0;&amp;#0;&amp;#0;&amp;#0;&amp;#0;&amp;#0;&amp;#0;&amp;#0;&amp;#0;&amp;#0;&amp;#0;&amp;#0;&amp;#0;&amp;#0;&amp;#0;&amp;#0;&amp;#0;&amp;#0;&amp;#0;&amp;#0;&amp;#0;&amp;#0;&amp;#0;&amp;#0;&amp;#0;&amp;#0;&amp;#0;&amp;#0;&amp;#0;&amp;#0;&amp;#0;&amp;#0;&amp;#0;&amp;#0;&amp;#0;&amp;#0;&amp;#0;&amp;#0;&amp;#0;&amp;#0;&amp;#0;&amp;#0;&amp;#0;&amp;#0;&amp;#0;&amp;#0;&amp;#0;&amp;#0;&amp;#0;&amp;#0;&amp;#0;&amp;#0;&amp;#0;&amp;#0;&amp;#0;&amp;#0;&amp;#0;&amp;#0;&amp;#0;&amp;#0;&amp;#0;&amp;#0;&amp;#0;&amp;#0;&amp;#0;&amp;#0;&amp;#0;&amp;#0;&amp;#0;&amp;#0;&amp;#0;&amp;#0;&amp;#0;&amp;#0;&amp;#0;&amp;#0;&amp;#0;&amp;#0;&amp;#0;&amp;#0;&amp;#0;&amp;#0;&amp;#0;&amp;#0;&amp;#0;&amp;#0;&amp;#0;&amp;#0;&amp;#0;&amp;#0;&amp;#0;&amp;#0;&amp;#0;&amp;#0;&amp;#0;&amp;#0;&amp;#0;&amp;#0;&amp;#0;&amp;#0;&amp;#0;&amp;#0;&amp;#0;&amp;#0;&amp;#0;&amp;#0;&amp;#0;&amp;#0;&amp;#0;&amp;#0;&amp;#0;&amp;#0;&amp;#0;&amp;#0;&amp;#0;&amp;#0;&amp;#0;&amp;#0;&amp;#0;&amp;#0;&amp;#0;&amp;#0;&amp;#0;&amp;#0;&amp;#0;&amp;#0;&amp;#0;&amp;#0;&amp;#0;&amp;#0;&amp;#0;&amp;#0;&amp;#0;&amp;#0;&amp;#0;&amp;#0;&amp;#0;&amp;#0;&amp;#0;&amp;#0;&amp;#0;&amp;#0;&amp;#0;&amp;#0;&amp;#0;&amp;#0;&amp;#0;&amp;#0;&amp;#0;&amp;#0;&amp;#0;&amp;#0;&amp;#0;&amp;#0;&amp;#0;&amp;#0;&amp;#0;&amp;#0;&amp;#0;&amp;#0;&amp;#0;&amp;#0;&amp;#0;&amp;#0;&amp;#0;&amp;#0;&amp;#0;&amp;#0;&amp;#0;&amp;#0;&amp;#0;&amp;#0;&amp;#0;&amp;#0;&amp;#0;&amp;#0;&amp;#0;&amp;#0;&amp;#0;&amp;#0;&amp;#0;&amp;#0;&amp;#0;&amp;#0;&amp;#0;&amp;#0;&amp;#0;&amp;#0;&amp;#0;&amp;#0;&amp;#0;&amp;#0;&amp;#0;&amp;#0;&amp;#0;&amp;#0;&amp;#0;&amp;#0;&amp;#0;&amp;#0;&amp;#0;&amp;#0;&amp;#0;&amp;#0;&amp;#0;&amp;#0;&amp;#0;&amp;#0;&amp;#0;&amp;#0;&amp;#0;&amp;#0;&amp;#0;&amp;#0;&amp;#0;&amp;#0;&amp;#0;&amp;#0;&amp;#0;&amp;#0;&amp;#0;&amp;#0;&amp;#0;&amp;#0;&amp;#0;&amp;#0;&amp;#0;&amp;#0;&amp;#0;&amp;#0;&amp;#0;&amp;#0;&amp;#0;&amp;#0;&amp;#0;&amp;#0;&amp;#0;&amp;#0;&amp;#0;&amp;#0;&amp;#0;&amp;#0;&amp;#0;&amp;#0;&amp;#0;&amp;#0;&amp;#0;&amp;#0;&amp;#0;&amp;#0;&amp;#0;&amp;#0;&amp;#0;&amp;#0;&amp;#0;&amp;#0;&amp;#0;&amp;#0;&amp;#0;&amp;#0;&amp;#0;&amp;#0;&amp;#0;&amp;#0;&amp;#0;&amp;#0;&amp;#0;&amp;#0;&amp;#0;&amp;#0;&amp;#0;&amp;#0;&amp;#0;&amp;#0;&amp;#0;&amp;#0;&amp;#0;&amp;#0;&amp;#0;&amp;#0;&amp;#0;&amp;#0;&amp;#0;&amp;#0;&amp;#0;&amp;#0;&amp;#0;&amp;#0;&amp;#0;&amp;#0;&amp;#0;&amp;#0;&amp;#0;&amp;#0;&amp;#0;&amp;#0;&amp;#0;&amp;#0;&amp;#0;&amp;#0;&amp;#0;&amp;#0;&amp;#0;&amp;#0;&amp;#0;&amp;#0;&amp;#0;&amp;#0;&amp;#0;&amp;#0;&amp;#0;&amp;#0;&amp;#0;&amp;#0;&amp;#0;&amp;#0;&amp;#0;&amp;#0;&amp;#0;&amp;#0;&amp;#0;&amp;#0;&amp;#0;&amp;#0;&amp;#0;&amp;#0;&amp;#0;&amp;#0;&amp;#0;&amp;#0;&amp;#0;&amp;#0;&amp;#0;&amp;#0;&amp;#0;&amp;#0;&amp;#0;&amp;#0;&amp;#0;&amp;#0;&amp;#0;&amp;#0;&amp;#0;&amp;#0;&amp;#0;&amp;#0;&amp;#0;&amp;#0;&amp;#0;&amp;#0;&amp;#0;&amp;#0;&amp;#0;&amp;#0;&amp;#0;&amp;#0;&amp;#0;&amp;#0;&amp;#0;&amp;#0;&amp;#0;&amp;#0;&amp;#0;&amp;#0;&amp;#0;&amp;#0;&amp;#0;&amp;#0;&amp;#0;&amp;#0;&amp;#0;&amp;#0;&amp;#0;&amp;#0;&amp;#0;&amp;#0;&amp;#0;&amp;#0;&amp;#0;&amp;#0;&amp;#0;&amp;#0;&amp;#0;&amp;#0;&amp;#0;&amp;#0;&amp;#0;&amp;#0;&amp;#0;&amp;#0;&amp;#0;&amp;#0;&amp;#0;&amp;#0;&amp;#0;&amp;#0;&amp;#0;&amp;#0;&amp;#0;&amp;#0;&amp;#0;&amp;#0;&amp;#0;&amp;#0;&amp;#0;&amp;#0;&amp;#0;&amp;#0;&amp;#0;&amp;#0;&amp;#0;&amp;#0;&amp;#0;&amp;#0;&amp;#0;&amp;#0;&amp;#0;&amp;#0;&amp;#0;&amp;#0;&amp;#0;&amp;#0;&amp;#0;&amp;#0;&amp;#0;&amp;#0;&amp;#0;&amp;#0;&amp;#0;&amp;#0;&amp;#0;&amp;#0;&amp;#0;&amp;#0;&amp;#0;&amp;#0;&amp;#0;&amp;#0;&amp;#0;&amp;#0;&amp;#0;&amp;#0;&amp;#0;&amp;#0;&amp;#0;&amp;#0;&amp;#0;&amp;#0;&amp;#0;&amp;#0;&amp;#0;&amp;#0;&amp;#0;&amp;#0;&amp;#0;&amp;#0;&amp;#0;&amp;#0;&amp;#0;&amp;#0;&amp;#0;&amp;#0;&amp;#0;&amp;#0;&amp;#0;&amp;#0;&amp;#0;&amp;#0;&amp;#0;&amp;#0;&amp;#0;&amp;#0;&amp;#0;&amp;#0;&amp;#0;&amp;#0;&amp;#0;&amp;#0;&amp;#0;&amp;#0;&amp;#0;&amp;#0;&amp;#0;&amp;#0;&amp;#0;&amp;#0;&amp;#0;&amp;#0;&amp;#0;&amp;#0;&amp;#0;&amp;#0;&amp;#0;&amp;#0;&amp;#0;&amp;#0;&amp;#0;&amp;#0;&amp;#0;&amp;#0;&amp;#0;&amp;#0;&amp;#0;&amp;#0;&amp;#0;&amp;#0;&amp;#0;&amp;#0;&amp;#0;&amp;#0;&amp;#0;&amp;#0;&amp;#0;&amp;#0;&amp;#0;&amp;#0;&amp;#0;&amp;#0;&amp;#0;&amp;#0;&amp;#0;&amp;#0;&amp;#0;&amp;#0;&amp;#0;&amp;#0;&amp;#0;&amp;#0;&amp;#0;&amp;#0;&amp;#0;&amp;#0;&amp;#0;&amp;#0;&amp;#0;&amp;#0;&amp;#0;&amp;#0;&amp;#0;&amp;#0;&amp;#0;&amp;#0;&amp;#0;&amp;#0;&amp;#0;&amp;#0;&amp;#0;&amp;#0;&amp;#0;&amp;#0;&amp;#0;&amp;#0;&amp;#0;&amp;#0;&amp;#0;&amp;#0;&amp;#0;&amp;#0;&amp;#0;&amp;#0;&amp;#0;&amp;#0;&amp;#0;&amp;#0;&amp;#0;&amp;#0;&amp;#0;&amp;#0;&amp;#0;&amp;#0;&amp;#0;&amp;#0;&amp;#0;&amp;#0;&amp;#0;&amp;#0;&amp;#0;&amp;#0;&amp;#0;&amp;#0;&amp;#0;&amp;#0;&amp;#0;&amp;#0;&amp;#0;&amp;#0;&amp;#0;&amp;#0;&amp;#0;&amp;#0;&amp;#0;&amp;#0;&amp;#0;&amp;#0;&amp;#0;&amp;#0;&amp;#0;&amp;#0;&amp;#0;&amp;#0;&amp;#0;&amp;#0;&amp;#0;&amp;#0;&amp;#0;&amp;#0;&amp;#0;&amp;#0;&amp;#0;&amp;#0;&amp;#0;&amp;#0;&amp;#0;&amp;#0;&amp;#0;&amp;#0;&amp;#0;&amp;#0;&amp;#0;&amp;#0;&amp;#0;&amp;#0;&amp;#0;&amp;#0;&amp;#0;&amp;#0;&amp;#0;&amp;#0;&amp;#0;&amp;#0;&amp;#0;&amp;#0;&amp;#0;&amp;#0;&amp;#0;&amp;#0;&amp;#0;&amp;#0;&amp;#0;&amp;#0;&amp;#0;&amp;#0;&amp;#0;&amp;#0;&amp;#0;&amp;#0;&amp;#0;&amp;#0;&amp;#0;&amp;#0;&amp;#0;&amp;#0;&amp;#0;&amp;#0;&amp;#0;&amp;#0;&amp;#0;&amp;#0;&amp;#0;&amp;#0;&amp;#0;&amp;#0;&amp;#0;&amp;#0;&amp;#0;&amp;#0;&amp;#0;&amp;#0;&amp;#0;&amp;#0;&amp;#0;&amp;#0;&amp;#0;&amp;#0;&amp;#0;&amp;#0;&amp;#0;&amp;#0;&amp;#0;&amp;#0;&amp;#0;&amp;#0;&amp;#0;&amp;#0;&amp;#0;&amp;#0;&amp;#0;&amp;#0;&amp;#0;&amp;#0;&amp;#0;&amp;#0;&amp;#0;&amp;#0;&amp;#0;&amp;#0;&amp;#0;&amp;#0;&amp;#0;&amp;#0;&amp;#0;&amp;#0;&amp;#0;&amp;#0;&amp;#0;&amp;#0;&amp;#0;&amp;#0;&amp;#0;&amp;#0;&amp;#0;&amp;#0;&amp;#0;&amp;#0;&amp;#0;&amp;#0;&amp;#0;&amp;#0;&amp;#0;&amp;#0;&amp;#0;&amp;#0;&amp;#0;&amp;#0;&amp;#0;&amp;#0;&amp;#0;&amp;#0;&amp;#0;&amp;#0;&amp;#0;&amp;#0;&amp;#0;&amp;#0;&amp;#0;&amp;#0;&amp;#0;&amp;#0;&amp;#0;&amp;#0;&amp;#0;&amp;#0;&amp;#0;&amp;#0;&amp;#0;&amp;#0;&amp;#0;&amp;#0;&amp;#0;&amp;#0;&amp;#0;&amp;#0;&amp;#0;&amp;#0;&amp;#0;&amp;#0;&amp;#0;&amp;#0;&amp;#0;&amp;#0;&amp;#0;&amp;#0;&amp;#0;&amp;#0;&amp;#0;&amp;#0;&amp;#0;&amp;#0;&amp;#0;&amp;#0;&amp;#0;&amp;#0;&amp;#0;&amp;#0;&amp;#0;&amp;#0;&amp;#0;&amp;#0;&amp;#0;&amp;#0;&amp;#0;&amp;#0;&amp;#0;&amp;#0;&amp;#0;&amp;#0;&amp;#0;&amp;#0;&amp;#0;&amp;#0;&amp;#0;&amp;#0;&amp;#0;&amp;#0;&amp;#0;&amp;#0;&amp;#0;&amp;#0;&amp;#0;&amp;#0;&amp;#0;&amp;#0;&amp;#0;&amp;#0;&amp;#0;&amp;#0;&amp;#0;&amp;#0;&amp;#0;&amp;#0;&amp;#0;&amp;#0;&amp;#0;&amp;#0;&amp;#0;&amp;#0;&amp;#0;&amp;#0;&amp;#0;&amp;#0;&amp;#0;&amp;#0;&amp;#0;&amp;#0;&amp;#0;&amp;#0;&amp;#0;&amp;#0;&amp;#0;&amp;#0;&amp;#0;&amp;#0;&amp;#0;&amp;#0;&amp;#0;&amp;#0;&amp;#0;&amp;#0;&amp;#0;&amp;#0;&amp;#0;&amp;#0;&amp;#0;&amp;#0;&amp;#0;&amp;#0;&amp;#0;&amp;#0;&amp;#0;&amp;#0;&amp;#0;&amp;#0;&amp;#0;&amp;#0;&amp;#0;&amp;#0;&amp;#0;&amp;#0;&amp;#0;&amp;#0;&amp;#0;&amp;#0;&amp;#0;&amp;#0;&amp;#0;&amp;#0;&amp;#0;&amp;#0;&amp;#0;&amp;#0;&amp;#0;&amp;#0;&amp;#0;&amp;#0;&amp;#0;&amp;#0;&amp;#0;&amp;#0;&amp;#0;&amp;#0;&amp;#0;&amp;#0;&amp;#0;&amp;#0;&amp;#0;&amp;#0;&amp;#0;&amp;#0;&amp;#0;&amp;#0;&amp;#0;&amp;#0;&amp;#0;&amp;#0;&amp;#0;&amp;#0;&amp;#0;&amp;#0;&amp;#0;&amp;#0;&amp;#0;&amp;#0;&amp;#0;&amp;#0;&amp;#0;&amp;#0;&amp;#0;&amp;#0;&amp;#0;&amp;#0;&amp;#0;&amp;#0;&amp;#0;&amp;#0;&amp;#0;&amp;#0;&amp;#0;&amp;#0;&amp;#0;&amp;#0;&amp;#0;&amp;#0;&amp;#0;&amp;#0;&amp;#0;&amp;#0;&amp;#0;&amp;#0;&amp;#0;&amp;#0;&amp;#0;&amp;#0;&amp;#0;&amp;#0;&amp;#0;&amp;#0;&amp;#0;&amp;#0;&amp;#0;&amp;#0;&amp;#0;&amp;#0;&amp;#0;&amp;#0;&amp;#0;&amp;#0;&amp;#0;&amp;#0;&amp;#0;&amp;#0;&amp;#0;&amp;#0;&amp;#0;&amp;#0;&amp;#0;&amp;#0;&amp;#0;&amp;#0;&amp;#0;&amp;#0;&amp;#0;&amp;#0;&amp;#0;&amp;#0;&amp;#0;&amp;#0;&amp;#0;&amp;#0;&amp;#0;&amp;#0;&amp;#0;&amp;#0;&amp;#0;&amp;#0;&amp;#0;&amp;#0;&amp;#0;&amp;#0;&amp;#0;&amp;#0;&amp;#0;&amp;#0;&amp;#0;&amp;#0;&amp;#0;&amp;#0;&amp;#0;&amp;#0;&amp;#0;&amp;#0;&amp;#0;&amp;#0;&amp;#0;&amp;#0;&amp;#0;&amp;#0;&amp;#0;&amp;#0;&amp;#0;&amp;#0;&amp;#0;&amp;#0;&amp;#0;&amp;#0;&amp;#0;&amp;#0;&amp;#0;&amp;#0;&amp;#0;&amp;#0;&amp;#0;&amp;#0;&amp;#0;&amp;#0;&amp;#0;&amp;#0;&amp;#0;&amp;#0;&amp;#0;&amp;#0;&amp;#0;&amp;#0;&amp;#0;&amp;#0;&amp;#0;&amp;#0;&amp;#0;&amp;#0;&amp;#0;&amp;#0;&amp;#0;&amp;#0;&amp;#0;&amp;#0;&amp;#0;&amp;#0;&amp;#0;&amp;#0;
19:14:18.373 [main] ERROR - Je passe ici ------------------------------------------------------
19:14:18.373 [main] ERROR - Exception occured during compilation!
java.util.MissingFormatArgumentException: Format specifier &apos;%s&apos;
	at java.util.Formatter.format(Formatter.java:2519) ~[?:1.8.0_131]
	at java.io.PrintWriter.format(PrintWriter.java:905) ~[?:1.8.0_131]
	at java.io.PrintWriter.printf(PrintWriter.java:804) ~[?:1.8.0_131]
	at be.unamur.info.b314.compiler.Visitor.PCodePrinter.printSetTo(PCodePrinter.java:78) ~[classes/:?]
	at be.unamur.info.b314.compiler.Visitor.PCodeVisitor.visitVarDecl(PCodeVisitor.java:672) ~[classes/:?]
	at be.unamur.info.b314.compiler.B314Parser$VarDeclContext.accept(B314Parser.java:405) ~[classes/:?]
	at be.unamur.info.b314.compiler.Visitor.PCodeVisitor.visitProgramme(PCodeVisitor.java:64) ~[classes/:?]
	at be.unamur.info.b314.compiler.B314Parser$ProgrammeContext.accept(B314Parser.java:4028) ~[classes/:?]
	at be.unamur.info.b314.compiler.main.Main.printPCode(Main.java:236) ~[classes/:?]
	at be.unamur.info.b314.compiler.main.Main.compile(Main.java:199) ~[classes/:?]
	at be.unamur.info.b314.compiler.main.Main.main(Main.java:79) [classes/:?]
	at be.unamur.info.b314.compiler.main.CompilerTestHelper.launchCompilation(CompilerTestHelper.java:35) [test-classes/:?]
	at be.unamur.info.b314.compiler.main.B314localvariabledeclSyntaxTest.testlocalvariabledecl_fct_local_var_same_names_and_different_types_than_global_vars_ok(B314localvariabledeclSyntaxTest.java:44) [test-classes/:?]
	at sun.reflect.NativeMethodAccessorImpl.invoke0(Native Method) ~[?:1.8.0_131]
	at sun.reflect.NativeMethodAccessorImpl.invoke(NativeMethodAccessorImpl.java:62) ~[?:1.8.0_131]
	at sun.reflect.DelegatingMethodAccessorImpl.invoke(DelegatingMethodAccessorImpl.java:43) ~[?:1.8.0_131]
	at java.lang.reflect.Method.invoke(Method.java:498) ~[?:1.8.0_131]
	at org.junit.runners.model.FrameworkMethod$1.runReflectiveCall(FrameworkMethod.java:50) [junit-4.12.jar:4.12]
	at org.junit.internal.runners.model.ReflectiveCallable.run(ReflectiveCallable.java:12) [junit-4.12.jar:4.12]
	at org.junit.runners.model.FrameworkMethod.invokeExplosively(FrameworkMethod.java:47) [junit-4.12.jar:4.12]
	at org.junit.internal.runners.statements.InvokeMethod.evaluate(InvokeMethod.java:17) [junit-4.12.jar:4.12]
	at org.junit.rules.ExternalResource$1.evaluate(ExternalResource.java:48) [junit-4.12.jar:4.12]
	at org.junit.rules.TestWatcher$1.evaluate(TestWatcher.java:55) [junit-4.12.jar:4.12]
	at org.junit.rules.RunRules.evaluate(RunRules.java:20) [junit-4.12.jar:4.12]
	at org.junit.runners.ParentRunner.runLeaf(ParentRunner.java:325) [junit-4.12.jar:4.12]
	at org.junit.runners.BlockJUnit4ClassRunner.runChild(BlockJUnit4ClassRunner.java:78) [junit-4.12.jar:4.12]
	at org.junit.runners.BlockJUnit4ClassRunner.runChild(BlockJUnit4ClassRunner.java:57) [junit-4.12.jar:4.12]
	at org.junit.runners.ParentRunner$3.run(ParentRunner.java:290) [junit-4.12.jar:4.12]
	at org.junit.runners.ParentRunner$1.schedule(ParentRunner.java:71) [junit-4.12.jar:4.12]
	at org.junit.runners.ParentRunner.runChildren(ParentRunner.java:288) [junit-4.12.jar:4.12]
	at org.junit.runners.ParentRunner.access$000(ParentRunner.java:58) [junit-4.12.jar:4.12]
	at org.junit.runners.ParentRunner$2.evaluate(ParentRunner.java:268) [junit-4.12.jar:4.12]
	at org.junit.runners.ParentRunner.run(ParentRunner.java:363) [junit-4.12.jar:4.12]
	at org.apache.maven.surefire.junit4.JUnit4Provider.execute(JUnit4Provider.java:252) [surefire-junit4-2.12.4.jar:2.12.4]
	at org.apache.maven.surefire.junit4.JUnit4Provider.executeTestSet(JUnit4Provider.java:141) [surefire-junit4-2.12.4.jar:2.12.4]
	at org.apache.maven.surefire.junit4.JUnit4Provider.invoke(JUnit4Provider.java:112) [surefire-junit4-2.12.4.jar:2.12.4]
	at sun.reflect.NativeMethodAccessorImpl.invoke0(Native Method) ~[?:1.8.0_131]
	at sun.reflect.NativeMethodAccessorImpl.invoke(NativeMethodAccessorImpl.java:62) ~[?:1.8.0_131]
	at sun.reflect.DelegatingMethodAccessorImpl.invoke(DelegatingMethodAccessorImpl.java:43) ~[?:1.8.0_131]
	at java.lang.reflect.Method.invoke(Method.java:498) ~[?:1.8.0_131]
	at org.apache.maven.surefire.util.ReflectionUtils.invokeMethodWithArray(ReflectionUtils.java:189) [surefire-api-2.12.4.jar:2.12.4]
	at org.apache.maven.surefire.booter.ProviderFactory$ProviderProxy.invoke(ProviderFactory.java:165) [surefire-booter-2.12.4.jar:2.12.4]
	at org.apache.maven.surefire.booter.ProviderFactory.invokeProvider(ProviderFactory.java:85) [surefire-booter-2.12.4.jar:2.12.4]
	at org.apache.maven.surefire.booter.ForkedBooter.runSuitesInProcess(ForkedBooter.java:115) [surefire-booter-2.12.4.jar:2.12.4]
	at org.apache.maven.surefire.booter.ForkedBooter.main(ForkedBooter.java:75) [surefire-booter-2.12.4.jar:2.12.4]
</system-out>
  </testcase>
  <testcase classname="be.unamur.info.b314.compiler.main.B314localvariabledeclSyntaxTest" name="testlocalvariabledecl_fct_local_var_diff_names_than_global_vars_but_same_name_in_different_functions_ok" time="0.015">
    <failure message="localvariabledecl: fct_local_var_diff_names_than_global_vars_but_same_name_in_different_functions
Expected: a string ending with &quot;OK\r\n&quot;
     but: was &quot;KO
&quot;" type="java.lang.AssertionError">java.lang.AssertionError: localvariabledecl: fct_local_var_diff_names_than_global_vars_but_same_name_in_different_functions
Expected: a string ending with &quot;OK\r\n&quot;
     but: was &quot;KO
&quot;
	at org.hamcrest.MatcherAssert.assertThat(MatcherAssert.java:20)
	at org.junit.Assert.assertThat(Assert.java:956)
	at be.unamur.info.b314.compiler.main.CompilerTestHelper.launchCompilation(CompilerTestHelper.java:42)
	at be.unamur.info.b314.compiler.main.B314localvariabledeclSyntaxTest.testlocalvariabledecl_fct_local_var_diff_names_than_global_vars_but_same_name_in_different_functions_ok(B314localvariabledeclSyntaxTest.java:39)
	at sun.reflect.NativeMethodAccessorImpl.invoke0(Native Method)
	at sun.reflect.NativeMethodAccessorImpl.invoke(NativeMethodAccessorImpl.java:62)
	at sun.reflect.DelegatingMethodAccessorImpl.invoke(DelegatingMethodAccessorImpl.java:43)
	at java.lang.reflect.Method.invoke(Method.java:498)
	at org.junit.runners.model.FrameworkMethod$1.runReflectiveCall(FrameworkMethod.java:50)
	at org.junit.internal.runners.model.ReflectiveCallable.run(ReflectiveCallable.java:12)
	at org.junit.runners.model.FrameworkMethod.invokeExplosively(FrameworkMethod.java:47)
	at org.junit.internal.runners.statements.InvokeMethod.evaluate(InvokeMethod.java:17)
	at org.junit.rules.ExternalResource$1.evaluate(ExternalResource.java:48)
	at org.junit.rules.TestWatcher$1.evaluate(TestWatcher.java:55)
	at org.junit.rules.RunRules.evaluate(RunRules.java:20)
	at org.junit.runners.ParentRunner.runLeaf(ParentRunner.java:325)
	at org.junit.runners.BlockJUnit4ClassRunner.runChild(BlockJUnit4ClassRunner.java:78)
	at org.junit.runners.BlockJUnit4ClassRunner.runChild(BlockJUnit4ClassRunner.java:57)
	at org.junit.runners.ParentRunner$3.run(ParentRunner.java:290)
	at org.junit.runners.ParentRunner$1.schedule(ParentRunner.java:71)
	at org.junit.runners.ParentRunner.runChildren(ParentRunner.java:288)
	at org.junit.runners.ParentRunner.access$000(ParentRunner.java:58)
	at org.junit.runners.ParentRunner$2.evaluate(ParentRunner.java:268)
	at org.junit.runners.ParentRunner.run(ParentRunner.java:363)
	at org.apache.maven.surefire.junit4.JUnit4Provider.execute(JUnit4Provider.java:252)
	at org.apache.maven.surefire.junit4.JUnit4Provider.executeTestSet(JUnit4Provider.java:141)
	at org.apache.maven.surefire.junit4.JUnit4Provider.invoke(JUnit4Provider.java:112)
	at sun.reflect.NativeMethodAccessorImpl.invoke0(Native Method)
	at sun.reflect.NativeMethodAccessorImpl.invoke(NativeMethodAccessorImpl.java:62)
	at sun.reflect.DelegatingMethodAccessorImpl.invoke(DelegatingMethodAccessorImpl.java:43)
	at java.lang.reflect.Method.invoke(Method.java:498)
	at org.apache.maven.surefire.util.ReflectionUtils.invokeMethodWithArray(ReflectionUtils.java:189)
	at org.apache.maven.surefire.booter.ProviderFactory$ProviderProxy.invoke(ProviderFactory.java:165)
	at org.apache.maven.surefire.booter.ProviderFactory.invokeProvider(ProviderFactory.java:85)
	at org.apache.maven.surefire.booter.ForkedBooter.runSuitesInProcess(ForkedBooter.java:115)
	at org.apache.maven.surefire.booter.ForkedBooter.main(ForkedBooter.java:75)
</failure>
    <system-out>19:14:18.375 [main] INFO  - Starting test: testlocalvariabledecl_fct_local_var_diff_names_than_global_vars_but_same_name_in_different_functions_ok()...
org.apache.commons.cli.CommandLine@df4b72
19:14:18.377 [main] DEBUG - Initialisation
19:14:18.377 [main] DEBUG - Input file set to C:\Users\Dano\Desktop\b314-Jour\target\test-classes\syntax\localvariabledecl\ok\fct_local_var_diff_names_than_global_vars_but_same_name_in_different_functions.b314
19:14:18.378 [main] DEBUG - Output file set to C:\Users\Dano\AppData\Local\Temp\junit136358240160393985\junit191766262109723326.tmp
19:14:18.378 [main] DEBUG - Initialisation: done
jessica1
19:14:18.383 [main] DEBUG - Parsing input
/* My comments */ 
declare and retain 
	b1 as boolean;
	b2 as boolean;
    i1 as integer; 
    i2 as integer;
    i3 as integer;
    s1 as square;
    s2 as square;
    v1 as boolean[5, 7];
    v2 as integer[42];

    fct1 as function():square
    	do
    		skip
    	done 

    fct2 as function(x as integer, y as boolean):integer
    	declare local
    		loc1 as integer;
    		loc2 as boolean;
    		loc3 as square;
    		loc4 as integer[5];
    	do
    		compute loc1 + 2 - loc4[0 + 1 - i1] = 5 and not loc2 or loc3 = dirt
    	done 

    fct3 as function():boolean
    	declare local
    		loc1 as integer;
    		loc2 as boolean;
    		loc3 as square;
    		loc4 as integer[5];
    	do
    		compute loc1 + 2 - loc4[0 + 1 - i1] = 5 and not loc2 or loc3 = dirt
    	done 

    fct4 as function():square
    	declare local
    		loc1 as integer;
    		loc2 as boolean;
    		loc3 as square;
    		loc4 as integer[5];
    	do
    		compute loc1 + 2 - loc4[0 + 1 - i1] = 5 and not loc2 or loc3 = dirt
    	done 

    fct5 as function(x as integer, y as boolean, z as square):integer
    	declare local
    		loc1 as integer;
    		loc2 as boolean;
    		loc3 as square;
    		loc4 as integer[5];
    	do
    		compute loc1 + 2 - loc4[0 + 1 - i1] = 5 and not loc2 or loc3 = dirt
    	done 
    	
when your turn 

	when true and b1 or v1[0, i1 + 2 * 5] do
		if b1 and i1 = 2 then
			while i1 &lt; i3 do
				set i2 to i1 + 1
			done
		else
			if s1 = ammo then
				next do nothing
			done
		done
	done 

	when false do
		skip
	done

	when not graal is north and i2 &gt; 5 and v2[4] &lt; 42 or s1 = dirt do
    	compute fct1()
    	set s1 to fct1()
    	if fct5(i1 + 2, s2 = ammo, ennemi) &gt; 2 then
    		skip
    	done
    	while fct3() do
    		skip
    	done
    	next move west
	done

	by default do 
		skip 
	done&amp;#0;&amp;#0;&amp;#0;&amp;#0;&amp;#0;&amp;#0;&amp;#0;&amp;#0;&amp;#0;&amp;#0;&amp;#0;&amp;#0;&amp;#0;&amp;#0;&amp;#0;&amp;#0;&amp;#0;&amp;#0;&amp;#0;&amp;#0;&amp;#0;&amp;#0;&amp;#0;&amp;#0;&amp;#0;&amp;#0;&amp;#0;&amp;#0;&amp;#0;&amp;#0;&amp;#0;&amp;#0;&amp;#0;&amp;#0;&amp;#0;&amp;#0;&amp;#0;&amp;#0;&amp;#0;&amp;#0;&amp;#0;&amp;#0;&amp;#0;&amp;#0;&amp;#0;&amp;#0;&amp;#0;&amp;#0;&amp;#0;&amp;#0;&amp;#0;&amp;#0;&amp;#0;&amp;#0;&amp;#0;&amp;#0;&amp;#0;&amp;#0;&amp;#0;&amp;#0;&amp;#0;&amp;#0;&amp;#0;&amp;#0;&amp;#0;&amp;#0;&amp;#0;&amp;#0;&amp;#0;&amp;#0;&amp;#0;&amp;#0;&amp;#0;&amp;#0;&amp;#0;&amp;#0;&amp;#0;&amp;#0;&amp;#0;&amp;#0;&amp;#0;&amp;#0;&amp;#0;&amp;#0;&amp;#0;&amp;#0;&amp;#0;&amp;#0;&amp;#0;&amp;#0;&amp;#0;&amp;#0;&amp;#0;&amp;#0;&amp;#0;&amp;#0;&amp;#0;&amp;#0;&amp;#0;&amp;#0;&amp;#0;&amp;#0;&amp;#0;&amp;#0;&amp;#0;&amp;#0;&amp;#0;&amp;#0;&amp;#0;&amp;#0;&amp;#0;&amp;#0;&amp;#0;&amp;#0;&amp;#0;&amp;#0;&amp;#0;&amp;#0;&amp;#0;&amp;#0;&amp;#0;&amp;#0;&amp;#0;&amp;#0;&amp;#0;&amp;#0;&amp;#0;&amp;#0;&amp;#0;&amp;#0;&amp;#0;&amp;#0;&amp;#0;&amp;#0;&amp;#0;&amp;#0;&amp;#0;&amp;#0;&amp;#0;&amp;#0;&amp;#0;&amp;#0;&amp;#0;&amp;#0;&amp;#0;&amp;#0;&amp;#0;&amp;#0;&amp;#0;&amp;#0;&amp;#0;&amp;#0;&amp;#0;&amp;#0;&amp;#0;&amp;#0;&amp;#0;&amp;#0;&amp;#0;&amp;#0;&amp;#0;&amp;#0;&amp;#0;&amp;#0;&amp;#0;&amp;#0;&amp;#0;&amp;#0;&amp;#0;&amp;#0;&amp;#0;&amp;#0;&amp;#0;&amp;#0;&amp;#0;&amp;#0;&amp;#0;&amp;#0;&amp;#0;&amp;#0;&amp;#0;&amp;#0;&amp;#0;&amp;#0;&amp;#0;&amp;#0;&amp;#0;&amp;#0;&amp;#0;&amp;#0;&amp;#0;&amp;#0;&amp;#0;&amp;#0;&amp;#0;&amp;#0;&amp;#0;&amp;#0;&amp;#0;&amp;#0;&amp;#0;&amp;#0;&amp;#0;&amp;#0;&amp;#0;&amp;#0;&amp;#0;&amp;#0;&amp;#0;&amp;#0;&amp;#0;&amp;#0;&amp;#0;&amp;#0;&amp;#0;&amp;#0;&amp;#0;&amp;#0;&amp;#0;&amp;#0;&amp;#0;&amp;#0;&amp;#0;&amp;#0;&amp;#0;&amp;#0;&amp;#0;&amp;#0;&amp;#0;&amp;#0;&amp;#0;&amp;#0;&amp;#0;&amp;#0;&amp;#0;&amp;#0;&amp;#0;&amp;#0;&amp;#0;&amp;#0;&amp;#0;&amp;#0;&amp;#0;&amp;#0;&amp;#0;&amp;#0;&amp;#0;&amp;#0;&amp;#0;&amp;#0;&amp;#0;&amp;#0;&amp;#0;&amp;#0;&amp;#0;&amp;#0;&amp;#0;&amp;#0;&amp;#0;&amp;#0;&amp;#0;&amp;#0;&amp;#0;&amp;#0;&amp;#0;&amp;#0;&amp;#0;&amp;#0;&amp;#0;&amp;#0;&amp;#0;&amp;#0;&amp;#0;&amp;#0;&amp;#0;&amp;#0;&amp;#0;&amp;#0;&amp;#0;&amp;#0;&amp;#0;&amp;#0;&amp;#0;&amp;#0;&amp;#0;&amp;#0;&amp;#0;&amp;#0;&amp;#0;&amp;#0;&amp;#0;&amp;#0;&amp;#0;&amp;#0;&amp;#0;&amp;#0;&amp;#0;&amp;#0;&amp;#0;&amp;#0;&amp;#0;&amp;#0;&amp;#0;&amp;#0;&amp;#0;&amp;#0;&amp;#0;&amp;#0;&amp;#0;&amp;#0;&amp;#0;&amp;#0;&amp;#0;&amp;#0;&amp;#0;&amp;#0;&amp;#0;&amp;#0;&amp;#0;&amp;#0;&amp;#0;&amp;#0;&amp;#0;&amp;#0;&amp;#0;&amp;#0;&amp;#0;&amp;#0;&amp;#0;&amp;#0;&amp;#0;&amp;#0;&amp;#0;&amp;#0;&amp;#0;&amp;#0;&amp;#0;&amp;#0;&amp;#0;&amp;#0;&amp;#0;&amp;#0;&amp;#0;&amp;#0;&amp;#0;&amp;#0;&amp;#0;&amp;#0;&amp;#0;&amp;#0;&amp;#0;&amp;#0;&amp;#0;&amp;#0;&amp;#0;&amp;#0;&amp;#0;&amp;#0;&amp;#0;&amp;#0;&amp;#0;&amp;#0;&amp;#0;&amp;#0;&amp;#0;&amp;#0;&amp;#0;&amp;#0;&amp;#0;&amp;#0;&amp;#0;&amp;#0;&amp;#0;&amp;#0;&amp;#0;&amp;#0;&amp;#0;&amp;#0;&amp;#0;&amp;#0;&amp;#0;&amp;#0;&amp;#0;&amp;#0;&amp;#0;&amp;#0;&amp;#0;&amp;#0;&amp;#0;&amp;#0;&amp;#0;&amp;#0;&amp;#0;&amp;#0;&amp;#0;&amp;#0;&amp;#0;&amp;#0;&amp;#0;&amp;#0;&amp;#0;&amp;#0;&amp;#0;&amp;#0;&amp;#0;&amp;#0;&amp;#0;&amp;#0;&amp;#0;&amp;#0;&amp;#0;&amp;#0;&amp;#0;&amp;#0;&amp;#0;&amp;#0;&amp;#0;&amp;#0;&amp;#0;&amp;#0;&amp;#0;&amp;#0;&amp;#0;&amp;#0;&amp;#0;&amp;#0;&amp;#0;&amp;#0;&amp;#0;&amp;#0;&amp;#0;&amp;#0;&amp;#0;&amp;#0;&amp;#0;&amp;#0;&amp;#0;&amp;#0;&amp;#0;&amp;#0;&amp;#0;&amp;#0;&amp;#0;&amp;#0;&amp;#0;&amp;#0;&amp;#0;&amp;#0;&amp;#0;&amp;#0;&amp;#0;&amp;#0;&amp;#0;&amp;#0;&amp;#0;&amp;#0;&amp;#0;&amp;#0;&amp;#0;&amp;#0;&amp;#0;&amp;#0;&amp;#0;&amp;#0;&amp;#0;&amp;#0;&amp;#0;&amp;#0;&amp;#0;&amp;#0;&amp;#0;&amp;#0;&amp;#0;&amp;#0;&amp;#0;&amp;#0;&amp;#0;&amp;#0;&amp;#0;&amp;#0;&amp;#0;&amp;#0;&amp;#0;&amp;#0;&amp;#0;&amp;#0;&amp;#0;&amp;#0;&amp;#0;&amp;#0;&amp;#0;&amp;#0;&amp;#0;&amp;#0;&amp;#0;&amp;#0;&amp;#0;&amp;#0;&amp;#0;&amp;#0;&amp;#0;&amp;#0;&amp;#0;&amp;#0;&amp;#0;&amp;#0;&amp;#0;&amp;#0;&amp;#0;&amp;#0;&amp;#0;&amp;#0;&amp;#0;&amp;#0;&amp;#0;&amp;#0;&amp;#0;&amp;#0;&amp;#0;&amp;#0;&amp;#0;&amp;#0;&amp;#0;&amp;#0;&amp;#0;&amp;#0;&amp;#0;&amp;#0;&amp;#0;&amp;#0;&amp;#0;&amp;#0;&amp;#0;&amp;#0;&amp;#0;&amp;#0;&amp;#0;&amp;#0;&amp;#0;&amp;#0;&amp;#0;&amp;#0;&amp;#0;&amp;#0;&amp;#0;&amp;#0;&amp;#0;&amp;#0;&amp;#0;&amp;#0;&amp;#0;&amp;#0;&amp;#0;&amp;#0;&amp;#0;&amp;#0;&amp;#0;&amp;#0;&amp;#0;&amp;#0;&amp;#0;&amp;#0;&amp;#0;&amp;#0;&amp;#0;&amp;#0;&amp;#0;&amp;#0;&amp;#0;&amp;#0;&amp;#0;&amp;#0;&amp;#0;&amp;#0;&amp;#0;&amp;#0;&amp;#0;&amp;#0;&amp;#0;&amp;#0;&amp;#0;&amp;#0;&amp;#0;&amp;#0;&amp;#0;&amp;#0;&amp;#0;&amp;#0;&amp;#0;&amp;#0;&amp;#0;&amp;#0;&amp;#0;&amp;#0;&amp;#0;&amp;#0;&amp;#0;&amp;#0;&amp;#0;&amp;#0;&amp;#0;&amp;#0;&amp;#0;&amp;#0;&amp;#0;&amp;#0;&amp;#0;&amp;#0;&amp;#0;&amp;#0;&amp;#0;&amp;#0;&amp;#0;&amp;#0;&amp;#0;&amp;#0;&amp;#0;&amp;#0;&amp;#0;&amp;#0;&amp;#0;&amp;#0;&amp;#0;&amp;#0;&amp;#0;&amp;#0;&amp;#0;&amp;#0;&amp;#0;&amp;#0;&amp;#0;&amp;#0;&amp;#0;&amp;#0;&amp;#0;&amp;#0;&amp;#0;&amp;#0;&amp;#0;&amp;#0;&amp;#0;&amp;#0;&amp;#0;&amp;#0;&amp;#0;&amp;#0;&amp;#0;&amp;#0;&amp;#0;&amp;#0;&amp;#0;&amp;#0;&amp;#0;&amp;#0;&amp;#0;&amp;#0;&amp;#0;&amp;#0;&amp;#0;&amp;#0;&amp;#0;&amp;#0;&amp;#0;&amp;#0;&amp;#0;&amp;#0;&amp;#0;&amp;#0;&amp;#0;&amp;#0;&amp;#0;&amp;#0;&amp;#0;&amp;#0;&amp;#0;&amp;#0;&amp;#0;&amp;#0;&amp;#0;&amp;#0;&amp;#0;&amp;#0;&amp;#0;&amp;#0;&amp;#0;&amp;#0;&amp;#0;&amp;#0;&amp;#0;&amp;#0;&amp;#0;&amp;#0;&amp;#0;&amp;#0;&amp;#0;&amp;#0;&amp;#0;&amp;#0;&amp;#0;&amp;#0;&amp;#0;&amp;#0;&amp;#0;&amp;#0;&amp;#0;&amp;#0;&amp;#0;&amp;#0;&amp;#0;&amp;#0;&amp;#0;&amp;#0;&amp;#0;&amp;#0;&amp;#0;&amp;#0;&amp;#0;&amp;#0;&amp;#0;&amp;#0;&amp;#0;&amp;#0;&amp;#0;&amp;#0;&amp;#0;&amp;#0;&amp;#0;&amp;#0;&amp;#0;&amp;#0;&amp;#0;&amp;#0;&amp;#0;&amp;#0;&amp;#0;&amp;#0;&amp;#0;&amp;#0;&amp;#0;&amp;#0;&amp;#0;&amp;#0;&amp;#0;&amp;#0;&amp;#0;&amp;#0;&amp;#0;&amp;#0;&amp;#0;&amp;#0;&amp;#0;&amp;#0;&amp;#0;&amp;#0;&amp;#0;&amp;#0;&amp;#0;&amp;#0;&amp;#0;&amp;#0;&amp;#0;&amp;#0;&amp;#0;&amp;#0;&amp;#0;&amp;#0;&amp;#0;&amp;#0;&amp;#0;&amp;#0;&amp;#0;&amp;#0;&amp;#0;&amp;#0;&amp;#0;&amp;#0;&amp;#0;&amp;#0;&amp;#0;&amp;#0;&amp;#0;&amp;#0;&amp;#0;&amp;#0;&amp;#0;&amp;#0;&amp;#0;&amp;#0;&amp;#0;&amp;#0;&amp;#0;&amp;#0;&amp;#0;&amp;#0;&amp;#0;&amp;#0;&amp;#0;&amp;#0;&amp;#0;&amp;#0;&amp;#0;&amp;#0;&amp;#0;&amp;#0;&amp;#0;&amp;#0;&amp;#0;&amp;#0;&amp;#0;&amp;#0;&amp;#0;&amp;#0;&amp;#0;&amp;#0;&amp;#0;&amp;#0;&amp;#0;&amp;#0;&amp;#0;&amp;#0;&amp;#0;&amp;#0;&amp;#0;&amp;#0;&amp;#0;&amp;#0;&amp;#0;&amp;#0;&amp;#0;&amp;#0;&amp;#0;&amp;#0;&amp;#0;&amp;#0;&amp;#0;&amp;#0;&amp;#0;&amp;#0;&amp;#0;&amp;#0;&amp;#0;&amp;#0;&amp;#0;&amp;#0;&amp;#0;&amp;#0;&amp;#0;&amp;#0;&amp;#0;&amp;#0;&amp;#0;&amp;#0;&amp;#0;&amp;#0;&amp;#0;&amp;#0;&amp;#0;&amp;#0;&amp;#0;&amp;#0;&amp;#0;&amp;#0;&amp;#0;&amp;#0;&amp;#0;&amp;#0;&amp;#0;&amp;#0;&amp;#0;&amp;#0;&amp;#0;&amp;#0;&amp;#0;&amp;#0;&amp;#0;&amp;#0;&amp;#0;&amp;#0;&amp;#0;&amp;#0;&amp;#0;&amp;#0;&amp;#0;&amp;#0;&amp;#0;&amp;#0;&amp;#0;&amp;#0;&amp;#0;&amp;#0;&amp;#0;&amp;#0;&amp;#0;&amp;#0;&amp;#0;&amp;#0;&amp;#0;&amp;#0;&amp;#0;&amp;#0;&amp;#0;&amp;#0;&amp;#0;&amp;#0;&amp;#0;&amp;#0;&amp;#0;&amp;#0;&amp;#0;&amp;#0;&amp;#0;&amp;#0;&amp;#0;&amp;#0;&amp;#0;&amp;#0;&amp;#0;&amp;#0;&amp;#0;&amp;#0;&amp;#0;&amp;#0;&amp;#0;&amp;#0;&amp;#0;&amp;#0;&amp;#0;&amp;#0;&amp;#0;&amp;#0;&amp;#0;&amp;#0;&amp;#0;&amp;#0;&amp;#0;&amp;#0;&amp;#0;&amp;#0;&amp;#0;&amp;#0;&amp;#0;&amp;#0;&amp;#0;&amp;#0;&amp;#0;&amp;#0;&amp;#0;&amp;#0;&amp;#0;&amp;#0;&amp;#0;&amp;#0;&amp;#0;&amp;#0;&amp;#0;&amp;#0;&amp;#0;&amp;#0;&amp;#0;&amp;#0;&amp;#0;&amp;#0;&amp;#0;&amp;#0;&amp;#0;&amp;#0;&amp;#0;&amp;#0;&amp;#0;&amp;#0;&amp;#0;&amp;#0;&amp;#0;&amp;#0;&amp;#0;&amp;#0;&amp;#0;&amp;#0;&amp;#0;&amp;#0;&amp;#0;&amp;#0;&amp;#0;&amp;#0;&amp;#0;&amp;#0;&amp;#0;&amp;#0;&amp;#0;&amp;#0;&amp;#0;&amp;#0;&amp;#0;&amp;#0;&amp;#0;&amp;#0;&amp;#0;&amp;#0;&amp;#0;&amp;#0;&amp;#0;&amp;#0;&amp;#0;&amp;#0;&amp;#0;&amp;#0;&amp;#0;&amp;#0;&amp;#0;&amp;#0;&amp;#0;&amp;#0;&amp;#0;&amp;#0;&amp;#0;&amp;#0;&amp;#0;&amp;#0;&amp;#0;&amp;#0;&amp;#0;&amp;#0;&amp;#0;&amp;#0;&amp;#0;&amp;#0;&amp;#0;&amp;#0;&amp;#0;&amp;#0;&amp;#0;&amp;#0;&amp;#0;&amp;#0;&amp;#0;&amp;#0;&amp;#0;&amp;#0;&amp;#0;&amp;#0;&amp;#0;&amp;#0;&amp;#0;&amp;#0;&amp;#0;&amp;#0;&amp;#0;&amp;#0;&amp;#0;&amp;#0;&amp;#0;&amp;#0;&amp;#0;&amp;#0;&amp;#0;&amp;#0;&amp;#0;&amp;#0;&amp;#0;&amp;#0;&amp;#0;&amp;#0;&amp;#0;&amp;#0;&amp;#0;&amp;#0;&amp;#0;&amp;#0;&amp;#0;&amp;#0;&amp;#0;&amp;#0;&amp;#0;&amp;#0;&amp;#0;&amp;#0;&amp;#0;&amp;#0;&amp;#0;&amp;#0;&amp;#0;&amp;#0;&amp;#0;&amp;#0;&amp;#0;&amp;#0;&amp;#0;&amp;#0;&amp;#0;&amp;#0;&amp;#0;&amp;#0;&amp;#0;&amp;#0;&amp;#0;&amp;#0;&amp;#0;&amp;#0;&amp;#0;&amp;#0;&amp;#0;&amp;#0;&amp;#0;&amp;#0;&amp;#0;&amp;#0;&amp;#0;&amp;#0;&amp;#0;&amp;#0;&amp;#0;&amp;#0;&amp;#0;&amp;#0;&amp;#0;&amp;#0;&amp;#0;&amp;#0;&amp;#0;&amp;#0;&amp;#0;&amp;#0;&amp;#0;&amp;#0;&amp;#0;&amp;#0;&amp;#0;&amp;#0;&amp;#0;&amp;#0;&amp;#0;&amp;#0;&amp;#0;&amp;#0;&amp;#0;&amp;#0;&amp;#0;&amp;#0;&amp;#0;&amp;#0;&amp;#0;&amp;#0;&amp;#0;&amp;#0;&amp;#0;&amp;#0;&amp;#0;&amp;#0;&amp;#0;&amp;#0;&amp;#0;&amp;#0;&amp;#0;&amp;#0;&amp;#0;&amp;#0;&amp;#0;&amp;#0;&amp;#0;&amp;#0;&amp;#0;&amp;#0;&amp;#0;&amp;#0;&amp;#0;&amp;#0;&amp;#0;&amp;#0;&amp;#0;&amp;#0;&amp;#0;&amp;#0;&amp;#0;&amp;#0;&amp;#0;&amp;#0;&amp;#0;&amp;#0;&amp;#0;&amp;#0;&amp;#0;&amp;#0;&amp;#0;&amp;#0;&amp;#0;&amp;#0;&amp;#0;&amp;#0;&amp;#0;&amp;#0;&amp;#0;&amp;#0;&amp;#0;&amp;#0;&amp;#0;&amp;#0;&amp;#0;&amp;#0;&amp;#0;&amp;#0;&amp;#0;&amp;#0;&amp;#0;&amp;#0;&amp;#0;&amp;#0;&amp;#0;&amp;#0;&amp;#0;&amp;#0;&amp;#0;&amp;#0;&amp;#0;&amp;#0;&amp;#0;&amp;#0;&amp;#0;&amp;#0;&amp;#0;&amp;#0;&amp;#0;&amp;#0;&amp;#0;&amp;#0;&amp;#0;&amp;#0;&amp;#0;&amp;#0;&amp;#0;&amp;#0;&amp;#0;&amp;#0;&amp;#0;&amp;#0;&amp;#0;&amp;#0;&amp;#0;&amp;#0;&amp;#0;&amp;#0;&amp;#0;&amp;#0;&amp;#0;&amp;#0;&amp;#0;&amp;#0;&amp;#0;&amp;#0;&amp;#0;&amp;#0;&amp;#0;&amp;#0;&amp;#0;&amp;#0;&amp;#0;&amp;#0;&amp;#0;&amp;#0;&amp;#0;&amp;#0;&amp;#0;&amp;#0;&amp;#0;&amp;#0;&amp;#0;&amp;#0;&amp;#0;&amp;#0;&amp;#0;&amp;#0;&amp;#0;&amp;#0;&amp;#0;&amp;#0;&amp;#0;&amp;#0;&amp;#0;&amp;#0;&amp;#0;&amp;#0;&amp;#0;&amp;#0;&amp;#0;&amp;#0;&amp;#0;&amp;#0;&amp;#0;&amp;#0;&amp;#0;&amp;#0;&amp;#0;&amp;#0;&amp;#0;&amp;#0;&amp;#0;&amp;#0;&amp;#0;&amp;#0;&amp;#0;&amp;#0;&amp;#0;&amp;#0;&amp;#0;&amp;#0;&amp;#0;&amp;#0;&amp;#0;&amp;#0;&amp;#0;&amp;#0;&amp;#0;&amp;#0;&amp;#0;&amp;#0;&amp;#0;&amp;#0;&amp;#0;&amp;#0;&amp;#0;&amp;#0;&amp;#0;&amp;#0;&amp;#0;&amp;#0;&amp;#0;&amp;#0;&amp;#0;&amp;#0;&amp;#0;&amp;#0;&amp;#0;&amp;#0;&amp;#0;&amp;#0;&amp;#0;&amp;#0;&amp;#0;&amp;#0;&amp;#0;&amp;#0;&amp;#0;&amp;#0;&amp;#0;&amp;#0;&amp;#0;&amp;#0;&amp;#0;&amp;#0;&amp;#0;&amp;#0;&amp;#0;&amp;#0;&amp;#0;&amp;#0;&amp;#0;&amp;#0;&amp;#0;&amp;#0;&amp;#0;&amp;#0;&amp;#0;&amp;#0;&amp;#0;&amp;#0;&amp;#0;&amp;#0;&amp;#0;&amp;#0;&amp;#0;&amp;#0;&amp;#0;&amp;#0;&amp;#0;&amp;#0;&amp;#0;&amp;#0;&amp;#0;&amp;#0;&amp;#0;&amp;#0;&amp;#0;&amp;#0;&amp;#0;&amp;#0;&amp;#0;&amp;#0;&amp;#0;&amp;#0;&amp;#0;&amp;#0;&amp;#0;&amp;#0;&amp;#0;&amp;#0;&amp;#0;&amp;#0;&amp;#0;&amp;#0;&amp;#0;&amp;#0;&amp;#0;&amp;#0;&amp;#0;&amp;#0;&amp;#0;&amp;#0;&amp;#0;&amp;#0;&amp;#0;&amp;#0;&amp;#0;&amp;#0;&amp;#0;&amp;#0;&amp;#0;&amp;#0;&amp;#0;&amp;#0;&amp;#0;&amp;#0;&amp;#0;&amp;#0;&amp;#0;&amp;#0;&amp;#0;&amp;#0;&amp;#0;&amp;#0;&amp;#0;&amp;#0;&amp;#0;&amp;#0;&amp;#0;&amp;#0;&amp;#0;&amp;#0;&amp;#0;&amp;#0;&amp;#0;&amp;#0;&amp;#0;&amp;#0;&amp;#0;&amp;#0;&amp;#0;&amp;#0;&amp;#0;&amp;#0;&amp;#0;&amp;#0;&amp;#0;&amp;#0;&amp;#0;&amp;#0;&amp;#0;&amp;#0;&amp;#0;&amp;#0;&amp;#0;&amp;#0;&amp;#0;&amp;#0;&amp;#0;&amp;#0;&amp;#0;&amp;#0;&amp;#0;&amp;#0;&amp;#0;&amp;#0;&amp;#0;&amp;#0;&amp;#0;&amp;#0;&amp;#0;&amp;#0;&amp;#0;&amp;#0;&amp;#0;&amp;#0;&amp;#0;&amp;#0;&amp;#0;&amp;#0;&amp;#0;&amp;#0;&amp;#0;&amp;#0;&amp;#0;&amp;#0;&amp;#0;&amp;#0;&amp;#0;&amp;#0;&amp;#0;&amp;#0;&amp;#0;&amp;#0;&amp;#0;&amp;#0;&amp;#0;&amp;#0;&amp;#0;&amp;#0;&amp;#0;&amp;#0;&amp;#0;&amp;#0;&amp;#0;&amp;#0;&amp;#0;&amp;#0;&amp;#0;&amp;#0;&amp;#0;&amp;#0;&amp;#0;&amp;#0;&amp;#0;&amp;#0;&amp;#0;&amp;#0;&amp;#0;&amp;#0;&amp;#0;&amp;#0;&amp;#0;&amp;#0;&amp;#0;&amp;#0;&amp;#0;&amp;#0;&amp;#0;&amp;#0;&amp;#0;&amp;#0;&amp;#0;&amp;#0;&amp;#0;&amp;#0;&amp;#0;&amp;#0;&amp;#0;&amp;#0;&amp;#0;&amp;#0;&amp;#0;&amp;#0;&amp;#0;&amp;#0;&amp;#0;&amp;#0;&amp;#0;&amp;#0;&amp;#0;&amp;#0;&amp;#0;&amp;#0;&amp;#0;&amp;#0;&amp;#0;&amp;#0;&amp;#0;&amp;#0;&amp;#0;&amp;#0;&amp;#0;&amp;#0;&amp;#0;&amp;#0;&amp;#0;&amp;#0;&amp;#0;&amp;#0;&amp;#0;&amp;#0;&amp;#0;&amp;#0;&amp;#0;&amp;#0;&amp;#0;&amp;#0;&amp;#0;&amp;#0;&amp;#0;&amp;#0;&amp;#0;&amp;#0;&amp;#0;&amp;#0;&amp;#0;&amp;#0;&amp;#0;&amp;#0;&amp;#0;&amp;#0;&amp;#0;&amp;#0;&amp;#0;&amp;#0;&amp;#0;&amp;#0;&amp;#0;&amp;#0;&amp;#0;&amp;#0;&amp;#0;&amp;#0;&amp;#0;&amp;#0;&amp;#0;&amp;#0;&amp;#0;&amp;#0;&amp;#0;&amp;#0;&amp;#0;&amp;#0;&amp;#0;&amp;#0;&amp;#0;&amp;#0;&amp;#0;&amp;#0;&amp;#0;&amp;#0;&amp;#0;&amp;#0;&amp;#0;&amp;#0;&amp;#0;&amp;#0;&amp;#0;&amp;#0;&amp;#0;&amp;#0;&amp;#0;&amp;#0;&amp;#0;&amp;#0;&amp;#0;&amp;#0;&amp;#0;&amp;#0;&amp;#0;&amp;#0;&amp;#0;&amp;#0;&amp;#0;&amp;#0;&amp;#0;&amp;#0;&amp;#0;&amp;#0;&amp;#0;&amp;#0;&amp;#0;&amp;#0;&amp;#0;&amp;#0;&amp;#0;&amp;#0;&amp;#0;&amp;#0;&amp;#0;&amp;#0;&amp;#0;&amp;#0;&amp;#0;&amp;#0;&amp;#0;&amp;#0;&amp;#0;&amp;#0;&amp;#0;&amp;#0;&amp;#0;&amp;#0;&amp;#0;&amp;#0;&amp;#0;&amp;#0;&amp;#0;&amp;#0;&amp;#0;&amp;#0;&amp;#0;&amp;#0;&amp;#0;&amp;#0;&amp;#0;&amp;#0;&amp;#0;&amp;#0;&amp;#0;&amp;#0;&amp;#0;&amp;#0;&amp;#0;&amp;#0;&amp;#0;&amp;#0;&amp;#0;&amp;#0;&amp;#0;&amp;#0;&amp;#0;&amp;#0;&amp;#0;&amp;#0;&amp;#0;&amp;#0;&amp;#0;&amp;#0;&amp;#0;&amp;#0;&amp;#0;&amp;#0;&amp;#0;&amp;#0;&amp;#0;&amp;#0;&amp;#0;&amp;#0;&amp;#0;&amp;#0;&amp;#0;&amp;#0;&amp;#0;&amp;#0;&amp;#0;&amp;#0;&amp;#0;&amp;#0;&amp;#0;&amp;#0;&amp;#0;&amp;#0;&amp;#0;&amp;#0;&amp;#0;&amp;#0;&amp;#0;&amp;#0;&amp;#0;&amp;#0;&amp;#0;&amp;#0;&amp;#0;&amp;#0;&amp;#0;&amp;#0;&amp;#0;&amp;#0;&amp;#0;&amp;#0;&amp;#0;&amp;#0;&amp;#0;&amp;#0;&amp;#0;&amp;#0;&amp;#0;&amp;#0;&amp;#0;&amp;#0;&amp;#0;&amp;#0;&amp;#0;&amp;#0;&amp;#0;&amp;#0;&amp;#0;&amp;#0;&amp;#0;&amp;#0;&amp;#0;&amp;#0;&amp;#0;&amp;#0;&amp;#0;&amp;#0;&amp;#0;&amp;#0;&amp;#0;&amp;#0;&amp;#0;&amp;#0;&amp;#0;&amp;#0;&amp;#0;&amp;#0;&amp;#0;&amp;#0;&amp;#0;&amp;#0;&amp;#0;&amp;#0;&amp;#0;&amp;#0;&amp;#0;&amp;#0;&amp;#0;&amp;#0;&amp;#0;&amp;#0;&amp;#0;&amp;#0;&amp;#0;&amp;#0;&amp;#0;&amp;#0;&amp;#0;&amp;#0;&amp;#0;&amp;#0;&amp;#0;&amp;#0;&amp;#0;&amp;#0;&amp;#0;&amp;#0;&amp;#0;&amp;#0;&amp;#0;&amp;#0;&amp;#0;&amp;#0;&amp;#0;&amp;#0;&amp;#0;&amp;#0;&amp;#0;&amp;#0;&amp;#0;&amp;#0;&amp;#0;&amp;#0;&amp;#0;&amp;#0;&amp;#0;&amp;#0;&amp;#0;&amp;#0;&amp;#0;&amp;#0;&amp;#0;&amp;#0;&amp;#0;&amp;#0;&amp;#0;&amp;#0;&amp;#0;&amp;#0;&amp;#0;&amp;#0;&amp;#0;&amp;#0;&amp;#0;&amp;#0;&amp;#0;&amp;#0;&amp;#0;&amp;#0;&amp;#0;&amp;#0;&amp;#0;&amp;#0;&amp;#0;&amp;#0;&amp;#0;&amp;#0;&amp;#0;&amp;#0;&amp;#0;&amp;#0;&amp;#0;&amp;#0;&amp;#0;&amp;#0;&amp;#0;&amp;#0;&amp;#0;&amp;#0;&amp;#0;&amp;#0;&amp;#0;&amp;#0;&amp;#0;&amp;#0;&amp;#0;&amp;#0;&amp;#0;&amp;#0;&amp;#0;&amp;#0;&amp;#0;&amp;#0;&amp;#0;&amp;#0;&amp;#0;&amp;#0;&amp;#0;&amp;#0;&amp;#0;&amp;#0;&amp;#0;&amp;#0;&amp;#0;&amp;#0;&amp;#0;&amp;#0;&amp;#0;&amp;#0;&amp;#0;&amp;#0;&amp;#0;&amp;#0;&amp;#0;&amp;#0;&amp;#0;&amp;#0;&amp;#0;&amp;#0;&amp;#0;&amp;#0;&amp;#0;&amp;#0;&amp;#0;&amp;#0;&amp;#0;&amp;#0;&amp;#0;&amp;#0;&amp;#0;&amp;#0;&amp;#0;&amp;#0;&amp;#0;&amp;#0;&amp;#0;&amp;#0;&amp;#0;&amp;#0;&amp;#0;&amp;#0;&amp;#0;&amp;#0;&amp;#0;&amp;#0;&amp;#0;&amp;#0;&amp;#0;&amp;#0;&amp;#0;&amp;#0;&amp;#0;&amp;#0;&amp;#0;&amp;#0;&amp;#0;&amp;#0;&amp;#0;&amp;#0;&amp;#0;&amp;#0;&amp;#0;&amp;#0;&amp;#0;&amp;#0;&amp;#0;&amp;#0;&amp;#0;&amp;#0;&amp;#0;&amp;#0;&amp;#0;&amp;#0;&amp;#0;&amp;#0;&amp;#0;&amp;#0;&amp;#0;&amp;#0;&amp;#0;&amp;#0;&amp;#0;&amp;#0;&amp;#0;&amp;#0;&amp;#0;&amp;#0;&amp;#0;&amp;#0;&amp;#0;&amp;#0;&amp;#0;&amp;#0;&amp;#0;&amp;#0;&amp;#0;&amp;#0;&amp;#0;&amp;#0;&amp;#0;&amp;#0;&amp;#0;&amp;#0;&amp;#0;&amp;#0;&amp;#0;&amp;#0;&amp;#0;&amp;#0;&amp;#0;&amp;#0;&amp;#0;&amp;#0;&amp;#0;&amp;#0;&amp;#0;&amp;#0;&amp;#0;&amp;#0;&amp;#0;&amp;#0;&amp;#0;&amp;#0;&amp;#0;&amp;#0;&amp;#0;&amp;#0;&amp;#0;&amp;#0;&amp;#0;&amp;#0;&amp;#0;&amp;#0;&amp;#0;&amp;#0;&amp;#0;&amp;#0;&amp;#0;&amp;#0;&amp;#0;&amp;#0;&amp;#0;&amp;#0;&amp;#0;&amp;#0;&amp;#0;&amp;#0;&amp;#0;&amp;#0;&amp;#0;&amp;#0;&amp;#0;&amp;#0;&amp;#0;&amp;#0;&amp;#0;&amp;#0;&amp;#0;&amp;#0;&amp;#0;&amp;#0;&amp;#0;&amp;#0;&amp;#0;&amp;#0;&amp;#0;&amp;#0;&amp;#0;&amp;#0;&amp;#0;&amp;#0;&amp;#0;&amp;#0;&amp;#0;&amp;#0;&amp;#0;&amp;#0;&amp;#0;&amp;#0;&amp;#0;&amp;#0;&amp;#0;&amp;#0;&amp;#0;&amp;#0;&amp;#0;&amp;#0;&amp;#0;&amp;#0;&amp;#0;&amp;#0;&amp;#0;&amp;#0;&amp;#0;&amp;#0;&amp;#0;&amp;#0;&amp;#0;&amp;#0;&amp;#0;&amp;#0;&amp;#0;&amp;#0;&amp;#0;&amp;#0;&amp;#0;&amp;#0;&amp;#0;&amp;#0;&amp;#0;&amp;#0;&amp;#0;&amp;#0;&amp;#0;&amp;#0;&amp;#0;&amp;#0;&amp;#0;&amp;#0;&amp;#0;&amp;#0;&amp;#0;&amp;#0;&amp;#0;&amp;#0;&amp;#0;&amp;#0;&amp;#0;&amp;#0;&amp;#0;&amp;#0;&amp;#0;&amp;#0;&amp;#0;&amp;#0;&amp;#0;&amp;#0;&amp;#0;&amp;#0;&amp;#0;&amp;#0;&amp;#0;&amp;#0;&amp;#0;&amp;#0;&amp;#0;&amp;#0;&amp;#0;&amp;#0;&amp;#0;&amp;#0;&amp;#0;&amp;#0;&amp;#0;&amp;#0;&amp;#0;&amp;#0;&amp;#0;&amp;#0;&amp;#0;&amp;#0;&amp;#0;&amp;#0;&amp;#0;&amp;#0;&amp;#0;&amp;#0;&amp;#0;&amp;#0;&amp;#0;&amp;#0;&amp;#0;&amp;#0;&amp;#0;&amp;#0;&amp;#0;&amp;#0;&amp;#0;&amp;#0;&amp;#0;&amp;#0;&amp;#0;&amp;#0;&amp;#0;&amp;#0;&amp;#0;&amp;#0;&amp;#0;&amp;#0;&amp;#0;&amp;#0;&amp;#0;&amp;#0;&amp;#0;&amp;#0;&amp;#0;&amp;#0;
19:14:18.390 [main] ERROR - Je passe ici ------------------------------------------------------
19:14:18.390 [main] ERROR - Exception occured during compilation!
java.util.MissingFormatArgumentException: Format specifier &apos;%s&apos;
	at java.util.Formatter.format(Formatter.java:2519) ~[?:1.8.0_131]
	at java.io.PrintWriter.format(PrintWriter.java:905) ~[?:1.8.0_131]
	at java.io.PrintWriter.printf(PrintWriter.java:804) ~[?:1.8.0_131]
	at be.unamur.info.b314.compiler.Visitor.PCodePrinter.printSetTo(PCodePrinter.java:78) ~[classes/:?]
	at be.unamur.info.b314.compiler.Visitor.PCodeVisitor.visitVarDecl(PCodeVisitor.java:672) ~[classes/:?]
	at be.unamur.info.b314.compiler.B314Parser$VarDeclContext.accept(B314Parser.java:405) ~[classes/:?]
	at be.unamur.info.b314.compiler.Visitor.PCodeVisitor.visitProgramme(PCodeVisitor.java:64) ~[classes/:?]
	at be.unamur.info.b314.compiler.B314Parser$ProgrammeContext.accept(B314Parser.java:4028) ~[classes/:?]
	at be.unamur.info.b314.compiler.main.Main.printPCode(Main.java:236) ~[classes/:?]
	at be.unamur.info.b314.compiler.main.Main.compile(Main.java:199) ~[classes/:?]
	at be.unamur.info.b314.compiler.main.Main.main(Main.java:79) [classes/:?]
	at be.unamur.info.b314.compiler.main.CompilerTestHelper.launchCompilation(CompilerTestHelper.java:35) [test-classes/:?]
	at be.unamur.info.b314.compiler.main.B314localvariabledeclSyntaxTest.testlocalvariabledecl_fct_local_var_diff_names_than_global_vars_but_same_name_in_different_functions_ok(B314localvariabledeclSyntaxTest.java:39) [test-classes/:?]
	at sun.reflect.NativeMethodAccessorImpl.invoke0(Native Method) ~[?:1.8.0_131]
	at sun.reflect.NativeMethodAccessorImpl.invoke(NativeMethodAccessorImpl.java:62) ~[?:1.8.0_131]
	at sun.reflect.DelegatingMethodAccessorImpl.invoke(DelegatingMethodAccessorImpl.java:43) ~[?:1.8.0_131]
	at java.lang.reflect.Method.invoke(Method.java:498) ~[?:1.8.0_131]
	at org.junit.runners.model.FrameworkMethod$1.runReflectiveCall(FrameworkMethod.java:50) [junit-4.12.jar:4.12]
	at org.junit.internal.runners.model.ReflectiveCallable.run(ReflectiveCallable.java:12) [junit-4.12.jar:4.12]
	at org.junit.runners.model.FrameworkMethod.invokeExplosively(FrameworkMethod.java:47) [junit-4.12.jar:4.12]
	at org.junit.internal.runners.statements.InvokeMethod.evaluate(InvokeMethod.java:17) [junit-4.12.jar:4.12]
	at org.junit.rules.ExternalResource$1.evaluate(ExternalResource.java:48) [junit-4.12.jar:4.12]
	at org.junit.rules.TestWatcher$1.evaluate(TestWatcher.java:55) [junit-4.12.jar:4.12]
	at org.junit.rules.RunRules.evaluate(RunRules.java:20) [junit-4.12.jar:4.12]
	at org.junit.runners.ParentRunner.runLeaf(ParentRunner.java:325) [junit-4.12.jar:4.12]
	at org.junit.runners.BlockJUnit4ClassRunner.runChild(BlockJUnit4ClassRunner.java:78) [junit-4.12.jar:4.12]
	at org.junit.runners.BlockJUnit4ClassRunner.runChild(BlockJUnit4ClassRunner.java:57) [junit-4.12.jar:4.12]
	at org.junit.runners.ParentRunner$3.run(ParentRunner.java:290) [junit-4.12.jar:4.12]
	at org.junit.runners.ParentRunner$1.schedule(ParentRunner.java:71) [junit-4.12.jar:4.12]
	at org.junit.runners.ParentRunner.runChildren(ParentRunner.java:288) [junit-4.12.jar:4.12]
	at org.junit.runners.ParentRunner.access$000(ParentRunner.java:58) [junit-4.12.jar:4.12]
	at org.junit.runners.ParentRunner$2.evaluate(ParentRunner.java:268) [junit-4.12.jar:4.12]
	at org.junit.runners.ParentRunner.run(ParentRunner.java:363) [junit-4.12.jar:4.12]
	at org.apache.maven.surefire.junit4.JUnit4Provider.execute(JUnit4Provider.java:252) [surefire-junit4-2.12.4.jar:2.12.4]
	at org.apache.maven.surefire.junit4.JUnit4Provider.executeTestSet(JUnit4Provider.java:141) [surefire-junit4-2.12.4.jar:2.12.4]
	at org.apache.maven.surefire.junit4.JUnit4Provider.invoke(JUnit4Provider.java:112) [surefire-junit4-2.12.4.jar:2.12.4]
	at sun.reflect.NativeMethodAccessorImpl.invoke0(Native Method) ~[?:1.8.0_131]
	at sun.reflect.NativeMethodAccessorImpl.invoke(NativeMethodAccessorImpl.java:62) ~[?:1.8.0_131]
	at sun.reflect.DelegatingMethodAccessorImpl.invoke(DelegatingMethodAccessorImpl.java:43) ~[?:1.8.0_131]
	at java.lang.reflect.Method.invoke(Method.java:498) ~[?:1.8.0_131]
	at org.apache.maven.surefire.util.ReflectionUtils.invokeMethodWithArray(ReflectionUtils.java:189) [surefire-api-2.12.4.jar:2.12.4]
	at org.apache.maven.surefire.booter.ProviderFactory$ProviderProxy.invoke(ProviderFactory.java:165) [surefire-booter-2.12.4.jar:2.12.4]
	at org.apache.maven.surefire.booter.ProviderFactory.invokeProvider(ProviderFactory.java:85) [surefire-booter-2.12.4.jar:2.12.4]
	at org.apache.maven.surefire.booter.ForkedBooter.runSuitesInProcess(ForkedBooter.java:115) [surefire-booter-2.12.4.jar:2.12.4]
	at org.apache.maven.surefire.booter.ForkedBooter.main(ForkedBooter.java:75) [surefire-booter-2.12.4.jar:2.12.4]
</system-out>
  </testcase>
  <testcase classname="be.unamur.info.b314.compiler.main.B314localvariabledeclSyntaxTest" name="testlocalvariabledecl_fct_local_var_diff_names_than_global_vars_ok" time="0.018">
    <failure message="localvariabledecl: fct_local_var_diff_names_than_global_vars
Expected: a string ending with &quot;OK\r\n&quot;
     but: was &quot;KO
&quot;" type="java.lang.AssertionError">java.lang.AssertionError: localvariabledecl: fct_local_var_diff_names_than_global_vars
Expected: a string ending with &quot;OK\r\n&quot;
     but: was &quot;KO
&quot;
	at org.hamcrest.MatcherAssert.assertThat(MatcherAssert.java:20)
	at org.junit.Assert.assertThat(Assert.java:956)
	at be.unamur.info.b314.compiler.main.CompilerTestHelper.launchCompilation(CompilerTestHelper.java:42)
	at be.unamur.info.b314.compiler.main.B314localvariabledeclSyntaxTest.testlocalvariabledecl_fct_local_var_diff_names_than_global_vars_ok(B314localvariabledeclSyntaxTest.java:34)
	at sun.reflect.NativeMethodAccessorImpl.invoke0(Native Method)
	at sun.reflect.NativeMethodAccessorImpl.invoke(NativeMethodAccessorImpl.java:62)
	at sun.reflect.DelegatingMethodAccessorImpl.invoke(DelegatingMethodAccessorImpl.java:43)
	at java.lang.reflect.Method.invoke(Method.java:498)
	at org.junit.runners.model.FrameworkMethod$1.runReflectiveCall(FrameworkMethod.java:50)
	at org.junit.internal.runners.model.ReflectiveCallable.run(ReflectiveCallable.java:12)
	at org.junit.runners.model.FrameworkMethod.invokeExplosively(FrameworkMethod.java:47)
	at org.junit.internal.runners.statements.InvokeMethod.evaluate(InvokeMethod.java:17)
	at org.junit.rules.ExternalResource$1.evaluate(ExternalResource.java:48)
	at org.junit.rules.TestWatcher$1.evaluate(TestWatcher.java:55)
	at org.junit.rules.RunRules.evaluate(RunRules.java:20)
	at org.junit.runners.ParentRunner.runLeaf(ParentRunner.java:325)
	at org.junit.runners.BlockJUnit4ClassRunner.runChild(BlockJUnit4ClassRunner.java:78)
	at org.junit.runners.BlockJUnit4ClassRunner.runChild(BlockJUnit4ClassRunner.java:57)
	at org.junit.runners.ParentRunner$3.run(ParentRunner.java:290)
	at org.junit.runners.ParentRunner$1.schedule(ParentRunner.java:71)
	at org.junit.runners.ParentRunner.runChildren(ParentRunner.java:288)
	at org.junit.runners.ParentRunner.access$000(ParentRunner.java:58)
	at org.junit.runners.ParentRunner$2.evaluate(ParentRunner.java:268)
	at org.junit.runners.ParentRunner.run(ParentRunner.java:363)
	at org.apache.maven.surefire.junit4.JUnit4Provider.execute(JUnit4Provider.java:252)
	at org.apache.maven.surefire.junit4.JUnit4Provider.executeTestSet(JUnit4Provider.java:141)
	at org.apache.maven.surefire.junit4.JUnit4Provider.invoke(JUnit4Provider.java:112)
	at sun.reflect.NativeMethodAccessorImpl.invoke0(Native Method)
	at sun.reflect.NativeMethodAccessorImpl.invoke(NativeMethodAccessorImpl.java:62)
	at sun.reflect.DelegatingMethodAccessorImpl.invoke(DelegatingMethodAccessorImpl.java:43)
	at java.lang.reflect.Method.invoke(Method.java:498)
	at org.apache.maven.surefire.util.ReflectionUtils.invokeMethodWithArray(ReflectionUtils.java:189)
	at org.apache.maven.surefire.booter.ProviderFactory$ProviderProxy.invoke(ProviderFactory.java:165)
	at org.apache.maven.surefire.booter.ProviderFactory.invokeProvider(ProviderFactory.java:85)
	at org.apache.maven.surefire.booter.ForkedBooter.runSuitesInProcess(ForkedBooter.java:115)
	at org.apache.maven.surefire.booter.ForkedBooter.main(ForkedBooter.java:75)
</failure>
    <system-out>19:14:18.393 [main] INFO  - Starting test: testlocalvariabledecl_fct_local_var_diff_names_than_global_vars_ok()...
org.apache.commons.cli.CommandLine@37ff4054
19:14:18.396 [main] DEBUG - Initialisation
19:14:18.396 [main] DEBUG - Input file set to C:\Users\Dano\Desktop\b314-Jour\target\test-classes\syntax\localvariabledecl\ok\fct_local_var_diff_names_than_global_vars.b314
19:14:18.396 [main] DEBUG - Output file set to C:\Users\Dano\AppData\Local\Temp\junit8567168291145897416\junit2197797942311705545.tmp
19:14:18.396 [main] DEBUG - Initialisation: done
jessica1
19:14:18.403 [main] DEBUG - Parsing input
/* My comments */ 
declare and retain 
	b1 as boolean;
	b2 as boolean;
    i1 as integer; 
    i2 as integer;
    i3 as integer;
    s1 as square;
    s2 as square;
    v1 as boolean[5, 7];
    v2 as integer[42];

    fct1 as function():square
    	do
    		skip
    	done 

    fct2 as function(x as integer, y as boolean):integer
    	declare local
    		loc1 as integer;
    		loc2 as boolean;
    		loc3 as square;
    		loc4 as integer[5];
    	do
    		compute loc1 + 2 - loc4[0 + 1 - i1] = 5 and not loc2 or loc3 = dirt
    	done 

    fct3 as function():boolean
    	do
    		skip
    	done 

    fct4 as function():square
    	do
    		skip
    	done 

    fct5 as function(x as integer, y as boolean, z as square):integer
    	do
    		skip
    	done 
    	
when your turn 

	when true and b1 or v1[0, i1 + 2 * 5] do
		if b1 and i1 = 2 then
			while i1 &lt; i3 do
				set i2 to i1 + 1
			done
		else
			if s1 = ammo then
				next do nothing
			done
		done
	done 

	when false do
		skip
	done

	when not graal is north and i2 &gt; 5 and v2[4] &lt; 42 or s1 = dirt do
    	compute fct1()
    	set s1 to fct1()
    	if fct5(i1 + 2, s2 = ammo, ennemi) &gt; 2 then
    		skip
    	done
    	while fct3() do
    		skip
    	done
    	next move west
	done

	by default do 
		skip 
	done&amp;#0;&amp;#0;&amp;#0;&amp;#0;&amp;#0;&amp;#0;&amp;#0;&amp;#0;&amp;#0;&amp;#0;&amp;#0;&amp;#0;&amp;#0;&amp;#0;&amp;#0;&amp;#0;&amp;#0;&amp;#0;&amp;#0;&amp;#0;&amp;#0;&amp;#0;&amp;#0;&amp;#0;&amp;#0;&amp;#0;&amp;#0;&amp;#0;&amp;#0;&amp;#0;&amp;#0;&amp;#0;&amp;#0;&amp;#0;&amp;#0;&amp;#0;&amp;#0;&amp;#0;&amp;#0;&amp;#0;&amp;#0;&amp;#0;&amp;#0;&amp;#0;&amp;#0;&amp;#0;&amp;#0;&amp;#0;&amp;#0;&amp;#0;&amp;#0;&amp;#0;&amp;#0;&amp;#0;&amp;#0;&amp;#0;&amp;#0;&amp;#0;&amp;#0;&amp;#0;&amp;#0;&amp;#0;&amp;#0;&amp;#0;&amp;#0;&amp;#0;&amp;#0;&amp;#0;&amp;#0;&amp;#0;&amp;#0;&amp;#0;&amp;#0;&amp;#0;&amp;#0;&amp;#0;&amp;#0;&amp;#0;&amp;#0;&amp;#0;&amp;#0;&amp;#0;&amp;#0;&amp;#0;&amp;#0;&amp;#0;&amp;#0;&amp;#0;&amp;#0;&amp;#0;&amp;#0;&amp;#0;&amp;#0;&amp;#0;&amp;#0;&amp;#0;&amp;#0;&amp;#0;&amp;#0;&amp;#0;&amp;#0;&amp;#0;&amp;#0;&amp;#0;&amp;#0;&amp;#0;&amp;#0;&amp;#0;&amp;#0;&amp;#0;&amp;#0;&amp;#0;&amp;#0;&amp;#0;&amp;#0;&amp;#0;&amp;#0;&amp;#0;&amp;#0;&amp;#0;&amp;#0;&amp;#0;&amp;#0;&amp;#0;&amp;#0;&amp;#0;&amp;#0;&amp;#0;&amp;#0;&amp;#0;&amp;#0;&amp;#0;&amp;#0;&amp;#0;&amp;#0;&amp;#0;&amp;#0;&amp;#0;&amp;#0;&amp;#0;&amp;#0;&amp;#0;&amp;#0;&amp;#0;&amp;#0;&amp;#0;&amp;#0;&amp;#0;&amp;#0;&amp;#0;&amp;#0;&amp;#0;&amp;#0;&amp;#0;&amp;#0;&amp;#0;&amp;#0;&amp;#0;&amp;#0;&amp;#0;&amp;#0;&amp;#0;&amp;#0;&amp;#0;&amp;#0;&amp;#0;&amp;#0;&amp;#0;&amp;#0;&amp;#0;&amp;#0;&amp;#0;&amp;#0;&amp;#0;&amp;#0;&amp;#0;&amp;#0;&amp;#0;&amp;#0;&amp;#0;&amp;#0;&amp;#0;&amp;#0;&amp;#0;&amp;#0;&amp;#0;&amp;#0;&amp;#0;&amp;#0;&amp;#0;&amp;#0;&amp;#0;&amp;#0;&amp;#0;&amp;#0;&amp;#0;&amp;#0;&amp;#0;&amp;#0;&amp;#0;&amp;#0;&amp;#0;&amp;#0;&amp;#0;&amp;#0;&amp;#0;&amp;#0;&amp;#0;&amp;#0;&amp;#0;&amp;#0;&amp;#0;&amp;#0;&amp;#0;&amp;#0;&amp;#0;&amp;#0;&amp;#0;&amp;#0;&amp;#0;&amp;#0;&amp;#0;&amp;#0;&amp;#0;&amp;#0;&amp;#0;&amp;#0;&amp;#0;&amp;#0;&amp;#0;&amp;#0;&amp;#0;&amp;#0;&amp;#0;&amp;#0;&amp;#0;&amp;#0;&amp;#0;&amp;#0;&amp;#0;&amp;#0;&amp;#0;&amp;#0;&amp;#0;&amp;#0;&amp;#0;&amp;#0;&amp;#0;&amp;#0;&amp;#0;&amp;#0;&amp;#0;&amp;#0;&amp;#0;&amp;#0;&amp;#0;&amp;#0;&amp;#0;&amp;#0;&amp;#0;&amp;#0;&amp;#0;&amp;#0;&amp;#0;&amp;#0;&amp;#0;&amp;#0;&amp;#0;&amp;#0;&amp;#0;&amp;#0;&amp;#0;&amp;#0;&amp;#0;&amp;#0;&amp;#0;&amp;#0;&amp;#0;&amp;#0;&amp;#0;&amp;#0;&amp;#0;&amp;#0;&amp;#0;&amp;#0;&amp;#0;&amp;#0;&amp;#0;&amp;#0;&amp;#0;&amp;#0;&amp;#0;&amp;#0;&amp;#0;&amp;#0;&amp;#0;&amp;#0;&amp;#0;&amp;#0;&amp;#0;&amp;#0;&amp;#0;&amp;#0;&amp;#0;&amp;#0;&amp;#0;&amp;#0;&amp;#0;&amp;#0;&amp;#0;&amp;#0;&amp;#0;&amp;#0;&amp;#0;&amp;#0;&amp;#0;&amp;#0;&amp;#0;&amp;#0;&amp;#0;&amp;#0;&amp;#0;&amp;#0;&amp;#0;&amp;#0;&amp;#0;&amp;#0;&amp;#0;&amp;#0;&amp;#0;&amp;#0;&amp;#0;&amp;#0;&amp;#0;&amp;#0;&amp;#0;&amp;#0;&amp;#0;&amp;#0;&amp;#0;&amp;#0;&amp;#0;&amp;#0;&amp;#0;&amp;#0;&amp;#0;&amp;#0;&amp;#0;&amp;#0;&amp;#0;&amp;#0;&amp;#0;&amp;#0;&amp;#0;&amp;#0;&amp;#0;&amp;#0;&amp;#0;&amp;#0;&amp;#0;&amp;#0;&amp;#0;&amp;#0;&amp;#0;&amp;#0;&amp;#0;&amp;#0;&amp;#0;&amp;#0;&amp;#0;&amp;#0;&amp;#0;&amp;#0;&amp;#0;&amp;#0;&amp;#0;&amp;#0;&amp;#0;&amp;#0;&amp;#0;&amp;#0;&amp;#0;&amp;#0;&amp;#0;&amp;#0;&amp;#0;&amp;#0;&amp;#0;&amp;#0;&amp;#0;&amp;#0;&amp;#0;&amp;#0;&amp;#0;&amp;#0;&amp;#0;&amp;#0;&amp;#0;&amp;#0;&amp;#0;&amp;#0;&amp;#0;&amp;#0;&amp;#0;&amp;#0;&amp;#0;&amp;#0;&amp;#0;&amp;#0;&amp;#0;&amp;#0;&amp;#0;&amp;#0;&amp;#0;&amp;#0;&amp;#0;&amp;#0;&amp;#0;&amp;#0;&amp;#0;&amp;#0;&amp;#0;&amp;#0;&amp;#0;&amp;#0;&amp;#0;&amp;#0;&amp;#0;&amp;#0;&amp;#0;&amp;#0;&amp;#0;&amp;#0;&amp;#0;&amp;#0;&amp;#0;&amp;#0;&amp;#0;&amp;#0;&amp;#0;&amp;#0;&amp;#0;&amp;#0;&amp;#0;&amp;#0;&amp;#0;&amp;#0;&amp;#0;&amp;#0;&amp;#0;&amp;#0;&amp;#0;&amp;#0;&amp;#0;&amp;#0;&amp;#0;&amp;#0;&amp;#0;&amp;#0;&amp;#0;&amp;#0;&amp;#0;&amp;#0;&amp;#0;&amp;#0;&amp;#0;&amp;#0;&amp;#0;&amp;#0;&amp;#0;&amp;#0;&amp;#0;&amp;#0;&amp;#0;&amp;#0;&amp;#0;&amp;#0;&amp;#0;&amp;#0;&amp;#0;&amp;#0;&amp;#0;&amp;#0;&amp;#0;&amp;#0;&amp;#0;&amp;#0;&amp;#0;&amp;#0;&amp;#0;&amp;#0;&amp;#0;&amp;#0;&amp;#0;&amp;#0;&amp;#0;&amp;#0;&amp;#0;&amp;#0;&amp;#0;&amp;#0;&amp;#0;&amp;#0;&amp;#0;&amp;#0;&amp;#0;&amp;#0;&amp;#0;&amp;#0;&amp;#0;&amp;#0;&amp;#0;&amp;#0;&amp;#0;&amp;#0;&amp;#0;&amp;#0;&amp;#0;&amp;#0;&amp;#0;&amp;#0;&amp;#0;&amp;#0;&amp;#0;&amp;#0;&amp;#0;&amp;#0;&amp;#0;&amp;#0;&amp;#0;&amp;#0;&amp;#0;&amp;#0;&amp;#0;&amp;#0;&amp;#0;&amp;#0;&amp;#0;&amp;#0;&amp;#0;&amp;#0;&amp;#0;&amp;#0;&amp;#0;&amp;#0;&amp;#0;&amp;#0;&amp;#0;&amp;#0;&amp;#0;&amp;#0;&amp;#0;&amp;#0;&amp;#0;&amp;#0;&amp;#0;&amp;#0;&amp;#0;&amp;#0;&amp;#0;&amp;#0;&amp;#0;&amp;#0;&amp;#0;&amp;#0;&amp;#0;&amp;#0;&amp;#0;&amp;#0;&amp;#0;&amp;#0;&amp;#0;&amp;#0;&amp;#0;&amp;#0;&amp;#0;&amp;#0;&amp;#0;&amp;#0;&amp;#0;&amp;#0;&amp;#0;&amp;#0;&amp;#0;&amp;#0;&amp;#0;&amp;#0;&amp;#0;&amp;#0;&amp;#0;&amp;#0;&amp;#0;&amp;#0;&amp;#0;&amp;#0;&amp;#0;&amp;#0;&amp;#0;&amp;#0;&amp;#0;&amp;#0;&amp;#0;&amp;#0;&amp;#0;&amp;#0;&amp;#0;&amp;#0;&amp;#0;&amp;#0;&amp;#0;&amp;#0;&amp;#0;&amp;#0;&amp;#0;&amp;#0;&amp;#0;&amp;#0;&amp;#0;&amp;#0;&amp;#0;&amp;#0;&amp;#0;&amp;#0;&amp;#0;&amp;#0;&amp;#0;&amp;#0;&amp;#0;&amp;#0;&amp;#0;&amp;#0;&amp;#0;&amp;#0;&amp;#0;&amp;#0;&amp;#0;&amp;#0;&amp;#0;&amp;#0;&amp;#0;&amp;#0;&amp;#0;&amp;#0;&amp;#0;&amp;#0;&amp;#0;&amp;#0;&amp;#0;&amp;#0;&amp;#0;&amp;#0;&amp;#0;&amp;#0;&amp;#0;&amp;#0;&amp;#0;&amp;#0;&amp;#0;&amp;#0;&amp;#0;&amp;#0;&amp;#0;&amp;#0;&amp;#0;&amp;#0;&amp;#0;&amp;#0;&amp;#0;&amp;#0;&amp;#0;&amp;#0;&amp;#0;&amp;#0;&amp;#0;&amp;#0;&amp;#0;&amp;#0;&amp;#0;&amp;#0;&amp;#0;&amp;#0;&amp;#0;&amp;#0;&amp;#0;&amp;#0;&amp;#0;&amp;#0;&amp;#0;&amp;#0;&amp;#0;&amp;#0;&amp;#0;&amp;#0;&amp;#0;&amp;#0;&amp;#0;&amp;#0;&amp;#0;&amp;#0;&amp;#0;&amp;#0;&amp;#0;&amp;#0;&amp;#0;&amp;#0;&amp;#0;&amp;#0;&amp;#0;&amp;#0;&amp;#0;&amp;#0;&amp;#0;&amp;#0;&amp;#0;&amp;#0;&amp;#0;&amp;#0;&amp;#0;&amp;#0;&amp;#0;&amp;#0;&amp;#0;&amp;#0;&amp;#0;&amp;#0;&amp;#0;&amp;#0;&amp;#0;&amp;#0;&amp;#0;&amp;#0;&amp;#0;&amp;#0;&amp;#0;&amp;#0;&amp;#0;&amp;#0;&amp;#0;&amp;#0;&amp;#0;&amp;#0;&amp;#0;&amp;#0;&amp;#0;&amp;#0;&amp;#0;&amp;#0;&amp;#0;&amp;#0;&amp;#0;&amp;#0;&amp;#0;&amp;#0;&amp;#0;&amp;#0;&amp;#0;&amp;#0;&amp;#0;&amp;#0;&amp;#0;&amp;#0;&amp;#0;&amp;#0;&amp;#0;&amp;#0;&amp;#0;&amp;#0;&amp;#0;&amp;#0;&amp;#0;&amp;#0;&amp;#0;&amp;#0;&amp;#0;&amp;#0;&amp;#0;&amp;#0;&amp;#0;&amp;#0;&amp;#0;&amp;#0;&amp;#0;&amp;#0;&amp;#0;&amp;#0;&amp;#0;&amp;#0;&amp;#0;&amp;#0;&amp;#0;&amp;#0;&amp;#0;&amp;#0;&amp;#0;&amp;#0;&amp;#0;&amp;#0;&amp;#0;&amp;#0;&amp;#0;&amp;#0;&amp;#0;&amp;#0;&amp;#0;&amp;#0;&amp;#0;&amp;#0;&amp;#0;&amp;#0;&amp;#0;&amp;#0;&amp;#0;&amp;#0;&amp;#0;&amp;#0;&amp;#0;&amp;#0;&amp;#0;&amp;#0;&amp;#0;&amp;#0;&amp;#0;&amp;#0;&amp;#0;&amp;#0;&amp;#0;&amp;#0;&amp;#0;&amp;#0;&amp;#0;&amp;#0;&amp;#0;&amp;#0;&amp;#0;&amp;#0;&amp;#0;&amp;#0;&amp;#0;&amp;#0;&amp;#0;&amp;#0;&amp;#0;&amp;#0;&amp;#0;&amp;#0;&amp;#0;&amp;#0;&amp;#0;&amp;#0;&amp;#0;&amp;#0;&amp;#0;&amp;#0;&amp;#0;&amp;#0;&amp;#0;&amp;#0;&amp;#0;&amp;#0;&amp;#0;&amp;#0;&amp;#0;&amp;#0;&amp;#0;&amp;#0;&amp;#0;&amp;#0;&amp;#0;&amp;#0;&amp;#0;&amp;#0;&amp;#0;&amp;#0;&amp;#0;&amp;#0;&amp;#0;&amp;#0;&amp;#0;&amp;#0;&amp;#0;&amp;#0;&amp;#0;&amp;#0;&amp;#0;&amp;#0;&amp;#0;&amp;#0;&amp;#0;&amp;#0;&amp;#0;&amp;#0;&amp;#0;&amp;#0;&amp;#0;&amp;#0;&amp;#0;&amp;#0;&amp;#0;&amp;#0;&amp;#0;&amp;#0;&amp;#0;&amp;#0;&amp;#0;&amp;#0;&amp;#0;&amp;#0;&amp;#0;&amp;#0;&amp;#0;&amp;#0;&amp;#0;&amp;#0;&amp;#0;&amp;#0;&amp;#0;&amp;#0;&amp;#0;&amp;#0;&amp;#0;&amp;#0;&amp;#0;&amp;#0;&amp;#0;&amp;#0;&amp;#0;&amp;#0;&amp;#0;&amp;#0;&amp;#0;&amp;#0;&amp;#0;&amp;#0;&amp;#0;&amp;#0;&amp;#0;&amp;#0;&amp;#0;&amp;#0;&amp;#0;&amp;#0;&amp;#0;&amp;#0;&amp;#0;&amp;#0;&amp;#0;&amp;#0;&amp;#0;&amp;#0;&amp;#0;&amp;#0;&amp;#0;&amp;#0;&amp;#0;&amp;#0;&amp;#0;&amp;#0;&amp;#0;&amp;#0;&amp;#0;&amp;#0;&amp;#0;&amp;#0;&amp;#0;&amp;#0;&amp;#0;&amp;#0;&amp;#0;&amp;#0;&amp;#0;&amp;#0;&amp;#0;&amp;#0;&amp;#0;&amp;#0;&amp;#0;&amp;#0;&amp;#0;&amp;#0;&amp;#0;&amp;#0;&amp;#0;&amp;#0;&amp;#0;&amp;#0;&amp;#0;&amp;#0;&amp;#0;&amp;#0;&amp;#0;&amp;#0;&amp;#0;&amp;#0;&amp;#0;&amp;#0;&amp;#0;&amp;#0;&amp;#0;&amp;#0;&amp;#0;&amp;#0;&amp;#0;&amp;#0;&amp;#0;&amp;#0;&amp;#0;&amp;#0;&amp;#0;&amp;#0;&amp;#0;&amp;#0;&amp;#0;&amp;#0;&amp;#0;&amp;#0;&amp;#0;&amp;#0;&amp;#0;&amp;#0;&amp;#0;&amp;#0;&amp;#0;&amp;#0;&amp;#0;&amp;#0;&amp;#0;&amp;#0;&amp;#0;&amp;#0;&amp;#0;&amp;#0;&amp;#0;&amp;#0;&amp;#0;&amp;#0;&amp;#0;&amp;#0;&amp;#0;&amp;#0;&amp;#0;&amp;#0;&amp;#0;&amp;#0;&amp;#0;&amp;#0;&amp;#0;&amp;#0;&amp;#0;&amp;#0;&amp;#0;&amp;#0;&amp;#0;&amp;#0;&amp;#0;&amp;#0;&amp;#0;&amp;#0;&amp;#0;&amp;#0;&amp;#0;&amp;#0;&amp;#0;&amp;#0;&amp;#0;&amp;#0;&amp;#0;&amp;#0;&amp;#0;&amp;#0;&amp;#0;&amp;#0;&amp;#0;&amp;#0;&amp;#0;&amp;#0;&amp;#0;&amp;#0;&amp;#0;&amp;#0;&amp;#0;&amp;#0;&amp;#0;&amp;#0;&amp;#0;&amp;#0;&amp;#0;&amp;#0;&amp;#0;&amp;#0;&amp;#0;&amp;#0;&amp;#0;&amp;#0;&amp;#0;&amp;#0;&amp;#0;&amp;#0;&amp;#0;&amp;#0;&amp;#0;&amp;#0;&amp;#0;&amp;#0;&amp;#0;&amp;#0;&amp;#0;&amp;#0;&amp;#0;&amp;#0;&amp;#0;&amp;#0;&amp;#0;&amp;#0;&amp;#0;&amp;#0;&amp;#0;&amp;#0;&amp;#0;&amp;#0;&amp;#0;&amp;#0;&amp;#0;&amp;#0;&amp;#0;&amp;#0;&amp;#0;&amp;#0;&amp;#0;&amp;#0;&amp;#0;&amp;#0;&amp;#0;&amp;#0;&amp;#0;&amp;#0;&amp;#0;&amp;#0;&amp;#0;&amp;#0;&amp;#0;&amp;#0;&amp;#0;&amp;#0;&amp;#0;&amp;#0;&amp;#0;&amp;#0;&amp;#0;&amp;#0;&amp;#0;&amp;#0;&amp;#0;&amp;#0;&amp;#0;&amp;#0;&amp;#0;&amp;#0;&amp;#0;&amp;#0;&amp;#0;&amp;#0;&amp;#0;&amp;#0;&amp;#0;&amp;#0;&amp;#0;&amp;#0;&amp;#0;&amp;#0;&amp;#0;&amp;#0;&amp;#0;&amp;#0;&amp;#0;&amp;#0;&amp;#0;&amp;#0;&amp;#0;&amp;#0;&amp;#0;&amp;#0;&amp;#0;&amp;#0;&amp;#0;&amp;#0;&amp;#0;&amp;#0;&amp;#0;&amp;#0;&amp;#0;&amp;#0;&amp;#0;&amp;#0;&amp;#0;&amp;#0;&amp;#0;&amp;#0;&amp;#0;&amp;#0;&amp;#0;&amp;#0;&amp;#0;&amp;#0;&amp;#0;&amp;#0;&amp;#0;&amp;#0;&amp;#0;&amp;#0;&amp;#0;&amp;#0;&amp;#0;&amp;#0;&amp;#0;&amp;#0;&amp;#0;&amp;#0;&amp;#0;&amp;#0;&amp;#0;&amp;#0;&amp;#0;&amp;#0;&amp;#0;&amp;#0;&amp;#0;&amp;#0;&amp;#0;&amp;#0;&amp;#0;&amp;#0;&amp;#0;&amp;#0;&amp;#0;&amp;#0;&amp;#0;&amp;#0;&amp;#0;&amp;#0;&amp;#0;&amp;#0;&amp;#0;&amp;#0;&amp;#0;&amp;#0;&amp;#0;&amp;#0;&amp;#0;&amp;#0;&amp;#0;&amp;#0;&amp;#0;&amp;#0;&amp;#0;&amp;#0;&amp;#0;&amp;#0;&amp;#0;&amp;#0;&amp;#0;&amp;#0;&amp;#0;&amp;#0;&amp;#0;&amp;#0;&amp;#0;&amp;#0;&amp;#0;&amp;#0;&amp;#0;&amp;#0;&amp;#0;&amp;#0;&amp;#0;&amp;#0;&amp;#0;&amp;#0;&amp;#0;&amp;#0;&amp;#0;&amp;#0;&amp;#0;&amp;#0;&amp;#0;&amp;#0;&amp;#0;&amp;#0;&amp;#0;&amp;#0;&amp;#0;&amp;#0;&amp;#0;&amp;#0;&amp;#0;&amp;#0;&amp;#0;&amp;#0;&amp;#0;&amp;#0;&amp;#0;&amp;#0;&amp;#0;&amp;#0;&amp;#0;&amp;#0;&amp;#0;&amp;#0;&amp;#0;&amp;#0;&amp;#0;&amp;#0;&amp;#0;&amp;#0;&amp;#0;&amp;#0;&amp;#0;&amp;#0;&amp;#0;&amp;#0;&amp;#0;&amp;#0;&amp;#0;&amp;#0;&amp;#0;&amp;#0;&amp;#0;&amp;#0;&amp;#0;&amp;#0;&amp;#0;&amp;#0;&amp;#0;&amp;#0;&amp;#0;&amp;#0;&amp;#0;&amp;#0;&amp;#0;&amp;#0;&amp;#0;&amp;#0;&amp;#0;&amp;#0;&amp;#0;&amp;#0;&amp;#0;&amp;#0;&amp;#0;&amp;#0;&amp;#0;&amp;#0;&amp;#0;&amp;#0;&amp;#0;&amp;#0;&amp;#0;&amp;#0;&amp;#0;&amp;#0;&amp;#0;&amp;#0;&amp;#0;&amp;#0;&amp;#0;&amp;#0;&amp;#0;&amp;#0;&amp;#0;&amp;#0;&amp;#0;&amp;#0;&amp;#0;&amp;#0;&amp;#0;&amp;#0;&amp;#0;&amp;#0;&amp;#0;&amp;#0;&amp;#0;&amp;#0;&amp;#0;&amp;#0;&amp;#0;&amp;#0;&amp;#0;&amp;#0;&amp;#0;&amp;#0;&amp;#0;&amp;#0;&amp;#0;&amp;#0;&amp;#0;&amp;#0;&amp;#0;&amp;#0;&amp;#0;&amp;#0;&amp;#0;&amp;#0;&amp;#0;&amp;#0;&amp;#0;&amp;#0;&amp;#0;&amp;#0;&amp;#0;&amp;#0;&amp;#0;&amp;#0;&amp;#0;&amp;#0;&amp;#0;&amp;#0;&amp;#0;&amp;#0;&amp;#0;&amp;#0;&amp;#0;&amp;#0;&amp;#0;&amp;#0;&amp;#0;&amp;#0;&amp;#0;&amp;#0;&amp;#0;&amp;#0;&amp;#0;&amp;#0;&amp;#0;&amp;#0;&amp;#0;&amp;#0;&amp;#0;&amp;#0;&amp;#0;&amp;#0;&amp;#0;&amp;#0;&amp;#0;&amp;#0;&amp;#0;&amp;#0;&amp;#0;&amp;#0;&amp;#0;&amp;#0;&amp;#0;&amp;#0;&amp;#0;&amp;#0;&amp;#0;&amp;#0;&amp;#0;&amp;#0;&amp;#0;&amp;#0;&amp;#0;&amp;#0;&amp;#0;&amp;#0;&amp;#0;&amp;#0;&amp;#0;&amp;#0;&amp;#0;&amp;#0;&amp;#0;&amp;#0;&amp;#0;&amp;#0;&amp;#0;&amp;#0;&amp;#0;&amp;#0;&amp;#0;&amp;#0;&amp;#0;&amp;#0;&amp;#0;&amp;#0;&amp;#0;&amp;#0;&amp;#0;&amp;#0;&amp;#0;&amp;#0;&amp;#0;&amp;#0;&amp;#0;&amp;#0;&amp;#0;&amp;#0;&amp;#0;&amp;#0;&amp;#0;&amp;#0;&amp;#0;&amp;#0;&amp;#0;&amp;#0;&amp;#0;&amp;#0;&amp;#0;&amp;#0;&amp;#0;&amp;#0;&amp;#0;&amp;#0;&amp;#0;&amp;#0;&amp;#0;&amp;#0;&amp;#0;&amp;#0;&amp;#0;&amp;#0;&amp;#0;&amp;#0;&amp;#0;&amp;#0;&amp;#0;&amp;#0;&amp;#0;&amp;#0;&amp;#0;&amp;#0;&amp;#0;&amp;#0;&amp;#0;&amp;#0;&amp;#0;&amp;#0;&amp;#0;&amp;#0;&amp;#0;&amp;#0;&amp;#0;&amp;#0;&amp;#0;&amp;#0;&amp;#0;&amp;#0;&amp;#0;&amp;#0;&amp;#0;&amp;#0;&amp;#0;&amp;#0;&amp;#0;&amp;#0;&amp;#0;&amp;#0;&amp;#0;&amp;#0;&amp;#0;&amp;#0;&amp;#0;&amp;#0;&amp;#0;&amp;#0;&amp;#0;&amp;#0;&amp;#0;&amp;#0;&amp;#0;&amp;#0;&amp;#0;&amp;#0;&amp;#0;&amp;#0;&amp;#0;&amp;#0;&amp;#0;&amp;#0;&amp;#0;&amp;#0;&amp;#0;&amp;#0;&amp;#0;&amp;#0;&amp;#0;&amp;#0;&amp;#0;&amp;#0;&amp;#0;&amp;#0;&amp;#0;&amp;#0;&amp;#0;&amp;#0;&amp;#0;&amp;#0;&amp;#0;&amp;#0;&amp;#0;&amp;#0;&amp;#0;&amp;#0;&amp;#0;&amp;#0;&amp;#0;&amp;#0;&amp;#0;&amp;#0;&amp;#0;&amp;#0;&amp;#0;&amp;#0;&amp;#0;&amp;#0;&amp;#0;&amp;#0;&amp;#0;&amp;#0;&amp;#0;&amp;#0;&amp;#0;&amp;#0;&amp;#0;&amp;#0;&amp;#0;&amp;#0;&amp;#0;&amp;#0;&amp;#0;&amp;#0;&amp;#0;&amp;#0;&amp;#0;&amp;#0;&amp;#0;&amp;#0;&amp;#0;&amp;#0;&amp;#0;&amp;#0;&amp;#0;&amp;#0;&amp;#0;&amp;#0;&amp;#0;&amp;#0;&amp;#0;&amp;#0;&amp;#0;&amp;#0;&amp;#0;&amp;#0;&amp;#0;&amp;#0;&amp;#0;&amp;#0;&amp;#0;&amp;#0;&amp;#0;&amp;#0;&amp;#0;&amp;#0;&amp;#0;&amp;#0;&amp;#0;&amp;#0;&amp;#0;&amp;#0;&amp;#0;&amp;#0;&amp;#0;&amp;#0;&amp;#0;&amp;#0;&amp;#0;&amp;#0;&amp;#0;&amp;#0;&amp;#0;&amp;#0;&amp;#0;&amp;#0;&amp;#0;&amp;#0;&amp;#0;&amp;#0;&amp;#0;&amp;#0;&amp;#0;&amp;#0;&amp;#0;&amp;#0;&amp;#0;&amp;#0;&amp;#0;&amp;#0;&amp;#0;&amp;#0;&amp;#0;&amp;#0;&amp;#0;&amp;#0;&amp;#0;&amp;#0;&amp;#0;&amp;#0;&amp;#0;&amp;#0;&amp;#0;&amp;#0;&amp;#0;&amp;#0;&amp;#0;&amp;#0;&amp;#0;&amp;#0;&amp;#0;&amp;#0;&amp;#0;&amp;#0;&amp;#0;&amp;#0;&amp;#0;&amp;#0;&amp;#0;&amp;#0;&amp;#0;&amp;#0;&amp;#0;&amp;#0;&amp;#0;&amp;#0;&amp;#0;&amp;#0;&amp;#0;&amp;#0;&amp;#0;&amp;#0;&amp;#0;&amp;#0;&amp;#0;&amp;#0;&amp;#0;&amp;#0;&amp;#0;&amp;#0;&amp;#0;&amp;#0;&amp;#0;&amp;#0;&amp;#0;&amp;#0;&amp;#0;&amp;#0;&amp;#0;&amp;#0;&amp;#0;&amp;#0;&amp;#0;&amp;#0;&amp;#0;&amp;#0;&amp;#0;&amp;#0;&amp;#0;&amp;#0;&amp;#0;&amp;#0;&amp;#0;&amp;#0;&amp;#0;&amp;#0;&amp;#0;&amp;#0;&amp;#0;&amp;#0;&amp;#0;&amp;#0;&amp;#0;&amp;#0;&amp;#0;&amp;#0;&amp;#0;&amp;#0;&amp;#0;&amp;#0;&amp;#0;&amp;#0;&amp;#0;&amp;#0;&amp;#0;&amp;#0;&amp;#0;&amp;#0;&amp;#0;&amp;#0;&amp;#0;&amp;#0;&amp;#0;&amp;#0;&amp;#0;&amp;#0;&amp;#0;&amp;#0;&amp;#0;&amp;#0;&amp;#0;&amp;#0;&amp;#0;&amp;#0;&amp;#0;&amp;#0;&amp;#0;&amp;#0;&amp;#0;&amp;#0;&amp;#0;&amp;#0;&amp;#0;&amp;#0;&amp;#0;&amp;#0;&amp;#0;&amp;#0;&amp;#0;&amp;#0;&amp;#0;&amp;#0;&amp;#0;&amp;#0;&amp;#0;&amp;#0;&amp;#0;&amp;#0;&amp;#0;&amp;#0;&amp;#0;&amp;#0;&amp;#0;&amp;#0;&amp;#0;&amp;#0;&amp;#0;&amp;#0;&amp;#0;&amp;#0;&amp;#0;&amp;#0;&amp;#0;&amp;#0;&amp;#0;&amp;#0;&amp;#0;&amp;#0;&amp;#0;&amp;#0;&amp;#0;&amp;#0;&amp;#0;&amp;#0;&amp;#0;&amp;#0;&amp;#0;&amp;#0;&amp;#0;&amp;#0;&amp;#0;&amp;#0;&amp;#0;&amp;#0;&amp;#0;&amp;#0;&amp;#0;&amp;#0;&amp;#0;&amp;#0;&amp;#0;&amp;#0;&amp;#0;&amp;#0;&amp;#0;&amp;#0;&amp;#0;&amp;#0;&amp;#0;&amp;#0;&amp;#0;&amp;#0;&amp;#0;&amp;#0;&amp;#0;&amp;#0;&amp;#0;&amp;#0;&amp;#0;&amp;#0;&amp;#0;&amp;#0;&amp;#0;&amp;#0;&amp;#0;&amp;#0;&amp;#0;&amp;#0;&amp;#0;&amp;#0;&amp;#0;&amp;#0;&amp;#0;&amp;#0;&amp;#0;&amp;#0;&amp;#0;&amp;#0;&amp;#0;&amp;#0;&amp;#0;&amp;#0;&amp;#0;&amp;#0;&amp;#0;&amp;#0;&amp;#0;&amp;#0;&amp;#0;&amp;#0;&amp;#0;&amp;#0;&amp;#0;&amp;#0;&amp;#0;&amp;#0;&amp;#0;&amp;#0;&amp;#0;&amp;#0;&amp;#0;&amp;#0;&amp;#0;&amp;#0;&amp;#0;&amp;#0;&amp;#0;&amp;#0;&amp;#0;&amp;#0;&amp;#0;&amp;#0;&amp;#0;&amp;#0;&amp;#0;&amp;#0;&amp;#0;&amp;#0;&amp;#0;&amp;#0;&amp;#0;&amp;#0;&amp;#0;&amp;#0;&amp;#0;&amp;#0;&amp;#0;&amp;#0;&amp;#0;&amp;#0;&amp;#0;&amp;#0;&amp;#0;&amp;#0;&amp;#0;&amp;#0;&amp;#0;&amp;#0;&amp;#0;&amp;#0;&amp;#0;&amp;#0;&amp;#0;&amp;#0;&amp;#0;&amp;#0;&amp;#0;&amp;#0;&amp;#0;&amp;#0;&amp;#0;&amp;#0;&amp;#0;&amp;#0;&amp;#0;&amp;#0;&amp;#0;&amp;#0;&amp;#0;&amp;#0;&amp;#0;&amp;#0;&amp;#0;&amp;#0;&amp;#0;&amp;#0;&amp;#0;&amp;#0;&amp;#0;&amp;#0;&amp;#0;&amp;#0;&amp;#0;&amp;#0;&amp;#0;&amp;#0;&amp;#0;&amp;#0;&amp;#0;&amp;#0;&amp;#0;&amp;#0;&amp;#0;&amp;#0;&amp;#0;&amp;#0;&amp;#0;&amp;#0;&amp;#0;&amp;#0;&amp;#0;&amp;#0;&amp;#0;&amp;#0;&amp;#0;&amp;#0;&amp;#0;&amp;#0;&amp;#0;&amp;#0;&amp;#0;&amp;#0;&amp;#0;&amp;#0;&amp;#0;&amp;#0;&amp;#0;&amp;#0;&amp;#0;&amp;#0;&amp;#0;&amp;#0;&amp;#0;&amp;#0;&amp;#0;&amp;#0;&amp;#0;&amp;#0;&amp;#0;&amp;#0;&amp;#0;&amp;#0;&amp;#0;&amp;#0;&amp;#0;&amp;#0;&amp;#0;&amp;#0;&amp;#0;&amp;#0;&amp;#0;&amp;#0;&amp;#0;&amp;#0;&amp;#0;&amp;#0;&amp;#0;&amp;#0;&amp;#0;&amp;#0;&amp;#0;&amp;#0;&amp;#0;&amp;#0;&amp;#0;&amp;#0;&amp;#0;&amp;#0;&amp;#0;&amp;#0;&amp;#0;&amp;#0;&amp;#0;&amp;#0;&amp;#0;&amp;#0;&amp;#0;&amp;#0;&amp;#0;&amp;#0;&amp;#0;&amp;#0;&amp;#0;&amp;#0;&amp;#0;&amp;#0;&amp;#0;&amp;#0;&amp;#0;&amp;#0;&amp;#0;&amp;#0;&amp;#0;&amp;#0;&amp;#0;&amp;#0;&amp;#0;&amp;#0;&amp;#0;&amp;#0;&amp;#0;&amp;#0;&amp;#0;&amp;#0;&amp;#0;&amp;#0;&amp;#0;&amp;#0;&amp;#0;&amp;#0;&amp;#0;&amp;#0;&amp;#0;&amp;#0;&amp;#0;&amp;#0;&amp;#0;&amp;#0;&amp;#0;&amp;#0;&amp;#0;&amp;#0;&amp;#0;&amp;#0;&amp;#0;&amp;#0;&amp;#0;&amp;#0;&amp;#0;&amp;#0;&amp;#0;&amp;#0;&amp;#0;&amp;#0;&amp;#0;&amp;#0;&amp;#0;&amp;#0;&amp;#0;&amp;#0;&amp;#0;&amp;#0;&amp;#0;&amp;#0;&amp;#0;&amp;#0;&amp;#0;&amp;#0;&amp;#0;&amp;#0;&amp;#0;&amp;#0;&amp;#0;&amp;#0;&amp;#0;&amp;#0;&amp;#0;&amp;#0;&amp;#0;&amp;#0;&amp;#0;&amp;#0;&amp;#0;&amp;#0;&amp;#0;&amp;#0;&amp;#0;&amp;#0;&amp;#0;&amp;#0;&amp;#0;&amp;#0;&amp;#0;&amp;#0;&amp;#0;&amp;#0;&amp;#0;&amp;#0;&amp;#0;&amp;#0;&amp;#0;&amp;#0;&amp;#0;&amp;#0;&amp;#0;&amp;#0;&amp;#0;&amp;#0;&amp;#0;&amp;#0;&amp;#0;&amp;#0;&amp;#0;&amp;#0;&amp;#0;&amp;#0;&amp;#0;&amp;#0;&amp;#0;&amp;#0;&amp;#0;&amp;#0;&amp;#0;&amp;#0;&amp;#0;&amp;#0;&amp;#0;&amp;#0;&amp;#0;&amp;#0;&amp;#0;&amp;#0;&amp;#0;&amp;#0;&amp;#0;&amp;#0;&amp;#0;&amp;#0;&amp;#0;&amp;#0;&amp;#0;&amp;#0;&amp;#0;&amp;#0;&amp;#0;&amp;#0;&amp;#0;&amp;#0;&amp;#0;&amp;#0;&amp;#0;&amp;#0;&amp;#0;&amp;#0;&amp;#0;&amp;#0;&amp;#0;&amp;#0;&amp;#0;&amp;#0;&amp;#0;&amp;#0;&amp;#0;&amp;#0;&amp;#0;&amp;#0;&amp;#0;&amp;#0;&amp;#0;&amp;#0;&amp;#0;&amp;#0;&amp;#0;&amp;#0;&amp;#0;&amp;#0;&amp;#0;&amp;#0;&amp;#0;&amp;#0;&amp;#0;&amp;#0;&amp;#0;&amp;#0;&amp;#0;&amp;#0;&amp;#0;&amp;#0;&amp;#0;&amp;#0;&amp;#0;&amp;#0;&amp;#0;&amp;#0;&amp;#0;&amp;#0;&amp;#0;&amp;#0;&amp;#0;&amp;#0;&amp;#0;&amp;#0;&amp;#0;&amp;#0;&amp;#0;&amp;#0;&amp;#0;&amp;#0;&amp;#0;&amp;#0;&amp;#0;&amp;#0;&amp;#0;&amp;#0;&amp;#0;&amp;#0;&amp;#0;&amp;#0;&amp;#0;&amp;#0;&amp;#0;&amp;#0;&amp;#0;&amp;#0;&amp;#0;&amp;#0;&amp;#0;&amp;#0;&amp;#0;&amp;#0;&amp;#0;&amp;#0;&amp;#0;&amp;#0;&amp;#0;&amp;#0;&amp;#0;&amp;#0;&amp;#0;&amp;#0;&amp;#0;&amp;#0;&amp;#0;&amp;#0;&amp;#0;&amp;#0;&amp;#0;&amp;#0;&amp;#0;&amp;#0;&amp;#0;&amp;#0;&amp;#0;&amp;#0;&amp;#0;&amp;#0;&amp;#0;&amp;#0;&amp;#0;&amp;#0;&amp;#0;&amp;#0;&amp;#0;&amp;#0;&amp;#0;&amp;#0;&amp;#0;&amp;#0;&amp;#0;&amp;#0;&amp;#0;&amp;#0;&amp;#0;&amp;#0;&amp;#0;&amp;#0;&amp;#0;&amp;#0;&amp;#0;&amp;#0;&amp;#0;&amp;#0;&amp;#0;&amp;#0;&amp;#0;&amp;#0;&amp;#0;&amp;#0;&amp;#0;&amp;#0;&amp;#0;&amp;#0;&amp;#0;&amp;#0;&amp;#0;&amp;#0;&amp;#0;&amp;#0;&amp;#0;&amp;#0;&amp;#0;&amp;#0;&amp;#0;&amp;#0;&amp;#0;&amp;#0;&amp;#0;&amp;#0;&amp;#0;&amp;#0;&amp;#0;&amp;#0;&amp;#0;&amp;#0;&amp;#0;&amp;#0;&amp;#0;&amp;#0;&amp;#0;&amp;#0;&amp;#0;&amp;#0;&amp;#0;&amp;#0;&amp;#0;&amp;#0;&amp;#0;&amp;#0;&amp;#0;&amp;#0;&amp;#0;&amp;#0;&amp;#0;&amp;#0;&amp;#0;&amp;#0;&amp;#0;&amp;#0;&amp;#0;&amp;#0;&amp;#0;&amp;#0;&amp;#0;&amp;#0;&amp;#0;&amp;#0;&amp;#0;&amp;#0;&amp;#0;&amp;#0;&amp;#0;&amp;#0;&amp;#0;&amp;#0;&amp;#0;&amp;#0;&amp;#0;&amp;#0;&amp;#0;&amp;#0;&amp;#0;&amp;#0;&amp;#0;&amp;#0;&amp;#0;&amp;#0;&amp;#0;&amp;#0;&amp;#0;&amp;#0;&amp;#0;&amp;#0;&amp;#0;&amp;#0;&amp;#0;&amp;#0;&amp;#0;&amp;#0;&amp;#0;&amp;#0;&amp;#0;&amp;#0;&amp;#0;&amp;#0;&amp;#0;&amp;#0;&amp;#0;&amp;#0;&amp;#0;&amp;#0;&amp;#0;&amp;#0;&amp;#0;&amp;#0;&amp;#0;&amp;#0;&amp;#0;&amp;#0;&amp;#0;&amp;#0;&amp;#0;&amp;#0;&amp;#0;&amp;#0;&amp;#0;&amp;#0;&amp;#0;&amp;#0;&amp;#0;&amp;#0;&amp;#0;&amp;#0;&amp;#0;&amp;#0;&amp;#0;&amp;#0;&amp;#0;&amp;#0;&amp;#0;&amp;#0;&amp;#0;&amp;#0;&amp;#0;&amp;#0;&amp;#0;&amp;#0;&amp;#0;&amp;#0;&amp;#0;&amp;#0;&amp;#0;&amp;#0;&amp;#0;&amp;#0;&amp;#0;&amp;#0;&amp;#0;&amp;#0;&amp;#0;&amp;#0;&amp;#0;&amp;#0;&amp;#0;&amp;#0;&amp;#0;&amp;#0;&amp;#0;&amp;#0;&amp;#0;&amp;#0;&amp;#0;&amp;#0;&amp;#0;&amp;#0;&amp;#0;&amp;#0;&amp;#0;&amp;#0;&amp;#0;&amp;#0;&amp;#0;&amp;#0;&amp;#0;&amp;#0;&amp;#0;&amp;#0;&amp;#0;&amp;#0;&amp;#0;&amp;#0;&amp;#0;&amp;#0;&amp;#0;&amp;#0;&amp;#0;&amp;#0;&amp;#0;&amp;#0;&amp;#0;&amp;#0;&amp;#0;&amp;#0;&amp;#0;&amp;#0;&amp;#0;&amp;#0;&amp;#0;&amp;#0;&amp;#0;&amp;#0;&amp;#0;&amp;#0;&amp;#0;&amp;#0;&amp;#0;&amp;#0;&amp;#0;&amp;#0;&amp;#0;&amp;#0;&amp;#0;&amp;#0;&amp;#0;&amp;#0;&amp;#0;&amp;#0;&amp;#0;&amp;#0;&amp;#0;&amp;#0;&amp;#0;&amp;#0;&amp;#0;&amp;#0;&amp;#0;&amp;#0;&amp;#0;&amp;#0;&amp;#0;&amp;#0;&amp;#0;&amp;#0;&amp;#0;&amp;#0;&amp;#0;&amp;#0;&amp;#0;&amp;#0;&amp;#0;&amp;#0;&amp;#0;&amp;#0;&amp;#0;&amp;#0;&amp;#0;&amp;#0;&amp;#0;&amp;#0;&amp;#0;&amp;#0;&amp;#0;&amp;#0;&amp;#0;&amp;#0;&amp;#0;&amp;#0;&amp;#0;&amp;#0;&amp;#0;&amp;#0;&amp;#0;&amp;#0;&amp;#0;&amp;#0;&amp;#0;&amp;#0;&amp;#0;&amp;#0;&amp;#0;&amp;#0;&amp;#0;&amp;#0;&amp;#0;&amp;#0;&amp;#0;&amp;#0;&amp;#0;&amp;#0;&amp;#0;&amp;#0;&amp;#0;&amp;#0;&amp;#0;&amp;#0;&amp;#0;&amp;#0;&amp;#0;&amp;#0;&amp;#0;&amp;#0;&amp;#0;&amp;#0;&amp;#0;&amp;#0;&amp;#0;&amp;#0;&amp;#0;&amp;#0;&amp;#0;&amp;#0;&amp;#0;&amp;#0;&amp;#0;&amp;#0;&amp;#0;&amp;#0;&amp;#0;&amp;#0;&amp;#0;&amp;#0;&amp;#0;&amp;#0;&amp;#0;&amp;#0;&amp;#0;&amp;#0;&amp;#0;&amp;#0;&amp;#0;&amp;#0;&amp;#0;&amp;#0;&amp;#0;&amp;#0;&amp;#0;&amp;#0;&amp;#0;&amp;#0;&amp;#0;&amp;#0;&amp;#0;&amp;#0;&amp;#0;&amp;#0;&amp;#0;&amp;#0;&amp;#0;&amp;#0;&amp;#0;&amp;#0;&amp;#0;&amp;#0;&amp;#0;&amp;#0;&amp;#0;&amp;#0;&amp;#0;&amp;#0;&amp;#0;&amp;#0;&amp;#0;&amp;#0;&amp;#0;&amp;#0;&amp;#0;&amp;#0;&amp;#0;&amp;#0;&amp;#0;&amp;#0;
19:14:18.407 [main] ERROR - Je passe ici ------------------------------------------------------
19:14:18.407 [main] ERROR - Exception occured during compilation!
java.util.MissingFormatArgumentException: Format specifier &apos;%s&apos;
	at java.util.Formatter.format(Formatter.java:2519) ~[?:1.8.0_131]
	at java.io.PrintWriter.format(PrintWriter.java:905) ~[?:1.8.0_131]
	at java.io.PrintWriter.printf(PrintWriter.java:804) ~[?:1.8.0_131]
	at be.unamur.info.b314.compiler.Visitor.PCodePrinter.printSetTo(PCodePrinter.java:78) ~[classes/:?]
	at be.unamur.info.b314.compiler.Visitor.PCodeVisitor.visitVarDecl(PCodeVisitor.java:672) ~[classes/:?]
	at be.unamur.info.b314.compiler.B314Parser$VarDeclContext.accept(B314Parser.java:405) ~[classes/:?]
	at be.unamur.info.b314.compiler.Visitor.PCodeVisitor.visitProgramme(PCodeVisitor.java:64) ~[classes/:?]
	at be.unamur.info.b314.compiler.B314Parser$ProgrammeContext.accept(B314Parser.java:4028) ~[classes/:?]
	at be.unamur.info.b314.compiler.main.Main.printPCode(Main.java:236) ~[classes/:?]
	at be.unamur.info.b314.compiler.main.Main.compile(Main.java:199) ~[classes/:?]
	at be.unamur.info.b314.compiler.main.Main.main(Main.java:79) [classes/:?]
	at be.unamur.info.b314.compiler.main.CompilerTestHelper.launchCompilation(CompilerTestHelper.java:35) [test-classes/:?]
	at be.unamur.info.b314.compiler.main.B314localvariabledeclSyntaxTest.testlocalvariabledecl_fct_local_var_diff_names_than_global_vars_ok(B314localvariabledeclSyntaxTest.java:34) [test-classes/:?]
	at sun.reflect.NativeMethodAccessorImpl.invoke0(Native Method) ~[?:1.8.0_131]
	at sun.reflect.NativeMethodAccessorImpl.invoke(NativeMethodAccessorImpl.java:62) ~[?:1.8.0_131]
	at sun.reflect.DelegatingMethodAccessorImpl.invoke(DelegatingMethodAccessorImpl.java:43) ~[?:1.8.0_131]
	at java.lang.reflect.Method.invoke(Method.java:498) ~[?:1.8.0_131]
	at org.junit.runners.model.FrameworkMethod$1.runReflectiveCall(FrameworkMethod.java:50) [junit-4.12.jar:4.12]
	at org.junit.internal.runners.model.ReflectiveCallable.run(ReflectiveCallable.java:12) [junit-4.12.jar:4.12]
	at org.junit.runners.model.FrameworkMethod.invokeExplosively(FrameworkMethod.java:47) [junit-4.12.jar:4.12]
	at org.junit.internal.runners.statements.InvokeMethod.evaluate(InvokeMethod.java:17) [junit-4.12.jar:4.12]
	at org.junit.rules.ExternalResource$1.evaluate(ExternalResource.java:48) [junit-4.12.jar:4.12]
	at org.junit.rules.TestWatcher$1.evaluate(TestWatcher.java:55) [junit-4.12.jar:4.12]
	at org.junit.rules.RunRules.evaluate(RunRules.java:20) [junit-4.12.jar:4.12]
	at org.junit.runners.ParentRunner.runLeaf(ParentRunner.java:325) [junit-4.12.jar:4.12]
	at org.junit.runners.BlockJUnit4ClassRunner.runChild(BlockJUnit4ClassRunner.java:78) [junit-4.12.jar:4.12]
	at org.junit.runners.BlockJUnit4ClassRunner.runChild(BlockJUnit4ClassRunner.java:57) [junit-4.12.jar:4.12]
	at org.junit.runners.ParentRunner$3.run(ParentRunner.java:290) [junit-4.12.jar:4.12]
	at org.junit.runners.ParentRunner$1.schedule(ParentRunner.java:71) [junit-4.12.jar:4.12]
	at org.junit.runners.ParentRunner.runChildren(ParentRunner.java:288) [junit-4.12.jar:4.12]
	at org.junit.runners.ParentRunner.access$000(ParentRunner.java:58) [junit-4.12.jar:4.12]
	at org.junit.runners.ParentRunner$2.evaluate(ParentRunner.java:268) [junit-4.12.jar:4.12]
	at org.junit.runners.ParentRunner.run(ParentRunner.java:363) [junit-4.12.jar:4.12]
	at org.apache.maven.surefire.junit4.JUnit4Provider.execute(JUnit4Provider.java:252) [surefire-junit4-2.12.4.jar:2.12.4]
	at org.apache.maven.surefire.junit4.JUnit4Provider.executeTestSet(JUnit4Provider.java:141) [surefire-junit4-2.12.4.jar:2.12.4]
	at org.apache.maven.surefire.junit4.JUnit4Provider.invoke(JUnit4Provider.java:112) [surefire-junit4-2.12.4.jar:2.12.4]
	at sun.reflect.NativeMethodAccessorImpl.invoke0(Native Method) ~[?:1.8.0_131]
	at sun.reflect.NativeMethodAccessorImpl.invoke(NativeMethodAccessorImpl.java:62) ~[?:1.8.0_131]
	at sun.reflect.DelegatingMethodAccessorImpl.invoke(DelegatingMethodAccessorImpl.java:43) ~[?:1.8.0_131]
	at java.lang.reflect.Method.invoke(Method.java:498) ~[?:1.8.0_131]
	at org.apache.maven.surefire.util.ReflectionUtils.invokeMethodWithArray(ReflectionUtils.java:189) [surefire-api-2.12.4.jar:2.12.4]
	at org.apache.maven.surefire.booter.ProviderFactory$ProviderProxy.invoke(ProviderFactory.java:165) [surefire-booter-2.12.4.jar:2.12.4]
	at org.apache.maven.surefire.booter.ProviderFactory.invokeProvider(ProviderFactory.java:85) [surefire-booter-2.12.4.jar:2.12.4]
	at org.apache.maven.surefire.booter.ForkedBooter.runSuitesInProcess(ForkedBooter.java:115) [surefire-booter-2.12.4.jar:2.12.4]
	at org.apache.maven.surefire.booter.ForkedBooter.main(ForkedBooter.java:75) [surefire-booter-2.12.4.jar:2.12.4]
</system-out>
  </testcase>
  <testcase classname="be.unamur.info.b314.compiler.main.B314localvariabledeclSyntaxTest" name="testlocalvariabledecl_when_local_var_same_names_and_different_types_than_global_vars_condition_on_global_vars_in_when_ok" time="0.013">
    <failure message="localvariabledecl: when_local_var_same_names_and_different_types_than_global_vars_condition_on_global_vars_in_when
Expected: a string ending with &quot;OK\r\n&quot;
     but: was &quot;KO
&quot;" type="java.lang.AssertionError">java.lang.AssertionError: localvariabledecl: when_local_var_same_names_and_different_types_than_global_vars_condition_on_global_vars_in_when
Expected: a string ending with &quot;OK\r\n&quot;
     but: was &quot;KO
&quot;
	at org.hamcrest.MatcherAssert.assertThat(MatcherAssert.java:20)
	at org.junit.Assert.assertThat(Assert.java:956)
	at be.unamur.info.b314.compiler.main.CompilerTestHelper.launchCompilation(CompilerTestHelper.java:42)
	at be.unamur.info.b314.compiler.main.B314localvariabledeclSyntaxTest.testlocalvariabledecl_when_local_var_same_names_and_different_types_than_global_vars_condition_on_global_vars_in_when_ok(B314localvariabledeclSyntaxTest.java:79)
	at sun.reflect.NativeMethodAccessorImpl.invoke0(Native Method)
	at sun.reflect.NativeMethodAccessorImpl.invoke(NativeMethodAccessorImpl.java:62)
	at sun.reflect.DelegatingMethodAccessorImpl.invoke(DelegatingMethodAccessorImpl.java:43)
	at java.lang.reflect.Method.invoke(Method.java:498)
	at org.junit.runners.model.FrameworkMethod$1.runReflectiveCall(FrameworkMethod.java:50)
	at org.junit.internal.runners.model.ReflectiveCallable.run(ReflectiveCallable.java:12)
	at org.junit.runners.model.FrameworkMethod.invokeExplosively(FrameworkMethod.java:47)
	at org.junit.internal.runners.statements.InvokeMethod.evaluate(InvokeMethod.java:17)
	at org.junit.rules.ExternalResource$1.evaluate(ExternalResource.java:48)
	at org.junit.rules.TestWatcher$1.evaluate(TestWatcher.java:55)
	at org.junit.rules.RunRules.evaluate(RunRules.java:20)
	at org.junit.runners.ParentRunner.runLeaf(ParentRunner.java:325)
	at org.junit.runners.BlockJUnit4ClassRunner.runChild(BlockJUnit4ClassRunner.java:78)
	at org.junit.runners.BlockJUnit4ClassRunner.runChild(BlockJUnit4ClassRunner.java:57)
	at org.junit.runners.ParentRunner$3.run(ParentRunner.java:290)
	at org.junit.runners.ParentRunner$1.schedule(ParentRunner.java:71)
	at org.junit.runners.ParentRunner.runChildren(ParentRunner.java:288)
	at org.junit.runners.ParentRunner.access$000(ParentRunner.java:58)
	at org.junit.runners.ParentRunner$2.evaluate(ParentRunner.java:268)
	at org.junit.runners.ParentRunner.run(ParentRunner.java:363)
	at org.apache.maven.surefire.junit4.JUnit4Provider.execute(JUnit4Provider.java:252)
	at org.apache.maven.surefire.junit4.JUnit4Provider.executeTestSet(JUnit4Provider.java:141)
	at org.apache.maven.surefire.junit4.JUnit4Provider.invoke(JUnit4Provider.java:112)
	at sun.reflect.NativeMethodAccessorImpl.invoke0(Native Method)
	at sun.reflect.NativeMethodAccessorImpl.invoke(NativeMethodAccessorImpl.java:62)
	at sun.reflect.DelegatingMethodAccessorImpl.invoke(DelegatingMethodAccessorImpl.java:43)
	at java.lang.reflect.Method.invoke(Method.java:498)
	at org.apache.maven.surefire.util.ReflectionUtils.invokeMethodWithArray(ReflectionUtils.java:189)
	at org.apache.maven.surefire.booter.ProviderFactory$ProviderProxy.invoke(ProviderFactory.java:165)
	at org.apache.maven.surefire.booter.ProviderFactory.invokeProvider(ProviderFactory.java:85)
	at org.apache.maven.surefire.booter.ForkedBooter.runSuitesInProcess(ForkedBooter.java:115)
	at org.apache.maven.surefire.booter.ForkedBooter.main(ForkedBooter.java:75)
</failure>
    <system-out>19:14:18.409 [main] INFO  - Starting test: testlocalvariabledecl_when_local_var_same_names_and_different_types_than_global_vars_condition_on_global_vars_in_when_ok()...
org.apache.commons.cli.CommandLine@7af707e0
19:14:18.410 [main] DEBUG - Initialisation
19:14:18.410 [main] DEBUG - Input file set to C:\Users\Dano\Desktop\b314-Jour\target\test-classes\syntax\localvariabledecl\ok\when_local_var_same_names_and_different_types_than_global_vars_condition_on_global_vars_in_when.b314
19:14:18.411 [main] DEBUG - Output file set to C:\Users\Dano\AppData\Local\Temp\junit584937565217596350\junit8981003774467861149.tmp
19:14:18.411 [main] DEBUG - Initialisation: done
jessica1
19:14:18.416 [main] DEBUG - Parsing input
/* My comments */ 
declare and retain 
	b1 as boolean;
	b2 as boolean;
    i1 as integer; 
    i2 as integer;
    i3 as integer;
    s1 as square;
    s2 as square;
    v1 as boolean[5, 7];
    v2 as integer[42];

    fct1 as function():square
    	do
    		skip
    	done 

    fct2 as function(x as integer, y as boolean):integer
    	do
    		skip
    	done 

    fct3 as function():boolean
    	do
    		skip
    	done 

    fct4 as function():square
    	do
    		skip
    	done 

    fct5 as function(x as integer, y as boolean, z as square):integer
    	do
    		skip
    	done 
    	
when your turn 

	when true and b1 or v1[0, i1 + 2 * 5] do
		if b1 and i1 = 2 then
			while i1 &lt; i3 do
				set i2 to i1 + 1
			done
		else
			if s1 = ammo then
				next do nothing
			done
		done
	done 

	when v1[0, i2 + 2] 
	declare local
		loc1 as integer;
		loc2 as boolean;
		loc3 as square;
		loc4 as integer[5];
		v1 as integer[42];
	do
		set v1[0] to 42
	done

	when not graal is north and i2 &gt; 5 and v2[4] &lt; 42 or s1 = dirt 
	declare local
		loc1 as integer;
		loc2 as boolean;
		loc3 as square;
		loc4 as integer[5];
	do
    	compute fct1()
    	set s1 to fct1()
    	if fct5(i1 + 2, s2 = ammo, ennemi) &gt; 2 then
    		skip
    	done
    	while fct3() do
    		skip
    	done
    	next move west
	done
	
	when true and false and not b1 and s1 = dirt
	declare local
		loc1 as integer;
		loc2 as boolean;
		loc3 as square;
		loc4 as integer[5];
		b1 as integer;
		s1 as boolean;
    do
	    compute loc1 + 2 - loc4[0 + 1 - i1] = 5 and not loc2 or loc3 = dirt
    done
    
    by default 
	declare local
		loc1 as integer;
		loc2 as boolean;
		loc3 as square;
		loc4 as integer[5];
		b1 as integer;
		s1 as boolean;
	do 
		compute s1 and b1 = 42 or loc2 
	done&amp;#0;&amp;#0;&amp;#0;&amp;#0;&amp;#0;&amp;#0;&amp;#0;&amp;#0;&amp;#0;&amp;#0;&amp;#0;&amp;#0;&amp;#0;&amp;#0;&amp;#0;&amp;#0;&amp;#0;&amp;#0;&amp;#0;&amp;#0;&amp;#0;&amp;#0;&amp;#0;&amp;#0;&amp;#0;&amp;#0;&amp;#0;&amp;#0;&amp;#0;&amp;#0;&amp;#0;&amp;#0;&amp;#0;&amp;#0;&amp;#0;&amp;#0;&amp;#0;&amp;#0;&amp;#0;&amp;#0;&amp;#0;&amp;#0;&amp;#0;&amp;#0;&amp;#0;&amp;#0;&amp;#0;&amp;#0;&amp;#0;&amp;#0;&amp;#0;&amp;#0;&amp;#0;&amp;#0;&amp;#0;&amp;#0;&amp;#0;&amp;#0;&amp;#0;&amp;#0;&amp;#0;&amp;#0;&amp;#0;&amp;#0;&amp;#0;&amp;#0;&amp;#0;&amp;#0;&amp;#0;&amp;#0;&amp;#0;&amp;#0;&amp;#0;&amp;#0;&amp;#0;&amp;#0;&amp;#0;&amp;#0;&amp;#0;&amp;#0;&amp;#0;&amp;#0;&amp;#0;&amp;#0;&amp;#0;&amp;#0;&amp;#0;&amp;#0;&amp;#0;&amp;#0;&amp;#0;&amp;#0;&amp;#0;&amp;#0;&amp;#0;&amp;#0;&amp;#0;&amp;#0;&amp;#0;&amp;#0;&amp;#0;&amp;#0;&amp;#0;&amp;#0;&amp;#0;&amp;#0;&amp;#0;&amp;#0;&amp;#0;&amp;#0;&amp;#0;&amp;#0;&amp;#0;&amp;#0;&amp;#0;&amp;#0;&amp;#0;&amp;#0;&amp;#0;&amp;#0;&amp;#0;&amp;#0;&amp;#0;&amp;#0;&amp;#0;&amp;#0;&amp;#0;&amp;#0;&amp;#0;&amp;#0;&amp;#0;&amp;#0;&amp;#0;&amp;#0;&amp;#0;&amp;#0;&amp;#0;&amp;#0;&amp;#0;&amp;#0;&amp;#0;&amp;#0;&amp;#0;&amp;#0;&amp;#0;&amp;#0;&amp;#0;&amp;#0;&amp;#0;&amp;#0;&amp;#0;&amp;#0;&amp;#0;&amp;#0;&amp;#0;&amp;#0;&amp;#0;&amp;#0;&amp;#0;&amp;#0;&amp;#0;&amp;#0;&amp;#0;&amp;#0;&amp;#0;&amp;#0;&amp;#0;&amp;#0;&amp;#0;&amp;#0;&amp;#0;&amp;#0;&amp;#0;&amp;#0;&amp;#0;&amp;#0;&amp;#0;&amp;#0;&amp;#0;&amp;#0;&amp;#0;&amp;#0;&amp;#0;&amp;#0;&amp;#0;&amp;#0;&amp;#0;&amp;#0;&amp;#0;&amp;#0;&amp;#0;&amp;#0;&amp;#0;&amp;#0;&amp;#0;&amp;#0;&amp;#0;&amp;#0;&amp;#0;&amp;#0;&amp;#0;&amp;#0;&amp;#0;&amp;#0;&amp;#0;&amp;#0;&amp;#0;&amp;#0;&amp;#0;&amp;#0;&amp;#0;&amp;#0;&amp;#0;&amp;#0;&amp;#0;&amp;#0;&amp;#0;&amp;#0;&amp;#0;&amp;#0;&amp;#0;&amp;#0;&amp;#0;&amp;#0;&amp;#0;&amp;#0;&amp;#0;&amp;#0;&amp;#0;&amp;#0;&amp;#0;&amp;#0;&amp;#0;&amp;#0;&amp;#0;&amp;#0;&amp;#0;&amp;#0;&amp;#0;&amp;#0;&amp;#0;&amp;#0;&amp;#0;&amp;#0;&amp;#0;&amp;#0;&amp;#0;&amp;#0;&amp;#0;&amp;#0;&amp;#0;&amp;#0;&amp;#0;&amp;#0;&amp;#0;&amp;#0;&amp;#0;&amp;#0;&amp;#0;&amp;#0;&amp;#0;&amp;#0;&amp;#0;&amp;#0;&amp;#0;&amp;#0;&amp;#0;&amp;#0;&amp;#0;&amp;#0;&amp;#0;&amp;#0;&amp;#0;&amp;#0;&amp;#0;&amp;#0;&amp;#0;&amp;#0;&amp;#0;&amp;#0;&amp;#0;&amp;#0;&amp;#0;&amp;#0;&amp;#0;&amp;#0;&amp;#0;&amp;#0;&amp;#0;&amp;#0;&amp;#0;&amp;#0;&amp;#0;&amp;#0;&amp;#0;&amp;#0;&amp;#0;&amp;#0;&amp;#0;&amp;#0;&amp;#0;&amp;#0;&amp;#0;&amp;#0;&amp;#0;&amp;#0;&amp;#0;&amp;#0;&amp;#0;&amp;#0;&amp;#0;&amp;#0;&amp;#0;&amp;#0;&amp;#0;&amp;#0;&amp;#0;&amp;#0;&amp;#0;&amp;#0;&amp;#0;&amp;#0;&amp;#0;&amp;#0;&amp;#0;&amp;#0;&amp;#0;&amp;#0;&amp;#0;&amp;#0;&amp;#0;&amp;#0;&amp;#0;&amp;#0;&amp;#0;&amp;#0;&amp;#0;&amp;#0;&amp;#0;&amp;#0;&amp;#0;&amp;#0;&amp;#0;&amp;#0;&amp;#0;&amp;#0;&amp;#0;&amp;#0;&amp;#0;&amp;#0;&amp;#0;&amp;#0;&amp;#0;&amp;#0;&amp;#0;&amp;#0;&amp;#0;&amp;#0;&amp;#0;&amp;#0;&amp;#0;&amp;#0;&amp;#0;&amp;#0;&amp;#0;&amp;#0;&amp;#0;&amp;#0;&amp;#0;&amp;#0;&amp;#0;&amp;#0;&amp;#0;&amp;#0;&amp;#0;&amp;#0;&amp;#0;&amp;#0;&amp;#0;&amp;#0;&amp;#0;&amp;#0;&amp;#0;&amp;#0;&amp;#0;&amp;#0;&amp;#0;&amp;#0;&amp;#0;&amp;#0;&amp;#0;&amp;#0;&amp;#0;&amp;#0;&amp;#0;&amp;#0;&amp;#0;&amp;#0;&amp;#0;&amp;#0;&amp;#0;&amp;#0;&amp;#0;&amp;#0;&amp;#0;&amp;#0;&amp;#0;&amp;#0;&amp;#0;&amp;#0;&amp;#0;&amp;#0;&amp;#0;&amp;#0;&amp;#0;&amp;#0;&amp;#0;&amp;#0;&amp;#0;&amp;#0;&amp;#0;&amp;#0;&amp;#0;&amp;#0;&amp;#0;&amp;#0;&amp;#0;&amp;#0;&amp;#0;&amp;#0;&amp;#0;&amp;#0;&amp;#0;&amp;#0;&amp;#0;&amp;#0;&amp;#0;&amp;#0;&amp;#0;&amp;#0;&amp;#0;&amp;#0;&amp;#0;&amp;#0;&amp;#0;&amp;#0;&amp;#0;&amp;#0;&amp;#0;&amp;#0;&amp;#0;&amp;#0;&amp;#0;&amp;#0;&amp;#0;&amp;#0;&amp;#0;&amp;#0;&amp;#0;&amp;#0;&amp;#0;&amp;#0;&amp;#0;&amp;#0;&amp;#0;&amp;#0;&amp;#0;&amp;#0;&amp;#0;&amp;#0;&amp;#0;&amp;#0;&amp;#0;&amp;#0;&amp;#0;&amp;#0;&amp;#0;&amp;#0;&amp;#0;&amp;#0;&amp;#0;&amp;#0;&amp;#0;&amp;#0;&amp;#0;&amp;#0;&amp;#0;&amp;#0;&amp;#0;&amp;#0;&amp;#0;&amp;#0;&amp;#0;&amp;#0;&amp;#0;&amp;#0;&amp;#0;&amp;#0;&amp;#0;&amp;#0;&amp;#0;&amp;#0;&amp;#0;&amp;#0;&amp;#0;&amp;#0;&amp;#0;&amp;#0;&amp;#0;&amp;#0;&amp;#0;&amp;#0;&amp;#0;&amp;#0;&amp;#0;&amp;#0;&amp;#0;&amp;#0;&amp;#0;&amp;#0;&amp;#0;&amp;#0;&amp;#0;&amp;#0;&amp;#0;&amp;#0;&amp;#0;&amp;#0;&amp;#0;&amp;#0;&amp;#0;&amp;#0;&amp;#0;&amp;#0;&amp;#0;&amp;#0;&amp;#0;&amp;#0;&amp;#0;&amp;#0;&amp;#0;&amp;#0;&amp;#0;&amp;#0;&amp;#0;&amp;#0;&amp;#0;&amp;#0;&amp;#0;&amp;#0;&amp;#0;&amp;#0;&amp;#0;&amp;#0;&amp;#0;&amp;#0;&amp;#0;&amp;#0;&amp;#0;&amp;#0;&amp;#0;&amp;#0;&amp;#0;&amp;#0;&amp;#0;&amp;#0;&amp;#0;&amp;#0;&amp;#0;&amp;#0;&amp;#0;&amp;#0;&amp;#0;&amp;#0;&amp;#0;&amp;#0;&amp;#0;&amp;#0;&amp;#0;&amp;#0;&amp;#0;&amp;#0;&amp;#0;&amp;#0;&amp;#0;&amp;#0;&amp;#0;&amp;#0;&amp;#0;&amp;#0;&amp;#0;&amp;#0;&amp;#0;&amp;#0;&amp;#0;&amp;#0;&amp;#0;&amp;#0;&amp;#0;&amp;#0;&amp;#0;&amp;#0;&amp;#0;&amp;#0;&amp;#0;&amp;#0;&amp;#0;&amp;#0;&amp;#0;&amp;#0;&amp;#0;&amp;#0;&amp;#0;&amp;#0;&amp;#0;&amp;#0;&amp;#0;&amp;#0;&amp;#0;&amp;#0;&amp;#0;&amp;#0;&amp;#0;&amp;#0;&amp;#0;&amp;#0;&amp;#0;&amp;#0;&amp;#0;&amp;#0;&amp;#0;&amp;#0;&amp;#0;&amp;#0;&amp;#0;&amp;#0;&amp;#0;&amp;#0;&amp;#0;&amp;#0;&amp;#0;&amp;#0;&amp;#0;&amp;#0;&amp;#0;&amp;#0;&amp;#0;&amp;#0;&amp;#0;&amp;#0;&amp;#0;&amp;#0;&amp;#0;&amp;#0;&amp;#0;&amp;#0;&amp;#0;&amp;#0;&amp;#0;&amp;#0;&amp;#0;&amp;#0;&amp;#0;&amp;#0;&amp;#0;&amp;#0;&amp;#0;&amp;#0;&amp;#0;&amp;#0;&amp;#0;&amp;#0;&amp;#0;&amp;#0;&amp;#0;&amp;#0;&amp;#0;&amp;#0;&amp;#0;&amp;#0;&amp;#0;&amp;#0;&amp;#0;&amp;#0;&amp;#0;&amp;#0;&amp;#0;&amp;#0;&amp;#0;&amp;#0;&amp;#0;&amp;#0;&amp;#0;&amp;#0;&amp;#0;&amp;#0;&amp;#0;&amp;#0;&amp;#0;&amp;#0;&amp;#0;&amp;#0;&amp;#0;&amp;#0;&amp;#0;&amp;#0;&amp;#0;&amp;#0;&amp;#0;&amp;#0;&amp;#0;&amp;#0;&amp;#0;&amp;#0;&amp;#0;&amp;#0;&amp;#0;&amp;#0;&amp;#0;&amp;#0;&amp;#0;&amp;#0;&amp;#0;&amp;#0;&amp;#0;&amp;#0;&amp;#0;&amp;#0;&amp;#0;&amp;#0;&amp;#0;&amp;#0;&amp;#0;&amp;#0;&amp;#0;&amp;#0;&amp;#0;&amp;#0;&amp;#0;&amp;#0;&amp;#0;&amp;#0;&amp;#0;&amp;#0;&amp;#0;&amp;#0;&amp;#0;&amp;#0;&amp;#0;&amp;#0;&amp;#0;&amp;#0;&amp;#0;&amp;#0;&amp;#0;&amp;#0;&amp;#0;&amp;#0;&amp;#0;&amp;#0;&amp;#0;&amp;#0;&amp;#0;&amp;#0;&amp;#0;&amp;#0;&amp;#0;&amp;#0;&amp;#0;&amp;#0;&amp;#0;&amp;#0;&amp;#0;&amp;#0;&amp;#0;&amp;#0;&amp;#0;&amp;#0;&amp;#0;&amp;#0;&amp;#0;&amp;#0;&amp;#0;&amp;#0;&amp;#0;&amp;#0;&amp;#0;&amp;#0;&amp;#0;&amp;#0;&amp;#0;&amp;#0;&amp;#0;&amp;#0;&amp;#0;&amp;#0;&amp;#0;&amp;#0;&amp;#0;&amp;#0;&amp;#0;&amp;#0;&amp;#0;&amp;#0;&amp;#0;&amp;#0;&amp;#0;&amp;#0;&amp;#0;&amp;#0;&amp;#0;&amp;#0;&amp;#0;&amp;#0;&amp;#0;&amp;#0;&amp;#0;&amp;#0;&amp;#0;&amp;#0;&amp;#0;&amp;#0;&amp;#0;&amp;#0;&amp;#0;&amp;#0;&amp;#0;&amp;#0;&amp;#0;&amp;#0;&amp;#0;&amp;#0;&amp;#0;&amp;#0;&amp;#0;&amp;#0;&amp;#0;&amp;#0;&amp;#0;&amp;#0;&amp;#0;&amp;#0;&amp;#0;&amp;#0;&amp;#0;&amp;#0;&amp;#0;&amp;#0;&amp;#0;&amp;#0;&amp;#0;&amp;#0;&amp;#0;&amp;#0;&amp;#0;&amp;#0;&amp;#0;&amp;#0;&amp;#0;&amp;#0;&amp;#0;&amp;#0;&amp;#0;&amp;#0;&amp;#0;&amp;#0;&amp;#0;&amp;#0;&amp;#0;&amp;#0;&amp;#0;&amp;#0;&amp;#0;&amp;#0;&amp;#0;&amp;#0;&amp;#0;&amp;#0;&amp;#0;&amp;#0;&amp;#0;&amp;#0;&amp;#0;&amp;#0;&amp;#0;&amp;#0;&amp;#0;&amp;#0;&amp;#0;&amp;#0;&amp;#0;&amp;#0;&amp;#0;&amp;#0;&amp;#0;&amp;#0;&amp;#0;&amp;#0;&amp;#0;&amp;#0;&amp;#0;&amp;#0;&amp;#0;&amp;#0;&amp;#0;&amp;#0;&amp;#0;&amp;#0;&amp;#0;&amp;#0;&amp;#0;&amp;#0;&amp;#0;&amp;#0;&amp;#0;&amp;#0;&amp;#0;&amp;#0;&amp;#0;&amp;#0;&amp;#0;&amp;#0;&amp;#0;&amp;#0;&amp;#0;&amp;#0;&amp;#0;&amp;#0;&amp;#0;&amp;#0;&amp;#0;&amp;#0;&amp;#0;&amp;#0;&amp;#0;&amp;#0;&amp;#0;&amp;#0;&amp;#0;&amp;#0;&amp;#0;&amp;#0;&amp;#0;&amp;#0;&amp;#0;&amp;#0;&amp;#0;&amp;#0;&amp;#0;&amp;#0;&amp;#0;&amp;#0;&amp;#0;&amp;#0;&amp;#0;&amp;#0;&amp;#0;&amp;#0;&amp;#0;&amp;#0;&amp;#0;&amp;#0;&amp;#0;&amp;#0;&amp;#0;&amp;#0;&amp;#0;&amp;#0;&amp;#0;&amp;#0;&amp;#0;&amp;#0;&amp;#0;&amp;#0;&amp;#0;&amp;#0;&amp;#0;&amp;#0;&amp;#0;&amp;#0;&amp;#0;&amp;#0;&amp;#0;&amp;#0;&amp;#0;&amp;#0;&amp;#0;&amp;#0;&amp;#0;&amp;#0;&amp;#0;&amp;#0;&amp;#0;&amp;#0;&amp;#0;&amp;#0;&amp;#0;&amp;#0;&amp;#0;&amp;#0;&amp;#0;&amp;#0;&amp;#0;&amp;#0;&amp;#0;&amp;#0;&amp;#0;&amp;#0;&amp;#0;&amp;#0;&amp;#0;&amp;#0;&amp;#0;&amp;#0;&amp;#0;&amp;#0;&amp;#0;&amp;#0;&amp;#0;&amp;#0;&amp;#0;&amp;#0;&amp;#0;&amp;#0;&amp;#0;&amp;#0;&amp;#0;&amp;#0;&amp;#0;&amp;#0;&amp;#0;&amp;#0;&amp;#0;&amp;#0;&amp;#0;&amp;#0;&amp;#0;&amp;#0;&amp;#0;&amp;#0;&amp;#0;&amp;#0;&amp;#0;&amp;#0;&amp;#0;&amp;#0;&amp;#0;&amp;#0;&amp;#0;&amp;#0;&amp;#0;&amp;#0;&amp;#0;&amp;#0;&amp;#0;&amp;#0;&amp;#0;&amp;#0;&amp;#0;&amp;#0;&amp;#0;&amp;#0;&amp;#0;&amp;#0;&amp;#0;&amp;#0;&amp;#0;&amp;#0;&amp;#0;&amp;#0;&amp;#0;&amp;#0;&amp;#0;&amp;#0;&amp;#0;&amp;#0;&amp;#0;&amp;#0;&amp;#0;&amp;#0;&amp;#0;&amp;#0;&amp;#0;&amp;#0;&amp;#0;&amp;#0;&amp;#0;&amp;#0;&amp;#0;&amp;#0;&amp;#0;&amp;#0;&amp;#0;&amp;#0;&amp;#0;&amp;#0;&amp;#0;&amp;#0;&amp;#0;&amp;#0;&amp;#0;&amp;#0;&amp;#0;&amp;#0;&amp;#0;&amp;#0;&amp;#0;&amp;#0;&amp;#0;&amp;#0;&amp;#0;&amp;#0;&amp;#0;&amp;#0;&amp;#0;&amp;#0;&amp;#0;&amp;#0;&amp;#0;&amp;#0;&amp;#0;&amp;#0;&amp;#0;&amp;#0;&amp;#0;&amp;#0;&amp;#0;&amp;#0;&amp;#0;&amp;#0;&amp;#0;&amp;#0;&amp;#0;&amp;#0;&amp;#0;&amp;#0;&amp;#0;&amp;#0;&amp;#0;&amp;#0;&amp;#0;&amp;#0;&amp;#0;&amp;#0;&amp;#0;&amp;#0;&amp;#0;&amp;#0;&amp;#0;&amp;#0;&amp;#0;&amp;#0;&amp;#0;&amp;#0;&amp;#0;&amp;#0;&amp;#0;&amp;#0;&amp;#0;&amp;#0;&amp;#0;&amp;#0;&amp;#0;&amp;#0;&amp;#0;&amp;#0;&amp;#0;&amp;#0;&amp;#0;&amp;#0;&amp;#0;&amp;#0;&amp;#0;&amp;#0;&amp;#0;&amp;#0;&amp;#0;&amp;#0;&amp;#0;&amp;#0;&amp;#0;&amp;#0;&amp;#0;&amp;#0;&amp;#0;&amp;#0;&amp;#0;&amp;#0;&amp;#0;&amp;#0;&amp;#0;&amp;#0;&amp;#0;&amp;#0;&amp;#0;&amp;#0;&amp;#0;&amp;#0;&amp;#0;&amp;#0;&amp;#0;&amp;#0;&amp;#0;&amp;#0;&amp;#0;&amp;#0;&amp;#0;&amp;#0;&amp;#0;&amp;#0;&amp;#0;&amp;#0;&amp;#0;&amp;#0;&amp;#0;&amp;#0;&amp;#0;&amp;#0;&amp;#0;&amp;#0;&amp;#0;&amp;#0;&amp;#0;&amp;#0;&amp;#0;&amp;#0;&amp;#0;&amp;#0;&amp;#0;&amp;#0;&amp;#0;&amp;#0;&amp;#0;&amp;#0;&amp;#0;&amp;#0;&amp;#0;&amp;#0;&amp;#0;&amp;#0;&amp;#0;&amp;#0;&amp;#0;&amp;#0;&amp;#0;&amp;#0;&amp;#0;&amp;#0;&amp;#0;&amp;#0;&amp;#0;&amp;#0;&amp;#0;&amp;#0;&amp;#0;&amp;#0;&amp;#0;&amp;#0;&amp;#0;&amp;#0;&amp;#0;&amp;#0;&amp;#0;&amp;#0;&amp;#0;&amp;#0;&amp;#0;&amp;#0;&amp;#0;&amp;#0;&amp;#0;&amp;#0;&amp;#0;&amp;#0;&amp;#0;&amp;#0;&amp;#0;&amp;#0;&amp;#0;&amp;#0;&amp;#0;&amp;#0;&amp;#0;&amp;#0;&amp;#0;&amp;#0;&amp;#0;&amp;#0;&amp;#0;&amp;#0;&amp;#0;&amp;#0;&amp;#0;&amp;#0;&amp;#0;&amp;#0;&amp;#0;&amp;#0;&amp;#0;&amp;#0;&amp;#0;&amp;#0;&amp;#0;&amp;#0;&amp;#0;&amp;#0;&amp;#0;&amp;#0;&amp;#0;&amp;#0;&amp;#0;&amp;#0;&amp;#0;&amp;#0;&amp;#0;&amp;#0;&amp;#0;&amp;#0;&amp;#0;&amp;#0;&amp;#0;&amp;#0;&amp;#0;&amp;#0;&amp;#0;&amp;#0;&amp;#0;&amp;#0;&amp;#0;&amp;#0;&amp;#0;&amp;#0;&amp;#0;&amp;#0;&amp;#0;&amp;#0;&amp;#0;&amp;#0;&amp;#0;&amp;#0;&amp;#0;&amp;#0;&amp;#0;&amp;#0;&amp;#0;&amp;#0;&amp;#0;&amp;#0;&amp;#0;&amp;#0;&amp;#0;&amp;#0;&amp;#0;&amp;#0;&amp;#0;&amp;#0;&amp;#0;&amp;#0;&amp;#0;&amp;#0;&amp;#0;&amp;#0;&amp;#0;&amp;#0;&amp;#0;&amp;#0;&amp;#0;&amp;#0;&amp;#0;&amp;#0;&amp;#0;&amp;#0;&amp;#0;&amp;#0;&amp;#0;&amp;#0;&amp;#0;&amp;#0;&amp;#0;&amp;#0;&amp;#0;&amp;#0;&amp;#0;&amp;#0;&amp;#0;&amp;#0;&amp;#0;&amp;#0;&amp;#0;&amp;#0;&amp;#0;&amp;#0;&amp;#0;&amp;#0;&amp;#0;&amp;#0;&amp;#0;&amp;#0;&amp;#0;&amp;#0;&amp;#0;&amp;#0;&amp;#0;&amp;#0;&amp;#0;&amp;#0;&amp;#0;&amp;#0;&amp;#0;&amp;#0;&amp;#0;&amp;#0;&amp;#0;&amp;#0;&amp;#0;&amp;#0;&amp;#0;&amp;#0;&amp;#0;&amp;#0;&amp;#0;&amp;#0;&amp;#0;&amp;#0;&amp;#0;&amp;#0;&amp;#0;&amp;#0;&amp;#0;&amp;#0;&amp;#0;&amp;#0;&amp;#0;&amp;#0;&amp;#0;&amp;#0;&amp;#0;&amp;#0;&amp;#0;&amp;#0;&amp;#0;&amp;#0;&amp;#0;&amp;#0;&amp;#0;&amp;#0;&amp;#0;&amp;#0;&amp;#0;&amp;#0;&amp;#0;&amp;#0;&amp;#0;&amp;#0;&amp;#0;&amp;#0;&amp;#0;&amp;#0;&amp;#0;&amp;#0;&amp;#0;&amp;#0;&amp;#0;&amp;#0;&amp;#0;&amp;#0;&amp;#0;&amp;#0;&amp;#0;&amp;#0;&amp;#0;&amp;#0;&amp;#0;&amp;#0;&amp;#0;&amp;#0;&amp;#0;&amp;#0;&amp;#0;&amp;#0;&amp;#0;&amp;#0;&amp;#0;&amp;#0;&amp;#0;&amp;#0;&amp;#0;&amp;#0;&amp;#0;&amp;#0;&amp;#0;&amp;#0;&amp;#0;&amp;#0;&amp;#0;&amp;#0;&amp;#0;&amp;#0;&amp;#0;&amp;#0;&amp;#0;&amp;#0;&amp;#0;&amp;#0;&amp;#0;&amp;#0;&amp;#0;&amp;#0;&amp;#0;&amp;#0;&amp;#0;&amp;#0;&amp;#0;&amp;#0;&amp;#0;&amp;#0;&amp;#0;&amp;#0;&amp;#0;&amp;#0;&amp;#0;&amp;#0;&amp;#0;&amp;#0;&amp;#0;&amp;#0;&amp;#0;&amp;#0;&amp;#0;&amp;#0;&amp;#0;&amp;#0;&amp;#0;&amp;#0;&amp;#0;&amp;#0;&amp;#0;&amp;#0;&amp;#0;&amp;#0;&amp;#0;&amp;#0;&amp;#0;&amp;#0;&amp;#0;&amp;#0;&amp;#0;&amp;#0;&amp;#0;&amp;#0;&amp;#0;&amp;#0;&amp;#0;&amp;#0;&amp;#0;&amp;#0;&amp;#0;&amp;#0;&amp;#0;&amp;#0;&amp;#0;&amp;#0;&amp;#0;&amp;#0;&amp;#0;&amp;#0;&amp;#0;&amp;#0;&amp;#0;&amp;#0;&amp;#0;&amp;#0;&amp;#0;&amp;#0;&amp;#0;&amp;#0;&amp;#0;&amp;#0;&amp;#0;&amp;#0;&amp;#0;&amp;#0;&amp;#0;&amp;#0;&amp;#0;&amp;#0;&amp;#0;&amp;#0;&amp;#0;&amp;#0;&amp;#0;&amp;#0;&amp;#0;&amp;#0;&amp;#0;&amp;#0;&amp;#0;&amp;#0;&amp;#0;&amp;#0;&amp;#0;&amp;#0;&amp;#0;&amp;#0;&amp;#0;&amp;#0;&amp;#0;&amp;#0;&amp;#0;&amp;#0;&amp;#0;&amp;#0;&amp;#0;&amp;#0;&amp;#0;&amp;#0;&amp;#0;&amp;#0;&amp;#0;&amp;#0;&amp;#0;&amp;#0;&amp;#0;&amp;#0;&amp;#0;&amp;#0;&amp;#0;&amp;#0;&amp;#0;&amp;#0;&amp;#0;&amp;#0;&amp;#0;&amp;#0;&amp;#0;&amp;#0;&amp;#0;&amp;#0;&amp;#0;&amp;#0;&amp;#0;&amp;#0;&amp;#0;&amp;#0;&amp;#0;&amp;#0;&amp;#0;&amp;#0;&amp;#0;&amp;#0;&amp;#0;&amp;#0;&amp;#0;&amp;#0;&amp;#0;&amp;#0;&amp;#0;&amp;#0;&amp;#0;&amp;#0;&amp;#0;&amp;#0;&amp;#0;&amp;#0;&amp;#0;&amp;#0;&amp;#0;&amp;#0;&amp;#0;&amp;#0;&amp;#0;&amp;#0;&amp;#0;&amp;#0;&amp;#0;&amp;#0;&amp;#0;&amp;#0;&amp;#0;&amp;#0;&amp;#0;&amp;#0;&amp;#0;&amp;#0;&amp;#0;&amp;#0;&amp;#0;&amp;#0;&amp;#0;&amp;#0;&amp;#0;&amp;#0;&amp;#0;&amp;#0;&amp;#0;&amp;#0;&amp;#0;&amp;#0;&amp;#0;&amp;#0;&amp;#0;&amp;#0;&amp;#0;&amp;#0;&amp;#0;&amp;#0;&amp;#0;&amp;#0;&amp;#0;&amp;#0;&amp;#0;&amp;#0;&amp;#0;&amp;#0;&amp;#0;&amp;#0;&amp;#0;&amp;#0;&amp;#0;&amp;#0;&amp;#0;&amp;#0;&amp;#0;&amp;#0;&amp;#0;&amp;#0;&amp;#0;&amp;#0;&amp;#0;&amp;#0;&amp;#0;&amp;#0;&amp;#0;&amp;#0;&amp;#0;&amp;#0;&amp;#0;&amp;#0;&amp;#0;&amp;#0;&amp;#0;&amp;#0;&amp;#0;&amp;#0;&amp;#0;&amp;#0;&amp;#0;&amp;#0;&amp;#0;&amp;#0;&amp;#0;&amp;#0;&amp;#0;&amp;#0;&amp;#0;&amp;#0;&amp;#0;&amp;#0;&amp;#0;&amp;#0;&amp;#0;&amp;#0;&amp;#0;&amp;#0;&amp;#0;&amp;#0;&amp;#0;&amp;#0;&amp;#0;&amp;#0;&amp;#0;&amp;#0;&amp;#0;&amp;#0;&amp;#0;&amp;#0;&amp;#0;&amp;#0;&amp;#0;&amp;#0;&amp;#0;&amp;#0;&amp;#0;&amp;#0;&amp;#0;&amp;#0;&amp;#0;&amp;#0;&amp;#0;&amp;#0;&amp;#0;&amp;#0;&amp;#0;&amp;#0;&amp;#0;&amp;#0;&amp;#0;&amp;#0;&amp;#0;&amp;#0;&amp;#0;&amp;#0;&amp;#0;&amp;#0;&amp;#0;&amp;#0;&amp;#0;&amp;#0;&amp;#0;&amp;#0;&amp;#0;&amp;#0;&amp;#0;&amp;#0;&amp;#0;&amp;#0;&amp;#0;&amp;#0;&amp;#0;&amp;#0;&amp;#0;&amp;#0;&amp;#0;&amp;#0;&amp;#0;&amp;#0;&amp;#0;&amp;#0;&amp;#0;&amp;#0;&amp;#0;&amp;#0;&amp;#0;&amp;#0;&amp;#0;&amp;#0;&amp;#0;&amp;#0;&amp;#0;&amp;#0;&amp;#0;&amp;#0;&amp;#0;&amp;#0;&amp;#0;&amp;#0;&amp;#0;&amp;#0;&amp;#0;&amp;#0;&amp;#0;&amp;#0;&amp;#0;&amp;#0;&amp;#0;&amp;#0;&amp;#0;&amp;#0;&amp;#0;&amp;#0;&amp;#0;&amp;#0;&amp;#0;&amp;#0;&amp;#0;&amp;#0;&amp;#0;&amp;#0;&amp;#0;&amp;#0;&amp;#0;&amp;#0;&amp;#0;&amp;#0;&amp;#0;&amp;#0;&amp;#0;&amp;#0;&amp;#0;&amp;#0;&amp;#0;&amp;#0;&amp;#0;&amp;#0;&amp;#0;&amp;#0;&amp;#0;&amp;#0;&amp;#0;&amp;#0;&amp;#0;&amp;#0;&amp;#0;&amp;#0;&amp;#0;&amp;#0;&amp;#0;&amp;#0;&amp;#0;&amp;#0;&amp;#0;&amp;#0;&amp;#0;&amp;#0;&amp;#0;&amp;#0;&amp;#0;&amp;#0;&amp;#0;&amp;#0;&amp;#0;&amp;#0;&amp;#0;&amp;#0;&amp;#0;&amp;#0;&amp;#0;&amp;#0;&amp;#0;&amp;#0;&amp;#0;&amp;#0;&amp;#0;&amp;#0;&amp;#0;&amp;#0;&amp;#0;&amp;#0;&amp;#0;&amp;#0;&amp;#0;&amp;#0;&amp;#0;&amp;#0;&amp;#0;&amp;#0;&amp;#0;&amp;#0;&amp;#0;&amp;#0;&amp;#0;&amp;#0;&amp;#0;&amp;#0;&amp;#0;&amp;#0;&amp;#0;&amp;#0;&amp;#0;&amp;#0;&amp;#0;&amp;#0;&amp;#0;&amp;#0;&amp;#0;&amp;#0;&amp;#0;&amp;#0;&amp;#0;&amp;#0;&amp;#0;&amp;#0;&amp;#0;&amp;#0;&amp;#0;&amp;#0;&amp;#0;&amp;#0;&amp;#0;&amp;#0;&amp;#0;&amp;#0;&amp;#0;&amp;#0;&amp;#0;&amp;#0;&amp;#0;&amp;#0;&amp;#0;&amp;#0;&amp;#0;&amp;#0;&amp;#0;&amp;#0;&amp;#0;&amp;#0;&amp;#0;&amp;#0;&amp;#0;&amp;#0;&amp;#0;&amp;#0;&amp;#0;&amp;#0;&amp;#0;&amp;#0;&amp;#0;&amp;#0;&amp;#0;&amp;#0;&amp;#0;&amp;#0;&amp;#0;&amp;#0;&amp;#0;&amp;#0;&amp;#0;&amp;#0;&amp;#0;&amp;#0;&amp;#0;&amp;#0;&amp;#0;&amp;#0;&amp;#0;&amp;#0;&amp;#0;&amp;#0;&amp;#0;&amp;#0;&amp;#0;&amp;#0;&amp;#0;&amp;#0;&amp;#0;&amp;#0;&amp;#0;&amp;#0;&amp;#0;&amp;#0;&amp;#0;&amp;#0;&amp;#0;&amp;#0;&amp;#0;&amp;#0;&amp;#0;&amp;#0;&amp;#0;&amp;#0;&amp;#0;&amp;#0;&amp;#0;&amp;#0;&amp;#0;&amp;#0;&amp;#0;&amp;#0;&amp;#0;&amp;#0;&amp;#0;&amp;#0;&amp;#0;&amp;#0;&amp;#0;&amp;#0;&amp;#0;&amp;#0;&amp;#0;&amp;#0;&amp;#0;&amp;#0;&amp;#0;&amp;#0;&amp;#0;&amp;#0;&amp;#0;&amp;#0;&amp;#0;&amp;#0;&amp;#0;&amp;#0;&amp;#0;&amp;#0;&amp;#0;&amp;#0;&amp;#0;&amp;#0;&amp;#0;&amp;#0;&amp;#0;&amp;#0;&amp;#0;&amp;#0;&amp;#0;&amp;#0;&amp;#0;&amp;#0;&amp;#0;&amp;#0;&amp;#0;&amp;#0;&amp;#0;&amp;#0;&amp;#0;&amp;#0;&amp;#0;&amp;#0;&amp;#0;&amp;#0;&amp;#0;&amp;#0;&amp;#0;&amp;#0;&amp;#0;&amp;#0;&amp;#0;&amp;#0;&amp;#0;&amp;#0;&amp;#0;&amp;#0;&amp;#0;&amp;#0;&amp;#0;&amp;#0;&amp;#0;&amp;#0;&amp;#0;&amp;#0;&amp;#0;&amp;#0;&amp;#0;&amp;#0;&amp;#0;&amp;#0;&amp;#0;&amp;#0;&amp;#0;&amp;#0;&amp;#0;&amp;#0;&amp;#0;&amp;#0;&amp;#0;&amp;#0;&amp;#0;&amp;#0;&amp;#0;&amp;#0;&amp;#0;&amp;#0;&amp;#0;&amp;#0;&amp;#0;&amp;#0;&amp;#0;&amp;#0;&amp;#0;&amp;#0;&amp;#0;&amp;#0;&amp;#0;&amp;#0;&amp;#0;&amp;#0;&amp;#0;&amp;#0;&amp;#0;&amp;#0;&amp;#0;&amp;#0;&amp;#0;&amp;#0;&amp;#0;&amp;#0;&amp;#0;&amp;#0;&amp;#0;&amp;#0;&amp;#0;&amp;#0;&amp;#0;&amp;#0;&amp;#0;&amp;#0;&amp;#0;&amp;#0;&amp;#0;&amp;#0;&amp;#0;&amp;#0;&amp;#0;&amp;#0;&amp;#0;&amp;#0;&amp;#0;&amp;#0;&amp;#0;&amp;#0;&amp;#0;&amp;#0;&amp;#0;&amp;#0;&amp;#0;&amp;#0;&amp;#0;&amp;#0;&amp;#0;&amp;#0;&amp;#0;&amp;#0;&amp;#0;&amp;#0;&amp;#0;&amp;#0;&amp;#0;&amp;#0;&amp;#0;&amp;#0;&amp;#0;&amp;#0;&amp;#0;&amp;#0;&amp;#0;&amp;#0;&amp;#0;&amp;#0;&amp;#0;&amp;#0;&amp;#0;&amp;#0;&amp;#0;&amp;#0;&amp;#0;&amp;#0;&amp;#0;&amp;#0;&amp;#0;&amp;#0;&amp;#0;&amp;#0;&amp;#0;&amp;#0;&amp;#0;&amp;#0;&amp;#0;
19:14:18.419 [main] ERROR - Je passe ici ------------------------------------------------------
19:14:18.419 [main] ERROR - Exception occured during compilation!
java.util.MissingFormatArgumentException: Format specifier &apos;%s&apos;
	at java.util.Formatter.format(Formatter.java:2519) ~[?:1.8.0_131]
	at java.io.PrintWriter.format(PrintWriter.java:905) ~[?:1.8.0_131]
	at java.io.PrintWriter.printf(PrintWriter.java:804) ~[?:1.8.0_131]
	at be.unamur.info.b314.compiler.Visitor.PCodePrinter.printSetTo(PCodePrinter.java:78) ~[classes/:?]
	at be.unamur.info.b314.compiler.Visitor.PCodeVisitor.visitVarDecl(PCodeVisitor.java:672) ~[classes/:?]
	at be.unamur.info.b314.compiler.B314Parser$VarDeclContext.accept(B314Parser.java:405) ~[classes/:?]
	at be.unamur.info.b314.compiler.Visitor.PCodeVisitor.visitProgramme(PCodeVisitor.java:64) ~[classes/:?]
	at be.unamur.info.b314.compiler.B314Parser$ProgrammeContext.accept(B314Parser.java:4028) ~[classes/:?]
	at be.unamur.info.b314.compiler.main.Main.printPCode(Main.java:236) ~[classes/:?]
	at be.unamur.info.b314.compiler.main.Main.compile(Main.java:199) ~[classes/:?]
	at be.unamur.info.b314.compiler.main.Main.main(Main.java:79) [classes/:?]
	at be.unamur.info.b314.compiler.main.CompilerTestHelper.launchCompilation(CompilerTestHelper.java:35) [test-classes/:?]
	at be.unamur.info.b314.compiler.main.B314localvariabledeclSyntaxTest.testlocalvariabledecl_when_local_var_same_names_and_different_types_than_global_vars_condition_on_global_vars_in_when_ok(B314localvariabledeclSyntaxTest.java:79) [test-classes/:?]
	at sun.reflect.NativeMethodAccessorImpl.invoke0(Native Method) ~[?:1.8.0_131]
	at sun.reflect.NativeMethodAccessorImpl.invoke(NativeMethodAccessorImpl.java:62) ~[?:1.8.0_131]
	at sun.reflect.DelegatingMethodAccessorImpl.invoke(DelegatingMethodAccessorImpl.java:43) ~[?:1.8.0_131]
	at java.lang.reflect.Method.invoke(Method.java:498) ~[?:1.8.0_131]
	at org.junit.runners.model.FrameworkMethod$1.runReflectiveCall(FrameworkMethod.java:50) [junit-4.12.jar:4.12]
	at org.junit.internal.runners.model.ReflectiveCallable.run(ReflectiveCallable.java:12) [junit-4.12.jar:4.12]
	at org.junit.runners.model.FrameworkMethod.invokeExplosively(FrameworkMethod.java:47) [junit-4.12.jar:4.12]
	at org.junit.internal.runners.statements.InvokeMethod.evaluate(InvokeMethod.java:17) [junit-4.12.jar:4.12]
	at org.junit.rules.ExternalResource$1.evaluate(ExternalResource.java:48) [junit-4.12.jar:4.12]
	at org.junit.rules.TestWatcher$1.evaluate(TestWatcher.java:55) [junit-4.12.jar:4.12]
	at org.junit.rules.RunRules.evaluate(RunRules.java:20) [junit-4.12.jar:4.12]
	at org.junit.runners.ParentRunner.runLeaf(ParentRunner.java:325) [junit-4.12.jar:4.12]
	at org.junit.runners.BlockJUnit4ClassRunner.runChild(BlockJUnit4ClassRunner.java:78) [junit-4.12.jar:4.12]
	at org.junit.runners.BlockJUnit4ClassRunner.runChild(BlockJUnit4ClassRunner.java:57) [junit-4.12.jar:4.12]
	at org.junit.runners.ParentRunner$3.run(ParentRunner.java:290) [junit-4.12.jar:4.12]
	at org.junit.runners.ParentRunner$1.schedule(ParentRunner.java:71) [junit-4.12.jar:4.12]
	at org.junit.runners.ParentRunner.runChildren(ParentRunner.java:288) [junit-4.12.jar:4.12]
	at org.junit.runners.ParentRunner.access$000(ParentRunner.java:58) [junit-4.12.jar:4.12]
	at org.junit.runners.ParentRunner$2.evaluate(ParentRunner.java:268) [junit-4.12.jar:4.12]
	at org.junit.runners.ParentRunner.run(ParentRunner.java:363) [junit-4.12.jar:4.12]
	at org.apache.maven.surefire.junit4.JUnit4Provider.execute(JUnit4Provider.java:252) [surefire-junit4-2.12.4.jar:2.12.4]
	at org.apache.maven.surefire.junit4.JUnit4Provider.executeTestSet(JUnit4Provider.java:141) [surefire-junit4-2.12.4.jar:2.12.4]
	at org.apache.maven.surefire.junit4.JUnit4Provider.invoke(JUnit4Provider.java:112) [surefire-junit4-2.12.4.jar:2.12.4]
	at sun.reflect.NativeMethodAccessorImpl.invoke0(Native Method) ~[?:1.8.0_131]
	at sun.reflect.NativeMethodAccessorImpl.invoke(NativeMethodAccessorImpl.java:62) ~[?:1.8.0_131]
	at sun.reflect.DelegatingMethodAccessorImpl.invoke(DelegatingMethodAccessorImpl.java:43) ~[?:1.8.0_131]
	at java.lang.reflect.Method.invoke(Method.java:498) ~[?:1.8.0_131]
	at org.apache.maven.surefire.util.ReflectionUtils.invokeMethodWithArray(ReflectionUtils.java:189) [surefire-api-2.12.4.jar:2.12.4]
	at org.apache.maven.surefire.booter.ProviderFactory$ProviderProxy.invoke(ProviderFactory.java:165) [surefire-booter-2.12.4.jar:2.12.4]
	at org.apache.maven.surefire.booter.ProviderFactory.invokeProvider(ProviderFactory.java:85) [surefire-booter-2.12.4.jar:2.12.4]
	at org.apache.maven.surefire.booter.ForkedBooter.runSuitesInProcess(ForkedBooter.java:115) [surefire-booter-2.12.4.jar:2.12.4]
	at org.apache.maven.surefire.booter.ForkedBooter.main(ForkedBooter.java:75) [surefire-booter-2.12.4.jar:2.12.4]
</system-out>
  </testcase>
  <testcase classname="be.unamur.info.b314.compiler.main.B314localvariabledeclSyntaxTest" name="testlocalvariabledecl_fct_local_variable_diff_names_ok" time="0.008">
    <failure message="localvariabledecl: fct_local_variable_diff_names
Expected: a string ending with &quot;OK\r\n&quot;
     but: was &quot;KO
&quot;" type="java.lang.AssertionError">java.lang.AssertionError: localvariabledecl: fct_local_variable_diff_names
Expected: a string ending with &quot;OK\r\n&quot;
     but: was &quot;KO
&quot;
	at org.hamcrest.MatcherAssert.assertThat(MatcherAssert.java:20)
	at org.junit.Assert.assertThat(Assert.java:956)
	at be.unamur.info.b314.compiler.main.CompilerTestHelper.launchCompilation(CompilerTestHelper.java:42)
	at be.unamur.info.b314.compiler.main.B314localvariabledeclSyntaxTest.testlocalvariabledecl_fct_local_variable_diff_names_ok(B314localvariabledeclSyntaxTest.java:49)
	at sun.reflect.NativeMethodAccessorImpl.invoke0(Native Method)
	at sun.reflect.NativeMethodAccessorImpl.invoke(NativeMethodAccessorImpl.java:62)
	at sun.reflect.DelegatingMethodAccessorImpl.invoke(DelegatingMethodAccessorImpl.java:43)
	at java.lang.reflect.Method.invoke(Method.java:498)
	at org.junit.runners.model.FrameworkMethod$1.runReflectiveCall(FrameworkMethod.java:50)
	at org.junit.internal.runners.model.ReflectiveCallable.run(ReflectiveCallable.java:12)
	at org.junit.runners.model.FrameworkMethod.invokeExplosively(FrameworkMethod.java:47)
	at org.junit.internal.runners.statements.InvokeMethod.evaluate(InvokeMethod.java:17)
	at org.junit.rules.ExternalResource$1.evaluate(ExternalResource.java:48)
	at org.junit.rules.TestWatcher$1.evaluate(TestWatcher.java:55)
	at org.junit.rules.RunRules.evaluate(RunRules.java:20)
	at org.junit.runners.ParentRunner.runLeaf(ParentRunner.java:325)
	at org.junit.runners.BlockJUnit4ClassRunner.runChild(BlockJUnit4ClassRunner.java:78)
	at org.junit.runners.BlockJUnit4ClassRunner.runChild(BlockJUnit4ClassRunner.java:57)
	at org.junit.runners.ParentRunner$3.run(ParentRunner.java:290)
	at org.junit.runners.ParentRunner$1.schedule(ParentRunner.java:71)
	at org.junit.runners.ParentRunner.runChildren(ParentRunner.java:288)
	at org.junit.runners.ParentRunner.access$000(ParentRunner.java:58)
	at org.junit.runners.ParentRunner$2.evaluate(ParentRunner.java:268)
	at org.junit.runners.ParentRunner.run(ParentRunner.java:363)
	at org.apache.maven.surefire.junit4.JUnit4Provider.execute(JUnit4Provider.java:252)
	at org.apache.maven.surefire.junit4.JUnit4Provider.executeTestSet(JUnit4Provider.java:141)
	at org.apache.maven.surefire.junit4.JUnit4Provider.invoke(JUnit4Provider.java:112)
	at sun.reflect.NativeMethodAccessorImpl.invoke0(Native Method)
	at sun.reflect.NativeMethodAccessorImpl.invoke(NativeMethodAccessorImpl.java:62)
	at sun.reflect.DelegatingMethodAccessorImpl.invoke(DelegatingMethodAccessorImpl.java:43)
	at java.lang.reflect.Method.invoke(Method.java:498)
	at org.apache.maven.surefire.util.ReflectionUtils.invokeMethodWithArray(ReflectionUtils.java:189)
	at org.apache.maven.surefire.booter.ProviderFactory$ProviderProxy.invoke(ProviderFactory.java:165)
	at org.apache.maven.surefire.booter.ProviderFactory.invokeProvider(ProviderFactory.java:85)
	at org.apache.maven.surefire.booter.ForkedBooter.runSuitesInProcess(ForkedBooter.java:115)
	at org.apache.maven.surefire.booter.ForkedBooter.main(ForkedBooter.java:75)
</failure>
    <system-out>19:14:18.421 [main] INFO  - Starting test: testlocalvariabledecl_fct_local_variable_diff_names_ok()...
org.apache.commons.cli.CommandLine@3ecedf21
19:14:18.423 [main] DEBUG - Initialisation
19:14:18.424 [main] DEBUG - Input file set to C:\Users\Dano\Desktop\b314-Jour\target\test-classes\syntax\localvariabledecl\ok\fct_local_variable_diff_names.b314
19:14:18.424 [main] DEBUG - Output file set to C:\Users\Dano\AppData\Local\Temp\junit3740776562654079227\junit326037169566545327.tmp
19:14:18.424 [main] DEBUG - Initialisation: done
jessica1
19:14:18.428 [main] DEBUG - Parsing input
/*

1

1,1,1

1,1,1,1,1
*/
declare and retain 
	b1 as boolean;
	b2 as boolean;
    i1 as integer; 
    i2 as integer; 
    v1 as boolean[5, 7];
    v2 as integer[42];
    
    fct1 as function():boolean
		declare local
			loc1 as integer;
			loc2 as boolean;
			loc3 as square;
			loc4 as integer[5];
    	do
    		set loc2 to true
    		set loc1 to 34
    		set fct1 to loc2 and loc1 &lt; 42
    	done 
	
when your turn 

	when false do
		next move west
	done

	when fct1() do
		next move north
	done

	by default do 
		next do nothing
	done&amp;#0;&amp;#0;&amp;#0;&amp;#0;&amp;#0;&amp;#0;&amp;#0;&amp;#0;&amp;#0;&amp;#0;&amp;#0;&amp;#0;&amp;#0;&amp;#0;&amp;#0;&amp;#0;&amp;#0;&amp;#0;&amp;#0;&amp;#0;&amp;#0;&amp;#0;&amp;#0;&amp;#0;&amp;#0;&amp;#0;&amp;#0;&amp;#0;&amp;#0;&amp;#0;&amp;#0;&amp;#0;&amp;#0;&amp;#0;&amp;#0;&amp;#0;&amp;#0;&amp;#0;&amp;#0;&amp;#0;&amp;#0;&amp;#0;&amp;#0;&amp;#0;&amp;#0;&amp;#0;&amp;#0;&amp;#0;&amp;#0;&amp;#0;&amp;#0;&amp;#0;&amp;#0;&amp;#0;&amp;#0;&amp;#0;&amp;#0;&amp;#0;&amp;#0;&amp;#0;&amp;#0;&amp;#0;&amp;#0;&amp;#0;&amp;#0;&amp;#0;&amp;#0;&amp;#0;&amp;#0;&amp;#0;&amp;#0;&amp;#0;&amp;#0;&amp;#0;&amp;#0;&amp;#0;&amp;#0;&amp;#0;&amp;#0;&amp;#0;&amp;#0;&amp;#0;&amp;#0;&amp;#0;&amp;#0;&amp;#0;&amp;#0;&amp;#0;&amp;#0;&amp;#0;&amp;#0;&amp;#0;&amp;#0;&amp;#0;&amp;#0;&amp;#0;&amp;#0;&amp;#0;&amp;#0;&amp;#0;&amp;#0;&amp;#0;&amp;#0;&amp;#0;&amp;#0;&amp;#0;&amp;#0;&amp;#0;&amp;#0;&amp;#0;&amp;#0;&amp;#0;&amp;#0;&amp;#0;&amp;#0;&amp;#0;&amp;#0;&amp;#0;&amp;#0;&amp;#0;&amp;#0;&amp;#0;&amp;#0;&amp;#0;&amp;#0;&amp;#0;&amp;#0;&amp;#0;&amp;#0;&amp;#0;&amp;#0;&amp;#0;&amp;#0;&amp;#0;&amp;#0;&amp;#0;&amp;#0;&amp;#0;&amp;#0;&amp;#0;&amp;#0;&amp;#0;&amp;#0;&amp;#0;&amp;#0;&amp;#0;&amp;#0;&amp;#0;&amp;#0;&amp;#0;&amp;#0;&amp;#0;&amp;#0;&amp;#0;&amp;#0;&amp;#0;&amp;#0;&amp;#0;&amp;#0;&amp;#0;&amp;#0;&amp;#0;&amp;#0;&amp;#0;&amp;#0;&amp;#0;&amp;#0;&amp;#0;&amp;#0;&amp;#0;&amp;#0;&amp;#0;&amp;#0;&amp;#0;&amp;#0;&amp;#0;&amp;#0;&amp;#0;&amp;#0;&amp;#0;&amp;#0;&amp;#0;&amp;#0;&amp;#0;&amp;#0;&amp;#0;&amp;#0;&amp;#0;&amp;#0;&amp;#0;&amp;#0;&amp;#0;&amp;#0;&amp;#0;&amp;#0;&amp;#0;&amp;#0;&amp;#0;&amp;#0;&amp;#0;&amp;#0;&amp;#0;&amp;#0;&amp;#0;&amp;#0;&amp;#0;&amp;#0;&amp;#0;&amp;#0;&amp;#0;&amp;#0;&amp;#0;&amp;#0;&amp;#0;&amp;#0;&amp;#0;&amp;#0;&amp;#0;&amp;#0;&amp;#0;&amp;#0;&amp;#0;&amp;#0;&amp;#0;&amp;#0;&amp;#0;&amp;#0;&amp;#0;&amp;#0;&amp;#0;&amp;#0;&amp;#0;&amp;#0;&amp;#0;&amp;#0;&amp;#0;&amp;#0;&amp;#0;&amp;#0;&amp;#0;&amp;#0;&amp;#0;&amp;#0;&amp;#0;&amp;#0;&amp;#0;&amp;#0;&amp;#0;&amp;#0;&amp;#0;&amp;#0;&amp;#0;&amp;#0;&amp;#0;&amp;#0;&amp;#0;&amp;#0;&amp;#0;&amp;#0;&amp;#0;&amp;#0;&amp;#0;&amp;#0;&amp;#0;&amp;#0;&amp;#0;&amp;#0;&amp;#0;&amp;#0;&amp;#0;&amp;#0;&amp;#0;&amp;#0;&amp;#0;&amp;#0;&amp;#0;&amp;#0;&amp;#0;&amp;#0;&amp;#0;&amp;#0;&amp;#0;&amp;#0;&amp;#0;&amp;#0;&amp;#0;&amp;#0;&amp;#0;&amp;#0;&amp;#0;&amp;#0;&amp;#0;&amp;#0;&amp;#0;&amp;#0;&amp;#0;&amp;#0;&amp;#0;&amp;#0;&amp;#0;&amp;#0;&amp;#0;&amp;#0;&amp;#0;&amp;#0;&amp;#0;&amp;#0;&amp;#0;&amp;#0;&amp;#0;&amp;#0;&amp;#0;&amp;#0;&amp;#0;&amp;#0;&amp;#0;&amp;#0;&amp;#0;&amp;#0;&amp;#0;&amp;#0;&amp;#0;&amp;#0;&amp;#0;&amp;#0;&amp;#0;&amp;#0;&amp;#0;&amp;#0;&amp;#0;&amp;#0;&amp;#0;&amp;#0;&amp;#0;&amp;#0;&amp;#0;&amp;#0;&amp;#0;&amp;#0;&amp;#0;&amp;#0;&amp;#0;&amp;#0;&amp;#0;&amp;#0;&amp;#0;&amp;#0;&amp;#0;&amp;#0;&amp;#0;&amp;#0;&amp;#0;&amp;#0;&amp;#0;&amp;#0;&amp;#0;&amp;#0;&amp;#0;&amp;#0;&amp;#0;&amp;#0;&amp;#0;&amp;#0;&amp;#0;&amp;#0;&amp;#0;&amp;#0;&amp;#0;&amp;#0;&amp;#0;&amp;#0;&amp;#0;&amp;#0;&amp;#0;&amp;#0;&amp;#0;&amp;#0;&amp;#0;&amp;#0;&amp;#0;&amp;#0;&amp;#0;&amp;#0;&amp;#0;&amp;#0;&amp;#0;&amp;#0;&amp;#0;&amp;#0;&amp;#0;&amp;#0;&amp;#0;&amp;#0;&amp;#0;&amp;#0;&amp;#0;&amp;#0;&amp;#0;&amp;#0;&amp;#0;&amp;#0;&amp;#0;&amp;#0;&amp;#0;&amp;#0;&amp;#0;&amp;#0;&amp;#0;&amp;#0;&amp;#0;&amp;#0;&amp;#0;&amp;#0;&amp;#0;&amp;#0;&amp;#0;&amp;#0;&amp;#0;&amp;#0;&amp;#0;&amp;#0;&amp;#0;&amp;#0;&amp;#0;&amp;#0;&amp;#0;&amp;#0;&amp;#0;&amp;#0;&amp;#0;&amp;#0;&amp;#0;&amp;#0;&amp;#0;&amp;#0;&amp;#0;&amp;#0;&amp;#0;&amp;#0;&amp;#0;&amp;#0;&amp;#0;&amp;#0;&amp;#0;&amp;#0;&amp;#0;&amp;#0;&amp;#0;&amp;#0;&amp;#0;&amp;#0;&amp;#0;&amp;#0;&amp;#0;&amp;#0;&amp;#0;&amp;#0;&amp;#0;&amp;#0;&amp;#0;&amp;#0;&amp;#0;&amp;#0;&amp;#0;&amp;#0;&amp;#0;&amp;#0;&amp;#0;&amp;#0;&amp;#0;&amp;#0;&amp;#0;&amp;#0;&amp;#0;&amp;#0;&amp;#0;&amp;#0;&amp;#0;&amp;#0;&amp;#0;&amp;#0;&amp;#0;&amp;#0;&amp;#0;&amp;#0;&amp;#0;&amp;#0;&amp;#0;&amp;#0;&amp;#0;&amp;#0;&amp;#0;&amp;#0;&amp;#0;&amp;#0;&amp;#0;&amp;#0;&amp;#0;&amp;#0;&amp;#0;&amp;#0;&amp;#0;&amp;#0;&amp;#0;&amp;#0;&amp;#0;&amp;#0;&amp;#0;&amp;#0;&amp;#0;&amp;#0;&amp;#0;&amp;#0;&amp;#0;&amp;#0;&amp;#0;&amp;#0;&amp;#0;&amp;#0;&amp;#0;&amp;#0;&amp;#0;&amp;#0;&amp;#0;&amp;#0;&amp;#0;&amp;#0;&amp;#0;&amp;#0;&amp;#0;&amp;#0;&amp;#0;&amp;#0;&amp;#0;&amp;#0;&amp;#0;&amp;#0;&amp;#0;&amp;#0;&amp;#0;&amp;#0;&amp;#0;&amp;#0;&amp;#0;&amp;#0;&amp;#0;&amp;#0;&amp;#0;&amp;#0;&amp;#0;&amp;#0;&amp;#0;&amp;#0;&amp;#0;&amp;#0;&amp;#0;&amp;#0;&amp;#0;&amp;#0;&amp;#0;&amp;#0;&amp;#0;&amp;#0;&amp;#0;&amp;#0;&amp;#0;&amp;#0;&amp;#0;&amp;#0;&amp;#0;&amp;#0;&amp;#0;&amp;#0;&amp;#0;&amp;#0;&amp;#0;&amp;#0;&amp;#0;&amp;#0;&amp;#0;&amp;#0;&amp;#0;&amp;#0;&amp;#0;&amp;#0;&amp;#0;&amp;#0;&amp;#0;&amp;#0;&amp;#0;&amp;#0;&amp;#0;&amp;#0;&amp;#0;&amp;#0;&amp;#0;&amp;#0;&amp;#0;&amp;#0;&amp;#0;&amp;#0;&amp;#0;&amp;#0;&amp;#0;&amp;#0;&amp;#0;&amp;#0;&amp;#0;&amp;#0;&amp;#0;&amp;#0;&amp;#0;&amp;#0;&amp;#0;&amp;#0;&amp;#0;&amp;#0;&amp;#0;&amp;#0;&amp;#0;&amp;#0;&amp;#0;&amp;#0;&amp;#0;&amp;#0;&amp;#0;&amp;#0;&amp;#0;&amp;#0;&amp;#0;&amp;#0;&amp;#0;&amp;#0;&amp;#0;&amp;#0;&amp;#0;&amp;#0;&amp;#0;&amp;#0;&amp;#0;&amp;#0;&amp;#0;&amp;#0;&amp;#0;&amp;#0;&amp;#0;&amp;#0;&amp;#0;&amp;#0;&amp;#0;&amp;#0;&amp;#0;&amp;#0;&amp;#0;&amp;#0;&amp;#0;&amp;#0;&amp;#0;&amp;#0;&amp;#0;&amp;#0;&amp;#0;&amp;#0;&amp;#0;&amp;#0;&amp;#0;&amp;#0;&amp;#0;&amp;#0;&amp;#0;&amp;#0;&amp;#0;&amp;#0;&amp;#0;&amp;#0;&amp;#0;&amp;#0;&amp;#0;&amp;#0;&amp;#0;&amp;#0;&amp;#0;&amp;#0;&amp;#0;&amp;#0;&amp;#0;&amp;#0;&amp;#0;&amp;#0;&amp;#0;&amp;#0;&amp;#0;&amp;#0;&amp;#0;&amp;#0;&amp;#0;&amp;#0;&amp;#0;&amp;#0;&amp;#0;&amp;#0;&amp;#0;&amp;#0;&amp;#0;&amp;#0;&amp;#0;&amp;#0;&amp;#0;&amp;#0;&amp;#0;&amp;#0;&amp;#0;&amp;#0;&amp;#0;&amp;#0;&amp;#0;&amp;#0;&amp;#0;&amp;#0;&amp;#0;&amp;#0;&amp;#0;&amp;#0;&amp;#0;&amp;#0;&amp;#0;&amp;#0;&amp;#0;&amp;#0;&amp;#0;&amp;#0;&amp;#0;&amp;#0;&amp;#0;&amp;#0;&amp;#0;&amp;#0;&amp;#0;&amp;#0;&amp;#0;&amp;#0;&amp;#0;&amp;#0;&amp;#0;&amp;#0;&amp;#0;&amp;#0;&amp;#0;&amp;#0;&amp;#0;&amp;#0;&amp;#0;&amp;#0;&amp;#0;&amp;#0;&amp;#0;&amp;#0;&amp;#0;&amp;#0;&amp;#0;&amp;#0;&amp;#0;&amp;#0;&amp;#0;&amp;#0;&amp;#0;&amp;#0;&amp;#0;&amp;#0;&amp;#0;&amp;#0;&amp;#0;&amp;#0;&amp;#0;&amp;#0;&amp;#0;&amp;#0;&amp;#0;&amp;#0;&amp;#0;&amp;#0;&amp;#0;&amp;#0;&amp;#0;&amp;#0;&amp;#0;&amp;#0;&amp;#0;&amp;#0;&amp;#0;&amp;#0;&amp;#0;&amp;#0;&amp;#0;&amp;#0;&amp;#0;&amp;#0;&amp;#0;&amp;#0;&amp;#0;&amp;#0;&amp;#0;&amp;#0;&amp;#0;&amp;#0;&amp;#0;&amp;#0;&amp;#0;&amp;#0;&amp;#0;&amp;#0;&amp;#0;&amp;#0;&amp;#0;&amp;#0;&amp;#0;&amp;#0;&amp;#0;&amp;#0;&amp;#0;&amp;#0;&amp;#0;&amp;#0;&amp;#0;&amp;#0;&amp;#0;&amp;#0;&amp;#0;&amp;#0;&amp;#0;&amp;#0;&amp;#0;&amp;#0;&amp;#0;&amp;#0;&amp;#0;&amp;#0;&amp;#0;&amp;#0;&amp;#0;&amp;#0;&amp;#0;&amp;#0;&amp;#0;&amp;#0;&amp;#0;&amp;#0;&amp;#0;&amp;#0;&amp;#0;&amp;#0;&amp;#0;&amp;#0;&amp;#0;&amp;#0;&amp;#0;&amp;#0;&amp;#0;&amp;#0;&amp;#0;&amp;#0;&amp;#0;&amp;#0;&amp;#0;&amp;#0;&amp;#0;&amp;#0;&amp;#0;&amp;#0;&amp;#0;&amp;#0;&amp;#0;&amp;#0;&amp;#0;&amp;#0;&amp;#0;&amp;#0;&amp;#0;&amp;#0;&amp;#0;&amp;#0;&amp;#0;&amp;#0;&amp;#0;&amp;#0;&amp;#0;&amp;#0;&amp;#0;&amp;#0;&amp;#0;&amp;#0;&amp;#0;&amp;#0;&amp;#0;&amp;#0;&amp;#0;&amp;#0;&amp;#0;&amp;#0;&amp;#0;&amp;#0;&amp;#0;&amp;#0;&amp;#0;&amp;#0;&amp;#0;&amp;#0;&amp;#0;&amp;#0;&amp;#0;&amp;#0;&amp;#0;&amp;#0;&amp;#0;&amp;#0;&amp;#0;&amp;#0;&amp;#0;&amp;#0;&amp;#0;&amp;#0;&amp;#0;&amp;#0;&amp;#0;&amp;#0;&amp;#0;&amp;#0;&amp;#0;&amp;#0;&amp;#0;&amp;#0;&amp;#0;&amp;#0;&amp;#0;&amp;#0;&amp;#0;&amp;#0;&amp;#0;&amp;#0;&amp;#0;&amp;#0;&amp;#0;&amp;#0;&amp;#0;&amp;#0;&amp;#0;&amp;#0;&amp;#0;&amp;#0;&amp;#0;&amp;#0;&amp;#0;&amp;#0;&amp;#0;&amp;#0;&amp;#0;&amp;#0;&amp;#0;&amp;#0;&amp;#0;&amp;#0;&amp;#0;&amp;#0;&amp;#0;&amp;#0;&amp;#0;&amp;#0;&amp;#0;&amp;#0;&amp;#0;&amp;#0;&amp;#0;&amp;#0;&amp;#0;&amp;#0;&amp;#0;&amp;#0;&amp;#0;&amp;#0;&amp;#0;&amp;#0;&amp;#0;&amp;#0;&amp;#0;&amp;#0;&amp;#0;&amp;#0;&amp;#0;&amp;#0;&amp;#0;&amp;#0;&amp;#0;&amp;#0;&amp;#0;&amp;#0;&amp;#0;&amp;#0;&amp;#0;&amp;#0;&amp;#0;&amp;#0;&amp;#0;&amp;#0;&amp;#0;&amp;#0;&amp;#0;&amp;#0;&amp;#0;&amp;#0;&amp;#0;&amp;#0;&amp;#0;&amp;#0;&amp;#0;&amp;#0;&amp;#0;&amp;#0;&amp;#0;&amp;#0;&amp;#0;&amp;#0;&amp;#0;&amp;#0;&amp;#0;&amp;#0;&amp;#0;&amp;#0;&amp;#0;&amp;#0;&amp;#0;&amp;#0;&amp;#0;&amp;#0;&amp;#0;&amp;#0;&amp;#0;&amp;#0;&amp;#0;&amp;#0;&amp;#0;&amp;#0;&amp;#0;&amp;#0;&amp;#0;&amp;#0;&amp;#0;&amp;#0;&amp;#0;&amp;#0;&amp;#0;&amp;#0;&amp;#0;&amp;#0;&amp;#0;&amp;#0;&amp;#0;&amp;#0;&amp;#0;&amp;#0;&amp;#0;&amp;#0;&amp;#0;&amp;#0;&amp;#0;&amp;#0;&amp;#0;&amp;#0;&amp;#0;&amp;#0;&amp;#0;&amp;#0;&amp;#0;&amp;#0;&amp;#0;&amp;#0;&amp;#0;&amp;#0;&amp;#0;&amp;#0;&amp;#0;&amp;#0;&amp;#0;&amp;#0;&amp;#0;&amp;#0;&amp;#0;&amp;#0;&amp;#0;&amp;#0;&amp;#0;&amp;#0;&amp;#0;&amp;#0;&amp;#0;&amp;#0;&amp;#0;&amp;#0;&amp;#0;&amp;#0;&amp;#0;&amp;#0;&amp;#0;&amp;#0;&amp;#0;&amp;#0;&amp;#0;&amp;#0;&amp;#0;&amp;#0;&amp;#0;&amp;#0;&amp;#0;&amp;#0;&amp;#0;&amp;#0;&amp;#0;&amp;#0;&amp;#0;&amp;#0;&amp;#0;&amp;#0;&amp;#0;&amp;#0;&amp;#0;&amp;#0;&amp;#0;&amp;#0;&amp;#0;&amp;#0;&amp;#0;&amp;#0;&amp;#0;&amp;#0;&amp;#0;&amp;#0;&amp;#0;&amp;#0;&amp;#0;&amp;#0;&amp;#0;&amp;#0;&amp;#0;&amp;#0;&amp;#0;&amp;#0;&amp;#0;&amp;#0;&amp;#0;&amp;#0;&amp;#0;&amp;#0;&amp;#0;&amp;#0;&amp;#0;&amp;#0;&amp;#0;&amp;#0;&amp;#0;&amp;#0;&amp;#0;&amp;#0;&amp;#0;&amp;#0;&amp;#0;&amp;#0;&amp;#0;&amp;#0;&amp;#0;&amp;#0;&amp;#0;&amp;#0;&amp;#0;&amp;#0;&amp;#0;&amp;#0;&amp;#0;&amp;#0;&amp;#0;&amp;#0;&amp;#0;&amp;#0;&amp;#0;&amp;#0;&amp;#0;&amp;#0;&amp;#0;&amp;#0;&amp;#0;&amp;#0;&amp;#0;&amp;#0;&amp;#0;&amp;#0;&amp;#0;&amp;#0;&amp;#0;&amp;#0;&amp;#0;&amp;#0;&amp;#0;&amp;#0;&amp;#0;&amp;#0;&amp;#0;&amp;#0;&amp;#0;&amp;#0;&amp;#0;&amp;#0;&amp;#0;&amp;#0;&amp;#0;&amp;#0;&amp;#0;&amp;#0;&amp;#0;&amp;#0;&amp;#0;&amp;#0;&amp;#0;&amp;#0;&amp;#0;&amp;#0;&amp;#0;&amp;#0;&amp;#0;&amp;#0;&amp;#0;&amp;#0;&amp;#0;&amp;#0;&amp;#0;&amp;#0;&amp;#0;&amp;#0;&amp;#0;&amp;#0;&amp;#0;&amp;#0;&amp;#0;&amp;#0;&amp;#0;&amp;#0;&amp;#0;&amp;#0;&amp;#0;&amp;#0;&amp;#0;&amp;#0;&amp;#0;&amp;#0;&amp;#0;&amp;#0;&amp;#0;&amp;#0;&amp;#0;&amp;#0;&amp;#0;&amp;#0;&amp;#0;&amp;#0;&amp;#0;&amp;#0;&amp;#0;&amp;#0;&amp;#0;&amp;#0;&amp;#0;&amp;#0;&amp;#0;&amp;#0;&amp;#0;&amp;#0;&amp;#0;&amp;#0;&amp;#0;&amp;#0;&amp;#0;&amp;#0;&amp;#0;&amp;#0;&amp;#0;&amp;#0;&amp;#0;&amp;#0;&amp;#0;&amp;#0;&amp;#0;&amp;#0;&amp;#0;&amp;#0;&amp;#0;&amp;#0;&amp;#0;&amp;#0;&amp;#0;&amp;#0;&amp;#0;&amp;#0;&amp;#0;&amp;#0;&amp;#0;&amp;#0;&amp;#0;&amp;#0;&amp;#0;&amp;#0;&amp;#0;&amp;#0;&amp;#0;&amp;#0;&amp;#0;&amp;#0;&amp;#0;&amp;#0;&amp;#0;&amp;#0;&amp;#0;&amp;#0;&amp;#0;&amp;#0;&amp;#0;&amp;#0;&amp;#0;&amp;#0;&amp;#0;&amp;#0;&amp;#0;&amp;#0;&amp;#0;&amp;#0;&amp;#0;&amp;#0;&amp;#0;&amp;#0;&amp;#0;&amp;#0;&amp;#0;&amp;#0;&amp;#0;&amp;#0;&amp;#0;&amp;#0;&amp;#0;&amp;#0;&amp;#0;&amp;#0;&amp;#0;&amp;#0;&amp;#0;&amp;#0;&amp;#0;&amp;#0;&amp;#0;&amp;#0;&amp;#0;&amp;#0;&amp;#0;&amp;#0;&amp;#0;&amp;#0;&amp;#0;&amp;#0;&amp;#0;&amp;#0;&amp;#0;&amp;#0;&amp;#0;&amp;#0;&amp;#0;&amp;#0;&amp;#0;&amp;#0;&amp;#0;&amp;#0;&amp;#0;&amp;#0;&amp;#0;&amp;#0;&amp;#0;&amp;#0;&amp;#0;&amp;#0;&amp;#0;&amp;#0;&amp;#0;&amp;#0;&amp;#0;&amp;#0;&amp;#0;&amp;#0;&amp;#0;&amp;#0;&amp;#0;&amp;#0;&amp;#0;&amp;#0;&amp;#0;&amp;#0;&amp;#0;&amp;#0;&amp;#0;&amp;#0;&amp;#0;&amp;#0;&amp;#0;&amp;#0;&amp;#0;&amp;#0;&amp;#0;&amp;#0;&amp;#0;&amp;#0;&amp;#0;&amp;#0;&amp;#0;&amp;#0;&amp;#0;&amp;#0;&amp;#0;&amp;#0;&amp;#0;&amp;#0;&amp;#0;&amp;#0;&amp;#0;&amp;#0;&amp;#0;&amp;#0;&amp;#0;&amp;#0;&amp;#0;&amp;#0;&amp;#0;&amp;#0;&amp;#0;&amp;#0;&amp;#0;&amp;#0;&amp;#0;&amp;#0;&amp;#0;&amp;#0;&amp;#0;&amp;#0;&amp;#0;&amp;#0;&amp;#0;&amp;#0;&amp;#0;&amp;#0;&amp;#0;&amp;#0;&amp;#0;&amp;#0;&amp;#0;&amp;#0;&amp;#0;&amp;#0;&amp;#0;&amp;#0;&amp;#0;&amp;#0;&amp;#0;&amp;#0;&amp;#0;&amp;#0;&amp;#0;&amp;#0;
19:14:18.430 [main] ERROR - Je passe ici ------------------------------------------------------
19:14:18.430 [main] ERROR - Exception occured during compilation!
java.util.MissingFormatArgumentException: Format specifier &apos;%s&apos;
	at java.util.Formatter.format(Formatter.java:2519) ~[?:1.8.0_131]
	at java.io.PrintWriter.format(PrintWriter.java:905) ~[?:1.8.0_131]
	at java.io.PrintWriter.printf(PrintWriter.java:804) ~[?:1.8.0_131]
	at be.unamur.info.b314.compiler.Visitor.PCodePrinter.printSetTo(PCodePrinter.java:78) ~[classes/:?]
	at be.unamur.info.b314.compiler.Visitor.PCodeVisitor.visitVarDecl(PCodeVisitor.java:672) ~[classes/:?]
	at be.unamur.info.b314.compiler.B314Parser$VarDeclContext.accept(B314Parser.java:405) ~[classes/:?]
	at be.unamur.info.b314.compiler.Visitor.PCodeVisitor.visitProgramme(PCodeVisitor.java:64) ~[classes/:?]
	at be.unamur.info.b314.compiler.B314Parser$ProgrammeContext.accept(B314Parser.java:4028) ~[classes/:?]
	at be.unamur.info.b314.compiler.main.Main.printPCode(Main.java:236) ~[classes/:?]
	at be.unamur.info.b314.compiler.main.Main.compile(Main.java:199) ~[classes/:?]
	at be.unamur.info.b314.compiler.main.Main.main(Main.java:79) [classes/:?]
	at be.unamur.info.b314.compiler.main.CompilerTestHelper.launchCompilation(CompilerTestHelper.java:35) [test-classes/:?]
	at be.unamur.info.b314.compiler.main.B314localvariabledeclSyntaxTest.testlocalvariabledecl_fct_local_variable_diff_names_ok(B314localvariabledeclSyntaxTest.java:49) [test-classes/:?]
	at sun.reflect.NativeMethodAccessorImpl.invoke0(Native Method) ~[?:1.8.0_131]
	at sun.reflect.NativeMethodAccessorImpl.invoke(NativeMethodAccessorImpl.java:62) ~[?:1.8.0_131]
	at sun.reflect.DelegatingMethodAccessorImpl.invoke(DelegatingMethodAccessorImpl.java:43) ~[?:1.8.0_131]
	at java.lang.reflect.Method.invoke(Method.java:498) ~[?:1.8.0_131]
	at org.junit.runners.model.FrameworkMethod$1.runReflectiveCall(FrameworkMethod.java:50) [junit-4.12.jar:4.12]
	at org.junit.internal.runners.model.ReflectiveCallable.run(ReflectiveCallable.java:12) [junit-4.12.jar:4.12]
	at org.junit.runners.model.FrameworkMethod.invokeExplosively(FrameworkMethod.java:47) [junit-4.12.jar:4.12]
	at org.junit.internal.runners.statements.InvokeMethod.evaluate(InvokeMethod.java:17) [junit-4.12.jar:4.12]
	at org.junit.rules.ExternalResource$1.evaluate(ExternalResource.java:48) [junit-4.12.jar:4.12]
	at org.junit.rules.TestWatcher$1.evaluate(TestWatcher.java:55) [junit-4.12.jar:4.12]
	at org.junit.rules.RunRules.evaluate(RunRules.java:20) [junit-4.12.jar:4.12]
	at org.junit.runners.ParentRunner.runLeaf(ParentRunner.java:325) [junit-4.12.jar:4.12]
	at org.junit.runners.BlockJUnit4ClassRunner.runChild(BlockJUnit4ClassRunner.java:78) [junit-4.12.jar:4.12]
	at org.junit.runners.BlockJUnit4ClassRunner.runChild(BlockJUnit4ClassRunner.java:57) [junit-4.12.jar:4.12]
	at org.junit.runners.ParentRunner$3.run(ParentRunner.java:290) [junit-4.12.jar:4.12]
	at org.junit.runners.ParentRunner$1.schedule(ParentRunner.java:71) [junit-4.12.jar:4.12]
	at org.junit.runners.ParentRunner.runChildren(ParentRunner.java:288) [junit-4.12.jar:4.12]
	at org.junit.runners.ParentRunner.access$000(ParentRunner.java:58) [junit-4.12.jar:4.12]
	at org.junit.runners.ParentRunner$2.evaluate(ParentRunner.java:268) [junit-4.12.jar:4.12]
	at org.junit.runners.ParentRunner.run(ParentRunner.java:363) [junit-4.12.jar:4.12]
	at org.apache.maven.surefire.junit4.JUnit4Provider.execute(JUnit4Provider.java:252) [surefire-junit4-2.12.4.jar:2.12.4]
	at org.apache.maven.surefire.junit4.JUnit4Provider.executeTestSet(JUnit4Provider.java:141) [surefire-junit4-2.12.4.jar:2.12.4]
	at org.apache.maven.surefire.junit4.JUnit4Provider.invoke(JUnit4Provider.java:112) [surefire-junit4-2.12.4.jar:2.12.4]
	at sun.reflect.NativeMethodAccessorImpl.invoke0(Native Method) ~[?:1.8.0_131]
	at sun.reflect.NativeMethodAccessorImpl.invoke(NativeMethodAccessorImpl.java:62) ~[?:1.8.0_131]
	at sun.reflect.DelegatingMethodAccessorImpl.invoke(DelegatingMethodAccessorImpl.java:43) ~[?:1.8.0_131]
	at java.lang.reflect.Method.invoke(Method.java:498) ~[?:1.8.0_131]
	at org.apache.maven.surefire.util.ReflectionUtils.invokeMethodWithArray(ReflectionUtils.java:189) [surefire-api-2.12.4.jar:2.12.4]
	at org.apache.maven.surefire.booter.ProviderFactory$ProviderProxy.invoke(ProviderFactory.java:165) [surefire-booter-2.12.4.jar:2.12.4]
	at org.apache.maven.surefire.booter.ProviderFactory.invokeProvider(ProviderFactory.java:85) [surefire-booter-2.12.4.jar:2.12.4]
	at org.apache.maven.surefire.booter.ForkedBooter.runSuitesInProcess(ForkedBooter.java:115) [surefire-booter-2.12.4.jar:2.12.4]
	at org.apache.maven.surefire.booter.ForkedBooter.main(ForkedBooter.java:75) [surefire-booter-2.12.4.jar:2.12.4]
</system-out>
  </testcase>
  <testcase classname="be.unamur.info.b314.compiler.main.B314localvariabledeclSyntaxTest" name="testlocalvariabledecl_when_local_var_same_names_and_different_types_than_global_vars_ok" time="0.02">
    <failure message="localvariabledecl: when_local_var_same_names_and_different_types_than_global_vars
Expected: a string ending with &quot;OK\r\n&quot;
     but: was &quot;KO
&quot;" type="java.lang.AssertionError">java.lang.AssertionError: localvariabledecl: when_local_var_same_names_and_different_types_than_global_vars
Expected: a string ending with &quot;OK\r\n&quot;
     but: was &quot;KO
&quot;
	at org.hamcrest.MatcherAssert.assertThat(MatcherAssert.java:20)
	at org.junit.Assert.assertThat(Assert.java:956)
	at be.unamur.info.b314.compiler.main.CompilerTestHelper.launchCompilation(CompilerTestHelper.java:42)
	at be.unamur.info.b314.compiler.main.B314localvariabledeclSyntaxTest.testlocalvariabledecl_when_local_var_same_names_and_different_types_than_global_vars_ok(B314localvariabledeclSyntaxTest.java:74)
	at sun.reflect.NativeMethodAccessorImpl.invoke0(Native Method)
	at sun.reflect.NativeMethodAccessorImpl.invoke(NativeMethodAccessorImpl.java:62)
	at sun.reflect.DelegatingMethodAccessorImpl.invoke(DelegatingMethodAccessorImpl.java:43)
	at java.lang.reflect.Method.invoke(Method.java:498)
	at org.junit.runners.model.FrameworkMethod$1.runReflectiveCall(FrameworkMethod.java:50)
	at org.junit.internal.runners.model.ReflectiveCallable.run(ReflectiveCallable.java:12)
	at org.junit.runners.model.FrameworkMethod.invokeExplosively(FrameworkMethod.java:47)
	at org.junit.internal.runners.statements.InvokeMethod.evaluate(InvokeMethod.java:17)
	at org.junit.rules.ExternalResource$1.evaluate(ExternalResource.java:48)
	at org.junit.rules.TestWatcher$1.evaluate(TestWatcher.java:55)
	at org.junit.rules.RunRules.evaluate(RunRules.java:20)
	at org.junit.runners.ParentRunner.runLeaf(ParentRunner.java:325)
	at org.junit.runners.BlockJUnit4ClassRunner.runChild(BlockJUnit4ClassRunner.java:78)
	at org.junit.runners.BlockJUnit4ClassRunner.runChild(BlockJUnit4ClassRunner.java:57)
	at org.junit.runners.ParentRunner$3.run(ParentRunner.java:290)
	at org.junit.runners.ParentRunner$1.schedule(ParentRunner.java:71)
	at org.junit.runners.ParentRunner.runChildren(ParentRunner.java:288)
	at org.junit.runners.ParentRunner.access$000(ParentRunner.java:58)
	at org.junit.runners.ParentRunner$2.evaluate(ParentRunner.java:268)
	at org.junit.runners.ParentRunner.run(ParentRunner.java:363)
	at org.apache.maven.surefire.junit4.JUnit4Provider.execute(JUnit4Provider.java:252)
	at org.apache.maven.surefire.junit4.JUnit4Provider.executeTestSet(JUnit4Provider.java:141)
	at org.apache.maven.surefire.junit4.JUnit4Provider.invoke(JUnit4Provider.java:112)
	at sun.reflect.NativeMethodAccessorImpl.invoke0(Native Method)
	at sun.reflect.NativeMethodAccessorImpl.invoke(NativeMethodAccessorImpl.java:62)
	at sun.reflect.DelegatingMethodAccessorImpl.invoke(DelegatingMethodAccessorImpl.java:43)
	at java.lang.reflect.Method.invoke(Method.java:498)
	at org.apache.maven.surefire.util.ReflectionUtils.invokeMethodWithArray(ReflectionUtils.java:189)
	at org.apache.maven.surefire.booter.ProviderFactory$ProviderProxy.invoke(ProviderFactory.java:165)
	at org.apache.maven.surefire.booter.ProviderFactory.invokeProvider(ProviderFactory.java:85)
	at org.apache.maven.surefire.booter.ForkedBooter.runSuitesInProcess(ForkedBooter.java:115)
	at org.apache.maven.surefire.booter.ForkedBooter.main(ForkedBooter.java:75)
</failure>
    <system-out>19:14:18.432 [main] INFO  - Starting test: testlocalvariabledecl_when_local_var_same_names_and_different_types_than_global_vars_ok()...
org.apache.commons.cli.CommandLine@36c54a56
19:14:18.434 [main] DEBUG - Initialisation
19:14:18.434 [main] DEBUG - Input file set to C:\Users\Dano\Desktop\b314-Jour\target\test-classes\syntax\localvariabledecl\ok\when_local_var_same_names_and_different_types_than_global_vars.b314
19:14:18.434 [main] DEBUG - Output file set to C:\Users\Dano\AppData\Local\Temp\junit5504601165061960586\junit8742904513894875468.tmp
19:14:18.434 [main] DEBUG - Initialisation: done
jessica1
19:14:18.438 [main] DEBUG - Parsing input
/* My comments */ 
declare and retain 
	b1 as boolean;
	b2 as boolean;
    i1 as integer; 
    i2 as integer;
    i3 as integer;
    s1 as square;
    s2 as square;
    v1 as boolean[5, 7];
    v2 as integer[42];

    fct1 as function():square
    	do
    		skip
    	done 

    fct2 as function(x as integer, y as boolean):integer
    	do
    		skip
    	done 

    fct3 as function():boolean
    	do
    		skip
    	done 

    fct4 as function():square
    	do
    		skip
    	done 

    fct5 as function(x as integer, y as boolean, z as square):integer
    	do
    		skip
    	done 
    	
when your turn 

	when true and b1 or v1[0, i1 + 2 * 5] do
		if b1 and i1 = 2 then
			while i1 &lt; i3 do
				set i2 to i1 + 1
			done
		else
			if s1 = ammo then
				next do nothing
			done
		done
	done 

	when false 
	declare local
		loc1 as integer;
		loc2 as boolean;
		loc3 as square;
		loc4 as integer[5];
		v1 as integer[42];
	do
		set v1[0] to 42
	done

	when not graal is north and i2 &gt; 5 and v2[4] &lt; 42 or s1 = dirt 
	declare local
		loc1 as integer;
		loc2 as boolean;
		loc3 as square;
		loc4 as integer[5];
	do
    	compute fct1()
    	set s1 to fct1()
    	if fct5(i1 + 2, s2 = ammo, ennemi) &gt; 2 then
    		skip
    	done
    	while fct3() do
    		skip
    	done
    	next move west
	done
	
	when true and false 
	    	declare local
    		loc1 as integer;
    		loc2 as boolean;
    		loc3 as square;
    		loc4 as integer[5];
    do
	    compute loc1 + 2 - loc4[0 + 1 - i1] = 5 and not loc2 or loc3 = dirt
    done
    
    by default 
	declare local
		loc1 as integer;
		loc2 as boolean;
		loc3 as square;
		loc4 as integer[5];
		b1 as integer;
		s1 as boolean;
	do 
		compute s1 and b1 = 42 or loc2 
	done&amp;#0;&amp;#0;&amp;#0;&amp;#0;&amp;#0;&amp;#0;&amp;#0;&amp;#0;&amp;#0;&amp;#0;&amp;#0;&amp;#0;&amp;#0;&amp;#0;&amp;#0;&amp;#0;&amp;#0;&amp;#0;&amp;#0;&amp;#0;&amp;#0;&amp;#0;&amp;#0;&amp;#0;&amp;#0;&amp;#0;&amp;#0;&amp;#0;&amp;#0;&amp;#0;&amp;#0;&amp;#0;&amp;#0;&amp;#0;&amp;#0;&amp;#0;&amp;#0;&amp;#0;&amp;#0;&amp;#0;&amp;#0;&amp;#0;&amp;#0;&amp;#0;&amp;#0;&amp;#0;&amp;#0;&amp;#0;&amp;#0;&amp;#0;&amp;#0;&amp;#0;&amp;#0;&amp;#0;&amp;#0;&amp;#0;&amp;#0;&amp;#0;&amp;#0;&amp;#0;&amp;#0;&amp;#0;&amp;#0;&amp;#0;&amp;#0;&amp;#0;&amp;#0;&amp;#0;&amp;#0;&amp;#0;&amp;#0;&amp;#0;&amp;#0;&amp;#0;&amp;#0;&amp;#0;&amp;#0;&amp;#0;&amp;#0;&amp;#0;&amp;#0;&amp;#0;&amp;#0;&amp;#0;&amp;#0;&amp;#0;&amp;#0;&amp;#0;&amp;#0;&amp;#0;&amp;#0;&amp;#0;&amp;#0;&amp;#0;&amp;#0;&amp;#0;&amp;#0;&amp;#0;&amp;#0;&amp;#0;&amp;#0;&amp;#0;&amp;#0;&amp;#0;&amp;#0;&amp;#0;&amp;#0;&amp;#0;&amp;#0;&amp;#0;&amp;#0;&amp;#0;&amp;#0;&amp;#0;&amp;#0;&amp;#0;&amp;#0;&amp;#0;&amp;#0;&amp;#0;&amp;#0;&amp;#0;&amp;#0;&amp;#0;&amp;#0;&amp;#0;&amp;#0;&amp;#0;&amp;#0;&amp;#0;&amp;#0;&amp;#0;&amp;#0;&amp;#0;&amp;#0;&amp;#0;&amp;#0;&amp;#0;&amp;#0;&amp;#0;&amp;#0;&amp;#0;&amp;#0;&amp;#0;&amp;#0;&amp;#0;&amp;#0;&amp;#0;&amp;#0;&amp;#0;&amp;#0;&amp;#0;&amp;#0;&amp;#0;&amp;#0;&amp;#0;&amp;#0;&amp;#0;&amp;#0;&amp;#0;&amp;#0;&amp;#0;&amp;#0;&amp;#0;&amp;#0;&amp;#0;&amp;#0;&amp;#0;&amp;#0;&amp;#0;&amp;#0;&amp;#0;&amp;#0;&amp;#0;&amp;#0;&amp;#0;&amp;#0;&amp;#0;&amp;#0;&amp;#0;&amp;#0;&amp;#0;&amp;#0;&amp;#0;&amp;#0;&amp;#0;&amp;#0;&amp;#0;&amp;#0;&amp;#0;&amp;#0;&amp;#0;&amp;#0;&amp;#0;&amp;#0;&amp;#0;&amp;#0;&amp;#0;&amp;#0;&amp;#0;&amp;#0;&amp;#0;&amp;#0;&amp;#0;&amp;#0;&amp;#0;&amp;#0;&amp;#0;&amp;#0;&amp;#0;&amp;#0;&amp;#0;&amp;#0;&amp;#0;&amp;#0;&amp;#0;&amp;#0;&amp;#0;&amp;#0;&amp;#0;&amp;#0;&amp;#0;&amp;#0;&amp;#0;&amp;#0;&amp;#0;&amp;#0;&amp;#0;&amp;#0;&amp;#0;&amp;#0;&amp;#0;&amp;#0;&amp;#0;&amp;#0;&amp;#0;&amp;#0;&amp;#0;&amp;#0;&amp;#0;&amp;#0;&amp;#0;&amp;#0;&amp;#0;&amp;#0;&amp;#0;&amp;#0;&amp;#0;&amp;#0;&amp;#0;&amp;#0;&amp;#0;&amp;#0;&amp;#0;&amp;#0;&amp;#0;&amp;#0;&amp;#0;&amp;#0;&amp;#0;&amp;#0;&amp;#0;&amp;#0;&amp;#0;&amp;#0;&amp;#0;&amp;#0;&amp;#0;&amp;#0;&amp;#0;&amp;#0;&amp;#0;&amp;#0;&amp;#0;&amp;#0;&amp;#0;&amp;#0;&amp;#0;&amp;#0;&amp;#0;&amp;#0;&amp;#0;&amp;#0;&amp;#0;&amp;#0;&amp;#0;&amp;#0;&amp;#0;&amp;#0;&amp;#0;&amp;#0;&amp;#0;&amp;#0;&amp;#0;&amp;#0;&amp;#0;&amp;#0;&amp;#0;&amp;#0;&amp;#0;&amp;#0;&amp;#0;&amp;#0;&amp;#0;&amp;#0;&amp;#0;&amp;#0;&amp;#0;&amp;#0;&amp;#0;&amp;#0;&amp;#0;&amp;#0;&amp;#0;&amp;#0;&amp;#0;&amp;#0;&amp;#0;&amp;#0;&amp;#0;&amp;#0;&amp;#0;&amp;#0;&amp;#0;&amp;#0;&amp;#0;&amp;#0;&amp;#0;&amp;#0;&amp;#0;&amp;#0;&amp;#0;&amp;#0;&amp;#0;&amp;#0;&amp;#0;&amp;#0;&amp;#0;&amp;#0;&amp;#0;&amp;#0;&amp;#0;&amp;#0;&amp;#0;&amp;#0;&amp;#0;&amp;#0;&amp;#0;&amp;#0;&amp;#0;&amp;#0;&amp;#0;&amp;#0;&amp;#0;&amp;#0;&amp;#0;&amp;#0;&amp;#0;&amp;#0;&amp;#0;&amp;#0;&amp;#0;&amp;#0;&amp;#0;&amp;#0;&amp;#0;&amp;#0;&amp;#0;&amp;#0;&amp;#0;&amp;#0;&amp;#0;&amp;#0;&amp;#0;&amp;#0;&amp;#0;&amp;#0;&amp;#0;&amp;#0;&amp;#0;&amp;#0;&amp;#0;&amp;#0;&amp;#0;&amp;#0;&amp;#0;&amp;#0;&amp;#0;&amp;#0;&amp;#0;&amp;#0;&amp;#0;&amp;#0;&amp;#0;&amp;#0;&amp;#0;&amp;#0;&amp;#0;&amp;#0;&amp;#0;&amp;#0;&amp;#0;&amp;#0;&amp;#0;&amp;#0;&amp;#0;&amp;#0;&amp;#0;&amp;#0;&amp;#0;&amp;#0;&amp;#0;&amp;#0;&amp;#0;&amp;#0;&amp;#0;&amp;#0;&amp;#0;&amp;#0;&amp;#0;&amp;#0;&amp;#0;&amp;#0;&amp;#0;&amp;#0;&amp;#0;&amp;#0;&amp;#0;&amp;#0;&amp;#0;&amp;#0;&amp;#0;&amp;#0;&amp;#0;&amp;#0;&amp;#0;&amp;#0;&amp;#0;&amp;#0;&amp;#0;&amp;#0;&amp;#0;&amp;#0;&amp;#0;&amp;#0;&amp;#0;&amp;#0;&amp;#0;&amp;#0;&amp;#0;&amp;#0;&amp;#0;&amp;#0;&amp;#0;&amp;#0;&amp;#0;&amp;#0;&amp;#0;&amp;#0;&amp;#0;&amp;#0;&amp;#0;&amp;#0;&amp;#0;&amp;#0;&amp;#0;&amp;#0;&amp;#0;&amp;#0;&amp;#0;&amp;#0;&amp;#0;&amp;#0;&amp;#0;&amp;#0;&amp;#0;&amp;#0;&amp;#0;&amp;#0;&amp;#0;&amp;#0;&amp;#0;&amp;#0;&amp;#0;&amp;#0;&amp;#0;&amp;#0;&amp;#0;&amp;#0;&amp;#0;&amp;#0;&amp;#0;&amp;#0;&amp;#0;&amp;#0;&amp;#0;&amp;#0;&amp;#0;&amp;#0;&amp;#0;&amp;#0;&amp;#0;&amp;#0;&amp;#0;&amp;#0;&amp;#0;&amp;#0;&amp;#0;&amp;#0;&amp;#0;&amp;#0;&amp;#0;&amp;#0;&amp;#0;&amp;#0;&amp;#0;&amp;#0;&amp;#0;&amp;#0;&amp;#0;&amp;#0;&amp;#0;&amp;#0;&amp;#0;&amp;#0;&amp;#0;&amp;#0;&amp;#0;&amp;#0;&amp;#0;&amp;#0;&amp;#0;&amp;#0;&amp;#0;&amp;#0;&amp;#0;&amp;#0;&amp;#0;&amp;#0;&amp;#0;&amp;#0;&amp;#0;&amp;#0;&amp;#0;&amp;#0;&amp;#0;&amp;#0;&amp;#0;&amp;#0;&amp;#0;&amp;#0;&amp;#0;&amp;#0;&amp;#0;&amp;#0;&amp;#0;&amp;#0;&amp;#0;&amp;#0;&amp;#0;&amp;#0;&amp;#0;&amp;#0;&amp;#0;&amp;#0;&amp;#0;&amp;#0;&amp;#0;&amp;#0;&amp;#0;&amp;#0;&amp;#0;&amp;#0;&amp;#0;&amp;#0;&amp;#0;&amp;#0;&amp;#0;&amp;#0;&amp;#0;&amp;#0;&amp;#0;&amp;#0;&amp;#0;&amp;#0;&amp;#0;&amp;#0;&amp;#0;&amp;#0;&amp;#0;&amp;#0;&amp;#0;&amp;#0;&amp;#0;&amp;#0;&amp;#0;&amp;#0;&amp;#0;&amp;#0;&amp;#0;&amp;#0;&amp;#0;&amp;#0;&amp;#0;&amp;#0;&amp;#0;&amp;#0;&amp;#0;&amp;#0;&amp;#0;&amp;#0;&amp;#0;&amp;#0;&amp;#0;&amp;#0;&amp;#0;&amp;#0;&amp;#0;&amp;#0;&amp;#0;&amp;#0;&amp;#0;&amp;#0;&amp;#0;&amp;#0;&amp;#0;&amp;#0;&amp;#0;&amp;#0;&amp;#0;&amp;#0;&amp;#0;&amp;#0;&amp;#0;&amp;#0;&amp;#0;&amp;#0;&amp;#0;&amp;#0;&amp;#0;&amp;#0;&amp;#0;&amp;#0;&amp;#0;&amp;#0;&amp;#0;&amp;#0;&amp;#0;&amp;#0;&amp;#0;&amp;#0;&amp;#0;&amp;#0;&amp;#0;&amp;#0;&amp;#0;&amp;#0;&amp;#0;&amp;#0;&amp;#0;&amp;#0;&amp;#0;&amp;#0;&amp;#0;&amp;#0;&amp;#0;&amp;#0;&amp;#0;&amp;#0;&amp;#0;&amp;#0;&amp;#0;&amp;#0;&amp;#0;&amp;#0;&amp;#0;&amp;#0;&amp;#0;&amp;#0;&amp;#0;&amp;#0;&amp;#0;&amp;#0;&amp;#0;&amp;#0;&amp;#0;&amp;#0;&amp;#0;&amp;#0;&amp;#0;&amp;#0;&amp;#0;&amp;#0;&amp;#0;&amp;#0;&amp;#0;&amp;#0;&amp;#0;&amp;#0;&amp;#0;&amp;#0;&amp;#0;&amp;#0;&amp;#0;&amp;#0;&amp;#0;&amp;#0;&amp;#0;&amp;#0;&amp;#0;&amp;#0;&amp;#0;&amp;#0;&amp;#0;&amp;#0;&amp;#0;&amp;#0;&amp;#0;&amp;#0;&amp;#0;&amp;#0;&amp;#0;&amp;#0;&amp;#0;&amp;#0;&amp;#0;&amp;#0;&amp;#0;&amp;#0;&amp;#0;&amp;#0;&amp;#0;&amp;#0;&amp;#0;&amp;#0;&amp;#0;&amp;#0;&amp;#0;&amp;#0;&amp;#0;&amp;#0;&amp;#0;&amp;#0;&amp;#0;&amp;#0;&amp;#0;&amp;#0;&amp;#0;&amp;#0;&amp;#0;&amp;#0;&amp;#0;&amp;#0;&amp;#0;&amp;#0;&amp;#0;&amp;#0;&amp;#0;&amp;#0;&amp;#0;&amp;#0;&amp;#0;&amp;#0;&amp;#0;&amp;#0;&amp;#0;&amp;#0;&amp;#0;&amp;#0;&amp;#0;&amp;#0;&amp;#0;&amp;#0;&amp;#0;&amp;#0;&amp;#0;&amp;#0;&amp;#0;&amp;#0;&amp;#0;&amp;#0;&amp;#0;&amp;#0;&amp;#0;&amp;#0;&amp;#0;&amp;#0;&amp;#0;&amp;#0;&amp;#0;&amp;#0;&amp;#0;&amp;#0;&amp;#0;&amp;#0;&amp;#0;&amp;#0;&amp;#0;&amp;#0;&amp;#0;&amp;#0;&amp;#0;&amp;#0;&amp;#0;&amp;#0;&amp;#0;&amp;#0;&amp;#0;&amp;#0;&amp;#0;&amp;#0;&amp;#0;&amp;#0;&amp;#0;&amp;#0;&amp;#0;&amp;#0;&amp;#0;&amp;#0;&amp;#0;&amp;#0;&amp;#0;&amp;#0;&amp;#0;&amp;#0;&amp;#0;&amp;#0;&amp;#0;&amp;#0;&amp;#0;&amp;#0;&amp;#0;&amp;#0;&amp;#0;&amp;#0;&amp;#0;&amp;#0;&amp;#0;&amp;#0;&amp;#0;&amp;#0;&amp;#0;&amp;#0;&amp;#0;&amp;#0;&amp;#0;&amp;#0;&amp;#0;&amp;#0;&amp;#0;&amp;#0;&amp;#0;&amp;#0;&amp;#0;&amp;#0;&amp;#0;&amp;#0;&amp;#0;&amp;#0;&amp;#0;&amp;#0;&amp;#0;&amp;#0;&amp;#0;&amp;#0;&amp;#0;&amp;#0;&amp;#0;&amp;#0;&amp;#0;&amp;#0;&amp;#0;&amp;#0;&amp;#0;&amp;#0;&amp;#0;&amp;#0;&amp;#0;&amp;#0;&amp;#0;&amp;#0;&amp;#0;&amp;#0;&amp;#0;&amp;#0;&amp;#0;&amp;#0;&amp;#0;&amp;#0;&amp;#0;&amp;#0;&amp;#0;&amp;#0;&amp;#0;&amp;#0;&amp;#0;&amp;#0;&amp;#0;&amp;#0;&amp;#0;&amp;#0;&amp;#0;&amp;#0;&amp;#0;&amp;#0;&amp;#0;&amp;#0;&amp;#0;&amp;#0;&amp;#0;&amp;#0;&amp;#0;&amp;#0;&amp;#0;&amp;#0;&amp;#0;&amp;#0;&amp;#0;&amp;#0;&amp;#0;&amp;#0;&amp;#0;&amp;#0;&amp;#0;&amp;#0;&amp;#0;&amp;#0;&amp;#0;&amp;#0;&amp;#0;&amp;#0;&amp;#0;&amp;#0;&amp;#0;&amp;#0;&amp;#0;&amp;#0;&amp;#0;&amp;#0;&amp;#0;&amp;#0;&amp;#0;&amp;#0;&amp;#0;&amp;#0;&amp;#0;&amp;#0;&amp;#0;&amp;#0;&amp;#0;&amp;#0;&amp;#0;&amp;#0;&amp;#0;&amp;#0;&amp;#0;&amp;#0;&amp;#0;&amp;#0;&amp;#0;&amp;#0;&amp;#0;&amp;#0;&amp;#0;&amp;#0;&amp;#0;&amp;#0;&amp;#0;&amp;#0;&amp;#0;&amp;#0;&amp;#0;&amp;#0;&amp;#0;&amp;#0;&amp;#0;&amp;#0;&amp;#0;&amp;#0;&amp;#0;&amp;#0;&amp;#0;&amp;#0;&amp;#0;&amp;#0;&amp;#0;&amp;#0;&amp;#0;&amp;#0;&amp;#0;&amp;#0;&amp;#0;&amp;#0;&amp;#0;&amp;#0;&amp;#0;&amp;#0;&amp;#0;&amp;#0;&amp;#0;&amp;#0;&amp;#0;&amp;#0;&amp;#0;&amp;#0;&amp;#0;&amp;#0;&amp;#0;&amp;#0;&amp;#0;&amp;#0;&amp;#0;&amp;#0;&amp;#0;&amp;#0;&amp;#0;&amp;#0;&amp;#0;&amp;#0;&amp;#0;&amp;#0;&amp;#0;&amp;#0;&amp;#0;&amp;#0;&amp;#0;&amp;#0;&amp;#0;&amp;#0;&amp;#0;&amp;#0;&amp;#0;&amp;#0;&amp;#0;&amp;#0;&amp;#0;&amp;#0;&amp;#0;&amp;#0;&amp;#0;&amp;#0;&amp;#0;&amp;#0;&amp;#0;&amp;#0;&amp;#0;&amp;#0;&amp;#0;&amp;#0;&amp;#0;&amp;#0;&amp;#0;&amp;#0;&amp;#0;&amp;#0;&amp;#0;&amp;#0;&amp;#0;&amp;#0;&amp;#0;&amp;#0;&amp;#0;&amp;#0;&amp;#0;&amp;#0;&amp;#0;&amp;#0;&amp;#0;&amp;#0;&amp;#0;&amp;#0;&amp;#0;&amp;#0;&amp;#0;&amp;#0;&amp;#0;&amp;#0;&amp;#0;&amp;#0;&amp;#0;&amp;#0;&amp;#0;&amp;#0;&amp;#0;&amp;#0;&amp;#0;&amp;#0;&amp;#0;&amp;#0;&amp;#0;&amp;#0;&amp;#0;&amp;#0;&amp;#0;&amp;#0;&amp;#0;&amp;#0;&amp;#0;&amp;#0;&amp;#0;&amp;#0;&amp;#0;&amp;#0;&amp;#0;&amp;#0;&amp;#0;&amp;#0;&amp;#0;&amp;#0;&amp;#0;&amp;#0;&amp;#0;&amp;#0;&amp;#0;&amp;#0;&amp;#0;&amp;#0;&amp;#0;&amp;#0;&amp;#0;&amp;#0;&amp;#0;&amp;#0;&amp;#0;&amp;#0;&amp;#0;&amp;#0;&amp;#0;&amp;#0;&amp;#0;&amp;#0;&amp;#0;&amp;#0;&amp;#0;&amp;#0;&amp;#0;&amp;#0;&amp;#0;&amp;#0;&amp;#0;&amp;#0;&amp;#0;&amp;#0;&amp;#0;&amp;#0;&amp;#0;&amp;#0;&amp;#0;&amp;#0;&amp;#0;&amp;#0;&amp;#0;&amp;#0;&amp;#0;&amp;#0;&amp;#0;&amp;#0;&amp;#0;&amp;#0;&amp;#0;&amp;#0;&amp;#0;&amp;#0;&amp;#0;&amp;#0;&amp;#0;&amp;#0;&amp;#0;&amp;#0;&amp;#0;&amp;#0;&amp;#0;&amp;#0;&amp;#0;&amp;#0;&amp;#0;&amp;#0;&amp;#0;&amp;#0;&amp;#0;&amp;#0;&amp;#0;&amp;#0;&amp;#0;&amp;#0;&amp;#0;&amp;#0;&amp;#0;&amp;#0;&amp;#0;&amp;#0;&amp;#0;&amp;#0;&amp;#0;&amp;#0;&amp;#0;&amp;#0;&amp;#0;&amp;#0;&amp;#0;&amp;#0;&amp;#0;&amp;#0;&amp;#0;&amp;#0;&amp;#0;&amp;#0;&amp;#0;&amp;#0;&amp;#0;&amp;#0;&amp;#0;&amp;#0;&amp;#0;&amp;#0;&amp;#0;&amp;#0;&amp;#0;&amp;#0;&amp;#0;&amp;#0;&amp;#0;&amp;#0;&amp;#0;&amp;#0;&amp;#0;&amp;#0;&amp;#0;&amp;#0;&amp;#0;&amp;#0;&amp;#0;&amp;#0;&amp;#0;&amp;#0;&amp;#0;&amp;#0;&amp;#0;&amp;#0;&amp;#0;&amp;#0;&amp;#0;&amp;#0;&amp;#0;&amp;#0;&amp;#0;&amp;#0;&amp;#0;&amp;#0;&amp;#0;&amp;#0;&amp;#0;&amp;#0;&amp;#0;&amp;#0;&amp;#0;&amp;#0;&amp;#0;&amp;#0;&amp;#0;&amp;#0;&amp;#0;&amp;#0;&amp;#0;&amp;#0;&amp;#0;&amp;#0;&amp;#0;&amp;#0;&amp;#0;&amp;#0;&amp;#0;&amp;#0;&amp;#0;&amp;#0;&amp;#0;&amp;#0;&amp;#0;&amp;#0;&amp;#0;&amp;#0;&amp;#0;&amp;#0;&amp;#0;&amp;#0;&amp;#0;&amp;#0;&amp;#0;&amp;#0;&amp;#0;&amp;#0;&amp;#0;&amp;#0;&amp;#0;&amp;#0;&amp;#0;&amp;#0;&amp;#0;&amp;#0;&amp;#0;&amp;#0;&amp;#0;&amp;#0;&amp;#0;&amp;#0;&amp;#0;&amp;#0;&amp;#0;&amp;#0;&amp;#0;&amp;#0;&amp;#0;&amp;#0;&amp;#0;&amp;#0;&amp;#0;&amp;#0;&amp;#0;&amp;#0;&amp;#0;&amp;#0;&amp;#0;&amp;#0;&amp;#0;&amp;#0;&amp;#0;&amp;#0;&amp;#0;&amp;#0;&amp;#0;&amp;#0;&amp;#0;&amp;#0;&amp;#0;&amp;#0;&amp;#0;&amp;#0;&amp;#0;&amp;#0;&amp;#0;&amp;#0;&amp;#0;&amp;#0;&amp;#0;&amp;#0;&amp;#0;&amp;#0;&amp;#0;&amp;#0;&amp;#0;&amp;#0;&amp;#0;&amp;#0;&amp;#0;&amp;#0;&amp;#0;&amp;#0;&amp;#0;&amp;#0;&amp;#0;&amp;#0;&amp;#0;&amp;#0;&amp;#0;&amp;#0;&amp;#0;&amp;#0;&amp;#0;&amp;#0;&amp;#0;&amp;#0;&amp;#0;&amp;#0;&amp;#0;&amp;#0;&amp;#0;&amp;#0;&amp;#0;&amp;#0;&amp;#0;&amp;#0;&amp;#0;&amp;#0;&amp;#0;&amp;#0;&amp;#0;&amp;#0;&amp;#0;&amp;#0;&amp;#0;&amp;#0;&amp;#0;&amp;#0;&amp;#0;&amp;#0;&amp;#0;&amp;#0;&amp;#0;&amp;#0;&amp;#0;&amp;#0;&amp;#0;&amp;#0;&amp;#0;&amp;#0;&amp;#0;&amp;#0;&amp;#0;&amp;#0;&amp;#0;&amp;#0;&amp;#0;&amp;#0;&amp;#0;&amp;#0;&amp;#0;&amp;#0;&amp;#0;&amp;#0;&amp;#0;&amp;#0;&amp;#0;&amp;#0;&amp;#0;&amp;#0;&amp;#0;&amp;#0;&amp;#0;&amp;#0;&amp;#0;&amp;#0;&amp;#0;&amp;#0;&amp;#0;&amp;#0;&amp;#0;&amp;#0;&amp;#0;&amp;#0;&amp;#0;&amp;#0;&amp;#0;&amp;#0;&amp;#0;&amp;#0;&amp;#0;&amp;#0;&amp;#0;&amp;#0;&amp;#0;&amp;#0;&amp;#0;&amp;#0;&amp;#0;&amp;#0;&amp;#0;&amp;#0;&amp;#0;&amp;#0;&amp;#0;&amp;#0;&amp;#0;&amp;#0;&amp;#0;&amp;#0;&amp;#0;&amp;#0;&amp;#0;&amp;#0;&amp;#0;&amp;#0;&amp;#0;&amp;#0;&amp;#0;&amp;#0;&amp;#0;&amp;#0;&amp;#0;&amp;#0;&amp;#0;&amp;#0;&amp;#0;&amp;#0;&amp;#0;&amp;#0;&amp;#0;&amp;#0;&amp;#0;&amp;#0;&amp;#0;&amp;#0;&amp;#0;&amp;#0;&amp;#0;&amp;#0;&amp;#0;&amp;#0;&amp;#0;&amp;#0;&amp;#0;&amp;#0;&amp;#0;&amp;#0;&amp;#0;&amp;#0;&amp;#0;&amp;#0;&amp;#0;&amp;#0;&amp;#0;&amp;#0;&amp;#0;&amp;#0;&amp;#0;&amp;#0;&amp;#0;&amp;#0;&amp;#0;&amp;#0;&amp;#0;&amp;#0;&amp;#0;&amp;#0;&amp;#0;&amp;#0;&amp;#0;&amp;#0;&amp;#0;&amp;#0;&amp;#0;&amp;#0;&amp;#0;&amp;#0;&amp;#0;&amp;#0;&amp;#0;&amp;#0;&amp;#0;&amp;#0;&amp;#0;&amp;#0;&amp;#0;&amp;#0;&amp;#0;&amp;#0;&amp;#0;&amp;#0;&amp;#0;&amp;#0;&amp;#0;&amp;#0;&amp;#0;&amp;#0;&amp;#0;&amp;#0;&amp;#0;&amp;#0;&amp;#0;&amp;#0;&amp;#0;&amp;#0;&amp;#0;&amp;#0;&amp;#0;&amp;#0;&amp;#0;&amp;#0;&amp;#0;&amp;#0;&amp;#0;&amp;#0;&amp;#0;&amp;#0;&amp;#0;&amp;#0;&amp;#0;&amp;#0;&amp;#0;&amp;#0;&amp;#0;&amp;#0;&amp;#0;&amp;#0;&amp;#0;&amp;#0;&amp;#0;&amp;#0;&amp;#0;&amp;#0;&amp;#0;&amp;#0;&amp;#0;&amp;#0;&amp;#0;&amp;#0;&amp;#0;&amp;#0;&amp;#0;&amp;#0;&amp;#0;&amp;#0;&amp;#0;&amp;#0;&amp;#0;&amp;#0;&amp;#0;&amp;#0;&amp;#0;&amp;#0;&amp;#0;&amp;#0;&amp;#0;&amp;#0;&amp;#0;&amp;#0;&amp;#0;&amp;#0;&amp;#0;&amp;#0;&amp;#0;&amp;#0;&amp;#0;&amp;#0;&amp;#0;&amp;#0;&amp;#0;&amp;#0;&amp;#0;&amp;#0;&amp;#0;&amp;#0;&amp;#0;&amp;#0;&amp;#0;&amp;#0;&amp;#0;&amp;#0;&amp;#0;&amp;#0;&amp;#0;&amp;#0;&amp;#0;&amp;#0;&amp;#0;&amp;#0;&amp;#0;&amp;#0;&amp;#0;&amp;#0;&amp;#0;&amp;#0;&amp;#0;&amp;#0;&amp;#0;&amp;#0;&amp;#0;&amp;#0;&amp;#0;&amp;#0;&amp;#0;&amp;#0;&amp;#0;&amp;#0;&amp;#0;&amp;#0;&amp;#0;&amp;#0;&amp;#0;&amp;#0;&amp;#0;&amp;#0;&amp;#0;&amp;#0;&amp;#0;&amp;#0;&amp;#0;&amp;#0;&amp;#0;&amp;#0;&amp;#0;&amp;#0;&amp;#0;&amp;#0;&amp;#0;&amp;#0;&amp;#0;&amp;#0;&amp;#0;&amp;#0;&amp;#0;&amp;#0;&amp;#0;&amp;#0;&amp;#0;&amp;#0;&amp;#0;&amp;#0;&amp;#0;&amp;#0;&amp;#0;&amp;#0;&amp;#0;&amp;#0;&amp;#0;&amp;#0;&amp;#0;&amp;#0;&amp;#0;&amp;#0;&amp;#0;&amp;#0;&amp;#0;&amp;#0;&amp;#0;&amp;#0;&amp;#0;&amp;#0;&amp;#0;&amp;#0;&amp;#0;&amp;#0;&amp;#0;&amp;#0;&amp;#0;&amp;#0;&amp;#0;&amp;#0;&amp;#0;&amp;#0;&amp;#0;&amp;#0;&amp;#0;&amp;#0;&amp;#0;&amp;#0;&amp;#0;&amp;#0;&amp;#0;&amp;#0;&amp;#0;&amp;#0;&amp;#0;&amp;#0;&amp;#0;&amp;#0;&amp;#0;&amp;#0;&amp;#0;&amp;#0;&amp;#0;&amp;#0;&amp;#0;&amp;#0;&amp;#0;&amp;#0;&amp;#0;&amp;#0;&amp;#0;&amp;#0;&amp;#0;&amp;#0;&amp;#0;&amp;#0;&amp;#0;&amp;#0;&amp;#0;&amp;#0;&amp;#0;&amp;#0;&amp;#0;&amp;#0;&amp;#0;&amp;#0;&amp;#0;&amp;#0;&amp;#0;&amp;#0;&amp;#0;&amp;#0;&amp;#0;&amp;#0;&amp;#0;&amp;#0;&amp;#0;&amp;#0;&amp;#0;&amp;#0;&amp;#0;&amp;#0;&amp;#0;&amp;#0;&amp;#0;&amp;#0;&amp;#0;&amp;#0;&amp;#0;&amp;#0;&amp;#0;&amp;#0;&amp;#0;&amp;#0;&amp;#0;&amp;#0;&amp;#0;&amp;#0;&amp;#0;&amp;#0;&amp;#0;&amp;#0;&amp;#0;&amp;#0;&amp;#0;&amp;#0;&amp;#0;&amp;#0;&amp;#0;&amp;#0;&amp;#0;&amp;#0;&amp;#0;&amp;#0;&amp;#0;&amp;#0;&amp;#0;&amp;#0;&amp;#0;&amp;#0;&amp;#0;&amp;#0;&amp;#0;&amp;#0;&amp;#0;&amp;#0;&amp;#0;&amp;#0;&amp;#0;&amp;#0;&amp;#0;&amp;#0;&amp;#0;&amp;#0;&amp;#0;&amp;#0;&amp;#0;&amp;#0;&amp;#0;&amp;#0;&amp;#0;&amp;#0;&amp;#0;&amp;#0;&amp;#0;&amp;#0;&amp;#0;&amp;#0;&amp;#0;&amp;#0;&amp;#0;&amp;#0;&amp;#0;&amp;#0;&amp;#0;&amp;#0;&amp;#0;&amp;#0;&amp;#0;&amp;#0;&amp;#0;&amp;#0;&amp;#0;&amp;#0;&amp;#0;&amp;#0;&amp;#0;&amp;#0;&amp;#0;&amp;#0;&amp;#0;&amp;#0;&amp;#0;&amp;#0;&amp;#0;&amp;#0;&amp;#0;&amp;#0;&amp;#0;&amp;#0;&amp;#0;&amp;#0;&amp;#0;&amp;#0;&amp;#0;&amp;#0;&amp;#0;&amp;#0;&amp;#0;&amp;#0;&amp;#0;&amp;#0;&amp;#0;&amp;#0;&amp;#0;&amp;#0;&amp;#0;&amp;#0;&amp;#0;&amp;#0;&amp;#0;&amp;#0;&amp;#0;&amp;#0;&amp;#0;&amp;#0;&amp;#0;&amp;#0;&amp;#0;&amp;#0;&amp;#0;&amp;#0;&amp;#0;&amp;#0;&amp;#0;&amp;#0;&amp;#0;&amp;#0;&amp;#0;&amp;#0;&amp;#0;&amp;#0;&amp;#0;&amp;#0;&amp;#0;&amp;#0;&amp;#0;&amp;#0;&amp;#0;&amp;#0;&amp;#0;&amp;#0;&amp;#0;&amp;#0;&amp;#0;&amp;#0;&amp;#0;&amp;#0;&amp;#0;&amp;#0;&amp;#0;&amp;#0;&amp;#0;&amp;#0;&amp;#0;&amp;#0;&amp;#0;&amp;#0;&amp;#0;&amp;#0;&amp;#0;&amp;#0;&amp;#0;&amp;#0;&amp;#0;&amp;#0;&amp;#0;&amp;#0;&amp;#0;&amp;#0;&amp;#0;&amp;#0;&amp;#0;&amp;#0;&amp;#0;&amp;#0;&amp;#0;&amp;#0;&amp;#0;&amp;#0;&amp;#0;&amp;#0;&amp;#0;&amp;#0;&amp;#0;&amp;#0;&amp;#0;&amp;#0;&amp;#0;&amp;#0;&amp;#0;&amp;#0;&amp;#0;&amp;#0;&amp;#0;&amp;#0;&amp;#0;&amp;#0;&amp;#0;&amp;#0;&amp;#0;&amp;#0;&amp;#0;&amp;#0;&amp;#0;&amp;#0;&amp;#0;&amp;#0;&amp;#0;&amp;#0;&amp;#0;&amp;#0;&amp;#0;&amp;#0;&amp;#0;&amp;#0;&amp;#0;&amp;#0;&amp;#0;&amp;#0;&amp;#0;&amp;#0;&amp;#0;&amp;#0;&amp;#0;&amp;#0;&amp;#0;&amp;#0;&amp;#0;&amp;#0;&amp;#0;&amp;#0;&amp;#0;&amp;#0;&amp;#0;&amp;#0;&amp;#0;&amp;#0;&amp;#0;&amp;#0;&amp;#0;&amp;#0;&amp;#0;&amp;#0;&amp;#0;&amp;#0;&amp;#0;&amp;#0;&amp;#0;&amp;#0;&amp;#0;&amp;#0;&amp;#0;&amp;#0;&amp;#0;&amp;#0;&amp;#0;&amp;#0;&amp;#0;&amp;#0;&amp;#0;&amp;#0;&amp;#0;&amp;#0;&amp;#0;&amp;#0;&amp;#0;&amp;#0;&amp;#0;&amp;#0;&amp;#0;&amp;#0;&amp;#0;&amp;#0;&amp;#0;&amp;#0;&amp;#0;&amp;#0;&amp;#0;&amp;#0;&amp;#0;&amp;#0;&amp;#0;&amp;#0;&amp;#0;&amp;#0;&amp;#0;&amp;#0;&amp;#0;&amp;#0;&amp;#0;&amp;#0;&amp;#0;&amp;#0;&amp;#0;&amp;#0;&amp;#0;&amp;#0;&amp;#0;&amp;#0;&amp;#0;&amp;#0;&amp;#0;&amp;#0;&amp;#0;&amp;#0;&amp;#0;&amp;#0;&amp;#0;&amp;#0;&amp;#0;&amp;#0;&amp;#0;&amp;#0;&amp;#0;&amp;#0;&amp;#0;&amp;#0;&amp;#0;&amp;#0;&amp;#0;&amp;#0;&amp;#0;&amp;#0;&amp;#0;&amp;#0;&amp;#0;&amp;#0;&amp;#0;&amp;#0;&amp;#0;&amp;#0;&amp;#0;&amp;#0;&amp;#0;&amp;#0;&amp;#0;&amp;#0;&amp;#0;&amp;#0;&amp;#0;&amp;#0;&amp;#0;&amp;#0;&amp;#0;&amp;#0;&amp;#0;&amp;#0;&amp;#0;&amp;#0;&amp;#0;&amp;#0;&amp;#0;&amp;#0;&amp;#0;&amp;#0;&amp;#0;&amp;#0;&amp;#0;&amp;#0;&amp;#0;&amp;#0;&amp;#0;&amp;#0;&amp;#0;&amp;#0;&amp;#0;&amp;#0;&amp;#0;&amp;#0;&amp;#0;&amp;#0;&amp;#0;&amp;#0;&amp;#0;&amp;#0;&amp;#0;&amp;#0;&amp;#0;&amp;#0;&amp;#0;&amp;#0;&amp;#0;&amp;#0;&amp;#0;&amp;#0;&amp;#0;&amp;#0;&amp;#0;&amp;#0;&amp;#0;&amp;#0;&amp;#0;&amp;#0;&amp;#0;&amp;#0;&amp;#0;&amp;#0;&amp;#0;&amp;#0;&amp;#0;&amp;#0;&amp;#0;&amp;#0;&amp;#0;&amp;#0;&amp;#0;&amp;#0;&amp;#0;&amp;#0;&amp;#0;&amp;#0;&amp;#0;&amp;#0;&amp;#0;&amp;#0;&amp;#0;&amp;#0;&amp;#0;&amp;#0;&amp;#0;&amp;#0;&amp;#0;&amp;#0;&amp;#0;&amp;#0;&amp;#0;&amp;#0;&amp;#0;&amp;#0;&amp;#0;&amp;#0;&amp;#0;&amp;#0;&amp;#0;&amp;#0;&amp;#0;&amp;#0;&amp;#0;&amp;#0;&amp;#0;&amp;#0;&amp;#0;&amp;#0;&amp;#0;&amp;#0;&amp;#0;&amp;#0;&amp;#0;&amp;#0;&amp;#0;&amp;#0;&amp;#0;&amp;#0;&amp;#0;&amp;#0;&amp;#0;&amp;#0;&amp;#0;&amp;#0;&amp;#0;&amp;#0;&amp;#0;&amp;#0;&amp;#0;&amp;#0;&amp;#0;&amp;#0;&amp;#0;&amp;#0;&amp;#0;&amp;#0;&amp;#0;&amp;#0;&amp;#0;&amp;#0;&amp;#0;&amp;#0;&amp;#0;&amp;#0;&amp;#0;&amp;#0;&amp;#0;&amp;#0;&amp;#0;&amp;#0;&amp;#0;
19:14:18.446 [main] ERROR - Je passe ici ------------------------------------------------------
19:14:18.447 [main] ERROR - Exception occured during compilation!
java.util.MissingFormatArgumentException: Format specifier &apos;%s&apos;
	at java.util.Formatter.format(Formatter.java:2519) ~[?:1.8.0_131]
	at java.io.PrintWriter.format(PrintWriter.java:905) ~[?:1.8.0_131]
	at java.io.PrintWriter.printf(PrintWriter.java:804) ~[?:1.8.0_131]
	at be.unamur.info.b314.compiler.Visitor.PCodePrinter.printSetTo(PCodePrinter.java:78) ~[classes/:?]
	at be.unamur.info.b314.compiler.Visitor.PCodeVisitor.visitVarDecl(PCodeVisitor.java:672) ~[classes/:?]
	at be.unamur.info.b314.compiler.B314Parser$VarDeclContext.accept(B314Parser.java:405) ~[classes/:?]
	at be.unamur.info.b314.compiler.Visitor.PCodeVisitor.visitProgramme(PCodeVisitor.java:64) ~[classes/:?]
	at be.unamur.info.b314.compiler.B314Parser$ProgrammeContext.accept(B314Parser.java:4028) ~[classes/:?]
	at be.unamur.info.b314.compiler.main.Main.printPCode(Main.java:236) ~[classes/:?]
	at be.unamur.info.b314.compiler.main.Main.compile(Main.java:199) ~[classes/:?]
	at be.unamur.info.b314.compiler.main.Main.main(Main.java:79) [classes/:?]
	at be.unamur.info.b314.compiler.main.CompilerTestHelper.launchCompilation(CompilerTestHelper.java:35) [test-classes/:?]
	at be.unamur.info.b314.compiler.main.B314localvariabledeclSyntaxTest.testlocalvariabledecl_when_local_var_same_names_and_different_types_than_global_vars_ok(B314localvariabledeclSyntaxTest.java:74) [test-classes/:?]
	at sun.reflect.NativeMethodAccessorImpl.invoke0(Native Method) ~[?:1.8.0_131]
	at sun.reflect.NativeMethodAccessorImpl.invoke(NativeMethodAccessorImpl.java:62) ~[?:1.8.0_131]
	at sun.reflect.DelegatingMethodAccessorImpl.invoke(DelegatingMethodAccessorImpl.java:43) ~[?:1.8.0_131]
	at java.lang.reflect.Method.invoke(Method.java:498) ~[?:1.8.0_131]
	at org.junit.runners.model.FrameworkMethod$1.runReflectiveCall(FrameworkMethod.java:50) [junit-4.12.jar:4.12]
	at org.junit.internal.runners.model.ReflectiveCallable.run(ReflectiveCallable.java:12) [junit-4.12.jar:4.12]
	at org.junit.runners.model.FrameworkMethod.invokeExplosively(FrameworkMethod.java:47) [junit-4.12.jar:4.12]
	at org.junit.internal.runners.statements.InvokeMethod.evaluate(InvokeMethod.java:17) [junit-4.12.jar:4.12]
	at org.junit.rules.ExternalResource$1.evaluate(ExternalResource.java:48) [junit-4.12.jar:4.12]
	at org.junit.rules.TestWatcher$1.evaluate(TestWatcher.java:55) [junit-4.12.jar:4.12]
	at org.junit.rules.RunRules.evaluate(RunRules.java:20) [junit-4.12.jar:4.12]
	at org.junit.runners.ParentRunner.runLeaf(ParentRunner.java:325) [junit-4.12.jar:4.12]
	at org.junit.runners.BlockJUnit4ClassRunner.runChild(BlockJUnit4ClassRunner.java:78) [junit-4.12.jar:4.12]
	at org.junit.runners.BlockJUnit4ClassRunner.runChild(BlockJUnit4ClassRunner.java:57) [junit-4.12.jar:4.12]
	at org.junit.runners.ParentRunner$3.run(ParentRunner.java:290) [junit-4.12.jar:4.12]
	at org.junit.runners.ParentRunner$1.schedule(ParentRunner.java:71) [junit-4.12.jar:4.12]
	at org.junit.runners.ParentRunner.runChildren(ParentRunner.java:288) [junit-4.12.jar:4.12]
	at org.junit.runners.ParentRunner.access$000(ParentRunner.java:58) [junit-4.12.jar:4.12]
	at org.junit.runners.ParentRunner$2.evaluate(ParentRunner.java:268) [junit-4.12.jar:4.12]
	at org.junit.runners.ParentRunner.run(ParentRunner.java:363) [junit-4.12.jar:4.12]
	at org.apache.maven.surefire.junit4.JUnit4Provider.execute(JUnit4Provider.java:252) [surefire-junit4-2.12.4.jar:2.12.4]
	at org.apache.maven.surefire.junit4.JUnit4Provider.executeTestSet(JUnit4Provider.java:141) [surefire-junit4-2.12.4.jar:2.12.4]
	at org.apache.maven.surefire.junit4.JUnit4Provider.invoke(JUnit4Provider.java:112) [surefire-junit4-2.12.4.jar:2.12.4]
	at sun.reflect.NativeMethodAccessorImpl.invoke0(Native Method) ~[?:1.8.0_131]
	at sun.reflect.NativeMethodAccessorImpl.invoke(NativeMethodAccessorImpl.java:62) ~[?:1.8.0_131]
	at sun.reflect.DelegatingMethodAccessorImpl.invoke(DelegatingMethodAccessorImpl.java:43) ~[?:1.8.0_131]
	at java.lang.reflect.Method.invoke(Method.java:498) ~[?:1.8.0_131]
	at org.apache.maven.surefire.util.ReflectionUtils.invokeMethodWithArray(ReflectionUtils.java:189) [surefire-api-2.12.4.jar:2.12.4]
	at org.apache.maven.surefire.booter.ProviderFactory$ProviderProxy.invoke(ProviderFactory.java:165) [surefire-booter-2.12.4.jar:2.12.4]
	at org.apache.maven.surefire.booter.ProviderFactory.invokeProvider(ProviderFactory.java:85) [surefire-booter-2.12.4.jar:2.12.4]
	at org.apache.maven.surefire.booter.ForkedBooter.runSuitesInProcess(ForkedBooter.java:115) [surefire-booter-2.12.4.jar:2.12.4]
	at org.apache.maven.surefire.booter.ForkedBooter.main(ForkedBooter.java:75) [surefire-booter-2.12.4.jar:2.12.4]
</system-out>
  </testcase>
  <testcase classname="be.unamur.info.b314.compiler.main.B314localvariabledeclSyntaxTest" name="testlocalvariabledecl_fct_local_variable_same_names_as_global_ok" time="0.011">
    <failure message="localvariabledecl: fct_local_variable_same_names_as_global
Expected: a string ending with &quot;OK\r\n&quot;
     but: was &quot;KO
&quot;" type="java.lang.AssertionError">java.lang.AssertionError: localvariabledecl: fct_local_variable_same_names_as_global
Expected: a string ending with &quot;OK\r\n&quot;
     but: was &quot;KO
&quot;
	at org.hamcrest.MatcherAssert.assertThat(MatcherAssert.java:20)
	at org.junit.Assert.assertThat(Assert.java:956)
	at be.unamur.info.b314.compiler.main.CompilerTestHelper.launchCompilation(CompilerTestHelper.java:42)
	at be.unamur.info.b314.compiler.main.B314localvariabledeclSyntaxTest.testlocalvariabledecl_fct_local_variable_same_names_as_global_ok(B314localvariabledeclSyntaxTest.java:54)
	at sun.reflect.NativeMethodAccessorImpl.invoke0(Native Method)
	at sun.reflect.NativeMethodAccessorImpl.invoke(NativeMethodAccessorImpl.java:62)
	at sun.reflect.DelegatingMethodAccessorImpl.invoke(DelegatingMethodAccessorImpl.java:43)
	at java.lang.reflect.Method.invoke(Method.java:498)
	at org.junit.runners.model.FrameworkMethod$1.runReflectiveCall(FrameworkMethod.java:50)
	at org.junit.internal.runners.model.ReflectiveCallable.run(ReflectiveCallable.java:12)
	at org.junit.runners.model.FrameworkMethod.invokeExplosively(FrameworkMethod.java:47)
	at org.junit.internal.runners.statements.InvokeMethod.evaluate(InvokeMethod.java:17)
	at org.junit.rules.ExternalResource$1.evaluate(ExternalResource.java:48)
	at org.junit.rules.TestWatcher$1.evaluate(TestWatcher.java:55)
	at org.junit.rules.RunRules.evaluate(RunRules.java:20)
	at org.junit.runners.ParentRunner.runLeaf(ParentRunner.java:325)
	at org.junit.runners.BlockJUnit4ClassRunner.runChild(BlockJUnit4ClassRunner.java:78)
	at org.junit.runners.BlockJUnit4ClassRunner.runChild(BlockJUnit4ClassRunner.java:57)
	at org.junit.runners.ParentRunner$3.run(ParentRunner.java:290)
	at org.junit.runners.ParentRunner$1.schedule(ParentRunner.java:71)
	at org.junit.runners.ParentRunner.runChildren(ParentRunner.java:288)
	at org.junit.runners.ParentRunner.access$000(ParentRunner.java:58)
	at org.junit.runners.ParentRunner$2.evaluate(ParentRunner.java:268)
	at org.junit.runners.ParentRunner.run(ParentRunner.java:363)
	at org.apache.maven.surefire.junit4.JUnit4Provider.execute(JUnit4Provider.java:252)
	at org.apache.maven.surefire.junit4.JUnit4Provider.executeTestSet(JUnit4Provider.java:141)
	at org.apache.maven.surefire.junit4.JUnit4Provider.invoke(JUnit4Provider.java:112)
	at sun.reflect.NativeMethodAccessorImpl.invoke0(Native Method)
	at sun.reflect.NativeMethodAccessorImpl.invoke(NativeMethodAccessorImpl.java:62)
	at sun.reflect.DelegatingMethodAccessorImpl.invoke(DelegatingMethodAccessorImpl.java:43)
	at java.lang.reflect.Method.invoke(Method.java:498)
	at org.apache.maven.surefire.util.ReflectionUtils.invokeMethodWithArray(ReflectionUtils.java:189)
	at org.apache.maven.surefire.booter.ProviderFactory$ProviderProxy.invoke(ProviderFactory.java:165)
	at org.apache.maven.surefire.booter.ProviderFactory.invokeProvider(ProviderFactory.java:85)
	at org.apache.maven.surefire.booter.ForkedBooter.runSuitesInProcess(ForkedBooter.java:115)
	at org.apache.maven.surefire.booter.ForkedBooter.main(ForkedBooter.java:75)
</failure>
    <system-out>19:14:18.450 [main] INFO  - Starting test: testlocalvariabledecl_fct_local_variable_same_names_as_global_ok()...
org.apache.commons.cli.CommandLine@7ba63fe5
19:14:18.453 [main] DEBUG - Initialisation
19:14:18.453 [main] DEBUG - Input file set to C:\Users\Dano\Desktop\b314-Jour\target\test-classes\syntax\localvariabledecl\ok\fct_local_variable_same_names_as_global.b314
19:14:18.454 [main] DEBUG - Output file set to C:\Users\Dano\AppData\Local\Temp\junit6200692546303723498\junit1860604127935154180.tmp
19:14:18.454 [main] DEBUG - Initialisation: done
jessica1
19:14:18.458 [main] DEBUG - Parsing input
/*

1

1,1,1

1,1,1,1,1
*/
declare and retain 
	b1 as boolean;
	b2 as boolean;
    i1 as integer; 
    i2 as integer; 
    v1 as boolean[5, 7];
    v2 as integer[42];
    
    fct1 as function():boolean
		declare local
			b1 as integer;
			i1 as boolean;
			loc3 as square;
			loc4 as integer[5];
    	do
    		set i1 to true
    		set b1 to 34
    		set fct1 to i1 and b1 &lt; 42
    	done 
	
when your turn 

	when false do
		next move west
	done

	when fct1() do
		next move north
	done

	by default do 
		next do nothing
	done&amp;#0;&amp;#0;&amp;#0;&amp;#0;&amp;#0;&amp;#0;&amp;#0;&amp;#0;&amp;#0;&amp;#0;&amp;#0;&amp;#0;&amp;#0;&amp;#0;&amp;#0;&amp;#0;&amp;#0;&amp;#0;&amp;#0;&amp;#0;&amp;#0;&amp;#0;&amp;#0;&amp;#0;&amp;#0;&amp;#0;&amp;#0;&amp;#0;&amp;#0;&amp;#0;&amp;#0;&amp;#0;&amp;#0;&amp;#0;&amp;#0;&amp;#0;&amp;#0;&amp;#0;&amp;#0;&amp;#0;&amp;#0;&amp;#0;&amp;#0;&amp;#0;&amp;#0;&amp;#0;&amp;#0;&amp;#0;&amp;#0;&amp;#0;&amp;#0;&amp;#0;&amp;#0;&amp;#0;&amp;#0;&amp;#0;&amp;#0;&amp;#0;&amp;#0;&amp;#0;&amp;#0;&amp;#0;&amp;#0;&amp;#0;&amp;#0;&amp;#0;&amp;#0;&amp;#0;&amp;#0;&amp;#0;&amp;#0;&amp;#0;&amp;#0;&amp;#0;&amp;#0;&amp;#0;&amp;#0;&amp;#0;&amp;#0;&amp;#0;&amp;#0;&amp;#0;&amp;#0;&amp;#0;&amp;#0;&amp;#0;&amp;#0;&amp;#0;&amp;#0;&amp;#0;&amp;#0;&amp;#0;&amp;#0;&amp;#0;&amp;#0;&amp;#0;&amp;#0;&amp;#0;&amp;#0;&amp;#0;&amp;#0;&amp;#0;&amp;#0;&amp;#0;&amp;#0;&amp;#0;&amp;#0;&amp;#0;&amp;#0;&amp;#0;&amp;#0;&amp;#0;&amp;#0;&amp;#0;&amp;#0;&amp;#0;&amp;#0;&amp;#0;&amp;#0;&amp;#0;&amp;#0;&amp;#0;&amp;#0;&amp;#0;&amp;#0;&amp;#0;&amp;#0;&amp;#0;&amp;#0;&amp;#0;&amp;#0;&amp;#0;&amp;#0;&amp;#0;&amp;#0;&amp;#0;&amp;#0;&amp;#0;&amp;#0;&amp;#0;&amp;#0;&amp;#0;&amp;#0;&amp;#0;&amp;#0;&amp;#0;&amp;#0;&amp;#0;&amp;#0;&amp;#0;&amp;#0;&amp;#0;&amp;#0;&amp;#0;&amp;#0;&amp;#0;&amp;#0;&amp;#0;&amp;#0;&amp;#0;&amp;#0;&amp;#0;&amp;#0;&amp;#0;&amp;#0;&amp;#0;&amp;#0;&amp;#0;&amp;#0;&amp;#0;&amp;#0;&amp;#0;&amp;#0;&amp;#0;&amp;#0;&amp;#0;&amp;#0;&amp;#0;&amp;#0;&amp;#0;&amp;#0;&amp;#0;&amp;#0;&amp;#0;&amp;#0;&amp;#0;&amp;#0;&amp;#0;&amp;#0;&amp;#0;&amp;#0;&amp;#0;&amp;#0;&amp;#0;&amp;#0;&amp;#0;&amp;#0;&amp;#0;&amp;#0;&amp;#0;&amp;#0;&amp;#0;&amp;#0;&amp;#0;&amp;#0;&amp;#0;&amp;#0;&amp;#0;&amp;#0;&amp;#0;&amp;#0;&amp;#0;&amp;#0;&amp;#0;&amp;#0;&amp;#0;&amp;#0;&amp;#0;&amp;#0;&amp;#0;&amp;#0;&amp;#0;&amp;#0;&amp;#0;&amp;#0;&amp;#0;&amp;#0;&amp;#0;&amp;#0;&amp;#0;&amp;#0;&amp;#0;&amp;#0;&amp;#0;&amp;#0;&amp;#0;&amp;#0;&amp;#0;&amp;#0;&amp;#0;&amp;#0;&amp;#0;&amp;#0;&amp;#0;&amp;#0;&amp;#0;&amp;#0;&amp;#0;&amp;#0;&amp;#0;&amp;#0;&amp;#0;&amp;#0;&amp;#0;&amp;#0;&amp;#0;&amp;#0;&amp;#0;&amp;#0;&amp;#0;&amp;#0;&amp;#0;&amp;#0;&amp;#0;&amp;#0;&amp;#0;&amp;#0;&amp;#0;&amp;#0;&amp;#0;&amp;#0;&amp;#0;&amp;#0;&amp;#0;&amp;#0;&amp;#0;&amp;#0;&amp;#0;&amp;#0;&amp;#0;&amp;#0;&amp;#0;&amp;#0;&amp;#0;&amp;#0;&amp;#0;&amp;#0;&amp;#0;&amp;#0;&amp;#0;&amp;#0;&amp;#0;&amp;#0;&amp;#0;&amp;#0;&amp;#0;&amp;#0;&amp;#0;&amp;#0;&amp;#0;&amp;#0;&amp;#0;&amp;#0;&amp;#0;&amp;#0;&amp;#0;&amp;#0;&amp;#0;&amp;#0;&amp;#0;&amp;#0;&amp;#0;&amp;#0;&amp;#0;&amp;#0;&amp;#0;&amp;#0;&amp;#0;&amp;#0;&amp;#0;&amp;#0;&amp;#0;&amp;#0;&amp;#0;&amp;#0;&amp;#0;&amp;#0;&amp;#0;&amp;#0;&amp;#0;&amp;#0;&amp;#0;&amp;#0;&amp;#0;&amp;#0;&amp;#0;&amp;#0;&amp;#0;&amp;#0;&amp;#0;&amp;#0;&amp;#0;&amp;#0;&amp;#0;&amp;#0;&amp;#0;&amp;#0;&amp;#0;&amp;#0;&amp;#0;&amp;#0;&amp;#0;&amp;#0;&amp;#0;&amp;#0;&amp;#0;&amp;#0;&amp;#0;&amp;#0;&amp;#0;&amp;#0;&amp;#0;&amp;#0;&amp;#0;&amp;#0;&amp;#0;&amp;#0;&amp;#0;&amp;#0;&amp;#0;&amp;#0;&amp;#0;&amp;#0;&amp;#0;&amp;#0;&amp;#0;&amp;#0;&amp;#0;&amp;#0;&amp;#0;&amp;#0;&amp;#0;&amp;#0;&amp;#0;&amp;#0;&amp;#0;&amp;#0;&amp;#0;&amp;#0;&amp;#0;&amp;#0;&amp;#0;&amp;#0;&amp;#0;&amp;#0;&amp;#0;&amp;#0;&amp;#0;&amp;#0;&amp;#0;&amp;#0;&amp;#0;&amp;#0;&amp;#0;&amp;#0;&amp;#0;&amp;#0;&amp;#0;&amp;#0;&amp;#0;&amp;#0;&amp;#0;&amp;#0;&amp;#0;&amp;#0;&amp;#0;&amp;#0;&amp;#0;&amp;#0;&amp;#0;&amp;#0;&amp;#0;&amp;#0;&amp;#0;&amp;#0;&amp;#0;&amp;#0;&amp;#0;&amp;#0;&amp;#0;&amp;#0;&amp;#0;&amp;#0;&amp;#0;&amp;#0;&amp;#0;&amp;#0;&amp;#0;&amp;#0;&amp;#0;&amp;#0;&amp;#0;&amp;#0;&amp;#0;&amp;#0;&amp;#0;&amp;#0;&amp;#0;&amp;#0;&amp;#0;&amp;#0;&amp;#0;&amp;#0;&amp;#0;&amp;#0;&amp;#0;&amp;#0;&amp;#0;&amp;#0;&amp;#0;&amp;#0;&amp;#0;&amp;#0;&amp;#0;&amp;#0;&amp;#0;&amp;#0;&amp;#0;&amp;#0;&amp;#0;&amp;#0;&amp;#0;&amp;#0;&amp;#0;&amp;#0;&amp;#0;&amp;#0;&amp;#0;&amp;#0;&amp;#0;&amp;#0;&amp;#0;&amp;#0;&amp;#0;&amp;#0;&amp;#0;&amp;#0;&amp;#0;&amp;#0;&amp;#0;&amp;#0;&amp;#0;&amp;#0;&amp;#0;&amp;#0;&amp;#0;&amp;#0;&amp;#0;&amp;#0;&amp;#0;&amp;#0;&amp;#0;&amp;#0;&amp;#0;&amp;#0;&amp;#0;&amp;#0;&amp;#0;&amp;#0;&amp;#0;&amp;#0;&amp;#0;&amp;#0;&amp;#0;&amp;#0;&amp;#0;&amp;#0;&amp;#0;&amp;#0;&amp;#0;&amp;#0;&amp;#0;&amp;#0;&amp;#0;&amp;#0;&amp;#0;&amp;#0;&amp;#0;&amp;#0;&amp;#0;&amp;#0;&amp;#0;&amp;#0;&amp;#0;&amp;#0;&amp;#0;&amp;#0;&amp;#0;&amp;#0;&amp;#0;&amp;#0;&amp;#0;&amp;#0;&amp;#0;&amp;#0;&amp;#0;&amp;#0;&amp;#0;&amp;#0;&amp;#0;&amp;#0;&amp;#0;&amp;#0;&amp;#0;&amp;#0;&amp;#0;&amp;#0;&amp;#0;&amp;#0;&amp;#0;&amp;#0;&amp;#0;&amp;#0;&amp;#0;&amp;#0;&amp;#0;&amp;#0;&amp;#0;&amp;#0;&amp;#0;&amp;#0;&amp;#0;&amp;#0;&amp;#0;&amp;#0;&amp;#0;&amp;#0;&amp;#0;&amp;#0;&amp;#0;&amp;#0;&amp;#0;&amp;#0;&amp;#0;&amp;#0;&amp;#0;&amp;#0;&amp;#0;&amp;#0;&amp;#0;&amp;#0;&amp;#0;&amp;#0;&amp;#0;&amp;#0;&amp;#0;&amp;#0;&amp;#0;&amp;#0;&amp;#0;&amp;#0;&amp;#0;&amp;#0;&amp;#0;&amp;#0;&amp;#0;&amp;#0;&amp;#0;&amp;#0;&amp;#0;&amp;#0;&amp;#0;&amp;#0;&amp;#0;&amp;#0;&amp;#0;&amp;#0;&amp;#0;&amp;#0;&amp;#0;&amp;#0;&amp;#0;&amp;#0;&amp;#0;&amp;#0;&amp;#0;&amp;#0;&amp;#0;&amp;#0;&amp;#0;&amp;#0;&amp;#0;&amp;#0;&amp;#0;&amp;#0;&amp;#0;&amp;#0;&amp;#0;&amp;#0;&amp;#0;&amp;#0;&amp;#0;&amp;#0;&amp;#0;&amp;#0;&amp;#0;&amp;#0;&amp;#0;&amp;#0;&amp;#0;&amp;#0;&amp;#0;&amp;#0;&amp;#0;&amp;#0;&amp;#0;&amp;#0;&amp;#0;&amp;#0;&amp;#0;&amp;#0;&amp;#0;&amp;#0;&amp;#0;&amp;#0;&amp;#0;&amp;#0;&amp;#0;&amp;#0;&amp;#0;&amp;#0;&amp;#0;&amp;#0;&amp;#0;&amp;#0;&amp;#0;&amp;#0;&amp;#0;&amp;#0;&amp;#0;&amp;#0;&amp;#0;&amp;#0;&amp;#0;&amp;#0;&amp;#0;&amp;#0;&amp;#0;&amp;#0;&amp;#0;&amp;#0;&amp;#0;&amp;#0;&amp;#0;&amp;#0;&amp;#0;&amp;#0;&amp;#0;&amp;#0;&amp;#0;&amp;#0;&amp;#0;&amp;#0;&amp;#0;&amp;#0;&amp;#0;&amp;#0;&amp;#0;&amp;#0;&amp;#0;&amp;#0;&amp;#0;&amp;#0;&amp;#0;&amp;#0;&amp;#0;&amp;#0;&amp;#0;&amp;#0;&amp;#0;&amp;#0;&amp;#0;&amp;#0;&amp;#0;&amp;#0;&amp;#0;&amp;#0;&amp;#0;&amp;#0;&amp;#0;&amp;#0;&amp;#0;&amp;#0;&amp;#0;&amp;#0;&amp;#0;&amp;#0;&amp;#0;&amp;#0;&amp;#0;&amp;#0;&amp;#0;&amp;#0;&amp;#0;&amp;#0;&amp;#0;&amp;#0;&amp;#0;&amp;#0;&amp;#0;&amp;#0;&amp;#0;&amp;#0;&amp;#0;&amp;#0;&amp;#0;&amp;#0;&amp;#0;&amp;#0;&amp;#0;&amp;#0;&amp;#0;&amp;#0;&amp;#0;&amp;#0;&amp;#0;&amp;#0;&amp;#0;&amp;#0;&amp;#0;&amp;#0;&amp;#0;&amp;#0;&amp;#0;&amp;#0;&amp;#0;&amp;#0;&amp;#0;&amp;#0;&amp;#0;&amp;#0;&amp;#0;&amp;#0;&amp;#0;&amp;#0;&amp;#0;&amp;#0;&amp;#0;&amp;#0;&amp;#0;&amp;#0;&amp;#0;&amp;#0;&amp;#0;&amp;#0;&amp;#0;&amp;#0;&amp;#0;&amp;#0;&amp;#0;&amp;#0;&amp;#0;&amp;#0;&amp;#0;&amp;#0;&amp;#0;&amp;#0;&amp;#0;&amp;#0;&amp;#0;&amp;#0;&amp;#0;&amp;#0;&amp;#0;&amp;#0;&amp;#0;&amp;#0;&amp;#0;&amp;#0;&amp;#0;&amp;#0;&amp;#0;&amp;#0;&amp;#0;&amp;#0;&amp;#0;&amp;#0;&amp;#0;&amp;#0;&amp;#0;&amp;#0;&amp;#0;&amp;#0;&amp;#0;&amp;#0;&amp;#0;&amp;#0;&amp;#0;&amp;#0;&amp;#0;&amp;#0;&amp;#0;&amp;#0;&amp;#0;&amp;#0;&amp;#0;&amp;#0;&amp;#0;&amp;#0;&amp;#0;&amp;#0;&amp;#0;&amp;#0;&amp;#0;&amp;#0;&amp;#0;&amp;#0;&amp;#0;&amp;#0;&amp;#0;&amp;#0;&amp;#0;&amp;#0;&amp;#0;&amp;#0;&amp;#0;&amp;#0;&amp;#0;&amp;#0;&amp;#0;&amp;#0;&amp;#0;&amp;#0;&amp;#0;&amp;#0;&amp;#0;&amp;#0;&amp;#0;&amp;#0;&amp;#0;&amp;#0;&amp;#0;&amp;#0;&amp;#0;&amp;#0;&amp;#0;&amp;#0;&amp;#0;&amp;#0;&amp;#0;&amp;#0;&amp;#0;&amp;#0;&amp;#0;&amp;#0;&amp;#0;&amp;#0;&amp;#0;&amp;#0;&amp;#0;&amp;#0;&amp;#0;&amp;#0;&amp;#0;&amp;#0;&amp;#0;&amp;#0;&amp;#0;&amp;#0;&amp;#0;&amp;#0;&amp;#0;&amp;#0;&amp;#0;&amp;#0;&amp;#0;&amp;#0;&amp;#0;&amp;#0;&amp;#0;&amp;#0;&amp;#0;&amp;#0;&amp;#0;&amp;#0;&amp;#0;&amp;#0;&amp;#0;&amp;#0;&amp;#0;&amp;#0;&amp;#0;&amp;#0;&amp;#0;&amp;#0;&amp;#0;&amp;#0;&amp;#0;&amp;#0;&amp;#0;&amp;#0;&amp;#0;&amp;#0;&amp;#0;&amp;#0;&amp;#0;&amp;#0;&amp;#0;&amp;#0;&amp;#0;&amp;#0;&amp;#0;&amp;#0;&amp;#0;&amp;#0;&amp;#0;&amp;#0;&amp;#0;&amp;#0;&amp;#0;&amp;#0;&amp;#0;&amp;#0;&amp;#0;&amp;#0;&amp;#0;&amp;#0;&amp;#0;&amp;#0;&amp;#0;&amp;#0;&amp;#0;&amp;#0;&amp;#0;&amp;#0;&amp;#0;&amp;#0;&amp;#0;&amp;#0;&amp;#0;&amp;#0;&amp;#0;&amp;#0;&amp;#0;&amp;#0;&amp;#0;&amp;#0;&amp;#0;&amp;#0;&amp;#0;&amp;#0;&amp;#0;&amp;#0;&amp;#0;&amp;#0;&amp;#0;&amp;#0;&amp;#0;&amp;#0;&amp;#0;&amp;#0;&amp;#0;&amp;#0;&amp;#0;&amp;#0;&amp;#0;&amp;#0;&amp;#0;&amp;#0;&amp;#0;&amp;#0;&amp;#0;&amp;#0;&amp;#0;&amp;#0;&amp;#0;&amp;#0;&amp;#0;&amp;#0;&amp;#0;&amp;#0;&amp;#0;&amp;#0;&amp;#0;&amp;#0;&amp;#0;&amp;#0;&amp;#0;&amp;#0;&amp;#0;&amp;#0;&amp;#0;&amp;#0;&amp;#0;&amp;#0;&amp;#0;&amp;#0;&amp;#0;&amp;#0;&amp;#0;&amp;#0;&amp;#0;&amp;#0;&amp;#0;&amp;#0;&amp;#0;&amp;#0;&amp;#0;&amp;#0;&amp;#0;&amp;#0;&amp;#0;&amp;#0;&amp;#0;&amp;#0;&amp;#0;&amp;#0;&amp;#0;&amp;#0;&amp;#0;&amp;#0;&amp;#0;&amp;#0;&amp;#0;&amp;#0;&amp;#0;&amp;#0;&amp;#0;&amp;#0;&amp;#0;&amp;#0;&amp;#0;&amp;#0;&amp;#0;&amp;#0;&amp;#0;&amp;#0;&amp;#0;&amp;#0;&amp;#0;&amp;#0;&amp;#0;&amp;#0;&amp;#0;&amp;#0;&amp;#0;&amp;#0;&amp;#0;&amp;#0;&amp;#0;&amp;#0;&amp;#0;&amp;#0;&amp;#0;&amp;#0;&amp;#0;&amp;#0;&amp;#0;&amp;#0;&amp;#0;&amp;#0;&amp;#0;&amp;#0;&amp;#0;&amp;#0;&amp;#0;&amp;#0;&amp;#0;&amp;#0;&amp;#0;&amp;#0;&amp;#0;&amp;#0;&amp;#0;&amp;#0;&amp;#0;&amp;#0;&amp;#0;&amp;#0;&amp;#0;&amp;#0;&amp;#0;&amp;#0;&amp;#0;&amp;#0;&amp;#0;&amp;#0;&amp;#0;&amp;#0;&amp;#0;&amp;#0;&amp;#0;&amp;#0;&amp;#0;&amp;#0;&amp;#0;&amp;#0;&amp;#0;&amp;#0;&amp;#0;&amp;#0;&amp;#0;&amp;#0;&amp;#0;&amp;#0;&amp;#0;&amp;#0;&amp;#0;&amp;#0;&amp;#0;&amp;#0;&amp;#0;&amp;#0;&amp;#0;&amp;#0;&amp;#0;&amp;#0;&amp;#0;&amp;#0;&amp;#0;&amp;#0;&amp;#0;&amp;#0;&amp;#0;&amp;#0;&amp;#0;&amp;#0;&amp;#0;&amp;#0;&amp;#0;&amp;#0;&amp;#0;&amp;#0;&amp;#0;&amp;#0;&amp;#0;&amp;#0;&amp;#0;&amp;#0;&amp;#0;&amp;#0;&amp;#0;&amp;#0;&amp;#0;&amp;#0;&amp;#0;&amp;#0;&amp;#0;&amp;#0;&amp;#0;&amp;#0;&amp;#0;&amp;#0;&amp;#0;&amp;#0;&amp;#0;&amp;#0;&amp;#0;&amp;#0;&amp;#0;&amp;#0;&amp;#0;&amp;#0;&amp;#0;&amp;#0;&amp;#0;&amp;#0;&amp;#0;&amp;#0;&amp;#0;&amp;#0;&amp;#0;&amp;#0;&amp;#0;&amp;#0;&amp;#0;&amp;#0;&amp;#0;&amp;#0;&amp;#0;&amp;#0;&amp;#0;&amp;#0;&amp;#0;&amp;#0;&amp;#0;&amp;#0;&amp;#0;&amp;#0;&amp;#0;&amp;#0;&amp;#0;&amp;#0;&amp;#0;&amp;#0;&amp;#0;&amp;#0;&amp;#0;&amp;#0;&amp;#0;&amp;#0;&amp;#0;&amp;#0;&amp;#0;&amp;#0;&amp;#0;&amp;#0;&amp;#0;&amp;#0;&amp;#0;&amp;#0;&amp;#0;&amp;#0;&amp;#0;&amp;#0;&amp;#0;&amp;#0;&amp;#0;&amp;#0;&amp;#0;&amp;#0;&amp;#0;&amp;#0;&amp;#0;&amp;#0;&amp;#0;&amp;#0;&amp;#0;&amp;#0;&amp;#0;&amp;#0;&amp;#0;&amp;#0;&amp;#0;&amp;#0;&amp;#0;&amp;#0;&amp;#0;&amp;#0;&amp;#0;&amp;#0;&amp;#0;&amp;#0;&amp;#0;&amp;#0;&amp;#0;&amp;#0;&amp;#0;&amp;#0;&amp;#0;&amp;#0;&amp;#0;&amp;#0;&amp;#0;&amp;#0;&amp;#0;&amp;#0;&amp;#0;&amp;#0;&amp;#0;&amp;#0;&amp;#0;&amp;#0;&amp;#0;&amp;#0;&amp;#0;&amp;#0;&amp;#0;&amp;#0;&amp;#0;&amp;#0;&amp;#0;&amp;#0;&amp;#0;&amp;#0;&amp;#0;&amp;#0;&amp;#0;&amp;#0;&amp;#0;&amp;#0;&amp;#0;&amp;#0;&amp;#0;&amp;#0;&amp;#0;&amp;#0;&amp;#0;&amp;#0;&amp;#0;&amp;#0;&amp;#0;&amp;#0;&amp;#0;&amp;#0;&amp;#0;&amp;#0;&amp;#0;&amp;#0;&amp;#0;&amp;#0;&amp;#0;&amp;#0;&amp;#0;&amp;#0;&amp;#0;&amp;#0;&amp;#0;&amp;#0;&amp;#0;&amp;#0;&amp;#0;&amp;#0;&amp;#0;&amp;#0;&amp;#0;&amp;#0;&amp;#0;&amp;#0;&amp;#0;&amp;#0;&amp;#0;&amp;#0;&amp;#0;&amp;#0;&amp;#0;&amp;#0;&amp;#0;&amp;#0;&amp;#0;&amp;#0;&amp;#0;&amp;#0;&amp;#0;&amp;#0;&amp;#0;&amp;#0;&amp;#0;&amp;#0;&amp;#0;&amp;#0;&amp;#0;&amp;#0;&amp;#0;&amp;#0;&amp;#0;&amp;#0;&amp;#0;&amp;#0;&amp;#0;&amp;#0;&amp;#0;&amp;#0;&amp;#0;&amp;#0;&amp;#0;&amp;#0;&amp;#0;&amp;#0;&amp;#0;&amp;#0;&amp;#0;&amp;#0;&amp;#0;&amp;#0;&amp;#0;&amp;#0;&amp;#0;&amp;#0;&amp;#0;&amp;#0;&amp;#0;&amp;#0;&amp;#0;&amp;#0;&amp;#0;&amp;#0;&amp;#0;&amp;#0;&amp;#0;&amp;#0;&amp;#0;&amp;#0;&amp;#0;&amp;#0;&amp;#0;&amp;#0;&amp;#0;&amp;#0;&amp;#0;&amp;#0;&amp;#0;&amp;#0;&amp;#0;&amp;#0;&amp;#0;&amp;#0;&amp;#0;&amp;#0;&amp;#0;&amp;#0;&amp;#0;&amp;#0;&amp;#0;&amp;#0;&amp;#0;&amp;#0;&amp;#0;&amp;#0;&amp;#0;&amp;#0;&amp;#0;&amp;#0;&amp;#0;&amp;#0;&amp;#0;&amp;#0;&amp;#0;&amp;#0;&amp;#0;&amp;#0;&amp;#0;&amp;#0;&amp;#0;&amp;#0;&amp;#0;&amp;#0;&amp;#0;&amp;#0;&amp;#0;&amp;#0;&amp;#0;&amp;#0;&amp;#0;&amp;#0;&amp;#0;&amp;#0;&amp;#0;&amp;#0;&amp;#0;&amp;#0;
19:14:18.459 [main] ERROR - Je passe ici ------------------------------------------------------
19:14:18.459 [main] ERROR - Exception occured during compilation!
java.util.MissingFormatArgumentException: Format specifier &apos;%s&apos;
	at java.util.Formatter.format(Formatter.java:2519) ~[?:1.8.0_131]
	at java.io.PrintWriter.format(PrintWriter.java:905) ~[?:1.8.0_131]
	at java.io.PrintWriter.printf(PrintWriter.java:804) ~[?:1.8.0_131]
	at be.unamur.info.b314.compiler.Visitor.PCodePrinter.printSetTo(PCodePrinter.java:78) ~[classes/:?]
	at be.unamur.info.b314.compiler.Visitor.PCodeVisitor.visitVarDecl(PCodeVisitor.java:672) ~[classes/:?]
	at be.unamur.info.b314.compiler.B314Parser$VarDeclContext.accept(B314Parser.java:405) ~[classes/:?]
	at be.unamur.info.b314.compiler.Visitor.PCodeVisitor.visitProgramme(PCodeVisitor.java:64) ~[classes/:?]
	at be.unamur.info.b314.compiler.B314Parser$ProgrammeContext.accept(B314Parser.java:4028) ~[classes/:?]
	at be.unamur.info.b314.compiler.main.Main.printPCode(Main.java:236) ~[classes/:?]
	at be.unamur.info.b314.compiler.main.Main.compile(Main.java:199) ~[classes/:?]
	at be.unamur.info.b314.compiler.main.Main.main(Main.java:79) [classes/:?]
	at be.unamur.info.b314.compiler.main.CompilerTestHelper.launchCompilation(CompilerTestHelper.java:35) [test-classes/:?]
	at be.unamur.info.b314.compiler.main.B314localvariabledeclSyntaxTest.testlocalvariabledecl_fct_local_variable_same_names_as_global_ok(B314localvariabledeclSyntaxTest.java:54) [test-classes/:?]
	at sun.reflect.NativeMethodAccessorImpl.invoke0(Native Method) ~[?:1.8.0_131]
	at sun.reflect.NativeMethodAccessorImpl.invoke(NativeMethodAccessorImpl.java:62) ~[?:1.8.0_131]
	at sun.reflect.DelegatingMethodAccessorImpl.invoke(DelegatingMethodAccessorImpl.java:43) ~[?:1.8.0_131]
	at java.lang.reflect.Method.invoke(Method.java:498) ~[?:1.8.0_131]
	at org.junit.runners.model.FrameworkMethod$1.runReflectiveCall(FrameworkMethod.java:50) [junit-4.12.jar:4.12]
	at org.junit.internal.runners.model.ReflectiveCallable.run(ReflectiveCallable.java:12) [junit-4.12.jar:4.12]
	at org.junit.runners.model.FrameworkMethod.invokeExplosively(FrameworkMethod.java:47) [junit-4.12.jar:4.12]
	at org.junit.internal.runners.statements.InvokeMethod.evaluate(InvokeMethod.java:17) [junit-4.12.jar:4.12]
	at org.junit.rules.ExternalResource$1.evaluate(ExternalResource.java:48) [junit-4.12.jar:4.12]
	at org.junit.rules.TestWatcher$1.evaluate(TestWatcher.java:55) [junit-4.12.jar:4.12]
	at org.junit.rules.RunRules.evaluate(RunRules.java:20) [junit-4.12.jar:4.12]
	at org.junit.runners.ParentRunner.runLeaf(ParentRunner.java:325) [junit-4.12.jar:4.12]
	at org.junit.runners.BlockJUnit4ClassRunner.runChild(BlockJUnit4ClassRunner.java:78) [junit-4.12.jar:4.12]
	at org.junit.runners.BlockJUnit4ClassRunner.runChild(BlockJUnit4ClassRunner.java:57) [junit-4.12.jar:4.12]
	at org.junit.runners.ParentRunner$3.run(ParentRunner.java:290) [junit-4.12.jar:4.12]
	at org.junit.runners.ParentRunner$1.schedule(ParentRunner.java:71) [junit-4.12.jar:4.12]
	at org.junit.runners.ParentRunner.runChildren(ParentRunner.java:288) [junit-4.12.jar:4.12]
	at org.junit.runners.ParentRunner.access$000(ParentRunner.java:58) [junit-4.12.jar:4.12]
	at org.junit.runners.ParentRunner$2.evaluate(ParentRunner.java:268) [junit-4.12.jar:4.12]
	at org.junit.runners.ParentRunner.run(ParentRunner.java:363) [junit-4.12.jar:4.12]
	at org.apache.maven.surefire.junit4.JUnit4Provider.execute(JUnit4Provider.java:252) [surefire-junit4-2.12.4.jar:2.12.4]
	at org.apache.maven.surefire.junit4.JUnit4Provider.executeTestSet(JUnit4Provider.java:141) [surefire-junit4-2.12.4.jar:2.12.4]
	at org.apache.maven.surefire.junit4.JUnit4Provider.invoke(JUnit4Provider.java:112) [surefire-junit4-2.12.4.jar:2.12.4]
	at sun.reflect.NativeMethodAccessorImpl.invoke0(Native Method) ~[?:1.8.0_131]
	at sun.reflect.NativeMethodAccessorImpl.invoke(NativeMethodAccessorImpl.java:62) ~[?:1.8.0_131]
	at sun.reflect.DelegatingMethodAccessorImpl.invoke(DelegatingMethodAccessorImpl.java:43) ~[?:1.8.0_131]
	at java.lang.reflect.Method.invoke(Method.java:498) ~[?:1.8.0_131]
	at org.apache.maven.surefire.util.ReflectionUtils.invokeMethodWithArray(ReflectionUtils.java:189) [surefire-api-2.12.4.jar:2.12.4]
	at org.apache.maven.surefire.booter.ProviderFactory$ProviderProxy.invoke(ProviderFactory.java:165) [surefire-booter-2.12.4.jar:2.12.4]
	at org.apache.maven.surefire.booter.ProviderFactory.invokeProvider(ProviderFactory.java:85) [surefire-booter-2.12.4.jar:2.12.4]
	at org.apache.maven.surefire.booter.ForkedBooter.runSuitesInProcess(ForkedBooter.java:115) [surefire-booter-2.12.4.jar:2.12.4]
	at org.apache.maven.surefire.booter.ForkedBooter.main(ForkedBooter.java:75) [surefire-booter-2.12.4.jar:2.12.4]
</system-out>
  </testcase>
  <testcase classname="be.unamur.info.b314.compiler.main.B314localvariabledeclSyntaxTest" name="testlocalvariabledecl_when_local_var_diff_names_than_global_vars_but_same_name_in_different_whens_ok" time="0.013">
    <failure message="localvariabledecl: when_local_var_diff_names_than_global_vars_but_same_name_in_different_whens
Expected: a string ending with &quot;OK\r\n&quot;
     but: was &quot;KO
&quot;" type="java.lang.AssertionError">java.lang.AssertionError: localvariabledecl: when_local_var_diff_names_than_global_vars_but_same_name_in_different_whens
Expected: a string ending with &quot;OK\r\n&quot;
     but: was &quot;KO
&quot;
	at org.hamcrest.MatcherAssert.assertThat(MatcherAssert.java:20)
	at org.junit.Assert.assertThat(Assert.java:956)
	at be.unamur.info.b314.compiler.main.CompilerTestHelper.launchCompilation(CompilerTestHelper.java:42)
	at be.unamur.info.b314.compiler.main.B314localvariabledeclSyntaxTest.testlocalvariabledecl_when_local_var_diff_names_than_global_vars_but_same_name_in_different_whens_ok(B314localvariabledeclSyntaxTest.java:69)
	at sun.reflect.NativeMethodAccessorImpl.invoke0(Native Method)
	at sun.reflect.NativeMethodAccessorImpl.invoke(NativeMethodAccessorImpl.java:62)
	at sun.reflect.DelegatingMethodAccessorImpl.invoke(DelegatingMethodAccessorImpl.java:43)
	at java.lang.reflect.Method.invoke(Method.java:498)
	at org.junit.runners.model.FrameworkMethod$1.runReflectiveCall(FrameworkMethod.java:50)
	at org.junit.internal.runners.model.ReflectiveCallable.run(ReflectiveCallable.java:12)
	at org.junit.runners.model.FrameworkMethod.invokeExplosively(FrameworkMethod.java:47)
	at org.junit.internal.runners.statements.InvokeMethod.evaluate(InvokeMethod.java:17)
	at org.junit.rules.ExternalResource$1.evaluate(ExternalResource.java:48)
	at org.junit.rules.TestWatcher$1.evaluate(TestWatcher.java:55)
	at org.junit.rules.RunRules.evaluate(RunRules.java:20)
	at org.junit.runners.ParentRunner.runLeaf(ParentRunner.java:325)
	at org.junit.runners.BlockJUnit4ClassRunner.runChild(BlockJUnit4ClassRunner.java:78)
	at org.junit.runners.BlockJUnit4ClassRunner.runChild(BlockJUnit4ClassRunner.java:57)
	at org.junit.runners.ParentRunner$3.run(ParentRunner.java:290)
	at org.junit.runners.ParentRunner$1.schedule(ParentRunner.java:71)
	at org.junit.runners.ParentRunner.runChildren(ParentRunner.java:288)
	at org.junit.runners.ParentRunner.access$000(ParentRunner.java:58)
	at org.junit.runners.ParentRunner$2.evaluate(ParentRunner.java:268)
	at org.junit.runners.ParentRunner.run(ParentRunner.java:363)
	at org.apache.maven.surefire.junit4.JUnit4Provider.execute(JUnit4Provider.java:252)
	at org.apache.maven.surefire.junit4.JUnit4Provider.executeTestSet(JUnit4Provider.java:141)
	at org.apache.maven.surefire.junit4.JUnit4Provider.invoke(JUnit4Provider.java:112)
	at sun.reflect.NativeMethodAccessorImpl.invoke0(Native Method)
	at sun.reflect.NativeMethodAccessorImpl.invoke(NativeMethodAccessorImpl.java:62)
	at sun.reflect.DelegatingMethodAccessorImpl.invoke(DelegatingMethodAccessorImpl.java:43)
	at java.lang.reflect.Method.invoke(Method.java:498)
	at org.apache.maven.surefire.util.ReflectionUtils.invokeMethodWithArray(ReflectionUtils.java:189)
	at org.apache.maven.surefire.booter.ProviderFactory$ProviderProxy.invoke(ProviderFactory.java:165)
	at org.apache.maven.surefire.booter.ProviderFactory.invokeProvider(ProviderFactory.java:85)
	at org.apache.maven.surefire.booter.ForkedBooter.runSuitesInProcess(ForkedBooter.java:115)
	at org.apache.maven.surefire.booter.ForkedBooter.main(ForkedBooter.java:75)
</failure>
    <system-out>19:14:18.461 [main] INFO  - Starting test: testlocalvariabledecl_when_local_var_diff_names_than_global_vars_but_same_name_in_different_whens_ok()...
org.apache.commons.cli.CommandLine@6f330eb9
19:14:18.463 [main] DEBUG - Initialisation
19:14:18.463 [main] DEBUG - Input file set to C:\Users\Dano\Desktop\b314-Jour\target\test-classes\syntax\localvariabledecl\ok\when_local_var_diff_names_than_global_vars_but_same_name_in_different_whens.b314
19:14:18.464 [main] DEBUG - Output file set to C:\Users\Dano\AppData\Local\Temp\junit2161397911602145084\junit763923535111267565.tmp
19:14:18.464 [main] DEBUG - Initialisation: done
jessica1
19:14:18.468 [main] DEBUG - Parsing input
/* My comments */ 
declare and retain 
	b1 as boolean;
	b2 as boolean;
    i1 as integer; 
    i2 as integer;
    i3 as integer;
    s1 as square;
    s2 as square;
    v1 as boolean[5, 7];
    v2 as integer[42];

    fct1 as function():square
    	do
    		skip
    	done 

    fct2 as function(x as integer, y as boolean):integer
    	do
    		skip
    	done 

    fct3 as function():boolean
    	do
    		skip
    	done 

    fct4 as function():square
    	do
    		skip
    	done 

    fct5 as function(x as integer, y as boolean, z as square):integer
    	do
    		skip
    	done 
    	
when your turn 

	when true and b1 or v1[0, i1 + 2 * 5] do
		if b1 and i1 = 2 then
			while i1 &lt; i3 do
				set i2 to i1 + 1
			done
		else
			if s1 = ammo then
				next do nothing
			done
		done
	done 

	when false 
	declare local
		loc1 as integer;
		loc2 as boolean;
		loc3 as square;
		loc4 as integer[5];
	do
		compute loc1 + 2 - loc4[0 + 1 - i1] = 5 and not loc2 or loc3 = dirt
	done

	when not graal is north and i2 &gt; 5 and v2[4] &lt; 42 or s1 = dirt do
    	compute fct1()
    	set s1 to fct1()
    	if fct5(i1 + 2, s2 = ammo, ennemi) &gt; 2 then
    		skip
    	done
    	while fct3() do
    		skip
    	done
    	next move west
	done
	
	when true and false 
	declare local
		loc1 as integer;
		loc2 as boolean;
		loc3 as square;
		loc4 as integer[5];
	do
		compute loc1 + 2 - loc4[0 + 1 - i1] = 5 and not loc2 or loc3 = dirt
	done

	by default 
	declare local
		loc1 as integer;
		loc2 as boolean;
		loc3 as square;
		loc4 as integer[5];
	do 
		compute loc1 + 2 - loc4[0 + 1 - i1] = 5 and not loc2 or loc3 = dirt
	done&amp;#0;&amp;#0;&amp;#0;&amp;#0;&amp;#0;&amp;#0;&amp;#0;&amp;#0;&amp;#0;&amp;#0;&amp;#0;&amp;#0;&amp;#0;&amp;#0;&amp;#0;&amp;#0;&amp;#0;&amp;#0;&amp;#0;&amp;#0;&amp;#0;&amp;#0;&amp;#0;&amp;#0;&amp;#0;&amp;#0;&amp;#0;&amp;#0;&amp;#0;&amp;#0;&amp;#0;&amp;#0;&amp;#0;&amp;#0;&amp;#0;&amp;#0;&amp;#0;&amp;#0;&amp;#0;&amp;#0;&amp;#0;&amp;#0;&amp;#0;&amp;#0;&amp;#0;&amp;#0;&amp;#0;&amp;#0;&amp;#0;&amp;#0;&amp;#0;&amp;#0;&amp;#0;&amp;#0;&amp;#0;&amp;#0;&amp;#0;&amp;#0;&amp;#0;&amp;#0;&amp;#0;&amp;#0;&amp;#0;&amp;#0;&amp;#0;&amp;#0;&amp;#0;&amp;#0;&amp;#0;&amp;#0;&amp;#0;&amp;#0;&amp;#0;&amp;#0;&amp;#0;&amp;#0;&amp;#0;&amp;#0;&amp;#0;&amp;#0;&amp;#0;&amp;#0;&amp;#0;&amp;#0;&amp;#0;&amp;#0;&amp;#0;&amp;#0;&amp;#0;&amp;#0;&amp;#0;&amp;#0;&amp;#0;&amp;#0;&amp;#0;&amp;#0;&amp;#0;&amp;#0;&amp;#0;&amp;#0;&amp;#0;&amp;#0;&amp;#0;&amp;#0;&amp;#0;&amp;#0;&amp;#0;&amp;#0;&amp;#0;&amp;#0;&amp;#0;&amp;#0;&amp;#0;&amp;#0;&amp;#0;&amp;#0;&amp;#0;&amp;#0;&amp;#0;&amp;#0;&amp;#0;&amp;#0;&amp;#0;&amp;#0;&amp;#0;&amp;#0;&amp;#0;&amp;#0;&amp;#0;&amp;#0;&amp;#0;&amp;#0;&amp;#0;&amp;#0;&amp;#0;&amp;#0;&amp;#0;&amp;#0;&amp;#0;&amp;#0;&amp;#0;&amp;#0;&amp;#0;&amp;#0;&amp;#0;&amp;#0;&amp;#0;&amp;#0;&amp;#0;&amp;#0;&amp;#0;&amp;#0;&amp;#0;&amp;#0;&amp;#0;&amp;#0;&amp;#0;&amp;#0;&amp;#0;&amp;#0;&amp;#0;&amp;#0;&amp;#0;&amp;#0;&amp;#0;&amp;#0;&amp;#0;&amp;#0;&amp;#0;&amp;#0;&amp;#0;&amp;#0;&amp;#0;&amp;#0;&amp;#0;&amp;#0;&amp;#0;&amp;#0;&amp;#0;&amp;#0;&amp;#0;&amp;#0;&amp;#0;&amp;#0;&amp;#0;&amp;#0;&amp;#0;&amp;#0;&amp;#0;&amp;#0;&amp;#0;&amp;#0;&amp;#0;&amp;#0;&amp;#0;&amp;#0;&amp;#0;&amp;#0;&amp;#0;&amp;#0;&amp;#0;&amp;#0;&amp;#0;&amp;#0;&amp;#0;&amp;#0;&amp;#0;&amp;#0;&amp;#0;&amp;#0;&amp;#0;&amp;#0;&amp;#0;&amp;#0;&amp;#0;&amp;#0;&amp;#0;&amp;#0;&amp;#0;&amp;#0;&amp;#0;&amp;#0;&amp;#0;&amp;#0;&amp;#0;&amp;#0;&amp;#0;&amp;#0;&amp;#0;&amp;#0;&amp;#0;&amp;#0;&amp;#0;&amp;#0;&amp;#0;&amp;#0;&amp;#0;&amp;#0;&amp;#0;&amp;#0;&amp;#0;&amp;#0;&amp;#0;&amp;#0;&amp;#0;&amp;#0;&amp;#0;&amp;#0;&amp;#0;&amp;#0;&amp;#0;&amp;#0;&amp;#0;&amp;#0;&amp;#0;&amp;#0;&amp;#0;&amp;#0;&amp;#0;&amp;#0;&amp;#0;&amp;#0;&amp;#0;&amp;#0;&amp;#0;&amp;#0;&amp;#0;&amp;#0;&amp;#0;&amp;#0;&amp;#0;&amp;#0;&amp;#0;&amp;#0;&amp;#0;&amp;#0;&amp;#0;&amp;#0;&amp;#0;&amp;#0;&amp;#0;&amp;#0;&amp;#0;&amp;#0;&amp;#0;&amp;#0;&amp;#0;&amp;#0;&amp;#0;&amp;#0;&amp;#0;&amp;#0;&amp;#0;&amp;#0;&amp;#0;&amp;#0;&amp;#0;&amp;#0;&amp;#0;&amp;#0;&amp;#0;&amp;#0;&amp;#0;&amp;#0;&amp;#0;&amp;#0;&amp;#0;&amp;#0;&amp;#0;&amp;#0;&amp;#0;&amp;#0;&amp;#0;&amp;#0;&amp;#0;&amp;#0;&amp;#0;&amp;#0;&amp;#0;&amp;#0;&amp;#0;&amp;#0;&amp;#0;&amp;#0;&amp;#0;&amp;#0;&amp;#0;&amp;#0;&amp;#0;&amp;#0;&amp;#0;&amp;#0;&amp;#0;&amp;#0;&amp;#0;&amp;#0;&amp;#0;&amp;#0;&amp;#0;&amp;#0;&amp;#0;&amp;#0;&amp;#0;&amp;#0;&amp;#0;&amp;#0;&amp;#0;&amp;#0;&amp;#0;&amp;#0;&amp;#0;&amp;#0;&amp;#0;&amp;#0;&amp;#0;&amp;#0;&amp;#0;&amp;#0;&amp;#0;&amp;#0;&amp;#0;&amp;#0;&amp;#0;&amp;#0;&amp;#0;&amp;#0;&amp;#0;&amp;#0;&amp;#0;&amp;#0;&amp;#0;&amp;#0;&amp;#0;&amp;#0;&amp;#0;&amp;#0;&amp;#0;&amp;#0;&amp;#0;&amp;#0;&amp;#0;&amp;#0;&amp;#0;&amp;#0;&amp;#0;&amp;#0;&amp;#0;&amp;#0;&amp;#0;&amp;#0;&amp;#0;&amp;#0;&amp;#0;&amp;#0;&amp;#0;&amp;#0;&amp;#0;&amp;#0;&amp;#0;&amp;#0;&amp;#0;&amp;#0;&amp;#0;&amp;#0;&amp;#0;&amp;#0;&amp;#0;&amp;#0;&amp;#0;&amp;#0;&amp;#0;&amp;#0;&amp;#0;&amp;#0;&amp;#0;&amp;#0;&amp;#0;&amp;#0;&amp;#0;&amp;#0;&amp;#0;&amp;#0;&amp;#0;&amp;#0;&amp;#0;&amp;#0;&amp;#0;&amp;#0;&amp;#0;&amp;#0;&amp;#0;&amp;#0;&amp;#0;&amp;#0;&amp;#0;&amp;#0;&amp;#0;&amp;#0;&amp;#0;&amp;#0;&amp;#0;&amp;#0;&amp;#0;&amp;#0;&amp;#0;&amp;#0;&amp;#0;&amp;#0;&amp;#0;&amp;#0;&amp;#0;&amp;#0;&amp;#0;&amp;#0;&amp;#0;&amp;#0;&amp;#0;&amp;#0;&amp;#0;&amp;#0;&amp;#0;&amp;#0;&amp;#0;&amp;#0;&amp;#0;&amp;#0;&amp;#0;&amp;#0;&amp;#0;&amp;#0;&amp;#0;&amp;#0;&amp;#0;&amp;#0;&amp;#0;&amp;#0;&amp;#0;&amp;#0;&amp;#0;&amp;#0;&amp;#0;&amp;#0;&amp;#0;&amp;#0;&amp;#0;&amp;#0;&amp;#0;&amp;#0;&amp;#0;&amp;#0;&amp;#0;&amp;#0;&amp;#0;&amp;#0;&amp;#0;&amp;#0;&amp;#0;&amp;#0;&amp;#0;&amp;#0;&amp;#0;&amp;#0;&amp;#0;&amp;#0;&amp;#0;&amp;#0;&amp;#0;&amp;#0;&amp;#0;&amp;#0;&amp;#0;&amp;#0;&amp;#0;&amp;#0;&amp;#0;&amp;#0;&amp;#0;&amp;#0;&amp;#0;&amp;#0;&amp;#0;&amp;#0;&amp;#0;&amp;#0;&amp;#0;&amp;#0;&amp;#0;&amp;#0;&amp;#0;&amp;#0;&amp;#0;&amp;#0;&amp;#0;&amp;#0;&amp;#0;&amp;#0;&amp;#0;&amp;#0;&amp;#0;&amp;#0;&amp;#0;&amp;#0;&amp;#0;&amp;#0;&amp;#0;&amp;#0;&amp;#0;&amp;#0;&amp;#0;&amp;#0;&amp;#0;&amp;#0;&amp;#0;&amp;#0;&amp;#0;&amp;#0;&amp;#0;&amp;#0;&amp;#0;&amp;#0;&amp;#0;&amp;#0;&amp;#0;&amp;#0;&amp;#0;&amp;#0;&amp;#0;&amp;#0;&amp;#0;&amp;#0;&amp;#0;&amp;#0;&amp;#0;&amp;#0;&amp;#0;&amp;#0;&amp;#0;&amp;#0;&amp;#0;&amp;#0;&amp;#0;&amp;#0;&amp;#0;&amp;#0;&amp;#0;&amp;#0;&amp;#0;&amp;#0;&amp;#0;&amp;#0;&amp;#0;&amp;#0;&amp;#0;&amp;#0;&amp;#0;&amp;#0;&amp;#0;&amp;#0;&amp;#0;&amp;#0;&amp;#0;&amp;#0;&amp;#0;&amp;#0;&amp;#0;&amp;#0;&amp;#0;&amp;#0;&amp;#0;&amp;#0;&amp;#0;&amp;#0;&amp;#0;&amp;#0;&amp;#0;&amp;#0;&amp;#0;&amp;#0;&amp;#0;&amp;#0;&amp;#0;&amp;#0;&amp;#0;&amp;#0;&amp;#0;&amp;#0;&amp;#0;&amp;#0;&amp;#0;&amp;#0;&amp;#0;&amp;#0;&amp;#0;&amp;#0;&amp;#0;&amp;#0;&amp;#0;&amp;#0;&amp;#0;&amp;#0;&amp;#0;&amp;#0;&amp;#0;&amp;#0;&amp;#0;&amp;#0;&amp;#0;&amp;#0;&amp;#0;&amp;#0;&amp;#0;&amp;#0;&amp;#0;&amp;#0;&amp;#0;&amp;#0;&amp;#0;&amp;#0;&amp;#0;&amp;#0;&amp;#0;&amp;#0;&amp;#0;&amp;#0;&amp;#0;&amp;#0;&amp;#0;&amp;#0;&amp;#0;&amp;#0;&amp;#0;&amp;#0;&amp;#0;&amp;#0;&amp;#0;&amp;#0;&amp;#0;&amp;#0;&amp;#0;&amp;#0;&amp;#0;&amp;#0;&amp;#0;&amp;#0;&amp;#0;&amp;#0;&amp;#0;&amp;#0;&amp;#0;&amp;#0;&amp;#0;&amp;#0;&amp;#0;&amp;#0;&amp;#0;&amp;#0;&amp;#0;&amp;#0;&amp;#0;&amp;#0;&amp;#0;&amp;#0;&amp;#0;&amp;#0;&amp;#0;&amp;#0;&amp;#0;&amp;#0;&amp;#0;&amp;#0;&amp;#0;&amp;#0;&amp;#0;&amp;#0;&amp;#0;&amp;#0;&amp;#0;&amp;#0;&amp;#0;&amp;#0;&amp;#0;&amp;#0;&amp;#0;&amp;#0;&amp;#0;&amp;#0;&amp;#0;&amp;#0;&amp;#0;&amp;#0;&amp;#0;&amp;#0;&amp;#0;&amp;#0;&amp;#0;&amp;#0;&amp;#0;&amp;#0;&amp;#0;&amp;#0;&amp;#0;&amp;#0;&amp;#0;&amp;#0;&amp;#0;&amp;#0;&amp;#0;&amp;#0;&amp;#0;&amp;#0;&amp;#0;&amp;#0;&amp;#0;&amp;#0;&amp;#0;&amp;#0;&amp;#0;&amp;#0;&amp;#0;&amp;#0;&amp;#0;&amp;#0;&amp;#0;&amp;#0;&amp;#0;&amp;#0;&amp;#0;&amp;#0;&amp;#0;&amp;#0;&amp;#0;&amp;#0;&amp;#0;&amp;#0;&amp;#0;&amp;#0;&amp;#0;&amp;#0;&amp;#0;&amp;#0;&amp;#0;&amp;#0;&amp;#0;&amp;#0;&amp;#0;&amp;#0;&amp;#0;&amp;#0;&amp;#0;&amp;#0;&amp;#0;&amp;#0;&amp;#0;&amp;#0;&amp;#0;&amp;#0;&amp;#0;&amp;#0;&amp;#0;&amp;#0;&amp;#0;&amp;#0;&amp;#0;&amp;#0;&amp;#0;&amp;#0;&amp;#0;&amp;#0;&amp;#0;&amp;#0;&amp;#0;&amp;#0;&amp;#0;&amp;#0;&amp;#0;&amp;#0;&amp;#0;&amp;#0;&amp;#0;&amp;#0;&amp;#0;&amp;#0;&amp;#0;&amp;#0;&amp;#0;&amp;#0;&amp;#0;&amp;#0;&amp;#0;&amp;#0;&amp;#0;&amp;#0;&amp;#0;&amp;#0;&amp;#0;&amp;#0;&amp;#0;&amp;#0;&amp;#0;&amp;#0;&amp;#0;&amp;#0;&amp;#0;&amp;#0;&amp;#0;&amp;#0;&amp;#0;&amp;#0;&amp;#0;&amp;#0;&amp;#0;&amp;#0;&amp;#0;&amp;#0;&amp;#0;&amp;#0;&amp;#0;&amp;#0;&amp;#0;&amp;#0;&amp;#0;&amp;#0;&amp;#0;&amp;#0;&amp;#0;&amp;#0;&amp;#0;&amp;#0;&amp;#0;&amp;#0;&amp;#0;&amp;#0;&amp;#0;&amp;#0;&amp;#0;&amp;#0;&amp;#0;&amp;#0;&amp;#0;&amp;#0;&amp;#0;&amp;#0;&amp;#0;&amp;#0;&amp;#0;&amp;#0;&amp;#0;&amp;#0;&amp;#0;&amp;#0;&amp;#0;&amp;#0;&amp;#0;&amp;#0;&amp;#0;&amp;#0;&amp;#0;&amp;#0;&amp;#0;&amp;#0;&amp;#0;&amp;#0;&amp;#0;&amp;#0;&amp;#0;&amp;#0;&amp;#0;&amp;#0;&amp;#0;&amp;#0;&amp;#0;&amp;#0;&amp;#0;&amp;#0;&amp;#0;&amp;#0;&amp;#0;&amp;#0;&amp;#0;&amp;#0;&amp;#0;&amp;#0;&amp;#0;&amp;#0;&amp;#0;&amp;#0;&amp;#0;&amp;#0;&amp;#0;&amp;#0;&amp;#0;&amp;#0;&amp;#0;&amp;#0;&amp;#0;&amp;#0;&amp;#0;&amp;#0;&amp;#0;&amp;#0;&amp;#0;&amp;#0;&amp;#0;&amp;#0;&amp;#0;&amp;#0;&amp;#0;&amp;#0;&amp;#0;&amp;#0;&amp;#0;&amp;#0;&amp;#0;&amp;#0;&amp;#0;&amp;#0;&amp;#0;&amp;#0;&amp;#0;&amp;#0;&amp;#0;&amp;#0;&amp;#0;&amp;#0;&amp;#0;&amp;#0;&amp;#0;&amp;#0;&amp;#0;&amp;#0;&amp;#0;&amp;#0;&amp;#0;&amp;#0;&amp;#0;&amp;#0;&amp;#0;&amp;#0;&amp;#0;&amp;#0;&amp;#0;&amp;#0;&amp;#0;&amp;#0;&amp;#0;&amp;#0;&amp;#0;&amp;#0;&amp;#0;&amp;#0;&amp;#0;&amp;#0;&amp;#0;&amp;#0;&amp;#0;&amp;#0;&amp;#0;&amp;#0;&amp;#0;&amp;#0;&amp;#0;&amp;#0;&amp;#0;&amp;#0;&amp;#0;&amp;#0;&amp;#0;&amp;#0;&amp;#0;&amp;#0;&amp;#0;&amp;#0;&amp;#0;&amp;#0;&amp;#0;&amp;#0;&amp;#0;&amp;#0;&amp;#0;&amp;#0;&amp;#0;&amp;#0;&amp;#0;&amp;#0;&amp;#0;&amp;#0;&amp;#0;&amp;#0;&amp;#0;&amp;#0;&amp;#0;&amp;#0;&amp;#0;&amp;#0;&amp;#0;&amp;#0;&amp;#0;&amp;#0;&amp;#0;&amp;#0;&amp;#0;&amp;#0;&amp;#0;&amp;#0;&amp;#0;&amp;#0;&amp;#0;&amp;#0;&amp;#0;&amp;#0;&amp;#0;&amp;#0;&amp;#0;&amp;#0;&amp;#0;&amp;#0;&amp;#0;&amp;#0;&amp;#0;&amp;#0;&amp;#0;&amp;#0;&amp;#0;&amp;#0;&amp;#0;&amp;#0;&amp;#0;&amp;#0;&amp;#0;&amp;#0;&amp;#0;&amp;#0;&amp;#0;&amp;#0;&amp;#0;&amp;#0;&amp;#0;&amp;#0;&amp;#0;&amp;#0;&amp;#0;&amp;#0;&amp;#0;&amp;#0;&amp;#0;&amp;#0;&amp;#0;&amp;#0;&amp;#0;&amp;#0;&amp;#0;&amp;#0;&amp;#0;&amp;#0;&amp;#0;&amp;#0;&amp;#0;&amp;#0;&amp;#0;&amp;#0;&amp;#0;&amp;#0;&amp;#0;&amp;#0;&amp;#0;&amp;#0;&amp;#0;&amp;#0;&amp;#0;&amp;#0;&amp;#0;&amp;#0;&amp;#0;&amp;#0;&amp;#0;&amp;#0;&amp;#0;&amp;#0;&amp;#0;&amp;#0;&amp;#0;&amp;#0;&amp;#0;&amp;#0;&amp;#0;&amp;#0;&amp;#0;&amp;#0;&amp;#0;&amp;#0;&amp;#0;&amp;#0;&amp;#0;&amp;#0;&amp;#0;&amp;#0;&amp;#0;&amp;#0;&amp;#0;&amp;#0;&amp;#0;&amp;#0;&amp;#0;&amp;#0;&amp;#0;&amp;#0;&amp;#0;&amp;#0;&amp;#0;&amp;#0;&amp;#0;&amp;#0;&amp;#0;&amp;#0;&amp;#0;&amp;#0;&amp;#0;&amp;#0;&amp;#0;&amp;#0;&amp;#0;&amp;#0;&amp;#0;&amp;#0;&amp;#0;&amp;#0;&amp;#0;&amp;#0;&amp;#0;&amp;#0;&amp;#0;&amp;#0;&amp;#0;&amp;#0;&amp;#0;&amp;#0;&amp;#0;&amp;#0;&amp;#0;&amp;#0;&amp;#0;&amp;#0;&amp;#0;&amp;#0;&amp;#0;&amp;#0;&amp;#0;&amp;#0;&amp;#0;&amp;#0;&amp;#0;&amp;#0;&amp;#0;&amp;#0;&amp;#0;&amp;#0;&amp;#0;&amp;#0;&amp;#0;&amp;#0;&amp;#0;&amp;#0;&amp;#0;&amp;#0;&amp;#0;&amp;#0;&amp;#0;&amp;#0;&amp;#0;&amp;#0;&amp;#0;&amp;#0;&amp;#0;&amp;#0;&amp;#0;&amp;#0;&amp;#0;&amp;#0;&amp;#0;&amp;#0;&amp;#0;&amp;#0;&amp;#0;&amp;#0;&amp;#0;&amp;#0;&amp;#0;&amp;#0;&amp;#0;&amp;#0;&amp;#0;&amp;#0;&amp;#0;&amp;#0;&amp;#0;&amp;#0;&amp;#0;&amp;#0;&amp;#0;&amp;#0;&amp;#0;&amp;#0;&amp;#0;&amp;#0;&amp;#0;&amp;#0;&amp;#0;&amp;#0;&amp;#0;&amp;#0;&amp;#0;&amp;#0;&amp;#0;&amp;#0;&amp;#0;&amp;#0;&amp;#0;&amp;#0;&amp;#0;&amp;#0;&amp;#0;&amp;#0;&amp;#0;&amp;#0;&amp;#0;&amp;#0;&amp;#0;&amp;#0;&amp;#0;&amp;#0;&amp;#0;&amp;#0;&amp;#0;&amp;#0;&amp;#0;&amp;#0;&amp;#0;&amp;#0;&amp;#0;&amp;#0;&amp;#0;&amp;#0;&amp;#0;&amp;#0;&amp;#0;&amp;#0;&amp;#0;&amp;#0;&amp;#0;&amp;#0;&amp;#0;&amp;#0;&amp;#0;&amp;#0;&amp;#0;&amp;#0;&amp;#0;&amp;#0;&amp;#0;&amp;#0;&amp;#0;&amp;#0;&amp;#0;&amp;#0;&amp;#0;&amp;#0;&amp;#0;&amp;#0;&amp;#0;&amp;#0;&amp;#0;&amp;#0;&amp;#0;&amp;#0;&amp;#0;&amp;#0;&amp;#0;&amp;#0;&amp;#0;&amp;#0;&amp;#0;&amp;#0;&amp;#0;&amp;#0;&amp;#0;&amp;#0;&amp;#0;&amp;#0;&amp;#0;&amp;#0;&amp;#0;&amp;#0;&amp;#0;&amp;#0;&amp;#0;&amp;#0;&amp;#0;&amp;#0;&amp;#0;&amp;#0;&amp;#0;&amp;#0;&amp;#0;&amp;#0;&amp;#0;&amp;#0;&amp;#0;&amp;#0;&amp;#0;&amp;#0;&amp;#0;&amp;#0;&amp;#0;&amp;#0;&amp;#0;&amp;#0;&amp;#0;&amp;#0;&amp;#0;&amp;#0;&amp;#0;&amp;#0;&amp;#0;&amp;#0;&amp;#0;&amp;#0;&amp;#0;&amp;#0;&amp;#0;&amp;#0;&amp;#0;&amp;#0;&amp;#0;&amp;#0;&amp;#0;&amp;#0;&amp;#0;&amp;#0;&amp;#0;&amp;#0;&amp;#0;&amp;#0;&amp;#0;&amp;#0;&amp;#0;&amp;#0;&amp;#0;&amp;#0;&amp;#0;&amp;#0;&amp;#0;&amp;#0;&amp;#0;&amp;#0;&amp;#0;&amp;#0;&amp;#0;&amp;#0;&amp;#0;&amp;#0;&amp;#0;&amp;#0;&amp;#0;&amp;#0;&amp;#0;&amp;#0;&amp;#0;&amp;#0;&amp;#0;&amp;#0;&amp;#0;&amp;#0;&amp;#0;&amp;#0;&amp;#0;&amp;#0;&amp;#0;&amp;#0;&amp;#0;&amp;#0;&amp;#0;&amp;#0;&amp;#0;&amp;#0;&amp;#0;&amp;#0;&amp;#0;&amp;#0;&amp;#0;&amp;#0;&amp;#0;&amp;#0;&amp;#0;&amp;#0;&amp;#0;&amp;#0;&amp;#0;&amp;#0;&amp;#0;&amp;#0;&amp;#0;&amp;#0;&amp;#0;&amp;#0;&amp;#0;&amp;#0;&amp;#0;&amp;#0;&amp;#0;&amp;#0;&amp;#0;&amp;#0;&amp;#0;&amp;#0;&amp;#0;&amp;#0;&amp;#0;&amp;#0;&amp;#0;&amp;#0;&amp;#0;&amp;#0;&amp;#0;&amp;#0;&amp;#0;&amp;#0;&amp;#0;&amp;#0;&amp;#0;&amp;#0;&amp;#0;&amp;#0;&amp;#0;&amp;#0;&amp;#0;&amp;#0;&amp;#0;&amp;#0;&amp;#0;&amp;#0;&amp;#0;&amp;#0;&amp;#0;&amp;#0;&amp;#0;&amp;#0;&amp;#0;&amp;#0;&amp;#0;&amp;#0;&amp;#0;&amp;#0;&amp;#0;&amp;#0;&amp;#0;&amp;#0;&amp;#0;&amp;#0;&amp;#0;&amp;#0;&amp;#0;&amp;#0;&amp;#0;&amp;#0;&amp;#0;&amp;#0;&amp;#0;&amp;#0;&amp;#0;&amp;#0;&amp;#0;&amp;#0;&amp;#0;&amp;#0;&amp;#0;&amp;#0;&amp;#0;&amp;#0;&amp;#0;&amp;#0;&amp;#0;&amp;#0;&amp;#0;&amp;#0;&amp;#0;&amp;#0;&amp;#0;&amp;#0;&amp;#0;&amp;#0;&amp;#0;&amp;#0;&amp;#0;&amp;#0;&amp;#0;&amp;#0;&amp;#0;&amp;#0;&amp;#0;&amp;#0;&amp;#0;&amp;#0;&amp;#0;&amp;#0;&amp;#0;&amp;#0;&amp;#0;&amp;#0;&amp;#0;&amp;#0;&amp;#0;&amp;#0;&amp;#0;&amp;#0;&amp;#0;&amp;#0;&amp;#0;&amp;#0;&amp;#0;&amp;#0;&amp;#0;&amp;#0;&amp;#0;&amp;#0;&amp;#0;&amp;#0;&amp;#0;&amp;#0;&amp;#0;&amp;#0;&amp;#0;&amp;#0;&amp;#0;&amp;#0;&amp;#0;&amp;#0;&amp;#0;&amp;#0;&amp;#0;&amp;#0;&amp;#0;&amp;#0;&amp;#0;&amp;#0;&amp;#0;&amp;#0;&amp;#0;&amp;#0;&amp;#0;&amp;#0;&amp;#0;&amp;#0;&amp;#0;&amp;#0;&amp;#0;&amp;#0;&amp;#0;&amp;#0;&amp;#0;&amp;#0;&amp;#0;&amp;#0;&amp;#0;&amp;#0;&amp;#0;&amp;#0;&amp;#0;&amp;#0;&amp;#0;&amp;#0;&amp;#0;&amp;#0;&amp;#0;&amp;#0;&amp;#0;&amp;#0;&amp;#0;&amp;#0;&amp;#0;&amp;#0;&amp;#0;&amp;#0;&amp;#0;&amp;#0;&amp;#0;&amp;#0;&amp;#0;&amp;#0;&amp;#0;&amp;#0;&amp;#0;&amp;#0;&amp;#0;&amp;#0;&amp;#0;&amp;#0;&amp;#0;&amp;#0;&amp;#0;&amp;#0;&amp;#0;&amp;#0;&amp;#0;&amp;#0;&amp;#0;&amp;#0;&amp;#0;&amp;#0;&amp;#0;&amp;#0;&amp;#0;&amp;#0;&amp;#0;&amp;#0;&amp;#0;&amp;#0;&amp;#0;&amp;#0;&amp;#0;&amp;#0;&amp;#0;&amp;#0;&amp;#0;&amp;#0;&amp;#0;&amp;#0;&amp;#0;&amp;#0;&amp;#0;&amp;#0;&amp;#0;&amp;#0;&amp;#0;&amp;#0;&amp;#0;&amp;#0;&amp;#0;&amp;#0;&amp;#0;&amp;#0;&amp;#0;&amp;#0;&amp;#0;&amp;#0;&amp;#0;&amp;#0;&amp;#0;&amp;#0;&amp;#0;&amp;#0;&amp;#0;&amp;#0;&amp;#0;&amp;#0;&amp;#0;&amp;#0;&amp;#0;&amp;#0;&amp;#0;&amp;#0;&amp;#0;&amp;#0;&amp;#0;&amp;#0;&amp;#0;&amp;#0;&amp;#0;&amp;#0;&amp;#0;&amp;#0;&amp;#0;&amp;#0;&amp;#0;&amp;#0;&amp;#0;&amp;#0;&amp;#0;&amp;#0;&amp;#0;&amp;#0;&amp;#0;&amp;#0;&amp;#0;&amp;#0;&amp;#0;&amp;#0;&amp;#0;&amp;#0;&amp;#0;&amp;#0;&amp;#0;&amp;#0;&amp;#0;&amp;#0;&amp;#0;&amp;#0;&amp;#0;&amp;#0;&amp;#0;&amp;#0;&amp;#0;&amp;#0;&amp;#0;&amp;#0;&amp;#0;&amp;#0;&amp;#0;&amp;#0;&amp;#0;&amp;#0;&amp;#0;&amp;#0;&amp;#0;&amp;#0;&amp;#0;&amp;#0;&amp;#0;&amp;#0;&amp;#0;&amp;#0;&amp;#0;&amp;#0;&amp;#0;&amp;#0;&amp;#0;&amp;#0;&amp;#0;&amp;#0;&amp;#0;&amp;#0;&amp;#0;&amp;#0;&amp;#0;&amp;#0;&amp;#0;&amp;#0;&amp;#0;&amp;#0;&amp;#0;&amp;#0;&amp;#0;&amp;#0;&amp;#0;&amp;#0;&amp;#0;&amp;#0;&amp;#0;&amp;#0;&amp;#0;&amp;#0;&amp;#0;&amp;#0;&amp;#0;&amp;#0;&amp;#0;&amp;#0;&amp;#0;&amp;#0;&amp;#0;&amp;#0;&amp;#0;&amp;#0;&amp;#0;&amp;#0;&amp;#0;&amp;#0;&amp;#0;&amp;#0;&amp;#0;&amp;#0;&amp;#0;&amp;#0;&amp;#0;&amp;#0;&amp;#0;&amp;#0;&amp;#0;&amp;#0;&amp;#0;&amp;#0;&amp;#0;&amp;#0;&amp;#0;&amp;#0;&amp;#0;&amp;#0;&amp;#0;&amp;#0;&amp;#0;&amp;#0;&amp;#0;&amp;#0;&amp;#0;&amp;#0;&amp;#0;&amp;#0;&amp;#0;&amp;#0;&amp;#0;&amp;#0;&amp;#0;&amp;#0;&amp;#0;&amp;#0;&amp;#0;&amp;#0;&amp;#0;&amp;#0;&amp;#0;&amp;#0;&amp;#0;&amp;#0;&amp;#0;&amp;#0;&amp;#0;&amp;#0;&amp;#0;&amp;#0;&amp;#0;&amp;#0;&amp;#0;&amp;#0;&amp;#0;&amp;#0;&amp;#0;&amp;#0;&amp;#0;&amp;#0;&amp;#0;&amp;#0;&amp;#0;&amp;#0;&amp;#0;&amp;#0;&amp;#0;&amp;#0;&amp;#0;&amp;#0;&amp;#0;&amp;#0;&amp;#0;&amp;#0;&amp;#0;&amp;#0;&amp;#0;&amp;#0;&amp;#0;&amp;#0;&amp;#0;&amp;#0;&amp;#0;&amp;#0;&amp;#0;&amp;#0;&amp;#0;&amp;#0;&amp;#0;&amp;#0;&amp;#0;&amp;#0;&amp;#0;&amp;#0;&amp;#0;&amp;#0;&amp;#0;&amp;#0;&amp;#0;&amp;#0;&amp;#0;&amp;#0;&amp;#0;&amp;#0;&amp;#0;&amp;#0;&amp;#0;&amp;#0;&amp;#0;&amp;#0;&amp;#0;&amp;#0;&amp;#0;&amp;#0;&amp;#0;&amp;#0;&amp;#0;&amp;#0;&amp;#0;&amp;#0;&amp;#0;&amp;#0;&amp;#0;&amp;#0;&amp;#0;&amp;#0;&amp;#0;&amp;#0;&amp;#0;&amp;#0;&amp;#0;&amp;#0;&amp;#0;&amp;#0;&amp;#0;&amp;#0;&amp;#0;&amp;#0;&amp;#0;&amp;#0;&amp;#0;&amp;#0;&amp;#0;&amp;#0;&amp;#0;&amp;#0;&amp;#0;&amp;#0;&amp;#0;&amp;#0;&amp;#0;&amp;#0;&amp;#0;&amp;#0;&amp;#0;&amp;#0;&amp;#0;&amp;#0;&amp;#0;&amp;#0;&amp;#0;&amp;#0;&amp;#0;&amp;#0;&amp;#0;&amp;#0;&amp;#0;&amp;#0;&amp;#0;&amp;#0;&amp;#0;&amp;#0;&amp;#0;&amp;#0;&amp;#0;&amp;#0;&amp;#0;&amp;#0;&amp;#0;&amp;#0;&amp;#0;&amp;#0;&amp;#0;&amp;#0;&amp;#0;&amp;#0;&amp;#0;&amp;#0;&amp;#0;&amp;#0;&amp;#0;&amp;#0;&amp;#0;&amp;#0;&amp;#0;&amp;#0;&amp;#0;&amp;#0;&amp;#0;&amp;#0;&amp;#0;&amp;#0;&amp;#0;&amp;#0;&amp;#0;&amp;#0;&amp;#0;&amp;#0;&amp;#0;&amp;#0;&amp;#0;&amp;#0;&amp;#0;&amp;#0;&amp;#0;&amp;#0;&amp;#0;&amp;#0;&amp;#0;&amp;#0;&amp;#0;&amp;#0;&amp;#0;&amp;#0;&amp;#0;&amp;#0;&amp;#0;&amp;#0;&amp;#0;&amp;#0;&amp;#0;&amp;#0;&amp;#0;&amp;#0;&amp;#0;&amp;#0;&amp;#0;&amp;#0;&amp;#0;&amp;#0;&amp;#0;&amp;#0;&amp;#0;&amp;#0;&amp;#0;&amp;#0;&amp;#0;&amp;#0;&amp;#0;&amp;#0;&amp;#0;&amp;#0;&amp;#0;&amp;#0;&amp;#0;&amp;#0;&amp;#0;&amp;#0;&amp;#0;&amp;#0;&amp;#0;&amp;#0;&amp;#0;&amp;#0;&amp;#0;&amp;#0;&amp;#0;&amp;#0;&amp;#0;&amp;#0;&amp;#0;&amp;#0;&amp;#0;&amp;#0;&amp;#0;&amp;#0;&amp;#0;&amp;#0;&amp;#0;&amp;#0;&amp;#0;&amp;#0;&amp;#0;&amp;#0;&amp;#0;&amp;#0;&amp;#0;&amp;#0;&amp;#0;&amp;#0;&amp;#0;&amp;#0;&amp;#0;&amp;#0;&amp;#0;&amp;#0;&amp;#0;&amp;#0;&amp;#0;&amp;#0;&amp;#0;&amp;#0;&amp;#0;&amp;#0;&amp;#0;&amp;#0;&amp;#0;&amp;#0;&amp;#0;&amp;#0;&amp;#0;&amp;#0;&amp;#0;&amp;#0;&amp;#0;&amp;#0;&amp;#0;&amp;#0;&amp;#0;&amp;#0;&amp;#0;&amp;#0;&amp;#0;&amp;#0;&amp;#0;&amp;#0;&amp;#0;&amp;#0;&amp;#0;&amp;#0;&amp;#0;&amp;#0;&amp;#0;&amp;#0;&amp;#0;&amp;#0;&amp;#0;&amp;#0;&amp;#0;&amp;#0;&amp;#0;&amp;#0;&amp;#0;&amp;#0;&amp;#0;&amp;#0;&amp;#0;&amp;#0;&amp;#0;&amp;#0;&amp;#0;&amp;#0;&amp;#0;&amp;#0;&amp;#0;&amp;#0;&amp;#0;&amp;#0;&amp;#0;&amp;#0;&amp;#0;&amp;#0;&amp;#0;&amp;#0;&amp;#0;&amp;#0;&amp;#0;&amp;#0;&amp;#0;&amp;#0;&amp;#0;&amp;#0;&amp;#0;&amp;#0;&amp;#0;&amp;#0;&amp;#0;&amp;#0;&amp;#0;&amp;#0;&amp;#0;&amp;#0;&amp;#0;&amp;#0;&amp;#0;&amp;#0;&amp;#0;&amp;#0;&amp;#0;&amp;#0;&amp;#0;&amp;#0;&amp;#0;&amp;#0;&amp;#0;&amp;#0;&amp;#0;&amp;#0;&amp;#0;&amp;#0;&amp;#0;&amp;#0;&amp;#0;&amp;#0;&amp;#0;&amp;#0;&amp;#0;&amp;#0;&amp;#0;&amp;#0;&amp;#0;&amp;#0;&amp;#0;&amp;#0;&amp;#0;&amp;#0;&amp;#0;&amp;#0;&amp;#0;&amp;#0;&amp;#0;&amp;#0;&amp;#0;&amp;#0;&amp;#0;&amp;#0;&amp;#0;&amp;#0;&amp;#0;&amp;#0;&amp;#0;&amp;#0;&amp;#0;&amp;#0;&amp;#0;&amp;#0;&amp;#0;&amp;#0;&amp;#0;&amp;#0;&amp;#0;&amp;#0;&amp;#0;&amp;#0;&amp;#0;&amp;#0;&amp;#0;&amp;#0;&amp;#0;&amp;#0;&amp;#0;&amp;#0;&amp;#0;&amp;#0;&amp;#0;&amp;#0;&amp;#0;&amp;#0;&amp;#0;&amp;#0;&amp;#0;&amp;#0;&amp;#0;&amp;#0;&amp;#0;&amp;#0;&amp;#0;&amp;#0;&amp;#0;&amp;#0;&amp;#0;&amp;#0;&amp;#0;&amp;#0;&amp;#0;&amp;#0;&amp;#0;&amp;#0;&amp;#0;&amp;#0;&amp;#0;&amp;#0;&amp;#0;&amp;#0;&amp;#0;&amp;#0;&amp;#0;&amp;#0;&amp;#0;&amp;#0;&amp;#0;&amp;#0;&amp;#0;&amp;#0;&amp;#0;&amp;#0;&amp;#0;&amp;#0;&amp;#0;&amp;#0;&amp;#0;&amp;#0;&amp;#0;&amp;#0;&amp;#0;&amp;#0;&amp;#0;&amp;#0;&amp;#0;&amp;#0;&amp;#0;&amp;#0;&amp;#0;&amp;#0;&amp;#0;&amp;#0;&amp;#0;&amp;#0;&amp;#0;&amp;#0;&amp;#0;&amp;#0;&amp;#0;&amp;#0;&amp;#0;&amp;#0;&amp;#0;&amp;#0;&amp;#0;&amp;#0;&amp;#0;&amp;#0;&amp;#0;&amp;#0;&amp;#0;&amp;#0;&amp;#0;&amp;#0;&amp;#0;&amp;#0;&amp;#0;&amp;#0;&amp;#0;&amp;#0;&amp;#0;&amp;#0;&amp;#0;&amp;#0;&amp;#0;&amp;#0;&amp;#0;&amp;#0;&amp;#0;&amp;#0;&amp;#0;&amp;#0;&amp;#0;&amp;#0;&amp;#0;&amp;#0;&amp;#0;&amp;#0;&amp;#0;&amp;#0;&amp;#0;&amp;#0;&amp;#0;&amp;#0;&amp;#0;&amp;#0;&amp;#0;&amp;#0;&amp;#0;&amp;#0;&amp;#0;&amp;#0;&amp;#0;&amp;#0;&amp;#0;&amp;#0;&amp;#0;&amp;#0;&amp;#0;&amp;#0;
19:14:18.473 [main] ERROR - Je passe ici ------------------------------------------------------
19:14:18.473 [main] ERROR - Exception occured during compilation!
java.util.MissingFormatArgumentException: Format specifier &apos;%s&apos;
	at java.util.Formatter.format(Formatter.java:2519) ~[?:1.8.0_131]
	at java.io.PrintWriter.format(PrintWriter.java:905) ~[?:1.8.0_131]
	at java.io.PrintWriter.printf(PrintWriter.java:804) ~[?:1.8.0_131]
	at be.unamur.info.b314.compiler.Visitor.PCodePrinter.printSetTo(PCodePrinter.java:78) ~[classes/:?]
	at be.unamur.info.b314.compiler.Visitor.PCodeVisitor.visitVarDecl(PCodeVisitor.java:672) ~[classes/:?]
	at be.unamur.info.b314.compiler.B314Parser$VarDeclContext.accept(B314Parser.java:405) ~[classes/:?]
	at be.unamur.info.b314.compiler.Visitor.PCodeVisitor.visitProgramme(PCodeVisitor.java:64) ~[classes/:?]
	at be.unamur.info.b314.compiler.B314Parser$ProgrammeContext.accept(B314Parser.java:4028) ~[classes/:?]
	at be.unamur.info.b314.compiler.main.Main.printPCode(Main.java:236) ~[classes/:?]
	at be.unamur.info.b314.compiler.main.Main.compile(Main.java:199) ~[classes/:?]
	at be.unamur.info.b314.compiler.main.Main.main(Main.java:79) [classes/:?]
	at be.unamur.info.b314.compiler.main.CompilerTestHelper.launchCompilation(CompilerTestHelper.java:35) [test-classes/:?]
	at be.unamur.info.b314.compiler.main.B314localvariabledeclSyntaxTest.testlocalvariabledecl_when_local_var_diff_names_than_global_vars_but_same_name_in_different_whens_ok(B314localvariabledeclSyntaxTest.java:69) [test-classes/:?]
	at sun.reflect.NativeMethodAccessorImpl.invoke0(Native Method) ~[?:1.8.0_131]
	at sun.reflect.NativeMethodAccessorImpl.invoke(NativeMethodAccessorImpl.java:62) ~[?:1.8.0_131]
	at sun.reflect.DelegatingMethodAccessorImpl.invoke(DelegatingMethodAccessorImpl.java:43) ~[?:1.8.0_131]
	at java.lang.reflect.Method.invoke(Method.java:498) ~[?:1.8.0_131]
	at org.junit.runners.model.FrameworkMethod$1.runReflectiveCall(FrameworkMethod.java:50) [junit-4.12.jar:4.12]
	at org.junit.internal.runners.model.ReflectiveCallable.run(ReflectiveCallable.java:12) [junit-4.12.jar:4.12]
	at org.junit.runners.model.FrameworkMethod.invokeExplosively(FrameworkMethod.java:47) [junit-4.12.jar:4.12]
	at org.junit.internal.runners.statements.InvokeMethod.evaluate(InvokeMethod.java:17) [junit-4.12.jar:4.12]
	at org.junit.rules.ExternalResource$1.evaluate(ExternalResource.java:48) [junit-4.12.jar:4.12]
	at org.junit.rules.TestWatcher$1.evaluate(TestWatcher.java:55) [junit-4.12.jar:4.12]
	at org.junit.rules.RunRules.evaluate(RunRules.java:20) [junit-4.12.jar:4.12]
	at org.junit.runners.ParentRunner.runLeaf(ParentRunner.java:325) [junit-4.12.jar:4.12]
	at org.junit.runners.BlockJUnit4ClassRunner.runChild(BlockJUnit4ClassRunner.java:78) [junit-4.12.jar:4.12]
	at org.junit.runners.BlockJUnit4ClassRunner.runChild(BlockJUnit4ClassRunner.java:57) [junit-4.12.jar:4.12]
	at org.junit.runners.ParentRunner$3.run(ParentRunner.java:290) [junit-4.12.jar:4.12]
	at org.junit.runners.ParentRunner$1.schedule(ParentRunner.java:71) [junit-4.12.jar:4.12]
	at org.junit.runners.ParentRunner.runChildren(ParentRunner.java:288) [junit-4.12.jar:4.12]
	at org.junit.runners.ParentRunner.access$000(ParentRunner.java:58) [junit-4.12.jar:4.12]
	at org.junit.runners.ParentRunner$2.evaluate(ParentRunner.java:268) [junit-4.12.jar:4.12]
	at org.junit.runners.ParentRunner.run(ParentRunner.java:363) [junit-4.12.jar:4.12]
	at org.apache.maven.surefire.junit4.JUnit4Provider.execute(JUnit4Provider.java:252) [surefire-junit4-2.12.4.jar:2.12.4]
	at org.apache.maven.surefire.junit4.JUnit4Provider.executeTestSet(JUnit4Provider.java:141) [surefire-junit4-2.12.4.jar:2.12.4]
	at org.apache.maven.surefire.junit4.JUnit4Provider.invoke(JUnit4Provider.java:112) [surefire-junit4-2.12.4.jar:2.12.4]
	at sun.reflect.NativeMethodAccessorImpl.invoke0(Native Method) ~[?:1.8.0_131]
	at sun.reflect.NativeMethodAccessorImpl.invoke(NativeMethodAccessorImpl.java:62) ~[?:1.8.0_131]
	at sun.reflect.DelegatingMethodAccessorImpl.invoke(DelegatingMethodAccessorImpl.java:43) ~[?:1.8.0_131]
	at java.lang.reflect.Method.invoke(Method.java:498) ~[?:1.8.0_131]
	at org.apache.maven.surefire.util.ReflectionUtils.invokeMethodWithArray(ReflectionUtils.java:189) [surefire-api-2.12.4.jar:2.12.4]
	at org.apache.maven.surefire.booter.ProviderFactory$ProviderProxy.invoke(ProviderFactory.java:165) [surefire-booter-2.12.4.jar:2.12.4]
	at org.apache.maven.surefire.booter.ProviderFactory.invokeProvider(ProviderFactory.java:85) [surefire-booter-2.12.4.jar:2.12.4]
	at org.apache.maven.surefire.booter.ForkedBooter.runSuitesInProcess(ForkedBooter.java:115) [surefire-booter-2.12.4.jar:2.12.4]
	at org.apache.maven.surefire.booter.ForkedBooter.main(ForkedBooter.java:75) [surefire-booter-2.12.4.jar:2.12.4]
</system-out>
  </testcase>
  <testcase classname="be.unamur.info.b314.compiler.main.B314localvariabledeclSyntaxTest" name="testlocalvariabledecl_when_global_variables_are_indeed_hidden_by_local_variables_ko" time="0.007"/>
  <testcase classname="be.unamur.info.b314.compiler.main.B314localvariabledeclSyntaxTest" name="testlocalvariabledecl_when_local_var_same_names_ko" time="0.018"/>
  <testcase classname="be.unamur.info.b314.compiler.main.B314localvariabledeclSyntaxTest" name="testlocalvariabledecl_fct_local_var_same_name_as_parameter_ko" time="0.06"/>
  <testcase classname="be.unamur.info.b314.compiler.main.B314localvariabledeclSyntaxTest" name="testlocalvariabledecl_fct_global_variables_are_indeed_hidden_by_local_variables_ko" time="0.011"/>
  <testcase classname="be.unamur.info.b314.compiler.main.B314localvariabledeclSyntaxTest" name="testlocalvariabledecl_when_local_variable_diff_names_ok" time="0.012">
    <failure message="localvariabledecl: when_local_variable_diff_names
Expected: a string ending with &quot;OK\r\n&quot;
     but: was &quot;KO
&quot;" type="java.lang.AssertionError">java.lang.AssertionError: localvariabledecl: when_local_variable_diff_names
Expected: a string ending with &quot;OK\r\n&quot;
     but: was &quot;KO
&quot;
	at org.hamcrest.MatcherAssert.assertThat(MatcherAssert.java:20)
	at org.junit.Assert.assertThat(Assert.java:956)
	at be.unamur.info.b314.compiler.main.CompilerTestHelper.launchCompilation(CompilerTestHelper.java:42)
	at be.unamur.info.b314.compiler.main.B314localvariabledeclSyntaxTest.testlocalvariabledecl_when_local_variable_diff_names_ok(B314localvariabledeclSyntaxTest.java:84)
	at sun.reflect.NativeMethodAccessorImpl.invoke0(Native Method)
	at sun.reflect.NativeMethodAccessorImpl.invoke(NativeMethodAccessorImpl.java:62)
	at sun.reflect.DelegatingMethodAccessorImpl.invoke(DelegatingMethodAccessorImpl.java:43)
	at java.lang.reflect.Method.invoke(Method.java:498)
	at org.junit.runners.model.FrameworkMethod$1.runReflectiveCall(FrameworkMethod.java:50)
	at org.junit.internal.runners.model.ReflectiveCallable.run(ReflectiveCallable.java:12)
	at org.junit.runners.model.FrameworkMethod.invokeExplosively(FrameworkMethod.java:47)
	at org.junit.internal.runners.statements.InvokeMethod.evaluate(InvokeMethod.java:17)
	at org.junit.rules.ExternalResource$1.evaluate(ExternalResource.java:48)
	at org.junit.rules.TestWatcher$1.evaluate(TestWatcher.java:55)
	at org.junit.rules.RunRules.evaluate(RunRules.java:20)
	at org.junit.runners.ParentRunner.runLeaf(ParentRunner.java:325)
	at org.junit.runners.BlockJUnit4ClassRunner.runChild(BlockJUnit4ClassRunner.java:78)
	at org.junit.runners.BlockJUnit4ClassRunner.runChild(BlockJUnit4ClassRunner.java:57)
	at org.junit.runners.ParentRunner$3.run(ParentRunner.java:290)
	at org.junit.runners.ParentRunner$1.schedule(ParentRunner.java:71)
	at org.junit.runners.ParentRunner.runChildren(ParentRunner.java:288)
	at org.junit.runners.ParentRunner.access$000(ParentRunner.java:58)
	at org.junit.runners.ParentRunner$2.evaluate(ParentRunner.java:268)
	at org.junit.runners.ParentRunner.run(ParentRunner.java:363)
	at org.apache.maven.surefire.junit4.JUnit4Provider.execute(JUnit4Provider.java:252)
	at org.apache.maven.surefire.junit4.JUnit4Provider.executeTestSet(JUnit4Provider.java:141)
	at org.apache.maven.surefire.junit4.JUnit4Provider.invoke(JUnit4Provider.java:112)
	at sun.reflect.NativeMethodAccessorImpl.invoke0(Native Method)
	at sun.reflect.NativeMethodAccessorImpl.invoke(NativeMethodAccessorImpl.java:62)
	at sun.reflect.DelegatingMethodAccessorImpl.invoke(DelegatingMethodAccessorImpl.java:43)
	at java.lang.reflect.Method.invoke(Method.java:498)
	at org.apache.maven.surefire.util.ReflectionUtils.invokeMethodWithArray(ReflectionUtils.java:189)
	at org.apache.maven.surefire.booter.ProviderFactory$ProviderProxy.invoke(ProviderFactory.java:165)
	at org.apache.maven.surefire.booter.ProviderFactory.invokeProvider(ProviderFactory.java:85)
	at org.apache.maven.surefire.booter.ForkedBooter.runSuitesInProcess(ForkedBooter.java:115)
	at org.apache.maven.surefire.booter.ForkedBooter.main(ForkedBooter.java:75)
</failure>
    <system-out>19:14:18.569 [main] INFO  - Starting test: testlocalvariabledecl_when_local_variable_diff_names_ok()...
org.apache.commons.cli.CommandLine@4010d494
19:14:18.571 [main] DEBUG - Initialisation
19:14:18.571 [main] DEBUG - Input file set to C:\Users\Dano\Desktop\b314-Jour\target\test-classes\syntax\localvariabledecl\ok\when_local_variable_diff_names.b314
19:14:18.571 [main] DEBUG - Output file set to C:\Users\Dano\AppData\Local\Temp\junit3407754070065656783\junit3649982958038456623.tmp
19:14:18.571 [main] DEBUG - Initialisation: done
jessica1
19:14:18.579 [main] DEBUG - Parsing input
/*

1

1,2,1

1,2,1,2,1
*/
declare and retain 
	b1 as boolean;
	b2 as boolean;
    i1 as integer; 
    i2 as integer; 
    v1 as boolean[5, 7];
    v2 as integer[42];
    
    fct1 as function():boolean
    	do
    		set fct1 to true 
    	done 
	
when your turn 

	when not b1 do
		set b1 to true
		next move north
	done

	when b1 
	declare local
		loc1 as integer;
		loc2 as boolean;
		loc3 as square;
		loc4 as integer[5];
	do
		set loc1 to 34
		set loc2 to false
		set b1 to loc1 &lt; 42 and loc2
		next move east
	done

	by default do 
		next do nothing
	done&amp;#0;&amp;#0;&amp;#0;&amp;#0;&amp;#0;&amp;#0;&amp;#0;&amp;#0;&amp;#0;&amp;#0;&amp;#0;&amp;#0;&amp;#0;&amp;#0;&amp;#0;&amp;#0;&amp;#0;&amp;#0;&amp;#0;&amp;#0;&amp;#0;&amp;#0;&amp;#0;&amp;#0;&amp;#0;&amp;#0;&amp;#0;&amp;#0;&amp;#0;&amp;#0;&amp;#0;&amp;#0;&amp;#0;&amp;#0;&amp;#0;&amp;#0;&amp;#0;&amp;#0;&amp;#0;&amp;#0;&amp;#0;&amp;#0;&amp;#0;&amp;#0;&amp;#0;&amp;#0;&amp;#0;&amp;#0;&amp;#0;&amp;#0;&amp;#0;&amp;#0;&amp;#0;&amp;#0;&amp;#0;&amp;#0;&amp;#0;&amp;#0;&amp;#0;&amp;#0;&amp;#0;&amp;#0;&amp;#0;&amp;#0;&amp;#0;&amp;#0;&amp;#0;&amp;#0;&amp;#0;&amp;#0;&amp;#0;&amp;#0;&amp;#0;&amp;#0;&amp;#0;&amp;#0;&amp;#0;&amp;#0;&amp;#0;&amp;#0;&amp;#0;&amp;#0;&amp;#0;&amp;#0;&amp;#0;&amp;#0;&amp;#0;&amp;#0;&amp;#0;&amp;#0;&amp;#0;&amp;#0;&amp;#0;&amp;#0;&amp;#0;&amp;#0;&amp;#0;&amp;#0;&amp;#0;&amp;#0;&amp;#0;&amp;#0;&amp;#0;&amp;#0;&amp;#0;&amp;#0;&amp;#0;&amp;#0;&amp;#0;&amp;#0;&amp;#0;&amp;#0;&amp;#0;&amp;#0;&amp;#0;&amp;#0;&amp;#0;&amp;#0;&amp;#0;&amp;#0;&amp;#0;&amp;#0;&amp;#0;&amp;#0;&amp;#0;&amp;#0;&amp;#0;&amp;#0;&amp;#0;&amp;#0;&amp;#0;&amp;#0;&amp;#0;&amp;#0;&amp;#0;&amp;#0;&amp;#0;&amp;#0;&amp;#0;&amp;#0;&amp;#0;&amp;#0;&amp;#0;&amp;#0;&amp;#0;&amp;#0;&amp;#0;&amp;#0;&amp;#0;&amp;#0;&amp;#0;&amp;#0;&amp;#0;&amp;#0;&amp;#0;&amp;#0;&amp;#0;&amp;#0;&amp;#0;&amp;#0;&amp;#0;&amp;#0;&amp;#0;&amp;#0;&amp;#0;&amp;#0;&amp;#0;&amp;#0;&amp;#0;&amp;#0;&amp;#0;&amp;#0;&amp;#0;&amp;#0;&amp;#0;&amp;#0;&amp;#0;&amp;#0;&amp;#0;&amp;#0;&amp;#0;&amp;#0;&amp;#0;&amp;#0;&amp;#0;&amp;#0;&amp;#0;&amp;#0;&amp;#0;&amp;#0;&amp;#0;&amp;#0;&amp;#0;&amp;#0;&amp;#0;&amp;#0;&amp;#0;&amp;#0;&amp;#0;&amp;#0;&amp;#0;&amp;#0;&amp;#0;&amp;#0;&amp;#0;&amp;#0;&amp;#0;&amp;#0;&amp;#0;&amp;#0;&amp;#0;&amp;#0;&amp;#0;&amp;#0;&amp;#0;&amp;#0;&amp;#0;&amp;#0;&amp;#0;&amp;#0;&amp;#0;&amp;#0;&amp;#0;&amp;#0;&amp;#0;&amp;#0;&amp;#0;&amp;#0;&amp;#0;&amp;#0;&amp;#0;&amp;#0;&amp;#0;&amp;#0;&amp;#0;&amp;#0;&amp;#0;&amp;#0;&amp;#0;&amp;#0;&amp;#0;&amp;#0;&amp;#0;&amp;#0;&amp;#0;&amp;#0;&amp;#0;&amp;#0;&amp;#0;&amp;#0;&amp;#0;&amp;#0;&amp;#0;&amp;#0;&amp;#0;&amp;#0;&amp;#0;&amp;#0;&amp;#0;&amp;#0;&amp;#0;&amp;#0;&amp;#0;&amp;#0;&amp;#0;&amp;#0;&amp;#0;&amp;#0;&amp;#0;&amp;#0;&amp;#0;&amp;#0;&amp;#0;&amp;#0;&amp;#0;&amp;#0;&amp;#0;&amp;#0;&amp;#0;&amp;#0;&amp;#0;&amp;#0;&amp;#0;&amp;#0;&amp;#0;&amp;#0;&amp;#0;&amp;#0;&amp;#0;&amp;#0;&amp;#0;&amp;#0;&amp;#0;&amp;#0;&amp;#0;&amp;#0;&amp;#0;&amp;#0;&amp;#0;&amp;#0;&amp;#0;&amp;#0;&amp;#0;&amp;#0;&amp;#0;&amp;#0;&amp;#0;&amp;#0;&amp;#0;&amp;#0;&amp;#0;&amp;#0;&amp;#0;&amp;#0;&amp;#0;&amp;#0;&amp;#0;&amp;#0;&amp;#0;&amp;#0;&amp;#0;&amp;#0;&amp;#0;&amp;#0;&amp;#0;&amp;#0;&amp;#0;&amp;#0;&amp;#0;&amp;#0;&amp;#0;&amp;#0;&amp;#0;&amp;#0;&amp;#0;&amp;#0;&amp;#0;&amp;#0;&amp;#0;&amp;#0;&amp;#0;&amp;#0;&amp;#0;&amp;#0;&amp;#0;&amp;#0;&amp;#0;&amp;#0;&amp;#0;&amp;#0;&amp;#0;&amp;#0;&amp;#0;&amp;#0;&amp;#0;&amp;#0;&amp;#0;&amp;#0;&amp;#0;&amp;#0;&amp;#0;&amp;#0;&amp;#0;&amp;#0;&amp;#0;&amp;#0;&amp;#0;&amp;#0;&amp;#0;&amp;#0;&amp;#0;&amp;#0;&amp;#0;&amp;#0;&amp;#0;&amp;#0;&amp;#0;&amp;#0;&amp;#0;&amp;#0;&amp;#0;&amp;#0;&amp;#0;&amp;#0;&amp;#0;&amp;#0;&amp;#0;&amp;#0;&amp;#0;&amp;#0;&amp;#0;&amp;#0;&amp;#0;&amp;#0;&amp;#0;&amp;#0;&amp;#0;&amp;#0;&amp;#0;&amp;#0;&amp;#0;&amp;#0;&amp;#0;&amp;#0;&amp;#0;&amp;#0;&amp;#0;&amp;#0;&amp;#0;&amp;#0;&amp;#0;&amp;#0;&amp;#0;&amp;#0;&amp;#0;&amp;#0;&amp;#0;&amp;#0;&amp;#0;&amp;#0;&amp;#0;&amp;#0;&amp;#0;&amp;#0;&amp;#0;&amp;#0;&amp;#0;&amp;#0;&amp;#0;&amp;#0;&amp;#0;&amp;#0;&amp;#0;&amp;#0;&amp;#0;&amp;#0;&amp;#0;&amp;#0;&amp;#0;&amp;#0;&amp;#0;&amp;#0;&amp;#0;&amp;#0;&amp;#0;&amp;#0;&amp;#0;&amp;#0;&amp;#0;&amp;#0;&amp;#0;&amp;#0;&amp;#0;&amp;#0;&amp;#0;&amp;#0;&amp;#0;&amp;#0;&amp;#0;&amp;#0;&amp;#0;&amp;#0;&amp;#0;&amp;#0;&amp;#0;&amp;#0;&amp;#0;&amp;#0;&amp;#0;&amp;#0;&amp;#0;&amp;#0;&amp;#0;&amp;#0;&amp;#0;&amp;#0;&amp;#0;&amp;#0;&amp;#0;&amp;#0;&amp;#0;&amp;#0;&amp;#0;&amp;#0;&amp;#0;&amp;#0;&amp;#0;&amp;#0;&amp;#0;&amp;#0;&amp;#0;&amp;#0;&amp;#0;&amp;#0;&amp;#0;&amp;#0;&amp;#0;&amp;#0;&amp;#0;&amp;#0;&amp;#0;&amp;#0;&amp;#0;&amp;#0;&amp;#0;&amp;#0;&amp;#0;&amp;#0;&amp;#0;&amp;#0;&amp;#0;&amp;#0;&amp;#0;&amp;#0;&amp;#0;&amp;#0;&amp;#0;&amp;#0;&amp;#0;&amp;#0;&amp;#0;&amp;#0;&amp;#0;&amp;#0;&amp;#0;&amp;#0;&amp;#0;&amp;#0;&amp;#0;&amp;#0;&amp;#0;&amp;#0;&amp;#0;&amp;#0;&amp;#0;&amp;#0;&amp;#0;&amp;#0;&amp;#0;&amp;#0;&amp;#0;&amp;#0;&amp;#0;&amp;#0;&amp;#0;&amp;#0;&amp;#0;&amp;#0;&amp;#0;&amp;#0;&amp;#0;&amp;#0;&amp;#0;&amp;#0;&amp;#0;&amp;#0;&amp;#0;&amp;#0;&amp;#0;&amp;#0;&amp;#0;&amp;#0;&amp;#0;&amp;#0;&amp;#0;&amp;#0;&amp;#0;&amp;#0;&amp;#0;&amp;#0;&amp;#0;&amp;#0;&amp;#0;&amp;#0;&amp;#0;&amp;#0;&amp;#0;&amp;#0;&amp;#0;&amp;#0;&amp;#0;&amp;#0;&amp;#0;&amp;#0;&amp;#0;&amp;#0;&amp;#0;&amp;#0;&amp;#0;&amp;#0;&amp;#0;&amp;#0;&amp;#0;&amp;#0;&amp;#0;&amp;#0;&amp;#0;&amp;#0;&amp;#0;&amp;#0;&amp;#0;&amp;#0;&amp;#0;&amp;#0;&amp;#0;&amp;#0;&amp;#0;&amp;#0;&amp;#0;&amp;#0;&amp;#0;&amp;#0;&amp;#0;&amp;#0;&amp;#0;&amp;#0;&amp;#0;&amp;#0;&amp;#0;&amp;#0;&amp;#0;&amp;#0;&amp;#0;&amp;#0;&amp;#0;&amp;#0;&amp;#0;&amp;#0;&amp;#0;&amp;#0;&amp;#0;&amp;#0;&amp;#0;&amp;#0;&amp;#0;&amp;#0;&amp;#0;&amp;#0;&amp;#0;&amp;#0;&amp;#0;&amp;#0;&amp;#0;&amp;#0;&amp;#0;&amp;#0;&amp;#0;&amp;#0;&amp;#0;&amp;#0;&amp;#0;&amp;#0;&amp;#0;&amp;#0;&amp;#0;&amp;#0;&amp;#0;&amp;#0;&amp;#0;&amp;#0;&amp;#0;&amp;#0;&amp;#0;&amp;#0;&amp;#0;&amp;#0;&amp;#0;&amp;#0;&amp;#0;&amp;#0;&amp;#0;&amp;#0;&amp;#0;&amp;#0;&amp;#0;&amp;#0;&amp;#0;&amp;#0;&amp;#0;&amp;#0;&amp;#0;&amp;#0;&amp;#0;&amp;#0;&amp;#0;&amp;#0;&amp;#0;&amp;#0;&amp;#0;&amp;#0;&amp;#0;&amp;#0;&amp;#0;&amp;#0;&amp;#0;&amp;#0;&amp;#0;&amp;#0;&amp;#0;&amp;#0;&amp;#0;&amp;#0;&amp;#0;&amp;#0;&amp;#0;&amp;#0;&amp;#0;&amp;#0;&amp;#0;&amp;#0;&amp;#0;&amp;#0;&amp;#0;&amp;#0;&amp;#0;&amp;#0;&amp;#0;&amp;#0;&amp;#0;&amp;#0;&amp;#0;&amp;#0;&amp;#0;&amp;#0;&amp;#0;&amp;#0;&amp;#0;&amp;#0;&amp;#0;&amp;#0;&amp;#0;&amp;#0;&amp;#0;&amp;#0;&amp;#0;&amp;#0;&amp;#0;&amp;#0;&amp;#0;&amp;#0;&amp;#0;&amp;#0;&amp;#0;&amp;#0;&amp;#0;&amp;#0;&amp;#0;&amp;#0;&amp;#0;&amp;#0;&amp;#0;&amp;#0;&amp;#0;&amp;#0;&amp;#0;&amp;#0;&amp;#0;&amp;#0;&amp;#0;&amp;#0;&amp;#0;&amp;#0;&amp;#0;&amp;#0;&amp;#0;&amp;#0;&amp;#0;&amp;#0;&amp;#0;&amp;#0;&amp;#0;&amp;#0;&amp;#0;&amp;#0;&amp;#0;&amp;#0;&amp;#0;&amp;#0;&amp;#0;&amp;#0;&amp;#0;&amp;#0;&amp;#0;&amp;#0;&amp;#0;&amp;#0;&amp;#0;&amp;#0;&amp;#0;&amp;#0;&amp;#0;&amp;#0;&amp;#0;&amp;#0;&amp;#0;&amp;#0;&amp;#0;&amp;#0;&amp;#0;&amp;#0;&amp;#0;&amp;#0;&amp;#0;&amp;#0;&amp;#0;&amp;#0;&amp;#0;&amp;#0;&amp;#0;&amp;#0;&amp;#0;&amp;#0;&amp;#0;&amp;#0;&amp;#0;&amp;#0;&amp;#0;&amp;#0;&amp;#0;&amp;#0;&amp;#0;&amp;#0;&amp;#0;&amp;#0;&amp;#0;&amp;#0;&amp;#0;&amp;#0;&amp;#0;&amp;#0;&amp;#0;&amp;#0;&amp;#0;&amp;#0;&amp;#0;&amp;#0;&amp;#0;&amp;#0;&amp;#0;&amp;#0;&amp;#0;&amp;#0;&amp;#0;&amp;#0;&amp;#0;&amp;#0;&amp;#0;&amp;#0;&amp;#0;&amp;#0;&amp;#0;&amp;#0;&amp;#0;&amp;#0;&amp;#0;&amp;#0;&amp;#0;&amp;#0;&amp;#0;&amp;#0;&amp;#0;&amp;#0;&amp;#0;&amp;#0;&amp;#0;&amp;#0;&amp;#0;&amp;#0;&amp;#0;&amp;#0;&amp;#0;&amp;#0;&amp;#0;&amp;#0;&amp;#0;&amp;#0;&amp;#0;&amp;#0;&amp;#0;&amp;#0;&amp;#0;&amp;#0;&amp;#0;&amp;#0;&amp;#0;&amp;#0;&amp;#0;&amp;#0;&amp;#0;&amp;#0;&amp;#0;&amp;#0;&amp;#0;&amp;#0;&amp;#0;&amp;#0;&amp;#0;&amp;#0;&amp;#0;&amp;#0;&amp;#0;&amp;#0;&amp;#0;&amp;#0;&amp;#0;&amp;#0;&amp;#0;&amp;#0;&amp;#0;&amp;#0;&amp;#0;&amp;#0;&amp;#0;&amp;#0;&amp;#0;&amp;#0;&amp;#0;&amp;#0;&amp;#0;&amp;#0;&amp;#0;&amp;#0;&amp;#0;&amp;#0;&amp;#0;&amp;#0;&amp;#0;&amp;#0;&amp;#0;&amp;#0;&amp;#0;&amp;#0;&amp;#0;&amp;#0;&amp;#0;&amp;#0;&amp;#0;&amp;#0;&amp;#0;&amp;#0;&amp;#0;&amp;#0;&amp;#0;&amp;#0;&amp;#0;&amp;#0;&amp;#0;&amp;#0;&amp;#0;&amp;#0;&amp;#0;&amp;#0;&amp;#0;&amp;#0;&amp;#0;&amp;#0;&amp;#0;&amp;#0;&amp;#0;&amp;#0;&amp;#0;&amp;#0;&amp;#0;&amp;#0;&amp;#0;&amp;#0;&amp;#0;&amp;#0;&amp;#0;&amp;#0;&amp;#0;&amp;#0;&amp;#0;&amp;#0;&amp;#0;&amp;#0;&amp;#0;&amp;#0;&amp;#0;&amp;#0;&amp;#0;&amp;#0;&amp;#0;&amp;#0;&amp;#0;&amp;#0;&amp;#0;&amp;#0;&amp;#0;&amp;#0;&amp;#0;&amp;#0;&amp;#0;&amp;#0;&amp;#0;&amp;#0;&amp;#0;&amp;#0;&amp;#0;&amp;#0;&amp;#0;&amp;#0;&amp;#0;&amp;#0;&amp;#0;&amp;#0;&amp;#0;&amp;#0;&amp;#0;&amp;#0;&amp;#0;&amp;#0;&amp;#0;&amp;#0;&amp;#0;&amp;#0;&amp;#0;&amp;#0;&amp;#0;&amp;#0;&amp;#0;&amp;#0;&amp;#0;&amp;#0;&amp;#0;&amp;#0;&amp;#0;&amp;#0;&amp;#0;&amp;#0;&amp;#0;&amp;#0;&amp;#0;&amp;#0;&amp;#0;&amp;#0;&amp;#0;&amp;#0;&amp;#0;&amp;#0;&amp;#0;&amp;#0;&amp;#0;&amp;#0;&amp;#0;&amp;#0;&amp;#0;&amp;#0;&amp;#0;&amp;#0;&amp;#0;&amp;#0;&amp;#0;&amp;#0;&amp;#0;&amp;#0;&amp;#0;&amp;#0;&amp;#0;&amp;#0;&amp;#0;&amp;#0;&amp;#0;&amp;#0;&amp;#0;&amp;#0;&amp;#0;&amp;#0;&amp;#0;&amp;#0;&amp;#0;&amp;#0;&amp;#0;&amp;#0;&amp;#0;&amp;#0;&amp;#0;&amp;#0;&amp;#0;&amp;#0;&amp;#0;&amp;#0;&amp;#0;&amp;#0;&amp;#0;&amp;#0;&amp;#0;&amp;#0;&amp;#0;&amp;#0;&amp;#0;&amp;#0;&amp;#0;&amp;#0;&amp;#0;&amp;#0;&amp;#0;&amp;#0;&amp;#0;&amp;#0;&amp;#0;&amp;#0;&amp;#0;&amp;#0;&amp;#0;&amp;#0;&amp;#0;&amp;#0;&amp;#0;&amp;#0;&amp;#0;&amp;#0;&amp;#0;&amp;#0;&amp;#0;&amp;#0;&amp;#0;&amp;#0;&amp;#0;&amp;#0;&amp;#0;&amp;#0;&amp;#0;&amp;#0;&amp;#0;&amp;#0;&amp;#0;&amp;#0;&amp;#0;&amp;#0;&amp;#0;&amp;#0;&amp;#0;&amp;#0;&amp;#0;&amp;#0;&amp;#0;&amp;#0;&amp;#0;&amp;#0;&amp;#0;&amp;#0;&amp;#0;&amp;#0;&amp;#0;&amp;#0;&amp;#0;&amp;#0;&amp;#0;&amp;#0;&amp;#0;&amp;#0;&amp;#0;&amp;#0;&amp;#0;&amp;#0;&amp;#0;&amp;#0;&amp;#0;&amp;#0;&amp;#0;&amp;#0;&amp;#0;&amp;#0;&amp;#0;&amp;#0;&amp;#0;&amp;#0;&amp;#0;&amp;#0;&amp;#0;&amp;#0;&amp;#0;&amp;#0;&amp;#0;&amp;#0;&amp;#0;&amp;#0;&amp;#0;&amp;#0;&amp;#0;&amp;#0;&amp;#0;&amp;#0;&amp;#0;&amp;#0;&amp;#0;&amp;#0;&amp;#0;&amp;#0;&amp;#0;&amp;#0;&amp;#0;&amp;#0;&amp;#0;&amp;#0;&amp;#0;&amp;#0;&amp;#0;&amp;#0;&amp;#0;&amp;#0;&amp;#0;&amp;#0;&amp;#0;&amp;#0;&amp;#0;&amp;#0;&amp;#0;&amp;#0;&amp;#0;&amp;#0;&amp;#0;&amp;#0;&amp;#0;&amp;#0;&amp;#0;&amp;#0;&amp;#0;&amp;#0;&amp;#0;&amp;#0;&amp;#0;&amp;#0;&amp;#0;&amp;#0;&amp;#0;&amp;#0;&amp;#0;&amp;#0;&amp;#0;&amp;#0;&amp;#0;&amp;#0;&amp;#0;&amp;#0;&amp;#0;&amp;#0;&amp;#0;&amp;#0;&amp;#0;&amp;#0;&amp;#0;&amp;#0;&amp;#0;&amp;#0;&amp;#0;&amp;#0;&amp;#0;&amp;#0;&amp;#0;&amp;#0;&amp;#0;&amp;#0;&amp;#0;&amp;#0;&amp;#0;&amp;#0;&amp;#0;&amp;#0;&amp;#0;&amp;#0;&amp;#0;&amp;#0;&amp;#0;&amp;#0;&amp;#0;&amp;#0;&amp;#0;&amp;#0;&amp;#0;&amp;#0;&amp;#0;&amp;#0;&amp;#0;&amp;#0;&amp;#0;&amp;#0;&amp;#0;&amp;#0;&amp;#0;&amp;#0;&amp;#0;&amp;#0;&amp;#0;&amp;#0;&amp;#0;&amp;#0;&amp;#0;&amp;#0;&amp;#0;&amp;#0;&amp;#0;&amp;#0;&amp;#0;&amp;#0;&amp;#0;&amp;#0;&amp;#0;&amp;#0;&amp;#0;&amp;#0;&amp;#0;&amp;#0;&amp;#0;&amp;#0;&amp;#0;&amp;#0;&amp;#0;&amp;#0;&amp;#0;&amp;#0;&amp;#0;&amp;#0;&amp;#0;&amp;#0;&amp;#0;&amp;#0;&amp;#0;&amp;#0;&amp;#0;&amp;#0;&amp;#0;&amp;#0;&amp;#0;&amp;#0;&amp;#0;&amp;#0;&amp;#0;&amp;#0;&amp;#0;&amp;#0;&amp;#0;&amp;#0;&amp;#0;&amp;#0;&amp;#0;&amp;#0;&amp;#0;&amp;#0;&amp;#0;&amp;#0;&amp;#0;&amp;#0;&amp;#0;&amp;#0;&amp;#0;&amp;#0;&amp;#0;&amp;#0;&amp;#0;&amp;#0;&amp;#0;&amp;#0;&amp;#0;&amp;#0;&amp;#0;&amp;#0;&amp;#0;&amp;#0;&amp;#0;&amp;#0;&amp;#0;&amp;#0;&amp;#0;&amp;#0;&amp;#0;&amp;#0;&amp;#0;&amp;#0;&amp;#0;&amp;#0;&amp;#0;&amp;#0;&amp;#0;&amp;#0;&amp;#0;&amp;#0;&amp;#0;&amp;#0;&amp;#0;&amp;#0;&amp;#0;&amp;#0;&amp;#0;&amp;#0;&amp;#0;&amp;#0;&amp;#0;&amp;#0;&amp;#0;&amp;#0;&amp;#0;&amp;#0;&amp;#0;&amp;#0;&amp;#0;&amp;#0;&amp;#0;&amp;#0;&amp;#0;&amp;#0;&amp;#0;&amp;#0;&amp;#0;&amp;#0;&amp;#0;&amp;#0;&amp;#0;&amp;#0;&amp;#0;&amp;#0;&amp;#0;&amp;#0;&amp;#0;&amp;#0;&amp;#0;&amp;#0;&amp;#0;&amp;#0;&amp;#0;&amp;#0;&amp;#0;&amp;#0;&amp;#0;&amp;#0;&amp;#0;&amp;#0;&amp;#0;&amp;#0;&amp;#0;&amp;#0;&amp;#0;&amp;#0;&amp;#0;&amp;#0;&amp;#0;&amp;#0;&amp;#0;&amp;#0;&amp;#0;&amp;#0;&amp;#0;&amp;#0;
19:14:18.581 [main] ERROR - Je passe ici ------------------------------------------------------
19:14:18.582 [main] ERROR - Exception occured during compilation!
java.util.MissingFormatArgumentException: Format specifier &apos;%s&apos;
	at java.util.Formatter.format(Formatter.java:2519) ~[?:1.8.0_131]
	at java.io.PrintWriter.format(PrintWriter.java:905) ~[?:1.8.0_131]
	at java.io.PrintWriter.printf(PrintWriter.java:804) ~[?:1.8.0_131]
	at be.unamur.info.b314.compiler.Visitor.PCodePrinter.printSetTo(PCodePrinter.java:78) ~[classes/:?]
	at be.unamur.info.b314.compiler.Visitor.PCodeVisitor.visitVarDecl(PCodeVisitor.java:672) ~[classes/:?]
	at be.unamur.info.b314.compiler.B314Parser$VarDeclContext.accept(B314Parser.java:405) ~[classes/:?]
	at be.unamur.info.b314.compiler.Visitor.PCodeVisitor.visitProgramme(PCodeVisitor.java:64) ~[classes/:?]
	at be.unamur.info.b314.compiler.B314Parser$ProgrammeContext.accept(B314Parser.java:4028) ~[classes/:?]
	at be.unamur.info.b314.compiler.main.Main.printPCode(Main.java:236) ~[classes/:?]
	at be.unamur.info.b314.compiler.main.Main.compile(Main.java:199) ~[classes/:?]
	at be.unamur.info.b314.compiler.main.Main.main(Main.java:79) [classes/:?]
	at be.unamur.info.b314.compiler.main.CompilerTestHelper.launchCompilation(CompilerTestHelper.java:35) [test-classes/:?]
	at be.unamur.info.b314.compiler.main.B314localvariabledeclSyntaxTest.testlocalvariabledecl_when_local_variable_diff_names_ok(B314localvariabledeclSyntaxTest.java:84) [test-classes/:?]
	at sun.reflect.NativeMethodAccessorImpl.invoke0(Native Method) ~[?:1.8.0_131]
	at sun.reflect.NativeMethodAccessorImpl.invoke(NativeMethodAccessorImpl.java:62) ~[?:1.8.0_131]
	at sun.reflect.DelegatingMethodAccessorImpl.invoke(DelegatingMethodAccessorImpl.java:43) ~[?:1.8.0_131]
	at java.lang.reflect.Method.invoke(Method.java:498) ~[?:1.8.0_131]
	at org.junit.runners.model.FrameworkMethod$1.runReflectiveCall(FrameworkMethod.java:50) [junit-4.12.jar:4.12]
	at org.junit.internal.runners.model.ReflectiveCallable.run(ReflectiveCallable.java:12) [junit-4.12.jar:4.12]
	at org.junit.runners.model.FrameworkMethod.invokeExplosively(FrameworkMethod.java:47) [junit-4.12.jar:4.12]
	at org.junit.internal.runners.statements.InvokeMethod.evaluate(InvokeMethod.java:17) [junit-4.12.jar:4.12]
	at org.junit.rules.ExternalResource$1.evaluate(ExternalResource.java:48) [junit-4.12.jar:4.12]
	at org.junit.rules.TestWatcher$1.evaluate(TestWatcher.java:55) [junit-4.12.jar:4.12]
	at org.junit.rules.RunRules.evaluate(RunRules.java:20) [junit-4.12.jar:4.12]
	at org.junit.runners.ParentRunner.runLeaf(ParentRunner.java:325) [junit-4.12.jar:4.12]
	at org.junit.runners.BlockJUnit4ClassRunner.runChild(BlockJUnit4ClassRunner.java:78) [junit-4.12.jar:4.12]
	at org.junit.runners.BlockJUnit4ClassRunner.runChild(BlockJUnit4ClassRunner.java:57) [junit-4.12.jar:4.12]
	at org.junit.runners.ParentRunner$3.run(ParentRunner.java:290) [junit-4.12.jar:4.12]
	at org.junit.runners.ParentRunner$1.schedule(ParentRunner.java:71) [junit-4.12.jar:4.12]
	at org.junit.runners.ParentRunner.runChildren(ParentRunner.java:288) [junit-4.12.jar:4.12]
	at org.junit.runners.ParentRunner.access$000(ParentRunner.java:58) [junit-4.12.jar:4.12]
	at org.junit.runners.ParentRunner$2.evaluate(ParentRunner.java:268) [junit-4.12.jar:4.12]
	at org.junit.runners.ParentRunner.run(ParentRunner.java:363) [junit-4.12.jar:4.12]
	at org.apache.maven.surefire.junit4.JUnit4Provider.execute(JUnit4Provider.java:252) [surefire-junit4-2.12.4.jar:2.12.4]
	at org.apache.maven.surefire.junit4.JUnit4Provider.executeTestSet(JUnit4Provider.java:141) [surefire-junit4-2.12.4.jar:2.12.4]
	at org.apache.maven.surefire.junit4.JUnit4Provider.invoke(JUnit4Provider.java:112) [surefire-junit4-2.12.4.jar:2.12.4]
	at sun.reflect.NativeMethodAccessorImpl.invoke0(Native Method) ~[?:1.8.0_131]
	at sun.reflect.NativeMethodAccessorImpl.invoke(NativeMethodAccessorImpl.java:62) ~[?:1.8.0_131]
	at sun.reflect.DelegatingMethodAccessorImpl.invoke(DelegatingMethodAccessorImpl.java:43) ~[?:1.8.0_131]
	at java.lang.reflect.Method.invoke(Method.java:498) ~[?:1.8.0_131]
	at org.apache.maven.surefire.util.ReflectionUtils.invokeMethodWithArray(ReflectionUtils.java:189) [surefire-api-2.12.4.jar:2.12.4]
	at org.apache.maven.surefire.booter.ProviderFactory$ProviderProxy.invoke(ProviderFactory.java:165) [surefire-booter-2.12.4.jar:2.12.4]
	at org.apache.maven.surefire.booter.ProviderFactory.invokeProvider(ProviderFactory.java:85) [surefire-booter-2.12.4.jar:2.12.4]
	at org.apache.maven.surefire.booter.ForkedBooter.runSuitesInProcess(ForkedBooter.java:115) [surefire-booter-2.12.4.jar:2.12.4]
	at org.apache.maven.surefire.booter.ForkedBooter.main(ForkedBooter.java:75) [surefire-booter-2.12.4.jar:2.12.4]
</system-out>
  </testcase>
</testsuite>